[2025-02-01T00:00:09.856+0000] {processor.py:186} INFO - Started process (PID=25076) to work on /home/airflow/.local/lib/python3.12/site-packages/airflow/example_dags/example_outlet_event_extra.py
[2025-02-01T00:00:09.857+0000] {processor.py:914} INFO - Processing file /home/airflow/.local/lib/python3.12/site-packages/airflow/example_dags/example_outlet_event_extra.py for tasks to queue
[2025-02-01T00:00:09.858+0000] {logging_mixin.py:190} INFO - [2025-02-01T00:00:09.857+0000] {dagbag.py:587} INFO - Filling up the DagBag from /home/airflow/.local/lib/python3.12/site-packages/airflow/example_dags/example_outlet_event_extra.py
[2025-02-01T00:00:09.989+0000] {processor.py:925} INFO - DAG(s) 'dataset_with_extra_by_yield', 'dataset_with_extra_from_classic_operator', 'dataset_with_extra_by_context' retrieved from /home/airflow/.local/lib/python3.12/site-packages/airflow/example_dags/example_outlet_event_extra.py
[2025-02-01T00:00:10.016+0000] {logging_mixin.py:190} INFO - [2025-02-01T00:00:10.016+0000] {dag.py:3211} INFO - Sync 3 DAGs
[2025-02-01T00:00:10.039+0000] {logging_mixin.py:190} INFO - [2025-02-01T00:00:10.039+0000] {dag.py:4138} INFO - Setting next_dagrun for dataset_with_extra_by_context to 2025-01-31 00:00:00+00:00, run_after=2025-02-01 00:00:00+00:00
[2025-02-01T00:00:10.043+0000] {logging_mixin.py:190} INFO - [2025-02-01T00:00:10.043+0000] {dag.py:4138} INFO - Setting next_dagrun for dataset_with_extra_by_yield to 2025-01-31 00:00:00+00:00, run_after=2025-02-01 00:00:00+00:00
[2025-02-01T00:00:10.046+0000] {logging_mixin.py:190} INFO - [2025-02-01T00:00:10.046+0000] {dag.py:4138} INFO - Setting next_dagrun for dataset_with_extra_from_classic_operator to 2025-01-31 00:00:00+00:00, run_after=2025-02-01 00:00:00+00:00
[2025-02-01T00:00:10.069+0000] {processor.py:208} INFO - Processing /home/airflow/.local/lib/python3.12/site-packages/airflow/example_dags/example_outlet_event_extra.py took 0.218 seconds
[2025-02-01T00:00:40.484+0000] {processor.py:186} INFO - Started process (PID=25139) to work on /home/airflow/.local/lib/python3.12/site-packages/airflow/example_dags/example_outlet_event_extra.py
[2025-02-01T00:00:40.485+0000] {processor.py:914} INFO - Processing file /home/airflow/.local/lib/python3.12/site-packages/airflow/example_dags/example_outlet_event_extra.py for tasks to queue
[2025-02-01T00:00:40.486+0000] {logging_mixin.py:190} INFO - [2025-02-01T00:00:40.486+0000] {dagbag.py:587} INFO - Filling up the DagBag from /home/airflow/.local/lib/python3.12/site-packages/airflow/example_dags/example_outlet_event_extra.py
[2025-02-01T00:00:40.611+0000] {processor.py:925} INFO - DAG(s) 'dataset_with_extra_by_yield', 'dataset_with_extra_from_classic_operator', 'dataset_with_extra_by_context' retrieved from /home/airflow/.local/lib/python3.12/site-packages/airflow/example_dags/example_outlet_event_extra.py
[2025-02-01T00:00:40.637+0000] {logging_mixin.py:190} INFO - [2025-02-01T00:00:40.637+0000] {dag.py:3211} INFO - Sync 3 DAGs
[2025-02-01T00:00:40.668+0000] {logging_mixin.py:190} INFO - [2025-02-01T00:00:40.668+0000] {dag.py:4138} INFO - Setting next_dagrun for dataset_with_extra_by_context to 2025-01-31 00:00:00+00:00, run_after=2025-02-01 00:00:00+00:00
[2025-02-01T00:00:40.673+0000] {logging_mixin.py:190} INFO - [2025-02-01T00:00:40.673+0000] {dag.py:4138} INFO - Setting next_dagrun for dataset_with_extra_by_yield to 2025-01-31 00:00:00+00:00, run_after=2025-02-01 00:00:00+00:00
[2025-02-01T00:00:40.676+0000] {logging_mixin.py:190} INFO - [2025-02-01T00:00:40.675+0000] {dag.py:4138} INFO - Setting next_dagrun for dataset_with_extra_from_classic_operator to 2025-01-31 00:00:00+00:00, run_after=2025-02-01 00:00:00+00:00
[2025-02-01T00:00:40.698+0000] {processor.py:208} INFO - Processing /home/airflow/.local/lib/python3.12/site-packages/airflow/example_dags/example_outlet_event_extra.py took 0.219 seconds
[2025-02-01T00:01:10.782+0000] {processor.py:186} INFO - Started process (PID=25202) to work on /home/airflow/.local/lib/python3.12/site-packages/airflow/example_dags/example_outlet_event_extra.py
[2025-02-01T00:01:10.783+0000] {processor.py:914} INFO - Processing file /home/airflow/.local/lib/python3.12/site-packages/airflow/example_dags/example_outlet_event_extra.py for tasks to queue
[2025-02-01T00:01:10.784+0000] {logging_mixin.py:190} INFO - [2025-02-01T00:01:10.784+0000] {dagbag.py:587} INFO - Filling up the DagBag from /home/airflow/.local/lib/python3.12/site-packages/airflow/example_dags/example_outlet_event_extra.py
[2025-02-01T00:01:10.919+0000] {processor.py:925} INFO - DAG(s) 'dataset_with_extra_by_yield', 'dataset_with_extra_by_context', 'dataset_with_extra_from_classic_operator' retrieved from /home/airflow/.local/lib/python3.12/site-packages/airflow/example_dags/example_outlet_event_extra.py
[2025-02-01T00:01:10.943+0000] {logging_mixin.py:190} INFO - [2025-02-01T00:01:10.942+0000] {dag.py:3211} INFO - Sync 3 DAGs
[2025-02-01T00:01:10.967+0000] {logging_mixin.py:190} INFO - [2025-02-01T00:01:10.966+0000] {dag.py:4138} INFO - Setting next_dagrun for dataset_with_extra_by_context to 2025-01-31 00:00:00+00:00, run_after=2025-02-01 00:00:00+00:00
[2025-02-01T00:01:10.971+0000] {logging_mixin.py:190} INFO - [2025-02-01T00:01:10.971+0000] {dag.py:4138} INFO - Setting next_dagrun for dataset_with_extra_by_yield to 2025-01-31 00:00:00+00:00, run_after=2025-02-01 00:00:00+00:00
[2025-02-01T00:01:10.974+0000] {logging_mixin.py:190} INFO - [2025-02-01T00:01:10.974+0000] {dag.py:4138} INFO - Setting next_dagrun for dataset_with_extra_from_classic_operator to 2025-01-31 00:00:00+00:00, run_after=2025-02-01 00:00:00+00:00
[2025-02-01T00:01:10.999+0000] {processor.py:208} INFO - Processing /home/airflow/.local/lib/python3.12/site-packages/airflow/example_dags/example_outlet_event_extra.py took 0.223 seconds
[2025-02-01T00:01:41.058+0000] {processor.py:186} INFO - Started process (PID=25267) to work on /home/airflow/.local/lib/python3.12/site-packages/airflow/example_dags/example_outlet_event_extra.py
[2025-02-01T00:01:41.059+0000] {processor.py:914} INFO - Processing file /home/airflow/.local/lib/python3.12/site-packages/airflow/example_dags/example_outlet_event_extra.py for tasks to queue
[2025-02-01T00:01:41.060+0000] {logging_mixin.py:190} INFO - [2025-02-01T00:01:41.060+0000] {dagbag.py:587} INFO - Filling up the DagBag from /home/airflow/.local/lib/python3.12/site-packages/airflow/example_dags/example_outlet_event_extra.py
[2025-02-01T00:01:41.181+0000] {processor.py:925} INFO - DAG(s) 'dataset_with_extra_by_yield', 'dataset_with_extra_from_classic_operator', 'dataset_with_extra_by_context' retrieved from /home/airflow/.local/lib/python3.12/site-packages/airflow/example_dags/example_outlet_event_extra.py
[2025-02-01T00:01:41.207+0000] {logging_mixin.py:190} INFO - [2025-02-01T00:01:41.206+0000] {dag.py:3211} INFO - Sync 3 DAGs
[2025-02-01T00:01:41.230+0000] {logging_mixin.py:190} INFO - [2025-02-01T00:01:41.230+0000] {dag.py:4138} INFO - Setting next_dagrun for dataset_with_extra_by_context to 2025-01-31 00:00:00+00:00, run_after=2025-02-01 00:00:00+00:00
[2025-02-01T00:01:41.235+0000] {logging_mixin.py:190} INFO - [2025-02-01T00:01:41.235+0000] {dag.py:4138} INFO - Setting next_dagrun for dataset_with_extra_by_yield to 2025-01-31 00:00:00+00:00, run_after=2025-02-01 00:00:00+00:00
[2025-02-01T00:01:41.238+0000] {logging_mixin.py:190} INFO - [2025-02-01T00:01:41.238+0000] {dag.py:4138} INFO - Setting next_dagrun for dataset_with_extra_from_classic_operator to 2025-01-31 00:00:00+00:00, run_after=2025-02-01 00:00:00+00:00
[2025-02-01T00:01:41.339+0000] {processor.py:208} INFO - Processing /home/airflow/.local/lib/python3.12/site-packages/airflow/example_dags/example_outlet_event_extra.py took 0.286 seconds
[2025-02-01T00:02:12.317+0000] {processor.py:186} INFO - Started process (PID=25330) to work on /home/airflow/.local/lib/python3.12/site-packages/airflow/example_dags/example_outlet_event_extra.py
[2025-02-01T00:02:12.318+0000] {processor.py:914} INFO - Processing file /home/airflow/.local/lib/python3.12/site-packages/airflow/example_dags/example_outlet_event_extra.py for tasks to queue
[2025-02-01T00:02:12.319+0000] {logging_mixin.py:190} INFO - [2025-02-01T00:02:12.319+0000] {dagbag.py:587} INFO - Filling up the DagBag from /home/airflow/.local/lib/python3.12/site-packages/airflow/example_dags/example_outlet_event_extra.py
[2025-02-01T00:02:12.438+0000] {processor.py:925} INFO - DAG(s) 'dataset_with_extra_by_yield', 'dataset_with_extra_from_classic_operator', 'dataset_with_extra_by_context' retrieved from /home/airflow/.local/lib/python3.12/site-packages/airflow/example_dags/example_outlet_event_extra.py
[2025-02-01T00:02:12.459+0000] {logging_mixin.py:190} INFO - [2025-02-01T00:02:12.459+0000] {dag.py:3211} INFO - Sync 3 DAGs
[2025-02-01T00:02:12.481+0000] {logging_mixin.py:190} INFO - [2025-02-01T00:02:12.481+0000] {dag.py:4138} INFO - Setting next_dagrun for dataset_with_extra_by_context to 2025-01-31 00:00:00+00:00, run_after=2025-02-01 00:00:00+00:00
[2025-02-01T00:02:12.485+0000] {logging_mixin.py:190} INFO - [2025-02-01T00:02:12.485+0000] {dag.py:4138} INFO - Setting next_dagrun for dataset_with_extra_by_yield to 2025-01-31 00:00:00+00:00, run_after=2025-02-01 00:00:00+00:00
[2025-02-01T00:02:12.487+0000] {logging_mixin.py:190} INFO - [2025-02-01T00:02:12.487+0000] {dag.py:4138} INFO - Setting next_dagrun for dataset_with_extra_from_classic_operator to 2025-01-31 00:00:00+00:00, run_after=2025-02-01 00:00:00+00:00
[2025-02-01T00:02:12.508+0000] {processor.py:208} INFO - Processing /home/airflow/.local/lib/python3.12/site-packages/airflow/example_dags/example_outlet_event_extra.py took 0.196 seconds
[2025-02-01T00:02:42.552+0000] {processor.py:186} INFO - Started process (PID=25393) to work on /home/airflow/.local/lib/python3.12/site-packages/airflow/example_dags/example_outlet_event_extra.py
[2025-02-01T00:02:42.553+0000] {processor.py:914} INFO - Processing file /home/airflow/.local/lib/python3.12/site-packages/airflow/example_dags/example_outlet_event_extra.py for tasks to queue
[2025-02-01T00:02:42.554+0000] {logging_mixin.py:190} INFO - [2025-02-01T00:02:42.554+0000] {dagbag.py:587} INFO - Filling up the DagBag from /home/airflow/.local/lib/python3.12/site-packages/airflow/example_dags/example_outlet_event_extra.py
[2025-02-01T00:02:42.685+0000] {processor.py:925} INFO - DAG(s) 'dataset_with_extra_from_classic_operator', 'dataset_with_extra_by_yield', 'dataset_with_extra_by_context' retrieved from /home/airflow/.local/lib/python3.12/site-packages/airflow/example_dags/example_outlet_event_extra.py
[2025-02-01T00:02:42.711+0000] {logging_mixin.py:190} INFO - [2025-02-01T00:02:42.711+0000] {dag.py:3211} INFO - Sync 3 DAGs
[2025-02-01T00:02:42.736+0000] {logging_mixin.py:190} INFO - [2025-02-01T00:02:42.736+0000] {dag.py:4138} INFO - Setting next_dagrun for dataset_with_extra_by_context to 2025-01-31 00:00:00+00:00, run_after=2025-02-01 00:00:00+00:00
[2025-02-01T00:02:42.741+0000] {logging_mixin.py:190} INFO - [2025-02-01T00:02:42.741+0000] {dag.py:4138} INFO - Setting next_dagrun for dataset_with_extra_by_yield to 2025-01-31 00:00:00+00:00, run_after=2025-02-01 00:00:00+00:00
[2025-02-01T00:02:42.744+0000] {logging_mixin.py:190} INFO - [2025-02-01T00:02:42.744+0000] {dag.py:4138} INFO - Setting next_dagrun for dataset_with_extra_from_classic_operator to 2025-01-31 00:00:00+00:00, run_after=2025-02-01 00:00:00+00:00
[2025-02-01T00:02:42.766+0000] {processor.py:208} INFO - Processing /home/airflow/.local/lib/python3.12/site-packages/airflow/example_dags/example_outlet_event_extra.py took 0.219 seconds
[2025-02-01T00:03:12.877+0000] {processor.py:186} INFO - Started process (PID=25457) to work on /home/airflow/.local/lib/python3.12/site-packages/airflow/example_dags/example_outlet_event_extra.py
[2025-02-01T00:03:12.878+0000] {processor.py:914} INFO - Processing file /home/airflow/.local/lib/python3.12/site-packages/airflow/example_dags/example_outlet_event_extra.py for tasks to queue
[2025-02-01T00:03:12.879+0000] {logging_mixin.py:190} INFO - [2025-02-01T00:03:12.879+0000] {dagbag.py:587} INFO - Filling up the DagBag from /home/airflow/.local/lib/python3.12/site-packages/airflow/example_dags/example_outlet_event_extra.py
[2025-02-01T00:03:12.999+0000] {processor.py:925} INFO - DAG(s) 'dataset_with_extra_from_classic_operator', 'dataset_with_extra_by_context', 'dataset_with_extra_by_yield' retrieved from /home/airflow/.local/lib/python3.12/site-packages/airflow/example_dags/example_outlet_event_extra.py
[2025-02-01T00:03:13.021+0000] {logging_mixin.py:190} INFO - [2025-02-01T00:03:13.020+0000] {dag.py:3211} INFO - Sync 3 DAGs
[2025-02-01T00:03:13.044+0000] {logging_mixin.py:190} INFO - [2025-02-01T00:03:13.043+0000] {dag.py:4138} INFO - Setting next_dagrun for dataset_with_extra_by_context to 2025-01-31 00:00:00+00:00, run_after=2025-02-01 00:00:00+00:00
[2025-02-01T00:03:13.048+0000] {logging_mixin.py:190} INFO - [2025-02-01T00:03:13.048+0000] {dag.py:4138} INFO - Setting next_dagrun for dataset_with_extra_by_yield to 2025-01-31 00:00:00+00:00, run_after=2025-02-01 00:00:00+00:00
[2025-02-01T00:03:13.050+0000] {logging_mixin.py:190} INFO - [2025-02-01T00:03:13.050+0000] {dag.py:4138} INFO - Setting next_dagrun for dataset_with_extra_from_classic_operator to 2025-01-31 00:00:00+00:00, run_after=2025-02-01 00:00:00+00:00
[2025-02-01T00:03:13.071+0000] {processor.py:208} INFO - Processing /home/airflow/.local/lib/python3.12/site-packages/airflow/example_dags/example_outlet_event_extra.py took 0.198 seconds
[2025-02-01T00:03:43.121+0000] {processor.py:186} INFO - Started process (PID=25521) to work on /home/airflow/.local/lib/python3.12/site-packages/airflow/example_dags/example_outlet_event_extra.py
[2025-02-01T00:03:43.122+0000] {processor.py:914} INFO - Processing file /home/airflow/.local/lib/python3.12/site-packages/airflow/example_dags/example_outlet_event_extra.py for tasks to queue
[2025-02-01T00:03:43.123+0000] {logging_mixin.py:190} INFO - [2025-02-01T00:03:43.123+0000] {dagbag.py:587} INFO - Filling up the DagBag from /home/airflow/.local/lib/python3.12/site-packages/airflow/example_dags/example_outlet_event_extra.py
[2025-02-01T00:03:43.236+0000] {processor.py:925} INFO - DAG(s) 'dataset_with_extra_by_yield', 'dataset_with_extra_by_context', 'dataset_with_extra_from_classic_operator' retrieved from /home/airflow/.local/lib/python3.12/site-packages/airflow/example_dags/example_outlet_event_extra.py
[2025-02-01T00:03:43.256+0000] {logging_mixin.py:190} INFO - [2025-02-01T00:03:43.256+0000] {dag.py:3211} INFO - Sync 3 DAGs
[2025-02-01T00:03:43.279+0000] {logging_mixin.py:190} INFO - [2025-02-01T00:03:43.279+0000] {dag.py:4138} INFO - Setting next_dagrun for dataset_with_extra_by_context to 2025-01-31 00:00:00+00:00, run_after=2025-02-01 00:00:00+00:00
[2025-02-01T00:03:43.283+0000] {logging_mixin.py:190} INFO - [2025-02-01T00:03:43.283+0000] {dag.py:4138} INFO - Setting next_dagrun for dataset_with_extra_by_yield to 2025-01-31 00:00:00+00:00, run_after=2025-02-01 00:00:00+00:00
[2025-02-01T00:03:43.285+0000] {logging_mixin.py:190} INFO - [2025-02-01T00:03:43.285+0000] {dag.py:4138} INFO - Setting next_dagrun for dataset_with_extra_from_classic_operator to 2025-01-31 00:00:00+00:00, run_after=2025-02-01 00:00:00+00:00
[2025-02-01T00:03:43.303+0000] {processor.py:208} INFO - Processing /home/airflow/.local/lib/python3.12/site-packages/airflow/example_dags/example_outlet_event_extra.py took 0.187 seconds
[2025-02-01T00:04:13.421+0000] {processor.py:186} INFO - Started process (PID=25585) to work on /home/airflow/.local/lib/python3.12/site-packages/airflow/example_dags/example_outlet_event_extra.py
[2025-02-01T00:04:13.422+0000] {processor.py:914} INFO - Processing file /home/airflow/.local/lib/python3.12/site-packages/airflow/example_dags/example_outlet_event_extra.py for tasks to queue
[2025-02-01T00:04:13.423+0000] {logging_mixin.py:190} INFO - [2025-02-01T00:04:13.423+0000] {dagbag.py:587} INFO - Filling up the DagBag from /home/airflow/.local/lib/python3.12/site-packages/airflow/example_dags/example_outlet_event_extra.py
[2025-02-01T00:04:13.538+0000] {processor.py:925} INFO - DAG(s) 'dataset_with_extra_from_classic_operator', 'dataset_with_extra_by_yield', 'dataset_with_extra_by_context' retrieved from /home/airflow/.local/lib/python3.12/site-packages/airflow/example_dags/example_outlet_event_extra.py
[2025-02-01T00:04:13.559+0000] {logging_mixin.py:190} INFO - [2025-02-01T00:04:13.559+0000] {dag.py:3211} INFO - Sync 3 DAGs
[2025-02-01T00:04:13.581+0000] {logging_mixin.py:190} INFO - [2025-02-01T00:04:13.580+0000] {dag.py:4138} INFO - Setting next_dagrun for dataset_with_extra_by_context to 2025-01-31 00:00:00+00:00, run_after=2025-02-01 00:00:00+00:00
[2025-02-01T00:04:13.584+0000] {logging_mixin.py:190} INFO - [2025-02-01T00:04:13.584+0000] {dag.py:4138} INFO - Setting next_dagrun for dataset_with_extra_by_yield to 2025-01-31 00:00:00+00:00, run_after=2025-02-01 00:00:00+00:00
[2025-02-01T00:04:13.587+0000] {logging_mixin.py:190} INFO - [2025-02-01T00:04:13.587+0000] {dag.py:4138} INFO - Setting next_dagrun for dataset_with_extra_from_classic_operator to 2025-01-31 00:00:00+00:00, run_after=2025-02-01 00:00:00+00:00
[2025-02-01T00:04:13.605+0000] {processor.py:208} INFO - Processing /home/airflow/.local/lib/python3.12/site-packages/airflow/example_dags/example_outlet_event_extra.py took 0.188 seconds
[2025-02-01T00:04:43.684+0000] {processor.py:186} INFO - Started process (PID=25649) to work on /home/airflow/.local/lib/python3.12/site-packages/airflow/example_dags/example_outlet_event_extra.py
[2025-02-01T00:04:43.684+0000] {processor.py:914} INFO - Processing file /home/airflow/.local/lib/python3.12/site-packages/airflow/example_dags/example_outlet_event_extra.py for tasks to queue
[2025-02-01T00:04:43.686+0000] {logging_mixin.py:190} INFO - [2025-02-01T00:04:43.685+0000] {dagbag.py:587} INFO - Filling up the DagBag from /home/airflow/.local/lib/python3.12/site-packages/airflow/example_dags/example_outlet_event_extra.py
[2025-02-01T00:04:43.795+0000] {processor.py:925} INFO - DAG(s) 'dataset_with_extra_from_classic_operator', 'dataset_with_extra_by_context', 'dataset_with_extra_by_yield' retrieved from /home/airflow/.local/lib/python3.12/site-packages/airflow/example_dags/example_outlet_event_extra.py
[2025-02-01T00:04:43.817+0000] {logging_mixin.py:190} INFO - [2025-02-01T00:04:43.817+0000] {dag.py:3211} INFO - Sync 3 DAGs
[2025-02-01T00:04:43.837+0000] {logging_mixin.py:190} INFO - [2025-02-01T00:04:43.837+0000] {dag.py:4138} INFO - Setting next_dagrun for dataset_with_extra_by_context to 2025-01-31 00:00:00+00:00, run_after=2025-02-01 00:00:00+00:00
[2025-02-01T00:04:43.841+0000] {logging_mixin.py:190} INFO - [2025-02-01T00:04:43.841+0000] {dag.py:4138} INFO - Setting next_dagrun for dataset_with_extra_by_yield to 2025-01-31 00:00:00+00:00, run_after=2025-02-01 00:00:00+00:00
[2025-02-01T00:04:43.843+0000] {logging_mixin.py:190} INFO - [2025-02-01T00:04:43.843+0000] {dag.py:4138} INFO - Setting next_dagrun for dataset_with_extra_from_classic_operator to 2025-01-31 00:00:00+00:00, run_after=2025-02-01 00:00:00+00:00
[2025-02-01T00:04:43.861+0000] {processor.py:208} INFO - Processing /home/airflow/.local/lib/python3.12/site-packages/airflow/example_dags/example_outlet_event_extra.py took 0.182 seconds
[2025-02-01T00:05:13.964+0000] {processor.py:186} INFO - Started process (PID=25712) to work on /home/airflow/.local/lib/python3.12/site-packages/airflow/example_dags/example_outlet_event_extra.py
[2025-02-01T00:05:13.966+0000] {processor.py:914} INFO - Processing file /home/airflow/.local/lib/python3.12/site-packages/airflow/example_dags/example_outlet_event_extra.py for tasks to queue
[2025-02-01T00:05:13.967+0000] {logging_mixin.py:190} INFO - [2025-02-01T00:05:13.967+0000] {dagbag.py:587} INFO - Filling up the DagBag from /home/airflow/.local/lib/python3.12/site-packages/airflow/example_dags/example_outlet_event_extra.py
[2025-02-01T00:05:14.086+0000] {processor.py:925} INFO - DAG(s) 'dataset_with_extra_by_yield', 'dataset_with_extra_from_classic_operator', 'dataset_with_extra_by_context' retrieved from /home/airflow/.local/lib/python3.12/site-packages/airflow/example_dags/example_outlet_event_extra.py
[2025-02-01T00:05:14.109+0000] {logging_mixin.py:190} INFO - [2025-02-01T00:05:14.109+0000] {dag.py:3211} INFO - Sync 3 DAGs
[2025-02-01T00:05:14.130+0000] {logging_mixin.py:190} INFO - [2025-02-01T00:05:14.130+0000] {dag.py:4138} INFO - Setting next_dagrun for dataset_with_extra_by_context to 2025-01-31 00:00:00+00:00, run_after=2025-02-01 00:00:00+00:00
[2025-02-01T00:05:14.134+0000] {logging_mixin.py:190} INFO - [2025-02-01T00:05:14.134+0000] {dag.py:4138} INFO - Setting next_dagrun for dataset_with_extra_by_yield to 2025-01-31 00:00:00+00:00, run_after=2025-02-01 00:00:00+00:00
[2025-02-01T00:05:14.137+0000] {logging_mixin.py:190} INFO - [2025-02-01T00:05:14.137+0000] {dag.py:4138} INFO - Setting next_dagrun for dataset_with_extra_from_classic_operator to 2025-01-31 00:00:00+00:00, run_after=2025-02-01 00:00:00+00:00
[2025-02-01T00:05:14.157+0000] {processor.py:208} INFO - Processing /home/airflow/.local/lib/python3.12/site-packages/airflow/example_dags/example_outlet_event_extra.py took 0.198 seconds
[2025-02-01T00:05:44.332+0000] {processor.py:186} INFO - Started process (PID=25775) to work on /home/airflow/.local/lib/python3.12/site-packages/airflow/example_dags/example_outlet_event_extra.py
[2025-02-01T00:05:44.333+0000] {processor.py:914} INFO - Processing file /home/airflow/.local/lib/python3.12/site-packages/airflow/example_dags/example_outlet_event_extra.py for tasks to queue
[2025-02-01T00:05:44.335+0000] {logging_mixin.py:190} INFO - [2025-02-01T00:05:44.335+0000] {dagbag.py:587} INFO - Filling up the DagBag from /home/airflow/.local/lib/python3.12/site-packages/airflow/example_dags/example_outlet_event_extra.py
[2025-02-01T00:05:44.464+0000] {processor.py:925} INFO - DAG(s) 'dataset_with_extra_from_classic_operator', 'dataset_with_extra_by_context', 'dataset_with_extra_by_yield' retrieved from /home/airflow/.local/lib/python3.12/site-packages/airflow/example_dags/example_outlet_event_extra.py
[2025-02-01T00:05:44.487+0000] {logging_mixin.py:190} INFO - [2025-02-01T00:05:44.487+0000] {dag.py:3211} INFO - Sync 3 DAGs
[2025-02-01T00:05:44.508+0000] {logging_mixin.py:190} INFO - [2025-02-01T00:05:44.508+0000] {dag.py:4138} INFO - Setting next_dagrun for dataset_with_extra_by_context to 2025-01-31 00:00:00+00:00, run_after=2025-02-01 00:00:00+00:00
[2025-02-01T00:05:44.512+0000] {logging_mixin.py:190} INFO - [2025-02-01T00:05:44.512+0000] {dag.py:4138} INFO - Setting next_dagrun for dataset_with_extra_by_yield to 2025-01-31 00:00:00+00:00, run_after=2025-02-01 00:00:00+00:00
[2025-02-01T00:05:44.515+0000] {logging_mixin.py:190} INFO - [2025-02-01T00:05:44.514+0000] {dag.py:4138} INFO - Setting next_dagrun for dataset_with_extra_from_classic_operator to 2025-01-31 00:00:00+00:00, run_after=2025-02-01 00:00:00+00:00
[2025-02-01T00:05:44.535+0000] {processor.py:208} INFO - Processing /home/airflow/.local/lib/python3.12/site-packages/airflow/example_dags/example_outlet_event_extra.py took 0.207 seconds
[2025-02-01T00:06:15.453+0000] {processor.py:186} INFO - Started process (PID=25838) to work on /home/airflow/.local/lib/python3.12/site-packages/airflow/example_dags/example_outlet_event_extra.py
[2025-02-01T00:06:15.454+0000] {processor.py:914} INFO - Processing file /home/airflow/.local/lib/python3.12/site-packages/airflow/example_dags/example_outlet_event_extra.py for tasks to queue
[2025-02-01T00:06:15.456+0000] {logging_mixin.py:190} INFO - [2025-02-01T00:06:15.455+0000] {dagbag.py:587} INFO - Filling up the DagBag from /home/airflow/.local/lib/python3.12/site-packages/airflow/example_dags/example_outlet_event_extra.py
[2025-02-01T00:06:15.572+0000] {processor.py:925} INFO - DAG(s) 'dataset_with_extra_by_context', 'dataset_with_extra_from_classic_operator', 'dataset_with_extra_by_yield' retrieved from /home/airflow/.local/lib/python3.12/site-packages/airflow/example_dags/example_outlet_event_extra.py
[2025-02-01T00:06:15.593+0000] {logging_mixin.py:190} INFO - [2025-02-01T00:06:15.593+0000] {dag.py:3211} INFO - Sync 3 DAGs
[2025-02-01T00:06:15.618+0000] {logging_mixin.py:190} INFO - [2025-02-01T00:06:15.617+0000] {dag.py:4138} INFO - Setting next_dagrun for dataset_with_extra_by_context to 2025-01-31 00:00:00+00:00, run_after=2025-02-01 00:00:00+00:00
[2025-02-01T00:06:15.622+0000] {logging_mixin.py:190} INFO - [2025-02-01T00:06:15.622+0000] {dag.py:4138} INFO - Setting next_dagrun for dataset_with_extra_by_yield to 2025-01-31 00:00:00+00:00, run_after=2025-02-01 00:00:00+00:00
[2025-02-01T00:06:15.625+0000] {logging_mixin.py:190} INFO - [2025-02-01T00:06:15.625+0000] {dag.py:4138} INFO - Setting next_dagrun for dataset_with_extra_from_classic_operator to 2025-01-31 00:00:00+00:00, run_after=2025-02-01 00:00:00+00:00
[2025-02-01T00:06:15.647+0000] {processor.py:208} INFO - Processing /home/airflow/.local/lib/python3.12/site-packages/airflow/example_dags/example_outlet_event_extra.py took 0.199 seconds
[2025-02-01T00:06:45.788+0000] {processor.py:186} INFO - Started process (PID=25901) to work on /home/airflow/.local/lib/python3.12/site-packages/airflow/example_dags/example_outlet_event_extra.py
[2025-02-01T00:06:45.788+0000] {processor.py:914} INFO - Processing file /home/airflow/.local/lib/python3.12/site-packages/airflow/example_dags/example_outlet_event_extra.py for tasks to queue
[2025-02-01T00:06:45.789+0000] {logging_mixin.py:190} INFO - [2025-02-01T00:06:45.789+0000] {dagbag.py:587} INFO - Filling up the DagBag from /home/airflow/.local/lib/python3.12/site-packages/airflow/example_dags/example_outlet_event_extra.py
[2025-02-01T00:06:45.912+0000] {processor.py:925} INFO - DAG(s) 'dataset_with_extra_by_context', 'dataset_with_extra_by_yield', 'dataset_with_extra_from_classic_operator' retrieved from /home/airflow/.local/lib/python3.12/site-packages/airflow/example_dags/example_outlet_event_extra.py
[2025-02-01T00:06:45.939+0000] {logging_mixin.py:190} INFO - [2025-02-01T00:06:45.939+0000] {dag.py:3211} INFO - Sync 3 DAGs
[2025-02-01T00:06:45.965+0000] {logging_mixin.py:190} INFO - [2025-02-01T00:06:45.965+0000] {dag.py:4138} INFO - Setting next_dagrun for dataset_with_extra_by_context to 2025-01-31 00:00:00+00:00, run_after=2025-02-01 00:00:00+00:00
[2025-02-01T00:06:45.970+0000] {logging_mixin.py:190} INFO - [2025-02-01T00:06:45.970+0000] {dag.py:4138} INFO - Setting next_dagrun for dataset_with_extra_by_yield to 2025-01-31 00:00:00+00:00, run_after=2025-02-01 00:00:00+00:00
[2025-02-01T00:06:45.972+0000] {logging_mixin.py:190} INFO - [2025-02-01T00:06:45.972+0000] {dag.py:4138} INFO - Setting next_dagrun for dataset_with_extra_from_classic_operator to 2025-01-31 00:00:00+00:00, run_after=2025-02-01 00:00:00+00:00
[2025-02-01T00:06:45.993+0000] {processor.py:208} INFO - Processing /home/airflow/.local/lib/python3.12/site-packages/airflow/example_dags/example_outlet_event_extra.py took 0.211 seconds
[2025-02-01T00:07:16.151+0000] {processor.py:186} INFO - Started process (PID=25965) to work on /home/airflow/.local/lib/python3.12/site-packages/airflow/example_dags/example_outlet_event_extra.py
[2025-02-01T00:07:16.152+0000] {processor.py:914} INFO - Processing file /home/airflow/.local/lib/python3.12/site-packages/airflow/example_dags/example_outlet_event_extra.py for tasks to queue
[2025-02-01T00:07:16.153+0000] {logging_mixin.py:190} INFO - [2025-02-01T00:07:16.152+0000] {dagbag.py:587} INFO - Filling up the DagBag from /home/airflow/.local/lib/python3.12/site-packages/airflow/example_dags/example_outlet_event_extra.py
[2025-02-01T00:07:16.271+0000] {processor.py:925} INFO - DAG(s) 'dataset_with_extra_by_yield', 'dataset_with_extra_by_context', 'dataset_with_extra_from_classic_operator' retrieved from /home/airflow/.local/lib/python3.12/site-packages/airflow/example_dags/example_outlet_event_extra.py
[2025-02-01T00:07:16.293+0000] {logging_mixin.py:190} INFO - [2025-02-01T00:07:16.293+0000] {dag.py:3211} INFO - Sync 3 DAGs
[2025-02-01T00:07:16.317+0000] {logging_mixin.py:190} INFO - [2025-02-01T00:07:16.317+0000] {dag.py:4138} INFO - Setting next_dagrun for dataset_with_extra_by_context to 2025-01-31 00:00:00+00:00, run_after=2025-02-01 00:00:00+00:00
[2025-02-01T00:07:16.322+0000] {logging_mixin.py:190} INFO - [2025-02-01T00:07:16.321+0000] {dag.py:4138} INFO - Setting next_dagrun for dataset_with_extra_by_yield to 2025-01-31 00:00:00+00:00, run_after=2025-02-01 00:00:00+00:00
[2025-02-01T00:07:16.324+0000] {logging_mixin.py:190} INFO - [2025-02-01T00:07:16.324+0000] {dag.py:4138} INFO - Setting next_dagrun for dataset_with_extra_from_classic_operator to 2025-01-31 00:00:00+00:00, run_after=2025-02-01 00:00:00+00:00
[2025-02-01T00:07:16.415+0000] {processor.py:208} INFO - Processing /home/airflow/.local/lib/python3.12/site-packages/airflow/example_dags/example_outlet_event_extra.py took 0.269 seconds
[2025-02-01T00:07:46.466+0000] {processor.py:186} INFO - Started process (PID=26029) to work on /home/airflow/.local/lib/python3.12/site-packages/airflow/example_dags/example_outlet_event_extra.py
[2025-02-01T00:07:46.466+0000] {processor.py:914} INFO - Processing file /home/airflow/.local/lib/python3.12/site-packages/airflow/example_dags/example_outlet_event_extra.py for tasks to queue
[2025-02-01T00:07:46.467+0000] {logging_mixin.py:190} INFO - [2025-02-01T00:07:46.467+0000] {dagbag.py:587} INFO - Filling up the DagBag from /home/airflow/.local/lib/python3.12/site-packages/airflow/example_dags/example_outlet_event_extra.py
[2025-02-01T00:07:46.589+0000] {processor.py:925} INFO - DAG(s) 'dataset_with_extra_from_classic_operator', 'dataset_with_extra_by_context', 'dataset_with_extra_by_yield' retrieved from /home/airflow/.local/lib/python3.12/site-packages/airflow/example_dags/example_outlet_event_extra.py
[2025-02-01T00:07:46.612+0000] {logging_mixin.py:190} INFO - [2025-02-01T00:07:46.611+0000] {dag.py:3211} INFO - Sync 3 DAGs
[2025-02-01T00:07:46.635+0000] {logging_mixin.py:190} INFO - [2025-02-01T00:07:46.635+0000] {dag.py:4138} INFO - Setting next_dagrun for dataset_with_extra_by_context to 2025-01-31 00:00:00+00:00, run_after=2025-02-01 00:00:00+00:00
[2025-02-01T00:07:46.640+0000] {logging_mixin.py:190} INFO - [2025-02-01T00:07:46.640+0000] {dag.py:4138} INFO - Setting next_dagrun for dataset_with_extra_by_yield to 2025-01-31 00:00:00+00:00, run_after=2025-02-01 00:00:00+00:00
[2025-02-01T00:07:46.642+0000] {logging_mixin.py:190} INFO - [2025-02-01T00:07:46.642+0000] {dag.py:4138} INFO - Setting next_dagrun for dataset_with_extra_from_classic_operator to 2025-01-31 00:00:00+00:00, run_after=2025-02-01 00:00:00+00:00
[2025-02-01T00:07:46.663+0000] {processor.py:208} INFO - Processing /home/airflow/.local/lib/python3.12/site-packages/airflow/example_dags/example_outlet_event_extra.py took 0.202 seconds
[2025-02-01T00:08:16.854+0000] {processor.py:186} INFO - Started process (PID=26093) to work on /home/airflow/.local/lib/python3.12/site-packages/airflow/example_dags/example_outlet_event_extra.py
[2025-02-01T00:08:16.855+0000] {processor.py:914} INFO - Processing file /home/airflow/.local/lib/python3.12/site-packages/airflow/example_dags/example_outlet_event_extra.py for tasks to queue
[2025-02-01T00:08:16.856+0000] {logging_mixin.py:190} INFO - [2025-02-01T00:08:16.856+0000] {dagbag.py:587} INFO - Filling up the DagBag from /home/airflow/.local/lib/python3.12/site-packages/airflow/example_dags/example_outlet_event_extra.py
[2025-02-01T00:08:16.981+0000] {processor.py:925} INFO - DAG(s) 'dataset_with_extra_from_classic_operator', 'dataset_with_extra_by_context', 'dataset_with_extra_by_yield' retrieved from /home/airflow/.local/lib/python3.12/site-packages/airflow/example_dags/example_outlet_event_extra.py
[2025-02-01T00:08:17.006+0000] {logging_mixin.py:190} INFO - [2025-02-01T00:08:17.005+0000] {dag.py:3211} INFO - Sync 3 DAGs
[2025-02-01T00:08:17.028+0000] {logging_mixin.py:190} INFO - [2025-02-01T00:08:17.027+0000] {dag.py:4138} INFO - Setting next_dagrun for dataset_with_extra_by_context to 2025-01-31 00:00:00+00:00, run_after=2025-02-01 00:00:00+00:00
[2025-02-01T00:08:17.032+0000] {logging_mixin.py:190} INFO - [2025-02-01T00:08:17.032+0000] {dag.py:4138} INFO - Setting next_dagrun for dataset_with_extra_by_yield to 2025-01-31 00:00:00+00:00, run_after=2025-02-01 00:00:00+00:00
[2025-02-01T00:08:17.034+0000] {logging_mixin.py:190} INFO - [2025-02-01T00:08:17.034+0000] {dag.py:4138} INFO - Setting next_dagrun for dataset_with_extra_from_classic_operator to 2025-01-31 00:00:00+00:00, run_after=2025-02-01 00:00:00+00:00
[2025-02-01T00:08:17.057+0000] {processor.py:208} INFO - Processing /home/airflow/.local/lib/python3.12/site-packages/airflow/example_dags/example_outlet_event_extra.py took 0.208 seconds
[2025-02-01T00:08:47.097+0000] {processor.py:186} INFO - Started process (PID=26156) to work on /home/airflow/.local/lib/python3.12/site-packages/airflow/example_dags/example_outlet_event_extra.py
[2025-02-01T00:08:47.098+0000] {processor.py:914} INFO - Processing file /home/airflow/.local/lib/python3.12/site-packages/airflow/example_dags/example_outlet_event_extra.py for tasks to queue
[2025-02-01T00:08:47.100+0000] {logging_mixin.py:190} INFO - [2025-02-01T00:08:47.099+0000] {dagbag.py:587} INFO - Filling up the DagBag from /home/airflow/.local/lib/python3.12/site-packages/airflow/example_dags/example_outlet_event_extra.py
[2025-02-01T00:08:47.220+0000] {processor.py:925} INFO - DAG(s) 'dataset_with_extra_from_classic_operator', 'dataset_with_extra_by_context', 'dataset_with_extra_by_yield' retrieved from /home/airflow/.local/lib/python3.12/site-packages/airflow/example_dags/example_outlet_event_extra.py
[2025-02-01T00:08:47.243+0000] {logging_mixin.py:190} INFO - [2025-02-01T00:08:47.243+0000] {dag.py:3211} INFO - Sync 3 DAGs
[2025-02-01T00:08:47.264+0000] {logging_mixin.py:190} INFO - [2025-02-01T00:08:47.264+0000] {dag.py:4138} INFO - Setting next_dagrun for dataset_with_extra_by_context to 2025-01-31 00:00:00+00:00, run_after=2025-02-01 00:00:00+00:00
[2025-02-01T00:08:47.268+0000] {logging_mixin.py:190} INFO - [2025-02-01T00:08:47.268+0000] {dag.py:4138} INFO - Setting next_dagrun for dataset_with_extra_by_yield to 2025-01-31 00:00:00+00:00, run_after=2025-02-01 00:00:00+00:00
[2025-02-01T00:08:47.271+0000] {logging_mixin.py:190} INFO - [2025-02-01T00:08:47.271+0000] {dag.py:4138} INFO - Setting next_dagrun for dataset_with_extra_from_classic_operator to 2025-01-31 00:00:00+00:00, run_after=2025-02-01 00:00:00+00:00
[2025-02-01T00:08:47.290+0000] {processor.py:208} INFO - Processing /home/airflow/.local/lib/python3.12/site-packages/airflow/example_dags/example_outlet_event_extra.py took 0.197 seconds
[2025-02-01T00:09:17.554+0000] {processor.py:186} INFO - Started process (PID=26219) to work on /home/airflow/.local/lib/python3.12/site-packages/airflow/example_dags/example_outlet_event_extra.py
[2025-02-01T00:09:17.555+0000] {processor.py:914} INFO - Processing file /home/airflow/.local/lib/python3.12/site-packages/airflow/example_dags/example_outlet_event_extra.py for tasks to queue
[2025-02-01T00:09:17.556+0000] {logging_mixin.py:190} INFO - [2025-02-01T00:09:17.556+0000] {dagbag.py:587} INFO - Filling up the DagBag from /home/airflow/.local/lib/python3.12/site-packages/airflow/example_dags/example_outlet_event_extra.py
[2025-02-01T00:09:17.676+0000] {processor.py:925} INFO - DAG(s) 'dataset_with_extra_by_yield', 'dataset_with_extra_by_context', 'dataset_with_extra_from_classic_operator' retrieved from /home/airflow/.local/lib/python3.12/site-packages/airflow/example_dags/example_outlet_event_extra.py
[2025-02-01T00:09:17.702+0000] {logging_mixin.py:190} INFO - [2025-02-01T00:09:17.702+0000] {dag.py:3211} INFO - Sync 3 DAGs
[2025-02-01T00:09:17.726+0000] {logging_mixin.py:190} INFO - [2025-02-01T00:09:17.726+0000] {dag.py:4138} INFO - Setting next_dagrun for dataset_with_extra_by_context to 2025-01-31 00:00:00+00:00, run_after=2025-02-01 00:00:00+00:00
[2025-02-01T00:09:17.730+0000] {logging_mixin.py:190} INFO - [2025-02-01T00:09:17.730+0000] {dag.py:4138} INFO - Setting next_dagrun for dataset_with_extra_by_yield to 2025-01-31 00:00:00+00:00, run_after=2025-02-01 00:00:00+00:00
[2025-02-01T00:09:17.732+0000] {logging_mixin.py:190} INFO - [2025-02-01T00:09:17.732+0000] {dag.py:4138} INFO - Setting next_dagrun for dataset_with_extra_from_classic_operator to 2025-01-31 00:00:00+00:00, run_after=2025-02-01 00:00:00+00:00
[2025-02-01T00:09:17.752+0000] {processor.py:208} INFO - Processing /home/airflow/.local/lib/python3.12/site-packages/airflow/example_dags/example_outlet_event_extra.py took 0.203 seconds
[2025-02-01T00:09:48.648+0000] {processor.py:186} INFO - Started process (PID=26282) to work on /home/airflow/.local/lib/python3.12/site-packages/airflow/example_dags/example_outlet_event_extra.py
[2025-02-01T00:09:48.649+0000] {processor.py:914} INFO - Processing file /home/airflow/.local/lib/python3.12/site-packages/airflow/example_dags/example_outlet_event_extra.py for tasks to queue
[2025-02-01T00:09:48.650+0000] {logging_mixin.py:190} INFO - [2025-02-01T00:09:48.650+0000] {dagbag.py:587} INFO - Filling up the DagBag from /home/airflow/.local/lib/python3.12/site-packages/airflow/example_dags/example_outlet_event_extra.py
[2025-02-01T00:09:48.774+0000] {processor.py:925} INFO - DAG(s) 'dataset_with_extra_by_context', 'dataset_with_extra_by_yield', 'dataset_with_extra_from_classic_operator' retrieved from /home/airflow/.local/lib/python3.12/site-packages/airflow/example_dags/example_outlet_event_extra.py
[2025-02-01T00:09:48.799+0000] {logging_mixin.py:190} INFO - [2025-02-01T00:09:48.799+0000] {dag.py:3211} INFO - Sync 3 DAGs
[2025-02-01T00:09:48.823+0000] {logging_mixin.py:190} INFO - [2025-02-01T00:09:48.823+0000] {dag.py:4138} INFO - Setting next_dagrun for dataset_with_extra_by_context to 2025-01-31 00:00:00+00:00, run_after=2025-02-01 00:00:00+00:00
[2025-02-01T00:09:48.827+0000] {logging_mixin.py:190} INFO - [2025-02-01T00:09:48.827+0000] {dag.py:4138} INFO - Setting next_dagrun for dataset_with_extra_by_yield to 2025-01-31 00:00:00+00:00, run_after=2025-02-01 00:00:00+00:00
[2025-02-01T00:09:48.830+0000] {logging_mixin.py:190} INFO - [2025-02-01T00:09:48.830+0000] {dag.py:4138} INFO - Setting next_dagrun for dataset_with_extra_from_classic_operator to 2025-01-31 00:00:00+00:00, run_after=2025-02-01 00:00:00+00:00
[2025-02-01T00:09:48.852+0000] {processor.py:208} INFO - Processing /home/airflow/.local/lib/python3.12/site-packages/airflow/example_dags/example_outlet_event_extra.py took 0.209 seconds
[2025-02-01T00:10:18.992+0000] {processor.py:186} INFO - Started process (PID=26345) to work on /home/airflow/.local/lib/python3.12/site-packages/airflow/example_dags/example_outlet_event_extra.py
[2025-02-01T00:10:18.993+0000] {processor.py:914} INFO - Processing file /home/airflow/.local/lib/python3.12/site-packages/airflow/example_dags/example_outlet_event_extra.py for tasks to queue
[2025-02-01T00:10:18.994+0000] {logging_mixin.py:190} INFO - [2025-02-01T00:10:18.994+0000] {dagbag.py:587} INFO - Filling up the DagBag from /home/airflow/.local/lib/python3.12/site-packages/airflow/example_dags/example_outlet_event_extra.py
[2025-02-01T00:10:19.112+0000] {processor.py:925} INFO - DAG(s) 'dataset_with_extra_from_classic_operator', 'dataset_with_extra_by_context', 'dataset_with_extra_by_yield' retrieved from /home/airflow/.local/lib/python3.12/site-packages/airflow/example_dags/example_outlet_event_extra.py
[2025-02-01T00:10:19.135+0000] {logging_mixin.py:190} INFO - [2025-02-01T00:10:19.135+0000] {dag.py:3211} INFO - Sync 3 DAGs
[2025-02-01T00:10:19.157+0000] {logging_mixin.py:190} INFO - [2025-02-01T00:10:19.157+0000] {dag.py:4138} INFO - Setting next_dagrun for dataset_with_extra_by_context to 2025-01-31 00:00:00+00:00, run_after=2025-02-01 00:00:00+00:00
[2025-02-01T00:10:19.162+0000] {logging_mixin.py:190} INFO - [2025-02-01T00:10:19.161+0000] {dag.py:4138} INFO - Setting next_dagrun for dataset_with_extra_by_yield to 2025-01-31 00:00:00+00:00, run_after=2025-02-01 00:00:00+00:00
[2025-02-01T00:10:19.164+0000] {logging_mixin.py:190} INFO - [2025-02-01T00:10:19.164+0000] {dag.py:4138} INFO - Setting next_dagrun for dataset_with_extra_from_classic_operator to 2025-01-31 00:00:00+00:00, run_after=2025-02-01 00:00:00+00:00
[2025-02-01T00:10:19.183+0000] {processor.py:208} INFO - Processing /home/airflow/.local/lib/python3.12/site-packages/airflow/example_dags/example_outlet_event_extra.py took 0.195 seconds
[2025-02-01T00:10:49.434+0000] {processor.py:186} INFO - Started process (PID=26408) to work on /home/airflow/.local/lib/python3.12/site-packages/airflow/example_dags/example_outlet_event_extra.py
[2025-02-01T00:10:49.435+0000] {processor.py:914} INFO - Processing file /home/airflow/.local/lib/python3.12/site-packages/airflow/example_dags/example_outlet_event_extra.py for tasks to queue
[2025-02-01T00:10:49.436+0000] {logging_mixin.py:190} INFO - [2025-02-01T00:10:49.436+0000] {dagbag.py:587} INFO - Filling up the DagBag from /home/airflow/.local/lib/python3.12/site-packages/airflow/example_dags/example_outlet_event_extra.py
[2025-02-01T00:10:49.564+0000] {processor.py:925} INFO - DAG(s) 'dataset_with_extra_from_classic_operator', 'dataset_with_extra_by_yield', 'dataset_with_extra_by_context' retrieved from /home/airflow/.local/lib/python3.12/site-packages/airflow/example_dags/example_outlet_event_extra.py
[2025-02-01T00:10:49.590+0000] {logging_mixin.py:190} INFO - [2025-02-01T00:10:49.590+0000] {dag.py:3211} INFO - Sync 3 DAGs
[2025-02-01T00:10:49.615+0000] {logging_mixin.py:190} INFO - [2025-02-01T00:10:49.615+0000] {dag.py:4138} INFO - Setting next_dagrun for dataset_with_extra_by_context to 2025-01-31 00:00:00+00:00, run_after=2025-02-01 00:00:00+00:00
[2025-02-01T00:10:49.620+0000] {logging_mixin.py:190} INFO - [2025-02-01T00:10:49.620+0000] {dag.py:4138} INFO - Setting next_dagrun for dataset_with_extra_by_yield to 2025-01-31 00:00:00+00:00, run_after=2025-02-01 00:00:00+00:00
[2025-02-01T00:10:49.623+0000] {logging_mixin.py:190} INFO - [2025-02-01T00:10:49.622+0000] {dag.py:4138} INFO - Setting next_dagrun for dataset_with_extra_from_classic_operator to 2025-01-31 00:00:00+00:00, run_after=2025-02-01 00:00:00+00:00
[2025-02-01T00:10:49.645+0000] {processor.py:208} INFO - Processing /home/airflow/.local/lib/python3.12/site-packages/airflow/example_dags/example_outlet_event_extra.py took 0.216 seconds
[2025-02-01T00:11:19.735+0000] {processor.py:186} INFO - Started process (PID=26471) to work on /home/airflow/.local/lib/python3.12/site-packages/airflow/example_dags/example_outlet_event_extra.py
[2025-02-01T00:11:19.736+0000] {processor.py:914} INFO - Processing file /home/airflow/.local/lib/python3.12/site-packages/airflow/example_dags/example_outlet_event_extra.py for tasks to queue
[2025-02-01T00:11:19.737+0000] {logging_mixin.py:190} INFO - [2025-02-01T00:11:19.737+0000] {dagbag.py:587} INFO - Filling up the DagBag from /home/airflow/.local/lib/python3.12/site-packages/airflow/example_dags/example_outlet_event_extra.py
[2025-02-01T00:11:19.853+0000] {processor.py:925} INFO - DAG(s) 'dataset_with_extra_by_yield', 'dataset_with_extra_by_context', 'dataset_with_extra_from_classic_operator' retrieved from /home/airflow/.local/lib/python3.12/site-packages/airflow/example_dags/example_outlet_event_extra.py
[2025-02-01T00:11:19.877+0000] {logging_mixin.py:190} INFO - [2025-02-01T00:11:19.876+0000] {dag.py:3211} INFO - Sync 3 DAGs
[2025-02-01T00:11:19.900+0000] {logging_mixin.py:190} INFO - [2025-02-01T00:11:19.900+0000] {dag.py:4138} INFO - Setting next_dagrun for dataset_with_extra_by_context to 2025-01-31 00:00:00+00:00, run_after=2025-02-01 00:00:00+00:00
[2025-02-01T00:11:19.904+0000] {logging_mixin.py:190} INFO - [2025-02-01T00:11:19.904+0000] {dag.py:4138} INFO - Setting next_dagrun for dataset_with_extra_by_yield to 2025-01-31 00:00:00+00:00, run_after=2025-02-01 00:00:00+00:00
[2025-02-01T00:11:19.907+0000] {logging_mixin.py:190} INFO - [2025-02-01T00:11:19.907+0000] {dag.py:4138} INFO - Setting next_dagrun for dataset_with_extra_from_classic_operator to 2025-01-31 00:00:00+00:00, run_after=2025-02-01 00:00:00+00:00
[2025-02-01T00:11:19.927+0000] {processor.py:208} INFO - Processing /home/airflow/.local/lib/python3.12/site-packages/airflow/example_dags/example_outlet_event_extra.py took 0.197 seconds
[2025-02-01T00:11:50.107+0000] {processor.py:186} INFO - Started process (PID=26534) to work on /home/airflow/.local/lib/python3.12/site-packages/airflow/example_dags/example_outlet_event_extra.py
[2025-02-01T00:11:50.107+0000] {processor.py:914} INFO - Processing file /home/airflow/.local/lib/python3.12/site-packages/airflow/example_dags/example_outlet_event_extra.py for tasks to queue
[2025-02-01T00:11:50.108+0000] {logging_mixin.py:190} INFO - [2025-02-01T00:11:50.108+0000] {dagbag.py:587} INFO - Filling up the DagBag from /home/airflow/.local/lib/python3.12/site-packages/airflow/example_dags/example_outlet_event_extra.py
[2025-02-01T00:11:50.225+0000] {processor.py:925} INFO - DAG(s) 'dataset_with_extra_from_classic_operator', 'dataset_with_extra_by_yield', 'dataset_with_extra_by_context' retrieved from /home/airflow/.local/lib/python3.12/site-packages/airflow/example_dags/example_outlet_event_extra.py
[2025-02-01T00:11:50.247+0000] {logging_mixin.py:190} INFO - [2025-02-01T00:11:50.246+0000] {dag.py:3211} INFO - Sync 3 DAGs
[2025-02-01T00:11:50.269+0000] {logging_mixin.py:190} INFO - [2025-02-01T00:11:50.268+0000] {dag.py:4138} INFO - Setting next_dagrun for dataset_with_extra_by_context to 2025-01-31 00:00:00+00:00, run_after=2025-02-01 00:00:00+00:00
[2025-02-01T00:11:50.273+0000] {logging_mixin.py:190} INFO - [2025-02-01T00:11:50.273+0000] {dag.py:4138} INFO - Setting next_dagrun for dataset_with_extra_by_yield to 2025-01-31 00:00:00+00:00, run_after=2025-02-01 00:00:00+00:00
[2025-02-01T00:11:50.275+0000] {logging_mixin.py:190} INFO - [2025-02-01T00:11:50.275+0000] {dag.py:4138} INFO - Setting next_dagrun for dataset_with_extra_from_classic_operator to 2025-01-31 00:00:00+00:00, run_after=2025-02-01 00:00:00+00:00
[2025-02-01T00:11:50.301+0000] {processor.py:208} INFO - Processing /home/airflow/.local/lib/python3.12/site-packages/airflow/example_dags/example_outlet_event_extra.py took 0.200 seconds
[2025-02-01T00:12:20.391+0000] {processor.py:186} INFO - Started process (PID=26597) to work on /home/airflow/.local/lib/python3.12/site-packages/airflow/example_dags/example_outlet_event_extra.py
[2025-02-01T00:12:20.391+0000] {processor.py:914} INFO - Processing file /home/airflow/.local/lib/python3.12/site-packages/airflow/example_dags/example_outlet_event_extra.py for tasks to queue
[2025-02-01T00:12:20.392+0000] {logging_mixin.py:190} INFO - [2025-02-01T00:12:20.392+0000] {dagbag.py:587} INFO - Filling up the DagBag from /home/airflow/.local/lib/python3.12/site-packages/airflow/example_dags/example_outlet_event_extra.py
[2025-02-01T00:12:20.514+0000] {processor.py:925} INFO - DAG(s) 'dataset_with_extra_from_classic_operator', 'dataset_with_extra_by_yield', 'dataset_with_extra_by_context' retrieved from /home/airflow/.local/lib/python3.12/site-packages/airflow/example_dags/example_outlet_event_extra.py
[2025-02-01T00:12:20.538+0000] {logging_mixin.py:190} INFO - [2025-02-01T00:12:20.538+0000] {dag.py:3211} INFO - Sync 3 DAGs
[2025-02-01T00:12:20.561+0000] {logging_mixin.py:190} INFO - [2025-02-01T00:12:20.561+0000] {dag.py:4138} INFO - Setting next_dagrun for dataset_with_extra_by_context to 2025-01-31 00:00:00+00:00, run_after=2025-02-01 00:00:00+00:00
[2025-02-01T00:12:20.566+0000] {logging_mixin.py:190} INFO - [2025-02-01T00:12:20.565+0000] {dag.py:4138} INFO - Setting next_dagrun for dataset_with_extra_by_yield to 2025-01-31 00:00:00+00:00, run_after=2025-02-01 00:00:00+00:00
[2025-02-01T00:12:20.568+0000] {logging_mixin.py:190} INFO - [2025-02-01T00:12:20.568+0000] {dag.py:4138} INFO - Setting next_dagrun for dataset_with_extra_from_classic_operator to 2025-01-31 00:00:00+00:00, run_after=2025-02-01 00:00:00+00:00
[2025-02-01T00:12:20.589+0000] {processor.py:208} INFO - Processing /home/airflow/.local/lib/python3.12/site-packages/airflow/example_dags/example_outlet_event_extra.py took 0.203 seconds
[2025-02-01T00:12:51.582+0000] {processor.py:186} INFO - Started process (PID=26660) to work on /home/airflow/.local/lib/python3.12/site-packages/airflow/example_dags/example_outlet_event_extra.py
[2025-02-01T00:12:51.583+0000] {processor.py:914} INFO - Processing file /home/airflow/.local/lib/python3.12/site-packages/airflow/example_dags/example_outlet_event_extra.py for tasks to queue
[2025-02-01T00:12:51.584+0000] {logging_mixin.py:190} INFO - [2025-02-01T00:12:51.584+0000] {dagbag.py:587} INFO - Filling up the DagBag from /home/airflow/.local/lib/python3.12/site-packages/airflow/example_dags/example_outlet_event_extra.py
[2025-02-01T00:12:51.703+0000] {processor.py:925} INFO - DAG(s) 'dataset_with_extra_by_context', 'dataset_with_extra_by_yield', 'dataset_with_extra_from_classic_operator' retrieved from /home/airflow/.local/lib/python3.12/site-packages/airflow/example_dags/example_outlet_event_extra.py
[2025-02-01T00:12:51.728+0000] {logging_mixin.py:190} INFO - [2025-02-01T00:12:51.728+0000] {dag.py:3211} INFO - Sync 3 DAGs
[2025-02-01T00:12:51.750+0000] {logging_mixin.py:190} INFO - [2025-02-01T00:12:51.749+0000] {dag.py:4138} INFO - Setting next_dagrun for dataset_with_extra_by_context to 2025-01-31 00:00:00+00:00, run_after=2025-02-01 00:00:00+00:00
[2025-02-01T00:12:51.754+0000] {logging_mixin.py:190} INFO - [2025-02-01T00:12:51.754+0000] {dag.py:4138} INFO - Setting next_dagrun for dataset_with_extra_by_yield to 2025-01-31 00:00:00+00:00, run_after=2025-02-01 00:00:00+00:00
[2025-02-01T00:12:51.757+0000] {logging_mixin.py:190} INFO - [2025-02-01T00:12:51.757+0000] {dag.py:4138} INFO - Setting next_dagrun for dataset_with_extra_from_classic_operator to 2025-01-31 00:00:00+00:00, run_after=2025-02-01 00:00:00+00:00
[2025-02-01T00:12:51.890+0000] {processor.py:208} INFO - Processing /home/airflow/.local/lib/python3.12/site-packages/airflow/example_dags/example_outlet_event_extra.py took 0.314 seconds
[2025-02-01T00:13:22.702+0000] {processor.py:186} INFO - Started process (PID=26723) to work on /home/airflow/.local/lib/python3.12/site-packages/airflow/example_dags/example_outlet_event_extra.py
[2025-02-01T00:13:22.703+0000] {processor.py:914} INFO - Processing file /home/airflow/.local/lib/python3.12/site-packages/airflow/example_dags/example_outlet_event_extra.py for tasks to queue
[2025-02-01T00:13:22.704+0000] {logging_mixin.py:190} INFO - [2025-02-01T00:13:22.704+0000] {dagbag.py:587} INFO - Filling up the DagBag from /home/airflow/.local/lib/python3.12/site-packages/airflow/example_dags/example_outlet_event_extra.py
[2025-02-01T00:13:22.823+0000] {processor.py:925} INFO - DAG(s) 'dataset_with_extra_by_yield', 'dataset_with_extra_from_classic_operator', 'dataset_with_extra_by_context' retrieved from /home/airflow/.local/lib/python3.12/site-packages/airflow/example_dags/example_outlet_event_extra.py
[2025-02-01T00:13:22.846+0000] {logging_mixin.py:190} INFO - [2025-02-01T00:13:22.846+0000] {dag.py:3211} INFO - Sync 3 DAGs
[2025-02-01T00:13:22.870+0000] {logging_mixin.py:190} INFO - [2025-02-01T00:13:22.870+0000] {dag.py:4138} INFO - Setting next_dagrun for dataset_with_extra_by_context to 2025-01-31 00:00:00+00:00, run_after=2025-02-01 00:00:00+00:00
[2025-02-01T00:13:22.875+0000] {logging_mixin.py:190} INFO - [2025-02-01T00:13:22.874+0000] {dag.py:4138} INFO - Setting next_dagrun for dataset_with_extra_by_yield to 2025-01-31 00:00:00+00:00, run_after=2025-02-01 00:00:00+00:00
[2025-02-01T00:13:22.877+0000] {logging_mixin.py:190} INFO - [2025-02-01T00:13:22.877+0000] {dag.py:4138} INFO - Setting next_dagrun for dataset_with_extra_from_classic_operator to 2025-01-31 00:00:00+00:00, run_after=2025-02-01 00:00:00+00:00
[2025-02-01T00:13:22.897+0000] {processor.py:208} INFO - Processing /home/airflow/.local/lib/python3.12/site-packages/airflow/example_dags/example_outlet_event_extra.py took 0.200 seconds
[2025-02-01T00:13:53.068+0000] {processor.py:186} INFO - Started process (PID=26786) to work on /home/airflow/.local/lib/python3.12/site-packages/airflow/example_dags/example_outlet_event_extra.py
[2025-02-01T00:13:53.069+0000] {processor.py:914} INFO - Processing file /home/airflow/.local/lib/python3.12/site-packages/airflow/example_dags/example_outlet_event_extra.py for tasks to queue
[2025-02-01T00:13:53.070+0000] {logging_mixin.py:190} INFO - [2025-02-01T00:13:53.070+0000] {dagbag.py:587} INFO - Filling up the DagBag from /home/airflow/.local/lib/python3.12/site-packages/airflow/example_dags/example_outlet_event_extra.py
[2025-02-01T00:13:53.181+0000] {processor.py:925} INFO - DAG(s) 'dataset_with_extra_by_context', 'dataset_with_extra_by_yield', 'dataset_with_extra_from_classic_operator' retrieved from /home/airflow/.local/lib/python3.12/site-packages/airflow/example_dags/example_outlet_event_extra.py
[2025-02-01T00:13:53.201+0000] {logging_mixin.py:190} INFO - [2025-02-01T00:13:53.201+0000] {dag.py:3211} INFO - Sync 3 DAGs
[2025-02-01T00:13:53.224+0000] {logging_mixin.py:190} INFO - [2025-02-01T00:13:53.224+0000] {dag.py:4138} INFO - Setting next_dagrun for dataset_with_extra_by_context to 2025-01-31 00:00:00+00:00, run_after=2025-02-01 00:00:00+00:00
[2025-02-01T00:13:53.228+0000] {logging_mixin.py:190} INFO - [2025-02-01T00:13:53.228+0000] {dag.py:4138} INFO - Setting next_dagrun for dataset_with_extra_by_yield to 2025-01-31 00:00:00+00:00, run_after=2025-02-01 00:00:00+00:00
[2025-02-01T00:13:53.230+0000] {logging_mixin.py:190} INFO - [2025-02-01T00:13:53.230+0000] {dag.py:4138} INFO - Setting next_dagrun for dataset_with_extra_from_classic_operator to 2025-01-31 00:00:00+00:00, run_after=2025-02-01 00:00:00+00:00
[2025-02-01T00:13:53.250+0000] {processor.py:208} INFO - Processing /home/airflow/.local/lib/python3.12/site-packages/airflow/example_dags/example_outlet_event_extra.py took 0.186 seconds
[2025-02-01T00:14:23.359+0000] {processor.py:186} INFO - Started process (PID=26849) to work on /home/airflow/.local/lib/python3.12/site-packages/airflow/example_dags/example_outlet_event_extra.py
[2025-02-01T00:14:23.360+0000] {processor.py:914} INFO - Processing file /home/airflow/.local/lib/python3.12/site-packages/airflow/example_dags/example_outlet_event_extra.py for tasks to queue
[2025-02-01T00:14:23.361+0000] {logging_mixin.py:190} INFO - [2025-02-01T00:14:23.361+0000] {dagbag.py:587} INFO - Filling up the DagBag from /home/airflow/.local/lib/python3.12/site-packages/airflow/example_dags/example_outlet_event_extra.py
[2025-02-01T00:14:23.482+0000] {processor.py:925} INFO - DAG(s) 'dataset_with_extra_by_context', 'dataset_with_extra_by_yield', 'dataset_with_extra_from_classic_operator' retrieved from /home/airflow/.local/lib/python3.12/site-packages/airflow/example_dags/example_outlet_event_extra.py
[2025-02-01T00:14:23.501+0000] {logging_mixin.py:190} INFO - [2025-02-01T00:14:23.501+0000] {dag.py:3211} INFO - Sync 3 DAGs
[2025-02-01T00:14:23.522+0000] {logging_mixin.py:190} INFO - [2025-02-01T00:14:23.522+0000] {dag.py:4138} INFO - Setting next_dagrun for dataset_with_extra_by_context to 2025-01-31 00:00:00+00:00, run_after=2025-02-01 00:00:00+00:00
[2025-02-01T00:14:23.526+0000] {logging_mixin.py:190} INFO - [2025-02-01T00:14:23.526+0000] {dag.py:4138} INFO - Setting next_dagrun for dataset_with_extra_by_yield to 2025-01-31 00:00:00+00:00, run_after=2025-02-01 00:00:00+00:00
[2025-02-01T00:14:23.528+0000] {logging_mixin.py:190} INFO - [2025-02-01T00:14:23.528+0000] {dag.py:4138} INFO - Setting next_dagrun for dataset_with_extra_from_classic_operator to 2025-01-31 00:00:00+00:00, run_after=2025-02-01 00:00:00+00:00
[2025-02-01T00:14:23.545+0000] {processor.py:208} INFO - Processing /home/airflow/.local/lib/python3.12/site-packages/airflow/example_dags/example_outlet_event_extra.py took 0.190 seconds
[2025-02-01T00:14:53.646+0000] {processor.py:186} INFO - Started process (PID=26912) to work on /home/airflow/.local/lib/python3.12/site-packages/airflow/example_dags/example_outlet_event_extra.py
[2025-02-01T00:14:53.647+0000] {processor.py:914} INFO - Processing file /home/airflow/.local/lib/python3.12/site-packages/airflow/example_dags/example_outlet_event_extra.py for tasks to queue
[2025-02-01T00:14:53.648+0000] {logging_mixin.py:190} INFO - [2025-02-01T00:14:53.648+0000] {dagbag.py:587} INFO - Filling up the DagBag from /home/airflow/.local/lib/python3.12/site-packages/airflow/example_dags/example_outlet_event_extra.py
[2025-02-01T00:14:53.775+0000] {processor.py:925} INFO - DAG(s) 'dataset_with_extra_from_classic_operator', 'dataset_with_extra_by_context', 'dataset_with_extra_by_yield' retrieved from /home/airflow/.local/lib/python3.12/site-packages/airflow/example_dags/example_outlet_event_extra.py
[2025-02-01T00:14:53.796+0000] {logging_mixin.py:190} INFO - [2025-02-01T00:14:53.796+0000] {dag.py:3211} INFO - Sync 3 DAGs
[2025-02-01T00:14:53.816+0000] {logging_mixin.py:190} INFO - [2025-02-01T00:14:53.816+0000] {dag.py:4138} INFO - Setting next_dagrun for dataset_with_extra_by_context to 2025-01-31 00:00:00+00:00, run_after=2025-02-01 00:00:00+00:00
[2025-02-01T00:14:53.821+0000] {logging_mixin.py:190} INFO - [2025-02-01T00:14:53.821+0000] {dag.py:4138} INFO - Setting next_dagrun for dataset_with_extra_by_yield to 2025-01-31 00:00:00+00:00, run_after=2025-02-01 00:00:00+00:00
[2025-02-01T00:14:53.824+0000] {logging_mixin.py:190} INFO - [2025-02-01T00:14:53.824+0000] {dag.py:4138} INFO - Setting next_dagrun for dataset_with_extra_from_classic_operator to 2025-01-31 00:00:00+00:00, run_after=2025-02-01 00:00:00+00:00
[2025-02-01T00:14:53.843+0000] {processor.py:208} INFO - Processing /home/airflow/.local/lib/python3.12/site-packages/airflow/example_dags/example_outlet_event_extra.py took 0.202 seconds
[2025-02-01T00:15:24.084+0000] {processor.py:186} INFO - Started process (PID=26975) to work on /home/airflow/.local/lib/python3.12/site-packages/airflow/example_dags/example_outlet_event_extra.py
[2025-02-01T00:15:24.084+0000] {processor.py:914} INFO - Processing file /home/airflow/.local/lib/python3.12/site-packages/airflow/example_dags/example_outlet_event_extra.py for tasks to queue
[2025-02-01T00:15:24.086+0000] {logging_mixin.py:190} INFO - [2025-02-01T00:15:24.086+0000] {dagbag.py:587} INFO - Filling up the DagBag from /home/airflow/.local/lib/python3.12/site-packages/airflow/example_dags/example_outlet_event_extra.py
[2025-02-01T00:15:24.250+0000] {processor.py:925} INFO - DAG(s) 'dataset_with_extra_from_classic_operator', 'dataset_with_extra_by_yield', 'dataset_with_extra_by_context' retrieved from /home/airflow/.local/lib/python3.12/site-packages/airflow/example_dags/example_outlet_event_extra.py
[2025-02-01T00:15:24.277+0000] {logging_mixin.py:190} INFO - [2025-02-01T00:15:24.277+0000] {dag.py:3211} INFO - Sync 3 DAGs
[2025-02-01T00:15:24.308+0000] {logging_mixin.py:190} INFO - [2025-02-01T00:15:24.307+0000] {dag.py:4138} INFO - Setting next_dagrun for dataset_with_extra_by_context to 2025-01-31 00:00:00+00:00, run_after=2025-02-01 00:00:00+00:00
[2025-02-01T00:15:24.314+0000] {logging_mixin.py:190} INFO - [2025-02-01T00:15:24.313+0000] {dag.py:4138} INFO - Setting next_dagrun for dataset_with_extra_by_yield to 2025-01-31 00:00:00+00:00, run_after=2025-02-01 00:00:00+00:00
[2025-02-01T00:15:24.317+0000] {logging_mixin.py:190} INFO - [2025-02-01T00:15:24.317+0000] {dag.py:4138} INFO - Setting next_dagrun for dataset_with_extra_from_classic_operator to 2025-01-31 00:00:00+00:00, run_after=2025-02-01 00:00:00+00:00
[2025-02-01T00:15:24.341+0000] {processor.py:208} INFO - Processing /home/airflow/.local/lib/python3.12/site-packages/airflow/example_dags/example_outlet_event_extra.py took 0.262 seconds
[2025-02-01T00:15:54.505+0000] {processor.py:186} INFO - Started process (PID=27038) to work on /home/airflow/.local/lib/python3.12/site-packages/airflow/example_dags/example_outlet_event_extra.py
[2025-02-01T00:15:54.506+0000] {processor.py:914} INFO - Processing file /home/airflow/.local/lib/python3.12/site-packages/airflow/example_dags/example_outlet_event_extra.py for tasks to queue
[2025-02-01T00:15:54.507+0000] {logging_mixin.py:190} INFO - [2025-02-01T00:15:54.507+0000] {dagbag.py:587} INFO - Filling up the DagBag from /home/airflow/.local/lib/python3.12/site-packages/airflow/example_dags/example_outlet_event_extra.py
[2025-02-01T00:15:54.634+0000] {processor.py:925} INFO - DAG(s) 'dataset_with_extra_by_context', 'dataset_with_extra_by_yield', 'dataset_with_extra_from_classic_operator' retrieved from /home/airflow/.local/lib/python3.12/site-packages/airflow/example_dags/example_outlet_event_extra.py
[2025-02-01T00:15:54.660+0000] {logging_mixin.py:190} INFO - [2025-02-01T00:15:54.660+0000] {dag.py:3211} INFO - Sync 3 DAGs
[2025-02-01T00:15:54.685+0000] {logging_mixin.py:190} INFO - [2025-02-01T00:15:54.685+0000] {dag.py:4138} INFO - Setting next_dagrun for dataset_with_extra_by_context to 2025-01-31 00:00:00+00:00, run_after=2025-02-01 00:00:00+00:00
[2025-02-01T00:15:54.690+0000] {logging_mixin.py:190} INFO - [2025-02-01T00:15:54.690+0000] {dag.py:4138} INFO - Setting next_dagrun for dataset_with_extra_by_yield to 2025-01-31 00:00:00+00:00, run_after=2025-02-01 00:00:00+00:00
[2025-02-01T00:15:54.693+0000] {logging_mixin.py:190} INFO - [2025-02-01T00:15:54.693+0000] {dag.py:4138} INFO - Setting next_dagrun for dataset_with_extra_from_classic_operator to 2025-01-31 00:00:00+00:00, run_after=2025-02-01 00:00:00+00:00
[2025-02-01T00:15:54.712+0000] {processor.py:208} INFO - Processing /home/airflow/.local/lib/python3.12/site-packages/airflow/example_dags/example_outlet_event_extra.py took 0.214 seconds
[2025-02-01T00:16:24.819+0000] {processor.py:186} INFO - Started process (PID=27101) to work on /home/airflow/.local/lib/python3.12/site-packages/airflow/example_dags/example_outlet_event_extra.py
[2025-02-01T00:16:24.820+0000] {processor.py:914} INFO - Processing file /home/airflow/.local/lib/python3.12/site-packages/airflow/example_dags/example_outlet_event_extra.py for tasks to queue
[2025-02-01T00:16:24.822+0000] {logging_mixin.py:190} INFO - [2025-02-01T00:16:24.821+0000] {dagbag.py:587} INFO - Filling up the DagBag from /home/airflow/.local/lib/python3.12/site-packages/airflow/example_dags/example_outlet_event_extra.py
[2025-02-01T00:16:24.956+0000] {processor.py:925} INFO - DAG(s) 'dataset_with_extra_by_context', 'dataset_with_extra_from_classic_operator', 'dataset_with_extra_by_yield' retrieved from /home/airflow/.local/lib/python3.12/site-packages/airflow/example_dags/example_outlet_event_extra.py
[2025-02-01T00:16:24.978+0000] {logging_mixin.py:190} INFO - [2025-02-01T00:16:24.977+0000] {dag.py:3211} INFO - Sync 3 DAGs
[2025-02-01T00:16:25.000+0000] {logging_mixin.py:190} INFO - [2025-02-01T00:16:25.000+0000] {dag.py:4138} INFO - Setting next_dagrun for dataset_with_extra_by_context to 2025-01-31 00:00:00+00:00, run_after=2025-02-01 00:00:00+00:00
[2025-02-01T00:16:25.004+0000] {logging_mixin.py:190} INFO - [2025-02-01T00:16:25.004+0000] {dag.py:4138} INFO - Setting next_dagrun for dataset_with_extra_by_yield to 2025-01-31 00:00:00+00:00, run_after=2025-02-01 00:00:00+00:00
[2025-02-01T00:16:25.006+0000] {logging_mixin.py:190} INFO - [2025-02-01T00:16:25.006+0000] {dag.py:4138} INFO - Setting next_dagrun for dataset_with_extra_from_classic_operator to 2025-01-31 00:00:00+00:00, run_after=2025-02-01 00:00:00+00:00
[2025-02-01T00:16:25.024+0000] {processor.py:208} INFO - Processing /home/airflow/.local/lib/python3.12/site-packages/airflow/example_dags/example_outlet_event_extra.py took 0.212 seconds
