[2025-02-01T00:00:08.618+0000] {processor.py:186} INFO - Started process (PID=25072) to work on /home/airflow/.local/lib/python3.12/site-packages/airflow/example_dags/example_sla_dag.py
[2025-02-01T00:00:08.619+0000] {processor.py:914} INFO - Processing file /home/airflow/.local/lib/python3.12/site-packages/airflow/example_dags/example_sla_dag.py for tasks to queue
[2025-02-01T00:00:08.620+0000] {logging_mixin.py:190} INFO - [2025-02-01T00:00:08.620+0000] {dagbag.py:587} INFO - Filling up the DagBag from /home/airflow/.local/lib/python3.12/site-packages/airflow/example_dags/example_sla_dag.py
[2025-02-01T00:00:08.628+0000] {processor.py:925} INFO - DAG(s) 'example_sla_dag' retrieved from /home/airflow/.local/lib/python3.12/site-packages/airflow/example_dags/example_sla_dag.py
[2025-02-01T00:00:08.645+0000] {logging_mixin.py:190} INFO - [2025-02-01T00:00:08.645+0000] {dag.py:3211} INFO - Sync 1 DAGs
[2025-02-01T00:00:08.666+0000] {logging_mixin.py:190} INFO - [2025-02-01T00:00:08.666+0000] {dag.py:4138} INFO - Setting next_dagrun for example_sla_dag to 2025-01-31 23:58:00+00:00, run_after=2025-02-01 00:00:00+00:00
[2025-02-01T00:00:08.683+0000] {processor.py:208} INFO - Processing /home/airflow/.local/lib/python3.12/site-packages/airflow/example_dags/example_sla_dag.py took 0.069 seconds
[2025-02-01T00:00:39.244+0000] {processor.py:186} INFO - Started process (PID=25135) to work on /home/airflow/.local/lib/python3.12/site-packages/airflow/example_dags/example_sla_dag.py
[2025-02-01T00:00:39.244+0000] {processor.py:914} INFO - Processing file /home/airflow/.local/lib/python3.12/site-packages/airflow/example_dags/example_sla_dag.py for tasks to queue
[2025-02-01T00:00:39.245+0000] {logging_mixin.py:190} INFO - [2025-02-01T00:00:39.245+0000] {dagbag.py:587} INFO - Filling up the DagBag from /home/airflow/.local/lib/python3.12/site-packages/airflow/example_dags/example_sla_dag.py
[2025-02-01T00:00:39.256+0000] {processor.py:925} INFO - DAG(s) 'example_sla_dag' retrieved from /home/airflow/.local/lib/python3.12/site-packages/airflow/example_dags/example_sla_dag.py
[2025-02-01T00:00:39.276+0000] {logging_mixin.py:190} INFO - [2025-02-01T00:00:39.276+0000] {dag.py:3211} INFO - Sync 1 DAGs
[2025-02-01T00:00:39.305+0000] {logging_mixin.py:190} INFO - [2025-02-01T00:00:39.305+0000] {dag.py:4138} INFO - Setting next_dagrun for example_sla_dag to 2025-01-31 23:58:00+00:00, run_after=2025-02-01 00:00:00+00:00
[2025-02-01T00:00:39.326+0000] {processor.py:208} INFO - Processing /home/airflow/.local/lib/python3.12/site-packages/airflow/example_dags/example_sla_dag.py took 0.087 seconds
[2025-02-01T00:01:09.424+0000] {processor.py:186} INFO - Started process (PID=25198) to work on /home/airflow/.local/lib/python3.12/site-packages/airflow/example_dags/example_sla_dag.py
[2025-02-01T00:01:09.425+0000] {processor.py:914} INFO - Processing file /home/airflow/.local/lib/python3.12/site-packages/airflow/example_dags/example_sla_dag.py for tasks to queue
[2025-02-01T00:01:09.426+0000] {logging_mixin.py:190} INFO - [2025-02-01T00:01:09.425+0000] {dagbag.py:587} INFO - Filling up the DagBag from /home/airflow/.local/lib/python3.12/site-packages/airflow/example_dags/example_sla_dag.py
[2025-02-01T00:01:09.436+0000] {processor.py:925} INFO - DAG(s) 'example_sla_dag' retrieved from /home/airflow/.local/lib/python3.12/site-packages/airflow/example_dags/example_sla_dag.py
[2025-02-01T00:01:09.455+0000] {logging_mixin.py:190} INFO - [2025-02-01T00:01:09.454+0000] {dag.py:3211} INFO - Sync 1 DAGs
[2025-02-01T00:01:09.476+0000] {logging_mixin.py:190} INFO - [2025-02-01T00:01:09.476+0000] {dag.py:4138} INFO - Setting next_dagrun for example_sla_dag to 2025-01-31 23:58:00+00:00, run_after=2025-02-01 00:00:00+00:00
[2025-02-01T00:01:09.494+0000] {processor.py:208} INFO - Processing /home/airflow/.local/lib/python3.12/site-packages/airflow/example_dags/example_sla_dag.py took 0.075 seconds
[2025-02-01T00:01:39.694+0000] {processor.py:186} INFO - Started process (PID=25261) to work on /home/airflow/.local/lib/python3.12/site-packages/airflow/example_dags/example_sla_dag.py
[2025-02-01T00:01:39.695+0000] {processor.py:914} INFO - Processing file /home/airflow/.local/lib/python3.12/site-packages/airflow/example_dags/example_sla_dag.py for tasks to queue
[2025-02-01T00:01:39.696+0000] {logging_mixin.py:190} INFO - [2025-02-01T00:01:39.696+0000] {dagbag.py:587} INFO - Filling up the DagBag from /home/airflow/.local/lib/python3.12/site-packages/airflow/example_dags/example_sla_dag.py
[2025-02-01T00:01:39.705+0000] {processor.py:925} INFO - DAG(s) 'example_sla_dag' retrieved from /home/airflow/.local/lib/python3.12/site-packages/airflow/example_dags/example_sla_dag.py
[2025-02-01T00:01:39.722+0000] {logging_mixin.py:190} INFO - [2025-02-01T00:01:39.722+0000] {dag.py:3211} INFO - Sync 1 DAGs
[2025-02-01T00:01:39.744+0000] {logging_mixin.py:190} INFO - [2025-02-01T00:01:39.744+0000] {dag.py:4138} INFO - Setting next_dagrun for example_sla_dag to 2025-01-31 23:58:00+00:00, run_after=2025-02-01 00:00:00+00:00
[2025-02-01T00:01:39.762+0000] {processor.py:208} INFO - Processing /home/airflow/.local/lib/python3.12/site-packages/airflow/example_dags/example_sla_dag.py took 0.073 seconds
[2025-02-01T00:02:09.942+0000] {processor.py:186} INFO - Started process (PID=25324) to work on /home/airflow/.local/lib/python3.12/site-packages/airflow/example_dags/example_sla_dag.py
[2025-02-01T00:02:09.943+0000] {processor.py:914} INFO - Processing file /home/airflow/.local/lib/python3.12/site-packages/airflow/example_dags/example_sla_dag.py for tasks to queue
[2025-02-01T00:02:09.944+0000] {logging_mixin.py:190} INFO - [2025-02-01T00:02:09.944+0000] {dagbag.py:587} INFO - Filling up the DagBag from /home/airflow/.local/lib/python3.12/site-packages/airflow/example_dags/example_sla_dag.py
[2025-02-01T00:02:09.952+0000] {processor.py:925} INFO - DAG(s) 'example_sla_dag' retrieved from /home/airflow/.local/lib/python3.12/site-packages/airflow/example_dags/example_sla_dag.py
[2025-02-01T00:02:09.971+0000] {logging_mixin.py:190} INFO - [2025-02-01T00:02:09.970+0000] {dag.py:3211} INFO - Sync 1 DAGs
[2025-02-01T00:02:09.995+0000] {logging_mixin.py:190} INFO - [2025-02-01T00:02:09.995+0000] {dag.py:4138} INFO - Setting next_dagrun for example_sla_dag to 2025-02-01 00:00:00+00:00, run_after=2025-02-01 00:02:00+00:00
[2025-02-01T00:02:10.014+0000] {processor.py:208} INFO - Processing /home/airflow/.local/lib/python3.12/site-packages/airflow/example_dags/example_sla_dag.py took 0.077 seconds
[2025-02-01T00:02:40.077+0000] {processor.py:186} INFO - Started process (PID=25386) to work on /home/airflow/.local/lib/python3.12/site-packages/airflow/example_dags/example_sla_dag.py
[2025-02-01T00:02:40.078+0000] {processor.py:914} INFO - Processing file /home/airflow/.local/lib/python3.12/site-packages/airflow/example_dags/example_sla_dag.py for tasks to queue
[2025-02-01T00:02:40.080+0000] {logging_mixin.py:190} INFO - [2025-02-01T00:02:40.080+0000] {dagbag.py:587} INFO - Filling up the DagBag from /home/airflow/.local/lib/python3.12/site-packages/airflow/example_dags/example_sla_dag.py
[2025-02-01T00:02:40.088+0000] {processor.py:925} INFO - DAG(s) 'example_sla_dag' retrieved from /home/airflow/.local/lib/python3.12/site-packages/airflow/example_dags/example_sla_dag.py
[2025-02-01T00:02:40.106+0000] {logging_mixin.py:190} INFO - [2025-02-01T00:02:40.106+0000] {dag.py:3211} INFO - Sync 1 DAGs
[2025-02-01T00:02:40.128+0000] {logging_mixin.py:190} INFO - [2025-02-01T00:02:40.128+0000] {dag.py:4138} INFO - Setting next_dagrun for example_sla_dag to 2025-02-01 00:00:00+00:00, run_after=2025-02-01 00:02:00+00:00
[2025-02-01T00:02:40.149+0000] {processor.py:208} INFO - Processing /home/airflow/.local/lib/python3.12/site-packages/airflow/example_dags/example_sla_dag.py took 0.076 seconds
[2025-02-01T00:03:10.221+0000] {processor.py:186} INFO - Started process (PID=25449) to work on /home/airflow/.local/lib/python3.12/site-packages/airflow/example_dags/example_sla_dag.py
[2025-02-01T00:03:10.222+0000] {processor.py:914} INFO - Processing file /home/airflow/.local/lib/python3.12/site-packages/airflow/example_dags/example_sla_dag.py for tasks to queue
[2025-02-01T00:03:10.223+0000] {logging_mixin.py:190} INFO - [2025-02-01T00:03:10.223+0000] {dagbag.py:587} INFO - Filling up the DagBag from /home/airflow/.local/lib/python3.12/site-packages/airflow/example_dags/example_sla_dag.py
[2025-02-01T00:03:10.231+0000] {processor.py:925} INFO - DAG(s) 'example_sla_dag' retrieved from /home/airflow/.local/lib/python3.12/site-packages/airflow/example_dags/example_sla_dag.py
[2025-02-01T00:03:10.247+0000] {logging_mixin.py:190} INFO - [2025-02-01T00:03:10.247+0000] {dag.py:3211} INFO - Sync 1 DAGs
[2025-02-01T00:03:10.267+0000] {logging_mixin.py:190} INFO - [2025-02-01T00:03:10.267+0000] {dag.py:4138} INFO - Setting next_dagrun for example_sla_dag to 2025-02-01 00:00:00+00:00, run_after=2025-02-01 00:02:00+00:00
[2025-02-01T00:03:10.286+0000] {processor.py:208} INFO - Processing /home/airflow/.local/lib/python3.12/site-packages/airflow/example_dags/example_sla_dag.py took 0.069 seconds
[2025-02-01T00:03:40.480+0000] {processor.py:186} INFO - Started process (PID=25512) to work on /home/airflow/.local/lib/python3.12/site-packages/airflow/example_dags/example_sla_dag.py
[2025-02-01T00:03:40.481+0000] {processor.py:914} INFO - Processing file /home/airflow/.local/lib/python3.12/site-packages/airflow/example_dags/example_sla_dag.py for tasks to queue
[2025-02-01T00:03:40.482+0000] {logging_mixin.py:190} INFO - [2025-02-01T00:03:40.482+0000] {dagbag.py:587} INFO - Filling up the DagBag from /home/airflow/.local/lib/python3.12/site-packages/airflow/example_dags/example_sla_dag.py
[2025-02-01T00:03:40.490+0000] {processor.py:925} INFO - DAG(s) 'example_sla_dag' retrieved from /home/airflow/.local/lib/python3.12/site-packages/airflow/example_dags/example_sla_dag.py
[2025-02-01T00:03:40.507+0000] {logging_mixin.py:190} INFO - [2025-02-01T00:03:40.506+0000] {dag.py:3211} INFO - Sync 1 DAGs
[2025-02-01T00:03:40.529+0000] {logging_mixin.py:190} INFO - [2025-02-01T00:03:40.529+0000] {dag.py:4138} INFO - Setting next_dagrun for example_sla_dag to 2025-02-01 00:00:00+00:00, run_after=2025-02-01 00:02:00+00:00
[2025-02-01T00:03:40.547+0000] {processor.py:208} INFO - Processing /home/airflow/.local/lib/python3.12/site-packages/airflow/example_dags/example_sla_dag.py took 0.072 seconds
[2025-02-01T00:04:10.791+0000] {processor.py:186} INFO - Started process (PID=25575) to work on /home/airflow/.local/lib/python3.12/site-packages/airflow/example_dags/example_sla_dag.py
[2025-02-01T00:04:10.791+0000] {processor.py:914} INFO - Processing file /home/airflow/.local/lib/python3.12/site-packages/airflow/example_dags/example_sla_dag.py for tasks to queue
[2025-02-01T00:04:10.792+0000] {logging_mixin.py:190} INFO - [2025-02-01T00:04:10.792+0000] {dagbag.py:587} INFO - Filling up the DagBag from /home/airflow/.local/lib/python3.12/site-packages/airflow/example_dags/example_sla_dag.py
[2025-02-01T00:04:10.801+0000] {processor.py:925} INFO - DAG(s) 'example_sla_dag' retrieved from /home/airflow/.local/lib/python3.12/site-packages/airflow/example_dags/example_sla_dag.py
[2025-02-01T00:04:10.821+0000] {logging_mixin.py:190} INFO - [2025-02-01T00:04:10.821+0000] {dag.py:3211} INFO - Sync 1 DAGs
[2025-02-01T00:04:10.844+0000] {logging_mixin.py:190} INFO - [2025-02-01T00:04:10.843+0000] {dag.py:4138} INFO - Setting next_dagrun for example_sla_dag to 2025-02-01 00:02:00+00:00, run_after=2025-02-01 00:04:00+00:00
[2025-02-01T00:04:10.859+0000] {processor.py:208} INFO - Processing /home/airflow/.local/lib/python3.12/site-packages/airflow/example_dags/example_sla_dag.py took 0.073 seconds
[2025-02-01T00:04:41.036+0000] {processor.py:186} INFO - Started process (PID=25638) to work on /home/airflow/.local/lib/python3.12/site-packages/airflow/example_dags/example_sla_dag.py
[2025-02-01T00:04:41.036+0000] {processor.py:914} INFO - Processing file /home/airflow/.local/lib/python3.12/site-packages/airflow/example_dags/example_sla_dag.py for tasks to queue
[2025-02-01T00:04:41.037+0000] {logging_mixin.py:190} INFO - [2025-02-01T00:04:41.037+0000] {dagbag.py:587} INFO - Filling up the DagBag from /home/airflow/.local/lib/python3.12/site-packages/airflow/example_dags/example_sla_dag.py
[2025-02-01T00:04:41.045+0000] {processor.py:925} INFO - DAG(s) 'example_sla_dag' retrieved from /home/airflow/.local/lib/python3.12/site-packages/airflow/example_dags/example_sla_dag.py
[2025-02-01T00:04:41.060+0000] {logging_mixin.py:190} INFO - [2025-02-01T00:04:41.060+0000] {dag.py:3211} INFO - Sync 1 DAGs
[2025-02-01T00:04:41.080+0000] {logging_mixin.py:190} INFO - [2025-02-01T00:04:41.080+0000] {dag.py:4138} INFO - Setting next_dagrun for example_sla_dag to 2025-02-01 00:02:00+00:00, run_after=2025-02-01 00:04:00+00:00
[2025-02-01T00:04:41.097+0000] {processor.py:208} INFO - Processing /home/airflow/.local/lib/python3.12/site-packages/airflow/example_dags/example_sla_dag.py took 0.065 seconds
[2025-02-01T00:05:11.265+0000] {processor.py:186} INFO - Started process (PID=25701) to work on /home/airflow/.local/lib/python3.12/site-packages/airflow/example_dags/example_sla_dag.py
[2025-02-01T00:05:11.266+0000] {processor.py:914} INFO - Processing file /home/airflow/.local/lib/python3.12/site-packages/airflow/example_dags/example_sla_dag.py for tasks to queue
[2025-02-01T00:05:11.267+0000] {logging_mixin.py:190} INFO - [2025-02-01T00:05:11.267+0000] {dagbag.py:587} INFO - Filling up the DagBag from /home/airflow/.local/lib/python3.12/site-packages/airflow/example_dags/example_sla_dag.py
[2025-02-01T00:05:11.275+0000] {processor.py:925} INFO - DAG(s) 'example_sla_dag' retrieved from /home/airflow/.local/lib/python3.12/site-packages/airflow/example_dags/example_sla_dag.py
[2025-02-01T00:05:11.291+0000] {logging_mixin.py:190} INFO - [2025-02-01T00:05:11.290+0000] {dag.py:3211} INFO - Sync 1 DAGs
[2025-02-01T00:05:11.313+0000] {logging_mixin.py:190} INFO - [2025-02-01T00:05:11.313+0000] {dag.py:4138} INFO - Setting next_dagrun for example_sla_dag to 2025-02-01 00:02:00+00:00, run_after=2025-02-01 00:04:00+00:00
[2025-02-01T00:05:11.331+0000] {processor.py:208} INFO - Processing /home/airflow/.local/lib/python3.12/site-packages/airflow/example_dags/example_sla_dag.py took 0.070 seconds
[2025-02-01T00:05:41.549+0000] {processor.py:186} INFO - Started process (PID=25764) to work on /home/airflow/.local/lib/python3.12/site-packages/airflow/example_dags/example_sla_dag.py
[2025-02-01T00:05:41.549+0000] {processor.py:914} INFO - Processing file /home/airflow/.local/lib/python3.12/site-packages/airflow/example_dags/example_sla_dag.py for tasks to queue
[2025-02-01T00:05:41.550+0000] {logging_mixin.py:190} INFO - [2025-02-01T00:05:41.550+0000] {dagbag.py:587} INFO - Filling up the DagBag from /home/airflow/.local/lib/python3.12/site-packages/airflow/example_dags/example_sla_dag.py
[2025-02-01T00:05:41.558+0000] {processor.py:925} INFO - DAG(s) 'example_sla_dag' retrieved from /home/airflow/.local/lib/python3.12/site-packages/airflow/example_dags/example_sla_dag.py
[2025-02-01T00:05:41.573+0000] {logging_mixin.py:190} INFO - [2025-02-01T00:05:41.573+0000] {dag.py:3211} INFO - Sync 1 DAGs
[2025-02-01T00:05:41.594+0000] {logging_mixin.py:190} INFO - [2025-02-01T00:05:41.594+0000] {dag.py:4138} INFO - Setting next_dagrun for example_sla_dag to 2025-02-01 00:02:00+00:00, run_after=2025-02-01 00:04:00+00:00
[2025-02-01T00:05:41.612+0000] {processor.py:208} INFO - Processing /home/airflow/.local/lib/python3.12/site-packages/airflow/example_dags/example_sla_dag.py took 0.068 seconds
[2025-02-01T00:06:11.742+0000] {processor.py:186} INFO - Started process (PID=25827) to work on /home/airflow/.local/lib/python3.12/site-packages/airflow/example_dags/example_sla_dag.py
[2025-02-01T00:06:11.743+0000] {processor.py:914} INFO - Processing file /home/airflow/.local/lib/python3.12/site-packages/airflow/example_dags/example_sla_dag.py for tasks to queue
[2025-02-01T00:06:11.745+0000] {logging_mixin.py:190} INFO - [2025-02-01T00:06:11.744+0000] {dagbag.py:587} INFO - Filling up the DagBag from /home/airflow/.local/lib/python3.12/site-packages/airflow/example_dags/example_sla_dag.py
[2025-02-01T00:06:11.752+0000] {processor.py:925} INFO - DAG(s) 'example_sla_dag' retrieved from /home/airflow/.local/lib/python3.12/site-packages/airflow/example_dags/example_sla_dag.py
[2025-02-01T00:06:11.769+0000] {logging_mixin.py:190} INFO - [2025-02-01T00:06:11.769+0000] {dag.py:3211} INFO - Sync 1 DAGs
[2025-02-01T00:06:11.791+0000] {logging_mixin.py:190} INFO - [2025-02-01T00:06:11.791+0000] {dag.py:4138} INFO - Setting next_dagrun for example_sla_dag to 2025-02-01 00:04:00+00:00, run_after=2025-02-01 00:06:00+00:00
[2025-02-01T00:06:11.809+0000] {processor.py:208} INFO - Processing /home/airflow/.local/lib/python3.12/site-packages/airflow/example_dags/example_sla_dag.py took 0.072 seconds
[2025-02-01T00:06:41.902+0000] {processor.py:186} INFO - Started process (PID=25890) to work on /home/airflow/.local/lib/python3.12/site-packages/airflow/example_dags/example_sla_dag.py
[2025-02-01T00:06:41.902+0000] {processor.py:914} INFO - Processing file /home/airflow/.local/lib/python3.12/site-packages/airflow/example_dags/example_sla_dag.py for tasks to queue
[2025-02-01T00:06:41.903+0000] {logging_mixin.py:190} INFO - [2025-02-01T00:06:41.903+0000] {dagbag.py:587} INFO - Filling up the DagBag from /home/airflow/.local/lib/python3.12/site-packages/airflow/example_dags/example_sla_dag.py
[2025-02-01T00:06:41.911+0000] {processor.py:925} INFO - DAG(s) 'example_sla_dag' retrieved from /home/airflow/.local/lib/python3.12/site-packages/airflow/example_dags/example_sla_dag.py
[2025-02-01T00:06:41.927+0000] {logging_mixin.py:190} INFO - [2025-02-01T00:06:41.927+0000] {dag.py:3211} INFO - Sync 1 DAGs
[2025-02-01T00:06:41.948+0000] {logging_mixin.py:190} INFO - [2025-02-01T00:06:41.948+0000] {dag.py:4138} INFO - Setting next_dagrun for example_sla_dag to 2025-02-01 00:04:00+00:00, run_after=2025-02-01 00:06:00+00:00
[2025-02-01T00:06:41.967+0000] {processor.py:208} INFO - Processing /home/airflow/.local/lib/python3.12/site-packages/airflow/example_dags/example_sla_dag.py took 0.071 seconds
[2025-02-01T00:07:12.172+0000] {processor.py:186} INFO - Started process (PID=25953) to work on /home/airflow/.local/lib/python3.12/site-packages/airflow/example_dags/example_sla_dag.py
[2025-02-01T00:07:12.173+0000] {processor.py:914} INFO - Processing file /home/airflow/.local/lib/python3.12/site-packages/airflow/example_dags/example_sla_dag.py for tasks to queue
[2025-02-01T00:07:12.174+0000] {logging_mixin.py:190} INFO - [2025-02-01T00:07:12.174+0000] {dagbag.py:587} INFO - Filling up the DagBag from /home/airflow/.local/lib/python3.12/site-packages/airflow/example_dags/example_sla_dag.py
[2025-02-01T00:07:12.183+0000] {processor.py:925} INFO - DAG(s) 'example_sla_dag' retrieved from /home/airflow/.local/lib/python3.12/site-packages/airflow/example_dags/example_sla_dag.py
[2025-02-01T00:07:12.202+0000] {logging_mixin.py:190} INFO - [2025-02-01T00:07:12.202+0000] {dag.py:3211} INFO - Sync 1 DAGs
[2025-02-01T00:07:12.228+0000] {logging_mixin.py:190} INFO - [2025-02-01T00:07:12.228+0000] {dag.py:4138} INFO - Setting next_dagrun for example_sla_dag to 2025-02-01 00:04:00+00:00, run_after=2025-02-01 00:06:00+00:00
[2025-02-01T00:07:12.250+0000] {processor.py:208} INFO - Processing /home/airflow/.local/lib/python3.12/site-packages/airflow/example_dags/example_sla_dag.py took 0.082 seconds
[2025-02-01T00:07:42.593+0000] {processor.py:186} INFO - Started process (PID=26016) to work on /home/airflow/.local/lib/python3.12/site-packages/airflow/example_dags/example_sla_dag.py
[2025-02-01T00:07:42.594+0000] {processor.py:914} INFO - Processing file /home/airflow/.local/lib/python3.12/site-packages/airflow/example_dags/example_sla_dag.py for tasks to queue
[2025-02-01T00:07:42.595+0000] {logging_mixin.py:190} INFO - [2025-02-01T00:07:42.595+0000] {dagbag.py:587} INFO - Filling up the DagBag from /home/airflow/.local/lib/python3.12/site-packages/airflow/example_dags/example_sla_dag.py
[2025-02-01T00:07:42.604+0000] {processor.py:925} INFO - DAG(s) 'example_sla_dag' retrieved from /home/airflow/.local/lib/python3.12/site-packages/airflow/example_dags/example_sla_dag.py
[2025-02-01T00:07:42.622+0000] {logging_mixin.py:190} INFO - [2025-02-01T00:07:42.622+0000] {dag.py:3211} INFO - Sync 1 DAGs
[2025-02-01T00:07:42.645+0000] {logging_mixin.py:190} INFO - [2025-02-01T00:07:42.645+0000] {dag.py:4138} INFO - Setting next_dagrun for example_sla_dag to 2025-02-01 00:04:00+00:00, run_after=2025-02-01 00:06:00+00:00
[2025-02-01T00:07:42.665+0000] {processor.py:208} INFO - Processing /home/airflow/.local/lib/python3.12/site-packages/airflow/example_dags/example_sla_dag.py took 0.076 seconds
[2025-02-01T00:08:12.876+0000] {processor.py:186} INFO - Started process (PID=26079) to work on /home/airflow/.local/lib/python3.12/site-packages/airflow/example_dags/example_sla_dag.py
[2025-02-01T00:08:12.876+0000] {processor.py:914} INFO - Processing file /home/airflow/.local/lib/python3.12/site-packages/airflow/example_dags/example_sla_dag.py for tasks to queue
[2025-02-01T00:08:12.877+0000] {logging_mixin.py:190} INFO - [2025-02-01T00:08:12.877+0000] {dagbag.py:587} INFO - Filling up the DagBag from /home/airflow/.local/lib/python3.12/site-packages/airflow/example_dags/example_sla_dag.py
[2025-02-01T00:08:12.885+0000] {processor.py:925} INFO - DAG(s) 'example_sla_dag' retrieved from /home/airflow/.local/lib/python3.12/site-packages/airflow/example_dags/example_sla_dag.py
[2025-02-01T00:08:12.902+0000] {logging_mixin.py:190} INFO - [2025-02-01T00:08:12.902+0000] {dag.py:3211} INFO - Sync 1 DAGs
[2025-02-01T00:08:12.923+0000] {logging_mixin.py:190} INFO - [2025-02-01T00:08:12.923+0000] {dag.py:4138} INFO - Setting next_dagrun for example_sla_dag to 2025-02-01 00:06:00+00:00, run_after=2025-02-01 00:08:00+00:00
[2025-02-01T00:08:12.942+0000] {processor.py:208} INFO - Processing /home/airflow/.local/lib/python3.12/site-packages/airflow/example_dags/example_sla_dag.py took 0.070 seconds
[2025-02-01T00:08:43.293+0000] {processor.py:186} INFO - Started process (PID=26142) to work on /home/airflow/.local/lib/python3.12/site-packages/airflow/example_dags/example_sla_dag.py
[2025-02-01T00:08:43.294+0000] {processor.py:914} INFO - Processing file /home/airflow/.local/lib/python3.12/site-packages/airflow/example_dags/example_sla_dag.py for tasks to queue
[2025-02-01T00:08:43.295+0000] {logging_mixin.py:190} INFO - [2025-02-01T00:08:43.295+0000] {dagbag.py:587} INFO - Filling up the DagBag from /home/airflow/.local/lib/python3.12/site-packages/airflow/example_dags/example_sla_dag.py
[2025-02-01T00:08:43.303+0000] {processor.py:925} INFO - DAG(s) 'example_sla_dag' retrieved from /home/airflow/.local/lib/python3.12/site-packages/airflow/example_dags/example_sla_dag.py
[2025-02-01T00:08:43.318+0000] {logging_mixin.py:190} INFO - [2025-02-01T00:08:43.318+0000] {dag.py:3211} INFO - Sync 1 DAGs
[2025-02-01T00:08:43.341+0000] {logging_mixin.py:190} INFO - [2025-02-01T00:08:43.340+0000] {dag.py:4138} INFO - Setting next_dagrun for example_sla_dag to 2025-02-01 00:06:00+00:00, run_after=2025-02-01 00:08:00+00:00
[2025-02-01T00:08:43.359+0000] {processor.py:208} INFO - Processing /home/airflow/.local/lib/python3.12/site-packages/airflow/example_dags/example_sla_dag.py took 0.070 seconds
[2025-02-01T00:09:13.490+0000] {processor.py:186} INFO - Started process (PID=26205) to work on /home/airflow/.local/lib/python3.12/site-packages/airflow/example_dags/example_sla_dag.py
[2025-02-01T00:09:13.491+0000] {processor.py:914} INFO - Processing file /home/airflow/.local/lib/python3.12/site-packages/airflow/example_dags/example_sla_dag.py for tasks to queue
[2025-02-01T00:09:13.492+0000] {logging_mixin.py:190} INFO - [2025-02-01T00:09:13.492+0000] {dagbag.py:587} INFO - Filling up the DagBag from /home/airflow/.local/lib/python3.12/site-packages/airflow/example_dags/example_sla_dag.py
[2025-02-01T00:09:13.500+0000] {processor.py:925} INFO - DAG(s) 'example_sla_dag' retrieved from /home/airflow/.local/lib/python3.12/site-packages/airflow/example_dags/example_sla_dag.py
[2025-02-01T00:09:13.515+0000] {logging_mixin.py:190} INFO - [2025-02-01T00:09:13.515+0000] {dag.py:3211} INFO - Sync 1 DAGs
[2025-02-01T00:09:13.537+0000] {logging_mixin.py:190} INFO - [2025-02-01T00:09:13.536+0000] {dag.py:4138} INFO - Setting next_dagrun for example_sla_dag to 2025-02-01 00:06:00+00:00, run_after=2025-02-01 00:08:00+00:00
[2025-02-01T00:09:13.555+0000] {processor.py:208} INFO - Processing /home/airflow/.local/lib/python3.12/site-packages/airflow/example_dags/example_sla_dag.py took 0.069 seconds
[2025-02-01T00:09:43.655+0000] {processor.py:186} INFO - Started process (PID=26268) to work on /home/airflow/.local/lib/python3.12/site-packages/airflow/example_dags/example_sla_dag.py
[2025-02-01T00:09:43.655+0000] {processor.py:914} INFO - Processing file /home/airflow/.local/lib/python3.12/site-packages/airflow/example_dags/example_sla_dag.py for tasks to queue
[2025-02-01T00:09:43.656+0000] {logging_mixin.py:190} INFO - [2025-02-01T00:09:43.656+0000] {dagbag.py:587} INFO - Filling up the DagBag from /home/airflow/.local/lib/python3.12/site-packages/airflow/example_dags/example_sla_dag.py
[2025-02-01T00:09:43.664+0000] {processor.py:925} INFO - DAG(s) 'example_sla_dag' retrieved from /home/airflow/.local/lib/python3.12/site-packages/airflow/example_dags/example_sla_dag.py
[2025-02-01T00:09:43.680+0000] {logging_mixin.py:190} INFO - [2025-02-01T00:09:43.680+0000] {dag.py:3211} INFO - Sync 1 DAGs
[2025-02-01T00:09:43.705+0000] {logging_mixin.py:190} INFO - [2025-02-01T00:09:43.705+0000] {dag.py:4138} INFO - Setting next_dagrun for example_sla_dag to 2025-02-01 00:06:00+00:00, run_after=2025-02-01 00:08:00+00:00
[2025-02-01T00:09:43.724+0000] {processor.py:208} INFO - Processing /home/airflow/.local/lib/python3.12/site-packages/airflow/example_dags/example_sla_dag.py took 0.074 seconds
[2025-02-01T00:10:13.985+0000] {processor.py:186} INFO - Started process (PID=26331) to work on /home/airflow/.local/lib/python3.12/site-packages/airflow/example_dags/example_sla_dag.py
[2025-02-01T00:10:13.986+0000] {processor.py:914} INFO - Processing file /home/airflow/.local/lib/python3.12/site-packages/airflow/example_dags/example_sla_dag.py for tasks to queue
[2025-02-01T00:10:13.987+0000] {logging_mixin.py:190} INFO - [2025-02-01T00:10:13.987+0000] {dagbag.py:587} INFO - Filling up the DagBag from /home/airflow/.local/lib/python3.12/site-packages/airflow/example_dags/example_sla_dag.py
[2025-02-01T00:10:13.995+0000] {processor.py:925} INFO - DAG(s) 'example_sla_dag' retrieved from /home/airflow/.local/lib/python3.12/site-packages/airflow/example_dags/example_sla_dag.py
[2025-02-01T00:10:14.011+0000] {logging_mixin.py:190} INFO - [2025-02-01T00:10:14.011+0000] {dag.py:3211} INFO - Sync 1 DAGs
[2025-02-01T00:10:14.033+0000] {logging_mixin.py:190} INFO - [2025-02-01T00:10:14.033+0000] {dag.py:4138} INFO - Setting next_dagrun for example_sla_dag to 2025-02-01 00:08:00+00:00, run_after=2025-02-01 00:10:00+00:00
[2025-02-01T00:10:14.055+0000] {processor.py:208} INFO - Processing /home/airflow/.local/lib/python3.12/site-packages/airflow/example_dags/example_sla_dag.py took 0.074 seconds
[2025-02-01T00:10:44.574+0000] {processor.py:186} INFO - Started process (PID=26394) to work on /home/airflow/.local/lib/python3.12/site-packages/airflow/example_dags/example_sla_dag.py
[2025-02-01T00:10:44.575+0000] {processor.py:914} INFO - Processing file /home/airflow/.local/lib/python3.12/site-packages/airflow/example_dags/example_sla_dag.py for tasks to queue
[2025-02-01T00:10:44.576+0000] {logging_mixin.py:190} INFO - [2025-02-01T00:10:44.575+0000] {dagbag.py:587} INFO - Filling up the DagBag from /home/airflow/.local/lib/python3.12/site-packages/airflow/example_dags/example_sla_dag.py
[2025-02-01T00:10:44.584+0000] {processor.py:925} INFO - DAG(s) 'example_sla_dag' retrieved from /home/airflow/.local/lib/python3.12/site-packages/airflow/example_dags/example_sla_dag.py
[2025-02-01T00:10:44.599+0000] {logging_mixin.py:190} INFO - [2025-02-01T00:10:44.599+0000] {dag.py:3211} INFO - Sync 1 DAGs
[2025-02-01T00:10:44.623+0000] {logging_mixin.py:190} INFO - [2025-02-01T00:10:44.623+0000] {dag.py:4138} INFO - Setting next_dagrun for example_sla_dag to 2025-02-01 00:08:00+00:00, run_after=2025-02-01 00:10:00+00:00
[2025-02-01T00:10:44.641+0000] {processor.py:208} INFO - Processing /home/airflow/.local/lib/python3.12/site-packages/airflow/example_dags/example_sla_dag.py took 0.072 seconds
[2025-02-01T00:11:14.738+0000] {processor.py:186} INFO - Started process (PID=26457) to work on /home/airflow/.local/lib/python3.12/site-packages/airflow/example_dags/example_sla_dag.py
[2025-02-01T00:11:14.739+0000] {processor.py:914} INFO - Processing file /home/airflow/.local/lib/python3.12/site-packages/airflow/example_dags/example_sla_dag.py for tasks to queue
[2025-02-01T00:11:14.741+0000] {logging_mixin.py:190} INFO - [2025-02-01T00:11:14.741+0000] {dagbag.py:587} INFO - Filling up the DagBag from /home/airflow/.local/lib/python3.12/site-packages/airflow/example_dags/example_sla_dag.py
[2025-02-01T00:11:14.749+0000] {processor.py:925} INFO - DAG(s) 'example_sla_dag' retrieved from /home/airflow/.local/lib/python3.12/site-packages/airflow/example_dags/example_sla_dag.py
[2025-02-01T00:11:14.766+0000] {logging_mixin.py:190} INFO - [2025-02-01T00:11:14.766+0000] {dag.py:3211} INFO - Sync 1 DAGs
[2025-02-01T00:11:14.789+0000] {logging_mixin.py:190} INFO - [2025-02-01T00:11:14.788+0000] {dag.py:4138} INFO - Setting next_dagrun for example_sla_dag to 2025-02-01 00:08:00+00:00, run_after=2025-02-01 00:10:00+00:00
[2025-02-01T00:11:14.805+0000] {processor.py:208} INFO - Processing /home/airflow/.local/lib/python3.12/site-packages/airflow/example_dags/example_sla_dag.py took 0.071 seconds
[2025-02-01T00:11:45.023+0000] {processor.py:186} INFO - Started process (PID=26520) to work on /home/airflow/.local/lib/python3.12/site-packages/airflow/example_dags/example_sla_dag.py
[2025-02-01T00:11:45.024+0000] {processor.py:914} INFO - Processing file /home/airflow/.local/lib/python3.12/site-packages/airflow/example_dags/example_sla_dag.py for tasks to queue
[2025-02-01T00:11:45.026+0000] {logging_mixin.py:190} INFO - [2025-02-01T00:11:45.025+0000] {dagbag.py:587} INFO - Filling up the DagBag from /home/airflow/.local/lib/python3.12/site-packages/airflow/example_dags/example_sla_dag.py
[2025-02-01T00:11:45.034+0000] {processor.py:925} INFO - DAG(s) 'example_sla_dag' retrieved from /home/airflow/.local/lib/python3.12/site-packages/airflow/example_dags/example_sla_dag.py
[2025-02-01T00:11:45.051+0000] {logging_mixin.py:190} INFO - [2025-02-01T00:11:45.051+0000] {dag.py:3211} INFO - Sync 1 DAGs
[2025-02-01T00:11:45.073+0000] {logging_mixin.py:190} INFO - [2025-02-01T00:11:45.073+0000] {dag.py:4138} INFO - Setting next_dagrun for example_sla_dag to 2025-02-01 00:08:00+00:00, run_after=2025-02-01 00:10:00+00:00
[2025-02-01T00:11:45.091+0000] {processor.py:208} INFO - Processing /home/airflow/.local/lib/python3.12/site-packages/airflow/example_dags/example_sla_dag.py took 0.073 seconds
[2025-02-01T00:12:15.297+0000] {processor.py:186} INFO - Started process (PID=26583) to work on /home/airflow/.local/lib/python3.12/site-packages/airflow/example_dags/example_sla_dag.py
[2025-02-01T00:12:15.298+0000] {processor.py:914} INFO - Processing file /home/airflow/.local/lib/python3.12/site-packages/airflow/example_dags/example_sla_dag.py for tasks to queue
[2025-02-01T00:12:15.299+0000] {logging_mixin.py:190} INFO - [2025-02-01T00:12:15.299+0000] {dagbag.py:587} INFO - Filling up the DagBag from /home/airflow/.local/lib/python3.12/site-packages/airflow/example_dags/example_sla_dag.py
[2025-02-01T00:12:15.307+0000] {processor.py:925} INFO - DAG(s) 'example_sla_dag' retrieved from /home/airflow/.local/lib/python3.12/site-packages/airflow/example_dags/example_sla_dag.py
[2025-02-01T00:12:15.324+0000] {logging_mixin.py:190} INFO - [2025-02-01T00:12:15.324+0000] {dag.py:3211} INFO - Sync 1 DAGs
[2025-02-01T00:12:15.345+0000] {logging_mixin.py:190} INFO - [2025-02-01T00:12:15.345+0000] {dag.py:4138} INFO - Setting next_dagrun for example_sla_dag to 2025-02-01 00:10:00+00:00, run_after=2025-02-01 00:12:00+00:00
[2025-02-01T00:12:15.364+0000] {processor.py:208} INFO - Processing /home/airflow/.local/lib/python3.12/site-packages/airflow/example_dags/example_sla_dag.py took 0.071 seconds
[2025-02-01T00:12:45.669+0000] {processor.py:186} INFO - Started process (PID=26646) to work on /home/airflow/.local/lib/python3.12/site-packages/airflow/example_dags/example_sla_dag.py
[2025-02-01T00:12:45.670+0000] {processor.py:914} INFO - Processing file /home/airflow/.local/lib/python3.12/site-packages/airflow/example_dags/example_sla_dag.py for tasks to queue
[2025-02-01T00:12:45.671+0000] {logging_mixin.py:190} INFO - [2025-02-01T00:12:45.670+0000] {dagbag.py:587} INFO - Filling up the DagBag from /home/airflow/.local/lib/python3.12/site-packages/airflow/example_dags/example_sla_dag.py
[2025-02-01T00:12:45.680+0000] {processor.py:925} INFO - DAG(s) 'example_sla_dag' retrieved from /home/airflow/.local/lib/python3.12/site-packages/airflow/example_dags/example_sla_dag.py
[2025-02-01T00:12:45.696+0000] {logging_mixin.py:190} INFO - [2025-02-01T00:12:45.696+0000] {dag.py:3211} INFO - Sync 1 DAGs
[2025-02-01T00:12:45.717+0000] {logging_mixin.py:190} INFO - [2025-02-01T00:12:45.717+0000] {dag.py:4138} INFO - Setting next_dagrun for example_sla_dag to 2025-02-01 00:10:00+00:00, run_after=2025-02-01 00:12:00+00:00
[2025-02-01T00:12:45.736+0000] {processor.py:208} INFO - Processing /home/airflow/.local/lib/python3.12/site-packages/airflow/example_dags/example_sla_dag.py took 0.072 seconds
[2025-02-01T00:13:15.816+0000] {processor.py:186} INFO - Started process (PID=26709) to work on /home/airflow/.local/lib/python3.12/site-packages/airflow/example_dags/example_sla_dag.py
[2025-02-01T00:13:15.817+0000] {processor.py:914} INFO - Processing file /home/airflow/.local/lib/python3.12/site-packages/airflow/example_dags/example_sla_dag.py for tasks to queue
[2025-02-01T00:13:15.818+0000] {logging_mixin.py:190} INFO - [2025-02-01T00:13:15.817+0000] {dagbag.py:587} INFO - Filling up the DagBag from /home/airflow/.local/lib/python3.12/site-packages/airflow/example_dags/example_sla_dag.py
[2025-02-01T00:13:15.825+0000] {processor.py:925} INFO - DAG(s) 'example_sla_dag' retrieved from /home/airflow/.local/lib/python3.12/site-packages/airflow/example_dags/example_sla_dag.py
[2025-02-01T00:13:15.843+0000] {logging_mixin.py:190} INFO - [2025-02-01T00:13:15.843+0000] {dag.py:3211} INFO - Sync 1 DAGs
[2025-02-01T00:13:15.866+0000] {logging_mixin.py:190} INFO - [2025-02-01T00:13:15.866+0000] {dag.py:4138} INFO - Setting next_dagrun for example_sla_dag to 2025-02-01 00:10:00+00:00, run_after=2025-02-01 00:12:00+00:00
[2025-02-01T00:13:15.885+0000] {processor.py:208} INFO - Processing /home/airflow/.local/lib/python3.12/site-packages/airflow/example_dags/example_sla_dag.py took 0.074 seconds
[2025-02-01T00:13:46.120+0000] {processor.py:186} INFO - Started process (PID=26772) to work on /home/airflow/.local/lib/python3.12/site-packages/airflow/example_dags/example_sla_dag.py
[2025-02-01T00:13:46.121+0000] {processor.py:914} INFO - Processing file /home/airflow/.local/lib/python3.12/site-packages/airflow/example_dags/example_sla_dag.py for tasks to queue
[2025-02-01T00:13:46.122+0000] {logging_mixin.py:190} INFO - [2025-02-01T00:13:46.122+0000] {dagbag.py:587} INFO - Filling up the DagBag from /home/airflow/.local/lib/python3.12/site-packages/airflow/example_dags/example_sla_dag.py
[2025-02-01T00:13:46.130+0000] {processor.py:925} INFO - DAG(s) 'example_sla_dag' retrieved from /home/airflow/.local/lib/python3.12/site-packages/airflow/example_dags/example_sla_dag.py
[2025-02-01T00:13:46.147+0000] {logging_mixin.py:190} INFO - [2025-02-01T00:13:46.147+0000] {dag.py:3211} INFO - Sync 1 DAGs
[2025-02-01T00:13:46.170+0000] {logging_mixin.py:190} INFO - [2025-02-01T00:13:46.170+0000] {dag.py:4138} INFO - Setting next_dagrun for example_sla_dag to 2025-02-01 00:10:00+00:00, run_after=2025-02-01 00:12:00+00:00
[2025-02-01T00:13:46.187+0000] {processor.py:208} INFO - Processing /home/airflow/.local/lib/python3.12/site-packages/airflow/example_dags/example_sla_dag.py took 0.072 seconds
[2025-02-01T00:14:16.392+0000] {processor.py:186} INFO - Started process (PID=26835) to work on /home/airflow/.local/lib/python3.12/site-packages/airflow/example_dags/example_sla_dag.py
[2025-02-01T00:14:16.393+0000] {processor.py:914} INFO - Processing file /home/airflow/.local/lib/python3.12/site-packages/airflow/example_dags/example_sla_dag.py for tasks to queue
[2025-02-01T00:14:16.394+0000] {logging_mixin.py:190} INFO - [2025-02-01T00:14:16.393+0000] {dagbag.py:587} INFO - Filling up the DagBag from /home/airflow/.local/lib/python3.12/site-packages/airflow/example_dags/example_sla_dag.py
[2025-02-01T00:14:16.403+0000] {processor.py:925} INFO - DAG(s) 'example_sla_dag' retrieved from /home/airflow/.local/lib/python3.12/site-packages/airflow/example_dags/example_sla_dag.py
[2025-02-01T00:14:16.421+0000] {logging_mixin.py:190} INFO - [2025-02-01T00:14:16.420+0000] {dag.py:3211} INFO - Sync 1 DAGs
[2025-02-01T00:14:16.443+0000] {logging_mixin.py:190} INFO - [2025-02-01T00:14:16.443+0000] {dag.py:4138} INFO - Setting next_dagrun for example_sla_dag to 2025-02-01 00:12:00+00:00, run_after=2025-02-01 00:14:00+00:00
[2025-02-01T00:14:16.461+0000] {processor.py:208} INFO - Processing /home/airflow/.local/lib/python3.12/site-packages/airflow/example_dags/example_sla_dag.py took 0.075 seconds
[2025-02-01T00:14:46.707+0000] {processor.py:186} INFO - Started process (PID=26898) to work on /home/airflow/.local/lib/python3.12/site-packages/airflow/example_dags/example_sla_dag.py
[2025-02-01T00:14:46.707+0000] {processor.py:914} INFO - Processing file /home/airflow/.local/lib/python3.12/site-packages/airflow/example_dags/example_sla_dag.py for tasks to queue
[2025-02-01T00:14:46.709+0000] {logging_mixin.py:190} INFO - [2025-02-01T00:14:46.709+0000] {dagbag.py:587} INFO - Filling up the DagBag from /home/airflow/.local/lib/python3.12/site-packages/airflow/example_dags/example_sla_dag.py
[2025-02-01T00:14:46.722+0000] {processor.py:925} INFO - DAG(s) 'example_sla_dag' retrieved from /home/airflow/.local/lib/python3.12/site-packages/airflow/example_dags/example_sla_dag.py
[2025-02-01T00:14:46.741+0000] {logging_mixin.py:190} INFO - [2025-02-01T00:14:46.741+0000] {dag.py:3211} INFO - Sync 1 DAGs
[2025-02-01T00:14:46.769+0000] {logging_mixin.py:190} INFO - [2025-02-01T00:14:46.769+0000] {dag.py:4138} INFO - Setting next_dagrun for example_sla_dag to 2025-02-01 00:12:00+00:00, run_after=2025-02-01 00:14:00+00:00
[2025-02-01T00:14:46.788+0000] {processor.py:208} INFO - Processing /home/airflow/.local/lib/python3.12/site-packages/airflow/example_dags/example_sla_dag.py took 0.085 seconds
[2025-02-01T00:15:17.188+0000] {processor.py:186} INFO - Started process (PID=26961) to work on /home/airflow/.local/lib/python3.12/site-packages/airflow/example_dags/example_sla_dag.py
[2025-02-01T00:15:17.189+0000] {processor.py:914} INFO - Processing file /home/airflow/.local/lib/python3.12/site-packages/airflow/example_dags/example_sla_dag.py for tasks to queue
[2025-02-01T00:15:17.190+0000] {logging_mixin.py:190} INFO - [2025-02-01T00:15:17.190+0000] {dagbag.py:587} INFO - Filling up the DagBag from /home/airflow/.local/lib/python3.12/site-packages/airflow/example_dags/example_sla_dag.py
[2025-02-01T00:15:17.198+0000] {processor.py:925} INFO - DAG(s) 'example_sla_dag' retrieved from /home/airflow/.local/lib/python3.12/site-packages/airflow/example_dags/example_sla_dag.py
[2025-02-01T00:15:17.214+0000] {logging_mixin.py:190} INFO - [2025-02-01T00:15:17.213+0000] {dag.py:3211} INFO - Sync 1 DAGs
[2025-02-01T00:15:17.235+0000] {logging_mixin.py:190} INFO - [2025-02-01T00:15:17.234+0000] {dag.py:4138} INFO - Setting next_dagrun for example_sla_dag to 2025-02-01 00:12:00+00:00, run_after=2025-02-01 00:14:00+00:00
[2025-02-01T00:15:17.252+0000] {processor.py:208} INFO - Processing /home/airflow/.local/lib/python3.12/site-packages/airflow/example_dags/example_sla_dag.py took 0.071 seconds
[2025-02-01T00:15:47.599+0000] {processor.py:186} INFO - Started process (PID=27024) to work on /home/airflow/.local/lib/python3.12/site-packages/airflow/example_dags/example_sla_dag.py
[2025-02-01T00:15:47.600+0000] {processor.py:914} INFO - Processing file /home/airflow/.local/lib/python3.12/site-packages/airflow/example_dags/example_sla_dag.py for tasks to queue
[2025-02-01T00:15:47.600+0000] {logging_mixin.py:190} INFO - [2025-02-01T00:15:47.600+0000] {dagbag.py:587} INFO - Filling up the DagBag from /home/airflow/.local/lib/python3.12/site-packages/airflow/example_dags/example_sla_dag.py
[2025-02-01T00:15:47.609+0000] {processor.py:925} INFO - DAG(s) 'example_sla_dag' retrieved from /home/airflow/.local/lib/python3.12/site-packages/airflow/example_dags/example_sla_dag.py
[2025-02-01T00:15:47.629+0000] {logging_mixin.py:190} INFO - [2025-02-01T00:15:47.628+0000] {dag.py:3211} INFO - Sync 1 DAGs
[2025-02-01T00:15:47.657+0000] {logging_mixin.py:190} INFO - [2025-02-01T00:15:47.657+0000] {dag.py:4138} INFO - Setting next_dagrun for example_sla_dag to 2025-02-01 00:12:00+00:00, run_after=2025-02-01 00:14:00+00:00
[2025-02-01T00:15:47.675+0000] {processor.py:208} INFO - Processing /home/airflow/.local/lib/python3.12/site-packages/airflow/example_dags/example_sla_dag.py took 0.081 seconds
[2025-02-01T00:16:17.794+0000] {processor.py:186} INFO - Started process (PID=27087) to work on /home/airflow/.local/lib/python3.12/site-packages/airflow/example_dags/example_sla_dag.py
[2025-02-01T00:16:17.795+0000] {processor.py:914} INFO - Processing file /home/airflow/.local/lib/python3.12/site-packages/airflow/example_dags/example_sla_dag.py for tasks to queue
[2025-02-01T00:16:17.796+0000] {logging_mixin.py:190} INFO - [2025-02-01T00:16:17.796+0000] {dagbag.py:587} INFO - Filling up the DagBag from /home/airflow/.local/lib/python3.12/site-packages/airflow/example_dags/example_sla_dag.py
[2025-02-01T00:16:17.809+0000] {processor.py:925} INFO - DAG(s) 'example_sla_dag' retrieved from /home/airflow/.local/lib/python3.12/site-packages/airflow/example_dags/example_sla_dag.py
[2025-02-01T00:16:17.825+0000] {logging_mixin.py:190} INFO - [2025-02-01T00:16:17.825+0000] {dag.py:3211} INFO - Sync 1 DAGs
[2025-02-01T00:16:17.845+0000] {logging_mixin.py:190} INFO - [2025-02-01T00:16:17.845+0000] {dag.py:4138} INFO - Setting next_dagrun for example_sla_dag to 2025-02-01 00:14:00+00:00, run_after=2025-02-01 00:16:00+00:00
[2025-02-01T00:16:17.865+0000] {processor.py:208} INFO - Processing /home/airflow/.local/lib/python3.12/site-packages/airflow/example_dags/example_sla_dag.py took 0.078 seconds
