[2025-02-01T00:00:10.297+0000] {processor.py:186} INFO - Started process (PID=25082) to work on /home/airflow/.local/lib/python3.12/site-packages/airflow/example_dags/example_branch_operator.py
[2025-02-01T00:00:10.298+0000] {processor.py:914} INFO - Processing file /home/airflow/.local/lib/python3.12/site-packages/airflow/example_dags/example_branch_operator.py for tasks to queue
[2025-02-01T00:00:10.299+0000] {logging_mixin.py:190} INFO - [2025-02-01T00:00:10.299+0000] {dagbag.py:587} INFO - Filling up the DagBag from /home/airflow/.local/lib/python3.12/site-packages/airflow/example_dags/example_branch_operator.py
[2025-02-01T00:00:10.314+0000] {processor.py:925} INFO - DAG(s) 'example_branch_operator' retrieved from /home/airflow/.local/lib/python3.12/site-packages/airflow/example_dags/example_branch_operator.py
[2025-02-01T00:00:10.340+0000] {logging_mixin.py:190} INFO - [2025-02-01T00:00:10.340+0000] {dag.py:3211} INFO - Sync 1 DAGs
[2025-02-01T00:00:10.362+0000] {logging_mixin.py:190} INFO - [2025-02-01T00:00:10.361+0000] {dag.py:4138} INFO - Setting next_dagrun for example_branch_operator to 2025-01-31 00:00:00+00:00, run_after=2025-02-01 00:00:00+00:00
[2025-02-01T00:00:10.382+0000] {processor.py:208} INFO - Processing /home/airflow/.local/lib/python3.12/site-packages/airflow/example_dags/example_branch_operator.py took 0.090 seconds
[2025-02-01T00:00:40.838+0000] {processor.py:186} INFO - Started process (PID=25145) to work on /home/airflow/.local/lib/python3.12/site-packages/airflow/example_dags/example_branch_operator.py
[2025-02-01T00:00:40.839+0000] {processor.py:914} INFO - Processing file /home/airflow/.local/lib/python3.12/site-packages/airflow/example_dags/example_branch_operator.py for tasks to queue
[2025-02-01T00:00:40.840+0000] {logging_mixin.py:190} INFO - [2025-02-01T00:00:40.839+0000] {dagbag.py:587} INFO - Filling up the DagBag from /home/airflow/.local/lib/python3.12/site-packages/airflow/example_dags/example_branch_operator.py
[2025-02-01T00:00:40.855+0000] {processor.py:925} INFO - DAG(s) 'example_branch_operator' retrieved from /home/airflow/.local/lib/python3.12/site-packages/airflow/example_dags/example_branch_operator.py
[2025-02-01T00:00:40.880+0000] {logging_mixin.py:190} INFO - [2025-02-01T00:00:40.880+0000] {dag.py:3211} INFO - Sync 1 DAGs
[2025-02-01T00:00:40.901+0000] {logging_mixin.py:190} INFO - [2025-02-01T00:00:40.901+0000] {dag.py:4138} INFO - Setting next_dagrun for example_branch_operator to 2025-01-31 00:00:00+00:00, run_after=2025-02-01 00:00:00+00:00
[2025-02-01T00:00:40.919+0000] {processor.py:208} INFO - Processing /home/airflow/.local/lib/python3.12/site-packages/airflow/example_dags/example_branch_operator.py took 0.086 seconds
[2025-02-01T00:01:11.144+0000] {processor.py:186} INFO - Started process (PID=25208) to work on /home/airflow/.local/lib/python3.12/site-packages/airflow/example_dags/example_branch_operator.py
[2025-02-01T00:01:11.145+0000] {processor.py:914} INFO - Processing file /home/airflow/.local/lib/python3.12/site-packages/airflow/example_dags/example_branch_operator.py for tasks to queue
[2025-02-01T00:01:11.146+0000] {logging_mixin.py:190} INFO - [2025-02-01T00:01:11.146+0000] {dagbag.py:587} INFO - Filling up the DagBag from /home/airflow/.local/lib/python3.12/site-packages/airflow/example_dags/example_branch_operator.py
[2025-02-01T00:01:11.161+0000] {processor.py:925} INFO - DAG(s) 'example_branch_operator' retrieved from /home/airflow/.local/lib/python3.12/site-packages/airflow/example_dags/example_branch_operator.py
[2025-02-01T00:01:11.188+0000] {logging_mixin.py:190} INFO - [2025-02-01T00:01:11.187+0000] {dag.py:3211} INFO - Sync 1 DAGs
[2025-02-01T00:01:11.208+0000] {logging_mixin.py:190} INFO - [2025-02-01T00:01:11.208+0000] {dag.py:4138} INFO - Setting next_dagrun for example_branch_operator to 2025-01-31 00:00:00+00:00, run_after=2025-02-01 00:00:00+00:00
[2025-02-01T00:01:11.228+0000] {processor.py:208} INFO - Processing /home/airflow/.local/lib/python3.12/site-packages/airflow/example_dags/example_branch_operator.py took 0.089 seconds
[2025-02-01T00:01:41.505+0000] {processor.py:186} INFO - Started process (PID=25271) to work on /home/airflow/.local/lib/python3.12/site-packages/airflow/example_dags/example_branch_operator.py
[2025-02-01T00:01:41.506+0000] {processor.py:914} INFO - Processing file /home/airflow/.local/lib/python3.12/site-packages/airflow/example_dags/example_branch_operator.py for tasks to queue
[2025-02-01T00:01:41.508+0000] {logging_mixin.py:190} INFO - [2025-02-01T00:01:41.507+0000] {dagbag.py:587} INFO - Filling up the DagBag from /home/airflow/.local/lib/python3.12/site-packages/airflow/example_dags/example_branch_operator.py
[2025-02-01T00:01:41.523+0000] {processor.py:925} INFO - DAG(s) 'example_branch_operator' retrieved from /home/airflow/.local/lib/python3.12/site-packages/airflow/example_dags/example_branch_operator.py
[2025-02-01T00:01:41.548+0000] {logging_mixin.py:190} INFO - [2025-02-01T00:01:41.548+0000] {dag.py:3211} INFO - Sync 1 DAGs
[2025-02-01T00:01:41.570+0000] {logging_mixin.py:190} INFO - [2025-02-01T00:01:41.569+0000] {dag.py:4138} INFO - Setting next_dagrun for example_branch_operator to 2025-01-31 00:00:00+00:00, run_after=2025-02-01 00:00:00+00:00
[2025-02-01T00:01:41.639+0000] {processor.py:208} INFO - Processing /home/airflow/.local/lib/python3.12/site-packages/airflow/example_dags/example_branch_operator.py took 0.139 seconds
[2025-02-01T00:02:12.542+0000] {processor.py:186} INFO - Started process (PID=25334) to work on /home/airflow/.local/lib/python3.12/site-packages/airflow/example_dags/example_branch_operator.py
[2025-02-01T00:02:12.543+0000] {processor.py:914} INFO - Processing file /home/airflow/.local/lib/python3.12/site-packages/airflow/example_dags/example_branch_operator.py for tasks to queue
[2025-02-01T00:02:12.544+0000] {logging_mixin.py:190} INFO - [2025-02-01T00:02:12.544+0000] {dagbag.py:587} INFO - Filling up the DagBag from /home/airflow/.local/lib/python3.12/site-packages/airflow/example_dags/example_branch_operator.py
[2025-02-01T00:02:12.559+0000] {processor.py:925} INFO - DAG(s) 'example_branch_operator' retrieved from /home/airflow/.local/lib/python3.12/site-packages/airflow/example_dags/example_branch_operator.py
[2025-02-01T00:02:12.585+0000] {logging_mixin.py:190} INFO - [2025-02-01T00:02:12.584+0000] {dag.py:3211} INFO - Sync 1 DAGs
[2025-02-01T00:02:12.608+0000] {logging_mixin.py:190} INFO - [2025-02-01T00:02:12.608+0000] {dag.py:4138} INFO - Setting next_dagrun for example_branch_operator to 2025-01-31 00:00:00+00:00, run_after=2025-02-01 00:00:00+00:00
[2025-02-01T00:02:12.626+0000] {processor.py:208} INFO - Processing /home/airflow/.local/lib/python3.12/site-packages/airflow/example_dags/example_branch_operator.py took 0.089 seconds
[2025-02-01T00:02:42.801+0000] {processor.py:186} INFO - Started process (PID=25397) to work on /home/airflow/.local/lib/python3.12/site-packages/airflow/example_dags/example_branch_operator.py
[2025-02-01T00:02:42.802+0000] {processor.py:914} INFO - Processing file /home/airflow/.local/lib/python3.12/site-packages/airflow/example_dags/example_branch_operator.py for tasks to queue
[2025-02-01T00:02:42.804+0000] {logging_mixin.py:190} INFO - [2025-02-01T00:02:42.803+0000] {dagbag.py:587} INFO - Filling up the DagBag from /home/airflow/.local/lib/python3.12/site-packages/airflow/example_dags/example_branch_operator.py
[2025-02-01T00:02:42.819+0000] {processor.py:925} INFO - DAG(s) 'example_branch_operator' retrieved from /home/airflow/.local/lib/python3.12/site-packages/airflow/example_dags/example_branch_operator.py
[2025-02-01T00:02:42.846+0000] {logging_mixin.py:190} INFO - [2025-02-01T00:02:42.845+0000] {dag.py:3211} INFO - Sync 1 DAGs
[2025-02-01T00:02:42.867+0000] {logging_mixin.py:190} INFO - [2025-02-01T00:02:42.867+0000] {dag.py:4138} INFO - Setting next_dagrun for example_branch_operator to 2025-01-31 00:00:00+00:00, run_after=2025-02-01 00:00:00+00:00
[2025-02-01T00:02:42.887+0000] {processor.py:208} INFO - Processing /home/airflow/.local/lib/python3.12/site-packages/airflow/example_dags/example_branch_operator.py took 0.090 seconds
[2025-02-01T00:03:13.078+0000] {processor.py:186} INFO - Started process (PID=25460) to work on /home/airflow/.local/lib/python3.12/site-packages/airflow/example_dags/example_branch_operator.py
[2025-02-01T00:03:13.079+0000] {processor.py:914} INFO - Processing file /home/airflow/.local/lib/python3.12/site-packages/airflow/example_dags/example_branch_operator.py for tasks to queue
[2025-02-01T00:03:13.081+0000] {logging_mixin.py:190} INFO - [2025-02-01T00:03:13.080+0000] {dagbag.py:587} INFO - Filling up the DagBag from /home/airflow/.local/lib/python3.12/site-packages/airflow/example_dags/example_branch_operator.py
[2025-02-01T00:03:13.098+0000] {processor.py:925} INFO - DAG(s) 'example_branch_operator' retrieved from /home/airflow/.local/lib/python3.12/site-packages/airflow/example_dags/example_branch_operator.py
[2025-02-01T00:03:13.125+0000] {logging_mixin.py:190} INFO - [2025-02-01T00:03:13.125+0000] {dag.py:3211} INFO - Sync 1 DAGs
[2025-02-01T00:03:13.147+0000] {logging_mixin.py:190} INFO - [2025-02-01T00:03:13.147+0000] {dag.py:4138} INFO - Setting next_dagrun for example_branch_operator to 2025-01-31 00:00:00+00:00, run_after=2025-02-01 00:00:00+00:00
[2025-02-01T00:03:13.165+0000] {processor.py:208} INFO - Processing /home/airflow/.local/lib/python3.12/site-packages/airflow/example_dags/example_branch_operator.py took 0.092 seconds
[2025-02-01T00:03:43.216+0000] {processor.py:186} INFO - Started process (PID=25523) to work on /home/airflow/.local/lib/python3.12/site-packages/airflow/example_dags/example_branch_operator.py
[2025-02-01T00:03:43.217+0000] {processor.py:914} INFO - Processing file /home/airflow/.local/lib/python3.12/site-packages/airflow/example_dags/example_branch_operator.py for tasks to queue
[2025-02-01T00:03:43.218+0000] {logging_mixin.py:190} INFO - [2025-02-01T00:03:43.218+0000] {dagbag.py:587} INFO - Filling up the DagBag from /home/airflow/.local/lib/python3.12/site-packages/airflow/example_dags/example_branch_operator.py
[2025-02-01T00:03:43.233+0000] {processor.py:925} INFO - DAG(s) 'example_branch_operator' retrieved from /home/airflow/.local/lib/python3.12/site-packages/airflow/example_dags/example_branch_operator.py
[2025-02-01T00:03:43.257+0000] {logging_mixin.py:190} INFO - [2025-02-01T00:03:43.257+0000] {dag.py:3211} INFO - Sync 1 DAGs
[2025-02-01T00:03:43.278+0000] {logging_mixin.py:190} INFO - [2025-02-01T00:03:43.278+0000] {dag.py:4138} INFO - Setting next_dagrun for example_branch_operator to 2025-01-31 00:00:00+00:00, run_after=2025-02-01 00:00:00+00:00
[2025-02-01T00:03:43.295+0000] {processor.py:208} INFO - Processing /home/airflow/.local/lib/python3.12/site-packages/airflow/example_dags/example_branch_operator.py took 0.083 seconds
[2025-02-01T00:04:13.425+0000] {processor.py:186} INFO - Started process (PID=25586) to work on /home/airflow/.local/lib/python3.12/site-packages/airflow/example_dags/example_branch_operator.py
[2025-02-01T00:04:13.426+0000] {processor.py:914} INFO - Processing file /home/airflow/.local/lib/python3.12/site-packages/airflow/example_dags/example_branch_operator.py for tasks to queue
[2025-02-01T00:04:13.427+0000] {logging_mixin.py:190} INFO - [2025-02-01T00:04:13.427+0000] {dagbag.py:587} INFO - Filling up the DagBag from /home/airflow/.local/lib/python3.12/site-packages/airflow/example_dags/example_branch_operator.py
[2025-02-01T00:04:13.440+0000] {processor.py:925} INFO - DAG(s) 'example_branch_operator' retrieved from /home/airflow/.local/lib/python3.12/site-packages/airflow/example_dags/example_branch_operator.py
[2025-02-01T00:04:13.465+0000] {logging_mixin.py:190} INFO - [2025-02-01T00:04:13.465+0000] {dag.py:3211} INFO - Sync 1 DAGs
[2025-02-01T00:04:13.485+0000] {logging_mixin.py:190} INFO - [2025-02-01T00:04:13.484+0000] {dag.py:4138} INFO - Setting next_dagrun for example_branch_operator to 2025-01-31 00:00:00+00:00, run_after=2025-02-01 00:00:00+00:00
[2025-02-01T00:04:13.501+0000] {processor.py:208} INFO - Processing /home/airflow/.local/lib/python3.12/site-packages/airflow/example_dags/example_branch_operator.py took 0.080 seconds
[2025-02-01T00:04:43.568+0000] {processor.py:186} INFO - Started process (PID=25648) to work on /home/airflow/.local/lib/python3.12/site-packages/airflow/example_dags/example_branch_operator.py
[2025-02-01T00:04:43.569+0000] {processor.py:914} INFO - Processing file /home/airflow/.local/lib/python3.12/site-packages/airflow/example_dags/example_branch_operator.py for tasks to queue
[2025-02-01T00:04:43.571+0000] {logging_mixin.py:190} INFO - [2025-02-01T00:04:43.570+0000] {dagbag.py:587} INFO - Filling up the DagBag from /home/airflow/.local/lib/python3.12/site-packages/airflow/example_dags/example_branch_operator.py
[2025-02-01T00:04:43.584+0000] {processor.py:925} INFO - DAG(s) 'example_branch_operator' retrieved from /home/airflow/.local/lib/python3.12/site-packages/airflow/example_dags/example_branch_operator.py
[2025-02-01T00:04:43.609+0000] {logging_mixin.py:190} INFO - [2025-02-01T00:04:43.609+0000] {dag.py:3211} INFO - Sync 1 DAGs
[2025-02-01T00:04:43.628+0000] {logging_mixin.py:190} INFO - [2025-02-01T00:04:43.628+0000] {dag.py:4138} INFO - Setting next_dagrun for example_branch_operator to 2025-01-31 00:00:00+00:00, run_after=2025-02-01 00:00:00+00:00
[2025-02-01T00:04:43.645+0000] {processor.py:208} INFO - Processing /home/airflow/.local/lib/python3.12/site-packages/airflow/example_dags/example_branch_operator.py took 0.081 seconds
[2025-02-01T00:05:13.845+0000] {processor.py:186} INFO - Started process (PID=25711) to work on /home/airflow/.local/lib/python3.12/site-packages/airflow/example_dags/example_branch_operator.py
[2025-02-01T00:05:13.846+0000] {processor.py:914} INFO - Processing file /home/airflow/.local/lib/python3.12/site-packages/airflow/example_dags/example_branch_operator.py for tasks to queue
[2025-02-01T00:05:13.847+0000] {logging_mixin.py:190} INFO - [2025-02-01T00:05:13.847+0000] {dagbag.py:587} INFO - Filling up the DagBag from /home/airflow/.local/lib/python3.12/site-packages/airflow/example_dags/example_branch_operator.py
[2025-02-01T00:05:13.862+0000] {processor.py:925} INFO - DAG(s) 'example_branch_operator' retrieved from /home/airflow/.local/lib/python3.12/site-packages/airflow/example_dags/example_branch_operator.py
[2025-02-01T00:05:13.888+0000] {logging_mixin.py:190} INFO - [2025-02-01T00:05:13.888+0000] {dag.py:3211} INFO - Sync 1 DAGs
[2025-02-01T00:05:13.909+0000] {logging_mixin.py:190} INFO - [2025-02-01T00:05:13.909+0000] {dag.py:4138} INFO - Setting next_dagrun for example_branch_operator to 2025-01-31 00:00:00+00:00, run_after=2025-02-01 00:00:00+00:00
[2025-02-01T00:05:13.926+0000] {processor.py:208} INFO - Processing /home/airflow/.local/lib/python3.12/site-packages/airflow/example_dags/example_branch_operator.py took 0.086 seconds
[2025-02-01T00:05:44.203+0000] {processor.py:186} INFO - Started process (PID=25774) to work on /home/airflow/.local/lib/python3.12/site-packages/airflow/example_dags/example_branch_operator.py
[2025-02-01T00:05:44.204+0000] {processor.py:914} INFO - Processing file /home/airflow/.local/lib/python3.12/site-packages/airflow/example_dags/example_branch_operator.py for tasks to queue
[2025-02-01T00:05:44.205+0000] {logging_mixin.py:190} INFO - [2025-02-01T00:05:44.205+0000] {dagbag.py:587} INFO - Filling up the DagBag from /home/airflow/.local/lib/python3.12/site-packages/airflow/example_dags/example_branch_operator.py
[2025-02-01T00:05:44.220+0000] {processor.py:925} INFO - DAG(s) 'example_branch_operator' retrieved from /home/airflow/.local/lib/python3.12/site-packages/airflow/example_dags/example_branch_operator.py
[2025-02-01T00:05:44.247+0000] {logging_mixin.py:190} INFO - [2025-02-01T00:05:44.246+0000] {dag.py:3211} INFO - Sync 1 DAGs
[2025-02-01T00:05:44.268+0000] {logging_mixin.py:190} INFO - [2025-02-01T00:05:44.268+0000] {dag.py:4138} INFO - Setting next_dagrun for example_branch_operator to 2025-01-31 00:00:00+00:00, run_after=2025-02-01 00:00:00+00:00
[2025-02-01T00:05:44.293+0000] {processor.py:208} INFO - Processing /home/airflow/.local/lib/python3.12/site-packages/airflow/example_dags/example_branch_operator.py took 0.095 seconds
[2025-02-01T00:06:14.438+0000] {processor.py:186} INFO - Started process (PID=25837) to work on /home/airflow/.local/lib/python3.12/site-packages/airflow/example_dags/example_branch_operator.py
[2025-02-01T00:06:14.439+0000] {processor.py:914} INFO - Processing file /home/airflow/.local/lib/python3.12/site-packages/airflow/example_dags/example_branch_operator.py for tasks to queue
[2025-02-01T00:06:14.440+0000] {logging_mixin.py:190} INFO - [2025-02-01T00:06:14.440+0000] {dagbag.py:587} INFO - Filling up the DagBag from /home/airflow/.local/lib/python3.12/site-packages/airflow/example_dags/example_branch_operator.py
[2025-02-01T00:06:14.456+0000] {processor.py:925} INFO - DAG(s) 'example_branch_operator' retrieved from /home/airflow/.local/lib/python3.12/site-packages/airflow/example_dags/example_branch_operator.py
[2025-02-01T00:06:14.484+0000] {logging_mixin.py:190} INFO - [2025-02-01T00:06:14.484+0000] {dag.py:3211} INFO - Sync 1 DAGs
[2025-02-01T00:06:14.507+0000] {logging_mixin.py:190} INFO - [2025-02-01T00:06:14.507+0000] {dag.py:4138} INFO - Setting next_dagrun for example_branch_operator to 2025-01-31 00:00:00+00:00, run_after=2025-02-01 00:00:00+00:00
[2025-02-01T00:06:14.527+0000] {processor.py:208} INFO - Processing /home/airflow/.local/lib/python3.12/site-packages/airflow/example_dags/example_branch_operator.py took 0.094 seconds
[2025-02-01T00:06:44.662+0000] {processor.py:186} INFO - Started process (PID=25900) to work on /home/airflow/.local/lib/python3.12/site-packages/airflow/example_dags/example_branch_operator.py
[2025-02-01T00:06:44.663+0000] {processor.py:914} INFO - Processing file /home/airflow/.local/lib/python3.12/site-packages/airflow/example_dags/example_branch_operator.py for tasks to queue
[2025-02-01T00:06:44.663+0000] {logging_mixin.py:190} INFO - [2025-02-01T00:06:44.663+0000] {dagbag.py:587} INFO - Filling up the DagBag from /home/airflow/.local/lib/python3.12/site-packages/airflow/example_dags/example_branch_operator.py
[2025-02-01T00:06:44.678+0000] {processor.py:925} INFO - DAG(s) 'example_branch_operator' retrieved from /home/airflow/.local/lib/python3.12/site-packages/airflow/example_dags/example_branch_operator.py
[2025-02-01T00:06:44.705+0000] {logging_mixin.py:190} INFO - [2025-02-01T00:06:44.704+0000] {dag.py:3211} INFO - Sync 1 DAGs
[2025-02-01T00:06:44.725+0000] {logging_mixin.py:190} INFO - [2025-02-01T00:06:44.725+0000] {dag.py:4138} INFO - Setting next_dagrun for example_branch_operator to 2025-01-31 00:00:00+00:00, run_after=2025-02-01 00:00:00+00:00
[2025-02-01T00:06:44.743+0000] {processor.py:208} INFO - Processing /home/airflow/.local/lib/python3.12/site-packages/airflow/example_dags/example_branch_operator.py took 0.086 seconds
[2025-02-01T00:07:14.990+0000] {processor.py:186} INFO - Started process (PID=25963) to work on /home/airflow/.local/lib/python3.12/site-packages/airflow/example_dags/example_branch_operator.py
[2025-02-01T00:07:14.991+0000] {processor.py:914} INFO - Processing file /home/airflow/.local/lib/python3.12/site-packages/airflow/example_dags/example_branch_operator.py for tasks to queue
[2025-02-01T00:07:14.992+0000] {logging_mixin.py:190} INFO - [2025-02-01T00:07:14.992+0000] {dagbag.py:587} INFO - Filling up the DagBag from /home/airflow/.local/lib/python3.12/site-packages/airflow/example_dags/example_branch_operator.py
[2025-02-01T00:07:15.008+0000] {processor.py:925} INFO - DAG(s) 'example_branch_operator' retrieved from /home/airflow/.local/lib/python3.12/site-packages/airflow/example_dags/example_branch_operator.py
[2025-02-01T00:07:15.034+0000] {logging_mixin.py:190} INFO - [2025-02-01T00:07:15.034+0000] {dag.py:3211} INFO - Sync 1 DAGs
[2025-02-01T00:07:15.055+0000] {logging_mixin.py:190} INFO - [2025-02-01T00:07:15.055+0000] {dag.py:4138} INFO - Setting next_dagrun for example_branch_operator to 2025-01-31 00:00:00+00:00, run_after=2025-02-01 00:00:00+00:00
[2025-02-01T00:07:15.111+0000] {processor.py:208} INFO - Processing /home/airflow/.local/lib/python3.12/site-packages/airflow/example_dags/example_branch_operator.py took 0.125 seconds
[2025-02-01T00:07:45.286+0000] {processor.py:186} INFO - Started process (PID=26026) to work on /home/airflow/.local/lib/python3.12/site-packages/airflow/example_dags/example_branch_operator.py
[2025-02-01T00:07:45.287+0000] {processor.py:914} INFO - Processing file /home/airflow/.local/lib/python3.12/site-packages/airflow/example_dags/example_branch_operator.py for tasks to queue
[2025-02-01T00:07:45.288+0000] {logging_mixin.py:190} INFO - [2025-02-01T00:07:45.288+0000] {dagbag.py:587} INFO - Filling up the DagBag from /home/airflow/.local/lib/python3.12/site-packages/airflow/example_dags/example_branch_operator.py
[2025-02-01T00:07:45.303+0000] {processor.py:925} INFO - DAG(s) 'example_branch_operator' retrieved from /home/airflow/.local/lib/python3.12/site-packages/airflow/example_dags/example_branch_operator.py
[2025-02-01T00:07:45.329+0000] {logging_mixin.py:190} INFO - [2025-02-01T00:07:45.329+0000] {dag.py:3211} INFO - Sync 1 DAGs
[2025-02-01T00:07:45.351+0000] {logging_mixin.py:190} INFO - [2025-02-01T00:07:45.351+0000] {dag.py:4138} INFO - Setting next_dagrun for example_branch_operator to 2025-01-31 00:00:00+00:00, run_after=2025-02-01 00:00:00+00:00
[2025-02-01T00:07:45.374+0000] {processor.py:208} INFO - Processing /home/airflow/.local/lib/python3.12/site-packages/airflow/example_dags/example_branch_operator.py took 0.093 seconds
[2025-02-01T00:08:15.630+0000] {processor.py:186} INFO - Started process (PID=26089) to work on /home/airflow/.local/lib/python3.12/site-packages/airflow/example_dags/example_branch_operator.py
[2025-02-01T00:08:15.631+0000] {processor.py:914} INFO - Processing file /home/airflow/.local/lib/python3.12/site-packages/airflow/example_dags/example_branch_operator.py for tasks to queue
[2025-02-01T00:08:15.632+0000] {logging_mixin.py:190} INFO - [2025-02-01T00:08:15.632+0000] {dagbag.py:587} INFO - Filling up the DagBag from /home/airflow/.local/lib/python3.12/site-packages/airflow/example_dags/example_branch_operator.py
[2025-02-01T00:08:15.646+0000] {processor.py:925} INFO - DAG(s) 'example_branch_operator' retrieved from /home/airflow/.local/lib/python3.12/site-packages/airflow/example_dags/example_branch_operator.py
[2025-02-01T00:08:15.672+0000] {logging_mixin.py:190} INFO - [2025-02-01T00:08:15.671+0000] {dag.py:3211} INFO - Sync 1 DAGs
[2025-02-01T00:08:15.691+0000] {logging_mixin.py:190} INFO - [2025-02-01T00:08:15.691+0000] {dag.py:4138} INFO - Setting next_dagrun for example_branch_operator to 2025-01-31 00:00:00+00:00, run_after=2025-02-01 00:00:00+00:00
[2025-02-01T00:08:15.713+0000] {processor.py:208} INFO - Processing /home/airflow/.local/lib/python3.12/site-packages/airflow/example_dags/example_branch_operator.py took 0.087 seconds
[2025-02-01T00:08:45.959+0000] {processor.py:186} INFO - Started process (PID=26152) to work on /home/airflow/.local/lib/python3.12/site-packages/airflow/example_dags/example_branch_operator.py
[2025-02-01T00:08:45.960+0000] {processor.py:914} INFO - Processing file /home/airflow/.local/lib/python3.12/site-packages/airflow/example_dags/example_branch_operator.py for tasks to queue
[2025-02-01T00:08:45.961+0000] {logging_mixin.py:190} INFO - [2025-02-01T00:08:45.961+0000] {dagbag.py:587} INFO - Filling up the DagBag from /home/airflow/.local/lib/python3.12/site-packages/airflow/example_dags/example_branch_operator.py
[2025-02-01T00:08:45.976+0000] {processor.py:925} INFO - DAG(s) 'example_branch_operator' retrieved from /home/airflow/.local/lib/python3.12/site-packages/airflow/example_dags/example_branch_operator.py
[2025-02-01T00:08:46.003+0000] {logging_mixin.py:190} INFO - [2025-02-01T00:08:46.003+0000] {dag.py:3211} INFO - Sync 1 DAGs
[2025-02-01T00:08:46.024+0000] {logging_mixin.py:190} INFO - [2025-02-01T00:08:46.024+0000] {dag.py:4138} INFO - Setting next_dagrun for example_branch_operator to 2025-01-31 00:00:00+00:00, run_after=2025-02-01 00:00:00+00:00
[2025-02-01T00:08:46.044+0000] {processor.py:208} INFO - Processing /home/airflow/.local/lib/python3.12/site-packages/airflow/example_dags/example_branch_operator.py took 0.089 seconds
[2025-02-01T00:09:16.277+0000] {processor.py:186} INFO - Started process (PID=26215) to work on /home/airflow/.local/lib/python3.12/site-packages/airflow/example_dags/example_branch_operator.py
[2025-02-01T00:09:16.278+0000] {processor.py:914} INFO - Processing file /home/airflow/.local/lib/python3.12/site-packages/airflow/example_dags/example_branch_operator.py for tasks to queue
[2025-02-01T00:09:16.279+0000] {logging_mixin.py:190} INFO - [2025-02-01T00:09:16.279+0000] {dagbag.py:587} INFO - Filling up the DagBag from /home/airflow/.local/lib/python3.12/site-packages/airflow/example_dags/example_branch_operator.py
[2025-02-01T00:09:16.293+0000] {processor.py:925} INFO - DAG(s) 'example_branch_operator' retrieved from /home/airflow/.local/lib/python3.12/site-packages/airflow/example_dags/example_branch_operator.py
[2025-02-01T00:09:16.320+0000] {logging_mixin.py:190} INFO - [2025-02-01T00:09:16.320+0000] {dag.py:3211} INFO - Sync 1 DAGs
[2025-02-01T00:09:16.342+0000] {logging_mixin.py:190} INFO - [2025-02-01T00:09:16.341+0000] {dag.py:4138} INFO - Setting next_dagrun for example_branch_operator to 2025-01-31 00:00:00+00:00, run_after=2025-02-01 00:00:00+00:00
[2025-02-01T00:09:16.361+0000] {processor.py:208} INFO - Processing /home/airflow/.local/lib/python3.12/site-packages/airflow/example_dags/example_branch_operator.py took 0.088 seconds
[2025-02-01T00:09:46.454+0000] {processor.py:186} INFO - Started process (PID=26278) to work on /home/airflow/.local/lib/python3.12/site-packages/airflow/example_dags/example_branch_operator.py
[2025-02-01T00:09:46.455+0000] {processor.py:914} INFO - Processing file /home/airflow/.local/lib/python3.12/site-packages/airflow/example_dags/example_branch_operator.py for tasks to queue
[2025-02-01T00:09:46.457+0000] {logging_mixin.py:190} INFO - [2025-02-01T00:09:46.456+0000] {dagbag.py:587} INFO - Filling up the DagBag from /home/airflow/.local/lib/python3.12/site-packages/airflow/example_dags/example_branch_operator.py
[2025-02-01T00:09:46.471+0000] {processor.py:925} INFO - DAG(s) 'example_branch_operator' retrieved from /home/airflow/.local/lib/python3.12/site-packages/airflow/example_dags/example_branch_operator.py
[2025-02-01T00:09:46.497+0000] {logging_mixin.py:190} INFO - [2025-02-01T00:09:46.497+0000] {dag.py:3211} INFO - Sync 1 DAGs
[2025-02-01T00:09:46.518+0000] {logging_mixin.py:190} INFO - [2025-02-01T00:09:46.518+0000] {dag.py:4138} INFO - Setting next_dagrun for example_branch_operator to 2025-01-31 00:00:00+00:00, run_after=2025-02-01 00:00:00+00:00
[2025-02-01T00:09:46.536+0000] {processor.py:208} INFO - Processing /home/airflow/.local/lib/python3.12/site-packages/airflow/example_dags/example_branch_operator.py took 0.087 seconds
[2025-02-01T00:10:16.792+0000] {processor.py:186} INFO - Started process (PID=26341) to work on /home/airflow/.local/lib/python3.12/site-packages/airflow/example_dags/example_branch_operator.py
[2025-02-01T00:10:16.793+0000] {processor.py:914} INFO - Processing file /home/airflow/.local/lib/python3.12/site-packages/airflow/example_dags/example_branch_operator.py for tasks to queue
[2025-02-01T00:10:16.794+0000] {logging_mixin.py:190} INFO - [2025-02-01T00:10:16.794+0000] {dagbag.py:587} INFO - Filling up the DagBag from /home/airflow/.local/lib/python3.12/site-packages/airflow/example_dags/example_branch_operator.py
[2025-02-01T00:10:16.809+0000] {processor.py:925} INFO - DAG(s) 'example_branch_operator' retrieved from /home/airflow/.local/lib/python3.12/site-packages/airflow/example_dags/example_branch_operator.py
[2025-02-01T00:10:16.836+0000] {logging_mixin.py:190} INFO - [2025-02-01T00:10:16.836+0000] {dag.py:3211} INFO - Sync 1 DAGs
[2025-02-01T00:10:16.858+0000] {logging_mixin.py:190} INFO - [2025-02-01T00:10:16.857+0000] {dag.py:4138} INFO - Setting next_dagrun for example_branch_operator to 2025-01-31 00:00:00+00:00, run_after=2025-02-01 00:00:00+00:00
[2025-02-01T00:10:16.878+0000] {processor.py:208} INFO - Processing /home/airflow/.local/lib/python3.12/site-packages/airflow/example_dags/example_branch_operator.py took 0.091 seconds
[2025-02-01T00:10:47.213+0000] {processor.py:186} INFO - Started process (PID=26404) to work on /home/airflow/.local/lib/python3.12/site-packages/airflow/example_dags/example_branch_operator.py
[2025-02-01T00:10:47.214+0000] {processor.py:914} INFO - Processing file /home/airflow/.local/lib/python3.12/site-packages/airflow/example_dags/example_branch_operator.py for tasks to queue
[2025-02-01T00:10:47.215+0000] {logging_mixin.py:190} INFO - [2025-02-01T00:10:47.215+0000] {dagbag.py:587} INFO - Filling up the DagBag from /home/airflow/.local/lib/python3.12/site-packages/airflow/example_dags/example_branch_operator.py
[2025-02-01T00:10:47.229+0000] {processor.py:925} INFO - DAG(s) 'example_branch_operator' retrieved from /home/airflow/.local/lib/python3.12/site-packages/airflow/example_dags/example_branch_operator.py
[2025-02-01T00:10:47.254+0000] {logging_mixin.py:190} INFO - [2025-02-01T00:10:47.254+0000] {dag.py:3211} INFO - Sync 1 DAGs
[2025-02-01T00:10:47.275+0000] {logging_mixin.py:190} INFO - [2025-02-01T00:10:47.275+0000] {dag.py:4138} INFO - Setting next_dagrun for example_branch_operator to 2025-01-31 00:00:00+00:00, run_after=2025-02-01 00:00:00+00:00
[2025-02-01T00:10:47.293+0000] {processor.py:208} INFO - Processing /home/airflow/.local/lib/python3.12/site-packages/airflow/example_dags/example_branch_operator.py took 0.085 seconds
[2025-02-01T00:11:17.433+0000] {processor.py:186} INFO - Started process (PID=26467) to work on /home/airflow/.local/lib/python3.12/site-packages/airflow/example_dags/example_branch_operator.py
[2025-02-01T00:11:17.433+0000] {processor.py:914} INFO - Processing file /home/airflow/.local/lib/python3.12/site-packages/airflow/example_dags/example_branch_operator.py for tasks to queue
[2025-02-01T00:11:17.435+0000] {logging_mixin.py:190} INFO - [2025-02-01T00:11:17.434+0000] {dagbag.py:587} INFO - Filling up the DagBag from /home/airflow/.local/lib/python3.12/site-packages/airflow/example_dags/example_branch_operator.py
[2025-02-01T00:11:17.449+0000] {processor.py:925} INFO - DAG(s) 'example_branch_operator' retrieved from /home/airflow/.local/lib/python3.12/site-packages/airflow/example_dags/example_branch_operator.py
[2025-02-01T00:11:17.475+0000] {logging_mixin.py:190} INFO - [2025-02-01T00:11:17.475+0000] {dag.py:3211} INFO - Sync 1 DAGs
[2025-02-01T00:11:17.497+0000] {logging_mixin.py:190} INFO - [2025-02-01T00:11:17.497+0000] {dag.py:4138} INFO - Setting next_dagrun for example_branch_operator to 2025-01-31 00:00:00+00:00, run_after=2025-02-01 00:00:00+00:00
[2025-02-01T00:11:17.515+0000] {processor.py:208} INFO - Processing /home/airflow/.local/lib/python3.12/site-packages/airflow/example_dags/example_branch_operator.py took 0.087 seconds
[2025-02-01T00:11:47.825+0000] {processor.py:186} INFO - Started process (PID=26530) to work on /home/airflow/.local/lib/python3.12/site-packages/airflow/example_dags/example_branch_operator.py
[2025-02-01T00:11:47.826+0000] {processor.py:914} INFO - Processing file /home/airflow/.local/lib/python3.12/site-packages/airflow/example_dags/example_branch_operator.py for tasks to queue
[2025-02-01T00:11:47.827+0000] {logging_mixin.py:190} INFO - [2025-02-01T00:11:47.827+0000] {dagbag.py:587} INFO - Filling up the DagBag from /home/airflow/.local/lib/python3.12/site-packages/airflow/example_dags/example_branch_operator.py
[2025-02-01T00:11:47.841+0000] {processor.py:925} INFO - DAG(s) 'example_branch_operator' retrieved from /home/airflow/.local/lib/python3.12/site-packages/airflow/example_dags/example_branch_operator.py
[2025-02-01T00:11:47.867+0000] {logging_mixin.py:190} INFO - [2025-02-01T00:11:47.867+0000] {dag.py:3211} INFO - Sync 1 DAGs
[2025-02-01T00:11:47.889+0000] {logging_mixin.py:190} INFO - [2025-02-01T00:11:47.889+0000] {dag.py:4138} INFO - Setting next_dagrun for example_branch_operator to 2025-01-31 00:00:00+00:00, run_after=2025-02-01 00:00:00+00:00
[2025-02-01T00:11:47.907+0000] {processor.py:208} INFO - Processing /home/airflow/.local/lib/python3.12/site-packages/airflow/example_dags/example_branch_operator.py took 0.086 seconds
[2025-02-01T00:12:18.079+0000] {processor.py:186} INFO - Started process (PID=26593) to work on /home/airflow/.local/lib/python3.12/site-packages/airflow/example_dags/example_branch_operator.py
[2025-02-01T00:12:18.080+0000] {processor.py:914} INFO - Processing file /home/airflow/.local/lib/python3.12/site-packages/airflow/example_dags/example_branch_operator.py for tasks to queue
[2025-02-01T00:12:18.081+0000] {logging_mixin.py:190} INFO - [2025-02-01T00:12:18.081+0000] {dagbag.py:587} INFO - Filling up the DagBag from /home/airflow/.local/lib/python3.12/site-packages/airflow/example_dags/example_branch_operator.py
[2025-02-01T00:12:18.096+0000] {processor.py:925} INFO - DAG(s) 'example_branch_operator' retrieved from /home/airflow/.local/lib/python3.12/site-packages/airflow/example_dags/example_branch_operator.py
[2025-02-01T00:12:18.122+0000] {logging_mixin.py:190} INFO - [2025-02-01T00:12:18.122+0000] {dag.py:3211} INFO - Sync 1 DAGs
[2025-02-01T00:12:18.144+0000] {logging_mixin.py:190} INFO - [2025-02-01T00:12:18.144+0000] {dag.py:4138} INFO - Setting next_dagrun for example_branch_operator to 2025-01-31 00:00:00+00:00, run_after=2025-02-01 00:00:00+00:00
[2025-02-01T00:12:18.163+0000] {processor.py:208} INFO - Processing /home/airflow/.local/lib/python3.12/site-packages/airflow/example_dags/example_branch_operator.py took 0.089 seconds
[2025-02-01T00:12:48.328+0000] {processor.py:186} INFO - Started process (PID=26656) to work on /home/airflow/.local/lib/python3.12/site-packages/airflow/example_dags/example_branch_operator.py
[2025-02-01T00:12:48.329+0000] {processor.py:914} INFO - Processing file /home/airflow/.local/lib/python3.12/site-packages/airflow/example_dags/example_branch_operator.py for tasks to queue
[2025-02-01T00:12:48.331+0000] {logging_mixin.py:190} INFO - [2025-02-01T00:12:48.330+0000] {dagbag.py:587} INFO - Filling up the DagBag from /home/airflow/.local/lib/python3.12/site-packages/airflow/example_dags/example_branch_operator.py
[2025-02-01T00:12:48.345+0000] {processor.py:925} INFO - DAG(s) 'example_branch_operator' retrieved from /home/airflow/.local/lib/python3.12/site-packages/airflow/example_dags/example_branch_operator.py
[2025-02-01T00:12:48.371+0000] {logging_mixin.py:190} INFO - [2025-02-01T00:12:48.370+0000] {dag.py:3211} INFO - Sync 1 DAGs
[2025-02-01T00:12:48.391+0000] {logging_mixin.py:190} INFO - [2025-02-01T00:12:48.391+0000] {dag.py:4138} INFO - Setting next_dagrun for example_branch_operator to 2025-01-31 00:00:00+00:00, run_after=2025-02-01 00:00:00+00:00
[2025-02-01T00:12:48.409+0000] {processor.py:208} INFO - Processing /home/airflow/.local/lib/python3.12/site-packages/airflow/example_dags/example_branch_operator.py took 0.085 seconds
[2025-02-01T00:13:18.474+0000] {processor.py:186} INFO - Started process (PID=26719) to work on /home/airflow/.local/lib/python3.12/site-packages/airflow/example_dags/example_branch_operator.py
[2025-02-01T00:13:18.475+0000] {processor.py:914} INFO - Processing file /home/airflow/.local/lib/python3.12/site-packages/airflow/example_dags/example_branch_operator.py for tasks to queue
[2025-02-01T00:13:18.476+0000] {logging_mixin.py:190} INFO - [2025-02-01T00:13:18.476+0000] {dagbag.py:587} INFO - Filling up the DagBag from /home/airflow/.local/lib/python3.12/site-packages/airflow/example_dags/example_branch_operator.py
[2025-02-01T00:13:18.490+0000] {processor.py:925} INFO - DAG(s) 'example_branch_operator' retrieved from /home/airflow/.local/lib/python3.12/site-packages/airflow/example_dags/example_branch_operator.py
[2025-02-01T00:13:18.514+0000] {logging_mixin.py:190} INFO - [2025-02-01T00:13:18.514+0000] {dag.py:3211} INFO - Sync 1 DAGs
[2025-02-01T00:13:18.534+0000] {logging_mixin.py:190} INFO - [2025-02-01T00:13:18.533+0000] {dag.py:4138} INFO - Setting next_dagrun for example_branch_operator to 2025-01-31 00:00:00+00:00, run_after=2025-02-01 00:00:00+00:00
[2025-02-01T00:13:18.550+0000] {processor.py:208} INFO - Processing /home/airflow/.local/lib/python3.12/site-packages/airflow/example_dags/example_branch_operator.py took 0.081 seconds
[2025-02-01T00:13:48.764+0000] {processor.py:186} INFO - Started process (PID=26782) to work on /home/airflow/.local/lib/python3.12/site-packages/airflow/example_dags/example_branch_operator.py
[2025-02-01T00:13:48.765+0000] {processor.py:914} INFO - Processing file /home/airflow/.local/lib/python3.12/site-packages/airflow/example_dags/example_branch_operator.py for tasks to queue
[2025-02-01T00:13:48.767+0000] {logging_mixin.py:190} INFO - [2025-02-01T00:13:48.766+0000] {dagbag.py:587} INFO - Filling up the DagBag from /home/airflow/.local/lib/python3.12/site-packages/airflow/example_dags/example_branch_operator.py
[2025-02-01T00:13:48.784+0000] {processor.py:925} INFO - DAG(s) 'example_branch_operator' retrieved from /home/airflow/.local/lib/python3.12/site-packages/airflow/example_dags/example_branch_operator.py
[2025-02-01T00:13:48.808+0000] {logging_mixin.py:190} INFO - [2025-02-01T00:13:48.808+0000] {dag.py:3211} INFO - Sync 1 DAGs
[2025-02-01T00:13:48.827+0000] {logging_mixin.py:190} INFO - [2025-02-01T00:13:48.827+0000] {dag.py:4138} INFO - Setting next_dagrun for example_branch_operator to 2025-01-31 00:00:00+00:00, run_after=2025-02-01 00:00:00+00:00
[2025-02-01T00:13:48.843+0000] {processor.py:208} INFO - Processing /home/airflow/.local/lib/python3.12/site-packages/airflow/example_dags/example_branch_operator.py took 0.087 seconds
[2025-02-01T00:14:19.160+0000] {processor.py:186} INFO - Started process (PID=26845) to work on /home/airflow/.local/lib/python3.12/site-packages/airflow/example_dags/example_branch_operator.py
[2025-02-01T00:14:19.161+0000] {processor.py:914} INFO - Processing file /home/airflow/.local/lib/python3.12/site-packages/airflow/example_dags/example_branch_operator.py for tasks to queue
[2025-02-01T00:14:19.163+0000] {logging_mixin.py:190} INFO - [2025-02-01T00:14:19.163+0000] {dagbag.py:587} INFO - Filling up the DagBag from /home/airflow/.local/lib/python3.12/site-packages/airflow/example_dags/example_branch_operator.py
[2025-02-01T00:14:19.176+0000] {processor.py:925} INFO - DAG(s) 'example_branch_operator' retrieved from /home/airflow/.local/lib/python3.12/site-packages/airflow/example_dags/example_branch_operator.py
[2025-02-01T00:14:19.203+0000] {logging_mixin.py:190} INFO - [2025-02-01T00:14:19.203+0000] {dag.py:3211} INFO - Sync 1 DAGs
[2025-02-01T00:14:19.223+0000] {logging_mixin.py:190} INFO - [2025-02-01T00:14:19.223+0000] {dag.py:4138} INFO - Setting next_dagrun for example_branch_operator to 2025-01-31 00:00:00+00:00, run_after=2025-02-01 00:00:00+00:00
[2025-02-01T00:14:19.238+0000] {processor.py:208} INFO - Processing /home/airflow/.local/lib/python3.12/site-packages/airflow/example_dags/example_branch_operator.py took 0.085 seconds
[2025-02-01T00:14:49.305+0000] {processor.py:186} INFO - Started process (PID=26908) to work on /home/airflow/.local/lib/python3.12/site-packages/airflow/example_dags/example_branch_operator.py
[2025-02-01T00:14:49.306+0000] {processor.py:914} INFO - Processing file /home/airflow/.local/lib/python3.12/site-packages/airflow/example_dags/example_branch_operator.py for tasks to queue
[2025-02-01T00:14:49.307+0000] {logging_mixin.py:190} INFO - [2025-02-01T00:14:49.307+0000] {dagbag.py:587} INFO - Filling up the DagBag from /home/airflow/.local/lib/python3.12/site-packages/airflow/example_dags/example_branch_operator.py
[2025-02-01T00:14:49.329+0000] {processor.py:925} INFO - DAG(s) 'example_branch_operator' retrieved from /home/airflow/.local/lib/python3.12/site-packages/airflow/example_dags/example_branch_operator.py
[2025-02-01T00:14:49.355+0000] {logging_mixin.py:190} INFO - [2025-02-01T00:14:49.355+0000] {dag.py:3211} INFO - Sync 1 DAGs
[2025-02-01T00:14:49.377+0000] {logging_mixin.py:190} INFO - [2025-02-01T00:14:49.377+0000] {dag.py:4138} INFO - Setting next_dagrun for example_branch_operator to 2025-01-31 00:00:00+00:00, run_after=2025-02-01 00:00:00+00:00
[2025-02-01T00:14:49.399+0000] {processor.py:208} INFO - Processing /home/airflow/.local/lib/python3.12/site-packages/airflow/example_dags/example_branch_operator.py took 0.098 seconds
[2025-02-01T00:15:19.736+0000] {processor.py:186} INFO - Started process (PID=26971) to work on /home/airflow/.local/lib/python3.12/site-packages/airflow/example_dags/example_branch_operator.py
[2025-02-01T00:15:19.737+0000] {processor.py:914} INFO - Processing file /home/airflow/.local/lib/python3.12/site-packages/airflow/example_dags/example_branch_operator.py for tasks to queue
[2025-02-01T00:15:19.738+0000] {logging_mixin.py:190} INFO - [2025-02-01T00:15:19.738+0000] {dagbag.py:587} INFO - Filling up the DagBag from /home/airflow/.local/lib/python3.12/site-packages/airflow/example_dags/example_branch_operator.py
[2025-02-01T00:15:19.765+0000] {processor.py:925} INFO - DAG(s) 'example_branch_operator' retrieved from /home/airflow/.local/lib/python3.12/site-packages/airflow/example_dags/example_branch_operator.py
[2025-02-01T00:15:19.793+0000] {logging_mixin.py:190} INFO - [2025-02-01T00:15:19.793+0000] {dag.py:3211} INFO - Sync 1 DAGs
[2025-02-01T00:15:19.824+0000] {logging_mixin.py:190} INFO - [2025-02-01T00:15:19.824+0000] {dag.py:4138} INFO - Setting next_dagrun for example_branch_operator to 2025-01-31 00:00:00+00:00, run_after=2025-02-01 00:00:00+00:00
[2025-02-01T00:15:19.848+0000] {processor.py:208} INFO - Processing /home/airflow/.local/lib/python3.12/site-packages/airflow/example_dags/example_branch_operator.py took 0.119 seconds
[2025-02-01T00:15:50.139+0000] {processor.py:186} INFO - Started process (PID=27033) to work on /home/airflow/.local/lib/python3.12/site-packages/airflow/example_dags/example_branch_operator.py
[2025-02-01T00:15:50.140+0000] {processor.py:914} INFO - Processing file /home/airflow/.local/lib/python3.12/site-packages/airflow/example_dags/example_branch_operator.py for tasks to queue
[2025-02-01T00:15:50.141+0000] {logging_mixin.py:190} INFO - [2025-02-01T00:15:50.141+0000] {dagbag.py:587} INFO - Filling up the DagBag from /home/airflow/.local/lib/python3.12/site-packages/airflow/example_dags/example_branch_operator.py
[2025-02-01T00:15:50.155+0000] {processor.py:925} INFO - DAG(s) 'example_branch_operator' retrieved from /home/airflow/.local/lib/python3.12/site-packages/airflow/example_dags/example_branch_operator.py
[2025-02-01T00:15:50.180+0000] {logging_mixin.py:190} INFO - [2025-02-01T00:15:50.179+0000] {dag.py:3211} INFO - Sync 1 DAGs
[2025-02-01T00:15:50.200+0000] {logging_mixin.py:190} INFO - [2025-02-01T00:15:50.199+0000] {dag.py:4138} INFO - Setting next_dagrun for example_branch_operator to 2025-01-31 00:00:00+00:00, run_after=2025-02-01 00:00:00+00:00
[2025-02-01T00:15:50.217+0000] {processor.py:208} INFO - Processing /home/airflow/.local/lib/python3.12/site-packages/airflow/example_dags/example_branch_operator.py took 0.083 seconds
[2025-02-01T00:16:20.317+0000] {processor.py:186} INFO - Started process (PID=27096) to work on /home/airflow/.local/lib/python3.12/site-packages/airflow/example_dags/example_branch_operator.py
[2025-02-01T00:16:20.317+0000] {processor.py:914} INFO - Processing file /home/airflow/.local/lib/python3.12/site-packages/airflow/example_dags/example_branch_operator.py for tasks to queue
[2025-02-01T00:16:20.318+0000] {logging_mixin.py:190} INFO - [2025-02-01T00:16:20.318+0000] {dagbag.py:587} INFO - Filling up the DagBag from /home/airflow/.local/lib/python3.12/site-packages/airflow/example_dags/example_branch_operator.py
[2025-02-01T00:16:20.332+0000] {processor.py:925} INFO - DAG(s) 'example_branch_operator' retrieved from /home/airflow/.local/lib/python3.12/site-packages/airflow/example_dags/example_branch_operator.py
[2025-02-01T00:16:20.357+0000] {logging_mixin.py:190} INFO - [2025-02-01T00:16:20.356+0000] {dag.py:3211} INFO - Sync 1 DAGs
[2025-02-01T00:16:20.376+0000] {logging_mixin.py:190} INFO - [2025-02-01T00:16:20.376+0000] {dag.py:4138} INFO - Setting next_dagrun for example_branch_operator to 2025-01-31 00:00:00+00:00, run_after=2025-02-01 00:00:00+00:00
[2025-02-01T00:16:20.392+0000] {processor.py:208} INFO - Processing /home/airflow/.local/lib/python3.12/site-packages/airflow/example_dags/example_branch_operator.py took 0.080 seconds
