[2025-02-01T00:00:12.321+0000] {processor.py:186} INFO - Started process (PID=25083) to work on /home/airflow/.local/lib/python3.12/site-packages/airflow/example_dags/example_kubernetes_executor.py
[2025-02-01T00:00:12.321+0000] {processor.py:914} INFO - Processing file /home/airflow/.local/lib/python3.12/site-packages/airflow/example_dags/example_kubernetes_executor.py for tasks to queue
[2025-02-01T00:00:12.323+0000] {logging_mixin.py:190} INFO - [2025-02-01T00:00:12.322+0000] {dagbag.py:587} INFO - Filling up the DagBag from /home/airflow/.local/lib/python3.12/site-packages/airflow/example_dags/example_kubernetes_executor.py
[2025-02-01T00:00:12.335+0000] {processor.py:925} INFO - DAG(s) 'example_kubernetes_executor' retrieved from /home/airflow/.local/lib/python3.12/site-packages/airflow/example_dags/example_kubernetes_executor.py
[2025-02-01T00:00:12.368+0000] {logging_mixin.py:190} INFO - [2025-02-01T00:00:12.367+0000] {dag.py:3211} INFO - Sync 1 DAGs
[2025-02-01T00:00:12.383+0000] {logging_mixin.py:190} INFO - [2025-02-01T00:00:12.382+0000] {dag.py:4138} INFO - Setting next_dagrun for example_kubernetes_executor to None, run_after=None
[2025-02-01T00:00:12.403+0000] {processor.py:208} INFO - Processing /home/airflow/.local/lib/python3.12/site-packages/airflow/example_dags/example_kubernetes_executor.py took 0.087 seconds
[2025-02-01T00:00:42.923+0000] {processor.py:186} INFO - Started process (PID=25147) to work on /home/airflow/.local/lib/python3.12/site-packages/airflow/example_dags/example_kubernetes_executor.py
[2025-02-01T00:00:42.924+0000] {processor.py:914} INFO - Processing file /home/airflow/.local/lib/python3.12/site-packages/airflow/example_dags/example_kubernetes_executor.py for tasks to queue
[2025-02-01T00:00:42.925+0000] {logging_mixin.py:190} INFO - [2025-02-01T00:00:42.925+0000] {dagbag.py:587} INFO - Filling up the DagBag from /home/airflow/.local/lib/python3.12/site-packages/airflow/example_dags/example_kubernetes_executor.py
[2025-02-01T00:00:42.938+0000] {processor.py:925} INFO - DAG(s) 'example_kubernetes_executor' retrieved from /home/airflow/.local/lib/python3.12/site-packages/airflow/example_dags/example_kubernetes_executor.py
[2025-02-01T00:00:42.968+0000] {logging_mixin.py:190} INFO - [2025-02-01T00:00:42.968+0000] {dag.py:3211} INFO - Sync 1 DAGs
[2025-02-01T00:00:42.980+0000] {logging_mixin.py:190} INFO - [2025-02-01T00:00:42.980+0000] {dag.py:4138} INFO - Setting next_dagrun for example_kubernetes_executor to None, run_after=None
[2025-02-01T00:00:42.998+0000] {processor.py:208} INFO - Processing /home/airflow/.local/lib/python3.12/site-packages/airflow/example_dags/example_kubernetes_executor.py took 0.079 seconds
[2025-02-01T00:01:13.225+0000] {processor.py:186} INFO - Started process (PID=25210) to work on /home/airflow/.local/lib/python3.12/site-packages/airflow/example_dags/example_kubernetes_executor.py
[2025-02-01T00:01:13.226+0000] {processor.py:914} INFO - Processing file /home/airflow/.local/lib/python3.12/site-packages/airflow/example_dags/example_kubernetes_executor.py for tasks to queue
[2025-02-01T00:01:13.227+0000] {logging_mixin.py:190} INFO - [2025-02-01T00:01:13.227+0000] {dagbag.py:587} INFO - Filling up the DagBag from /home/airflow/.local/lib/python3.12/site-packages/airflow/example_dags/example_kubernetes_executor.py
[2025-02-01T00:01:13.239+0000] {processor.py:925} INFO - DAG(s) 'example_kubernetes_executor' retrieved from /home/airflow/.local/lib/python3.12/site-packages/airflow/example_dags/example_kubernetes_executor.py
[2025-02-01T00:01:13.271+0000] {logging_mixin.py:190} INFO - [2025-02-01T00:01:13.271+0000] {dag.py:3211} INFO - Sync 1 DAGs
[2025-02-01T00:01:13.284+0000] {logging_mixin.py:190} INFO - [2025-02-01T00:01:13.284+0000] {dag.py:4138} INFO - Setting next_dagrun for example_kubernetes_executor to None, run_after=None
[2025-02-01T00:01:13.302+0000] {processor.py:208} INFO - Processing /home/airflow/.local/lib/python3.12/site-packages/airflow/example_dags/example_kubernetes_executor.py took 0.081 seconds
[2025-02-01T00:01:43.564+0000] {processor.py:186} INFO - Started process (PID=25273) to work on /home/airflow/.local/lib/python3.12/site-packages/airflow/example_dags/example_kubernetes_executor.py
[2025-02-01T00:01:43.565+0000] {processor.py:914} INFO - Processing file /home/airflow/.local/lib/python3.12/site-packages/airflow/example_dags/example_kubernetes_executor.py for tasks to queue
[2025-02-01T00:01:43.567+0000] {logging_mixin.py:190} INFO - [2025-02-01T00:01:43.566+0000] {dagbag.py:587} INFO - Filling up the DagBag from /home/airflow/.local/lib/python3.12/site-packages/airflow/example_dags/example_kubernetes_executor.py
[2025-02-01T00:01:43.581+0000] {processor.py:925} INFO - DAG(s) 'example_kubernetes_executor' retrieved from /home/airflow/.local/lib/python3.12/site-packages/airflow/example_dags/example_kubernetes_executor.py
[2025-02-01T00:01:43.615+0000] {logging_mixin.py:190} INFO - [2025-02-01T00:01:43.615+0000] {dag.py:3211} INFO - Sync 1 DAGs
[2025-02-01T00:01:43.628+0000] {logging_mixin.py:190} INFO - [2025-02-01T00:01:43.628+0000] {dag.py:4138} INFO - Setting next_dagrun for example_kubernetes_executor to None, run_after=None
[2025-02-01T00:01:43.649+0000] {processor.py:208} INFO - Processing /home/airflow/.local/lib/python3.12/site-packages/airflow/example_dags/example_kubernetes_executor.py took 0.090 seconds
[2025-02-01T00:02:13.772+0000] {processor.py:186} INFO - Started process (PID=25336) to work on /home/airflow/.local/lib/python3.12/site-packages/airflow/example_dags/example_kubernetes_executor.py
[2025-02-01T00:02:13.773+0000] {processor.py:914} INFO - Processing file /home/airflow/.local/lib/python3.12/site-packages/airflow/example_dags/example_kubernetes_executor.py for tasks to queue
[2025-02-01T00:02:13.774+0000] {logging_mixin.py:190} INFO - [2025-02-01T00:02:13.774+0000] {dagbag.py:587} INFO - Filling up the DagBag from /home/airflow/.local/lib/python3.12/site-packages/airflow/example_dags/example_kubernetes_executor.py
[2025-02-01T00:02:13.786+0000] {processor.py:925} INFO - DAG(s) 'example_kubernetes_executor' retrieved from /home/airflow/.local/lib/python3.12/site-packages/airflow/example_dags/example_kubernetes_executor.py
[2025-02-01T00:02:13.817+0000] {logging_mixin.py:190} INFO - [2025-02-01T00:02:13.817+0000] {dag.py:3211} INFO - Sync 1 DAGs
[2025-02-01T00:02:13.830+0000] {logging_mixin.py:190} INFO - [2025-02-01T00:02:13.830+0000] {dag.py:4138} INFO - Setting next_dagrun for example_kubernetes_executor to None, run_after=None
[2025-02-01T00:02:13.851+0000] {processor.py:208} INFO - Processing /home/airflow/.local/lib/python3.12/site-packages/airflow/example_dags/example_kubernetes_executor.py took 0.084 seconds
[2025-02-01T00:02:43.908+0000] {processor.py:186} INFO - Started process (PID=25399) to work on /home/airflow/.local/lib/python3.12/site-packages/airflow/example_dags/example_kubernetes_executor.py
[2025-02-01T00:02:43.909+0000] {processor.py:914} INFO - Processing file /home/airflow/.local/lib/python3.12/site-packages/airflow/example_dags/example_kubernetes_executor.py for tasks to queue
[2025-02-01T00:02:43.910+0000] {logging_mixin.py:190} INFO - [2025-02-01T00:02:43.910+0000] {dagbag.py:587} INFO - Filling up the DagBag from /home/airflow/.local/lib/python3.12/site-packages/airflow/example_dags/example_kubernetes_executor.py
[2025-02-01T00:02:43.922+0000] {processor.py:925} INFO - DAG(s) 'example_kubernetes_executor' retrieved from /home/airflow/.local/lib/python3.12/site-packages/airflow/example_dags/example_kubernetes_executor.py
[2025-02-01T00:02:43.954+0000] {logging_mixin.py:190} INFO - [2025-02-01T00:02:43.953+0000] {dag.py:3211} INFO - Sync 1 DAGs
[2025-02-01T00:02:43.966+0000] {logging_mixin.py:190} INFO - [2025-02-01T00:02:43.966+0000] {dag.py:4138} INFO - Setting next_dagrun for example_kubernetes_executor to None, run_after=None
[2025-02-01T00:02:43.986+0000] {processor.py:208} INFO - Processing /home/airflow/.local/lib/python3.12/site-packages/airflow/example_dags/example_kubernetes_executor.py took 0.082 seconds
[2025-02-01T00:03:14.123+0000] {processor.py:186} INFO - Started process (PID=25462) to work on /home/airflow/.local/lib/python3.12/site-packages/airflow/example_dags/example_kubernetes_executor.py
[2025-02-01T00:03:14.124+0000] {processor.py:914} INFO - Processing file /home/airflow/.local/lib/python3.12/site-packages/airflow/example_dags/example_kubernetes_executor.py for tasks to queue
[2025-02-01T00:03:14.125+0000] {logging_mixin.py:190} INFO - [2025-02-01T00:03:14.125+0000] {dagbag.py:587} INFO - Filling up the DagBag from /home/airflow/.local/lib/python3.12/site-packages/airflow/example_dags/example_kubernetes_executor.py
[2025-02-01T00:03:14.137+0000] {processor.py:925} INFO - DAG(s) 'example_kubernetes_executor' retrieved from /home/airflow/.local/lib/python3.12/site-packages/airflow/example_dags/example_kubernetes_executor.py
[2025-02-01T00:03:14.173+0000] {logging_mixin.py:190} INFO - [2025-02-01T00:03:14.172+0000] {dag.py:3211} INFO - Sync 1 DAGs
[2025-02-01T00:03:14.185+0000] {logging_mixin.py:190} INFO - [2025-02-01T00:03:14.185+0000] {dag.py:4138} INFO - Setting next_dagrun for example_kubernetes_executor to None, run_after=None
[2025-02-01T00:03:14.204+0000] {processor.py:208} INFO - Processing /home/airflow/.local/lib/python3.12/site-packages/airflow/example_dags/example_kubernetes_executor.py took 0.086 seconds
[2025-02-01T00:03:44.345+0000] {processor.py:186} INFO - Started process (PID=25525) to work on /home/airflow/.local/lib/python3.12/site-packages/airflow/example_dags/example_kubernetes_executor.py
[2025-02-01T00:03:44.346+0000] {processor.py:914} INFO - Processing file /home/airflow/.local/lib/python3.12/site-packages/airflow/example_dags/example_kubernetes_executor.py for tasks to queue
[2025-02-01T00:03:44.347+0000] {logging_mixin.py:190} INFO - [2025-02-01T00:03:44.346+0000] {dagbag.py:587} INFO - Filling up the DagBag from /home/airflow/.local/lib/python3.12/site-packages/airflow/example_dags/example_kubernetes_executor.py
[2025-02-01T00:03:44.358+0000] {processor.py:925} INFO - DAG(s) 'example_kubernetes_executor' retrieved from /home/airflow/.local/lib/python3.12/site-packages/airflow/example_dags/example_kubernetes_executor.py
[2025-02-01T00:03:44.390+0000] {logging_mixin.py:190} INFO - [2025-02-01T00:03:44.390+0000] {dag.py:3211} INFO - Sync 1 DAGs
[2025-02-01T00:03:44.404+0000] {logging_mixin.py:190} INFO - [2025-02-01T00:03:44.404+0000] {dag.py:4138} INFO - Setting next_dagrun for example_kubernetes_executor to None, run_after=None
[2025-02-01T00:03:44.421+0000] {processor.py:208} INFO - Processing /home/airflow/.local/lib/python3.12/site-packages/airflow/example_dags/example_kubernetes_executor.py took 0.080 seconds
[2025-02-01T00:04:14.548+0000] {processor.py:186} INFO - Started process (PID=25588) to work on /home/airflow/.local/lib/python3.12/site-packages/airflow/example_dags/example_kubernetes_executor.py
[2025-02-01T00:04:14.549+0000] {processor.py:914} INFO - Processing file /home/airflow/.local/lib/python3.12/site-packages/airflow/example_dags/example_kubernetes_executor.py for tasks to queue
[2025-02-01T00:04:14.550+0000] {logging_mixin.py:190} INFO - [2025-02-01T00:04:14.550+0000] {dagbag.py:587} INFO - Filling up the DagBag from /home/airflow/.local/lib/python3.12/site-packages/airflow/example_dags/example_kubernetes_executor.py
[2025-02-01T00:04:14.561+0000] {processor.py:925} INFO - DAG(s) 'example_kubernetes_executor' retrieved from /home/airflow/.local/lib/python3.12/site-packages/airflow/example_dags/example_kubernetes_executor.py
[2025-02-01T00:04:14.591+0000] {logging_mixin.py:190} INFO - [2025-02-01T00:04:14.591+0000] {dag.py:3211} INFO - Sync 1 DAGs
[2025-02-01T00:04:14.603+0000] {logging_mixin.py:190} INFO - [2025-02-01T00:04:14.603+0000] {dag.py:4138} INFO - Setting next_dagrun for example_kubernetes_executor to None, run_after=None
[2025-02-01T00:04:14.622+0000] {processor.py:208} INFO - Processing /home/airflow/.local/lib/python3.12/site-packages/airflow/example_dags/example_kubernetes_executor.py took 0.078 seconds
[2025-02-01T00:04:44.703+0000] {processor.py:186} INFO - Started process (PID=25651) to work on /home/airflow/.local/lib/python3.12/site-packages/airflow/example_dags/example_kubernetes_executor.py
[2025-02-01T00:04:44.704+0000] {processor.py:914} INFO - Processing file /home/airflow/.local/lib/python3.12/site-packages/airflow/example_dags/example_kubernetes_executor.py for tasks to queue
[2025-02-01T00:04:44.705+0000] {logging_mixin.py:190} INFO - [2025-02-01T00:04:44.705+0000] {dagbag.py:587} INFO - Filling up the DagBag from /home/airflow/.local/lib/python3.12/site-packages/airflow/example_dags/example_kubernetes_executor.py
[2025-02-01T00:04:44.716+0000] {processor.py:925} INFO - DAG(s) 'example_kubernetes_executor' retrieved from /home/airflow/.local/lib/python3.12/site-packages/airflow/example_dags/example_kubernetes_executor.py
[2025-02-01T00:04:44.745+0000] {logging_mixin.py:190} INFO - [2025-02-01T00:04:44.745+0000] {dag.py:3211} INFO - Sync 1 DAGs
[2025-02-01T00:04:44.757+0000] {logging_mixin.py:190} INFO - [2025-02-01T00:04:44.757+0000] {dag.py:4138} INFO - Setting next_dagrun for example_kubernetes_executor to None, run_after=None
[2025-02-01T00:04:44.775+0000] {processor.py:208} INFO - Processing /home/airflow/.local/lib/python3.12/site-packages/airflow/example_dags/example_kubernetes_executor.py took 0.076 seconds
[2025-02-01T00:05:14.985+0000] {processor.py:186} INFO - Started process (PID=25714) to work on /home/airflow/.local/lib/python3.12/site-packages/airflow/example_dags/example_kubernetes_executor.py
[2025-02-01T00:05:14.986+0000] {processor.py:914} INFO - Processing file /home/airflow/.local/lib/python3.12/site-packages/airflow/example_dags/example_kubernetes_executor.py for tasks to queue
[2025-02-01T00:05:14.988+0000] {logging_mixin.py:190} INFO - [2025-02-01T00:05:14.987+0000] {dagbag.py:587} INFO - Filling up the DagBag from /home/airflow/.local/lib/python3.12/site-packages/airflow/example_dags/example_kubernetes_executor.py
[2025-02-01T00:05:14.999+0000] {processor.py:925} INFO - DAG(s) 'example_kubernetes_executor' retrieved from /home/airflow/.local/lib/python3.12/site-packages/airflow/example_dags/example_kubernetes_executor.py
[2025-02-01T00:05:15.032+0000] {logging_mixin.py:190} INFO - [2025-02-01T00:05:15.032+0000] {dag.py:3211} INFO - Sync 1 DAGs
[2025-02-01T00:05:15.044+0000] {logging_mixin.py:190} INFO - [2025-02-01T00:05:15.044+0000] {dag.py:4138} INFO - Setting next_dagrun for example_kubernetes_executor to None, run_after=None
[2025-02-01T00:05:15.064+0000] {processor.py:208} INFO - Processing /home/airflow/.local/lib/python3.12/site-packages/airflow/example_dags/example_kubernetes_executor.py took 0.083 seconds
[2025-02-01T00:05:45.350+0000] {processor.py:186} INFO - Started process (PID=25777) to work on /home/airflow/.local/lib/python3.12/site-packages/airflow/example_dags/example_kubernetes_executor.py
[2025-02-01T00:05:45.351+0000] {processor.py:914} INFO - Processing file /home/airflow/.local/lib/python3.12/site-packages/airflow/example_dags/example_kubernetes_executor.py for tasks to queue
[2025-02-01T00:05:45.352+0000] {logging_mixin.py:190} INFO - [2025-02-01T00:05:45.352+0000] {dagbag.py:587} INFO - Filling up the DagBag from /home/airflow/.local/lib/python3.12/site-packages/airflow/example_dags/example_kubernetes_executor.py
[2025-02-01T00:05:45.364+0000] {processor.py:925} INFO - DAG(s) 'example_kubernetes_executor' retrieved from /home/airflow/.local/lib/python3.12/site-packages/airflow/example_dags/example_kubernetes_executor.py
[2025-02-01T00:05:45.396+0000] {logging_mixin.py:190} INFO - [2025-02-01T00:05:45.396+0000] {dag.py:3211} INFO - Sync 1 DAGs
[2025-02-01T00:05:45.409+0000] {logging_mixin.py:190} INFO - [2025-02-01T00:05:45.409+0000] {dag.py:4138} INFO - Setting next_dagrun for example_kubernetes_executor to None, run_after=None
[2025-02-01T00:05:45.427+0000] {processor.py:208} INFO - Processing /home/airflow/.local/lib/python3.12/site-packages/airflow/example_dags/example_kubernetes_executor.py took 0.081 seconds
[2025-02-01T00:06:15.686+0000] {processor.py:186} INFO - Started process (PID=25840) to work on /home/airflow/.local/lib/python3.12/site-packages/airflow/example_dags/example_kubernetes_executor.py
[2025-02-01T00:06:15.687+0000] {processor.py:914} INFO - Processing file /home/airflow/.local/lib/python3.12/site-packages/airflow/example_dags/example_kubernetes_executor.py for tasks to queue
[2025-02-01T00:06:15.688+0000] {logging_mixin.py:190} INFO - [2025-02-01T00:06:15.688+0000] {dagbag.py:587} INFO - Filling up the DagBag from /home/airflow/.local/lib/python3.12/site-packages/airflow/example_dags/example_kubernetes_executor.py
[2025-02-01T00:06:15.700+0000] {processor.py:925} INFO - DAG(s) 'example_kubernetes_executor' retrieved from /home/airflow/.local/lib/python3.12/site-packages/airflow/example_dags/example_kubernetes_executor.py
[2025-02-01T00:06:15.733+0000] {logging_mixin.py:190} INFO - [2025-02-01T00:06:15.733+0000] {dag.py:3211} INFO - Sync 1 DAGs
[2025-02-01T00:06:15.746+0000] {logging_mixin.py:190} INFO - [2025-02-01T00:06:15.745+0000] {dag.py:4138} INFO - Setting next_dagrun for example_kubernetes_executor to None, run_after=None
[2025-02-01T00:06:15.763+0000] {processor.py:208} INFO - Processing /home/airflow/.local/lib/python3.12/site-packages/airflow/example_dags/example_kubernetes_executor.py took 0.082 seconds
[2025-02-01T00:06:45.958+0000] {processor.py:186} INFO - Started process (PID=25903) to work on /home/airflow/.local/lib/python3.12/site-packages/airflow/example_dags/example_kubernetes_executor.py
[2025-02-01T00:06:45.958+0000] {processor.py:914} INFO - Processing file /home/airflow/.local/lib/python3.12/site-packages/airflow/example_dags/example_kubernetes_executor.py for tasks to queue
[2025-02-01T00:06:45.959+0000] {logging_mixin.py:190} INFO - [2025-02-01T00:06:45.959+0000] {dagbag.py:587} INFO - Filling up the DagBag from /home/airflow/.local/lib/python3.12/site-packages/airflow/example_dags/example_kubernetes_executor.py
[2025-02-01T00:06:45.971+0000] {processor.py:925} INFO - DAG(s) 'example_kubernetes_executor' retrieved from /home/airflow/.local/lib/python3.12/site-packages/airflow/example_dags/example_kubernetes_executor.py
[2025-02-01T00:06:46.004+0000] {logging_mixin.py:190} INFO - [2025-02-01T00:06:46.003+0000] {dag.py:3211} INFO - Sync 1 DAGs
[2025-02-01T00:06:46.016+0000] {logging_mixin.py:190} INFO - [2025-02-01T00:06:46.016+0000] {dag.py:4138} INFO - Setting next_dagrun for example_kubernetes_executor to None, run_after=None
[2025-02-01T00:06:46.034+0000] {processor.py:208} INFO - Processing /home/airflow/.local/lib/python3.12/site-packages/airflow/example_dags/example_kubernetes_executor.py took 0.081 seconds
[2025-02-01T00:07:16.206+0000] {processor.py:186} INFO - Started process (PID=25966) to work on /home/airflow/.local/lib/python3.12/site-packages/airflow/example_dags/example_kubernetes_executor.py
[2025-02-01T00:07:16.207+0000] {processor.py:914} INFO - Processing file /home/airflow/.local/lib/python3.12/site-packages/airflow/example_dags/example_kubernetes_executor.py for tasks to queue
[2025-02-01T00:07:16.208+0000] {logging_mixin.py:190} INFO - [2025-02-01T00:07:16.208+0000] {dagbag.py:587} INFO - Filling up the DagBag from /home/airflow/.local/lib/python3.12/site-packages/airflow/example_dags/example_kubernetes_executor.py
[2025-02-01T00:07:16.220+0000] {processor.py:925} INFO - DAG(s) 'example_kubernetes_executor' retrieved from /home/airflow/.local/lib/python3.12/site-packages/airflow/example_dags/example_kubernetes_executor.py
[2025-02-01T00:07:16.251+0000] {logging_mixin.py:190} INFO - [2025-02-01T00:07:16.251+0000] {dag.py:3211} INFO - Sync 1 DAGs
[2025-02-01T00:07:16.263+0000] {logging_mixin.py:190} INFO - [2025-02-01T00:07:16.263+0000] {dag.py:4138} INFO - Setting next_dagrun for example_kubernetes_executor to None, run_after=None
[2025-02-01T00:07:16.357+0000] {processor.py:208} INFO - Processing /home/airflow/.local/lib/python3.12/site-packages/airflow/example_dags/example_kubernetes_executor.py took 0.156 seconds
[2025-02-01T00:07:46.416+0000] {processor.py:186} INFO - Started process (PID=26028) to work on /home/airflow/.local/lib/python3.12/site-packages/airflow/example_dags/example_kubernetes_executor.py
[2025-02-01T00:07:46.417+0000] {processor.py:914} INFO - Processing file /home/airflow/.local/lib/python3.12/site-packages/airflow/example_dags/example_kubernetes_executor.py for tasks to queue
[2025-02-01T00:07:46.418+0000] {logging_mixin.py:190} INFO - [2025-02-01T00:07:46.418+0000] {dagbag.py:587} INFO - Filling up the DagBag from /home/airflow/.local/lib/python3.12/site-packages/airflow/example_dags/example_kubernetes_executor.py
[2025-02-01T00:07:46.429+0000] {processor.py:925} INFO - DAG(s) 'example_kubernetes_executor' retrieved from /home/airflow/.local/lib/python3.12/site-packages/airflow/example_dags/example_kubernetes_executor.py
[2025-02-01T00:07:46.463+0000] {logging_mixin.py:190} INFO - [2025-02-01T00:07:46.463+0000] {dag.py:3211} INFO - Sync 1 DAGs
[2025-02-01T00:07:46.476+0000] {logging_mixin.py:190} INFO - [2025-02-01T00:07:46.475+0000] {dag.py:4138} INFO - Setting next_dagrun for example_kubernetes_executor to None, run_after=None
[2025-02-01T00:07:46.493+0000] {processor.py:208} INFO - Processing /home/airflow/.local/lib/python3.12/site-packages/airflow/example_dags/example_kubernetes_executor.py took 0.083 seconds
[2025-02-01T00:08:16.686+0000] {processor.py:186} INFO - Started process (PID=26091) to work on /home/airflow/.local/lib/python3.12/site-packages/airflow/example_dags/example_kubernetes_executor.py
[2025-02-01T00:08:16.687+0000] {processor.py:914} INFO - Processing file /home/airflow/.local/lib/python3.12/site-packages/airflow/example_dags/example_kubernetes_executor.py for tasks to queue
[2025-02-01T00:08:16.688+0000] {logging_mixin.py:190} INFO - [2025-02-01T00:08:16.688+0000] {dagbag.py:587} INFO - Filling up the DagBag from /home/airflow/.local/lib/python3.12/site-packages/airflow/example_dags/example_kubernetes_executor.py
[2025-02-01T00:08:16.700+0000] {processor.py:925} INFO - DAG(s) 'example_kubernetes_executor' retrieved from /home/airflow/.local/lib/python3.12/site-packages/airflow/example_dags/example_kubernetes_executor.py
[2025-02-01T00:08:16.732+0000] {logging_mixin.py:190} INFO - [2025-02-01T00:08:16.732+0000] {dag.py:3211} INFO - Sync 1 DAGs
[2025-02-01T00:08:16.747+0000] {logging_mixin.py:190} INFO - [2025-02-01T00:08:16.746+0000] {dag.py:4138} INFO - Setting next_dagrun for example_kubernetes_executor to None, run_after=None
[2025-02-01T00:08:16.765+0000] {processor.py:208} INFO - Processing /home/airflow/.local/lib/python3.12/site-packages/airflow/example_dags/example_kubernetes_executor.py took 0.084 seconds
[2025-02-01T00:08:46.982+0000] {processor.py:186} INFO - Started process (PID=26154) to work on /home/airflow/.local/lib/python3.12/site-packages/airflow/example_dags/example_kubernetes_executor.py
[2025-02-01T00:08:46.983+0000] {processor.py:914} INFO - Processing file /home/airflow/.local/lib/python3.12/site-packages/airflow/example_dags/example_kubernetes_executor.py for tasks to queue
[2025-02-01T00:08:46.984+0000] {logging_mixin.py:190} INFO - [2025-02-01T00:08:46.983+0000] {dagbag.py:587} INFO - Filling up the DagBag from /home/airflow/.local/lib/python3.12/site-packages/airflow/example_dags/example_kubernetes_executor.py
[2025-02-01T00:08:46.996+0000] {processor.py:925} INFO - DAG(s) 'example_kubernetes_executor' retrieved from /home/airflow/.local/lib/python3.12/site-packages/airflow/example_dags/example_kubernetes_executor.py
[2025-02-01T00:08:47.026+0000] {logging_mixin.py:190} INFO - [2025-02-01T00:08:47.026+0000] {dag.py:3211} INFO - Sync 1 DAGs
[2025-02-01T00:08:47.039+0000] {logging_mixin.py:190} INFO - [2025-02-01T00:08:47.039+0000] {dag.py:4138} INFO - Setting next_dagrun for example_kubernetes_executor to None, run_after=None
[2025-02-01T00:08:47.063+0000] {processor.py:208} INFO - Processing /home/airflow/.local/lib/python3.12/site-packages/airflow/example_dags/example_kubernetes_executor.py took 0.087 seconds
[2025-02-01T00:09:17.295+0000] {processor.py:186} INFO - Started process (PID=26217) to work on /home/airflow/.local/lib/python3.12/site-packages/airflow/example_dags/example_kubernetes_executor.py
[2025-02-01T00:09:17.296+0000] {processor.py:914} INFO - Processing file /home/airflow/.local/lib/python3.12/site-packages/airflow/example_dags/example_kubernetes_executor.py for tasks to queue
[2025-02-01T00:09:17.297+0000] {logging_mixin.py:190} INFO - [2025-02-01T00:09:17.296+0000] {dagbag.py:587} INFO - Filling up the DagBag from /home/airflow/.local/lib/python3.12/site-packages/airflow/example_dags/example_kubernetes_executor.py
[2025-02-01T00:09:17.308+0000] {processor.py:925} INFO - DAG(s) 'example_kubernetes_executor' retrieved from /home/airflow/.local/lib/python3.12/site-packages/airflow/example_dags/example_kubernetes_executor.py
[2025-02-01T00:09:17.339+0000] {logging_mixin.py:190} INFO - [2025-02-01T00:09:17.339+0000] {dag.py:3211} INFO - Sync 1 DAGs
[2025-02-01T00:09:17.352+0000] {logging_mixin.py:190} INFO - [2025-02-01T00:09:17.352+0000] {dag.py:4138} INFO - Setting next_dagrun for example_kubernetes_executor to None, run_after=None
[2025-02-01T00:09:17.370+0000] {processor.py:208} INFO - Processing /home/airflow/.local/lib/python3.12/site-packages/airflow/example_dags/example_kubernetes_executor.py took 0.080 seconds
[2025-02-01T00:09:47.475+0000] {processor.py:186} INFO - Started process (PID=26280) to work on /home/airflow/.local/lib/python3.12/site-packages/airflow/example_dags/example_kubernetes_executor.py
[2025-02-01T00:09:47.476+0000] {processor.py:914} INFO - Processing file /home/airflow/.local/lib/python3.12/site-packages/airflow/example_dags/example_kubernetes_executor.py for tasks to queue
[2025-02-01T00:09:47.477+0000] {logging_mixin.py:190} INFO - [2025-02-01T00:09:47.477+0000] {dagbag.py:587} INFO - Filling up the DagBag from /home/airflow/.local/lib/python3.12/site-packages/airflow/example_dags/example_kubernetes_executor.py
[2025-02-01T00:09:47.490+0000] {processor.py:925} INFO - DAG(s) 'example_kubernetes_executor' retrieved from /home/airflow/.local/lib/python3.12/site-packages/airflow/example_dags/example_kubernetes_executor.py
[2025-02-01T00:09:47.521+0000] {logging_mixin.py:190} INFO - [2025-02-01T00:09:47.521+0000] {dag.py:3211} INFO - Sync 1 DAGs
[2025-02-01T00:09:47.533+0000] {logging_mixin.py:190} INFO - [2025-02-01T00:09:47.533+0000] {dag.py:4138} INFO - Setting next_dagrun for example_kubernetes_executor to None, run_after=None
[2025-02-01T00:09:47.551+0000] {processor.py:208} INFO - Processing /home/airflow/.local/lib/python3.12/site-packages/airflow/example_dags/example_kubernetes_executor.py took 0.080 seconds
[2025-02-01T00:10:17.811+0000] {processor.py:186} INFO - Started process (PID=26343) to work on /home/airflow/.local/lib/python3.12/site-packages/airflow/example_dags/example_kubernetes_executor.py
[2025-02-01T00:10:17.812+0000] {processor.py:914} INFO - Processing file /home/airflow/.local/lib/python3.12/site-packages/airflow/example_dags/example_kubernetes_executor.py for tasks to queue
[2025-02-01T00:10:17.813+0000] {logging_mixin.py:190} INFO - [2025-02-01T00:10:17.813+0000] {dagbag.py:587} INFO - Filling up the DagBag from /home/airflow/.local/lib/python3.12/site-packages/airflow/example_dags/example_kubernetes_executor.py
[2025-02-01T00:10:17.826+0000] {processor.py:925} INFO - DAG(s) 'example_kubernetes_executor' retrieved from /home/airflow/.local/lib/python3.12/site-packages/airflow/example_dags/example_kubernetes_executor.py
[2025-02-01T00:10:17.859+0000] {logging_mixin.py:190} INFO - [2025-02-01T00:10:17.858+0000] {dag.py:3211} INFO - Sync 1 DAGs
[2025-02-01T00:10:17.874+0000] {logging_mixin.py:190} INFO - [2025-02-01T00:10:17.874+0000] {dag.py:4138} INFO - Setting next_dagrun for example_kubernetes_executor to None, run_after=None
[2025-02-01T00:10:17.894+0000] {processor.py:208} INFO - Processing /home/airflow/.local/lib/python3.12/site-packages/airflow/example_dags/example_kubernetes_executor.py took 0.088 seconds
[2025-02-01T00:10:48.245+0000] {processor.py:186} INFO - Started process (PID=26406) to work on /home/airflow/.local/lib/python3.12/site-packages/airflow/example_dags/example_kubernetes_executor.py
[2025-02-01T00:10:48.246+0000] {processor.py:914} INFO - Processing file /home/airflow/.local/lib/python3.12/site-packages/airflow/example_dags/example_kubernetes_executor.py for tasks to queue
[2025-02-01T00:10:48.247+0000] {logging_mixin.py:190} INFO - [2025-02-01T00:10:48.247+0000] {dagbag.py:587} INFO - Filling up the DagBag from /home/airflow/.local/lib/python3.12/site-packages/airflow/example_dags/example_kubernetes_executor.py
[2025-02-01T00:10:48.259+0000] {processor.py:925} INFO - DAG(s) 'example_kubernetes_executor' retrieved from /home/airflow/.local/lib/python3.12/site-packages/airflow/example_dags/example_kubernetes_executor.py
[2025-02-01T00:10:48.292+0000] {logging_mixin.py:190} INFO - [2025-02-01T00:10:48.292+0000] {dag.py:3211} INFO - Sync 1 DAGs
[2025-02-01T00:10:48.305+0000] {logging_mixin.py:190} INFO - [2025-02-01T00:10:48.305+0000] {dag.py:4138} INFO - Setting next_dagrun for example_kubernetes_executor to None, run_after=None
[2025-02-01T00:10:48.324+0000] {processor.py:208} INFO - Processing /home/airflow/.local/lib/python3.12/site-packages/airflow/example_dags/example_kubernetes_executor.py took 0.084 seconds
[2025-02-01T00:11:18.531+0000] {processor.py:186} INFO - Started process (PID=26469) to work on /home/airflow/.local/lib/python3.12/site-packages/airflow/example_dags/example_kubernetes_executor.py
[2025-02-01T00:11:18.532+0000] {processor.py:914} INFO - Processing file /home/airflow/.local/lib/python3.12/site-packages/airflow/example_dags/example_kubernetes_executor.py for tasks to queue
[2025-02-01T00:11:18.534+0000] {logging_mixin.py:190} INFO - [2025-02-01T00:11:18.533+0000] {dagbag.py:587} INFO - Filling up the DagBag from /home/airflow/.local/lib/python3.12/site-packages/airflow/example_dags/example_kubernetes_executor.py
[2025-02-01T00:11:18.547+0000] {processor.py:925} INFO - DAG(s) 'example_kubernetes_executor' retrieved from /home/airflow/.local/lib/python3.12/site-packages/airflow/example_dags/example_kubernetes_executor.py
[2025-02-01T00:11:18.581+0000] {logging_mixin.py:190} INFO - [2025-02-01T00:11:18.581+0000] {dag.py:3211} INFO - Sync 1 DAGs
[2025-02-01T00:11:18.598+0000] {logging_mixin.py:190} INFO - [2025-02-01T00:11:18.598+0000] {dag.py:4138} INFO - Setting next_dagrun for example_kubernetes_executor to None, run_after=None
[2025-02-01T00:11:18.622+0000] {processor.py:208} INFO - Processing /home/airflow/.local/lib/python3.12/site-packages/airflow/example_dags/example_kubernetes_executor.py took 0.097 seconds
[2025-02-01T00:11:48.933+0000] {processor.py:186} INFO - Started process (PID=26532) to work on /home/airflow/.local/lib/python3.12/site-packages/airflow/example_dags/example_kubernetes_executor.py
[2025-02-01T00:11:48.934+0000] {processor.py:914} INFO - Processing file /home/airflow/.local/lib/python3.12/site-packages/airflow/example_dags/example_kubernetes_executor.py for tasks to queue
[2025-02-01T00:11:48.935+0000] {logging_mixin.py:190} INFO - [2025-02-01T00:11:48.934+0000] {dagbag.py:587} INFO - Filling up the DagBag from /home/airflow/.local/lib/python3.12/site-packages/airflow/example_dags/example_kubernetes_executor.py
[2025-02-01T00:11:48.946+0000] {processor.py:925} INFO - DAG(s) 'example_kubernetes_executor' retrieved from /home/airflow/.local/lib/python3.12/site-packages/airflow/example_dags/example_kubernetes_executor.py
[2025-02-01T00:11:48.978+0000] {logging_mixin.py:190} INFO - [2025-02-01T00:11:48.977+0000] {dag.py:3211} INFO - Sync 1 DAGs
[2025-02-01T00:11:48.991+0000] {logging_mixin.py:190} INFO - [2025-02-01T00:11:48.990+0000] {dag.py:4138} INFO - Setting next_dagrun for example_kubernetes_executor to None, run_after=None
[2025-02-01T00:11:49.009+0000] {processor.py:208} INFO - Processing /home/airflow/.local/lib/python3.12/site-packages/airflow/example_dags/example_kubernetes_executor.py took 0.080 seconds
[2025-02-01T00:12:19.097+0000] {processor.py:186} INFO - Started process (PID=26594) to work on /home/airflow/.local/lib/python3.12/site-packages/airflow/example_dags/example_kubernetes_executor.py
[2025-02-01T00:12:19.098+0000] {processor.py:914} INFO - Processing file /home/airflow/.local/lib/python3.12/site-packages/airflow/example_dags/example_kubernetes_executor.py for tasks to queue
[2025-02-01T00:12:19.099+0000] {logging_mixin.py:190} INFO - [2025-02-01T00:12:19.099+0000] {dagbag.py:587} INFO - Filling up the DagBag from /home/airflow/.local/lib/python3.12/site-packages/airflow/example_dags/example_kubernetes_executor.py
[2025-02-01T00:12:19.110+0000] {processor.py:925} INFO - DAG(s) 'example_kubernetes_executor' retrieved from /home/airflow/.local/lib/python3.12/site-packages/airflow/example_dags/example_kubernetes_executor.py
[2025-02-01T00:12:19.144+0000] {logging_mixin.py:190} INFO - [2025-02-01T00:12:19.144+0000] {dag.py:3211} INFO - Sync 1 DAGs
[2025-02-01T00:12:19.158+0000] {logging_mixin.py:190} INFO - [2025-02-01T00:12:19.158+0000] {dag.py:4138} INFO - Setting next_dagrun for example_kubernetes_executor to None, run_after=None
[2025-02-01T00:12:19.176+0000] {processor.py:208} INFO - Processing /home/airflow/.local/lib/python3.12/site-packages/airflow/example_dags/example_kubernetes_executor.py took 0.085 seconds
[2025-02-01T00:12:49.355+0000] {processor.py:186} INFO - Started process (PID=26657) to work on /home/airflow/.local/lib/python3.12/site-packages/airflow/example_dags/example_kubernetes_executor.py
[2025-02-01T00:12:49.356+0000] {processor.py:914} INFO - Processing file /home/airflow/.local/lib/python3.12/site-packages/airflow/example_dags/example_kubernetes_executor.py for tasks to queue
[2025-02-01T00:12:49.358+0000] {logging_mixin.py:190} INFO - [2025-02-01T00:12:49.358+0000] {dagbag.py:587} INFO - Filling up the DagBag from /home/airflow/.local/lib/python3.12/site-packages/airflow/example_dags/example_kubernetes_executor.py
[2025-02-01T00:12:49.371+0000] {processor.py:925} INFO - DAG(s) 'example_kubernetes_executor' retrieved from /home/airflow/.local/lib/python3.12/site-packages/airflow/example_dags/example_kubernetes_executor.py
[2025-02-01T00:12:49.405+0000] {logging_mixin.py:190} INFO - [2025-02-01T00:12:49.405+0000] {dag.py:3211} INFO - Sync 1 DAGs
[2025-02-01T00:12:49.419+0000] {logging_mixin.py:190} INFO - [2025-02-01T00:12:49.419+0000] {dag.py:4138} INFO - Setting next_dagrun for example_kubernetes_executor to None, run_after=None
[2025-02-01T00:12:49.441+0000] {processor.py:208} INFO - Processing /home/airflow/.local/lib/python3.12/site-packages/airflow/example_dags/example_kubernetes_executor.py took 0.090 seconds
[2025-02-01T00:13:19.568+0000] {processor.py:186} INFO - Started process (PID=26720) to work on /home/airflow/.local/lib/python3.12/site-packages/airflow/example_dags/example_kubernetes_executor.py
[2025-02-01T00:13:19.569+0000] {processor.py:914} INFO - Processing file /home/airflow/.local/lib/python3.12/site-packages/airflow/example_dags/example_kubernetes_executor.py for tasks to queue
[2025-02-01T00:13:19.570+0000] {logging_mixin.py:190} INFO - [2025-02-01T00:13:19.569+0000] {dagbag.py:587} INFO - Filling up the DagBag from /home/airflow/.local/lib/python3.12/site-packages/airflow/example_dags/example_kubernetes_executor.py
[2025-02-01T00:13:19.581+0000] {processor.py:925} INFO - DAG(s) 'example_kubernetes_executor' retrieved from /home/airflow/.local/lib/python3.12/site-packages/airflow/example_dags/example_kubernetes_executor.py
[2025-02-01T00:13:19.611+0000] {logging_mixin.py:190} INFO - [2025-02-01T00:13:19.611+0000] {dag.py:3211} INFO - Sync 1 DAGs
[2025-02-01T00:13:19.622+0000] {logging_mixin.py:190} INFO - [2025-02-01T00:13:19.622+0000] {dag.py:4138} INFO - Setting next_dagrun for example_kubernetes_executor to None, run_after=None
[2025-02-01T00:13:19.639+0000] {processor.py:208} INFO - Processing /home/airflow/.local/lib/python3.12/site-packages/airflow/example_dags/example_kubernetes_executor.py took 0.076 seconds
[2025-02-01T00:13:49.892+0000] {processor.py:186} INFO - Started process (PID=26784) to work on /home/airflow/.local/lib/python3.12/site-packages/airflow/example_dags/example_kubernetes_executor.py
[2025-02-01T00:13:49.893+0000] {processor.py:914} INFO - Processing file /home/airflow/.local/lib/python3.12/site-packages/airflow/example_dags/example_kubernetes_executor.py for tasks to queue
[2025-02-01T00:13:49.894+0000] {logging_mixin.py:190} INFO - [2025-02-01T00:13:49.894+0000] {dagbag.py:587} INFO - Filling up the DagBag from /home/airflow/.local/lib/python3.12/site-packages/airflow/example_dags/example_kubernetes_executor.py
[2025-02-01T00:13:49.908+0000] {processor.py:925} INFO - DAG(s) 'example_kubernetes_executor' retrieved from /home/airflow/.local/lib/python3.12/site-packages/airflow/example_dags/example_kubernetes_executor.py
[2025-02-01T00:13:49.945+0000] {logging_mixin.py:190} INFO - [2025-02-01T00:13:49.945+0000] {dag.py:3211} INFO - Sync 1 DAGs
[2025-02-01T00:13:49.957+0000] {logging_mixin.py:190} INFO - [2025-02-01T00:13:49.957+0000] {dag.py:4138} INFO - Setting next_dagrun for example_kubernetes_executor to None, run_after=None
[2025-02-01T00:13:49.975+0000] {processor.py:208} INFO - Processing /home/airflow/.local/lib/python3.12/site-packages/airflow/example_dags/example_kubernetes_executor.py took 0.087 seconds
[2025-02-01T00:14:20.176+0000] {processor.py:186} INFO - Started process (PID=26847) to work on /home/airflow/.local/lib/python3.12/site-packages/airflow/example_dags/example_kubernetes_executor.py
[2025-02-01T00:14:20.177+0000] {processor.py:914} INFO - Processing file /home/airflow/.local/lib/python3.12/site-packages/airflow/example_dags/example_kubernetes_executor.py for tasks to queue
[2025-02-01T00:14:20.178+0000] {logging_mixin.py:190} INFO - [2025-02-01T00:14:20.178+0000] {dagbag.py:587} INFO - Filling up the DagBag from /home/airflow/.local/lib/python3.12/site-packages/airflow/example_dags/example_kubernetes_executor.py
[2025-02-01T00:14:20.189+0000] {processor.py:925} INFO - DAG(s) 'example_kubernetes_executor' retrieved from /home/airflow/.local/lib/python3.12/site-packages/airflow/example_dags/example_kubernetes_executor.py
[2025-02-01T00:14:20.219+0000] {logging_mixin.py:190} INFO - [2025-02-01T00:14:20.219+0000] {dag.py:3211} INFO - Sync 1 DAGs
[2025-02-01T00:14:20.233+0000] {logging_mixin.py:190} INFO - [2025-02-01T00:14:20.232+0000] {dag.py:4138} INFO - Setting next_dagrun for example_kubernetes_executor to None, run_after=None
[2025-02-01T00:14:20.250+0000] {processor.py:208} INFO - Processing /home/airflow/.local/lib/python3.12/site-packages/airflow/example_dags/example_kubernetes_executor.py took 0.078 seconds
[2025-02-01T00:14:50.450+0000] {processor.py:186} INFO - Started process (PID=26910) to work on /home/airflow/.local/lib/python3.12/site-packages/airflow/example_dags/example_kubernetes_executor.py
[2025-02-01T00:14:50.451+0000] {processor.py:914} INFO - Processing file /home/airflow/.local/lib/python3.12/site-packages/airflow/example_dags/example_kubernetes_executor.py for tasks to queue
[2025-02-01T00:14:50.452+0000] {logging_mixin.py:190} INFO - [2025-02-01T00:14:50.452+0000] {dagbag.py:587} INFO - Filling up the DagBag from /home/airflow/.local/lib/python3.12/site-packages/airflow/example_dags/example_kubernetes_executor.py
[2025-02-01T00:14:50.465+0000] {processor.py:925} INFO - DAG(s) 'example_kubernetes_executor' retrieved from /home/airflow/.local/lib/python3.12/site-packages/airflow/example_dags/example_kubernetes_executor.py
[2025-02-01T00:14:50.504+0000] {logging_mixin.py:190} INFO - [2025-02-01T00:14:50.503+0000] {dag.py:3211} INFO - Sync 1 DAGs
[2025-02-01T00:14:50.518+0000] {logging_mixin.py:190} INFO - [2025-02-01T00:14:50.517+0000] {dag.py:4138} INFO - Setting next_dagrun for example_kubernetes_executor to None, run_after=None
[2025-02-01T00:14:50.540+0000] {processor.py:208} INFO - Processing /home/airflow/.local/lib/python3.12/site-packages/airflow/example_dags/example_kubernetes_executor.py took 0.094 seconds
[2025-02-01T00:15:20.899+0000] {processor.py:186} INFO - Started process (PID=26973) to work on /home/airflow/.local/lib/python3.12/site-packages/airflow/example_dags/example_kubernetes_executor.py
[2025-02-01T00:15:20.900+0000] {processor.py:914} INFO - Processing file /home/airflow/.local/lib/python3.12/site-packages/airflow/example_dags/example_kubernetes_executor.py for tasks to queue
[2025-02-01T00:15:20.901+0000] {logging_mixin.py:190} INFO - [2025-02-01T00:15:20.901+0000] {dagbag.py:587} INFO - Filling up the DagBag from /home/airflow/.local/lib/python3.12/site-packages/airflow/example_dags/example_kubernetes_executor.py
[2025-02-01T00:15:20.914+0000] {processor.py:925} INFO - DAG(s) 'example_kubernetes_executor' retrieved from /home/airflow/.local/lib/python3.12/site-packages/airflow/example_dags/example_kubernetes_executor.py
[2025-02-01T00:15:20.948+0000] {logging_mixin.py:190} INFO - [2025-02-01T00:15:20.948+0000] {dag.py:3211} INFO - Sync 1 DAGs
[2025-02-01T00:15:20.960+0000] {logging_mixin.py:190} INFO - [2025-02-01T00:15:20.959+0000] {dag.py:4138} INFO - Setting next_dagrun for example_kubernetes_executor to None, run_after=None
[2025-02-01T00:15:20.979+0000] {processor.py:208} INFO - Processing /home/airflow/.local/lib/python3.12/site-packages/airflow/example_dags/example_kubernetes_executor.py took 0.085 seconds
[2025-02-01T00:15:51.266+0000] {processor.py:186} INFO - Started process (PID=27036) to work on /home/airflow/.local/lib/python3.12/site-packages/airflow/example_dags/example_kubernetes_executor.py
[2025-02-01T00:15:51.267+0000] {processor.py:914} INFO - Processing file /home/airflow/.local/lib/python3.12/site-packages/airflow/example_dags/example_kubernetes_executor.py for tasks to queue
[2025-02-01T00:15:51.269+0000] {logging_mixin.py:190} INFO - [2025-02-01T00:15:51.269+0000] {dagbag.py:587} INFO - Filling up the DagBag from /home/airflow/.local/lib/python3.12/site-packages/airflow/example_dags/example_kubernetes_executor.py
[2025-02-01T00:15:51.291+0000] {processor.py:925} INFO - DAG(s) 'example_kubernetes_executor' retrieved from /home/airflow/.local/lib/python3.12/site-packages/airflow/example_dags/example_kubernetes_executor.py
[2025-02-01T00:15:51.334+0000] {logging_mixin.py:190} INFO - [2025-02-01T00:15:51.333+0000] {dag.py:3211} INFO - Sync 1 DAGs
[2025-02-01T00:15:51.348+0000] {logging_mixin.py:190} INFO - [2025-02-01T00:15:51.347+0000] {dag.py:4138} INFO - Setting next_dagrun for example_kubernetes_executor to None, run_after=None
[2025-02-01T00:15:51.367+0000] {processor.py:208} INFO - Processing /home/airflow/.local/lib/python3.12/site-packages/airflow/example_dags/example_kubernetes_executor.py took 0.105 seconds
[2025-02-01T00:16:21.450+0000] {processor.py:186} INFO - Started process (PID=27098) to work on /home/airflow/.local/lib/python3.12/site-packages/airflow/example_dags/example_kubernetes_executor.py
[2025-02-01T00:16:21.451+0000] {processor.py:914} INFO - Processing file /home/airflow/.local/lib/python3.12/site-packages/airflow/example_dags/example_kubernetes_executor.py for tasks to queue
[2025-02-01T00:16:21.452+0000] {logging_mixin.py:190} INFO - [2025-02-01T00:16:21.452+0000] {dagbag.py:587} INFO - Filling up the DagBag from /home/airflow/.local/lib/python3.12/site-packages/airflow/example_dags/example_kubernetes_executor.py
[2025-02-01T00:16:21.463+0000] {processor.py:925} INFO - DAG(s) 'example_kubernetes_executor' retrieved from /home/airflow/.local/lib/python3.12/site-packages/airflow/example_dags/example_kubernetes_executor.py
[2025-02-01T00:16:21.495+0000] {logging_mixin.py:190} INFO - [2025-02-01T00:16:21.495+0000] {dag.py:3211} INFO - Sync 1 DAGs
[2025-02-01T00:16:21.507+0000] {logging_mixin.py:190} INFO - [2025-02-01T00:16:21.507+0000] {dag.py:4138} INFO - Setting next_dagrun for example_kubernetes_executor to None, run_after=None
[2025-02-01T00:16:21.524+0000] {processor.py:208} INFO - Processing /home/airflow/.local/lib/python3.12/site-packages/airflow/example_dags/example_kubernetes_executor.py took 0.080 seconds
