[2025-02-01T00:00:22.263+0000] {processor.py:186} INFO - Started process (PID=25110) to work on /home/airflow/.local/lib/python3.12/site-packages/airflow/example_dags/example_short_circuit_decorator.py
[2025-02-01T00:00:22.264+0000] {processor.py:914} INFO - Processing file /home/airflow/.local/lib/python3.12/site-packages/airflow/example_dags/example_short_circuit_decorator.py for tasks to queue
[2025-02-01T00:00:22.265+0000] {logging_mixin.py:190} INFO - [2025-02-01T00:00:22.265+0000] {dagbag.py:587} INFO - Filling up the DagBag from /home/airflow/.local/lib/python3.12/site-packages/airflow/example_dags/example_short_circuit_decorator.py
[2025-02-01T00:00:22.274+0000] {processor.py:925} INFO - DAG(s) 'example_short_circuit_decorator' retrieved from /home/airflow/.local/lib/python3.12/site-packages/airflow/example_dags/example_short_circuit_decorator.py
[2025-02-01T00:00:22.295+0000] {logging_mixin.py:190} INFO - [2025-02-01T00:00:22.295+0000] {dag.py:3211} INFO - Sync 1 DAGs
[2025-02-01T00:00:22.315+0000] {logging_mixin.py:190} INFO - [2025-02-01T00:00:22.314+0000] {dag.py:4138} INFO - Setting next_dagrun for example_short_circuit_decorator to 2025-01-31 00:00:00+00:00, run_after=2025-02-01 00:00:00+00:00
[2025-02-01T00:00:22.334+0000] {processor.py:208} INFO - Processing /home/airflow/.local/lib/python3.12/site-packages/airflow/example_dags/example_short_circuit_decorator.py took 0.076 seconds
[2025-02-01T00:00:52.572+0000] {processor.py:186} INFO - Started process (PID=25173) to work on /home/airflow/.local/lib/python3.12/site-packages/airflow/example_dags/example_short_circuit_decorator.py
[2025-02-01T00:00:52.573+0000] {processor.py:914} INFO - Processing file /home/airflow/.local/lib/python3.12/site-packages/airflow/example_dags/example_short_circuit_decorator.py for tasks to queue
[2025-02-01T00:00:52.574+0000] {logging_mixin.py:190} INFO - [2025-02-01T00:00:52.574+0000] {dagbag.py:587} INFO - Filling up the DagBag from /home/airflow/.local/lib/python3.12/site-packages/airflow/example_dags/example_short_circuit_decorator.py
[2025-02-01T00:00:52.584+0000] {processor.py:925} INFO - DAG(s) 'example_short_circuit_decorator' retrieved from /home/airflow/.local/lib/python3.12/site-packages/airflow/example_dags/example_short_circuit_decorator.py
[2025-02-01T00:00:52.603+0000] {logging_mixin.py:190} INFO - [2025-02-01T00:00:52.603+0000] {dag.py:3211} INFO - Sync 1 DAGs
[2025-02-01T00:00:52.624+0000] {logging_mixin.py:190} INFO - [2025-02-01T00:00:52.623+0000] {dag.py:4138} INFO - Setting next_dagrun for example_short_circuit_decorator to 2025-01-31 00:00:00+00:00, run_after=2025-02-01 00:00:00+00:00
[2025-02-01T00:00:52.643+0000] {processor.py:208} INFO - Processing /home/airflow/.local/lib/python3.12/site-packages/airflow/example_dags/example_short_circuit_decorator.py took 0.076 seconds
[2025-02-01T00:01:22.746+0000] {processor.py:186} INFO - Started process (PID=25236) to work on /home/airflow/.local/lib/python3.12/site-packages/airflow/example_dags/example_short_circuit_decorator.py
[2025-02-01T00:01:22.747+0000] {processor.py:914} INFO - Processing file /home/airflow/.local/lib/python3.12/site-packages/airflow/example_dags/example_short_circuit_decorator.py for tasks to queue
[2025-02-01T00:01:22.748+0000] {logging_mixin.py:190} INFO - [2025-02-01T00:01:22.747+0000] {dagbag.py:587} INFO - Filling up the DagBag from /home/airflow/.local/lib/python3.12/site-packages/airflow/example_dags/example_short_circuit_decorator.py
[2025-02-01T00:01:22.756+0000] {processor.py:925} INFO - DAG(s) 'example_short_circuit_decorator' retrieved from /home/airflow/.local/lib/python3.12/site-packages/airflow/example_dags/example_short_circuit_decorator.py
[2025-02-01T00:01:22.775+0000] {logging_mixin.py:190} INFO - [2025-02-01T00:01:22.775+0000] {dag.py:3211} INFO - Sync 1 DAGs
[2025-02-01T00:01:22.796+0000] {logging_mixin.py:190} INFO - [2025-02-01T00:01:22.796+0000] {dag.py:4138} INFO - Setting next_dagrun for example_short_circuit_decorator to 2025-01-31 00:00:00+00:00, run_after=2025-02-01 00:00:00+00:00
[2025-02-01T00:01:22.814+0000] {processor.py:208} INFO - Processing /home/airflow/.local/lib/python3.12/site-packages/airflow/example_dags/example_short_circuit_decorator.py took 0.073 seconds
[2025-02-01T00:01:52.925+0000] {processor.py:186} INFO - Started process (PID=25299) to work on /home/airflow/.local/lib/python3.12/site-packages/airflow/example_dags/example_short_circuit_decorator.py
[2025-02-01T00:01:52.926+0000] {processor.py:914} INFO - Processing file /home/airflow/.local/lib/python3.12/site-packages/airflow/example_dags/example_short_circuit_decorator.py for tasks to queue
[2025-02-01T00:01:52.927+0000] {logging_mixin.py:190} INFO - [2025-02-01T00:01:52.927+0000] {dagbag.py:587} INFO - Filling up the DagBag from /home/airflow/.local/lib/python3.12/site-packages/airflow/example_dags/example_short_circuit_decorator.py
[2025-02-01T00:01:52.937+0000] {processor.py:925} INFO - DAG(s) 'example_short_circuit_decorator' retrieved from /home/airflow/.local/lib/python3.12/site-packages/airflow/example_dags/example_short_circuit_decorator.py
[2025-02-01T00:01:52.957+0000] {logging_mixin.py:190} INFO - [2025-02-01T00:01:52.957+0000] {dag.py:3211} INFO - Sync 1 DAGs
[2025-02-01T00:01:52.977+0000] {logging_mixin.py:190} INFO - [2025-02-01T00:01:52.976+0000] {dag.py:4138} INFO - Setting next_dagrun for example_short_circuit_decorator to 2025-01-31 00:00:00+00:00, run_after=2025-02-01 00:00:00+00:00
[2025-02-01T00:01:52.995+0000] {processor.py:208} INFO - Processing /home/airflow/.local/lib/python3.12/site-packages/airflow/example_dags/example_short_circuit_decorator.py took 0.075 seconds
[2025-02-01T00:02:23.116+0000] {processor.py:186} INFO - Started process (PID=25362) to work on /home/airflow/.local/lib/python3.12/site-packages/airflow/example_dags/example_short_circuit_decorator.py
[2025-02-01T00:02:23.116+0000] {processor.py:914} INFO - Processing file /home/airflow/.local/lib/python3.12/site-packages/airflow/example_dags/example_short_circuit_decorator.py for tasks to queue
[2025-02-01T00:02:23.117+0000] {logging_mixin.py:190} INFO - [2025-02-01T00:02:23.117+0000] {dagbag.py:587} INFO - Filling up the DagBag from /home/airflow/.local/lib/python3.12/site-packages/airflow/example_dags/example_short_circuit_decorator.py
[2025-02-01T00:02:23.126+0000] {processor.py:925} INFO - DAG(s) 'example_short_circuit_decorator' retrieved from /home/airflow/.local/lib/python3.12/site-packages/airflow/example_dags/example_short_circuit_decorator.py
[2025-02-01T00:02:23.145+0000] {logging_mixin.py:190} INFO - [2025-02-01T00:02:23.145+0000] {dag.py:3211} INFO - Sync 1 DAGs
[2025-02-01T00:02:23.164+0000] {logging_mixin.py:190} INFO - [2025-02-01T00:02:23.164+0000] {dag.py:4138} INFO - Setting next_dagrun for example_short_circuit_decorator to 2025-01-31 00:00:00+00:00, run_after=2025-02-01 00:00:00+00:00
[2025-02-01T00:02:23.181+0000] {processor.py:208} INFO - Processing /home/airflow/.local/lib/python3.12/site-packages/airflow/example_dags/example_short_circuit_decorator.py took 0.070 seconds
[2025-02-01T00:02:53.377+0000] {processor.py:186} INFO - Started process (PID=25425) to work on /home/airflow/.local/lib/python3.12/site-packages/airflow/example_dags/example_short_circuit_decorator.py
[2025-02-01T00:02:53.378+0000] {processor.py:914} INFO - Processing file /home/airflow/.local/lib/python3.12/site-packages/airflow/example_dags/example_short_circuit_decorator.py for tasks to queue
[2025-02-01T00:02:53.380+0000] {logging_mixin.py:190} INFO - [2025-02-01T00:02:53.379+0000] {dagbag.py:587} INFO - Filling up the DagBag from /home/airflow/.local/lib/python3.12/site-packages/airflow/example_dags/example_short_circuit_decorator.py
[2025-02-01T00:02:53.388+0000] {processor.py:925} INFO - DAG(s) 'example_short_circuit_decorator' retrieved from /home/airflow/.local/lib/python3.12/site-packages/airflow/example_dags/example_short_circuit_decorator.py
[2025-02-01T00:02:53.407+0000] {logging_mixin.py:190} INFO - [2025-02-01T00:02:53.407+0000] {dag.py:3211} INFO - Sync 1 DAGs
[2025-02-01T00:02:53.427+0000] {logging_mixin.py:190} INFO - [2025-02-01T00:02:53.427+0000] {dag.py:4138} INFO - Setting next_dagrun for example_short_circuit_decorator to 2025-01-31 00:00:00+00:00, run_after=2025-02-01 00:00:00+00:00
[2025-02-01T00:02:53.446+0000] {processor.py:208} INFO - Processing /home/airflow/.local/lib/python3.12/site-packages/airflow/example_dags/example_short_circuit_decorator.py took 0.074 seconds
[2025-02-01T00:03:23.645+0000] {processor.py:186} INFO - Started process (PID=25488) to work on /home/airflow/.local/lib/python3.12/site-packages/airflow/example_dags/example_short_circuit_decorator.py
[2025-02-01T00:03:23.645+0000] {processor.py:914} INFO - Processing file /home/airflow/.local/lib/python3.12/site-packages/airflow/example_dags/example_short_circuit_decorator.py for tasks to queue
[2025-02-01T00:03:23.647+0000] {logging_mixin.py:190} INFO - [2025-02-01T00:03:23.647+0000] {dagbag.py:587} INFO - Filling up the DagBag from /home/airflow/.local/lib/python3.12/site-packages/airflow/example_dags/example_short_circuit_decorator.py
[2025-02-01T00:03:23.656+0000] {processor.py:925} INFO - DAG(s) 'example_short_circuit_decorator' retrieved from /home/airflow/.local/lib/python3.12/site-packages/airflow/example_dags/example_short_circuit_decorator.py
[2025-02-01T00:03:23.678+0000] {logging_mixin.py:190} INFO - [2025-02-01T00:03:23.677+0000] {dag.py:3211} INFO - Sync 1 DAGs
[2025-02-01T00:03:23.698+0000] {logging_mixin.py:190} INFO - [2025-02-01T00:03:23.698+0000] {dag.py:4138} INFO - Setting next_dagrun for example_short_circuit_decorator to 2025-01-31 00:00:00+00:00, run_after=2025-02-01 00:00:00+00:00
[2025-02-01T00:03:23.716+0000] {processor.py:208} INFO - Processing /home/airflow/.local/lib/python3.12/site-packages/airflow/example_dags/example_short_circuit_decorator.py took 0.076 seconds
[2025-02-01T00:03:53.980+0000] {processor.py:186} INFO - Started process (PID=25551) to work on /home/airflow/.local/lib/python3.12/site-packages/airflow/example_dags/example_short_circuit_decorator.py
[2025-02-01T00:03:53.981+0000] {processor.py:914} INFO - Processing file /home/airflow/.local/lib/python3.12/site-packages/airflow/example_dags/example_short_circuit_decorator.py for tasks to queue
[2025-02-01T00:03:53.982+0000] {logging_mixin.py:190} INFO - [2025-02-01T00:03:53.982+0000] {dagbag.py:587} INFO - Filling up the DagBag from /home/airflow/.local/lib/python3.12/site-packages/airflow/example_dags/example_short_circuit_decorator.py
[2025-02-01T00:03:53.991+0000] {processor.py:925} INFO - DAG(s) 'example_short_circuit_decorator' retrieved from /home/airflow/.local/lib/python3.12/site-packages/airflow/example_dags/example_short_circuit_decorator.py
[2025-02-01T00:03:54.012+0000] {logging_mixin.py:190} INFO - [2025-02-01T00:03:54.011+0000] {dag.py:3211} INFO - Sync 1 DAGs
[2025-02-01T00:03:54.033+0000] {logging_mixin.py:190} INFO - [2025-02-01T00:03:54.033+0000] {dag.py:4138} INFO - Setting next_dagrun for example_short_circuit_decorator to 2025-01-31 00:00:00+00:00, run_after=2025-02-01 00:00:00+00:00
[2025-02-01T00:03:54.052+0000] {processor.py:208} INFO - Processing /home/airflow/.local/lib/python3.12/site-packages/airflow/example_dags/example_short_circuit_decorator.py took 0.076 seconds
[2025-02-01T00:04:24.231+0000] {processor.py:186} INFO - Started process (PID=25614) to work on /home/airflow/.local/lib/python3.12/site-packages/airflow/example_dags/example_short_circuit_decorator.py
[2025-02-01T00:04:24.232+0000] {processor.py:914} INFO - Processing file /home/airflow/.local/lib/python3.12/site-packages/airflow/example_dags/example_short_circuit_decorator.py for tasks to queue
[2025-02-01T00:04:24.233+0000] {logging_mixin.py:190} INFO - [2025-02-01T00:04:24.233+0000] {dagbag.py:587} INFO - Filling up the DagBag from /home/airflow/.local/lib/python3.12/site-packages/airflow/example_dags/example_short_circuit_decorator.py
[2025-02-01T00:04:24.241+0000] {processor.py:925} INFO - DAG(s) 'example_short_circuit_decorator' retrieved from /home/airflow/.local/lib/python3.12/site-packages/airflow/example_dags/example_short_circuit_decorator.py
[2025-02-01T00:04:24.260+0000] {logging_mixin.py:190} INFO - [2025-02-01T00:04:24.260+0000] {dag.py:3211} INFO - Sync 1 DAGs
[2025-02-01T00:04:24.279+0000] {logging_mixin.py:190} INFO - [2025-02-01T00:04:24.279+0000] {dag.py:4138} INFO - Setting next_dagrun for example_short_circuit_decorator to 2025-01-31 00:00:00+00:00, run_after=2025-02-01 00:00:00+00:00
[2025-02-01T00:04:24.296+0000] {processor.py:208} INFO - Processing /home/airflow/.local/lib/python3.12/site-packages/airflow/example_dags/example_short_circuit_decorator.py took 0.069 seconds
[2025-02-01T00:04:54.432+0000] {processor.py:186} INFO - Started process (PID=25677) to work on /home/airflow/.local/lib/python3.12/site-packages/airflow/example_dags/example_short_circuit_decorator.py
[2025-02-01T00:04:54.433+0000] {processor.py:914} INFO - Processing file /home/airflow/.local/lib/python3.12/site-packages/airflow/example_dags/example_short_circuit_decorator.py for tasks to queue
[2025-02-01T00:04:54.434+0000] {logging_mixin.py:190} INFO - [2025-02-01T00:04:54.434+0000] {dagbag.py:587} INFO - Filling up the DagBag from /home/airflow/.local/lib/python3.12/site-packages/airflow/example_dags/example_short_circuit_decorator.py
[2025-02-01T00:04:54.443+0000] {processor.py:925} INFO - DAG(s) 'example_short_circuit_decorator' retrieved from /home/airflow/.local/lib/python3.12/site-packages/airflow/example_dags/example_short_circuit_decorator.py
[2025-02-01T00:04:54.461+0000] {logging_mixin.py:190} INFO - [2025-02-01T00:04:54.461+0000] {dag.py:3211} INFO - Sync 1 DAGs
[2025-02-01T00:04:54.480+0000] {logging_mixin.py:190} INFO - [2025-02-01T00:04:54.479+0000] {dag.py:4138} INFO - Setting next_dagrun for example_short_circuit_decorator to 2025-01-31 00:00:00+00:00, run_after=2025-02-01 00:00:00+00:00
[2025-02-01T00:04:54.495+0000] {processor.py:208} INFO - Processing /home/airflow/.local/lib/python3.12/site-packages/airflow/example_dags/example_short_circuit_decorator.py took 0.067 seconds
[2025-02-01T00:05:24.643+0000] {processor.py:186} INFO - Started process (PID=25740) to work on /home/airflow/.local/lib/python3.12/site-packages/airflow/example_dags/example_short_circuit_decorator.py
[2025-02-01T00:05:24.644+0000] {processor.py:914} INFO - Processing file /home/airflow/.local/lib/python3.12/site-packages/airflow/example_dags/example_short_circuit_decorator.py for tasks to queue
[2025-02-01T00:05:24.645+0000] {logging_mixin.py:190} INFO - [2025-02-01T00:05:24.644+0000] {dagbag.py:587} INFO - Filling up the DagBag from /home/airflow/.local/lib/python3.12/site-packages/airflow/example_dags/example_short_circuit_decorator.py
[2025-02-01T00:05:24.654+0000] {processor.py:925} INFO - DAG(s) 'example_short_circuit_decorator' retrieved from /home/airflow/.local/lib/python3.12/site-packages/airflow/example_dags/example_short_circuit_decorator.py
[2025-02-01T00:05:24.677+0000] {logging_mixin.py:190} INFO - [2025-02-01T00:05:24.676+0000] {dag.py:3211} INFO - Sync 1 DAGs
[2025-02-01T00:05:24.703+0000] {logging_mixin.py:190} INFO - [2025-02-01T00:05:24.703+0000] {dag.py:4138} INFO - Setting next_dagrun for example_short_circuit_decorator to 2025-01-31 00:00:00+00:00, run_after=2025-02-01 00:00:00+00:00
[2025-02-01T00:05:24.724+0000] {processor.py:208} INFO - Processing /home/airflow/.local/lib/python3.12/site-packages/airflow/example_dags/example_short_circuit_decorator.py took 0.086 seconds
[2025-02-01T00:05:54.786+0000] {processor.py:186} INFO - Started process (PID=25802) to work on /home/airflow/.local/lib/python3.12/site-packages/airflow/example_dags/example_short_circuit_decorator.py
[2025-02-01T00:05:54.787+0000] {processor.py:914} INFO - Processing file /home/airflow/.local/lib/python3.12/site-packages/airflow/example_dags/example_short_circuit_decorator.py for tasks to queue
[2025-02-01T00:05:54.788+0000] {logging_mixin.py:190} INFO - [2025-02-01T00:05:54.787+0000] {dagbag.py:587} INFO - Filling up the DagBag from /home/airflow/.local/lib/python3.12/site-packages/airflow/example_dags/example_short_circuit_decorator.py
[2025-02-01T00:05:54.796+0000] {processor.py:925} INFO - DAG(s) 'example_short_circuit_decorator' retrieved from /home/airflow/.local/lib/python3.12/site-packages/airflow/example_dags/example_short_circuit_decorator.py
[2025-02-01T00:05:54.815+0000] {logging_mixin.py:190} INFO - [2025-02-01T00:05:54.815+0000] {dag.py:3211} INFO - Sync 1 DAGs
[2025-02-01T00:05:54.836+0000] {logging_mixin.py:190} INFO - [2025-02-01T00:05:54.836+0000] {dag.py:4138} INFO - Setting next_dagrun for example_short_circuit_decorator to 2025-01-31 00:00:00+00:00, run_after=2025-02-01 00:00:00+00:00
[2025-02-01T00:05:54.854+0000] {processor.py:208} INFO - Processing /home/airflow/.local/lib/python3.12/site-packages/airflow/example_dags/example_short_circuit_decorator.py took 0.073 seconds
[2025-02-01T00:06:24.976+0000] {processor.py:186} INFO - Started process (PID=25865) to work on /home/airflow/.local/lib/python3.12/site-packages/airflow/example_dags/example_short_circuit_decorator.py
[2025-02-01T00:06:24.977+0000] {processor.py:914} INFO - Processing file /home/airflow/.local/lib/python3.12/site-packages/airflow/example_dags/example_short_circuit_decorator.py for tasks to queue
[2025-02-01T00:06:24.978+0000] {logging_mixin.py:190} INFO - [2025-02-01T00:06:24.977+0000] {dagbag.py:587} INFO - Filling up the DagBag from /home/airflow/.local/lib/python3.12/site-packages/airflow/example_dags/example_short_circuit_decorator.py
[2025-02-01T00:06:24.986+0000] {processor.py:925} INFO - DAG(s) 'example_short_circuit_decorator' retrieved from /home/airflow/.local/lib/python3.12/site-packages/airflow/example_dags/example_short_circuit_decorator.py
[2025-02-01T00:06:25.005+0000] {logging_mixin.py:190} INFO - [2025-02-01T00:06:25.005+0000] {dag.py:3211} INFO - Sync 1 DAGs
[2025-02-01T00:06:25.025+0000] {logging_mixin.py:190} INFO - [2025-02-01T00:06:25.025+0000] {dag.py:4138} INFO - Setting next_dagrun for example_short_circuit_decorator to 2025-01-31 00:00:00+00:00, run_after=2025-02-01 00:00:00+00:00
[2025-02-01T00:06:25.043+0000] {processor.py:208} INFO - Processing /home/airflow/.local/lib/python3.12/site-packages/airflow/example_dags/example_short_circuit_decorator.py took 0.072 seconds
[2025-02-01T00:06:55.253+0000] {processor.py:186} INFO - Started process (PID=25928) to work on /home/airflow/.local/lib/python3.12/site-packages/airflow/example_dags/example_short_circuit_decorator.py
[2025-02-01T00:06:55.254+0000] {processor.py:914} INFO - Processing file /home/airflow/.local/lib/python3.12/site-packages/airflow/example_dags/example_short_circuit_decorator.py for tasks to queue
[2025-02-01T00:06:55.255+0000] {logging_mixin.py:190} INFO - [2025-02-01T00:06:55.255+0000] {dagbag.py:587} INFO - Filling up the DagBag from /home/airflow/.local/lib/python3.12/site-packages/airflow/example_dags/example_short_circuit_decorator.py
[2025-02-01T00:06:55.264+0000] {processor.py:925} INFO - DAG(s) 'example_short_circuit_decorator' retrieved from /home/airflow/.local/lib/python3.12/site-packages/airflow/example_dags/example_short_circuit_decorator.py
[2025-02-01T00:06:55.283+0000] {logging_mixin.py:190} INFO - [2025-02-01T00:06:55.283+0000] {dag.py:3211} INFO - Sync 1 DAGs
[2025-02-01T00:06:55.304+0000] {logging_mixin.py:190} INFO - [2025-02-01T00:06:55.304+0000] {dag.py:4138} INFO - Setting next_dagrun for example_short_circuit_decorator to 2025-01-31 00:00:00+00:00, run_after=2025-02-01 00:00:00+00:00
[2025-02-01T00:06:55.322+0000] {processor.py:208} INFO - Processing /home/airflow/.local/lib/python3.12/site-packages/airflow/example_dags/example_short_circuit_decorator.py took 0.074 seconds
[2025-02-01T00:07:25.720+0000] {processor.py:186} INFO - Started process (PID=25991) to work on /home/airflow/.local/lib/python3.12/site-packages/airflow/example_dags/example_short_circuit_decorator.py
[2025-02-01T00:07:25.721+0000] {processor.py:914} INFO - Processing file /home/airflow/.local/lib/python3.12/site-packages/airflow/example_dags/example_short_circuit_decorator.py for tasks to queue
[2025-02-01T00:07:25.722+0000] {logging_mixin.py:190} INFO - [2025-02-01T00:07:25.721+0000] {dagbag.py:587} INFO - Filling up the DagBag from /home/airflow/.local/lib/python3.12/site-packages/airflow/example_dags/example_short_circuit_decorator.py
[2025-02-01T00:07:25.730+0000] {processor.py:925} INFO - DAG(s) 'example_short_circuit_decorator' retrieved from /home/airflow/.local/lib/python3.12/site-packages/airflow/example_dags/example_short_circuit_decorator.py
[2025-02-01T00:07:25.751+0000] {logging_mixin.py:190} INFO - [2025-02-01T00:07:25.750+0000] {dag.py:3211} INFO - Sync 1 DAGs
[2025-02-01T00:07:25.771+0000] {logging_mixin.py:190} INFO - [2025-02-01T00:07:25.771+0000] {dag.py:4138} INFO - Setting next_dagrun for example_short_circuit_decorator to 2025-01-31 00:00:00+00:00, run_after=2025-02-01 00:00:00+00:00
[2025-02-01T00:07:25.789+0000] {processor.py:208} INFO - Processing /home/airflow/.local/lib/python3.12/site-packages/airflow/example_dags/example_short_circuit_decorator.py took 0.073 seconds
[2025-02-01T00:07:55.990+0000] {processor.py:186} INFO - Started process (PID=26054) to work on /home/airflow/.local/lib/python3.12/site-packages/airflow/example_dags/example_short_circuit_decorator.py
[2025-02-01T00:07:55.990+0000] {processor.py:914} INFO - Processing file /home/airflow/.local/lib/python3.12/site-packages/airflow/example_dags/example_short_circuit_decorator.py for tasks to queue
[2025-02-01T00:07:55.991+0000] {logging_mixin.py:190} INFO - [2025-02-01T00:07:55.991+0000] {dagbag.py:587} INFO - Filling up the DagBag from /home/airflow/.local/lib/python3.12/site-packages/airflow/example_dags/example_short_circuit_decorator.py
[2025-02-01T00:07:56.000+0000] {processor.py:925} INFO - DAG(s) 'example_short_circuit_decorator' retrieved from /home/airflow/.local/lib/python3.12/site-packages/airflow/example_dags/example_short_circuit_decorator.py
[2025-02-01T00:07:56.018+0000] {logging_mixin.py:190} INFO - [2025-02-01T00:07:56.018+0000] {dag.py:3211} INFO - Sync 1 DAGs
[2025-02-01T00:07:56.038+0000] {logging_mixin.py:190} INFO - [2025-02-01T00:07:56.038+0000] {dag.py:4138} INFO - Setting next_dagrun for example_short_circuit_decorator to 2025-01-31 00:00:00+00:00, run_after=2025-02-01 00:00:00+00:00
[2025-02-01T00:07:56.057+0000] {processor.py:208} INFO - Processing /home/airflow/.local/lib/python3.12/site-packages/airflow/example_dags/example_short_circuit_decorator.py took 0.071 seconds
[2025-02-01T00:08:26.420+0000] {processor.py:186} INFO - Started process (PID=26117) to work on /home/airflow/.local/lib/python3.12/site-packages/airflow/example_dags/example_short_circuit_decorator.py
[2025-02-01T00:08:26.421+0000] {processor.py:914} INFO - Processing file /home/airflow/.local/lib/python3.12/site-packages/airflow/example_dags/example_short_circuit_decorator.py for tasks to queue
[2025-02-01T00:08:26.422+0000] {logging_mixin.py:190} INFO - [2025-02-01T00:08:26.422+0000] {dagbag.py:587} INFO - Filling up the DagBag from /home/airflow/.local/lib/python3.12/site-packages/airflow/example_dags/example_short_circuit_decorator.py
[2025-02-01T00:08:26.431+0000] {processor.py:925} INFO - DAG(s) 'example_short_circuit_decorator' retrieved from /home/airflow/.local/lib/python3.12/site-packages/airflow/example_dags/example_short_circuit_decorator.py
[2025-02-01T00:08:26.451+0000] {logging_mixin.py:190} INFO - [2025-02-01T00:08:26.451+0000] {dag.py:3211} INFO - Sync 1 DAGs
[2025-02-01T00:08:26.471+0000] {logging_mixin.py:190} INFO - [2025-02-01T00:08:26.471+0000] {dag.py:4138} INFO - Setting next_dagrun for example_short_circuit_decorator to 2025-01-31 00:00:00+00:00, run_after=2025-02-01 00:00:00+00:00
[2025-02-01T00:08:26.488+0000] {processor.py:208} INFO - Processing /home/airflow/.local/lib/python3.12/site-packages/airflow/example_dags/example_short_circuit_decorator.py took 0.073 seconds
[2025-02-01T00:08:56.639+0000] {processor.py:186} INFO - Started process (PID=26180) to work on /home/airflow/.local/lib/python3.12/site-packages/airflow/example_dags/example_short_circuit_decorator.py
[2025-02-01T00:08:56.640+0000] {processor.py:914} INFO - Processing file /home/airflow/.local/lib/python3.12/site-packages/airflow/example_dags/example_short_circuit_decorator.py for tasks to queue
[2025-02-01T00:08:56.641+0000] {logging_mixin.py:190} INFO - [2025-02-01T00:08:56.640+0000] {dagbag.py:587} INFO - Filling up the DagBag from /home/airflow/.local/lib/python3.12/site-packages/airflow/example_dags/example_short_circuit_decorator.py
[2025-02-01T00:08:56.650+0000] {processor.py:925} INFO - DAG(s) 'example_short_circuit_decorator' retrieved from /home/airflow/.local/lib/python3.12/site-packages/airflow/example_dags/example_short_circuit_decorator.py
[2025-02-01T00:08:56.671+0000] {logging_mixin.py:190} INFO - [2025-02-01T00:08:56.671+0000] {dag.py:3211} INFO - Sync 1 DAGs
[2025-02-01T00:08:56.691+0000] {logging_mixin.py:190} INFO - [2025-02-01T00:08:56.691+0000] {dag.py:4138} INFO - Setting next_dagrun for example_short_circuit_decorator to 2025-01-31 00:00:00+00:00, run_after=2025-02-01 00:00:00+00:00
[2025-02-01T00:08:56.711+0000] {processor.py:208} INFO - Processing /home/airflow/.local/lib/python3.12/site-packages/airflow/example_dags/example_short_circuit_decorator.py took 0.076 seconds
[2025-02-01T00:09:26.776+0000] {processor.py:186} INFO - Started process (PID=26243) to work on /home/airflow/.local/lib/python3.12/site-packages/airflow/example_dags/example_short_circuit_decorator.py
[2025-02-01T00:09:26.777+0000] {processor.py:914} INFO - Processing file /home/airflow/.local/lib/python3.12/site-packages/airflow/example_dags/example_short_circuit_decorator.py for tasks to queue
[2025-02-01T00:09:26.778+0000] {logging_mixin.py:190} INFO - [2025-02-01T00:09:26.778+0000] {dagbag.py:587} INFO - Filling up the DagBag from /home/airflow/.local/lib/python3.12/site-packages/airflow/example_dags/example_short_circuit_decorator.py
[2025-02-01T00:09:26.786+0000] {processor.py:925} INFO - DAG(s) 'example_short_circuit_decorator' retrieved from /home/airflow/.local/lib/python3.12/site-packages/airflow/example_dags/example_short_circuit_decorator.py
[2025-02-01T00:09:26.806+0000] {logging_mixin.py:190} INFO - [2025-02-01T00:09:26.806+0000] {dag.py:3211} INFO - Sync 1 DAGs
[2025-02-01T00:09:26.826+0000] {logging_mixin.py:190} INFO - [2025-02-01T00:09:26.825+0000] {dag.py:4138} INFO - Setting next_dagrun for example_short_circuit_decorator to 2025-01-31 00:00:00+00:00, run_after=2025-02-01 00:00:00+00:00
[2025-02-01T00:09:26.844+0000] {processor.py:208} INFO - Processing /home/airflow/.local/lib/python3.12/site-packages/airflow/example_dags/example_short_circuit_decorator.py took 0.073 seconds
[2025-02-01T00:09:57.141+0000] {processor.py:186} INFO - Started process (PID=26306) to work on /home/airflow/.local/lib/python3.12/site-packages/airflow/example_dags/example_short_circuit_decorator.py
[2025-02-01T00:09:57.142+0000] {processor.py:914} INFO - Processing file /home/airflow/.local/lib/python3.12/site-packages/airflow/example_dags/example_short_circuit_decorator.py for tasks to queue
[2025-02-01T00:09:57.143+0000] {logging_mixin.py:190} INFO - [2025-02-01T00:09:57.142+0000] {dagbag.py:587} INFO - Filling up the DagBag from /home/airflow/.local/lib/python3.12/site-packages/airflow/example_dags/example_short_circuit_decorator.py
[2025-02-01T00:09:57.152+0000] {processor.py:925} INFO - DAG(s) 'example_short_circuit_decorator' retrieved from /home/airflow/.local/lib/python3.12/site-packages/airflow/example_dags/example_short_circuit_decorator.py
[2025-02-01T00:09:57.173+0000] {logging_mixin.py:190} INFO - [2025-02-01T00:09:57.173+0000] {dag.py:3211} INFO - Sync 1 DAGs
[2025-02-01T00:09:57.194+0000] {logging_mixin.py:190} INFO - [2025-02-01T00:09:57.193+0000] {dag.py:4138} INFO - Setting next_dagrun for example_short_circuit_decorator to 2025-01-31 00:00:00+00:00, run_after=2025-02-01 00:00:00+00:00
[2025-02-01T00:09:57.212+0000] {processor.py:208} INFO - Processing /home/airflow/.local/lib/python3.12/site-packages/airflow/example_dags/example_short_circuit_decorator.py took 0.077 seconds
[2025-02-01T00:10:27.613+0000] {processor.py:186} INFO - Started process (PID=26369) to work on /home/airflow/.local/lib/python3.12/site-packages/airflow/example_dags/example_short_circuit_decorator.py
[2025-02-01T00:10:27.614+0000] {processor.py:914} INFO - Processing file /home/airflow/.local/lib/python3.12/site-packages/airflow/example_dags/example_short_circuit_decorator.py for tasks to queue
[2025-02-01T00:10:27.615+0000] {logging_mixin.py:190} INFO - [2025-02-01T00:10:27.615+0000] {dagbag.py:587} INFO - Filling up the DagBag from /home/airflow/.local/lib/python3.12/site-packages/airflow/example_dags/example_short_circuit_decorator.py
[2025-02-01T00:10:27.626+0000] {processor.py:925} INFO - DAG(s) 'example_short_circuit_decorator' retrieved from /home/airflow/.local/lib/python3.12/site-packages/airflow/example_dags/example_short_circuit_decorator.py
[2025-02-01T00:10:27.646+0000] {logging_mixin.py:190} INFO - [2025-02-01T00:10:27.646+0000] {dag.py:3211} INFO - Sync 1 DAGs
[2025-02-01T00:10:27.667+0000] {logging_mixin.py:190} INFO - [2025-02-01T00:10:27.667+0000] {dag.py:4138} INFO - Setting next_dagrun for example_short_circuit_decorator to 2025-01-31 00:00:00+00:00, run_after=2025-02-01 00:00:00+00:00
[2025-02-01T00:10:27.790+0000] {processor.py:208} INFO - Processing /home/airflow/.local/lib/python3.12/site-packages/airflow/example_dags/example_short_circuit_decorator.py took 0.183 seconds
[2025-02-01T00:10:58.729+0000] {processor.py:186} INFO - Started process (PID=26432) to work on /home/airflow/.local/lib/python3.12/site-packages/airflow/example_dags/example_short_circuit_decorator.py
[2025-02-01T00:10:58.730+0000] {processor.py:914} INFO - Processing file /home/airflow/.local/lib/python3.12/site-packages/airflow/example_dags/example_short_circuit_decorator.py for tasks to queue
[2025-02-01T00:10:58.731+0000] {logging_mixin.py:190} INFO - [2025-02-01T00:10:58.731+0000] {dagbag.py:587} INFO - Filling up the DagBag from /home/airflow/.local/lib/python3.12/site-packages/airflow/example_dags/example_short_circuit_decorator.py
[2025-02-01T00:10:58.740+0000] {processor.py:925} INFO - DAG(s) 'example_short_circuit_decorator' retrieved from /home/airflow/.local/lib/python3.12/site-packages/airflow/example_dags/example_short_circuit_decorator.py
[2025-02-01T00:10:58.759+0000] {logging_mixin.py:190} INFO - [2025-02-01T00:10:58.759+0000] {dag.py:3211} INFO - Sync 1 DAGs
[2025-02-01T00:10:58.780+0000] {logging_mixin.py:190} INFO - [2025-02-01T00:10:58.780+0000] {dag.py:4138} INFO - Setting next_dagrun for example_short_circuit_decorator to 2025-01-31 00:00:00+00:00, run_after=2025-02-01 00:00:00+00:00
[2025-02-01T00:10:58.798+0000] {processor.py:208} INFO - Processing /home/airflow/.local/lib/python3.12/site-packages/airflow/example_dags/example_short_circuit_decorator.py took 0.075 seconds
[2025-02-01T00:11:29.043+0000] {processor.py:186} INFO - Started process (PID=26495) to work on /home/airflow/.local/lib/python3.12/site-packages/airflow/example_dags/example_short_circuit_decorator.py
[2025-02-01T00:11:29.044+0000] {processor.py:914} INFO - Processing file /home/airflow/.local/lib/python3.12/site-packages/airflow/example_dags/example_short_circuit_decorator.py for tasks to queue
[2025-02-01T00:11:29.045+0000] {logging_mixin.py:190} INFO - [2025-02-01T00:11:29.044+0000] {dagbag.py:587} INFO - Filling up the DagBag from /home/airflow/.local/lib/python3.12/site-packages/airflow/example_dags/example_short_circuit_decorator.py
[2025-02-01T00:11:29.054+0000] {processor.py:925} INFO - DAG(s) 'example_short_circuit_decorator' retrieved from /home/airflow/.local/lib/python3.12/site-packages/airflow/example_dags/example_short_circuit_decorator.py
[2025-02-01T00:11:29.073+0000] {logging_mixin.py:190} INFO - [2025-02-01T00:11:29.073+0000] {dag.py:3211} INFO - Sync 1 DAGs
[2025-02-01T00:11:29.093+0000] {logging_mixin.py:190} INFO - [2025-02-01T00:11:29.093+0000] {dag.py:4138} INFO - Setting next_dagrun for example_short_circuit_decorator to 2025-01-31 00:00:00+00:00, run_after=2025-02-01 00:00:00+00:00
[2025-02-01T00:11:29.111+0000] {processor.py:208} INFO - Processing /home/airflow/.local/lib/python3.12/site-packages/airflow/example_dags/example_short_circuit_decorator.py took 0.073 seconds
[2025-02-01T00:11:59.329+0000] {processor.py:186} INFO - Started process (PID=26558) to work on /home/airflow/.local/lib/python3.12/site-packages/airflow/example_dags/example_short_circuit_decorator.py
[2025-02-01T00:11:59.330+0000] {processor.py:914} INFO - Processing file /home/airflow/.local/lib/python3.12/site-packages/airflow/example_dags/example_short_circuit_decorator.py for tasks to queue
[2025-02-01T00:11:59.331+0000] {logging_mixin.py:190} INFO - [2025-02-01T00:11:59.331+0000] {dagbag.py:587} INFO - Filling up the DagBag from /home/airflow/.local/lib/python3.12/site-packages/airflow/example_dags/example_short_circuit_decorator.py
[2025-02-01T00:11:59.341+0000] {processor.py:925} INFO - DAG(s) 'example_short_circuit_decorator' retrieved from /home/airflow/.local/lib/python3.12/site-packages/airflow/example_dags/example_short_circuit_decorator.py
[2025-02-01T00:11:59.361+0000] {logging_mixin.py:190} INFO - [2025-02-01T00:11:59.361+0000] {dag.py:3211} INFO - Sync 1 DAGs
[2025-02-01T00:11:59.383+0000] {logging_mixin.py:190} INFO - [2025-02-01T00:11:59.383+0000] {dag.py:4138} INFO - Setting next_dagrun for example_short_circuit_decorator to 2025-01-31 00:00:00+00:00, run_after=2025-02-01 00:00:00+00:00
[2025-02-01T00:11:59.400+0000] {processor.py:208} INFO - Processing /home/airflow/.local/lib/python3.12/site-packages/airflow/example_dags/example_short_circuit_decorator.py took 0.076 seconds
[2025-02-01T00:12:29.709+0000] {processor.py:186} INFO - Started process (PID=26621) to work on /home/airflow/.local/lib/python3.12/site-packages/airflow/example_dags/example_short_circuit_decorator.py
[2025-02-01T00:12:29.710+0000] {processor.py:914} INFO - Processing file /home/airflow/.local/lib/python3.12/site-packages/airflow/example_dags/example_short_circuit_decorator.py for tasks to queue
[2025-02-01T00:12:29.710+0000] {logging_mixin.py:190} INFO - [2025-02-01T00:12:29.710+0000] {dagbag.py:587} INFO - Filling up the DagBag from /home/airflow/.local/lib/python3.12/site-packages/airflow/example_dags/example_short_circuit_decorator.py
[2025-02-01T00:12:29.719+0000] {processor.py:925} INFO - DAG(s) 'example_short_circuit_decorator' retrieved from /home/airflow/.local/lib/python3.12/site-packages/airflow/example_dags/example_short_circuit_decorator.py
[2025-02-01T00:12:29.739+0000] {logging_mixin.py:190} INFO - [2025-02-01T00:12:29.738+0000] {dag.py:3211} INFO - Sync 1 DAGs
[2025-02-01T00:12:29.759+0000] {logging_mixin.py:190} INFO - [2025-02-01T00:12:29.759+0000] {dag.py:4138} INFO - Setting next_dagrun for example_short_circuit_decorator to 2025-01-31 00:00:00+00:00, run_after=2025-02-01 00:00:00+00:00
[2025-02-01T00:12:29.784+0000] {processor.py:208} INFO - Processing /home/airflow/.local/lib/python3.12/site-packages/airflow/example_dags/example_short_circuit_decorator.py took 0.079 seconds
[2025-02-01T00:12:59.856+0000] {processor.py:186} INFO - Started process (PID=26684) to work on /home/airflow/.local/lib/python3.12/site-packages/airflow/example_dags/example_short_circuit_decorator.py
[2025-02-01T00:12:59.856+0000] {processor.py:914} INFO - Processing file /home/airflow/.local/lib/python3.12/site-packages/airflow/example_dags/example_short_circuit_decorator.py for tasks to queue
[2025-02-01T00:12:59.858+0000] {logging_mixin.py:190} INFO - [2025-02-01T00:12:59.857+0000] {dagbag.py:587} INFO - Filling up the DagBag from /home/airflow/.local/lib/python3.12/site-packages/airflow/example_dags/example_short_circuit_decorator.py
[2025-02-01T00:12:59.866+0000] {processor.py:925} INFO - DAG(s) 'example_short_circuit_decorator' retrieved from /home/airflow/.local/lib/python3.12/site-packages/airflow/example_dags/example_short_circuit_decorator.py
[2025-02-01T00:12:59.885+0000] {logging_mixin.py:190} INFO - [2025-02-01T00:12:59.885+0000] {dag.py:3211} INFO - Sync 1 DAGs
[2025-02-01T00:12:59.905+0000] {logging_mixin.py:190} INFO - [2025-02-01T00:12:59.905+0000] {dag.py:4138} INFO - Setting next_dagrun for example_short_circuit_decorator to 2025-01-31 00:00:00+00:00, run_after=2025-02-01 00:00:00+00:00
[2025-02-01T00:12:59.924+0000] {processor.py:208} INFO - Processing /home/airflow/.local/lib/python3.12/site-packages/airflow/example_dags/example_short_circuit_decorator.py took 0.073 seconds
[2025-02-01T00:13:30.057+0000] {processor.py:186} INFO - Started process (PID=26747) to work on /home/airflow/.local/lib/python3.12/site-packages/airflow/example_dags/example_short_circuit_decorator.py
[2025-02-01T00:13:30.057+0000] {processor.py:914} INFO - Processing file /home/airflow/.local/lib/python3.12/site-packages/airflow/example_dags/example_short_circuit_decorator.py for tasks to queue
[2025-02-01T00:13:30.058+0000] {logging_mixin.py:190} INFO - [2025-02-01T00:13:30.058+0000] {dagbag.py:587} INFO - Filling up the DagBag from /home/airflow/.local/lib/python3.12/site-packages/airflow/example_dags/example_short_circuit_decorator.py
[2025-02-01T00:13:30.066+0000] {processor.py:925} INFO - DAG(s) 'example_short_circuit_decorator' retrieved from /home/airflow/.local/lib/python3.12/site-packages/airflow/example_dags/example_short_circuit_decorator.py
[2025-02-01T00:13:30.083+0000] {logging_mixin.py:190} INFO - [2025-02-01T00:13:30.083+0000] {dag.py:3211} INFO - Sync 1 DAGs
[2025-02-01T00:13:30.101+0000] {logging_mixin.py:190} INFO - [2025-02-01T00:13:30.101+0000] {dag.py:4138} INFO - Setting next_dagrun for example_short_circuit_decorator to 2025-01-31 00:00:00+00:00, run_after=2025-02-01 00:00:00+00:00
[2025-02-01T00:13:30.117+0000] {processor.py:208} INFO - Processing /home/airflow/.local/lib/python3.12/site-packages/airflow/example_dags/example_short_circuit_decorator.py took 0.065 seconds
[2025-02-01T00:14:00.341+0000] {processor.py:186} INFO - Started process (PID=26810) to work on /home/airflow/.local/lib/python3.12/site-packages/airflow/example_dags/example_short_circuit_decorator.py
[2025-02-01T00:14:00.342+0000] {processor.py:914} INFO - Processing file /home/airflow/.local/lib/python3.12/site-packages/airflow/example_dags/example_short_circuit_decorator.py for tasks to queue
[2025-02-01T00:14:00.343+0000] {logging_mixin.py:190} INFO - [2025-02-01T00:14:00.342+0000] {dagbag.py:587} INFO - Filling up the DagBag from /home/airflow/.local/lib/python3.12/site-packages/airflow/example_dags/example_short_circuit_decorator.py
[2025-02-01T00:14:00.353+0000] {processor.py:925} INFO - DAG(s) 'example_short_circuit_decorator' retrieved from /home/airflow/.local/lib/python3.12/site-packages/airflow/example_dags/example_short_circuit_decorator.py
[2025-02-01T00:14:00.372+0000] {logging_mixin.py:190} INFO - [2025-02-01T00:14:00.372+0000] {dag.py:3211} INFO - Sync 1 DAGs
[2025-02-01T00:14:00.392+0000] {logging_mixin.py:190} INFO - [2025-02-01T00:14:00.392+0000] {dag.py:4138} INFO - Setting next_dagrun for example_short_circuit_decorator to 2025-01-31 00:00:00+00:00, run_after=2025-02-01 00:00:00+00:00
[2025-02-01T00:14:00.409+0000] {processor.py:208} INFO - Processing /home/airflow/.local/lib/python3.12/site-packages/airflow/example_dags/example_short_circuit_decorator.py took 0.074 seconds
[2025-02-01T00:14:30.651+0000] {processor.py:186} INFO - Started process (PID=26873) to work on /home/airflow/.local/lib/python3.12/site-packages/airflow/example_dags/example_short_circuit_decorator.py
[2025-02-01T00:14:30.652+0000] {processor.py:914} INFO - Processing file /home/airflow/.local/lib/python3.12/site-packages/airflow/example_dags/example_short_circuit_decorator.py for tasks to queue
[2025-02-01T00:14:30.653+0000] {logging_mixin.py:190} INFO - [2025-02-01T00:14:30.653+0000] {dagbag.py:587} INFO - Filling up the DagBag from /home/airflow/.local/lib/python3.12/site-packages/airflow/example_dags/example_short_circuit_decorator.py
[2025-02-01T00:14:30.661+0000] {processor.py:925} INFO - DAG(s) 'example_short_circuit_decorator' retrieved from /home/airflow/.local/lib/python3.12/site-packages/airflow/example_dags/example_short_circuit_decorator.py
[2025-02-01T00:14:30.680+0000] {logging_mixin.py:190} INFO - [2025-02-01T00:14:30.680+0000] {dag.py:3211} INFO - Sync 1 DAGs
[2025-02-01T00:14:30.702+0000] {logging_mixin.py:190} INFO - [2025-02-01T00:14:30.702+0000] {dag.py:4138} INFO - Setting next_dagrun for example_short_circuit_decorator to 2025-01-31 00:00:00+00:00, run_after=2025-02-01 00:00:00+00:00
[2025-02-01T00:14:30.719+0000] {processor.py:208} INFO - Processing /home/airflow/.local/lib/python3.12/site-packages/airflow/example_dags/example_short_circuit_decorator.py took 0.072 seconds
[2025-02-01T00:15:01.007+0000] {processor.py:186} INFO - Started process (PID=26936) to work on /home/airflow/.local/lib/python3.12/site-packages/airflow/example_dags/example_short_circuit_decorator.py
[2025-02-01T00:15:01.007+0000] {processor.py:914} INFO - Processing file /home/airflow/.local/lib/python3.12/site-packages/airflow/example_dags/example_short_circuit_decorator.py for tasks to queue
[2025-02-01T00:15:01.009+0000] {logging_mixin.py:190} INFO - [2025-02-01T00:15:01.009+0000] {dagbag.py:587} INFO - Filling up the DagBag from /home/airflow/.local/lib/python3.12/site-packages/airflow/example_dags/example_short_circuit_decorator.py
[2025-02-01T00:15:01.018+0000] {processor.py:925} INFO - DAG(s) 'example_short_circuit_decorator' retrieved from /home/airflow/.local/lib/python3.12/site-packages/airflow/example_dags/example_short_circuit_decorator.py
[2025-02-01T00:15:01.038+0000] {logging_mixin.py:190} INFO - [2025-02-01T00:15:01.038+0000] {dag.py:3211} INFO - Sync 1 DAGs
[2025-02-01T00:15:01.059+0000] {logging_mixin.py:190} INFO - [2025-02-01T00:15:01.058+0000] {dag.py:4138} INFO - Setting next_dagrun for example_short_circuit_decorator to 2025-01-31 00:00:00+00:00, run_after=2025-02-01 00:00:00+00:00
[2025-02-01T00:15:01.076+0000] {processor.py:208} INFO - Processing /home/airflow/.local/lib/python3.12/site-packages/airflow/example_dags/example_short_circuit_decorator.py took 0.074 seconds
[2025-02-01T00:15:31.565+0000] {processor.py:186} INFO - Started process (PID=26999) to work on /home/airflow/.local/lib/python3.12/site-packages/airflow/example_dags/example_short_circuit_decorator.py
[2025-02-01T00:15:31.566+0000] {processor.py:914} INFO - Processing file /home/airflow/.local/lib/python3.12/site-packages/airflow/example_dags/example_short_circuit_decorator.py for tasks to queue
[2025-02-01T00:15:31.567+0000] {logging_mixin.py:190} INFO - [2025-02-01T00:15:31.566+0000] {dagbag.py:587} INFO - Filling up the DagBag from /home/airflow/.local/lib/python3.12/site-packages/airflow/example_dags/example_short_circuit_decorator.py
[2025-02-01T00:15:31.575+0000] {processor.py:925} INFO - DAG(s) 'example_short_circuit_decorator' retrieved from /home/airflow/.local/lib/python3.12/site-packages/airflow/example_dags/example_short_circuit_decorator.py
[2025-02-01T00:15:31.598+0000] {logging_mixin.py:190} INFO - [2025-02-01T00:15:31.597+0000] {dag.py:3211} INFO - Sync 1 DAGs
[2025-02-01T00:15:31.628+0000] {logging_mixin.py:190} INFO - [2025-02-01T00:15:31.628+0000] {dag.py:4138} INFO - Setting next_dagrun for example_short_circuit_decorator to 2025-01-31 00:00:00+00:00, run_after=2025-02-01 00:00:00+00:00
[2025-02-01T00:15:31.650+0000] {processor.py:208} INFO - Processing /home/airflow/.local/lib/python3.12/site-packages/airflow/example_dags/example_short_circuit_decorator.py took 0.091 seconds
[2025-02-01T00:16:01.830+0000] {processor.py:186} INFO - Started process (PID=27062) to work on /home/airflow/.local/lib/python3.12/site-packages/airflow/example_dags/example_short_circuit_decorator.py
[2025-02-01T00:16:01.831+0000] {processor.py:914} INFO - Processing file /home/airflow/.local/lib/python3.12/site-packages/airflow/example_dags/example_short_circuit_decorator.py for tasks to queue
[2025-02-01T00:16:01.832+0000] {logging_mixin.py:190} INFO - [2025-02-01T00:16:01.831+0000] {dagbag.py:587} INFO - Filling up the DagBag from /home/airflow/.local/lib/python3.12/site-packages/airflow/example_dags/example_short_circuit_decorator.py
[2025-02-01T00:16:01.840+0000] {processor.py:925} INFO - DAG(s) 'example_short_circuit_decorator' retrieved from /home/airflow/.local/lib/python3.12/site-packages/airflow/example_dags/example_short_circuit_decorator.py
[2025-02-01T00:16:01.859+0000] {logging_mixin.py:190} INFO - [2025-02-01T00:16:01.859+0000] {dag.py:3211} INFO - Sync 1 DAGs
[2025-02-01T00:16:01.878+0000] {logging_mixin.py:190} INFO - [2025-02-01T00:16:01.878+0000] {dag.py:4138} INFO - Setting next_dagrun for example_short_circuit_decorator to 2025-01-31 00:00:00+00:00, run_after=2025-02-01 00:00:00+00:00
[2025-02-01T00:16:01.899+0000] {processor.py:208} INFO - Processing /home/airflow/.local/lib/python3.12/site-packages/airflow/example_dags/example_short_circuit_decorator.py took 0.073 seconds
