[2025-02-01T00:00:23.366+0000] {processor.py:186} INFO - Started process (PID=25112) to work on /home/airflow/.local/lib/python3.12/site-packages/airflow/example_dags/example_skip_dag.py
[2025-02-01T00:00:23.367+0000] {processor.py:914} INFO - Processing file /home/airflow/.local/lib/python3.12/site-packages/airflow/example_dags/example_skip_dag.py for tasks to queue
[2025-02-01T00:00:23.369+0000] {logging_mixin.py:190} INFO - [2025-02-01T00:00:23.368+0000] {dagbag.py:587} INFO - Filling up the DagBag from /home/airflow/.local/lib/python3.12/site-packages/airflow/example_dags/example_skip_dag.py
[2025-02-01T00:00:23.375+0000] {processor.py:925} INFO - DAG(s) 'example_skip_dag' retrieved from /home/airflow/.local/lib/python3.12/site-packages/airflow/example_dags/example_skip_dag.py
[2025-02-01T00:00:23.392+0000] {logging_mixin.py:190} INFO - [2025-02-01T00:00:23.392+0000] {dag.py:3211} INFO - Sync 1 DAGs
[2025-02-01T00:00:23.413+0000] {logging_mixin.py:190} INFO - [2025-02-01T00:00:23.413+0000] {dag.py:4138} INFO - Setting next_dagrun for example_skip_dag to 2025-01-31 00:00:00+00:00, run_after=2025-02-01 00:00:00+00:00
[2025-02-01T00:00:23.445+0000] {processor.py:208} INFO - Processing /home/airflow/.local/lib/python3.12/site-packages/airflow/example_dags/example_skip_dag.py took 0.083 seconds
[2025-02-01T00:00:53.673+0000] {processor.py:186} INFO - Started process (PID=25175) to work on /home/airflow/.local/lib/python3.12/site-packages/airflow/example_dags/example_skip_dag.py
[2025-02-01T00:00:53.673+0000] {processor.py:914} INFO - Processing file /home/airflow/.local/lib/python3.12/site-packages/airflow/example_dags/example_skip_dag.py for tasks to queue
[2025-02-01T00:00:53.675+0000] {logging_mixin.py:190} INFO - [2025-02-01T00:00:53.675+0000] {dagbag.py:587} INFO - Filling up the DagBag from /home/airflow/.local/lib/python3.12/site-packages/airflow/example_dags/example_skip_dag.py
[2025-02-01T00:00:53.682+0000] {processor.py:925} INFO - DAG(s) 'example_skip_dag' retrieved from /home/airflow/.local/lib/python3.12/site-packages/airflow/example_dags/example_skip_dag.py
[2025-02-01T00:00:53.701+0000] {logging_mixin.py:190} INFO - [2025-02-01T00:00:53.701+0000] {dag.py:3211} INFO - Sync 1 DAGs
[2025-02-01T00:00:53.721+0000] {logging_mixin.py:190} INFO - [2025-02-01T00:00:53.721+0000] {dag.py:4138} INFO - Setting next_dagrun for example_skip_dag to 2025-01-31 00:00:00+00:00, run_after=2025-02-01 00:00:00+00:00
[2025-02-01T00:00:53.741+0000] {processor.py:208} INFO - Processing /home/airflow/.local/lib/python3.12/site-packages/airflow/example_dags/example_skip_dag.py took 0.073 seconds
[2025-02-01T00:01:23.851+0000] {processor.py:186} INFO - Started process (PID=25238) to work on /home/airflow/.local/lib/python3.12/site-packages/airflow/example_dags/example_skip_dag.py
[2025-02-01T00:01:23.852+0000] {processor.py:914} INFO - Processing file /home/airflow/.local/lib/python3.12/site-packages/airflow/example_dags/example_skip_dag.py for tasks to queue
[2025-02-01T00:01:23.853+0000] {logging_mixin.py:190} INFO - [2025-02-01T00:01:23.853+0000] {dagbag.py:587} INFO - Filling up the DagBag from /home/airflow/.local/lib/python3.12/site-packages/airflow/example_dags/example_skip_dag.py
[2025-02-01T00:01:23.860+0000] {processor.py:925} INFO - DAG(s) 'example_skip_dag' retrieved from /home/airflow/.local/lib/python3.12/site-packages/airflow/example_dags/example_skip_dag.py
[2025-02-01T00:01:23.878+0000] {logging_mixin.py:190} INFO - [2025-02-01T00:01:23.878+0000] {dag.py:3211} INFO - Sync 1 DAGs
[2025-02-01T00:01:23.899+0000] {logging_mixin.py:190} INFO - [2025-02-01T00:01:23.899+0000] {dag.py:4138} INFO - Setting next_dagrun for example_skip_dag to 2025-01-31 00:00:00+00:00, run_after=2025-02-01 00:00:00+00:00
[2025-02-01T00:01:23.920+0000] {processor.py:208} INFO - Processing /home/airflow/.local/lib/python3.12/site-packages/airflow/example_dags/example_skip_dag.py took 0.073 seconds
[2025-02-01T00:01:54.027+0000] {processor.py:186} INFO - Started process (PID=25301) to work on /home/airflow/.local/lib/python3.12/site-packages/airflow/example_dags/example_skip_dag.py
[2025-02-01T00:01:54.028+0000] {processor.py:914} INFO - Processing file /home/airflow/.local/lib/python3.12/site-packages/airflow/example_dags/example_skip_dag.py for tasks to queue
[2025-02-01T00:01:54.029+0000] {logging_mixin.py:190} INFO - [2025-02-01T00:01:54.028+0000] {dagbag.py:587} INFO - Filling up the DagBag from /home/airflow/.local/lib/python3.12/site-packages/airflow/example_dags/example_skip_dag.py
[2025-02-01T00:01:54.035+0000] {processor.py:925} INFO - DAG(s) 'example_skip_dag' retrieved from /home/airflow/.local/lib/python3.12/site-packages/airflow/example_dags/example_skip_dag.py
[2025-02-01T00:01:54.053+0000] {logging_mixin.py:190} INFO - [2025-02-01T00:01:54.053+0000] {dag.py:3211} INFO - Sync 1 DAGs
[2025-02-01T00:01:54.072+0000] {logging_mixin.py:190} INFO - [2025-02-01T00:01:54.072+0000] {dag.py:4138} INFO - Setting next_dagrun for example_skip_dag to 2025-01-31 00:00:00+00:00, run_after=2025-02-01 00:00:00+00:00
[2025-02-01T00:01:54.095+0000] {processor.py:208} INFO - Processing /home/airflow/.local/lib/python3.12/site-packages/airflow/example_dags/example_skip_dag.py took 0.072 seconds
[2025-02-01T00:02:24.216+0000] {processor.py:186} INFO - Started process (PID=25364) to work on /home/airflow/.local/lib/python3.12/site-packages/airflow/example_dags/example_skip_dag.py
[2025-02-01T00:02:24.216+0000] {processor.py:914} INFO - Processing file /home/airflow/.local/lib/python3.12/site-packages/airflow/example_dags/example_skip_dag.py for tasks to queue
[2025-02-01T00:02:24.217+0000] {logging_mixin.py:190} INFO - [2025-02-01T00:02:24.217+0000] {dagbag.py:587} INFO - Filling up the DagBag from /home/airflow/.local/lib/python3.12/site-packages/airflow/example_dags/example_skip_dag.py
[2025-02-01T00:02:24.223+0000] {processor.py:925} INFO - DAG(s) 'example_skip_dag' retrieved from /home/airflow/.local/lib/python3.12/site-packages/airflow/example_dags/example_skip_dag.py
[2025-02-01T00:02:24.241+0000] {logging_mixin.py:190} INFO - [2025-02-01T00:02:24.241+0000] {dag.py:3211} INFO - Sync 1 DAGs
[2025-02-01T00:02:24.261+0000] {logging_mixin.py:190} INFO - [2025-02-01T00:02:24.261+0000] {dag.py:4138} INFO - Setting next_dagrun for example_skip_dag to 2025-01-31 00:00:00+00:00, run_after=2025-02-01 00:00:00+00:00
[2025-02-01T00:02:24.280+0000] {processor.py:208} INFO - Processing /home/airflow/.local/lib/python3.12/site-packages/airflow/example_dags/example_skip_dag.py took 0.068 seconds
[2025-02-01T00:02:54.479+0000] {processor.py:186} INFO - Started process (PID=25427) to work on /home/airflow/.local/lib/python3.12/site-packages/airflow/example_dags/example_skip_dag.py
[2025-02-01T00:02:54.479+0000] {processor.py:914} INFO - Processing file /home/airflow/.local/lib/python3.12/site-packages/airflow/example_dags/example_skip_dag.py for tasks to queue
[2025-02-01T00:02:54.480+0000] {logging_mixin.py:190} INFO - [2025-02-01T00:02:54.480+0000] {dagbag.py:587} INFO - Filling up the DagBag from /home/airflow/.local/lib/python3.12/site-packages/airflow/example_dags/example_skip_dag.py
[2025-02-01T00:02:54.487+0000] {processor.py:925} INFO - DAG(s) 'example_skip_dag' retrieved from /home/airflow/.local/lib/python3.12/site-packages/airflow/example_dags/example_skip_dag.py
[2025-02-01T00:02:54.505+0000] {logging_mixin.py:190} INFO - [2025-02-01T00:02:54.505+0000] {dag.py:3211} INFO - Sync 1 DAGs
[2025-02-01T00:02:54.525+0000] {logging_mixin.py:190} INFO - [2025-02-01T00:02:54.525+0000] {dag.py:4138} INFO - Setting next_dagrun for example_skip_dag to 2025-01-31 00:00:00+00:00, run_after=2025-02-01 00:00:00+00:00
[2025-02-01T00:02:54.545+0000] {processor.py:208} INFO - Processing /home/airflow/.local/lib/python3.12/site-packages/airflow/example_dags/example_skip_dag.py took 0.071 seconds
[2025-02-01T00:03:24.746+0000] {processor.py:186} INFO - Started process (PID=25490) to work on /home/airflow/.local/lib/python3.12/site-packages/airflow/example_dags/example_skip_dag.py
[2025-02-01T00:03:24.747+0000] {processor.py:914} INFO - Processing file /home/airflow/.local/lib/python3.12/site-packages/airflow/example_dags/example_skip_dag.py for tasks to queue
[2025-02-01T00:03:24.748+0000] {logging_mixin.py:190} INFO - [2025-02-01T00:03:24.748+0000] {dagbag.py:587} INFO - Filling up the DagBag from /home/airflow/.local/lib/python3.12/site-packages/airflow/example_dags/example_skip_dag.py
[2025-02-01T00:03:24.755+0000] {processor.py:925} INFO - DAG(s) 'example_skip_dag' retrieved from /home/airflow/.local/lib/python3.12/site-packages/airflow/example_dags/example_skip_dag.py
[2025-02-01T00:03:24.771+0000] {logging_mixin.py:190} INFO - [2025-02-01T00:03:24.771+0000] {dag.py:3211} INFO - Sync 1 DAGs
[2025-02-01T00:03:24.791+0000] {logging_mixin.py:190} INFO - [2025-02-01T00:03:24.791+0000] {dag.py:4138} INFO - Setting next_dagrun for example_skip_dag to 2025-01-31 00:00:00+00:00, run_after=2025-02-01 00:00:00+00:00
[2025-02-01T00:03:24.808+0000] {processor.py:208} INFO - Processing /home/airflow/.local/lib/python3.12/site-packages/airflow/example_dags/example_skip_dag.py took 0.066 seconds
[2025-02-01T00:03:55.083+0000] {processor.py:186} INFO - Started process (PID=25553) to work on /home/airflow/.local/lib/python3.12/site-packages/airflow/example_dags/example_skip_dag.py
[2025-02-01T00:03:55.084+0000] {processor.py:914} INFO - Processing file /home/airflow/.local/lib/python3.12/site-packages/airflow/example_dags/example_skip_dag.py for tasks to queue
[2025-02-01T00:03:55.085+0000] {logging_mixin.py:190} INFO - [2025-02-01T00:03:55.085+0000] {dagbag.py:587} INFO - Filling up the DagBag from /home/airflow/.local/lib/python3.12/site-packages/airflow/example_dags/example_skip_dag.py
[2025-02-01T00:03:55.092+0000] {processor.py:925} INFO - DAG(s) 'example_skip_dag' retrieved from /home/airflow/.local/lib/python3.12/site-packages/airflow/example_dags/example_skip_dag.py
[2025-02-01T00:03:55.110+0000] {logging_mixin.py:190} INFO - [2025-02-01T00:03:55.110+0000] {dag.py:3211} INFO - Sync 1 DAGs
[2025-02-01T00:03:55.128+0000] {logging_mixin.py:190} INFO - [2025-02-01T00:03:55.128+0000] {dag.py:4138} INFO - Setting next_dagrun for example_skip_dag to 2025-01-31 00:00:00+00:00, run_after=2025-02-01 00:00:00+00:00
[2025-02-01T00:03:55.148+0000] {processor.py:208} INFO - Processing /home/airflow/.local/lib/python3.12/site-packages/airflow/example_dags/example_skip_dag.py took 0.069 seconds
[2025-02-01T00:04:25.329+0000] {processor.py:186} INFO - Started process (PID=25616) to work on /home/airflow/.local/lib/python3.12/site-packages/airflow/example_dags/example_skip_dag.py
[2025-02-01T00:04:25.330+0000] {processor.py:914} INFO - Processing file /home/airflow/.local/lib/python3.12/site-packages/airflow/example_dags/example_skip_dag.py for tasks to queue
[2025-02-01T00:04:25.331+0000] {logging_mixin.py:190} INFO - [2025-02-01T00:04:25.331+0000] {dagbag.py:587} INFO - Filling up the DagBag from /home/airflow/.local/lib/python3.12/site-packages/airflow/example_dags/example_skip_dag.py
[2025-02-01T00:04:25.338+0000] {processor.py:925} INFO - DAG(s) 'example_skip_dag' retrieved from /home/airflow/.local/lib/python3.12/site-packages/airflow/example_dags/example_skip_dag.py
[2025-02-01T00:04:25.357+0000] {logging_mixin.py:190} INFO - [2025-02-01T00:04:25.357+0000] {dag.py:3211} INFO - Sync 1 DAGs
[2025-02-01T00:04:25.377+0000] {logging_mixin.py:190} INFO - [2025-02-01T00:04:25.377+0000] {dag.py:4138} INFO - Setting next_dagrun for example_skip_dag to 2025-01-31 00:00:00+00:00, run_after=2025-02-01 00:00:00+00:00
[2025-02-01T00:04:25.397+0000] {processor.py:208} INFO - Processing /home/airflow/.local/lib/python3.12/site-packages/airflow/example_dags/example_skip_dag.py took 0.072 seconds
[2025-02-01T00:04:55.527+0000] {processor.py:186} INFO - Started process (PID=25679) to work on /home/airflow/.local/lib/python3.12/site-packages/airflow/example_dags/example_skip_dag.py
[2025-02-01T00:04:55.528+0000] {processor.py:914} INFO - Processing file /home/airflow/.local/lib/python3.12/site-packages/airflow/example_dags/example_skip_dag.py for tasks to queue
[2025-02-01T00:04:55.529+0000] {logging_mixin.py:190} INFO - [2025-02-01T00:04:55.529+0000] {dagbag.py:587} INFO - Filling up the DagBag from /home/airflow/.local/lib/python3.12/site-packages/airflow/example_dags/example_skip_dag.py
[2025-02-01T00:04:55.536+0000] {processor.py:925} INFO - DAG(s) 'example_skip_dag' retrieved from /home/airflow/.local/lib/python3.12/site-packages/airflow/example_dags/example_skip_dag.py
[2025-02-01T00:04:55.554+0000] {logging_mixin.py:190} INFO - [2025-02-01T00:04:55.553+0000] {dag.py:3211} INFO - Sync 1 DAGs
[2025-02-01T00:04:55.575+0000] {logging_mixin.py:190} INFO - [2025-02-01T00:04:55.575+0000] {dag.py:4138} INFO - Setting next_dagrun for example_skip_dag to 2025-01-31 00:00:00+00:00, run_after=2025-02-01 00:00:00+00:00
[2025-02-01T00:04:55.596+0000] {processor.py:208} INFO - Processing /home/airflow/.local/lib/python3.12/site-packages/airflow/example_dags/example_skip_dag.py took 0.073 seconds
[2025-02-01T00:05:25.774+0000] {processor.py:186} INFO - Started process (PID=25742) to work on /home/airflow/.local/lib/python3.12/site-packages/airflow/example_dags/example_skip_dag.py
[2025-02-01T00:05:25.775+0000] {processor.py:914} INFO - Processing file /home/airflow/.local/lib/python3.12/site-packages/airflow/example_dags/example_skip_dag.py for tasks to queue
[2025-02-01T00:05:25.776+0000] {logging_mixin.py:190} INFO - [2025-02-01T00:05:25.776+0000] {dagbag.py:587} INFO - Filling up the DagBag from /home/airflow/.local/lib/python3.12/site-packages/airflow/example_dags/example_skip_dag.py
[2025-02-01T00:05:25.782+0000] {processor.py:925} INFO - DAG(s) 'example_skip_dag' retrieved from /home/airflow/.local/lib/python3.12/site-packages/airflow/example_dags/example_skip_dag.py
[2025-02-01T00:05:25.799+0000] {logging_mixin.py:190} INFO - [2025-02-01T00:05:25.799+0000] {dag.py:3211} INFO - Sync 1 DAGs
[2025-02-01T00:05:25.818+0000] {logging_mixin.py:190} INFO - [2025-02-01T00:05:25.818+0000] {dag.py:4138} INFO - Setting next_dagrun for example_skip_dag to 2025-01-31 00:00:00+00:00, run_after=2025-02-01 00:00:00+00:00
[2025-02-01T00:05:25.838+0000] {processor.py:208} INFO - Processing /home/airflow/.local/lib/python3.12/site-packages/airflow/example_dags/example_skip_dag.py took 0.069 seconds
[2025-02-01T00:05:55.904+0000] {processor.py:186} INFO - Started process (PID=25805) to work on /home/airflow/.local/lib/python3.12/site-packages/airflow/example_dags/example_skip_dag.py
[2025-02-01T00:05:55.905+0000] {processor.py:914} INFO - Processing file /home/airflow/.local/lib/python3.12/site-packages/airflow/example_dags/example_skip_dag.py for tasks to queue
[2025-02-01T00:05:55.907+0000] {logging_mixin.py:190} INFO - [2025-02-01T00:05:55.906+0000] {dagbag.py:587} INFO - Filling up the DagBag from /home/airflow/.local/lib/python3.12/site-packages/airflow/example_dags/example_skip_dag.py
[2025-02-01T00:05:55.914+0000] {processor.py:925} INFO - DAG(s) 'example_skip_dag' retrieved from /home/airflow/.local/lib/python3.12/site-packages/airflow/example_dags/example_skip_dag.py
[2025-02-01T00:05:55.932+0000] {logging_mixin.py:190} INFO - [2025-02-01T00:05:55.932+0000] {dag.py:3211} INFO - Sync 1 DAGs
[2025-02-01T00:05:55.955+0000] {logging_mixin.py:190} INFO - [2025-02-01T00:05:55.955+0000] {dag.py:4138} INFO - Setting next_dagrun for example_skip_dag to 2025-01-31 00:00:00+00:00, run_after=2025-02-01 00:00:00+00:00
[2025-02-01T00:05:55.976+0000] {processor.py:208} INFO - Processing /home/airflow/.local/lib/python3.12/site-packages/airflow/example_dags/example_skip_dag.py took 0.077 seconds
[2025-02-01T00:06:26.075+0000] {processor.py:186} INFO - Started process (PID=25867) to work on /home/airflow/.local/lib/python3.12/site-packages/airflow/example_dags/example_skip_dag.py
[2025-02-01T00:06:26.076+0000] {processor.py:914} INFO - Processing file /home/airflow/.local/lib/python3.12/site-packages/airflow/example_dags/example_skip_dag.py for tasks to queue
[2025-02-01T00:06:26.077+0000] {logging_mixin.py:190} INFO - [2025-02-01T00:06:26.077+0000] {dagbag.py:587} INFO - Filling up the DagBag from /home/airflow/.local/lib/python3.12/site-packages/airflow/example_dags/example_skip_dag.py
[2025-02-01T00:06:26.083+0000] {processor.py:925} INFO - DAG(s) 'example_skip_dag' retrieved from /home/airflow/.local/lib/python3.12/site-packages/airflow/example_dags/example_skip_dag.py
[2025-02-01T00:06:26.100+0000] {logging_mixin.py:190} INFO - [2025-02-01T00:06:26.099+0000] {dag.py:3211} INFO - Sync 1 DAGs
[2025-02-01T00:06:26.122+0000] {logging_mixin.py:190} INFO - [2025-02-01T00:06:26.121+0000] {dag.py:4138} INFO - Setting next_dagrun for example_skip_dag to 2025-01-31 00:00:00+00:00, run_after=2025-02-01 00:00:00+00:00
[2025-02-01T00:06:26.145+0000] {processor.py:208} INFO - Processing /home/airflow/.local/lib/python3.12/site-packages/airflow/example_dags/example_skip_dag.py took 0.075 seconds
[2025-02-01T00:06:56.353+0000] {processor.py:186} INFO - Started process (PID=25930) to work on /home/airflow/.local/lib/python3.12/site-packages/airflow/example_dags/example_skip_dag.py
[2025-02-01T00:06:56.353+0000] {processor.py:914} INFO - Processing file /home/airflow/.local/lib/python3.12/site-packages/airflow/example_dags/example_skip_dag.py for tasks to queue
[2025-02-01T00:06:56.355+0000] {logging_mixin.py:190} INFO - [2025-02-01T00:06:56.354+0000] {dagbag.py:587} INFO - Filling up the DagBag from /home/airflow/.local/lib/python3.12/site-packages/airflow/example_dags/example_skip_dag.py
[2025-02-01T00:06:56.361+0000] {processor.py:925} INFO - DAG(s) 'example_skip_dag' retrieved from /home/airflow/.local/lib/python3.12/site-packages/airflow/example_dags/example_skip_dag.py
[2025-02-01T00:06:56.379+0000] {logging_mixin.py:190} INFO - [2025-02-01T00:06:56.378+0000] {dag.py:3211} INFO - Sync 1 DAGs
[2025-02-01T00:06:56.398+0000] {logging_mixin.py:190} INFO - [2025-02-01T00:06:56.398+0000] {dag.py:4138} INFO - Setting next_dagrun for example_skip_dag to 2025-01-31 00:00:00+00:00, run_after=2025-02-01 00:00:00+00:00
[2025-02-01T00:06:56.418+0000] {processor.py:208} INFO - Processing /home/airflow/.local/lib/python3.12/site-packages/airflow/example_dags/example_skip_dag.py took 0.069 seconds
[2025-02-01T00:07:26.817+0000] {processor.py:186} INFO - Started process (PID=25993) to work on /home/airflow/.local/lib/python3.12/site-packages/airflow/example_dags/example_skip_dag.py
[2025-02-01T00:07:26.818+0000] {processor.py:914} INFO - Processing file /home/airflow/.local/lib/python3.12/site-packages/airflow/example_dags/example_skip_dag.py for tasks to queue
[2025-02-01T00:07:26.819+0000] {logging_mixin.py:190} INFO - [2025-02-01T00:07:26.818+0000] {dagbag.py:587} INFO - Filling up the DagBag from /home/airflow/.local/lib/python3.12/site-packages/airflow/example_dags/example_skip_dag.py
[2025-02-01T00:07:26.825+0000] {processor.py:925} INFO - DAG(s) 'example_skip_dag' retrieved from /home/airflow/.local/lib/python3.12/site-packages/airflow/example_dags/example_skip_dag.py
[2025-02-01T00:07:26.843+0000] {logging_mixin.py:190} INFO - [2025-02-01T00:07:26.842+0000] {dag.py:3211} INFO - Sync 1 DAGs
[2025-02-01T00:07:26.862+0000] {logging_mixin.py:190} INFO - [2025-02-01T00:07:26.862+0000] {dag.py:4138} INFO - Setting next_dagrun for example_skip_dag to 2025-01-31 00:00:00+00:00, run_after=2025-02-01 00:00:00+00:00
[2025-02-01T00:07:26.881+0000] {processor.py:208} INFO - Processing /home/airflow/.local/lib/python3.12/site-packages/airflow/example_dags/example_skip_dag.py took 0.069 seconds
[2025-02-01T00:07:57.091+0000] {processor.py:186} INFO - Started process (PID=26056) to work on /home/airflow/.local/lib/python3.12/site-packages/airflow/example_dags/example_skip_dag.py
[2025-02-01T00:07:57.092+0000] {processor.py:914} INFO - Processing file /home/airflow/.local/lib/python3.12/site-packages/airflow/example_dags/example_skip_dag.py for tasks to queue
[2025-02-01T00:07:57.093+0000] {logging_mixin.py:190} INFO - [2025-02-01T00:07:57.093+0000] {dagbag.py:587} INFO - Filling up the DagBag from /home/airflow/.local/lib/python3.12/site-packages/airflow/example_dags/example_skip_dag.py
[2025-02-01T00:07:57.099+0000] {processor.py:925} INFO - DAG(s) 'example_skip_dag' retrieved from /home/airflow/.local/lib/python3.12/site-packages/airflow/example_dags/example_skip_dag.py
[2025-02-01T00:07:57.116+0000] {logging_mixin.py:190} INFO - [2025-02-01T00:07:57.116+0000] {dag.py:3211} INFO - Sync 1 DAGs
[2025-02-01T00:07:57.136+0000] {logging_mixin.py:190} INFO - [2025-02-01T00:07:57.135+0000] {dag.py:4138} INFO - Setting next_dagrun for example_skip_dag to 2025-01-31 00:00:00+00:00, run_after=2025-02-01 00:00:00+00:00
[2025-02-01T00:07:57.156+0000] {processor.py:208} INFO - Processing /home/airflow/.local/lib/python3.12/site-packages/airflow/example_dags/example_skip_dag.py took 0.070 seconds
[2025-02-01T00:08:27.520+0000] {processor.py:186} INFO - Started process (PID=26119) to work on /home/airflow/.local/lib/python3.12/site-packages/airflow/example_dags/example_skip_dag.py
[2025-02-01T00:08:27.521+0000] {processor.py:914} INFO - Processing file /home/airflow/.local/lib/python3.12/site-packages/airflow/example_dags/example_skip_dag.py for tasks to queue
[2025-02-01T00:08:27.522+0000] {logging_mixin.py:190} INFO - [2025-02-01T00:08:27.521+0000] {dagbag.py:587} INFO - Filling up the DagBag from /home/airflow/.local/lib/python3.12/site-packages/airflow/example_dags/example_skip_dag.py
[2025-02-01T00:08:27.528+0000] {processor.py:925} INFO - DAG(s) 'example_skip_dag' retrieved from /home/airflow/.local/lib/python3.12/site-packages/airflow/example_dags/example_skip_dag.py
[2025-02-01T00:08:27.545+0000] {logging_mixin.py:190} INFO - [2025-02-01T00:08:27.545+0000] {dag.py:3211} INFO - Sync 1 DAGs
[2025-02-01T00:08:27.565+0000] {logging_mixin.py:190} INFO - [2025-02-01T00:08:27.565+0000] {dag.py:4138} INFO - Setting next_dagrun for example_skip_dag to 2025-01-31 00:00:00+00:00, run_after=2025-02-01 00:00:00+00:00
[2025-02-01T00:08:27.582+0000] {processor.py:208} INFO - Processing /home/airflow/.local/lib/python3.12/site-packages/airflow/example_dags/example_skip_dag.py took 0.067 seconds
[2025-02-01T00:08:57.733+0000] {processor.py:186} INFO - Started process (PID=26182) to work on /home/airflow/.local/lib/python3.12/site-packages/airflow/example_dags/example_skip_dag.py
[2025-02-01T00:08:57.734+0000] {processor.py:914} INFO - Processing file /home/airflow/.local/lib/python3.12/site-packages/airflow/example_dags/example_skip_dag.py for tasks to queue
[2025-02-01T00:08:57.735+0000] {logging_mixin.py:190} INFO - [2025-02-01T00:08:57.735+0000] {dagbag.py:587} INFO - Filling up the DagBag from /home/airflow/.local/lib/python3.12/site-packages/airflow/example_dags/example_skip_dag.py
[2025-02-01T00:08:57.742+0000] {processor.py:925} INFO - DAG(s) 'example_skip_dag' retrieved from /home/airflow/.local/lib/python3.12/site-packages/airflow/example_dags/example_skip_dag.py
[2025-02-01T00:08:57.760+0000] {logging_mixin.py:190} INFO - [2025-02-01T00:08:57.759+0000] {dag.py:3211} INFO - Sync 1 DAGs
[2025-02-01T00:08:57.779+0000] {logging_mixin.py:190} INFO - [2025-02-01T00:08:57.779+0000] {dag.py:4138} INFO - Setting next_dagrun for example_skip_dag to 2025-01-31 00:00:00+00:00, run_after=2025-02-01 00:00:00+00:00
[2025-02-01T00:08:57.799+0000] {processor.py:208} INFO - Processing /home/airflow/.local/lib/python3.12/site-packages/airflow/example_dags/example_skip_dag.py took 0.070 seconds
[2025-02-01T00:09:27.874+0000] {processor.py:186} INFO - Started process (PID=26245) to work on /home/airflow/.local/lib/python3.12/site-packages/airflow/example_dags/example_skip_dag.py
[2025-02-01T00:09:27.875+0000] {processor.py:914} INFO - Processing file /home/airflow/.local/lib/python3.12/site-packages/airflow/example_dags/example_skip_dag.py for tasks to queue
[2025-02-01T00:09:27.876+0000] {logging_mixin.py:190} INFO - [2025-02-01T00:09:27.876+0000] {dagbag.py:587} INFO - Filling up the DagBag from /home/airflow/.local/lib/python3.12/site-packages/airflow/example_dags/example_skip_dag.py
[2025-02-01T00:09:27.883+0000] {processor.py:925} INFO - DAG(s) 'example_skip_dag' retrieved from /home/airflow/.local/lib/python3.12/site-packages/airflow/example_dags/example_skip_dag.py
[2025-02-01T00:09:27.902+0000] {logging_mixin.py:190} INFO - [2025-02-01T00:09:27.901+0000] {dag.py:3211} INFO - Sync 1 DAGs
[2025-02-01T00:09:27.922+0000] {logging_mixin.py:190} INFO - [2025-02-01T00:09:27.922+0000] {dag.py:4138} INFO - Setting next_dagrun for example_skip_dag to 2025-01-31 00:00:00+00:00, run_after=2025-02-01 00:00:00+00:00
[2025-02-01T00:09:27.943+0000] {processor.py:208} INFO - Processing /home/airflow/.local/lib/python3.12/site-packages/airflow/example_dags/example_skip_dag.py took 0.073 seconds
[2025-02-01T00:09:58.241+0000] {processor.py:186} INFO - Started process (PID=26308) to work on /home/airflow/.local/lib/python3.12/site-packages/airflow/example_dags/example_skip_dag.py
[2025-02-01T00:09:58.242+0000] {processor.py:914} INFO - Processing file /home/airflow/.local/lib/python3.12/site-packages/airflow/example_dags/example_skip_dag.py for tasks to queue
[2025-02-01T00:09:58.243+0000] {logging_mixin.py:190} INFO - [2025-02-01T00:09:58.242+0000] {dagbag.py:587} INFO - Filling up the DagBag from /home/airflow/.local/lib/python3.12/site-packages/airflow/example_dags/example_skip_dag.py
[2025-02-01T00:09:58.249+0000] {processor.py:925} INFO - DAG(s) 'example_skip_dag' retrieved from /home/airflow/.local/lib/python3.12/site-packages/airflow/example_dags/example_skip_dag.py
[2025-02-01T00:09:58.267+0000] {logging_mixin.py:190} INFO - [2025-02-01T00:09:58.267+0000] {dag.py:3211} INFO - Sync 1 DAGs
[2025-02-01T00:09:58.287+0000] {logging_mixin.py:190} INFO - [2025-02-01T00:09:58.287+0000] {dag.py:4138} INFO - Setting next_dagrun for example_skip_dag to 2025-01-31 00:00:00+00:00, run_after=2025-02-01 00:00:00+00:00
[2025-02-01T00:09:58.305+0000] {processor.py:208} INFO - Processing /home/airflow/.local/lib/python3.12/site-packages/airflow/example_dags/example_skip_dag.py took 0.069 seconds
[2025-02-01T00:10:28.778+0000] {processor.py:186} INFO - Started process (PID=26371) to work on /home/airflow/.local/lib/python3.12/site-packages/airflow/example_dags/example_skip_dag.py
[2025-02-01T00:10:28.779+0000] {processor.py:914} INFO - Processing file /home/airflow/.local/lib/python3.12/site-packages/airflow/example_dags/example_skip_dag.py for tasks to queue
[2025-02-01T00:10:28.780+0000] {logging_mixin.py:190} INFO - [2025-02-01T00:10:28.780+0000] {dagbag.py:587} INFO - Filling up the DagBag from /home/airflow/.local/lib/python3.12/site-packages/airflow/example_dags/example_skip_dag.py
[2025-02-01T00:10:28.787+0000] {processor.py:925} INFO - DAG(s) 'example_skip_dag' retrieved from /home/airflow/.local/lib/python3.12/site-packages/airflow/example_dags/example_skip_dag.py
[2025-02-01T00:10:28.805+0000] {logging_mixin.py:190} INFO - [2025-02-01T00:10:28.805+0000] {dag.py:3211} INFO - Sync 1 DAGs
[2025-02-01T00:10:28.828+0000] {logging_mixin.py:190} INFO - [2025-02-01T00:10:28.828+0000] {dag.py:4138} INFO - Setting next_dagrun for example_skip_dag to 2025-01-31 00:00:00+00:00, run_after=2025-02-01 00:00:00+00:00
[2025-02-01T00:10:28.850+0000] {processor.py:208} INFO - Processing /home/airflow/.local/lib/python3.12/site-packages/airflow/example_dags/example_skip_dag.py took 0.077 seconds
[2025-02-01T00:10:59.831+0000] {processor.py:186} INFO - Started process (PID=26434) to work on /home/airflow/.local/lib/python3.12/site-packages/airflow/example_dags/example_skip_dag.py
[2025-02-01T00:10:59.832+0000] {processor.py:914} INFO - Processing file /home/airflow/.local/lib/python3.12/site-packages/airflow/example_dags/example_skip_dag.py for tasks to queue
[2025-02-01T00:10:59.833+0000] {logging_mixin.py:190} INFO - [2025-02-01T00:10:59.833+0000] {dagbag.py:587} INFO - Filling up the DagBag from /home/airflow/.local/lib/python3.12/site-packages/airflow/example_dags/example_skip_dag.py
[2025-02-01T00:10:59.840+0000] {processor.py:925} INFO - DAG(s) 'example_skip_dag' retrieved from /home/airflow/.local/lib/python3.12/site-packages/airflow/example_dags/example_skip_dag.py
[2025-02-01T00:10:59.859+0000] {logging_mixin.py:190} INFO - [2025-02-01T00:10:59.859+0000] {dag.py:3211} INFO - Sync 1 DAGs
[2025-02-01T00:10:59.881+0000] {logging_mixin.py:190} INFO - [2025-02-01T00:10:59.881+0000] {dag.py:4138} INFO - Setting next_dagrun for example_skip_dag to 2025-01-31 00:00:00+00:00, run_after=2025-02-01 00:00:00+00:00
[2025-02-01T00:10:59.913+0000] {processor.py:208} INFO - Processing /home/airflow/.local/lib/python3.12/site-packages/airflow/example_dags/example_skip_dag.py took 0.086 seconds
[2025-02-01T00:11:30.141+0000] {processor.py:186} INFO - Started process (PID=26497) to work on /home/airflow/.local/lib/python3.12/site-packages/airflow/example_dags/example_skip_dag.py
[2025-02-01T00:11:30.142+0000] {processor.py:914} INFO - Processing file /home/airflow/.local/lib/python3.12/site-packages/airflow/example_dags/example_skip_dag.py for tasks to queue
[2025-02-01T00:11:30.143+0000] {logging_mixin.py:190} INFO - [2025-02-01T00:11:30.143+0000] {dagbag.py:587} INFO - Filling up the DagBag from /home/airflow/.local/lib/python3.12/site-packages/airflow/example_dags/example_skip_dag.py
[2025-02-01T00:11:30.150+0000] {processor.py:925} INFO - DAG(s) 'example_skip_dag' retrieved from /home/airflow/.local/lib/python3.12/site-packages/airflow/example_dags/example_skip_dag.py
[2025-02-01T00:11:30.166+0000] {logging_mixin.py:190} INFO - [2025-02-01T00:11:30.166+0000] {dag.py:3211} INFO - Sync 1 DAGs
[2025-02-01T00:11:30.187+0000] {logging_mixin.py:190} INFO - [2025-02-01T00:11:30.187+0000] {dag.py:4138} INFO - Setting next_dagrun for example_skip_dag to 2025-01-31 00:00:00+00:00, run_after=2025-02-01 00:00:00+00:00
[2025-02-01T00:11:30.208+0000] {processor.py:208} INFO - Processing /home/airflow/.local/lib/python3.12/site-packages/airflow/example_dags/example_skip_dag.py took 0.071 seconds
[2025-02-01T00:12:00.429+0000] {processor.py:186} INFO - Started process (PID=26560) to work on /home/airflow/.local/lib/python3.12/site-packages/airflow/example_dags/example_skip_dag.py
[2025-02-01T00:12:00.430+0000] {processor.py:914} INFO - Processing file /home/airflow/.local/lib/python3.12/site-packages/airflow/example_dags/example_skip_dag.py for tasks to queue
[2025-02-01T00:12:00.431+0000] {logging_mixin.py:190} INFO - [2025-02-01T00:12:00.431+0000] {dagbag.py:587} INFO - Filling up the DagBag from /home/airflow/.local/lib/python3.12/site-packages/airflow/example_dags/example_skip_dag.py
[2025-02-01T00:12:00.438+0000] {processor.py:925} INFO - DAG(s) 'example_skip_dag' retrieved from /home/airflow/.local/lib/python3.12/site-packages/airflow/example_dags/example_skip_dag.py
[2025-02-01T00:12:00.455+0000] {logging_mixin.py:190} INFO - [2025-02-01T00:12:00.455+0000] {dag.py:3211} INFO - Sync 1 DAGs
[2025-02-01T00:12:00.475+0000] {logging_mixin.py:190} INFO - [2025-02-01T00:12:00.475+0000] {dag.py:4138} INFO - Setting next_dagrun for example_skip_dag to 2025-01-31 00:00:00+00:00, run_after=2025-02-01 00:00:00+00:00
[2025-02-01T00:12:00.495+0000] {processor.py:208} INFO - Processing /home/airflow/.local/lib/python3.12/site-packages/airflow/example_dags/example_skip_dag.py took 0.070 seconds
[2025-02-01T00:12:30.816+0000] {processor.py:186} INFO - Started process (PID=26623) to work on /home/airflow/.local/lib/python3.12/site-packages/airflow/example_dags/example_skip_dag.py
[2025-02-01T00:12:30.817+0000] {processor.py:914} INFO - Processing file /home/airflow/.local/lib/python3.12/site-packages/airflow/example_dags/example_skip_dag.py for tasks to queue
[2025-02-01T00:12:30.818+0000] {logging_mixin.py:190} INFO - [2025-02-01T00:12:30.817+0000] {dagbag.py:587} INFO - Filling up the DagBag from /home/airflow/.local/lib/python3.12/site-packages/airflow/example_dags/example_skip_dag.py
[2025-02-01T00:12:30.824+0000] {processor.py:925} INFO - DAG(s) 'example_skip_dag' retrieved from /home/airflow/.local/lib/python3.12/site-packages/airflow/example_dags/example_skip_dag.py
[2025-02-01T00:12:30.842+0000] {logging_mixin.py:190} INFO - [2025-02-01T00:12:30.841+0000] {dag.py:3211} INFO - Sync 1 DAGs
[2025-02-01T00:12:30.863+0000] {logging_mixin.py:190} INFO - [2025-02-01T00:12:30.863+0000] {dag.py:4138} INFO - Setting next_dagrun for example_skip_dag to 2025-01-31 00:00:00+00:00, run_after=2025-02-01 00:00:00+00:00
[2025-02-01T00:12:30.880+0000] {processor.py:208} INFO - Processing /home/airflow/.local/lib/python3.12/site-packages/airflow/example_dags/example_skip_dag.py took 0.068 seconds
[2025-02-01T00:13:00.951+0000] {processor.py:186} INFO - Started process (PID=26686) to work on /home/airflow/.local/lib/python3.12/site-packages/airflow/example_dags/example_skip_dag.py
[2025-02-01T00:13:00.952+0000] {processor.py:914} INFO - Processing file /home/airflow/.local/lib/python3.12/site-packages/airflow/example_dags/example_skip_dag.py for tasks to queue
[2025-02-01T00:13:00.953+0000] {logging_mixin.py:190} INFO - [2025-02-01T00:13:00.952+0000] {dagbag.py:587} INFO - Filling up the DagBag from /home/airflow/.local/lib/python3.12/site-packages/airflow/example_dags/example_skip_dag.py
[2025-02-01T00:13:00.959+0000] {processor.py:925} INFO - DAG(s) 'example_skip_dag' retrieved from /home/airflow/.local/lib/python3.12/site-packages/airflow/example_dags/example_skip_dag.py
[2025-02-01T00:13:00.977+0000] {logging_mixin.py:190} INFO - [2025-02-01T00:13:00.977+0000] {dag.py:3211} INFO - Sync 1 DAGs
[2025-02-01T00:13:00.996+0000] {logging_mixin.py:190} INFO - [2025-02-01T00:13:00.995+0000] {dag.py:4138} INFO - Setting next_dagrun for example_skip_dag to 2025-01-31 00:00:00+00:00, run_after=2025-02-01 00:00:00+00:00
[2025-02-01T00:13:01.015+0000] {processor.py:208} INFO - Processing /home/airflow/.local/lib/python3.12/site-packages/airflow/example_dags/example_skip_dag.py took 0.068 seconds
[2025-02-01T00:13:31.155+0000] {processor.py:186} INFO - Started process (PID=26749) to work on /home/airflow/.local/lib/python3.12/site-packages/airflow/example_dags/example_skip_dag.py
[2025-02-01T00:13:31.156+0000] {processor.py:914} INFO - Processing file /home/airflow/.local/lib/python3.12/site-packages/airflow/example_dags/example_skip_dag.py for tasks to queue
[2025-02-01T00:13:31.156+0000] {logging_mixin.py:190} INFO - [2025-02-01T00:13:31.156+0000] {dagbag.py:587} INFO - Filling up the DagBag from /home/airflow/.local/lib/python3.12/site-packages/airflow/example_dags/example_skip_dag.py
[2025-02-01T00:13:31.163+0000] {processor.py:925} INFO - DAG(s) 'example_skip_dag' retrieved from /home/airflow/.local/lib/python3.12/site-packages/airflow/example_dags/example_skip_dag.py
[2025-02-01T00:13:31.182+0000] {logging_mixin.py:190} INFO - [2025-02-01T00:13:31.182+0000] {dag.py:3211} INFO - Sync 1 DAGs
[2025-02-01T00:13:31.204+0000] {logging_mixin.py:190} INFO - [2025-02-01T00:13:31.204+0000] {dag.py:4138} INFO - Setting next_dagrun for example_skip_dag to 2025-01-31 00:00:00+00:00, run_after=2025-02-01 00:00:00+00:00
[2025-02-01T00:13:31.233+0000] {processor.py:208} INFO - Processing /home/airflow/.local/lib/python3.12/site-packages/airflow/example_dags/example_skip_dag.py took 0.083 seconds
[2025-02-01T00:14:01.437+0000] {processor.py:186} INFO - Started process (PID=26812) to work on /home/airflow/.local/lib/python3.12/site-packages/airflow/example_dags/example_skip_dag.py
[2025-02-01T00:14:01.438+0000] {processor.py:914} INFO - Processing file /home/airflow/.local/lib/python3.12/site-packages/airflow/example_dags/example_skip_dag.py for tasks to queue
[2025-02-01T00:14:01.439+0000] {logging_mixin.py:190} INFO - [2025-02-01T00:14:01.439+0000] {dagbag.py:587} INFO - Filling up the DagBag from /home/airflow/.local/lib/python3.12/site-packages/airflow/example_dags/example_skip_dag.py
[2025-02-01T00:14:01.445+0000] {processor.py:925} INFO - DAG(s) 'example_skip_dag' retrieved from /home/airflow/.local/lib/python3.12/site-packages/airflow/example_dags/example_skip_dag.py
[2025-02-01T00:14:01.462+0000] {logging_mixin.py:190} INFO - [2025-02-01T00:14:01.461+0000] {dag.py:3211} INFO - Sync 1 DAGs
[2025-02-01T00:14:01.480+0000] {logging_mixin.py:190} INFO - [2025-02-01T00:14:01.479+0000] {dag.py:4138} INFO - Setting next_dagrun for example_skip_dag to 2025-01-31 00:00:00+00:00, run_after=2025-02-01 00:00:00+00:00
[2025-02-01T00:14:01.499+0000] {processor.py:208} INFO - Processing /home/airflow/.local/lib/python3.12/site-packages/airflow/example_dags/example_skip_dag.py took 0.066 seconds
[2025-02-01T00:14:31.745+0000] {processor.py:186} INFO - Started process (PID=26875) to work on /home/airflow/.local/lib/python3.12/site-packages/airflow/example_dags/example_skip_dag.py
[2025-02-01T00:14:31.746+0000] {processor.py:914} INFO - Processing file /home/airflow/.local/lib/python3.12/site-packages/airflow/example_dags/example_skip_dag.py for tasks to queue
[2025-02-01T00:14:31.747+0000] {logging_mixin.py:190} INFO - [2025-02-01T00:14:31.747+0000] {dagbag.py:587} INFO - Filling up the DagBag from /home/airflow/.local/lib/python3.12/site-packages/airflow/example_dags/example_skip_dag.py
[2025-02-01T00:14:31.753+0000] {processor.py:925} INFO - DAG(s) 'example_skip_dag' retrieved from /home/airflow/.local/lib/python3.12/site-packages/airflow/example_dags/example_skip_dag.py
[2025-02-01T00:14:31.771+0000] {logging_mixin.py:190} INFO - [2025-02-01T00:14:31.771+0000] {dag.py:3211} INFO - Sync 1 DAGs
[2025-02-01T00:14:31.790+0000] {logging_mixin.py:190} INFO - [2025-02-01T00:14:31.790+0000] {dag.py:4138} INFO - Setting next_dagrun for example_skip_dag to 2025-01-31 00:00:00+00:00, run_after=2025-02-01 00:00:00+00:00
[2025-02-01T00:14:31.810+0000] {processor.py:208} INFO - Processing /home/airflow/.local/lib/python3.12/site-packages/airflow/example_dags/example_skip_dag.py took 0.069 seconds
[2025-02-01T00:15:02.120+0000] {processor.py:186} INFO - Started process (PID=26938) to work on /home/airflow/.local/lib/python3.12/site-packages/airflow/example_dags/example_skip_dag.py
[2025-02-01T00:15:02.121+0000] {processor.py:914} INFO - Processing file /home/airflow/.local/lib/python3.12/site-packages/airflow/example_dags/example_skip_dag.py for tasks to queue
[2025-02-01T00:15:02.122+0000] {logging_mixin.py:190} INFO - [2025-02-01T00:15:02.122+0000] {dagbag.py:587} INFO - Filling up the DagBag from /home/airflow/.local/lib/python3.12/site-packages/airflow/example_dags/example_skip_dag.py
[2025-02-01T00:15:02.128+0000] {processor.py:925} INFO - DAG(s) 'example_skip_dag' retrieved from /home/airflow/.local/lib/python3.12/site-packages/airflow/example_dags/example_skip_dag.py
[2025-02-01T00:15:02.146+0000] {logging_mixin.py:190} INFO - [2025-02-01T00:15:02.146+0000] {dag.py:3211} INFO - Sync 1 DAGs
[2025-02-01T00:15:02.167+0000] {logging_mixin.py:190} INFO - [2025-02-01T00:15:02.167+0000] {dag.py:4138} INFO - Setting next_dagrun for example_skip_dag to 2025-01-31 00:00:00+00:00, run_after=2025-02-01 00:00:00+00:00
[2025-02-01T00:15:02.187+0000] {processor.py:208} INFO - Processing /home/airflow/.local/lib/python3.12/site-packages/airflow/example_dags/example_skip_dag.py took 0.071 seconds
[2025-02-01T00:15:32.668+0000] {processor.py:186} INFO - Started process (PID=27001) to work on /home/airflow/.local/lib/python3.12/site-packages/airflow/example_dags/example_skip_dag.py
[2025-02-01T00:15:32.669+0000] {processor.py:914} INFO - Processing file /home/airflow/.local/lib/python3.12/site-packages/airflow/example_dags/example_skip_dag.py for tasks to queue
[2025-02-01T00:15:32.670+0000] {logging_mixin.py:190} INFO - [2025-02-01T00:15:32.670+0000] {dagbag.py:587} INFO - Filling up the DagBag from /home/airflow/.local/lib/python3.12/site-packages/airflow/example_dags/example_skip_dag.py
[2025-02-01T00:15:32.679+0000] {processor.py:925} INFO - DAG(s) 'example_skip_dag' retrieved from /home/airflow/.local/lib/python3.12/site-packages/airflow/example_dags/example_skip_dag.py
[2025-02-01T00:15:32.706+0000] {logging_mixin.py:190} INFO - [2025-02-01T00:15:32.706+0000] {dag.py:3211} INFO - Sync 1 DAGs
[2025-02-01T00:15:32.739+0000] {logging_mixin.py:190} INFO - [2025-02-01T00:15:32.739+0000] {dag.py:4138} INFO - Setting next_dagrun for example_skip_dag to 2025-01-31 00:00:00+00:00, run_after=2025-02-01 00:00:00+00:00
[2025-02-01T00:15:32.764+0000] {processor.py:208} INFO - Processing /home/airflow/.local/lib/python3.12/site-packages/airflow/example_dags/example_skip_dag.py took 0.102 seconds
[2025-02-01T00:16:02.923+0000] {processor.py:186} INFO - Started process (PID=27064) to work on /home/airflow/.local/lib/python3.12/site-packages/airflow/example_dags/example_skip_dag.py
[2025-02-01T00:16:02.924+0000] {processor.py:914} INFO - Processing file /home/airflow/.local/lib/python3.12/site-packages/airflow/example_dags/example_skip_dag.py for tasks to queue
[2025-02-01T00:16:02.925+0000] {logging_mixin.py:190} INFO - [2025-02-01T00:16:02.924+0000] {dagbag.py:587} INFO - Filling up the DagBag from /home/airflow/.local/lib/python3.12/site-packages/airflow/example_dags/example_skip_dag.py
[2025-02-01T00:16:02.931+0000] {processor.py:925} INFO - DAG(s) 'example_skip_dag' retrieved from /home/airflow/.local/lib/python3.12/site-packages/airflow/example_dags/example_skip_dag.py
[2025-02-01T00:16:02.948+0000] {logging_mixin.py:190} INFO - [2025-02-01T00:16:02.948+0000] {dag.py:3211} INFO - Sync 1 DAGs
[2025-02-01T00:16:02.967+0000] {logging_mixin.py:190} INFO - [2025-02-01T00:16:02.967+0000] {dag.py:4138} INFO - Setting next_dagrun for example_skip_dag to 2025-01-31 00:00:00+00:00, run_after=2025-02-01 00:00:00+00:00
[2025-02-01T00:16:02.985+0000] {processor.py:208} INFO - Processing /home/airflow/.local/lib/python3.12/site-packages/airflow/example_dags/example_skip_dag.py took 0.066 seconds
