[2025-02-01T00:00:06.225+0000] {processor.py:186} INFO - Started process (PID=25064) to work on /home/airflow/.local/lib/python3.12/site-packages/airflow/example_dags/example_latest_only_with_trigger.py
[2025-02-01T00:00:06.226+0000] {processor.py:914} INFO - Processing file /home/airflow/.local/lib/python3.12/site-packages/airflow/example_dags/example_latest_only_with_trigger.py for tasks to queue
[2025-02-01T00:00:06.227+0000] {logging_mixin.py:190} INFO - [2025-02-01T00:00:06.227+0000] {dagbag.py:587} INFO - Filling up the DagBag from /home/airflow/.local/lib/python3.12/site-packages/airflow/example_dags/example_latest_only_with_trigger.py
[2025-02-01T00:00:06.234+0000] {processor.py:925} INFO - DAG(s) 'latest_only_with_trigger' retrieved from /home/airflow/.local/lib/python3.12/site-packages/airflow/example_dags/example_latest_only_with_trigger.py
[2025-02-01T00:00:06.255+0000] {logging_mixin.py:190} INFO - [2025-02-01T00:00:06.254+0000] {dag.py:3211} INFO - Sync 1 DAGs
[2025-02-01T00:00:06.280+0000] {logging_mixin.py:190} INFO - [2025-02-01T00:00:06.279+0000] {dag.py:4138} INFO - Setting next_dagrun for latest_only_with_trigger to 2025-01-31 20:00:00+00:00, run_after=2025-02-01 00:00:00+00:00
[2025-02-01T00:00:06.299+0000] {processor.py:208} INFO - Processing /home/airflow/.local/lib/python3.12/site-packages/airflow/example_dags/example_latest_only_with_trigger.py took 0.079 seconds
[2025-02-01T00:00:36.857+0000] {processor.py:186} INFO - Started process (PID=25127) to work on /home/airflow/.local/lib/python3.12/site-packages/airflow/example_dags/example_latest_only_with_trigger.py
[2025-02-01T00:00:36.858+0000] {processor.py:914} INFO - Processing file /home/airflow/.local/lib/python3.12/site-packages/airflow/example_dags/example_latest_only_with_trigger.py for tasks to queue
[2025-02-01T00:00:36.860+0000] {logging_mixin.py:190} INFO - [2025-02-01T00:00:36.859+0000] {dagbag.py:587} INFO - Filling up the DagBag from /home/airflow/.local/lib/python3.12/site-packages/airflow/example_dags/example_latest_only_with_trigger.py
[2025-02-01T00:00:36.866+0000] {processor.py:925} INFO - DAG(s) 'latest_only_with_trigger' retrieved from /home/airflow/.local/lib/python3.12/site-packages/airflow/example_dags/example_latest_only_with_trigger.py
[2025-02-01T00:00:36.885+0000] {logging_mixin.py:190} INFO - [2025-02-01T00:00:36.885+0000] {dag.py:3211} INFO - Sync 1 DAGs
[2025-02-01T00:00:36.906+0000] {logging_mixin.py:190} INFO - [2025-02-01T00:00:36.906+0000] {dag.py:4138} INFO - Setting next_dagrun for latest_only_with_trigger to 2025-01-31 20:00:00+00:00, run_after=2025-02-01 00:00:00+00:00
[2025-02-01T00:00:36.925+0000] {processor.py:208} INFO - Processing /home/airflow/.local/lib/python3.12/site-packages/airflow/example_dags/example_latest_only_with_trigger.py took 0.072 seconds
[2025-02-01T00:01:07.062+0000] {processor.py:186} INFO - Started process (PID=25190) to work on /home/airflow/.local/lib/python3.12/site-packages/airflow/example_dags/example_latest_only_with_trigger.py
[2025-02-01T00:01:07.063+0000] {processor.py:914} INFO - Processing file /home/airflow/.local/lib/python3.12/site-packages/airflow/example_dags/example_latest_only_with_trigger.py for tasks to queue
[2025-02-01T00:01:07.064+0000] {logging_mixin.py:190} INFO - [2025-02-01T00:01:07.064+0000] {dagbag.py:587} INFO - Filling up the DagBag from /home/airflow/.local/lib/python3.12/site-packages/airflow/example_dags/example_latest_only_with_trigger.py
[2025-02-01T00:01:07.071+0000] {processor.py:925} INFO - DAG(s) 'latest_only_with_trigger' retrieved from /home/airflow/.local/lib/python3.12/site-packages/airflow/example_dags/example_latest_only_with_trigger.py
[2025-02-01T00:01:07.088+0000] {logging_mixin.py:190} INFO - [2025-02-01T00:01:07.088+0000] {dag.py:3211} INFO - Sync 1 DAGs
[2025-02-01T00:01:07.109+0000] {logging_mixin.py:190} INFO - [2025-02-01T00:01:07.109+0000] {dag.py:4138} INFO - Setting next_dagrun for latest_only_with_trigger to 2025-01-31 20:00:00+00:00, run_after=2025-02-01 00:00:00+00:00
[2025-02-01T00:01:07.128+0000] {processor.py:208} INFO - Processing /home/airflow/.local/lib/python3.12/site-packages/airflow/example_dags/example_latest_only_with_trigger.py took 0.070 seconds
[2025-02-01T00:01:37.245+0000] {processor.py:186} INFO - Started process (PID=25253) to work on /home/airflow/.local/lib/python3.12/site-packages/airflow/example_dags/example_latest_only_with_trigger.py
[2025-02-01T00:01:37.246+0000] {processor.py:914} INFO - Processing file /home/airflow/.local/lib/python3.12/site-packages/airflow/example_dags/example_latest_only_with_trigger.py for tasks to queue
[2025-02-01T00:01:37.247+0000] {logging_mixin.py:190} INFO - [2025-02-01T00:01:37.247+0000] {dagbag.py:587} INFO - Filling up the DagBag from /home/airflow/.local/lib/python3.12/site-packages/airflow/example_dags/example_latest_only_with_trigger.py
[2025-02-01T00:01:37.255+0000] {processor.py:925} INFO - DAG(s) 'latest_only_with_trigger' retrieved from /home/airflow/.local/lib/python3.12/site-packages/airflow/example_dags/example_latest_only_with_trigger.py
[2025-02-01T00:01:37.273+0000] {logging_mixin.py:190} INFO - [2025-02-01T00:01:37.273+0000] {dag.py:3211} INFO - Sync 1 DAGs
[2025-02-01T00:01:37.293+0000] {logging_mixin.py:190} INFO - [2025-02-01T00:01:37.292+0000] {dag.py:4138} INFO - Setting next_dagrun for latest_only_with_trigger to 2025-01-31 20:00:00+00:00, run_after=2025-02-01 00:00:00+00:00
[2025-02-01T00:01:37.311+0000] {processor.py:208} INFO - Processing /home/airflow/.local/lib/python3.12/site-packages/airflow/example_dags/example_latest_only_with_trigger.py took 0.071 seconds
[2025-02-01T00:02:07.497+0000] {processor.py:186} INFO - Started process (PID=25316) to work on /home/airflow/.local/lib/python3.12/site-packages/airflow/example_dags/example_latest_only_with_trigger.py
[2025-02-01T00:02:07.498+0000] {processor.py:914} INFO - Processing file /home/airflow/.local/lib/python3.12/site-packages/airflow/example_dags/example_latest_only_with_trigger.py for tasks to queue
[2025-02-01T00:02:07.499+0000] {logging_mixin.py:190} INFO - [2025-02-01T00:02:07.499+0000] {dagbag.py:587} INFO - Filling up the DagBag from /home/airflow/.local/lib/python3.12/site-packages/airflow/example_dags/example_latest_only_with_trigger.py
[2025-02-01T00:02:07.505+0000] {processor.py:925} INFO - DAG(s) 'latest_only_with_trigger' retrieved from /home/airflow/.local/lib/python3.12/site-packages/airflow/example_dags/example_latest_only_with_trigger.py
[2025-02-01T00:02:07.523+0000] {logging_mixin.py:190} INFO - [2025-02-01T00:02:07.523+0000] {dag.py:3211} INFO - Sync 1 DAGs
[2025-02-01T00:02:07.543+0000] {logging_mixin.py:190} INFO - [2025-02-01T00:02:07.543+0000] {dag.py:4138} INFO - Setting next_dagrun for latest_only_with_trigger to 2025-01-31 20:00:00+00:00, run_after=2025-02-01 00:00:00+00:00
[2025-02-01T00:02:07.561+0000] {processor.py:208} INFO - Processing /home/airflow/.local/lib/python3.12/site-packages/airflow/example_dags/example_latest_only_with_trigger.py took 0.069 seconds
[2025-02-01T00:02:37.636+0000] {processor.py:186} INFO - Started process (PID=25379) to work on /home/airflow/.local/lib/python3.12/site-packages/airflow/example_dags/example_latest_only_with_trigger.py
[2025-02-01T00:02:37.636+0000] {processor.py:914} INFO - Processing file /home/airflow/.local/lib/python3.12/site-packages/airflow/example_dags/example_latest_only_with_trigger.py for tasks to queue
[2025-02-01T00:02:37.637+0000] {logging_mixin.py:190} INFO - [2025-02-01T00:02:37.637+0000] {dagbag.py:587} INFO - Filling up the DagBag from /home/airflow/.local/lib/python3.12/site-packages/airflow/example_dags/example_latest_only_with_trigger.py
[2025-02-01T00:02:37.644+0000] {processor.py:925} INFO - DAG(s) 'latest_only_with_trigger' retrieved from /home/airflow/.local/lib/python3.12/site-packages/airflow/example_dags/example_latest_only_with_trigger.py
[2025-02-01T00:02:37.661+0000] {logging_mixin.py:190} INFO - [2025-02-01T00:02:37.661+0000] {dag.py:3211} INFO - Sync 1 DAGs
[2025-02-01T00:02:37.682+0000] {logging_mixin.py:190} INFO - [2025-02-01T00:02:37.681+0000] {dag.py:4138} INFO - Setting next_dagrun for latest_only_with_trigger to 2025-01-31 20:00:00+00:00, run_after=2025-02-01 00:00:00+00:00
[2025-02-01T00:02:37.700+0000] {processor.py:208} INFO - Processing /home/airflow/.local/lib/python3.12/site-packages/airflow/example_dags/example_latest_only_with_trigger.py took 0.070 seconds
[2025-02-01T00:03:07.859+0000] {processor.py:186} INFO - Started process (PID=25442) to work on /home/airflow/.local/lib/python3.12/site-packages/airflow/example_dags/example_latest_only_with_trigger.py
[2025-02-01T00:03:07.860+0000] {processor.py:914} INFO - Processing file /home/airflow/.local/lib/python3.12/site-packages/airflow/example_dags/example_latest_only_with_trigger.py for tasks to queue
[2025-02-01T00:03:07.861+0000] {logging_mixin.py:190} INFO - [2025-02-01T00:03:07.861+0000] {dagbag.py:587} INFO - Filling up the DagBag from /home/airflow/.local/lib/python3.12/site-packages/airflow/example_dags/example_latest_only_with_trigger.py
[2025-02-01T00:03:07.868+0000] {processor.py:925} INFO - DAG(s) 'latest_only_with_trigger' retrieved from /home/airflow/.local/lib/python3.12/site-packages/airflow/example_dags/example_latest_only_with_trigger.py
[2025-02-01T00:03:07.887+0000] {logging_mixin.py:190} INFO - [2025-02-01T00:03:07.886+0000] {dag.py:3211} INFO - Sync 1 DAGs
[2025-02-01T00:03:07.906+0000] {logging_mixin.py:190} INFO - [2025-02-01T00:03:07.906+0000] {dag.py:4138} INFO - Setting next_dagrun for latest_only_with_trigger to 2025-01-31 20:00:00+00:00, run_after=2025-02-01 00:00:00+00:00
[2025-02-01T00:03:07.924+0000] {processor.py:208} INFO - Processing /home/airflow/.local/lib/python3.12/site-packages/airflow/example_dags/example_latest_only_with_trigger.py took 0.070 seconds
[2025-02-01T00:03:38.146+0000] {processor.py:186} INFO - Started process (PID=25505) to work on /home/airflow/.local/lib/python3.12/site-packages/airflow/example_dags/example_latest_only_with_trigger.py
[2025-02-01T00:03:38.147+0000] {processor.py:914} INFO - Processing file /home/airflow/.local/lib/python3.12/site-packages/airflow/example_dags/example_latest_only_with_trigger.py for tasks to queue
[2025-02-01T00:03:38.149+0000] {logging_mixin.py:190} INFO - [2025-02-01T00:03:38.148+0000] {dagbag.py:587} INFO - Filling up the DagBag from /home/airflow/.local/lib/python3.12/site-packages/airflow/example_dags/example_latest_only_with_trigger.py
[2025-02-01T00:03:38.158+0000] {processor.py:925} INFO - DAG(s) 'latest_only_with_trigger' retrieved from /home/airflow/.local/lib/python3.12/site-packages/airflow/example_dags/example_latest_only_with_trigger.py
[2025-02-01T00:03:38.180+0000] {logging_mixin.py:190} INFO - [2025-02-01T00:03:38.179+0000] {dag.py:3211} INFO - Sync 1 DAGs
[2025-02-01T00:03:38.202+0000] {logging_mixin.py:190} INFO - [2025-02-01T00:03:38.202+0000] {dag.py:4138} INFO - Setting next_dagrun for latest_only_with_trigger to 2025-01-31 20:00:00+00:00, run_after=2025-02-01 00:00:00+00:00
[2025-02-01T00:03:38.218+0000] {processor.py:208} INFO - Processing /home/airflow/.local/lib/python3.12/site-packages/airflow/example_dags/example_latest_only_with_trigger.py took 0.078 seconds
[2025-02-01T00:04:08.471+0000] {processor.py:186} INFO - Started process (PID=25568) to work on /home/airflow/.local/lib/python3.12/site-packages/airflow/example_dags/example_latest_only_with_trigger.py
[2025-02-01T00:04:08.472+0000] {processor.py:914} INFO - Processing file /home/airflow/.local/lib/python3.12/site-packages/airflow/example_dags/example_latest_only_with_trigger.py for tasks to queue
[2025-02-01T00:04:08.474+0000] {logging_mixin.py:190} INFO - [2025-02-01T00:04:08.473+0000] {dagbag.py:587} INFO - Filling up the DagBag from /home/airflow/.local/lib/python3.12/site-packages/airflow/example_dags/example_latest_only_with_trigger.py
[2025-02-01T00:04:08.480+0000] {processor.py:925} INFO - DAG(s) 'latest_only_with_trigger' retrieved from /home/airflow/.local/lib/python3.12/site-packages/airflow/example_dags/example_latest_only_with_trigger.py
[2025-02-01T00:04:08.496+0000] {logging_mixin.py:190} INFO - [2025-02-01T00:04:08.496+0000] {dag.py:3211} INFO - Sync 1 DAGs
[2025-02-01T00:04:08.515+0000] {logging_mixin.py:190} INFO - [2025-02-01T00:04:08.515+0000] {dag.py:4138} INFO - Setting next_dagrun for latest_only_with_trigger to 2025-01-31 20:00:00+00:00, run_after=2025-02-01 00:00:00+00:00
[2025-02-01T00:04:08.532+0000] {processor.py:208} INFO - Processing /home/airflow/.local/lib/python3.12/site-packages/airflow/example_dags/example_latest_only_with_trigger.py took 0.066 seconds
[2025-02-01T00:04:38.700+0000] {processor.py:186} INFO - Started process (PID=25631) to work on /home/airflow/.local/lib/python3.12/site-packages/airflow/example_dags/example_latest_only_with_trigger.py
[2025-02-01T00:04:38.701+0000] {processor.py:914} INFO - Processing file /home/airflow/.local/lib/python3.12/site-packages/airflow/example_dags/example_latest_only_with_trigger.py for tasks to queue
[2025-02-01T00:04:38.702+0000] {logging_mixin.py:190} INFO - [2025-02-01T00:04:38.701+0000] {dagbag.py:587} INFO - Filling up the DagBag from /home/airflow/.local/lib/python3.12/site-packages/airflow/example_dags/example_latest_only_with_trigger.py
[2025-02-01T00:04:38.708+0000] {processor.py:925} INFO - DAG(s) 'latest_only_with_trigger' retrieved from /home/airflow/.local/lib/python3.12/site-packages/airflow/example_dags/example_latest_only_with_trigger.py
[2025-02-01T00:04:38.728+0000] {logging_mixin.py:190} INFO - [2025-02-01T00:04:38.728+0000] {dag.py:3211} INFO - Sync 1 DAGs
[2025-02-01T00:04:38.750+0000] {logging_mixin.py:190} INFO - [2025-02-01T00:04:38.749+0000] {dag.py:4138} INFO - Setting next_dagrun for latest_only_with_trigger to 2025-01-31 20:00:00+00:00, run_after=2025-02-01 00:00:00+00:00
[2025-02-01T00:04:38.768+0000] {processor.py:208} INFO - Processing /home/airflow/.local/lib/python3.12/site-packages/airflow/example_dags/example_latest_only_with_trigger.py took 0.072 seconds
[2025-02-01T00:05:08.917+0000] {processor.py:186} INFO - Started process (PID=25694) to work on /home/airflow/.local/lib/python3.12/site-packages/airflow/example_dags/example_latest_only_with_trigger.py
[2025-02-01T00:05:08.917+0000] {processor.py:914} INFO - Processing file /home/airflow/.local/lib/python3.12/site-packages/airflow/example_dags/example_latest_only_with_trigger.py for tasks to queue
[2025-02-01T00:05:08.918+0000] {logging_mixin.py:190} INFO - [2025-02-01T00:05:08.918+0000] {dagbag.py:587} INFO - Filling up the DagBag from /home/airflow/.local/lib/python3.12/site-packages/airflow/example_dags/example_latest_only_with_trigger.py
[2025-02-01T00:05:08.925+0000] {processor.py:925} INFO - DAG(s) 'latest_only_with_trigger' retrieved from /home/airflow/.local/lib/python3.12/site-packages/airflow/example_dags/example_latest_only_with_trigger.py
[2025-02-01T00:05:08.943+0000] {logging_mixin.py:190} INFO - [2025-02-01T00:05:08.943+0000] {dag.py:3211} INFO - Sync 1 DAGs
[2025-02-01T00:05:08.963+0000] {logging_mixin.py:190} INFO - [2025-02-01T00:05:08.963+0000] {dag.py:4138} INFO - Setting next_dagrun for latest_only_with_trigger to 2025-01-31 20:00:00+00:00, run_after=2025-02-01 00:00:00+00:00
[2025-02-01T00:05:08.982+0000] {processor.py:208} INFO - Processing /home/airflow/.local/lib/python3.12/site-packages/airflow/example_dags/example_latest_only_with_trigger.py took 0.070 seconds
[2025-02-01T00:05:39.196+0000] {processor.py:186} INFO - Started process (PID=25757) to work on /home/airflow/.local/lib/python3.12/site-packages/airflow/example_dags/example_latest_only_with_trigger.py
[2025-02-01T00:05:39.197+0000] {processor.py:914} INFO - Processing file /home/airflow/.local/lib/python3.12/site-packages/airflow/example_dags/example_latest_only_with_trigger.py for tasks to queue
[2025-02-01T00:05:39.198+0000] {logging_mixin.py:190} INFO - [2025-02-01T00:05:39.198+0000] {dagbag.py:587} INFO - Filling up the DagBag from /home/airflow/.local/lib/python3.12/site-packages/airflow/example_dags/example_latest_only_with_trigger.py
[2025-02-01T00:05:39.205+0000] {processor.py:925} INFO - DAG(s) 'latest_only_with_trigger' retrieved from /home/airflow/.local/lib/python3.12/site-packages/airflow/example_dags/example_latest_only_with_trigger.py
[2025-02-01T00:05:39.222+0000] {logging_mixin.py:190} INFO - [2025-02-01T00:05:39.222+0000] {dag.py:3211} INFO - Sync 1 DAGs
[2025-02-01T00:05:39.243+0000] {logging_mixin.py:190} INFO - [2025-02-01T00:05:39.242+0000] {dag.py:4138} INFO - Setting next_dagrun for latest_only_with_trigger to 2025-01-31 20:00:00+00:00, run_after=2025-02-01 00:00:00+00:00
[2025-02-01T00:05:39.262+0000] {processor.py:208} INFO - Processing /home/airflow/.local/lib/python3.12/site-packages/airflow/example_dags/example_latest_only_with_trigger.py took 0.070 seconds
[2025-02-01T00:06:09.396+0000] {processor.py:186} INFO - Started process (PID=25820) to work on /home/airflow/.local/lib/python3.12/site-packages/airflow/example_dags/example_latest_only_with_trigger.py
[2025-02-01T00:06:09.397+0000] {processor.py:914} INFO - Processing file /home/airflow/.local/lib/python3.12/site-packages/airflow/example_dags/example_latest_only_with_trigger.py for tasks to queue
[2025-02-01T00:06:09.398+0000] {logging_mixin.py:190} INFO - [2025-02-01T00:06:09.398+0000] {dagbag.py:587} INFO - Filling up the DagBag from /home/airflow/.local/lib/python3.12/site-packages/airflow/example_dags/example_latest_only_with_trigger.py
[2025-02-01T00:06:09.405+0000] {processor.py:925} INFO - DAG(s) 'latest_only_with_trigger' retrieved from /home/airflow/.local/lib/python3.12/site-packages/airflow/example_dags/example_latest_only_with_trigger.py
[2025-02-01T00:06:09.423+0000] {logging_mixin.py:190} INFO - [2025-02-01T00:06:09.423+0000] {dag.py:3211} INFO - Sync 1 DAGs
[2025-02-01T00:06:09.442+0000] {logging_mixin.py:190} INFO - [2025-02-01T00:06:09.442+0000] {dag.py:4138} INFO - Setting next_dagrun for latest_only_with_trigger to 2025-01-31 20:00:00+00:00, run_after=2025-02-01 00:00:00+00:00
[2025-02-01T00:06:09.459+0000] {processor.py:208} INFO - Processing /home/airflow/.local/lib/python3.12/site-packages/airflow/example_dags/example_latest_only_with_trigger.py took 0.067 seconds
[2025-02-01T00:06:39.559+0000] {processor.py:186} INFO - Started process (PID=25883) to work on /home/airflow/.local/lib/python3.12/site-packages/airflow/example_dags/example_latest_only_with_trigger.py
[2025-02-01T00:06:39.559+0000] {processor.py:914} INFO - Processing file /home/airflow/.local/lib/python3.12/site-packages/airflow/example_dags/example_latest_only_with_trigger.py for tasks to queue
[2025-02-01T00:06:39.560+0000] {logging_mixin.py:190} INFO - [2025-02-01T00:06:39.560+0000] {dagbag.py:587} INFO - Filling up the DagBag from /home/airflow/.local/lib/python3.12/site-packages/airflow/example_dags/example_latest_only_with_trigger.py
[2025-02-01T00:06:39.567+0000] {processor.py:925} INFO - DAG(s) 'latest_only_with_trigger' retrieved from /home/airflow/.local/lib/python3.12/site-packages/airflow/example_dags/example_latest_only_with_trigger.py
[2025-02-01T00:06:39.584+0000] {logging_mixin.py:190} INFO - [2025-02-01T00:06:39.584+0000] {dag.py:3211} INFO - Sync 1 DAGs
[2025-02-01T00:06:39.604+0000] {logging_mixin.py:190} INFO - [2025-02-01T00:06:39.604+0000] {dag.py:4138} INFO - Setting next_dagrun for latest_only_with_trigger to 2025-01-31 20:00:00+00:00, run_after=2025-02-01 00:00:00+00:00
[2025-02-01T00:06:39.621+0000] {processor.py:208} INFO - Processing /home/airflow/.local/lib/python3.12/site-packages/airflow/example_dags/example_latest_only_with_trigger.py took 0.067 seconds
[2025-02-01T00:07:09.819+0000] {processor.py:186} INFO - Started process (PID=25946) to work on /home/airflow/.local/lib/python3.12/site-packages/airflow/example_dags/example_latest_only_with_trigger.py
[2025-02-01T00:07:09.820+0000] {processor.py:914} INFO - Processing file /home/airflow/.local/lib/python3.12/site-packages/airflow/example_dags/example_latest_only_with_trigger.py for tasks to queue
[2025-02-01T00:07:09.821+0000] {logging_mixin.py:190} INFO - [2025-02-01T00:07:09.821+0000] {dagbag.py:587} INFO - Filling up the DagBag from /home/airflow/.local/lib/python3.12/site-packages/airflow/example_dags/example_latest_only_with_trigger.py
[2025-02-01T00:07:09.828+0000] {processor.py:925} INFO - DAG(s) 'latest_only_with_trigger' retrieved from /home/airflow/.local/lib/python3.12/site-packages/airflow/example_dags/example_latest_only_with_trigger.py
[2025-02-01T00:07:09.846+0000] {logging_mixin.py:190} INFO - [2025-02-01T00:07:09.846+0000] {dag.py:3211} INFO - Sync 1 DAGs
[2025-02-01T00:07:09.869+0000] {logging_mixin.py:190} INFO - [2025-02-01T00:07:09.869+0000] {dag.py:4138} INFO - Setting next_dagrun for latest_only_with_trigger to 2025-01-31 20:00:00+00:00, run_after=2025-02-01 00:00:00+00:00
[2025-02-01T00:07:09.889+0000] {processor.py:208} INFO - Processing /home/airflow/.local/lib/python3.12/site-packages/airflow/example_dags/example_latest_only_with_trigger.py took 0.075 seconds
[2025-02-01T00:07:40.243+0000] {processor.py:186} INFO - Started process (PID=26009) to work on /home/airflow/.local/lib/python3.12/site-packages/airflow/example_dags/example_latest_only_with_trigger.py
[2025-02-01T00:07:40.244+0000] {processor.py:914} INFO - Processing file /home/airflow/.local/lib/python3.12/site-packages/airflow/example_dags/example_latest_only_with_trigger.py for tasks to queue
[2025-02-01T00:07:40.245+0000] {logging_mixin.py:190} INFO - [2025-02-01T00:07:40.244+0000] {dagbag.py:587} INFO - Filling up the DagBag from /home/airflow/.local/lib/python3.12/site-packages/airflow/example_dags/example_latest_only_with_trigger.py
[2025-02-01T00:07:40.251+0000] {processor.py:925} INFO - DAG(s) 'latest_only_with_trigger' retrieved from /home/airflow/.local/lib/python3.12/site-packages/airflow/example_dags/example_latest_only_with_trigger.py
[2025-02-01T00:07:40.270+0000] {logging_mixin.py:190} INFO - [2025-02-01T00:07:40.270+0000] {dag.py:3211} INFO - Sync 1 DAGs
[2025-02-01T00:07:40.289+0000] {logging_mixin.py:190} INFO - [2025-02-01T00:07:40.289+0000] {dag.py:4138} INFO - Setting next_dagrun for latest_only_with_trigger to 2025-01-31 20:00:00+00:00, run_after=2025-02-01 00:00:00+00:00
[2025-02-01T00:07:40.306+0000] {processor.py:208} INFO - Processing /home/airflow/.local/lib/python3.12/site-packages/airflow/example_dags/example_latest_only_with_trigger.py took 0.068 seconds
[2025-02-01T00:08:10.536+0000] {processor.py:186} INFO - Started process (PID=26072) to work on /home/airflow/.local/lib/python3.12/site-packages/airflow/example_dags/example_latest_only_with_trigger.py
[2025-02-01T00:08:10.537+0000] {processor.py:914} INFO - Processing file /home/airflow/.local/lib/python3.12/site-packages/airflow/example_dags/example_latest_only_with_trigger.py for tasks to queue
[2025-02-01T00:08:10.538+0000] {logging_mixin.py:190} INFO - [2025-02-01T00:08:10.537+0000] {dagbag.py:587} INFO - Filling up the DagBag from /home/airflow/.local/lib/python3.12/site-packages/airflow/example_dags/example_latest_only_with_trigger.py
[2025-02-01T00:08:10.544+0000] {processor.py:925} INFO - DAG(s) 'latest_only_with_trigger' retrieved from /home/airflow/.local/lib/python3.12/site-packages/airflow/example_dags/example_latest_only_with_trigger.py
[2025-02-01T00:08:10.563+0000] {logging_mixin.py:190} INFO - [2025-02-01T00:08:10.562+0000] {dag.py:3211} INFO - Sync 1 DAGs
[2025-02-01T00:08:10.582+0000] {logging_mixin.py:190} INFO - [2025-02-01T00:08:10.582+0000] {dag.py:4138} INFO - Setting next_dagrun for latest_only_with_trigger to 2025-01-31 20:00:00+00:00, run_after=2025-02-01 00:00:00+00:00
[2025-02-01T00:08:10.599+0000] {processor.py:208} INFO - Processing /home/airflow/.local/lib/python3.12/site-packages/airflow/example_dags/example_latest_only_with_trigger.py took 0.068 seconds
[2025-02-01T00:08:40.936+0000] {processor.py:186} INFO - Started process (PID=26135) to work on /home/airflow/.local/lib/python3.12/site-packages/airflow/example_dags/example_latest_only_with_trigger.py
[2025-02-01T00:08:40.937+0000] {processor.py:914} INFO - Processing file /home/airflow/.local/lib/python3.12/site-packages/airflow/example_dags/example_latest_only_with_trigger.py for tasks to queue
[2025-02-01T00:08:40.939+0000] {logging_mixin.py:190} INFO - [2025-02-01T00:08:40.938+0000] {dagbag.py:587} INFO - Filling up the DagBag from /home/airflow/.local/lib/python3.12/site-packages/airflow/example_dags/example_latest_only_with_trigger.py
[2025-02-01T00:08:40.945+0000] {processor.py:925} INFO - DAG(s) 'latest_only_with_trigger' retrieved from /home/airflow/.local/lib/python3.12/site-packages/airflow/example_dags/example_latest_only_with_trigger.py
[2025-02-01T00:08:40.965+0000] {logging_mixin.py:190} INFO - [2025-02-01T00:08:40.964+0000] {dag.py:3211} INFO - Sync 1 DAGs
[2025-02-01T00:08:40.986+0000] {logging_mixin.py:190} INFO - [2025-02-01T00:08:40.986+0000] {dag.py:4138} INFO - Setting next_dagrun for latest_only_with_trigger to 2025-01-31 20:00:00+00:00, run_after=2025-02-01 00:00:00+00:00
[2025-02-01T00:08:41.004+0000] {processor.py:208} INFO - Processing /home/airflow/.local/lib/python3.12/site-packages/airflow/example_dags/example_latest_only_with_trigger.py took 0.074 seconds
[2025-02-01T00:09:11.132+0000] {processor.py:186} INFO - Started process (PID=26198) to work on /home/airflow/.local/lib/python3.12/site-packages/airflow/example_dags/example_latest_only_with_trigger.py
[2025-02-01T00:09:11.133+0000] {processor.py:914} INFO - Processing file /home/airflow/.local/lib/python3.12/site-packages/airflow/example_dags/example_latest_only_with_trigger.py for tasks to queue
[2025-02-01T00:09:11.135+0000] {logging_mixin.py:190} INFO - [2025-02-01T00:09:11.134+0000] {dagbag.py:587} INFO - Filling up the DagBag from /home/airflow/.local/lib/python3.12/site-packages/airflow/example_dags/example_latest_only_with_trigger.py
[2025-02-01T00:09:11.142+0000] {processor.py:925} INFO - DAG(s) 'latest_only_with_trigger' retrieved from /home/airflow/.local/lib/python3.12/site-packages/airflow/example_dags/example_latest_only_with_trigger.py
[2025-02-01T00:09:11.160+0000] {logging_mixin.py:190} INFO - [2025-02-01T00:09:11.160+0000] {dag.py:3211} INFO - Sync 1 DAGs
[2025-02-01T00:09:11.185+0000] {logging_mixin.py:190} INFO - [2025-02-01T00:09:11.185+0000] {dag.py:4138} INFO - Setting next_dagrun for latest_only_with_trigger to 2025-01-31 20:00:00+00:00, run_after=2025-02-01 00:00:00+00:00
[2025-02-01T00:09:11.207+0000] {processor.py:208} INFO - Processing /home/airflow/.local/lib/python3.12/site-packages/airflow/example_dags/example_latest_only_with_trigger.py took 0.079 seconds
[2025-02-01T00:09:41.280+0000] {processor.py:186} INFO - Started process (PID=26261) to work on /home/airflow/.local/lib/python3.12/site-packages/airflow/example_dags/example_latest_only_with_trigger.py
[2025-02-01T00:09:41.281+0000] {processor.py:914} INFO - Processing file /home/airflow/.local/lib/python3.12/site-packages/airflow/example_dags/example_latest_only_with_trigger.py for tasks to queue
[2025-02-01T00:09:41.282+0000] {logging_mixin.py:190} INFO - [2025-02-01T00:09:41.282+0000] {dagbag.py:587} INFO - Filling up the DagBag from /home/airflow/.local/lib/python3.12/site-packages/airflow/example_dags/example_latest_only_with_trigger.py
[2025-02-01T00:09:41.288+0000] {processor.py:925} INFO - DAG(s) 'latest_only_with_trigger' retrieved from /home/airflow/.local/lib/python3.12/site-packages/airflow/example_dags/example_latest_only_with_trigger.py
[2025-02-01T00:09:41.306+0000] {logging_mixin.py:190} INFO - [2025-02-01T00:09:41.306+0000] {dag.py:3211} INFO - Sync 1 DAGs
[2025-02-01T00:09:41.326+0000] {logging_mixin.py:190} INFO - [2025-02-01T00:09:41.326+0000] {dag.py:4138} INFO - Setting next_dagrun for latest_only_with_trigger to 2025-01-31 20:00:00+00:00, run_after=2025-02-01 00:00:00+00:00
[2025-02-01T00:09:41.344+0000] {processor.py:208} INFO - Processing /home/airflow/.local/lib/python3.12/site-packages/airflow/example_dags/example_latest_only_with_trigger.py took 0.069 seconds
[2025-02-01T00:10:11.650+0000] {processor.py:186} INFO - Started process (PID=26324) to work on /home/airflow/.local/lib/python3.12/site-packages/airflow/example_dags/example_latest_only_with_trigger.py
[2025-02-01T00:10:11.651+0000] {processor.py:914} INFO - Processing file /home/airflow/.local/lib/python3.12/site-packages/airflow/example_dags/example_latest_only_with_trigger.py for tasks to queue
[2025-02-01T00:10:11.652+0000] {logging_mixin.py:190} INFO - [2025-02-01T00:10:11.652+0000] {dagbag.py:587} INFO - Filling up the DagBag from /home/airflow/.local/lib/python3.12/site-packages/airflow/example_dags/example_latest_only_with_trigger.py
[2025-02-01T00:10:11.658+0000] {processor.py:925} INFO - DAG(s) 'latest_only_with_trigger' retrieved from /home/airflow/.local/lib/python3.12/site-packages/airflow/example_dags/example_latest_only_with_trigger.py
[2025-02-01T00:10:11.676+0000] {logging_mixin.py:190} INFO - [2025-02-01T00:10:11.675+0000] {dag.py:3211} INFO - Sync 1 DAGs
[2025-02-01T00:10:11.696+0000] {logging_mixin.py:190} INFO - [2025-02-01T00:10:11.696+0000] {dag.py:4138} INFO - Setting next_dagrun for latest_only_with_trigger to 2025-01-31 20:00:00+00:00, run_after=2025-02-01 00:00:00+00:00
[2025-02-01T00:10:11.714+0000] {processor.py:208} INFO - Processing /home/airflow/.local/lib/python3.12/site-packages/airflow/example_dags/example_latest_only_with_trigger.py took 0.069 seconds
[2025-02-01T00:10:42.235+0000] {processor.py:186} INFO - Started process (PID=26387) to work on /home/airflow/.local/lib/python3.12/site-packages/airflow/example_dags/example_latest_only_with_trigger.py
[2025-02-01T00:10:42.236+0000] {processor.py:914} INFO - Processing file /home/airflow/.local/lib/python3.12/site-packages/airflow/example_dags/example_latest_only_with_trigger.py for tasks to queue
[2025-02-01T00:10:42.237+0000] {logging_mixin.py:190} INFO - [2025-02-01T00:10:42.237+0000] {dagbag.py:587} INFO - Filling up the DagBag from /home/airflow/.local/lib/python3.12/site-packages/airflow/example_dags/example_latest_only_with_trigger.py
[2025-02-01T00:10:42.244+0000] {processor.py:925} INFO - DAG(s) 'latest_only_with_trigger' retrieved from /home/airflow/.local/lib/python3.12/site-packages/airflow/example_dags/example_latest_only_with_trigger.py
[2025-02-01T00:10:42.261+0000] {logging_mixin.py:190} INFO - [2025-02-01T00:10:42.261+0000] {dag.py:3211} INFO - Sync 1 DAGs
[2025-02-01T00:10:42.282+0000] {logging_mixin.py:190} INFO - [2025-02-01T00:10:42.282+0000] {dag.py:4138} INFO - Setting next_dagrun for latest_only_with_trigger to 2025-01-31 20:00:00+00:00, run_after=2025-02-01 00:00:00+00:00
[2025-02-01T00:10:42.302+0000] {processor.py:208} INFO - Processing /home/airflow/.local/lib/python3.12/site-packages/airflow/example_dags/example_latest_only_with_trigger.py took 0.072 seconds
[2025-02-01T00:11:12.396+0000] {processor.py:186} INFO - Started process (PID=26450) to work on /home/airflow/.local/lib/python3.12/site-packages/airflow/example_dags/example_latest_only_with_trigger.py
[2025-02-01T00:11:12.397+0000] {processor.py:914} INFO - Processing file /home/airflow/.local/lib/python3.12/site-packages/airflow/example_dags/example_latest_only_with_trigger.py for tasks to queue
[2025-02-01T00:11:12.399+0000] {logging_mixin.py:190} INFO - [2025-02-01T00:11:12.399+0000] {dagbag.py:587} INFO - Filling up the DagBag from /home/airflow/.local/lib/python3.12/site-packages/airflow/example_dags/example_latest_only_with_trigger.py
[2025-02-01T00:11:12.407+0000] {processor.py:925} INFO - DAG(s) 'latest_only_with_trigger' retrieved from /home/airflow/.local/lib/python3.12/site-packages/airflow/example_dags/example_latest_only_with_trigger.py
[2025-02-01T00:11:12.427+0000] {logging_mixin.py:190} INFO - [2025-02-01T00:11:12.426+0000] {dag.py:3211} INFO - Sync 1 DAGs
[2025-02-01T00:11:12.447+0000] {logging_mixin.py:190} INFO - [2025-02-01T00:11:12.447+0000] {dag.py:4138} INFO - Setting next_dagrun for latest_only_with_trigger to 2025-01-31 20:00:00+00:00, run_after=2025-02-01 00:00:00+00:00
[2025-02-01T00:11:12.465+0000] {processor.py:208} INFO - Processing /home/airflow/.local/lib/python3.12/site-packages/airflow/example_dags/example_latest_only_with_trigger.py took 0.074 seconds
[2025-02-01T00:11:42.678+0000] {processor.py:186} INFO - Started process (PID=26513) to work on /home/airflow/.local/lib/python3.12/site-packages/airflow/example_dags/example_latest_only_with_trigger.py
[2025-02-01T00:11:42.679+0000] {processor.py:914} INFO - Processing file /home/airflow/.local/lib/python3.12/site-packages/airflow/example_dags/example_latest_only_with_trigger.py for tasks to queue
[2025-02-01T00:11:42.680+0000] {logging_mixin.py:190} INFO - [2025-02-01T00:11:42.680+0000] {dagbag.py:587} INFO - Filling up the DagBag from /home/airflow/.local/lib/python3.12/site-packages/airflow/example_dags/example_latest_only_with_trigger.py
[2025-02-01T00:11:42.687+0000] {processor.py:925} INFO - DAG(s) 'latest_only_with_trigger' retrieved from /home/airflow/.local/lib/python3.12/site-packages/airflow/example_dags/example_latest_only_with_trigger.py
[2025-02-01T00:11:42.705+0000] {logging_mixin.py:190} INFO - [2025-02-01T00:11:42.704+0000] {dag.py:3211} INFO - Sync 1 DAGs
[2025-02-01T00:11:42.725+0000] {logging_mixin.py:190} INFO - [2025-02-01T00:11:42.725+0000] {dag.py:4138} INFO - Setting next_dagrun for latest_only_with_trigger to 2025-01-31 20:00:00+00:00, run_after=2025-02-01 00:00:00+00:00
[2025-02-01T00:11:42.742+0000] {processor.py:208} INFO - Processing /home/airflow/.local/lib/python3.12/site-packages/airflow/example_dags/example_latest_only_with_trigger.py took 0.069 seconds
[2025-02-01T00:12:12.966+0000] {processor.py:186} INFO - Started process (PID=26576) to work on /home/airflow/.local/lib/python3.12/site-packages/airflow/example_dags/example_latest_only_with_trigger.py
[2025-02-01T00:12:12.967+0000] {processor.py:914} INFO - Processing file /home/airflow/.local/lib/python3.12/site-packages/airflow/example_dags/example_latest_only_with_trigger.py for tasks to queue
[2025-02-01T00:12:12.968+0000] {logging_mixin.py:190} INFO - [2025-02-01T00:12:12.967+0000] {dagbag.py:587} INFO - Filling up the DagBag from /home/airflow/.local/lib/python3.12/site-packages/airflow/example_dags/example_latest_only_with_trigger.py
[2025-02-01T00:12:12.976+0000] {processor.py:925} INFO - DAG(s) 'latest_only_with_trigger' retrieved from /home/airflow/.local/lib/python3.12/site-packages/airflow/example_dags/example_latest_only_with_trigger.py
[2025-02-01T00:12:12.993+0000] {logging_mixin.py:190} INFO - [2025-02-01T00:12:12.993+0000] {dag.py:3211} INFO - Sync 1 DAGs
[2025-02-01T00:12:13.013+0000] {logging_mixin.py:190} INFO - [2025-02-01T00:12:13.012+0000] {dag.py:4138} INFO - Setting next_dagrun for latest_only_with_trigger to 2025-01-31 20:00:00+00:00, run_after=2025-02-01 00:00:00+00:00
[2025-02-01T00:12:13.030+0000] {processor.py:208} INFO - Processing /home/airflow/.local/lib/python3.12/site-packages/airflow/example_dags/example_latest_only_with_trigger.py took 0.069 seconds
[2025-02-01T00:12:43.308+0000] {processor.py:186} INFO - Started process (PID=26639) to work on /home/airflow/.local/lib/python3.12/site-packages/airflow/example_dags/example_latest_only_with_trigger.py
[2025-02-01T00:12:43.309+0000] {processor.py:914} INFO - Processing file /home/airflow/.local/lib/python3.12/site-packages/airflow/example_dags/example_latest_only_with_trigger.py for tasks to queue
[2025-02-01T00:12:43.310+0000] {logging_mixin.py:190} INFO - [2025-02-01T00:12:43.310+0000] {dagbag.py:587} INFO - Filling up the DagBag from /home/airflow/.local/lib/python3.12/site-packages/airflow/example_dags/example_latest_only_with_trigger.py
[2025-02-01T00:12:43.317+0000] {processor.py:925} INFO - DAG(s) 'latest_only_with_trigger' retrieved from /home/airflow/.local/lib/python3.12/site-packages/airflow/example_dags/example_latest_only_with_trigger.py
[2025-02-01T00:12:43.336+0000] {logging_mixin.py:190} INFO - [2025-02-01T00:12:43.336+0000] {dag.py:3211} INFO - Sync 1 DAGs
[2025-02-01T00:12:43.358+0000] {logging_mixin.py:190} INFO - [2025-02-01T00:12:43.358+0000] {dag.py:4138} INFO - Setting next_dagrun for latest_only_with_trigger to 2025-01-31 20:00:00+00:00, run_after=2025-02-01 00:00:00+00:00
[2025-02-01T00:12:43.383+0000] {processor.py:208} INFO - Processing /home/airflow/.local/lib/python3.12/site-packages/airflow/example_dags/example_latest_only_with_trigger.py took 0.080 seconds
[2025-02-01T00:13:13.500+0000] {processor.py:186} INFO - Started process (PID=26702) to work on /home/airflow/.local/lib/python3.12/site-packages/airflow/example_dags/example_latest_only_with_trigger.py
[2025-02-01T00:13:13.501+0000] {processor.py:914} INFO - Processing file /home/airflow/.local/lib/python3.12/site-packages/airflow/example_dags/example_latest_only_with_trigger.py for tasks to queue
[2025-02-01T00:13:13.503+0000] {logging_mixin.py:190} INFO - [2025-02-01T00:13:13.502+0000] {dagbag.py:587} INFO - Filling up the DagBag from /home/airflow/.local/lib/python3.12/site-packages/airflow/example_dags/example_latest_only_with_trigger.py
[2025-02-01T00:13:13.509+0000] {processor.py:925} INFO - DAG(s) 'latest_only_with_trigger' retrieved from /home/airflow/.local/lib/python3.12/site-packages/airflow/example_dags/example_latest_only_with_trigger.py
[2025-02-01T00:13:13.525+0000] {logging_mixin.py:190} INFO - [2025-02-01T00:13:13.525+0000] {dag.py:3211} INFO - Sync 1 DAGs
[2025-02-01T00:13:13.544+0000] {logging_mixin.py:190} INFO - [2025-02-01T00:13:13.543+0000] {dag.py:4138} INFO - Setting next_dagrun for latest_only_with_trigger to 2025-01-31 20:00:00+00:00, run_after=2025-02-01 00:00:00+00:00
[2025-02-01T00:13:13.560+0000] {processor.py:208} INFO - Processing /home/airflow/.local/lib/python3.12/site-packages/airflow/example_dags/example_latest_only_with_trigger.py took 0.064 seconds
[2025-02-01T00:13:43.790+0000] {processor.py:186} INFO - Started process (PID=26765) to work on /home/airflow/.local/lib/python3.12/site-packages/airflow/example_dags/example_latest_only_with_trigger.py
[2025-02-01T00:13:43.791+0000] {processor.py:914} INFO - Processing file /home/airflow/.local/lib/python3.12/site-packages/airflow/example_dags/example_latest_only_with_trigger.py for tasks to queue
[2025-02-01T00:13:43.793+0000] {logging_mixin.py:190} INFO - [2025-02-01T00:13:43.793+0000] {dagbag.py:587} INFO - Filling up the DagBag from /home/airflow/.local/lib/python3.12/site-packages/airflow/example_dags/example_latest_only_with_trigger.py
[2025-02-01T00:13:43.801+0000] {processor.py:925} INFO - DAG(s) 'latest_only_with_trigger' retrieved from /home/airflow/.local/lib/python3.12/site-packages/airflow/example_dags/example_latest_only_with_trigger.py
[2025-02-01T00:13:43.820+0000] {logging_mixin.py:190} INFO - [2025-02-01T00:13:43.819+0000] {dag.py:3211} INFO - Sync 1 DAGs
[2025-02-01T00:13:43.840+0000] {logging_mixin.py:190} INFO - [2025-02-01T00:13:43.840+0000] {dag.py:4138} INFO - Setting next_dagrun for latest_only_with_trigger to 2025-01-31 20:00:00+00:00, run_after=2025-02-01 00:00:00+00:00
[2025-02-01T00:13:43.858+0000] {processor.py:208} INFO - Processing /home/airflow/.local/lib/python3.12/site-packages/airflow/example_dags/example_latest_only_with_trigger.py took 0.074 seconds
[2025-02-01T00:14:14.064+0000] {processor.py:186} INFO - Started process (PID=26828) to work on /home/airflow/.local/lib/python3.12/site-packages/airflow/example_dags/example_latest_only_with_trigger.py
[2025-02-01T00:14:14.065+0000] {processor.py:914} INFO - Processing file /home/airflow/.local/lib/python3.12/site-packages/airflow/example_dags/example_latest_only_with_trigger.py for tasks to queue
[2025-02-01T00:14:14.066+0000] {logging_mixin.py:190} INFO - [2025-02-01T00:14:14.065+0000] {dagbag.py:587} INFO - Filling up the DagBag from /home/airflow/.local/lib/python3.12/site-packages/airflow/example_dags/example_latest_only_with_trigger.py
[2025-02-01T00:14:14.072+0000] {processor.py:925} INFO - DAG(s) 'latest_only_with_trigger' retrieved from /home/airflow/.local/lib/python3.12/site-packages/airflow/example_dags/example_latest_only_with_trigger.py
[2025-02-01T00:14:14.093+0000] {logging_mixin.py:190} INFO - [2025-02-01T00:14:14.093+0000] {dag.py:3211} INFO - Sync 1 DAGs
[2025-02-01T00:14:14.112+0000] {logging_mixin.py:190} INFO - [2025-02-01T00:14:14.111+0000] {dag.py:4138} INFO - Setting next_dagrun for latest_only_with_trigger to 2025-01-31 20:00:00+00:00, run_after=2025-02-01 00:00:00+00:00
[2025-02-01T00:14:14.129+0000] {processor.py:208} INFO - Processing /home/airflow/.local/lib/python3.12/site-packages/airflow/example_dags/example_latest_only_with_trigger.py took 0.070 seconds
[2025-02-01T00:14:44.369+0000] {processor.py:186} INFO - Started process (PID=26891) to work on /home/airflow/.local/lib/python3.12/site-packages/airflow/example_dags/example_latest_only_with_trigger.py
[2025-02-01T00:14:44.370+0000] {processor.py:914} INFO - Processing file /home/airflow/.local/lib/python3.12/site-packages/airflow/example_dags/example_latest_only_with_trigger.py for tasks to queue
[2025-02-01T00:14:44.371+0000] {logging_mixin.py:190} INFO - [2025-02-01T00:14:44.371+0000] {dagbag.py:587} INFO - Filling up the DagBag from /home/airflow/.local/lib/python3.12/site-packages/airflow/example_dags/example_latest_only_with_trigger.py
[2025-02-01T00:14:44.377+0000] {processor.py:925} INFO - DAG(s) 'latest_only_with_trigger' retrieved from /home/airflow/.local/lib/python3.12/site-packages/airflow/example_dags/example_latest_only_with_trigger.py
[2025-02-01T00:14:44.396+0000] {logging_mixin.py:190} INFO - [2025-02-01T00:14:44.396+0000] {dag.py:3211} INFO - Sync 1 DAGs
[2025-02-01T00:14:44.416+0000] {logging_mixin.py:190} INFO - [2025-02-01T00:14:44.416+0000] {dag.py:4138} INFO - Setting next_dagrun for latest_only_with_trigger to 2025-01-31 20:00:00+00:00, run_after=2025-02-01 00:00:00+00:00
[2025-02-01T00:14:44.434+0000] {processor.py:208} INFO - Processing /home/airflow/.local/lib/python3.12/site-packages/airflow/example_dags/example_latest_only_with_trigger.py took 0.070 seconds
[2025-02-01T00:15:14.853+0000] {processor.py:186} INFO - Started process (PID=26954) to work on /home/airflow/.local/lib/python3.12/site-packages/airflow/example_dags/example_latest_only_with_trigger.py
[2025-02-01T00:15:14.854+0000] {processor.py:914} INFO - Processing file /home/airflow/.local/lib/python3.12/site-packages/airflow/example_dags/example_latest_only_with_trigger.py for tasks to queue
[2025-02-01T00:15:14.855+0000] {logging_mixin.py:190} INFO - [2025-02-01T00:15:14.854+0000] {dagbag.py:587} INFO - Filling up the DagBag from /home/airflow/.local/lib/python3.12/site-packages/airflow/example_dags/example_latest_only_with_trigger.py
[2025-02-01T00:15:14.861+0000] {processor.py:925} INFO - DAG(s) 'latest_only_with_trigger' retrieved from /home/airflow/.local/lib/python3.12/site-packages/airflow/example_dags/example_latest_only_with_trigger.py
[2025-02-01T00:15:14.879+0000] {logging_mixin.py:190} INFO - [2025-02-01T00:15:14.878+0000] {dag.py:3211} INFO - Sync 1 DAGs
[2025-02-01T00:15:14.898+0000] {logging_mixin.py:190} INFO - [2025-02-01T00:15:14.898+0000] {dag.py:4138} INFO - Setting next_dagrun for latest_only_with_trigger to 2025-01-31 20:00:00+00:00, run_after=2025-02-01 00:00:00+00:00
[2025-02-01T00:15:14.918+0000] {processor.py:208} INFO - Processing /home/airflow/.local/lib/python3.12/site-packages/airflow/example_dags/example_latest_only_with_trigger.py took 0.070 seconds
[2025-02-01T00:15:45.271+0000] {processor.py:186} INFO - Started process (PID=27017) to work on /home/airflow/.local/lib/python3.12/site-packages/airflow/example_dags/example_latest_only_with_trigger.py
[2025-02-01T00:15:45.272+0000] {processor.py:914} INFO - Processing file /home/airflow/.local/lib/python3.12/site-packages/airflow/example_dags/example_latest_only_with_trigger.py for tasks to queue
[2025-02-01T00:15:45.273+0000] {logging_mixin.py:190} INFO - [2025-02-01T00:15:45.272+0000] {dagbag.py:587} INFO - Filling up the DagBag from /home/airflow/.local/lib/python3.12/site-packages/airflow/example_dags/example_latest_only_with_trigger.py
[2025-02-01T00:15:45.279+0000] {processor.py:925} INFO - DAG(s) 'latest_only_with_trigger' retrieved from /home/airflow/.local/lib/python3.12/site-packages/airflow/example_dags/example_latest_only_with_trigger.py
[2025-02-01T00:15:45.297+0000] {logging_mixin.py:190} INFO - [2025-02-01T00:15:45.296+0000] {dag.py:3211} INFO - Sync 1 DAGs
[2025-02-01T00:15:45.316+0000] {logging_mixin.py:190} INFO - [2025-02-01T00:15:45.316+0000] {dag.py:4138} INFO - Setting next_dagrun for latest_only_with_trigger to 2025-01-31 20:00:00+00:00, run_after=2025-02-01 00:00:00+00:00
[2025-02-01T00:15:45.333+0000] {processor.py:208} INFO - Processing /home/airflow/.local/lib/python3.12/site-packages/airflow/example_dags/example_latest_only_with_trigger.py took 0.067 seconds
[2025-02-01T00:16:15.442+0000] {processor.py:186} INFO - Started process (PID=27080) to work on /home/airflow/.local/lib/python3.12/site-packages/airflow/example_dags/example_latest_only_with_trigger.py
[2025-02-01T00:16:15.443+0000] {processor.py:914} INFO - Processing file /home/airflow/.local/lib/python3.12/site-packages/airflow/example_dags/example_latest_only_with_trigger.py for tasks to queue
[2025-02-01T00:16:15.444+0000] {logging_mixin.py:190} INFO - [2025-02-01T00:16:15.444+0000] {dagbag.py:587} INFO - Filling up the DagBag from /home/airflow/.local/lib/python3.12/site-packages/airflow/example_dags/example_latest_only_with_trigger.py
[2025-02-01T00:16:15.452+0000] {processor.py:925} INFO - DAG(s) 'latest_only_with_trigger' retrieved from /home/airflow/.local/lib/python3.12/site-packages/airflow/example_dags/example_latest_only_with_trigger.py
[2025-02-01T00:16:15.471+0000] {logging_mixin.py:190} INFO - [2025-02-01T00:16:15.471+0000] {dag.py:3211} INFO - Sync 1 DAGs
[2025-02-01T00:16:15.491+0000] {logging_mixin.py:190} INFO - [2025-02-01T00:16:15.491+0000] {dag.py:4138} INFO - Setting next_dagrun for latest_only_with_trigger to 2025-01-31 20:00:00+00:00, run_after=2025-02-01 00:00:00+00:00
[2025-02-01T00:16:15.511+0000] {processor.py:208} INFO - Processing /home/airflow/.local/lib/python3.12/site-packages/airflow/example_dags/example_latest_only_with_trigger.py took 0.074 seconds
