[2025-02-01T00:00:16.383+0000] {processor.py:186} INFO - Started process (PID=25095) to work on /home/airflow/.local/lib/python3.12/site-packages/airflow/example_dags/example_xcom.py
[2025-02-01T00:00:16.384+0000] {processor.py:914} INFO - Processing file /home/airflow/.local/lib/python3.12/site-packages/airflow/example_dags/example_xcom.py for tasks to queue
[2025-02-01T00:00:16.385+0000] {logging_mixin.py:190} INFO - [2025-02-01T00:00:16.385+0000] {dagbag.py:587} INFO - Filling up the DagBag from /home/airflow/.local/lib/python3.12/site-packages/airflow/example_dags/example_xcom.py
[2025-02-01T00:00:16.393+0000] {processor.py:925} INFO - DAG(s) 'example_xcom' retrieved from /home/airflow/.local/lib/python3.12/site-packages/airflow/example_dags/example_xcom.py
[2025-02-01T00:00:16.413+0000] {logging_mixin.py:190} INFO - [2025-02-01T00:00:16.412+0000] {dag.py:3211} INFO - Sync 1 DAGs
[2025-02-01T00:00:16.433+0000] {logging_mixin.py:190} INFO - [2025-02-01T00:00:16.433+0000] {dag.py:4138} INFO - Setting next_dagrun for example_xcom to 2021-01-01 00:00:00+00:00, run_after=2021-01-01 00:00:00+00:00
[2025-02-01T00:00:16.450+0000] {processor.py:208} INFO - Processing /home/airflow/.local/lib/python3.12/site-packages/airflow/example_dags/example_xcom.py took 0.072 seconds
[2025-02-01T00:00:46.740+0000] {processor.py:186} INFO - Started process (PID=25158) to work on /home/airflow/.local/lib/python3.12/site-packages/airflow/example_dags/example_xcom.py
[2025-02-01T00:00:46.741+0000] {processor.py:914} INFO - Processing file /home/airflow/.local/lib/python3.12/site-packages/airflow/example_dags/example_xcom.py for tasks to queue
[2025-02-01T00:00:46.741+0000] {logging_mixin.py:190} INFO - [2025-02-01T00:00:46.741+0000] {dagbag.py:587} INFO - Filling up the DagBag from /home/airflow/.local/lib/python3.12/site-packages/airflow/example_dags/example_xcom.py
[2025-02-01T00:00:46.749+0000] {processor.py:925} INFO - DAG(s) 'example_xcom' retrieved from /home/airflow/.local/lib/python3.12/site-packages/airflow/example_dags/example_xcom.py
[2025-02-01T00:00:46.768+0000] {logging_mixin.py:190} INFO - [2025-02-01T00:00:46.767+0000] {dag.py:3211} INFO - Sync 1 DAGs
[2025-02-01T00:00:46.787+0000] {logging_mixin.py:190} INFO - [2025-02-01T00:00:46.787+0000] {dag.py:4138} INFO - Setting next_dagrun for example_xcom to 2021-01-01 00:00:00+00:00, run_after=2021-01-01 00:00:00+00:00
[2025-02-01T00:00:46.804+0000] {processor.py:208} INFO - Processing /home/airflow/.local/lib/python3.12/site-packages/airflow/example_dags/example_xcom.py took 0.069 seconds
[2025-02-01T00:01:17.055+0000] {processor.py:186} INFO - Started process (PID=25221) to work on /home/airflow/.local/lib/python3.12/site-packages/airflow/example_dags/example_xcom.py
[2025-02-01T00:01:17.056+0000] {processor.py:914} INFO - Processing file /home/airflow/.local/lib/python3.12/site-packages/airflow/example_dags/example_xcom.py for tasks to queue
[2025-02-01T00:01:17.057+0000] {logging_mixin.py:190} INFO - [2025-02-01T00:01:17.057+0000] {dagbag.py:587} INFO - Filling up the DagBag from /home/airflow/.local/lib/python3.12/site-packages/airflow/example_dags/example_xcom.py
[2025-02-01T00:01:17.065+0000] {processor.py:925} INFO - DAG(s) 'example_xcom' retrieved from /home/airflow/.local/lib/python3.12/site-packages/airflow/example_dags/example_xcom.py
[2025-02-01T00:01:17.084+0000] {logging_mixin.py:190} INFO - [2025-02-01T00:01:17.084+0000] {dag.py:3211} INFO - Sync 1 DAGs
[2025-02-01T00:01:17.105+0000] {logging_mixin.py:190} INFO - [2025-02-01T00:01:17.104+0000] {dag.py:4138} INFO - Setting next_dagrun for example_xcom to 2021-01-01 00:00:00+00:00, run_after=2021-01-01 00:00:00+00:00
[2025-02-01T00:01:17.124+0000] {processor.py:208} INFO - Processing /home/airflow/.local/lib/python3.12/site-packages/airflow/example_dags/example_xcom.py took 0.075 seconds
[2025-02-01T00:01:47.241+0000] {processor.py:186} INFO - Started process (PID=25284) to work on /home/airflow/.local/lib/python3.12/site-packages/airflow/example_dags/example_xcom.py
[2025-02-01T00:01:47.242+0000] {processor.py:914} INFO - Processing file /home/airflow/.local/lib/python3.12/site-packages/airflow/example_dags/example_xcom.py for tasks to queue
[2025-02-01T00:01:47.243+0000] {logging_mixin.py:190} INFO - [2025-02-01T00:01:47.243+0000] {dagbag.py:587} INFO - Filling up the DagBag from /home/airflow/.local/lib/python3.12/site-packages/airflow/example_dags/example_xcom.py
[2025-02-01T00:01:47.251+0000] {processor.py:925} INFO - DAG(s) 'example_xcom' retrieved from /home/airflow/.local/lib/python3.12/site-packages/airflow/example_dags/example_xcom.py
[2025-02-01T00:01:47.269+0000] {logging_mixin.py:190} INFO - [2025-02-01T00:01:47.269+0000] {dag.py:3211} INFO - Sync 1 DAGs
[2025-02-01T00:01:47.288+0000] {logging_mixin.py:190} INFO - [2025-02-01T00:01:47.288+0000] {dag.py:4138} INFO - Setting next_dagrun for example_xcom to 2021-01-01 00:00:00+00:00, run_after=2021-01-01 00:00:00+00:00
[2025-02-01T00:01:47.306+0000] {processor.py:208} INFO - Processing /home/airflow/.local/lib/python3.12/site-packages/airflow/example_dags/example_xcom.py took 0.069 seconds
[2025-02-01T00:02:18.445+0000] {processor.py:186} INFO - Started process (PID=25347) to work on /home/airflow/.local/lib/python3.12/site-packages/airflow/example_dags/example_xcom.py
[2025-02-01T00:02:18.446+0000] {processor.py:914} INFO - Processing file /home/airflow/.local/lib/python3.12/site-packages/airflow/example_dags/example_xcom.py for tasks to queue
[2025-02-01T00:02:18.447+0000] {logging_mixin.py:190} INFO - [2025-02-01T00:02:18.446+0000] {dagbag.py:587} INFO - Filling up the DagBag from /home/airflow/.local/lib/python3.12/site-packages/airflow/example_dags/example_xcom.py
[2025-02-01T00:02:18.454+0000] {processor.py:925} INFO - DAG(s) 'example_xcom' retrieved from /home/airflow/.local/lib/python3.12/site-packages/airflow/example_dags/example_xcom.py
[2025-02-01T00:02:18.474+0000] {logging_mixin.py:190} INFO - [2025-02-01T00:02:18.474+0000] {dag.py:3211} INFO - Sync 1 DAGs
[2025-02-01T00:02:18.494+0000] {logging_mixin.py:190} INFO - [2025-02-01T00:02:18.493+0000] {dag.py:4138} INFO - Setting next_dagrun for example_xcom to 2021-01-01 00:00:00+00:00, run_after=2021-01-01 00:00:00+00:00
[2025-02-01T00:02:18.512+0000] {processor.py:208} INFO - Processing /home/airflow/.local/lib/python3.12/site-packages/airflow/example_dags/example_xcom.py took 0.071 seconds
[2025-02-01T00:02:49.676+0000] {processor.py:186} INFO - Started process (PID=25410) to work on /home/airflow/.local/lib/python3.12/site-packages/airflow/example_dags/example_xcom.py
[2025-02-01T00:02:49.677+0000] {processor.py:914} INFO - Processing file /home/airflow/.local/lib/python3.12/site-packages/airflow/example_dags/example_xcom.py for tasks to queue
[2025-02-01T00:02:49.679+0000] {logging_mixin.py:190} INFO - [2025-02-01T00:02:49.678+0000] {dagbag.py:587} INFO - Filling up the DagBag from /home/airflow/.local/lib/python3.12/site-packages/airflow/example_dags/example_xcom.py
[2025-02-01T00:02:49.687+0000] {processor.py:925} INFO - DAG(s) 'example_xcom' retrieved from /home/airflow/.local/lib/python3.12/site-packages/airflow/example_dags/example_xcom.py
[2025-02-01T00:02:49.707+0000] {logging_mixin.py:190} INFO - [2025-02-01T00:02:49.707+0000] {dag.py:3211} INFO - Sync 1 DAGs
[2025-02-01T00:02:49.726+0000] {logging_mixin.py:190} INFO - [2025-02-01T00:02:49.726+0000] {dag.py:4138} INFO - Setting next_dagrun for example_xcom to 2021-01-01 00:00:00+00:00, run_after=2021-01-01 00:00:00+00:00
[2025-02-01T00:02:49.745+0000] {processor.py:208} INFO - Processing /home/airflow/.local/lib/python3.12/site-packages/airflow/example_dags/example_xcom.py took 0.074 seconds
[2025-02-01T00:03:20.005+0000] {processor.py:186} INFO - Started process (PID=25473) to work on /home/airflow/.local/lib/python3.12/site-packages/airflow/example_dags/example_xcom.py
[2025-02-01T00:03:20.006+0000] {processor.py:914} INFO - Processing file /home/airflow/.local/lib/python3.12/site-packages/airflow/example_dags/example_xcom.py for tasks to queue
[2025-02-01T00:03:20.007+0000] {logging_mixin.py:190} INFO - [2025-02-01T00:03:20.007+0000] {dagbag.py:587} INFO - Filling up the DagBag from /home/airflow/.local/lib/python3.12/site-packages/airflow/example_dags/example_xcom.py
[2025-02-01T00:03:20.015+0000] {processor.py:925} INFO - DAG(s) 'example_xcom' retrieved from /home/airflow/.local/lib/python3.12/site-packages/airflow/example_dags/example_xcom.py
[2025-02-01T00:03:20.036+0000] {logging_mixin.py:190} INFO - [2025-02-01T00:03:20.035+0000] {dag.py:3211} INFO - Sync 1 DAGs
[2025-02-01T00:03:20.057+0000] {logging_mixin.py:190} INFO - [2025-02-01T00:03:20.057+0000] {dag.py:4138} INFO - Setting next_dagrun for example_xcom to 2021-01-01 00:00:00+00:00, run_after=2021-01-01 00:00:00+00:00
[2025-02-01T00:03:20.073+0000] {processor.py:208} INFO - Processing /home/airflow/.local/lib/python3.12/site-packages/airflow/example_dags/example_xcom.py took 0.073 seconds
[2025-02-01T00:03:51.095+0000] {processor.py:186} INFO - Started process (PID=25536) to work on /home/airflow/.local/lib/python3.12/site-packages/airflow/example_dags/example_xcom.py
[2025-02-01T00:03:51.095+0000] {processor.py:914} INFO - Processing file /home/airflow/.local/lib/python3.12/site-packages/airflow/example_dags/example_xcom.py for tasks to queue
[2025-02-01T00:03:51.096+0000] {logging_mixin.py:190} INFO - [2025-02-01T00:03:51.096+0000] {dagbag.py:587} INFO - Filling up the DagBag from /home/airflow/.local/lib/python3.12/site-packages/airflow/example_dags/example_xcom.py
[2025-02-01T00:03:51.104+0000] {processor.py:925} INFO - DAG(s) 'example_xcom' retrieved from /home/airflow/.local/lib/python3.12/site-packages/airflow/example_dags/example_xcom.py
[2025-02-01T00:03:51.124+0000] {logging_mixin.py:190} INFO - [2025-02-01T00:03:51.124+0000] {dag.py:3211} INFO - Sync 1 DAGs
[2025-02-01T00:03:51.142+0000] {logging_mixin.py:190} INFO - [2025-02-01T00:03:51.142+0000] {dag.py:4138} INFO - Setting next_dagrun for example_xcom to 2021-01-01 00:00:00+00:00, run_after=2021-01-01 00:00:00+00:00
[2025-02-01T00:03:51.159+0000] {processor.py:208} INFO - Processing /home/airflow/.local/lib/python3.12/site-packages/airflow/example_dags/example_xcom.py took 0.070 seconds
[2025-02-01T00:04:21.396+0000] {processor.py:186} INFO - Started process (PID=25599) to work on /home/airflow/.local/lib/python3.12/site-packages/airflow/example_dags/example_xcom.py
[2025-02-01T00:04:21.397+0000] {processor.py:914} INFO - Processing file /home/airflow/.local/lib/python3.12/site-packages/airflow/example_dags/example_xcom.py for tasks to queue
[2025-02-01T00:04:21.398+0000] {logging_mixin.py:190} INFO - [2025-02-01T00:04:21.398+0000] {dagbag.py:587} INFO - Filling up the DagBag from /home/airflow/.local/lib/python3.12/site-packages/airflow/example_dags/example_xcom.py
[2025-02-01T00:04:21.405+0000] {processor.py:925} INFO - DAG(s) 'example_xcom' retrieved from /home/airflow/.local/lib/python3.12/site-packages/airflow/example_dags/example_xcom.py
[2025-02-01T00:04:21.422+0000] {logging_mixin.py:190} INFO - [2025-02-01T00:04:21.422+0000] {dag.py:3211} INFO - Sync 1 DAGs
[2025-02-01T00:04:21.440+0000] {logging_mixin.py:190} INFO - [2025-02-01T00:04:21.440+0000] {dag.py:4138} INFO - Setting next_dagrun for example_xcom to 2021-01-01 00:00:00+00:00, run_after=2021-01-01 00:00:00+00:00
[2025-02-01T00:04:21.455+0000] {processor.py:208} INFO - Processing /home/airflow/.local/lib/python3.12/site-packages/airflow/example_dags/example_xcom.py took 0.064 seconds
[2025-02-01T00:04:52.504+0000] {processor.py:186} INFO - Started process (PID=25662) to work on /home/airflow/.local/lib/python3.12/site-packages/airflow/example_dags/example_xcom.py
[2025-02-01T00:04:52.505+0000] {processor.py:914} INFO - Processing file /home/airflow/.local/lib/python3.12/site-packages/airflow/example_dags/example_xcom.py for tasks to queue
[2025-02-01T00:04:52.506+0000] {logging_mixin.py:190} INFO - [2025-02-01T00:04:52.506+0000] {dagbag.py:587} INFO - Filling up the DagBag from /home/airflow/.local/lib/python3.12/site-packages/airflow/example_dags/example_xcom.py
[2025-02-01T00:04:52.513+0000] {processor.py:925} INFO - DAG(s) 'example_xcom' retrieved from /home/airflow/.local/lib/python3.12/site-packages/airflow/example_dags/example_xcom.py
[2025-02-01T00:04:52.533+0000] {logging_mixin.py:190} INFO - [2025-02-01T00:04:52.533+0000] {dag.py:3211} INFO - Sync 1 DAGs
[2025-02-01T00:04:52.552+0000] {logging_mixin.py:190} INFO - [2025-02-01T00:04:52.552+0000] {dag.py:4138} INFO - Setting next_dagrun for example_xcom to 2021-01-01 00:00:00+00:00, run_after=2021-01-01 00:00:00+00:00
[2025-02-01T00:04:52.572+0000] {processor.py:208} INFO - Processing /home/airflow/.local/lib/python3.12/site-packages/airflow/example_dags/example_xcom.py took 0.073 seconds
[2025-02-01T00:05:22.823+0000] {processor.py:186} INFO - Started process (PID=25725) to work on /home/airflow/.local/lib/python3.12/site-packages/airflow/example_dags/example_xcom.py
[2025-02-01T00:05:22.824+0000] {processor.py:914} INFO - Processing file /home/airflow/.local/lib/python3.12/site-packages/airflow/example_dags/example_xcom.py for tasks to queue
[2025-02-01T00:05:22.825+0000] {logging_mixin.py:190} INFO - [2025-02-01T00:05:22.825+0000] {dagbag.py:587} INFO - Filling up the DagBag from /home/airflow/.local/lib/python3.12/site-packages/airflow/example_dags/example_xcom.py
[2025-02-01T00:05:22.832+0000] {processor.py:925} INFO - DAG(s) 'example_xcom' retrieved from /home/airflow/.local/lib/python3.12/site-packages/airflow/example_dags/example_xcom.py
[2025-02-01T00:05:22.851+0000] {logging_mixin.py:190} INFO - [2025-02-01T00:05:22.851+0000] {dag.py:3211} INFO - Sync 1 DAGs
[2025-02-01T00:05:22.871+0000] {logging_mixin.py:190} INFO - [2025-02-01T00:05:22.871+0000] {dag.py:4138} INFO - Setting next_dagrun for example_xcom to 2021-01-01 00:00:00+00:00, run_after=2021-01-01 00:00:00+00:00
[2025-02-01T00:05:22.890+0000] {processor.py:208} INFO - Processing /home/airflow/.local/lib/python3.12/site-packages/airflow/example_dags/example_xcom.py took 0.072 seconds
[2025-02-01T00:05:53.174+0000] {processor.py:186} INFO - Started process (PID=25788) to work on /home/airflow/.local/lib/python3.12/site-packages/airflow/example_dags/example_xcom.py
[2025-02-01T00:05:53.175+0000] {processor.py:914} INFO - Processing file /home/airflow/.local/lib/python3.12/site-packages/airflow/example_dags/example_xcom.py for tasks to queue
[2025-02-01T00:05:53.176+0000] {logging_mixin.py:190} INFO - [2025-02-01T00:05:53.176+0000] {dagbag.py:587} INFO - Filling up the DagBag from /home/airflow/.local/lib/python3.12/site-packages/airflow/example_dags/example_xcom.py
[2025-02-01T00:05:53.183+0000] {processor.py:925} INFO - DAG(s) 'example_xcom' retrieved from /home/airflow/.local/lib/python3.12/site-packages/airflow/example_dags/example_xcom.py
[2025-02-01T00:05:53.203+0000] {logging_mixin.py:190} INFO - [2025-02-01T00:05:53.203+0000] {dag.py:3211} INFO - Sync 1 DAGs
[2025-02-01T00:05:53.224+0000] {logging_mixin.py:190} INFO - [2025-02-01T00:05:53.224+0000] {dag.py:4138} INFO - Setting next_dagrun for example_xcom to 2021-01-01 00:00:00+00:00, run_after=2021-01-01 00:00:00+00:00
[2025-02-01T00:05:53.242+0000] {processor.py:208} INFO - Processing /home/airflow/.local/lib/python3.12/site-packages/airflow/example_dags/example_xcom.py took 0.073 seconds
[2025-02-01T00:06:23.374+0000] {processor.py:186} INFO - Started process (PID=25851) to work on /home/airflow/.local/lib/python3.12/site-packages/airflow/example_dags/example_xcom.py
[2025-02-01T00:06:23.375+0000] {processor.py:914} INFO - Processing file /home/airflow/.local/lib/python3.12/site-packages/airflow/example_dags/example_xcom.py for tasks to queue
[2025-02-01T00:06:23.376+0000] {logging_mixin.py:190} INFO - [2025-02-01T00:06:23.376+0000] {dagbag.py:587} INFO - Filling up the DagBag from /home/airflow/.local/lib/python3.12/site-packages/airflow/example_dags/example_xcom.py
[2025-02-01T00:06:23.384+0000] {processor.py:925} INFO - DAG(s) 'example_xcom' retrieved from /home/airflow/.local/lib/python3.12/site-packages/airflow/example_dags/example_xcom.py
[2025-02-01T00:06:23.402+0000] {logging_mixin.py:190} INFO - [2025-02-01T00:06:23.402+0000] {dag.py:3211} INFO - Sync 1 DAGs
[2025-02-01T00:06:23.421+0000] {logging_mixin.py:190} INFO - [2025-02-01T00:06:23.420+0000] {dag.py:4138} INFO - Setting next_dagrun for example_xcom to 2021-01-01 00:00:00+00:00, run_after=2021-01-01 00:00:00+00:00
[2025-02-01T00:06:23.438+0000] {processor.py:208} INFO - Processing /home/airflow/.local/lib/python3.12/site-packages/airflow/example_dags/example_xcom.py took 0.069 seconds
[2025-02-01T00:06:53.651+0000] {processor.py:186} INFO - Started process (PID=25914) to work on /home/airflow/.local/lib/python3.12/site-packages/airflow/example_dags/example_xcom.py
[2025-02-01T00:06:53.652+0000] {processor.py:914} INFO - Processing file /home/airflow/.local/lib/python3.12/site-packages/airflow/example_dags/example_xcom.py for tasks to queue
[2025-02-01T00:06:53.653+0000] {logging_mixin.py:190} INFO - [2025-02-01T00:06:53.653+0000] {dagbag.py:587} INFO - Filling up the DagBag from /home/airflow/.local/lib/python3.12/site-packages/airflow/example_dags/example_xcom.py
[2025-02-01T00:06:53.661+0000] {processor.py:925} INFO - DAG(s) 'example_xcom' retrieved from /home/airflow/.local/lib/python3.12/site-packages/airflow/example_dags/example_xcom.py
[2025-02-01T00:06:53.680+0000] {logging_mixin.py:190} INFO - [2025-02-01T00:06:53.680+0000] {dag.py:3211} INFO - Sync 1 DAGs
[2025-02-01T00:06:53.699+0000] {logging_mixin.py:190} INFO - [2025-02-01T00:06:53.699+0000] {dag.py:4138} INFO - Setting next_dagrun for example_xcom to 2021-01-01 00:00:00+00:00, run_after=2021-01-01 00:00:00+00:00
[2025-02-01T00:06:53.718+0000] {processor.py:208} INFO - Processing /home/airflow/.local/lib/python3.12/site-packages/airflow/example_dags/example_xcom.py took 0.071 seconds
[2025-02-01T00:07:24.118+0000] {processor.py:186} INFO - Started process (PID=25977) to work on /home/airflow/.local/lib/python3.12/site-packages/airflow/example_dags/example_xcom.py
[2025-02-01T00:07:24.119+0000] {processor.py:914} INFO - Processing file /home/airflow/.local/lib/python3.12/site-packages/airflow/example_dags/example_xcom.py for tasks to queue
[2025-02-01T00:07:24.120+0000] {logging_mixin.py:190} INFO - [2025-02-01T00:07:24.120+0000] {dagbag.py:587} INFO - Filling up the DagBag from /home/airflow/.local/lib/python3.12/site-packages/airflow/example_dags/example_xcom.py
[2025-02-01T00:07:24.127+0000] {processor.py:925} INFO - DAG(s) 'example_xcom' retrieved from /home/airflow/.local/lib/python3.12/site-packages/airflow/example_dags/example_xcom.py
[2025-02-01T00:07:24.147+0000] {logging_mixin.py:190} INFO - [2025-02-01T00:07:24.146+0000] {dag.py:3211} INFO - Sync 1 DAGs
[2025-02-01T00:07:24.166+0000] {logging_mixin.py:190} INFO - [2025-02-01T00:07:24.166+0000] {dag.py:4138} INFO - Setting next_dagrun for example_xcom to 2021-01-01 00:00:00+00:00, run_after=2021-01-01 00:00:00+00:00
[2025-02-01T00:07:24.182+0000] {processor.py:208} INFO - Processing /home/airflow/.local/lib/python3.12/site-packages/airflow/example_dags/example_xcom.py took 0.069 seconds
[2025-02-01T00:07:54.397+0000] {processor.py:186} INFO - Started process (PID=26040) to work on /home/airflow/.local/lib/python3.12/site-packages/airflow/example_dags/example_xcom.py
[2025-02-01T00:07:54.398+0000] {processor.py:914} INFO - Processing file /home/airflow/.local/lib/python3.12/site-packages/airflow/example_dags/example_xcom.py for tasks to queue
[2025-02-01T00:07:54.399+0000] {logging_mixin.py:190} INFO - [2025-02-01T00:07:54.399+0000] {dagbag.py:587} INFO - Filling up the DagBag from /home/airflow/.local/lib/python3.12/site-packages/airflow/example_dags/example_xcom.py
[2025-02-01T00:07:54.407+0000] {processor.py:925} INFO - DAG(s) 'example_xcom' retrieved from /home/airflow/.local/lib/python3.12/site-packages/airflow/example_dags/example_xcom.py
[2025-02-01T00:07:54.426+0000] {logging_mixin.py:190} INFO - [2025-02-01T00:07:54.426+0000] {dag.py:3211} INFO - Sync 1 DAGs
[2025-02-01T00:07:54.446+0000] {logging_mixin.py:190} INFO - [2025-02-01T00:07:54.445+0000] {dag.py:4138} INFO - Setting next_dagrun for example_xcom to 2021-01-01 00:00:00+00:00, run_after=2021-01-01 00:00:00+00:00
[2025-02-01T00:07:54.465+0000] {processor.py:208} INFO - Processing /home/airflow/.local/lib/python3.12/site-packages/airflow/example_dags/example_xcom.py took 0.073 seconds
[2025-02-01T00:08:24.767+0000] {processor.py:186} INFO - Started process (PID=26103) to work on /home/airflow/.local/lib/python3.12/site-packages/airflow/example_dags/example_xcom.py
[2025-02-01T00:08:24.767+0000] {processor.py:914} INFO - Processing file /home/airflow/.local/lib/python3.12/site-packages/airflow/example_dags/example_xcom.py for tasks to queue
[2025-02-01T00:08:24.769+0000] {logging_mixin.py:190} INFO - [2025-02-01T00:08:24.768+0000] {dagbag.py:587} INFO - Filling up the DagBag from /home/airflow/.local/lib/python3.12/site-packages/airflow/example_dags/example_xcom.py
[2025-02-01T00:08:24.776+0000] {processor.py:925} INFO - DAG(s) 'example_xcom' retrieved from /home/airflow/.local/lib/python3.12/site-packages/airflow/example_dags/example_xcom.py
[2025-02-01T00:08:24.794+0000] {logging_mixin.py:190} INFO - [2025-02-01T00:08:24.794+0000] {dag.py:3211} INFO - Sync 1 DAGs
[2025-02-01T00:08:24.814+0000] {logging_mixin.py:190} INFO - [2025-02-01T00:08:24.813+0000] {dag.py:4138} INFO - Setting next_dagrun for example_xcom to 2021-01-01 00:00:00+00:00, run_after=2021-01-01 00:00:00+00:00
[2025-02-01T00:08:24.831+0000] {processor.py:208} INFO - Processing /home/airflow/.local/lib/python3.12/site-packages/airflow/example_dags/example_xcom.py took 0.069 seconds
[2025-02-01T00:08:54.984+0000] {processor.py:186} INFO - Started process (PID=26166) to work on /home/airflow/.local/lib/python3.12/site-packages/airflow/example_dags/example_xcom.py
[2025-02-01T00:08:54.985+0000] {processor.py:914} INFO - Processing file /home/airflow/.local/lib/python3.12/site-packages/airflow/example_dags/example_xcom.py for tasks to queue
[2025-02-01T00:08:54.986+0000] {logging_mixin.py:190} INFO - [2025-02-01T00:08:54.986+0000] {dagbag.py:587} INFO - Filling up the DagBag from /home/airflow/.local/lib/python3.12/site-packages/airflow/example_dags/example_xcom.py
[2025-02-01T00:08:54.993+0000] {processor.py:925} INFO - DAG(s) 'example_xcom' retrieved from /home/airflow/.local/lib/python3.12/site-packages/airflow/example_dags/example_xcom.py
[2025-02-01T00:08:55.013+0000] {logging_mixin.py:190} INFO - [2025-02-01T00:08:55.012+0000] {dag.py:3211} INFO - Sync 1 DAGs
[2025-02-01T00:08:55.031+0000] {logging_mixin.py:190} INFO - [2025-02-01T00:08:55.031+0000] {dag.py:4138} INFO - Setting next_dagrun for example_xcom to 2021-01-01 00:00:00+00:00, run_after=2021-01-01 00:00:00+00:00
[2025-02-01T00:08:55.049+0000] {processor.py:208} INFO - Processing /home/airflow/.local/lib/python3.12/site-packages/airflow/example_dags/example_xcom.py took 0.069 seconds
[2025-02-01T00:09:25.189+0000] {processor.py:186} INFO - Started process (PID=26229) to work on /home/airflow/.local/lib/python3.12/site-packages/airflow/example_dags/example_xcom.py
[2025-02-01T00:09:25.190+0000] {processor.py:914} INFO - Processing file /home/airflow/.local/lib/python3.12/site-packages/airflow/example_dags/example_xcom.py for tasks to queue
[2025-02-01T00:09:25.192+0000] {logging_mixin.py:190} INFO - [2025-02-01T00:09:25.192+0000] {dagbag.py:587} INFO - Filling up the DagBag from /home/airflow/.local/lib/python3.12/site-packages/airflow/example_dags/example_xcom.py
[2025-02-01T00:09:25.200+0000] {processor.py:925} INFO - DAG(s) 'example_xcom' retrieved from /home/airflow/.local/lib/python3.12/site-packages/airflow/example_dags/example_xcom.py
[2025-02-01T00:09:25.219+0000] {logging_mixin.py:190} INFO - [2025-02-01T00:09:25.218+0000] {dag.py:3211} INFO - Sync 1 DAGs
[2025-02-01T00:09:25.239+0000] {logging_mixin.py:190} INFO - [2025-02-01T00:09:25.239+0000] {dag.py:4138} INFO - Setting next_dagrun for example_xcom to 2021-01-01 00:00:00+00:00, run_after=2021-01-01 00:00:00+00:00
[2025-02-01T00:09:25.268+0000] {processor.py:208} INFO - Processing /home/airflow/.local/lib/python3.12/site-packages/airflow/example_dags/example_xcom.py took 0.083 seconds
[2025-02-01T00:09:55.514+0000] {processor.py:186} INFO - Started process (PID=26292) to work on /home/airflow/.local/lib/python3.12/site-packages/airflow/example_dags/example_xcom.py
[2025-02-01T00:09:55.515+0000] {processor.py:914} INFO - Processing file /home/airflow/.local/lib/python3.12/site-packages/airflow/example_dags/example_xcom.py for tasks to queue
[2025-02-01T00:09:55.516+0000] {logging_mixin.py:190} INFO - [2025-02-01T00:09:55.516+0000] {dagbag.py:587} INFO - Filling up the DagBag from /home/airflow/.local/lib/python3.12/site-packages/airflow/example_dags/example_xcom.py
[2025-02-01T00:09:55.524+0000] {processor.py:925} INFO - DAG(s) 'example_xcom' retrieved from /home/airflow/.local/lib/python3.12/site-packages/airflow/example_dags/example_xcom.py
[2025-02-01T00:09:55.543+0000] {logging_mixin.py:190} INFO - [2025-02-01T00:09:55.543+0000] {dag.py:3211} INFO - Sync 1 DAGs
[2025-02-01T00:09:55.565+0000] {logging_mixin.py:190} INFO - [2025-02-01T00:09:55.565+0000] {dag.py:4138} INFO - Setting next_dagrun for example_xcom to 2021-01-01 00:00:00+00:00, run_after=2021-01-01 00:00:00+00:00
[2025-02-01T00:09:55.585+0000] {processor.py:208} INFO - Processing /home/airflow/.local/lib/python3.12/site-packages/airflow/example_dags/example_xcom.py took 0.075 seconds
[2025-02-01T00:10:25.958+0000] {processor.py:186} INFO - Started process (PID=26355) to work on /home/airflow/.local/lib/python3.12/site-packages/airflow/example_dags/example_xcom.py
[2025-02-01T00:10:25.959+0000] {processor.py:914} INFO - Processing file /home/airflow/.local/lib/python3.12/site-packages/airflow/example_dags/example_xcom.py for tasks to queue
[2025-02-01T00:10:25.960+0000] {logging_mixin.py:190} INFO - [2025-02-01T00:10:25.960+0000] {dagbag.py:587} INFO - Filling up the DagBag from /home/airflow/.local/lib/python3.12/site-packages/airflow/example_dags/example_xcom.py
[2025-02-01T00:10:25.968+0000] {processor.py:925} INFO - DAG(s) 'example_xcom' retrieved from /home/airflow/.local/lib/python3.12/site-packages/airflow/example_dags/example_xcom.py
[2025-02-01T00:10:25.987+0000] {logging_mixin.py:190} INFO - [2025-02-01T00:10:25.987+0000] {dag.py:3211} INFO - Sync 1 DAGs
[2025-02-01T00:10:26.008+0000] {logging_mixin.py:190} INFO - [2025-02-01T00:10:26.007+0000] {dag.py:4138} INFO - Setting next_dagrun for example_xcom to 2021-01-01 00:00:00+00:00, run_after=2021-01-01 00:00:00+00:00
[2025-02-01T00:10:26.025+0000] {processor.py:208} INFO - Processing /home/airflow/.local/lib/python3.12/site-packages/airflow/example_dags/example_xcom.py took 0.072 seconds
[2025-02-01T00:10:56.134+0000] {processor.py:186} INFO - Started process (PID=26418) to work on /home/airflow/.local/lib/python3.12/site-packages/airflow/example_dags/example_xcom.py
[2025-02-01T00:10:56.134+0000] {processor.py:914} INFO - Processing file /home/airflow/.local/lib/python3.12/site-packages/airflow/example_dags/example_xcom.py for tasks to queue
[2025-02-01T00:10:56.136+0000] {logging_mixin.py:190} INFO - [2025-02-01T00:10:56.135+0000] {dagbag.py:587} INFO - Filling up the DagBag from /home/airflow/.local/lib/python3.12/site-packages/airflow/example_dags/example_xcom.py
[2025-02-01T00:10:56.143+0000] {processor.py:925} INFO - DAG(s) 'example_xcom' retrieved from /home/airflow/.local/lib/python3.12/site-packages/airflow/example_dags/example_xcom.py
[2025-02-01T00:10:56.163+0000] {logging_mixin.py:190} INFO - [2025-02-01T00:10:56.163+0000] {dag.py:3211} INFO - Sync 1 DAGs
[2025-02-01T00:10:56.185+0000] {logging_mixin.py:190} INFO - [2025-02-01T00:10:56.184+0000] {dag.py:4138} INFO - Setting next_dagrun for example_xcom to 2021-01-01 00:00:00+00:00, run_after=2021-01-01 00:00:00+00:00
[2025-02-01T00:10:56.204+0000] {processor.py:208} INFO - Processing /home/airflow/.local/lib/python3.12/site-packages/airflow/example_dags/example_xcom.py took 0.075 seconds
[2025-02-01T00:11:26.431+0000] {processor.py:186} INFO - Started process (PID=26481) to work on /home/airflow/.local/lib/python3.12/site-packages/airflow/example_dags/example_xcom.py
[2025-02-01T00:11:26.432+0000] {processor.py:914} INFO - Processing file /home/airflow/.local/lib/python3.12/site-packages/airflow/example_dags/example_xcom.py for tasks to queue
[2025-02-01T00:11:26.433+0000] {logging_mixin.py:190} INFO - [2025-02-01T00:11:26.433+0000] {dagbag.py:587} INFO - Filling up the DagBag from /home/airflow/.local/lib/python3.12/site-packages/airflow/example_dags/example_xcom.py
[2025-02-01T00:11:26.441+0000] {processor.py:925} INFO - DAG(s) 'example_xcom' retrieved from /home/airflow/.local/lib/python3.12/site-packages/airflow/example_dags/example_xcom.py
[2025-02-01T00:11:26.460+0000] {logging_mixin.py:190} INFO - [2025-02-01T00:11:26.460+0000] {dag.py:3211} INFO - Sync 1 DAGs
[2025-02-01T00:11:26.480+0000] {logging_mixin.py:190} INFO - [2025-02-01T00:11:26.479+0000] {dag.py:4138} INFO - Setting next_dagrun for example_xcom to 2021-01-01 00:00:00+00:00, run_after=2021-01-01 00:00:00+00:00
[2025-02-01T00:11:26.498+0000] {processor.py:208} INFO - Processing /home/airflow/.local/lib/python3.12/site-packages/airflow/example_dags/example_xcom.py took 0.071 seconds
[2025-02-01T00:11:56.719+0000] {processor.py:186} INFO - Started process (PID=26544) to work on /home/airflow/.local/lib/python3.12/site-packages/airflow/example_dags/example_xcom.py
[2025-02-01T00:11:56.720+0000] {processor.py:914} INFO - Processing file /home/airflow/.local/lib/python3.12/site-packages/airflow/example_dags/example_xcom.py for tasks to queue
[2025-02-01T00:11:56.721+0000] {logging_mixin.py:190} INFO - [2025-02-01T00:11:56.721+0000] {dagbag.py:587} INFO - Filling up the DagBag from /home/airflow/.local/lib/python3.12/site-packages/airflow/example_dags/example_xcom.py
[2025-02-01T00:11:56.729+0000] {processor.py:925} INFO - DAG(s) 'example_xcom' retrieved from /home/airflow/.local/lib/python3.12/site-packages/airflow/example_dags/example_xcom.py
[2025-02-01T00:11:56.748+0000] {logging_mixin.py:190} INFO - [2025-02-01T00:11:56.748+0000] {dag.py:3211} INFO - Sync 1 DAGs
[2025-02-01T00:11:56.770+0000] {logging_mixin.py:190} INFO - [2025-02-01T00:11:56.770+0000] {dag.py:4138} INFO - Setting next_dagrun for example_xcom to 2021-01-01 00:00:00+00:00, run_after=2021-01-01 00:00:00+00:00
[2025-02-01T00:11:56.790+0000] {processor.py:208} INFO - Processing /home/airflow/.local/lib/python3.12/site-packages/airflow/example_dags/example_xcom.py took 0.075 seconds
[2025-02-01T00:12:27.082+0000] {processor.py:186} INFO - Started process (PID=26607) to work on /home/airflow/.local/lib/python3.12/site-packages/airflow/example_dags/example_xcom.py
[2025-02-01T00:12:27.083+0000] {processor.py:914} INFO - Processing file /home/airflow/.local/lib/python3.12/site-packages/airflow/example_dags/example_xcom.py for tasks to queue
[2025-02-01T00:12:27.085+0000] {logging_mixin.py:190} INFO - [2025-02-01T00:12:27.084+0000] {dagbag.py:587} INFO - Filling up the DagBag from /home/airflow/.local/lib/python3.12/site-packages/airflow/example_dags/example_xcom.py
[2025-02-01T00:12:27.092+0000] {processor.py:925} INFO - DAG(s) 'example_xcom' retrieved from /home/airflow/.local/lib/python3.12/site-packages/airflow/example_dags/example_xcom.py
[2025-02-01T00:12:27.111+0000] {logging_mixin.py:190} INFO - [2025-02-01T00:12:27.111+0000] {dag.py:3211} INFO - Sync 1 DAGs
[2025-02-01T00:12:27.133+0000] {logging_mixin.py:190} INFO - [2025-02-01T00:12:27.132+0000] {dag.py:4138} INFO - Setting next_dagrun for example_xcom to 2021-01-01 00:00:00+00:00, run_after=2021-01-01 00:00:00+00:00
[2025-02-01T00:12:27.151+0000] {processor.py:208} INFO - Processing /home/airflow/.local/lib/python3.12/site-packages/airflow/example_dags/example_xcom.py took 0.075 seconds
[2025-02-01T00:12:57.262+0000] {processor.py:186} INFO - Started process (PID=26670) to work on /home/airflow/.local/lib/python3.12/site-packages/airflow/example_dags/example_xcom.py
[2025-02-01T00:12:57.263+0000] {processor.py:914} INFO - Processing file /home/airflow/.local/lib/python3.12/site-packages/airflow/example_dags/example_xcom.py for tasks to queue
[2025-02-01T00:12:57.265+0000] {logging_mixin.py:190} INFO - [2025-02-01T00:12:57.264+0000] {dagbag.py:587} INFO - Filling up the DagBag from /home/airflow/.local/lib/python3.12/site-packages/airflow/example_dags/example_xcom.py
[2025-02-01T00:12:57.272+0000] {processor.py:925} INFO - DAG(s) 'example_xcom' retrieved from /home/airflow/.local/lib/python3.12/site-packages/airflow/example_dags/example_xcom.py
[2025-02-01T00:12:57.291+0000] {logging_mixin.py:190} INFO - [2025-02-01T00:12:57.291+0000] {dag.py:3211} INFO - Sync 1 DAGs
[2025-02-01T00:12:57.312+0000] {logging_mixin.py:190} INFO - [2025-02-01T00:12:57.312+0000] {dag.py:4138} INFO - Setting next_dagrun for example_xcom to 2021-01-01 00:00:00+00:00, run_after=2021-01-01 00:00:00+00:00
[2025-02-01T00:12:57.330+0000] {processor.py:208} INFO - Processing /home/airflow/.local/lib/python3.12/site-packages/airflow/example_dags/example_xcom.py took 0.072 seconds
[2025-02-01T00:13:27.453+0000] {processor.py:186} INFO - Started process (PID=26733) to work on /home/airflow/.local/lib/python3.12/site-packages/airflow/example_dags/example_xcom.py
[2025-02-01T00:13:27.454+0000] {processor.py:914} INFO - Processing file /home/airflow/.local/lib/python3.12/site-packages/airflow/example_dags/example_xcom.py for tasks to queue
[2025-02-01T00:13:27.455+0000] {logging_mixin.py:190} INFO - [2025-02-01T00:13:27.455+0000] {dagbag.py:587} INFO - Filling up the DagBag from /home/airflow/.local/lib/python3.12/site-packages/airflow/example_dags/example_xcom.py
[2025-02-01T00:13:27.463+0000] {processor.py:925} INFO - DAG(s) 'example_xcom' retrieved from /home/airflow/.local/lib/python3.12/site-packages/airflow/example_dags/example_xcom.py
[2025-02-01T00:13:27.482+0000] {logging_mixin.py:190} INFO - [2025-02-01T00:13:27.481+0000] {dag.py:3211} INFO - Sync 1 DAGs
[2025-02-01T00:13:27.500+0000] {logging_mixin.py:190} INFO - [2025-02-01T00:13:27.500+0000] {dag.py:4138} INFO - Setting next_dagrun for example_xcom to 2021-01-01 00:00:00+00:00, run_after=2021-01-01 00:00:00+00:00
[2025-02-01T00:13:27.518+0000] {processor.py:208} INFO - Processing /home/airflow/.local/lib/python3.12/site-packages/airflow/example_dags/example_xcom.py took 0.069 seconds
[2025-02-01T00:13:57.642+0000] {processor.py:186} INFO - Started process (PID=26795) to work on /home/airflow/.local/lib/python3.12/site-packages/airflow/example_dags/example_xcom.py
[2025-02-01T00:13:57.643+0000] {processor.py:914} INFO - Processing file /home/airflow/.local/lib/python3.12/site-packages/airflow/example_dags/example_xcom.py for tasks to queue
[2025-02-01T00:13:57.645+0000] {logging_mixin.py:190} INFO - [2025-02-01T00:13:57.644+0000] {dagbag.py:587} INFO - Filling up the DagBag from /home/airflow/.local/lib/python3.12/site-packages/airflow/example_dags/example_xcom.py
[2025-02-01T00:13:57.657+0000] {processor.py:925} INFO - DAG(s) 'example_xcom' retrieved from /home/airflow/.local/lib/python3.12/site-packages/airflow/example_dags/example_xcom.py
[2025-02-01T00:13:57.675+0000] {logging_mixin.py:190} INFO - [2025-02-01T00:13:57.675+0000] {dag.py:3211} INFO - Sync 1 DAGs
[2025-02-01T00:13:57.695+0000] {logging_mixin.py:190} INFO - [2025-02-01T00:13:57.694+0000] {dag.py:4138} INFO - Setting next_dagrun for example_xcom to 2021-01-01 00:00:00+00:00, run_after=2021-01-01 00:00:00+00:00
[2025-02-01T00:13:57.711+0000] {processor.py:208} INFO - Processing /home/airflow/.local/lib/python3.12/site-packages/airflow/example_dags/example_xcom.py took 0.073 seconds
[2025-02-01T00:14:27.948+0000] {processor.py:186} INFO - Started process (PID=26858) to work on /home/airflow/.local/lib/python3.12/site-packages/airflow/example_dags/example_xcom.py
[2025-02-01T00:14:27.949+0000] {processor.py:914} INFO - Processing file /home/airflow/.local/lib/python3.12/site-packages/airflow/example_dags/example_xcom.py for tasks to queue
[2025-02-01T00:14:27.950+0000] {logging_mixin.py:190} INFO - [2025-02-01T00:14:27.950+0000] {dagbag.py:587} INFO - Filling up the DagBag from /home/airflow/.local/lib/python3.12/site-packages/airflow/example_dags/example_xcom.py
[2025-02-01T00:14:27.962+0000] {processor.py:925} INFO - DAG(s) 'example_xcom' retrieved from /home/airflow/.local/lib/python3.12/site-packages/airflow/example_dags/example_xcom.py
[2025-02-01T00:14:27.980+0000] {logging_mixin.py:190} INFO - [2025-02-01T00:14:27.980+0000] {dag.py:3211} INFO - Sync 1 DAGs
[2025-02-01T00:14:27.999+0000] {logging_mixin.py:190} INFO - [2025-02-01T00:14:27.998+0000] {dag.py:4138} INFO - Setting next_dagrun for example_xcom to 2021-01-01 00:00:00+00:00, run_after=2021-01-01 00:00:00+00:00
[2025-02-01T00:14:28.017+0000] {processor.py:208} INFO - Processing /home/airflow/.local/lib/python3.12/site-packages/airflow/example_dags/example_xcom.py took 0.073 seconds
[2025-02-01T00:14:58.247+0000] {processor.py:186} INFO - Started process (PID=26921) to work on /home/airflow/.local/lib/python3.12/site-packages/airflow/example_dags/example_xcom.py
[2025-02-01T00:14:58.248+0000] {processor.py:914} INFO - Processing file /home/airflow/.local/lib/python3.12/site-packages/airflow/example_dags/example_xcom.py for tasks to queue
[2025-02-01T00:14:58.249+0000] {logging_mixin.py:190} INFO - [2025-02-01T00:14:58.249+0000] {dagbag.py:587} INFO - Filling up the DagBag from /home/airflow/.local/lib/python3.12/site-packages/airflow/example_dags/example_xcom.py
[2025-02-01T00:14:58.256+0000] {processor.py:925} INFO - DAG(s) 'example_xcom' retrieved from /home/airflow/.local/lib/python3.12/site-packages/airflow/example_dags/example_xcom.py
[2025-02-01T00:14:58.274+0000] {logging_mixin.py:190} INFO - [2025-02-01T00:14:58.273+0000] {dag.py:3211} INFO - Sync 1 DAGs
[2025-02-01T00:14:58.293+0000] {logging_mixin.py:190} INFO - [2025-02-01T00:14:58.292+0000] {dag.py:4138} INFO - Setting next_dagrun for example_xcom to 2021-01-01 00:00:00+00:00, run_after=2021-01-01 00:00:00+00:00
[2025-02-01T00:14:58.311+0000] {processor.py:208} INFO - Processing /home/airflow/.local/lib/python3.12/site-packages/airflow/example_dags/example_xcom.py took 0.069 seconds
[2025-02-01T00:15:28.971+0000] {processor.py:186} INFO - Started process (PID=26985) to work on /home/airflow/.local/lib/python3.12/site-packages/airflow/example_dags/example_xcom.py
[2025-02-01T00:15:28.972+0000] {processor.py:914} INFO - Processing file /home/airflow/.local/lib/python3.12/site-packages/airflow/example_dags/example_xcom.py for tasks to queue
[2025-02-01T00:15:28.973+0000] {logging_mixin.py:190} INFO - [2025-02-01T00:15:28.973+0000] {dagbag.py:587} INFO - Filling up the DagBag from /home/airflow/.local/lib/python3.12/site-packages/airflow/example_dags/example_xcom.py
[2025-02-01T00:15:28.980+0000] {processor.py:925} INFO - DAG(s) 'example_xcom' retrieved from /home/airflow/.local/lib/python3.12/site-packages/airflow/example_dags/example_xcom.py
[2025-02-01T00:15:29.001+0000] {logging_mixin.py:190} INFO - [2025-02-01T00:15:29.000+0000] {dag.py:3211} INFO - Sync 1 DAGs
[2025-02-01T00:15:29.021+0000] {logging_mixin.py:190} INFO - [2025-02-01T00:15:29.020+0000] {dag.py:4138} INFO - Setting next_dagrun for example_xcom to 2021-01-01 00:00:00+00:00, run_after=2021-01-01 00:00:00+00:00
[2025-02-01T00:15:29.037+0000] {processor.py:208} INFO - Processing /home/airflow/.local/lib/python3.12/site-packages/airflow/example_dags/example_xcom.py took 0.071 seconds
[2025-02-01T00:15:59.175+0000] {processor.py:186} INFO - Started process (PID=27048) to work on /home/airflow/.local/lib/python3.12/site-packages/airflow/example_dags/example_xcom.py
[2025-02-01T00:15:59.175+0000] {processor.py:914} INFO - Processing file /home/airflow/.local/lib/python3.12/site-packages/airflow/example_dags/example_xcom.py for tasks to queue
[2025-02-01T00:15:59.176+0000] {logging_mixin.py:190} INFO - [2025-02-01T00:15:59.176+0000] {dagbag.py:587} INFO - Filling up the DagBag from /home/airflow/.local/lib/python3.12/site-packages/airflow/example_dags/example_xcom.py
[2025-02-01T00:15:59.184+0000] {processor.py:925} INFO - DAG(s) 'example_xcom' retrieved from /home/airflow/.local/lib/python3.12/site-packages/airflow/example_dags/example_xcom.py
[2025-02-01T00:15:59.205+0000] {logging_mixin.py:190} INFO - [2025-02-01T00:15:59.205+0000] {dag.py:3211} INFO - Sync 1 DAGs
[2025-02-01T00:15:59.224+0000] {logging_mixin.py:190} INFO - [2025-02-01T00:15:59.224+0000] {dag.py:4138} INFO - Setting next_dagrun for example_xcom to 2021-01-01 00:00:00+00:00, run_after=2021-01-01 00:00:00+00:00
[2025-02-01T00:15:59.243+0000] {processor.py:208} INFO - Processing /home/airflow/.local/lib/python3.12/site-packages/airflow/example_dags/example_xcom.py took 0.073 seconds
