[2025-02-01T00:00:16.488+0000] {processor.py:186} INFO - Started process (PID=25097) to work on /home/airflow/.local/lib/python3.12/site-packages/airflow/example_dags/example_branch_datetime_operator.py
[2025-02-01T00:00:16.489+0000] {processor.py:914} INFO - Processing file /home/airflow/.local/lib/python3.12/site-packages/airflow/example_dags/example_branch_datetime_operator.py for tasks to queue
[2025-02-01T00:00:16.491+0000] {logging_mixin.py:190} INFO - [2025-02-01T00:00:16.490+0000] {dagbag.py:587} INFO - Filling up the DagBag from /home/airflow/.local/lib/python3.12/site-packages/airflow/example_dags/example_branch_datetime_operator.py
[2025-02-01T00:00:16.500+0000] {processor.py:925} INFO - DAG(s) 'example_branch_datetime_operator_3', 'example_branch_datetime_operator_2', 'example_branch_datetime_operator' retrieved from /home/airflow/.local/lib/python3.12/site-packages/airflow/example_dags/example_branch_datetime_operator.py
[2025-02-01T00:00:16.525+0000] {logging_mixin.py:190} INFO - [2025-02-01T00:00:16.524+0000] {dag.py:3211} INFO - Sync 3 DAGs
[2025-02-01T00:00:16.548+0000] {logging_mixin.py:190} INFO - [2025-02-01T00:00:16.548+0000] {dag.py:4138} INFO - Setting next_dagrun for example_branch_datetime_operator to 2025-01-31 00:00:00+00:00, run_after=2025-02-01 00:00:00+00:00
[2025-02-01T00:00:16.552+0000] {logging_mixin.py:190} INFO - [2025-02-01T00:00:16.552+0000] {dag.py:4138} INFO - Setting next_dagrun for example_branch_datetime_operator_2 to 2025-01-31 00:00:00+00:00, run_after=2025-02-01 00:00:00+00:00
[2025-02-01T00:00:16.554+0000] {logging_mixin.py:190} INFO - [2025-02-01T00:00:16.554+0000] {dag.py:4138} INFO - Setting next_dagrun for example_branch_datetime_operator_3 to 2025-01-31 00:00:00+00:00, run_after=2025-02-01 00:00:00+00:00
[2025-02-01T00:00:16.571+0000] {processor.py:208} INFO - Processing /home/airflow/.local/lib/python3.12/site-packages/airflow/example_dags/example_branch_datetime_operator.py took 0.088 seconds
[2025-02-01T00:00:46.840+0000] {processor.py:186} INFO - Started process (PID=25160) to work on /home/airflow/.local/lib/python3.12/site-packages/airflow/example_dags/example_branch_datetime_operator.py
[2025-02-01T00:00:46.841+0000] {processor.py:914} INFO - Processing file /home/airflow/.local/lib/python3.12/site-packages/airflow/example_dags/example_branch_datetime_operator.py for tasks to queue
[2025-02-01T00:00:46.843+0000] {logging_mixin.py:190} INFO - [2025-02-01T00:00:46.842+0000] {dagbag.py:587} INFO - Filling up the DagBag from /home/airflow/.local/lib/python3.12/site-packages/airflow/example_dags/example_branch_datetime_operator.py
[2025-02-01T00:00:46.852+0000] {processor.py:925} INFO - DAG(s) 'example_branch_datetime_operator_3', 'example_branch_datetime_operator_2', 'example_branch_datetime_operator' retrieved from /home/airflow/.local/lib/python3.12/site-packages/airflow/example_dags/example_branch_datetime_operator.py
[2025-02-01T00:00:46.876+0000] {logging_mixin.py:190} INFO - [2025-02-01T00:00:46.876+0000] {dag.py:3211} INFO - Sync 3 DAGs
[2025-02-01T00:00:46.898+0000] {logging_mixin.py:190} INFO - [2025-02-01T00:00:46.898+0000] {dag.py:4138} INFO - Setting next_dagrun for example_branch_datetime_operator to 2025-01-31 00:00:00+00:00, run_after=2025-02-01 00:00:00+00:00
[2025-02-01T00:00:46.902+0000] {logging_mixin.py:190} INFO - [2025-02-01T00:00:46.902+0000] {dag.py:4138} INFO - Setting next_dagrun for example_branch_datetime_operator_2 to 2025-01-31 00:00:00+00:00, run_after=2025-02-01 00:00:00+00:00
[2025-02-01T00:00:46.904+0000] {logging_mixin.py:190} INFO - [2025-02-01T00:00:46.904+0000] {dag.py:4138} INFO - Setting next_dagrun for example_branch_datetime_operator_3 to 2025-01-31 00:00:00+00:00, run_after=2025-02-01 00:00:00+00:00
[2025-02-01T00:00:46.920+0000] {processor.py:208} INFO - Processing /home/airflow/.local/lib/python3.12/site-packages/airflow/example_dags/example_branch_datetime_operator.py took 0.085 seconds
[2025-02-01T00:01:17.156+0000] {processor.py:186} INFO - Started process (PID=25223) to work on /home/airflow/.local/lib/python3.12/site-packages/airflow/example_dags/example_branch_datetime_operator.py
[2025-02-01T00:01:17.157+0000] {processor.py:914} INFO - Processing file /home/airflow/.local/lib/python3.12/site-packages/airflow/example_dags/example_branch_datetime_operator.py for tasks to queue
[2025-02-01T00:01:17.158+0000] {logging_mixin.py:190} INFO - [2025-02-01T00:01:17.158+0000] {dagbag.py:587} INFO - Filling up the DagBag from /home/airflow/.local/lib/python3.12/site-packages/airflow/example_dags/example_branch_datetime_operator.py
[2025-02-01T00:01:17.170+0000] {processor.py:925} INFO - DAG(s) 'example_branch_datetime_operator', 'example_branch_datetime_operator_3', 'example_branch_datetime_operator_2' retrieved from /home/airflow/.local/lib/python3.12/site-packages/airflow/example_dags/example_branch_datetime_operator.py
[2025-02-01T00:01:17.193+0000] {logging_mixin.py:190} INFO - [2025-02-01T00:01:17.193+0000] {dag.py:3211} INFO - Sync 3 DAGs
[2025-02-01T00:01:17.216+0000] {logging_mixin.py:190} INFO - [2025-02-01T00:01:17.215+0000] {dag.py:4138} INFO - Setting next_dagrun for example_branch_datetime_operator to 2025-01-31 00:00:00+00:00, run_after=2025-02-01 00:00:00+00:00
[2025-02-01T00:01:17.220+0000] {logging_mixin.py:190} INFO - [2025-02-01T00:01:17.220+0000] {dag.py:4138} INFO - Setting next_dagrun for example_branch_datetime_operator_2 to 2025-01-31 00:00:00+00:00, run_after=2025-02-01 00:00:00+00:00
[2025-02-01T00:01:17.222+0000] {logging_mixin.py:190} INFO - [2025-02-01T00:01:17.222+0000] {dag.py:4138} INFO - Setting next_dagrun for example_branch_datetime_operator_3 to 2025-01-31 00:00:00+00:00, run_after=2025-02-01 00:00:00+00:00
[2025-02-01T00:01:17.238+0000] {processor.py:208} INFO - Processing /home/airflow/.local/lib/python3.12/site-packages/airflow/example_dags/example_branch_datetime_operator.py took 0.087 seconds
[2025-02-01T00:01:47.340+0000] {processor.py:186} INFO - Started process (PID=25286) to work on /home/airflow/.local/lib/python3.12/site-packages/airflow/example_dags/example_branch_datetime_operator.py
[2025-02-01T00:01:47.341+0000] {processor.py:914} INFO - Processing file /home/airflow/.local/lib/python3.12/site-packages/airflow/example_dags/example_branch_datetime_operator.py for tasks to queue
[2025-02-01T00:01:47.342+0000] {logging_mixin.py:190} INFO - [2025-02-01T00:01:47.342+0000] {dagbag.py:587} INFO - Filling up the DagBag from /home/airflow/.local/lib/python3.12/site-packages/airflow/example_dags/example_branch_datetime_operator.py
[2025-02-01T00:01:47.352+0000] {processor.py:925} INFO - DAG(s) 'example_branch_datetime_operator_2', 'example_branch_datetime_operator', 'example_branch_datetime_operator_3' retrieved from /home/airflow/.local/lib/python3.12/site-packages/airflow/example_dags/example_branch_datetime_operator.py
[2025-02-01T00:01:47.376+0000] {logging_mixin.py:190} INFO - [2025-02-01T00:01:47.375+0000] {dag.py:3211} INFO - Sync 3 DAGs
[2025-02-01T00:01:47.398+0000] {logging_mixin.py:190} INFO - [2025-02-01T00:01:47.397+0000] {dag.py:4138} INFO - Setting next_dagrun for example_branch_datetime_operator to 2025-01-31 00:00:00+00:00, run_after=2025-02-01 00:00:00+00:00
[2025-02-01T00:01:47.402+0000] {logging_mixin.py:190} INFO - [2025-02-01T00:01:47.402+0000] {dag.py:4138} INFO - Setting next_dagrun for example_branch_datetime_operator_2 to 2025-01-31 00:00:00+00:00, run_after=2025-02-01 00:00:00+00:00
[2025-02-01T00:01:47.405+0000] {logging_mixin.py:190} INFO - [2025-02-01T00:01:47.404+0000] {dag.py:4138} INFO - Setting next_dagrun for example_branch_datetime_operator_3 to 2025-01-31 00:00:00+00:00, run_after=2025-02-01 00:00:00+00:00
[2025-02-01T00:01:47.421+0000] {processor.py:208} INFO - Processing /home/airflow/.local/lib/python3.12/site-packages/airflow/example_dags/example_branch_datetime_operator.py took 0.085 seconds
[2025-02-01T00:02:18.544+0000] {processor.py:186} INFO - Started process (PID=25349) to work on /home/airflow/.local/lib/python3.12/site-packages/airflow/example_dags/example_branch_datetime_operator.py
[2025-02-01T00:02:18.545+0000] {processor.py:914} INFO - Processing file /home/airflow/.local/lib/python3.12/site-packages/airflow/example_dags/example_branch_datetime_operator.py for tasks to queue
[2025-02-01T00:02:18.546+0000] {logging_mixin.py:190} INFO - [2025-02-01T00:02:18.546+0000] {dagbag.py:587} INFO - Filling up the DagBag from /home/airflow/.local/lib/python3.12/site-packages/airflow/example_dags/example_branch_datetime_operator.py
[2025-02-01T00:02:18.556+0000] {processor.py:925} INFO - DAG(s) 'example_branch_datetime_operator_3', 'example_branch_datetime_operator', 'example_branch_datetime_operator_2' retrieved from /home/airflow/.local/lib/python3.12/site-packages/airflow/example_dags/example_branch_datetime_operator.py
[2025-02-01T00:02:18.581+0000] {logging_mixin.py:190} INFO - [2025-02-01T00:02:18.580+0000] {dag.py:3211} INFO - Sync 3 DAGs
[2025-02-01T00:02:18.606+0000] {logging_mixin.py:190} INFO - [2025-02-01T00:02:18.605+0000] {dag.py:4138} INFO - Setting next_dagrun for example_branch_datetime_operator to 2025-01-31 00:00:00+00:00, run_after=2025-02-01 00:00:00+00:00
[2025-02-01T00:02:18.610+0000] {logging_mixin.py:190} INFO - [2025-02-01T00:02:18.610+0000] {dag.py:4138} INFO - Setting next_dagrun for example_branch_datetime_operator_2 to 2025-01-31 00:00:00+00:00, run_after=2025-02-01 00:00:00+00:00
[2025-02-01T00:02:18.613+0000] {logging_mixin.py:190} INFO - [2025-02-01T00:02:18.613+0000] {dag.py:4138} INFO - Setting next_dagrun for example_branch_datetime_operator_3 to 2025-01-31 00:00:00+00:00, run_after=2025-02-01 00:00:00+00:00
[2025-02-01T00:02:18.630+0000] {processor.py:208} INFO - Processing /home/airflow/.local/lib/python3.12/site-packages/airflow/example_dags/example_branch_datetime_operator.py took 0.090 seconds
[2025-02-01T00:02:49.779+0000] {processor.py:186} INFO - Started process (PID=25412) to work on /home/airflow/.local/lib/python3.12/site-packages/airflow/example_dags/example_branch_datetime_operator.py
[2025-02-01T00:02:49.780+0000] {processor.py:914} INFO - Processing file /home/airflow/.local/lib/python3.12/site-packages/airflow/example_dags/example_branch_datetime_operator.py for tasks to queue
[2025-02-01T00:02:49.782+0000] {logging_mixin.py:190} INFO - [2025-02-01T00:02:49.781+0000] {dagbag.py:587} INFO - Filling up the DagBag from /home/airflow/.local/lib/python3.12/site-packages/airflow/example_dags/example_branch_datetime_operator.py
[2025-02-01T00:02:49.792+0000] {processor.py:925} INFO - DAG(s) 'example_branch_datetime_operator_2', 'example_branch_datetime_operator', 'example_branch_datetime_operator_3' retrieved from /home/airflow/.local/lib/python3.12/site-packages/airflow/example_dags/example_branch_datetime_operator.py
[2025-02-01T00:02:49.818+0000] {logging_mixin.py:190} INFO - [2025-02-01T00:02:49.817+0000] {dag.py:3211} INFO - Sync 3 DAGs
[2025-02-01T00:02:49.841+0000] {logging_mixin.py:190} INFO - [2025-02-01T00:02:49.841+0000] {dag.py:4138} INFO - Setting next_dagrun for example_branch_datetime_operator to 2025-01-31 00:00:00+00:00, run_after=2025-02-01 00:00:00+00:00
[2025-02-01T00:02:49.846+0000] {logging_mixin.py:190} INFO - [2025-02-01T00:02:49.846+0000] {dag.py:4138} INFO - Setting next_dagrun for example_branch_datetime_operator_2 to 2025-01-31 00:00:00+00:00, run_after=2025-02-01 00:00:00+00:00
[2025-02-01T00:02:49.848+0000] {logging_mixin.py:190} INFO - [2025-02-01T00:02:49.848+0000] {dag.py:4138} INFO - Setting next_dagrun for example_branch_datetime_operator_3 to 2025-01-31 00:00:00+00:00, run_after=2025-02-01 00:00:00+00:00
[2025-02-01T00:02:49.866+0000] {processor.py:208} INFO - Processing /home/airflow/.local/lib/python3.12/site-packages/airflow/example_dags/example_branch_datetime_operator.py took 0.091 seconds
[2025-02-01T00:03:20.115+0000] {processor.py:186} INFO - Started process (PID=25475) to work on /home/airflow/.local/lib/python3.12/site-packages/airflow/example_dags/example_branch_datetime_operator.py
[2025-02-01T00:03:20.116+0000] {processor.py:914} INFO - Processing file /home/airflow/.local/lib/python3.12/site-packages/airflow/example_dags/example_branch_datetime_operator.py for tasks to queue
[2025-02-01T00:03:20.117+0000] {logging_mixin.py:190} INFO - [2025-02-01T00:03:20.117+0000] {dagbag.py:587} INFO - Filling up the DagBag from /home/airflow/.local/lib/python3.12/site-packages/airflow/example_dags/example_branch_datetime_operator.py
[2025-02-01T00:03:20.127+0000] {processor.py:925} INFO - DAG(s) 'example_branch_datetime_operator_2', 'example_branch_datetime_operator_3', 'example_branch_datetime_operator' retrieved from /home/airflow/.local/lib/python3.12/site-packages/airflow/example_dags/example_branch_datetime_operator.py
[2025-02-01T00:03:20.150+0000] {logging_mixin.py:190} INFO - [2025-02-01T00:03:20.150+0000] {dag.py:3211} INFO - Sync 3 DAGs
[2025-02-01T00:03:20.174+0000] {logging_mixin.py:190} INFO - [2025-02-01T00:03:20.174+0000] {dag.py:4138} INFO - Setting next_dagrun for example_branch_datetime_operator to 2025-01-31 00:00:00+00:00, run_after=2025-02-01 00:00:00+00:00
[2025-02-01T00:03:20.179+0000] {logging_mixin.py:190} INFO - [2025-02-01T00:03:20.178+0000] {dag.py:4138} INFO - Setting next_dagrun for example_branch_datetime_operator_2 to 2025-01-31 00:00:00+00:00, run_after=2025-02-01 00:00:00+00:00
[2025-02-01T00:03:20.181+0000] {logging_mixin.py:190} INFO - [2025-02-01T00:03:20.181+0000] {dag.py:4138} INFO - Setting next_dagrun for example_branch_datetime_operator_3 to 2025-01-31 00:00:00+00:00, run_after=2025-02-01 00:00:00+00:00
[2025-02-01T00:03:20.198+0000] {processor.py:208} INFO - Processing /home/airflow/.local/lib/python3.12/site-packages/airflow/example_dags/example_branch_datetime_operator.py took 0.088 seconds
[2025-02-01T00:03:51.191+0000] {processor.py:186} INFO - Started process (PID=25538) to work on /home/airflow/.local/lib/python3.12/site-packages/airflow/example_dags/example_branch_datetime_operator.py
[2025-02-01T00:03:51.192+0000] {processor.py:914} INFO - Processing file /home/airflow/.local/lib/python3.12/site-packages/airflow/example_dags/example_branch_datetime_operator.py for tasks to queue
[2025-02-01T00:03:51.193+0000] {logging_mixin.py:190} INFO - [2025-02-01T00:03:51.193+0000] {dagbag.py:587} INFO - Filling up the DagBag from /home/airflow/.local/lib/python3.12/site-packages/airflow/example_dags/example_branch_datetime_operator.py
[2025-02-01T00:03:51.203+0000] {processor.py:925} INFO - DAG(s) 'example_branch_datetime_operator', 'example_branch_datetime_operator_3', 'example_branch_datetime_operator_2' retrieved from /home/airflow/.local/lib/python3.12/site-packages/airflow/example_dags/example_branch_datetime_operator.py
[2025-02-01T00:03:51.227+0000] {logging_mixin.py:190} INFO - [2025-02-01T00:03:51.226+0000] {dag.py:3211} INFO - Sync 3 DAGs
[2025-02-01T00:03:51.252+0000] {logging_mixin.py:190} INFO - [2025-02-01T00:03:51.252+0000] {dag.py:4138} INFO - Setting next_dagrun for example_branch_datetime_operator to 2025-01-31 00:00:00+00:00, run_after=2025-02-01 00:00:00+00:00
[2025-02-01T00:03:51.259+0000] {logging_mixin.py:190} INFO - [2025-02-01T00:03:51.258+0000] {dag.py:4138} INFO - Setting next_dagrun for example_branch_datetime_operator_2 to 2025-01-31 00:00:00+00:00, run_after=2025-02-01 00:00:00+00:00
[2025-02-01T00:03:51.262+0000] {logging_mixin.py:190} INFO - [2025-02-01T00:03:51.262+0000] {dag.py:4138} INFO - Setting next_dagrun for example_branch_datetime_operator_3 to 2025-01-31 00:00:00+00:00, run_after=2025-02-01 00:00:00+00:00
[2025-02-01T00:03:51.290+0000] {processor.py:208} INFO - Processing /home/airflow/.local/lib/python3.12/site-packages/airflow/example_dags/example_branch_datetime_operator.py took 0.103 seconds
[2025-02-01T00:04:21.486+0000] {processor.py:186} INFO - Started process (PID=25601) to work on /home/airflow/.local/lib/python3.12/site-packages/airflow/example_dags/example_branch_datetime_operator.py
[2025-02-01T00:04:21.487+0000] {processor.py:914} INFO - Processing file /home/airflow/.local/lib/python3.12/site-packages/airflow/example_dags/example_branch_datetime_operator.py for tasks to queue
[2025-02-01T00:04:21.488+0000] {logging_mixin.py:190} INFO - [2025-02-01T00:04:21.488+0000] {dagbag.py:587} INFO - Filling up the DagBag from /home/airflow/.local/lib/python3.12/site-packages/airflow/example_dags/example_branch_datetime_operator.py
[2025-02-01T00:04:21.498+0000] {processor.py:925} INFO - DAG(s) 'example_branch_datetime_operator_3', 'example_branch_datetime_operator_2', 'example_branch_datetime_operator' retrieved from /home/airflow/.local/lib/python3.12/site-packages/airflow/example_dags/example_branch_datetime_operator.py
[2025-02-01T00:04:21.521+0000] {logging_mixin.py:190} INFO - [2025-02-01T00:04:21.521+0000] {dag.py:3211} INFO - Sync 3 DAGs
[2025-02-01T00:04:21.541+0000] {logging_mixin.py:190} INFO - [2025-02-01T00:04:21.541+0000] {dag.py:4138} INFO - Setting next_dagrun for example_branch_datetime_operator to 2025-01-31 00:00:00+00:00, run_after=2025-02-01 00:00:00+00:00
[2025-02-01T00:04:21.544+0000] {logging_mixin.py:190} INFO - [2025-02-01T00:04:21.544+0000] {dag.py:4138} INFO - Setting next_dagrun for example_branch_datetime_operator_2 to 2025-01-31 00:00:00+00:00, run_after=2025-02-01 00:00:00+00:00
[2025-02-01T00:04:21.546+0000] {logging_mixin.py:190} INFO - [2025-02-01T00:04:21.546+0000] {dag.py:4138} INFO - Setting next_dagrun for example_branch_datetime_operator_3 to 2025-01-31 00:00:00+00:00, run_after=2025-02-01 00:00:00+00:00
[2025-02-01T00:04:21.561+0000] {processor.py:208} INFO - Processing /home/airflow/.local/lib/python3.12/site-packages/airflow/example_dags/example_branch_datetime_operator.py took 0.079 seconds
[2025-02-01T00:04:52.605+0000] {processor.py:186} INFO - Started process (PID=25664) to work on /home/airflow/.local/lib/python3.12/site-packages/airflow/example_dags/example_branch_datetime_operator.py
[2025-02-01T00:04:52.606+0000] {processor.py:914} INFO - Processing file /home/airflow/.local/lib/python3.12/site-packages/airflow/example_dags/example_branch_datetime_operator.py for tasks to queue
[2025-02-01T00:04:52.607+0000] {logging_mixin.py:190} INFO - [2025-02-01T00:04:52.607+0000] {dagbag.py:587} INFO - Filling up the DagBag from /home/airflow/.local/lib/python3.12/site-packages/airflow/example_dags/example_branch_datetime_operator.py
[2025-02-01T00:04:52.617+0000] {processor.py:925} INFO - DAG(s) 'example_branch_datetime_operator', 'example_branch_datetime_operator_2', 'example_branch_datetime_operator_3' retrieved from /home/airflow/.local/lib/python3.12/site-packages/airflow/example_dags/example_branch_datetime_operator.py
[2025-02-01T00:04:52.639+0000] {logging_mixin.py:190} INFO - [2025-02-01T00:04:52.639+0000] {dag.py:3211} INFO - Sync 3 DAGs
[2025-02-01T00:04:52.661+0000] {logging_mixin.py:190} INFO - [2025-02-01T00:04:52.661+0000] {dag.py:4138} INFO - Setting next_dagrun for example_branch_datetime_operator to 2025-01-31 00:00:00+00:00, run_after=2025-02-01 00:00:00+00:00
[2025-02-01T00:04:52.666+0000] {logging_mixin.py:190} INFO - [2025-02-01T00:04:52.665+0000] {dag.py:4138} INFO - Setting next_dagrun for example_branch_datetime_operator_2 to 2025-01-31 00:00:00+00:00, run_after=2025-02-01 00:00:00+00:00
[2025-02-01T00:04:52.667+0000] {logging_mixin.py:190} INFO - [2025-02-01T00:04:52.667+0000] {dag.py:4138} INFO - Setting next_dagrun for example_branch_datetime_operator_3 to 2025-01-31 00:00:00+00:00, run_after=2025-02-01 00:00:00+00:00
[2025-02-01T00:04:52.683+0000] {processor.py:208} INFO - Processing /home/airflow/.local/lib/python3.12/site-packages/airflow/example_dags/example_branch_datetime_operator.py took 0.083 seconds
[2025-02-01T00:05:22.929+0000] {processor.py:186} INFO - Started process (PID=25727) to work on /home/airflow/.local/lib/python3.12/site-packages/airflow/example_dags/example_branch_datetime_operator.py
[2025-02-01T00:05:22.930+0000] {processor.py:914} INFO - Processing file /home/airflow/.local/lib/python3.12/site-packages/airflow/example_dags/example_branch_datetime_operator.py for tasks to queue
[2025-02-01T00:05:22.931+0000] {logging_mixin.py:190} INFO - [2025-02-01T00:05:22.930+0000] {dagbag.py:587} INFO - Filling up the DagBag from /home/airflow/.local/lib/python3.12/site-packages/airflow/example_dags/example_branch_datetime_operator.py
[2025-02-01T00:05:22.941+0000] {processor.py:925} INFO - DAG(s) 'example_branch_datetime_operator_3', 'example_branch_datetime_operator', 'example_branch_datetime_operator_2' retrieved from /home/airflow/.local/lib/python3.12/site-packages/airflow/example_dags/example_branch_datetime_operator.py
[2025-02-01T00:05:22.967+0000] {logging_mixin.py:190} INFO - [2025-02-01T00:05:22.967+0000] {dag.py:3211} INFO - Sync 3 DAGs
[2025-02-01T00:05:22.990+0000] {logging_mixin.py:190} INFO - [2025-02-01T00:05:22.990+0000] {dag.py:4138} INFO - Setting next_dagrun for example_branch_datetime_operator to 2025-01-31 00:00:00+00:00, run_after=2025-02-01 00:00:00+00:00
[2025-02-01T00:05:22.994+0000] {logging_mixin.py:190} INFO - [2025-02-01T00:05:22.994+0000] {dag.py:4138} INFO - Setting next_dagrun for example_branch_datetime_operator_2 to 2025-01-31 00:00:00+00:00, run_after=2025-02-01 00:00:00+00:00
[2025-02-01T00:05:22.997+0000] {logging_mixin.py:190} INFO - [2025-02-01T00:05:22.997+0000] {dag.py:4138} INFO - Setting next_dagrun for example_branch_datetime_operator_3 to 2025-01-31 00:00:00+00:00, run_after=2025-02-01 00:00:00+00:00
[2025-02-01T00:05:23.014+0000] {processor.py:208} INFO - Processing /home/airflow/.local/lib/python3.12/site-packages/airflow/example_dags/example_branch_datetime_operator.py took 0.090 seconds
[2025-02-01T00:05:53.278+0000] {processor.py:186} INFO - Started process (PID=25790) to work on /home/airflow/.local/lib/python3.12/site-packages/airflow/example_dags/example_branch_datetime_operator.py
[2025-02-01T00:05:53.279+0000] {processor.py:914} INFO - Processing file /home/airflow/.local/lib/python3.12/site-packages/airflow/example_dags/example_branch_datetime_operator.py for tasks to queue
[2025-02-01T00:05:53.280+0000] {logging_mixin.py:190} INFO - [2025-02-01T00:05:53.280+0000] {dagbag.py:587} INFO - Filling up the DagBag from /home/airflow/.local/lib/python3.12/site-packages/airflow/example_dags/example_branch_datetime_operator.py
[2025-02-01T00:05:53.289+0000] {processor.py:925} INFO - DAG(s) 'example_branch_datetime_operator_3', 'example_branch_datetime_operator_2', 'example_branch_datetime_operator' retrieved from /home/airflow/.local/lib/python3.12/site-packages/airflow/example_dags/example_branch_datetime_operator.py
[2025-02-01T00:05:53.313+0000] {logging_mixin.py:190} INFO - [2025-02-01T00:05:53.312+0000] {dag.py:3211} INFO - Sync 3 DAGs
[2025-02-01T00:05:53.335+0000] {logging_mixin.py:190} INFO - [2025-02-01T00:05:53.335+0000] {dag.py:4138} INFO - Setting next_dagrun for example_branch_datetime_operator to 2025-01-31 00:00:00+00:00, run_after=2025-02-01 00:00:00+00:00
[2025-02-01T00:05:53.339+0000] {logging_mixin.py:190} INFO - [2025-02-01T00:05:53.339+0000] {dag.py:4138} INFO - Setting next_dagrun for example_branch_datetime_operator_2 to 2025-01-31 00:00:00+00:00, run_after=2025-02-01 00:00:00+00:00
[2025-02-01T00:05:53.342+0000] {logging_mixin.py:190} INFO - [2025-02-01T00:05:53.341+0000] {dag.py:4138} INFO - Setting next_dagrun for example_branch_datetime_operator_3 to 2025-01-31 00:00:00+00:00, run_after=2025-02-01 00:00:00+00:00
[2025-02-01T00:05:53.357+0000] {processor.py:208} INFO - Processing /home/airflow/.local/lib/python3.12/site-packages/airflow/example_dags/example_branch_datetime_operator.py took 0.084 seconds
[2025-02-01T00:06:23.473+0000] {processor.py:186} INFO - Started process (PID=25853) to work on /home/airflow/.local/lib/python3.12/site-packages/airflow/example_dags/example_branch_datetime_operator.py
[2025-02-01T00:06:23.474+0000] {processor.py:914} INFO - Processing file /home/airflow/.local/lib/python3.12/site-packages/airflow/example_dags/example_branch_datetime_operator.py for tasks to queue
[2025-02-01T00:06:23.475+0000] {logging_mixin.py:190} INFO - [2025-02-01T00:06:23.475+0000] {dagbag.py:587} INFO - Filling up the DagBag from /home/airflow/.local/lib/python3.12/site-packages/airflow/example_dags/example_branch_datetime_operator.py
[2025-02-01T00:06:23.485+0000] {processor.py:925} INFO - DAG(s) 'example_branch_datetime_operator', 'example_branch_datetime_operator_2', 'example_branch_datetime_operator_3' retrieved from /home/airflow/.local/lib/python3.12/site-packages/airflow/example_dags/example_branch_datetime_operator.py
[2025-02-01T00:06:23.509+0000] {logging_mixin.py:190} INFO - [2025-02-01T00:06:23.509+0000] {dag.py:3211} INFO - Sync 3 DAGs
[2025-02-01T00:06:23.532+0000] {logging_mixin.py:190} INFO - [2025-02-01T00:06:23.531+0000] {dag.py:4138} INFO - Setting next_dagrun for example_branch_datetime_operator to 2025-01-31 00:00:00+00:00, run_after=2025-02-01 00:00:00+00:00
[2025-02-01T00:06:23.536+0000] {logging_mixin.py:190} INFO - [2025-02-01T00:06:23.536+0000] {dag.py:4138} INFO - Setting next_dagrun for example_branch_datetime_operator_2 to 2025-01-31 00:00:00+00:00, run_after=2025-02-01 00:00:00+00:00
[2025-02-01T00:06:23.539+0000] {logging_mixin.py:190} INFO - [2025-02-01T00:06:23.539+0000] {dag.py:4138} INFO - Setting next_dagrun for example_branch_datetime_operator_3 to 2025-01-31 00:00:00+00:00, run_after=2025-02-01 00:00:00+00:00
[2025-02-01T00:06:23.557+0000] {processor.py:208} INFO - Processing /home/airflow/.local/lib/python3.12/site-packages/airflow/example_dags/example_branch_datetime_operator.py took 0.088 seconds
[2025-02-01T00:06:53.751+0000] {processor.py:186} INFO - Started process (PID=25916) to work on /home/airflow/.local/lib/python3.12/site-packages/airflow/example_dags/example_branch_datetime_operator.py
[2025-02-01T00:06:53.752+0000] {processor.py:914} INFO - Processing file /home/airflow/.local/lib/python3.12/site-packages/airflow/example_dags/example_branch_datetime_operator.py for tasks to queue
[2025-02-01T00:06:53.752+0000] {logging_mixin.py:190} INFO - [2025-02-01T00:06:53.752+0000] {dagbag.py:587} INFO - Filling up the DagBag from /home/airflow/.local/lib/python3.12/site-packages/airflow/example_dags/example_branch_datetime_operator.py
[2025-02-01T00:06:53.762+0000] {processor.py:925} INFO - DAG(s) 'example_branch_datetime_operator', 'example_branch_datetime_operator_2', 'example_branch_datetime_operator_3' retrieved from /home/airflow/.local/lib/python3.12/site-packages/airflow/example_dags/example_branch_datetime_operator.py
[2025-02-01T00:06:53.786+0000] {logging_mixin.py:190} INFO - [2025-02-01T00:06:53.786+0000] {dag.py:3211} INFO - Sync 3 DAGs
[2025-02-01T00:06:53.808+0000] {logging_mixin.py:190} INFO - [2025-02-01T00:06:53.808+0000] {dag.py:4138} INFO - Setting next_dagrun for example_branch_datetime_operator to 2025-01-31 00:00:00+00:00, run_after=2025-02-01 00:00:00+00:00
[2025-02-01T00:06:53.813+0000] {logging_mixin.py:190} INFO - [2025-02-01T00:06:53.813+0000] {dag.py:4138} INFO - Setting next_dagrun for example_branch_datetime_operator_2 to 2025-01-31 00:00:00+00:00, run_after=2025-02-01 00:00:00+00:00
[2025-02-01T00:06:53.815+0000] {logging_mixin.py:190} INFO - [2025-02-01T00:06:53.815+0000] {dag.py:4138} INFO - Setting next_dagrun for example_branch_datetime_operator_3 to 2025-01-31 00:00:00+00:00, run_after=2025-02-01 00:00:00+00:00
[2025-02-01T00:06:53.830+0000] {processor.py:208} INFO - Processing /home/airflow/.local/lib/python3.12/site-packages/airflow/example_dags/example_branch_datetime_operator.py took 0.085 seconds
[2025-02-01T00:07:24.225+0000] {processor.py:186} INFO - Started process (PID=25979) to work on /home/airflow/.local/lib/python3.12/site-packages/airflow/example_dags/example_branch_datetime_operator.py
[2025-02-01T00:07:24.226+0000] {processor.py:914} INFO - Processing file /home/airflow/.local/lib/python3.12/site-packages/airflow/example_dags/example_branch_datetime_operator.py for tasks to queue
[2025-02-01T00:07:24.227+0000] {logging_mixin.py:190} INFO - [2025-02-01T00:07:24.227+0000] {dagbag.py:587} INFO - Filling up the DagBag from /home/airflow/.local/lib/python3.12/site-packages/airflow/example_dags/example_branch_datetime_operator.py
[2025-02-01T00:07:24.237+0000] {processor.py:925} INFO - DAG(s) 'example_branch_datetime_operator_3', 'example_branch_datetime_operator_2', 'example_branch_datetime_operator' retrieved from /home/airflow/.local/lib/python3.12/site-packages/airflow/example_dags/example_branch_datetime_operator.py
[2025-02-01T00:07:24.260+0000] {logging_mixin.py:190} INFO - [2025-02-01T00:07:24.260+0000] {dag.py:3211} INFO - Sync 3 DAGs
[2025-02-01T00:07:24.281+0000] {logging_mixin.py:190} INFO - [2025-02-01T00:07:24.281+0000] {dag.py:4138} INFO - Setting next_dagrun for example_branch_datetime_operator to 2025-01-31 00:00:00+00:00, run_after=2025-02-01 00:00:00+00:00
[2025-02-01T00:07:24.286+0000] {logging_mixin.py:190} INFO - [2025-02-01T00:07:24.286+0000] {dag.py:4138} INFO - Setting next_dagrun for example_branch_datetime_operator_2 to 2025-01-31 00:00:00+00:00, run_after=2025-02-01 00:00:00+00:00
[2025-02-01T00:07:24.288+0000] {logging_mixin.py:190} INFO - [2025-02-01T00:07:24.288+0000] {dag.py:4138} INFO - Setting next_dagrun for example_branch_datetime_operator_3 to 2025-01-31 00:00:00+00:00, run_after=2025-02-01 00:00:00+00:00
[2025-02-01T00:07:24.307+0000] {processor.py:208} INFO - Processing /home/airflow/.local/lib/python3.12/site-packages/airflow/example_dags/example_branch_datetime_operator.py took 0.086 seconds
[2025-02-01T00:07:54.499+0000] {processor.py:186} INFO - Started process (PID=26042) to work on /home/airflow/.local/lib/python3.12/site-packages/airflow/example_dags/example_branch_datetime_operator.py
[2025-02-01T00:07:54.500+0000] {processor.py:914} INFO - Processing file /home/airflow/.local/lib/python3.12/site-packages/airflow/example_dags/example_branch_datetime_operator.py for tasks to queue
[2025-02-01T00:07:54.501+0000] {logging_mixin.py:190} INFO - [2025-02-01T00:07:54.501+0000] {dagbag.py:587} INFO - Filling up the DagBag from /home/airflow/.local/lib/python3.12/site-packages/airflow/example_dags/example_branch_datetime_operator.py
[2025-02-01T00:07:54.511+0000] {processor.py:925} INFO - DAG(s) 'example_branch_datetime_operator_2', 'example_branch_datetime_operator', 'example_branch_datetime_operator_3' retrieved from /home/airflow/.local/lib/python3.12/site-packages/airflow/example_dags/example_branch_datetime_operator.py
[2025-02-01T00:07:54.537+0000] {logging_mixin.py:190} INFO - [2025-02-01T00:07:54.537+0000] {dag.py:3211} INFO - Sync 3 DAGs
[2025-02-01T00:07:54.562+0000] {logging_mixin.py:190} INFO - [2025-02-01T00:07:54.561+0000] {dag.py:4138} INFO - Setting next_dagrun for example_branch_datetime_operator to 2025-01-31 00:00:00+00:00, run_after=2025-02-01 00:00:00+00:00
[2025-02-01T00:07:54.566+0000] {logging_mixin.py:190} INFO - [2025-02-01T00:07:54.566+0000] {dag.py:4138} INFO - Setting next_dagrun for example_branch_datetime_operator_2 to 2025-01-31 00:00:00+00:00, run_after=2025-02-01 00:00:00+00:00
[2025-02-01T00:07:54.569+0000] {logging_mixin.py:190} INFO - [2025-02-01T00:07:54.569+0000] {dag.py:4138} INFO - Setting next_dagrun for example_branch_datetime_operator_3 to 2025-01-31 00:00:00+00:00, run_after=2025-02-01 00:00:00+00:00
[2025-02-01T00:07:54.585+0000] {processor.py:208} INFO - Processing /home/airflow/.local/lib/python3.12/site-packages/airflow/example_dags/example_branch_datetime_operator.py took 0.091 seconds
[2025-02-01T00:08:24.867+0000] {processor.py:186} INFO - Started process (PID=26105) to work on /home/airflow/.local/lib/python3.12/site-packages/airflow/example_dags/example_branch_datetime_operator.py
[2025-02-01T00:08:24.868+0000] {processor.py:914} INFO - Processing file /home/airflow/.local/lib/python3.12/site-packages/airflow/example_dags/example_branch_datetime_operator.py for tasks to queue
[2025-02-01T00:08:24.869+0000] {logging_mixin.py:190} INFO - [2025-02-01T00:08:24.869+0000] {dagbag.py:587} INFO - Filling up the DagBag from /home/airflow/.local/lib/python3.12/site-packages/airflow/example_dags/example_branch_datetime_operator.py
[2025-02-01T00:08:24.879+0000] {processor.py:925} INFO - DAG(s) 'example_branch_datetime_operator_2', 'example_branch_datetime_operator', 'example_branch_datetime_operator_3' retrieved from /home/airflow/.local/lib/python3.12/site-packages/airflow/example_dags/example_branch_datetime_operator.py
[2025-02-01T00:08:24.905+0000] {logging_mixin.py:190} INFO - [2025-02-01T00:08:24.905+0000] {dag.py:3211} INFO - Sync 3 DAGs
[2025-02-01T00:08:24.928+0000] {logging_mixin.py:190} INFO - [2025-02-01T00:08:24.927+0000] {dag.py:4138} INFO - Setting next_dagrun for example_branch_datetime_operator to 2025-01-31 00:00:00+00:00, run_after=2025-02-01 00:00:00+00:00
[2025-02-01T00:08:24.933+0000] {logging_mixin.py:190} INFO - [2025-02-01T00:08:24.933+0000] {dag.py:4138} INFO - Setting next_dagrun for example_branch_datetime_operator_2 to 2025-01-31 00:00:00+00:00, run_after=2025-02-01 00:00:00+00:00
[2025-02-01T00:08:24.935+0000] {logging_mixin.py:190} INFO - [2025-02-01T00:08:24.935+0000] {dag.py:4138} INFO - Setting next_dagrun for example_branch_datetime_operator_3 to 2025-01-31 00:00:00+00:00, run_after=2025-02-01 00:00:00+00:00
[2025-02-01T00:08:24.953+0000] {processor.py:208} INFO - Processing /home/airflow/.local/lib/python3.12/site-packages/airflow/example_dags/example_branch_datetime_operator.py took 0.090 seconds
[2025-02-01T00:08:55.086+0000] {processor.py:186} INFO - Started process (PID=26168) to work on /home/airflow/.local/lib/python3.12/site-packages/airflow/example_dags/example_branch_datetime_operator.py
[2025-02-01T00:08:55.087+0000] {processor.py:914} INFO - Processing file /home/airflow/.local/lib/python3.12/site-packages/airflow/example_dags/example_branch_datetime_operator.py for tasks to queue
[2025-02-01T00:08:55.088+0000] {logging_mixin.py:190} INFO - [2025-02-01T00:08:55.088+0000] {dagbag.py:587} INFO - Filling up the DagBag from /home/airflow/.local/lib/python3.12/site-packages/airflow/example_dags/example_branch_datetime_operator.py
[2025-02-01T00:08:55.097+0000] {processor.py:925} INFO - DAG(s) 'example_branch_datetime_operator', 'example_branch_datetime_operator_3', 'example_branch_datetime_operator_2' retrieved from /home/airflow/.local/lib/python3.12/site-packages/airflow/example_dags/example_branch_datetime_operator.py
[2025-02-01T00:08:55.122+0000] {logging_mixin.py:190} INFO - [2025-02-01T00:08:55.122+0000] {dag.py:3211} INFO - Sync 3 DAGs
[2025-02-01T00:08:55.143+0000] {logging_mixin.py:190} INFO - [2025-02-01T00:08:55.143+0000] {dag.py:4138} INFO - Setting next_dagrun for example_branch_datetime_operator to 2025-01-31 00:00:00+00:00, run_after=2025-02-01 00:00:00+00:00
[2025-02-01T00:08:55.149+0000] {logging_mixin.py:190} INFO - [2025-02-01T00:08:55.149+0000] {dag.py:4138} INFO - Setting next_dagrun for example_branch_datetime_operator_2 to 2025-01-31 00:00:00+00:00, run_after=2025-02-01 00:00:00+00:00
[2025-02-01T00:08:55.151+0000] {logging_mixin.py:190} INFO - [2025-02-01T00:08:55.151+0000] {dag.py:4138} INFO - Setting next_dagrun for example_branch_datetime_operator_3 to 2025-01-31 00:00:00+00:00, run_after=2025-02-01 00:00:00+00:00
[2025-02-01T00:08:55.166+0000] {processor.py:208} INFO - Processing /home/airflow/.local/lib/python3.12/site-packages/airflow/example_dags/example_branch_datetime_operator.py took 0.085 seconds
[2025-02-01T00:09:25.303+0000] {processor.py:186} INFO - Started process (PID=26231) to work on /home/airflow/.local/lib/python3.12/site-packages/airflow/example_dags/example_branch_datetime_operator.py
[2025-02-01T00:09:25.304+0000] {processor.py:914} INFO - Processing file /home/airflow/.local/lib/python3.12/site-packages/airflow/example_dags/example_branch_datetime_operator.py for tasks to queue
[2025-02-01T00:09:25.305+0000] {logging_mixin.py:190} INFO - [2025-02-01T00:09:25.305+0000] {dagbag.py:587} INFO - Filling up the DagBag from /home/airflow/.local/lib/python3.12/site-packages/airflow/example_dags/example_branch_datetime_operator.py
[2025-02-01T00:09:25.314+0000] {processor.py:925} INFO - DAG(s) 'example_branch_datetime_operator_3', 'example_branch_datetime_operator', 'example_branch_datetime_operator_2' retrieved from /home/airflow/.local/lib/python3.12/site-packages/airflow/example_dags/example_branch_datetime_operator.py
[2025-02-01T00:09:25.339+0000] {logging_mixin.py:190} INFO - [2025-02-01T00:09:25.339+0000] {dag.py:3211} INFO - Sync 3 DAGs
[2025-02-01T00:09:25.362+0000] {logging_mixin.py:190} INFO - [2025-02-01T00:09:25.362+0000] {dag.py:4138} INFO - Setting next_dagrun for example_branch_datetime_operator to 2025-01-31 00:00:00+00:00, run_after=2025-02-01 00:00:00+00:00
[2025-02-01T00:09:25.367+0000] {logging_mixin.py:190} INFO - [2025-02-01T00:09:25.367+0000] {dag.py:4138} INFO - Setting next_dagrun for example_branch_datetime_operator_2 to 2025-01-31 00:00:00+00:00, run_after=2025-02-01 00:00:00+00:00
[2025-02-01T00:09:25.370+0000] {logging_mixin.py:190} INFO - [2025-02-01T00:09:25.370+0000] {dag.py:4138} INFO - Setting next_dagrun for example_branch_datetime_operator_3 to 2025-01-31 00:00:00+00:00, run_after=2025-02-01 00:00:00+00:00
[2025-02-01T00:09:25.398+0000] {processor.py:208} INFO - Processing /home/airflow/.local/lib/python3.12/site-packages/airflow/example_dags/example_branch_datetime_operator.py took 0.101 seconds
[2025-02-01T00:09:55.618+0000] {processor.py:186} INFO - Started process (PID=26294) to work on /home/airflow/.local/lib/python3.12/site-packages/airflow/example_dags/example_branch_datetime_operator.py
[2025-02-01T00:09:55.619+0000] {processor.py:914} INFO - Processing file /home/airflow/.local/lib/python3.12/site-packages/airflow/example_dags/example_branch_datetime_operator.py for tasks to queue
[2025-02-01T00:09:55.621+0000] {logging_mixin.py:190} INFO - [2025-02-01T00:09:55.620+0000] {dagbag.py:587} INFO - Filling up the DagBag from /home/airflow/.local/lib/python3.12/site-packages/airflow/example_dags/example_branch_datetime_operator.py
[2025-02-01T00:09:55.630+0000] {processor.py:925} INFO - DAG(s) 'example_branch_datetime_operator_2', 'example_branch_datetime_operator', 'example_branch_datetime_operator_3' retrieved from /home/airflow/.local/lib/python3.12/site-packages/airflow/example_dags/example_branch_datetime_operator.py
[2025-02-01T00:09:55.658+0000] {logging_mixin.py:190} INFO - [2025-02-01T00:09:55.658+0000] {dag.py:3211} INFO - Sync 3 DAGs
[2025-02-01T00:09:55.680+0000] {logging_mixin.py:190} INFO - [2025-02-01T00:09:55.679+0000] {dag.py:4138} INFO - Setting next_dagrun for example_branch_datetime_operator to 2025-01-31 00:00:00+00:00, run_after=2025-02-01 00:00:00+00:00
[2025-02-01T00:09:55.685+0000] {logging_mixin.py:190} INFO - [2025-02-01T00:09:55.685+0000] {dag.py:4138} INFO - Setting next_dagrun for example_branch_datetime_operator_2 to 2025-01-31 00:00:00+00:00, run_after=2025-02-01 00:00:00+00:00
[2025-02-01T00:09:55.688+0000] {logging_mixin.py:190} INFO - [2025-02-01T00:09:55.687+0000] {dag.py:4138} INFO - Setting next_dagrun for example_branch_datetime_operator_3 to 2025-01-31 00:00:00+00:00, run_after=2025-02-01 00:00:00+00:00
[2025-02-01T00:09:55.704+0000] {processor.py:208} INFO - Processing /home/airflow/.local/lib/python3.12/site-packages/airflow/example_dags/example_branch_datetime_operator.py took 0.091 seconds
[2025-02-01T00:10:26.066+0000] {processor.py:186} INFO - Started process (PID=26357) to work on /home/airflow/.local/lib/python3.12/site-packages/airflow/example_dags/example_branch_datetime_operator.py
[2025-02-01T00:10:26.067+0000] {processor.py:914} INFO - Processing file /home/airflow/.local/lib/python3.12/site-packages/airflow/example_dags/example_branch_datetime_operator.py for tasks to queue
[2025-02-01T00:10:26.068+0000] {logging_mixin.py:190} INFO - [2025-02-01T00:10:26.068+0000] {dagbag.py:587} INFO - Filling up the DagBag from /home/airflow/.local/lib/python3.12/site-packages/airflow/example_dags/example_branch_datetime_operator.py
[2025-02-01T00:10:26.079+0000] {processor.py:925} INFO - DAG(s) 'example_branch_datetime_operator_2', 'example_branch_datetime_operator_3', 'example_branch_datetime_operator' retrieved from /home/airflow/.local/lib/python3.12/site-packages/airflow/example_dags/example_branch_datetime_operator.py
[2025-02-01T00:10:26.102+0000] {logging_mixin.py:190} INFO - [2025-02-01T00:10:26.102+0000] {dag.py:3211} INFO - Sync 3 DAGs
[2025-02-01T00:10:26.125+0000] {logging_mixin.py:190} INFO - [2025-02-01T00:10:26.125+0000] {dag.py:4138} INFO - Setting next_dagrun for example_branch_datetime_operator to 2025-01-31 00:00:00+00:00, run_after=2025-02-01 00:00:00+00:00
[2025-02-01T00:10:26.129+0000] {logging_mixin.py:190} INFO - [2025-02-01T00:10:26.129+0000] {dag.py:4138} INFO - Setting next_dagrun for example_branch_datetime_operator_2 to 2025-01-31 00:00:00+00:00, run_after=2025-02-01 00:00:00+00:00
[2025-02-01T00:10:26.132+0000] {logging_mixin.py:190} INFO - [2025-02-01T00:10:26.132+0000] {dag.py:4138} INFO - Setting next_dagrun for example_branch_datetime_operator_3 to 2025-01-31 00:00:00+00:00, run_after=2025-02-01 00:00:00+00:00
[2025-02-01T00:10:26.148+0000] {processor.py:208} INFO - Processing /home/airflow/.local/lib/python3.12/site-packages/airflow/example_dags/example_branch_datetime_operator.py took 0.087 seconds
[2025-02-01T00:10:56.238+0000] {processor.py:186} INFO - Started process (PID=26420) to work on /home/airflow/.local/lib/python3.12/site-packages/airflow/example_dags/example_branch_datetime_operator.py
[2025-02-01T00:10:56.239+0000] {processor.py:914} INFO - Processing file /home/airflow/.local/lib/python3.12/site-packages/airflow/example_dags/example_branch_datetime_operator.py for tasks to queue
[2025-02-01T00:10:56.240+0000] {logging_mixin.py:190} INFO - [2025-02-01T00:10:56.240+0000] {dagbag.py:587} INFO - Filling up the DagBag from /home/airflow/.local/lib/python3.12/site-packages/airflow/example_dags/example_branch_datetime_operator.py
[2025-02-01T00:10:56.250+0000] {processor.py:925} INFO - DAG(s) 'example_branch_datetime_operator_2', 'example_branch_datetime_operator', 'example_branch_datetime_operator_3' retrieved from /home/airflow/.local/lib/python3.12/site-packages/airflow/example_dags/example_branch_datetime_operator.py
[2025-02-01T00:10:56.275+0000] {logging_mixin.py:190} INFO - [2025-02-01T00:10:56.274+0000] {dag.py:3211} INFO - Sync 3 DAGs
[2025-02-01T00:10:56.297+0000] {logging_mixin.py:190} INFO - [2025-02-01T00:10:56.297+0000] {dag.py:4138} INFO - Setting next_dagrun for example_branch_datetime_operator to 2025-01-31 00:00:00+00:00, run_after=2025-02-01 00:00:00+00:00
[2025-02-01T00:10:56.302+0000] {logging_mixin.py:190} INFO - [2025-02-01T00:10:56.301+0000] {dag.py:4138} INFO - Setting next_dagrun for example_branch_datetime_operator_2 to 2025-01-31 00:00:00+00:00, run_after=2025-02-01 00:00:00+00:00
[2025-02-01T00:10:56.304+0000] {logging_mixin.py:190} INFO - [2025-02-01T00:10:56.304+0000] {dag.py:4138} INFO - Setting next_dagrun for example_branch_datetime_operator_3 to 2025-01-31 00:00:00+00:00, run_after=2025-02-01 00:00:00+00:00
[2025-02-01T00:10:56.320+0000] {processor.py:208} INFO - Processing /home/airflow/.local/lib/python3.12/site-packages/airflow/example_dags/example_branch_datetime_operator.py took 0.087 seconds
[2025-02-01T00:11:26.532+0000] {processor.py:186} INFO - Started process (PID=26483) to work on /home/airflow/.local/lib/python3.12/site-packages/airflow/example_dags/example_branch_datetime_operator.py
[2025-02-01T00:11:26.533+0000] {processor.py:914} INFO - Processing file /home/airflow/.local/lib/python3.12/site-packages/airflow/example_dags/example_branch_datetime_operator.py for tasks to queue
[2025-02-01T00:11:26.534+0000] {logging_mixin.py:190} INFO - [2025-02-01T00:11:26.534+0000] {dagbag.py:587} INFO - Filling up the DagBag from /home/airflow/.local/lib/python3.12/site-packages/airflow/example_dags/example_branch_datetime_operator.py
[2025-02-01T00:11:26.544+0000] {processor.py:925} INFO - DAG(s) 'example_branch_datetime_operator_2', 'example_branch_datetime_operator_3', 'example_branch_datetime_operator' retrieved from /home/airflow/.local/lib/python3.12/site-packages/airflow/example_dags/example_branch_datetime_operator.py
[2025-02-01T00:11:26.569+0000] {logging_mixin.py:190} INFO - [2025-02-01T00:11:26.569+0000] {dag.py:3211} INFO - Sync 3 DAGs
[2025-02-01T00:11:26.591+0000] {logging_mixin.py:190} INFO - [2025-02-01T00:11:26.591+0000] {dag.py:4138} INFO - Setting next_dagrun for example_branch_datetime_operator to 2025-01-31 00:00:00+00:00, run_after=2025-02-01 00:00:00+00:00
[2025-02-01T00:11:26.597+0000] {logging_mixin.py:190} INFO - [2025-02-01T00:11:26.596+0000] {dag.py:4138} INFO - Setting next_dagrun for example_branch_datetime_operator_2 to 2025-01-31 00:00:00+00:00, run_after=2025-02-01 00:00:00+00:00
[2025-02-01T00:11:26.599+0000] {logging_mixin.py:190} INFO - [2025-02-01T00:11:26.599+0000] {dag.py:4138} INFO - Setting next_dagrun for example_branch_datetime_operator_3 to 2025-01-31 00:00:00+00:00, run_after=2025-02-01 00:00:00+00:00
[2025-02-01T00:11:26.615+0000] {processor.py:208} INFO - Processing /home/airflow/.local/lib/python3.12/site-packages/airflow/example_dags/example_branch_datetime_operator.py took 0.088 seconds
[2025-02-01T00:11:56.822+0000] {processor.py:186} INFO - Started process (PID=26546) to work on /home/airflow/.local/lib/python3.12/site-packages/airflow/example_dags/example_branch_datetime_operator.py
[2025-02-01T00:11:56.823+0000] {processor.py:914} INFO - Processing file /home/airflow/.local/lib/python3.12/site-packages/airflow/example_dags/example_branch_datetime_operator.py for tasks to queue
[2025-02-01T00:11:56.824+0000] {logging_mixin.py:190} INFO - [2025-02-01T00:11:56.824+0000] {dagbag.py:587} INFO - Filling up the DagBag from /home/airflow/.local/lib/python3.12/site-packages/airflow/example_dags/example_branch_datetime_operator.py
[2025-02-01T00:11:56.835+0000] {processor.py:925} INFO - DAG(s) 'example_branch_datetime_operator_2', 'example_branch_datetime_operator', 'example_branch_datetime_operator_3' retrieved from /home/airflow/.local/lib/python3.12/site-packages/airflow/example_dags/example_branch_datetime_operator.py
[2025-02-01T00:11:56.859+0000] {logging_mixin.py:190} INFO - [2025-02-01T00:11:56.858+0000] {dag.py:3211} INFO - Sync 3 DAGs
[2025-02-01T00:11:56.881+0000] {logging_mixin.py:190} INFO - [2025-02-01T00:11:56.881+0000] {dag.py:4138} INFO - Setting next_dagrun for example_branch_datetime_operator to 2025-01-31 00:00:00+00:00, run_after=2025-02-01 00:00:00+00:00
[2025-02-01T00:11:56.885+0000] {logging_mixin.py:190} INFO - [2025-02-01T00:11:56.885+0000] {dag.py:4138} INFO - Setting next_dagrun for example_branch_datetime_operator_2 to 2025-01-31 00:00:00+00:00, run_after=2025-02-01 00:00:00+00:00
[2025-02-01T00:11:56.887+0000] {logging_mixin.py:190} INFO - [2025-02-01T00:11:56.887+0000] {dag.py:4138} INFO - Setting next_dagrun for example_branch_datetime_operator_3 to 2025-01-31 00:00:00+00:00, run_after=2025-02-01 00:00:00+00:00
[2025-02-01T00:11:56.904+0000] {processor.py:208} INFO - Processing /home/airflow/.local/lib/python3.12/site-packages/airflow/example_dags/example_branch_datetime_operator.py took 0.086 seconds
[2025-02-01T00:12:27.185+0000] {processor.py:186} INFO - Started process (PID=26609) to work on /home/airflow/.local/lib/python3.12/site-packages/airflow/example_dags/example_branch_datetime_operator.py
[2025-02-01T00:12:27.186+0000] {processor.py:914} INFO - Processing file /home/airflow/.local/lib/python3.12/site-packages/airflow/example_dags/example_branch_datetime_operator.py for tasks to queue
[2025-02-01T00:12:27.187+0000] {logging_mixin.py:190} INFO - [2025-02-01T00:12:27.187+0000] {dagbag.py:587} INFO - Filling up the DagBag from /home/airflow/.local/lib/python3.12/site-packages/airflow/example_dags/example_branch_datetime_operator.py
[2025-02-01T00:12:27.197+0000] {processor.py:925} INFO - DAG(s) 'example_branch_datetime_operator', 'example_branch_datetime_operator_2', 'example_branch_datetime_operator_3' retrieved from /home/airflow/.local/lib/python3.12/site-packages/airflow/example_dags/example_branch_datetime_operator.py
[2025-02-01T00:12:27.225+0000] {logging_mixin.py:190} INFO - [2025-02-01T00:12:27.225+0000] {dag.py:3211} INFO - Sync 3 DAGs
[2025-02-01T00:12:27.250+0000] {logging_mixin.py:190} INFO - [2025-02-01T00:12:27.250+0000] {dag.py:4138} INFO - Setting next_dagrun for example_branch_datetime_operator to 2025-01-31 00:00:00+00:00, run_after=2025-02-01 00:00:00+00:00
[2025-02-01T00:12:27.255+0000] {logging_mixin.py:190} INFO - [2025-02-01T00:12:27.255+0000] {dag.py:4138} INFO - Setting next_dagrun for example_branch_datetime_operator_2 to 2025-01-31 00:00:00+00:00, run_after=2025-02-01 00:00:00+00:00
[2025-02-01T00:12:27.258+0000] {logging_mixin.py:190} INFO - [2025-02-01T00:12:27.258+0000] {dag.py:4138} INFO - Setting next_dagrun for example_branch_datetime_operator_3 to 2025-01-31 00:00:00+00:00, run_after=2025-02-01 00:00:00+00:00
[2025-02-01T00:12:27.276+0000] {processor.py:208} INFO - Processing /home/airflow/.local/lib/python3.12/site-packages/airflow/example_dags/example_branch_datetime_operator.py took 0.096 seconds
[2025-02-01T00:12:57.363+0000] {processor.py:186} INFO - Started process (PID=26672) to work on /home/airflow/.local/lib/python3.12/site-packages/airflow/example_dags/example_branch_datetime_operator.py
[2025-02-01T00:12:57.364+0000] {processor.py:914} INFO - Processing file /home/airflow/.local/lib/python3.12/site-packages/airflow/example_dags/example_branch_datetime_operator.py for tasks to queue
[2025-02-01T00:12:57.365+0000] {logging_mixin.py:190} INFO - [2025-02-01T00:12:57.365+0000] {dagbag.py:587} INFO - Filling up the DagBag from /home/airflow/.local/lib/python3.12/site-packages/airflow/example_dags/example_branch_datetime_operator.py
[2025-02-01T00:12:57.375+0000] {processor.py:925} INFO - DAG(s) 'example_branch_datetime_operator', 'example_branch_datetime_operator_3', 'example_branch_datetime_operator_2' retrieved from /home/airflow/.local/lib/python3.12/site-packages/airflow/example_dags/example_branch_datetime_operator.py
[2025-02-01T00:12:57.399+0000] {logging_mixin.py:190} INFO - [2025-02-01T00:12:57.399+0000] {dag.py:3211} INFO - Sync 3 DAGs
[2025-02-01T00:12:57.420+0000] {logging_mixin.py:190} INFO - [2025-02-01T00:12:57.420+0000] {dag.py:4138} INFO - Setting next_dagrun for example_branch_datetime_operator to 2025-01-31 00:00:00+00:00, run_after=2025-02-01 00:00:00+00:00
[2025-02-01T00:12:57.425+0000] {logging_mixin.py:190} INFO - [2025-02-01T00:12:57.425+0000] {dag.py:4138} INFO - Setting next_dagrun for example_branch_datetime_operator_2 to 2025-01-31 00:00:00+00:00, run_after=2025-02-01 00:00:00+00:00
[2025-02-01T00:12:57.427+0000] {logging_mixin.py:190} INFO - [2025-02-01T00:12:57.426+0000] {dag.py:4138} INFO - Setting next_dagrun for example_branch_datetime_operator_3 to 2025-01-31 00:00:00+00:00, run_after=2025-02-01 00:00:00+00:00
[2025-02-01T00:12:57.441+0000] {processor.py:208} INFO - Processing /home/airflow/.local/lib/python3.12/site-packages/airflow/example_dags/example_branch_datetime_operator.py took 0.083 seconds
[2025-02-01T00:13:27.614+0000] {processor.py:186} INFO - Started process (PID=26735) to work on /home/airflow/.local/lib/python3.12/site-packages/airflow/example_dags/example_branch_datetime_operator.py
[2025-02-01T00:13:27.615+0000] {processor.py:914} INFO - Processing file /home/airflow/.local/lib/python3.12/site-packages/airflow/example_dags/example_branch_datetime_operator.py for tasks to queue
[2025-02-01T00:13:27.616+0000] {logging_mixin.py:190} INFO - [2025-02-01T00:13:27.616+0000] {dagbag.py:587} INFO - Filling up the DagBag from /home/airflow/.local/lib/python3.12/site-packages/airflow/example_dags/example_branch_datetime_operator.py
[2025-02-01T00:13:27.627+0000] {processor.py:925} INFO - DAG(s) 'example_branch_datetime_operator_3', 'example_branch_datetime_operator', 'example_branch_datetime_operator_2' retrieved from /home/airflow/.local/lib/python3.12/site-packages/airflow/example_dags/example_branch_datetime_operator.py
[2025-02-01T00:13:27.649+0000] {logging_mixin.py:190} INFO - [2025-02-01T00:13:27.649+0000] {dag.py:3211} INFO - Sync 3 DAGs
[2025-02-01T00:13:27.670+0000] {logging_mixin.py:190} INFO - [2025-02-01T00:13:27.670+0000] {dag.py:4138} INFO - Setting next_dagrun for example_branch_datetime_operator to 2025-01-31 00:00:00+00:00, run_after=2025-02-01 00:00:00+00:00
[2025-02-01T00:13:27.674+0000] {logging_mixin.py:190} INFO - [2025-02-01T00:13:27.674+0000] {dag.py:4138} INFO - Setting next_dagrun for example_branch_datetime_operator_2 to 2025-01-31 00:00:00+00:00, run_after=2025-02-01 00:00:00+00:00
[2025-02-01T00:13:27.676+0000] {logging_mixin.py:190} INFO - [2025-02-01T00:13:27.676+0000] {dag.py:4138} INFO - Setting next_dagrun for example_branch_datetime_operator_3 to 2025-01-31 00:00:00+00:00, run_after=2025-02-01 00:00:00+00:00
[2025-02-01T00:13:27.691+0000] {processor.py:208} INFO - Processing /home/airflow/.local/lib/python3.12/site-packages/airflow/example_dags/example_branch_datetime_operator.py took 0.082 seconds
[2025-02-01T00:13:57.836+0000] {processor.py:186} INFO - Started process (PID=26798) to work on /home/airflow/.local/lib/python3.12/site-packages/airflow/example_dags/example_branch_datetime_operator.py
[2025-02-01T00:13:57.837+0000] {processor.py:914} INFO - Processing file /home/airflow/.local/lib/python3.12/site-packages/airflow/example_dags/example_branch_datetime_operator.py for tasks to queue
[2025-02-01T00:13:57.838+0000] {logging_mixin.py:190} INFO - [2025-02-01T00:13:57.838+0000] {dagbag.py:587} INFO - Filling up the DagBag from /home/airflow/.local/lib/python3.12/site-packages/airflow/example_dags/example_branch_datetime_operator.py
[2025-02-01T00:13:57.848+0000] {processor.py:925} INFO - DAG(s) 'example_branch_datetime_operator', 'example_branch_datetime_operator_3', 'example_branch_datetime_operator_2' retrieved from /home/airflow/.local/lib/python3.12/site-packages/airflow/example_dags/example_branch_datetime_operator.py
[2025-02-01T00:13:57.873+0000] {logging_mixin.py:190} INFO - [2025-02-01T00:13:57.872+0000] {dag.py:3211} INFO - Sync 3 DAGs
[2025-02-01T00:13:57.895+0000] {logging_mixin.py:190} INFO - [2025-02-01T00:13:57.894+0000] {dag.py:4138} INFO - Setting next_dagrun for example_branch_datetime_operator to 2025-01-31 00:00:00+00:00, run_after=2025-02-01 00:00:00+00:00
[2025-02-01T00:13:57.899+0000] {logging_mixin.py:190} INFO - [2025-02-01T00:13:57.898+0000] {dag.py:4138} INFO - Setting next_dagrun for example_branch_datetime_operator_2 to 2025-01-31 00:00:00+00:00, run_after=2025-02-01 00:00:00+00:00
[2025-02-01T00:13:57.901+0000] {logging_mixin.py:190} INFO - [2025-02-01T00:13:57.901+0000] {dag.py:4138} INFO - Setting next_dagrun for example_branch_datetime_operator_3 to 2025-01-31 00:00:00+00:00, run_after=2025-02-01 00:00:00+00:00
[2025-02-01T00:13:57.916+0000] {processor.py:208} INFO - Processing /home/airflow/.local/lib/python3.12/site-packages/airflow/example_dags/example_branch_datetime_operator.py took 0.084 seconds
[2025-02-01T00:14:28.142+0000] {processor.py:186} INFO - Started process (PID=26861) to work on /home/airflow/.local/lib/python3.12/site-packages/airflow/example_dags/example_branch_datetime_operator.py
[2025-02-01T00:14:28.143+0000] {processor.py:914} INFO - Processing file /home/airflow/.local/lib/python3.12/site-packages/airflow/example_dags/example_branch_datetime_operator.py for tasks to queue
[2025-02-01T00:14:28.144+0000] {logging_mixin.py:190} INFO - [2025-02-01T00:14:28.144+0000] {dagbag.py:587} INFO - Filling up the DagBag from /home/airflow/.local/lib/python3.12/site-packages/airflow/example_dags/example_branch_datetime_operator.py
[2025-02-01T00:14:28.153+0000] {processor.py:925} INFO - DAG(s) 'example_branch_datetime_operator_2', 'example_branch_datetime_operator_3', 'example_branch_datetime_operator' retrieved from /home/airflow/.local/lib/python3.12/site-packages/airflow/example_dags/example_branch_datetime_operator.py
[2025-02-01T00:14:28.176+0000] {logging_mixin.py:190} INFO - [2025-02-01T00:14:28.176+0000] {dag.py:3211} INFO - Sync 3 DAGs
[2025-02-01T00:14:28.196+0000] {logging_mixin.py:190} INFO - [2025-02-01T00:14:28.196+0000] {dag.py:4138} INFO - Setting next_dagrun for example_branch_datetime_operator to 2025-01-31 00:00:00+00:00, run_after=2025-02-01 00:00:00+00:00
[2025-02-01T00:14:28.200+0000] {logging_mixin.py:190} INFO - [2025-02-01T00:14:28.200+0000] {dag.py:4138} INFO - Setting next_dagrun for example_branch_datetime_operator_2 to 2025-01-31 00:00:00+00:00, run_after=2025-02-01 00:00:00+00:00
[2025-02-01T00:14:28.202+0000] {logging_mixin.py:190} INFO - [2025-02-01T00:14:28.202+0000] {dag.py:4138} INFO - Setting next_dagrun for example_branch_datetime_operator_3 to 2025-01-31 00:00:00+00:00, run_after=2025-02-01 00:00:00+00:00
[2025-02-01T00:14:28.218+0000] {processor.py:208} INFO - Processing /home/airflow/.local/lib/python3.12/site-packages/airflow/example_dags/example_branch_datetime_operator.py took 0.081 seconds
[2025-02-01T00:14:58.371+0000] {processor.py:186} INFO - Started process (PID=26924) to work on /home/airflow/.local/lib/python3.12/site-packages/airflow/example_dags/example_branch_datetime_operator.py
[2025-02-01T00:14:58.372+0000] {processor.py:914} INFO - Processing file /home/airflow/.local/lib/python3.12/site-packages/airflow/example_dags/example_branch_datetime_operator.py for tasks to queue
[2025-02-01T00:14:58.373+0000] {logging_mixin.py:190} INFO - [2025-02-01T00:14:58.373+0000] {dagbag.py:587} INFO - Filling up the DagBag from /home/airflow/.local/lib/python3.12/site-packages/airflow/example_dags/example_branch_datetime_operator.py
[2025-02-01T00:14:58.383+0000] {processor.py:925} INFO - DAG(s) 'example_branch_datetime_operator_3', 'example_branch_datetime_operator_2', 'example_branch_datetime_operator' retrieved from /home/airflow/.local/lib/python3.12/site-packages/airflow/example_dags/example_branch_datetime_operator.py
[2025-02-01T00:14:58.407+0000] {logging_mixin.py:190} INFO - [2025-02-01T00:14:58.407+0000] {dag.py:3211} INFO - Sync 3 DAGs
[2025-02-01T00:14:58.429+0000] {logging_mixin.py:190} INFO - [2025-02-01T00:14:58.428+0000] {dag.py:4138} INFO - Setting next_dagrun for example_branch_datetime_operator to 2025-01-31 00:00:00+00:00, run_after=2025-02-01 00:00:00+00:00
[2025-02-01T00:14:58.434+0000] {logging_mixin.py:190} INFO - [2025-02-01T00:14:58.433+0000] {dag.py:4138} INFO - Setting next_dagrun for example_branch_datetime_operator_2 to 2025-01-31 00:00:00+00:00, run_after=2025-02-01 00:00:00+00:00
[2025-02-01T00:14:58.436+0000] {logging_mixin.py:190} INFO - [2025-02-01T00:14:58.436+0000] {dag.py:4138} INFO - Setting next_dagrun for example_branch_datetime_operator_3 to 2025-01-31 00:00:00+00:00, run_after=2025-02-01 00:00:00+00:00
[2025-02-01T00:14:58.453+0000] {processor.py:208} INFO - Processing /home/airflow/.local/lib/python3.12/site-packages/airflow/example_dags/example_branch_datetime_operator.py took 0.087 seconds
[2025-02-01T00:15:29.076+0000] {processor.py:186} INFO - Started process (PID=26987) to work on /home/airflow/.local/lib/python3.12/site-packages/airflow/example_dags/example_branch_datetime_operator.py
[2025-02-01T00:15:29.077+0000] {processor.py:914} INFO - Processing file /home/airflow/.local/lib/python3.12/site-packages/airflow/example_dags/example_branch_datetime_operator.py for tasks to queue
[2025-02-01T00:15:29.078+0000] {logging_mixin.py:190} INFO - [2025-02-01T00:15:29.078+0000] {dagbag.py:587} INFO - Filling up the DagBag from /home/airflow/.local/lib/python3.12/site-packages/airflow/example_dags/example_branch_datetime_operator.py
[2025-02-01T00:15:29.092+0000] {processor.py:925} INFO - DAG(s) 'example_branch_datetime_operator_3', 'example_branch_datetime_operator_2', 'example_branch_datetime_operator' retrieved from /home/airflow/.local/lib/python3.12/site-packages/airflow/example_dags/example_branch_datetime_operator.py
[2025-02-01T00:15:29.115+0000] {logging_mixin.py:190} INFO - [2025-02-01T00:15:29.115+0000] {dag.py:3211} INFO - Sync 3 DAGs
[2025-02-01T00:15:29.135+0000] {logging_mixin.py:190} INFO - [2025-02-01T00:15:29.135+0000] {dag.py:4138} INFO - Setting next_dagrun for example_branch_datetime_operator to 2025-01-31 00:00:00+00:00, run_after=2025-02-01 00:00:00+00:00
[2025-02-01T00:15:29.140+0000] {logging_mixin.py:190} INFO - [2025-02-01T00:15:29.140+0000] {dag.py:4138} INFO - Setting next_dagrun for example_branch_datetime_operator_2 to 2025-01-31 00:00:00+00:00, run_after=2025-02-01 00:00:00+00:00
[2025-02-01T00:15:29.142+0000] {logging_mixin.py:190} INFO - [2025-02-01T00:15:29.142+0000] {dag.py:4138} INFO - Setting next_dagrun for example_branch_datetime_operator_3 to 2025-01-31 00:00:00+00:00, run_after=2025-02-01 00:00:00+00:00
[2025-02-01T00:15:29.158+0000] {processor.py:208} INFO - Processing /home/airflow/.local/lib/python3.12/site-packages/airflow/example_dags/example_branch_datetime_operator.py took 0.086 seconds
[2025-02-01T00:15:59.283+0000] {processor.py:186} INFO - Started process (PID=27050) to work on /home/airflow/.local/lib/python3.12/site-packages/airflow/example_dags/example_branch_datetime_operator.py
[2025-02-01T00:15:59.284+0000] {processor.py:914} INFO - Processing file /home/airflow/.local/lib/python3.12/site-packages/airflow/example_dags/example_branch_datetime_operator.py for tasks to queue
[2025-02-01T00:15:59.285+0000] {logging_mixin.py:190} INFO - [2025-02-01T00:15:59.285+0000] {dagbag.py:587} INFO - Filling up the DagBag from /home/airflow/.local/lib/python3.12/site-packages/airflow/example_dags/example_branch_datetime_operator.py
[2025-02-01T00:15:59.298+0000] {processor.py:925} INFO - DAG(s) 'example_branch_datetime_operator_2', 'example_branch_datetime_operator_3', 'example_branch_datetime_operator' retrieved from /home/airflow/.local/lib/python3.12/site-packages/airflow/example_dags/example_branch_datetime_operator.py
[2025-02-01T00:15:59.321+0000] {logging_mixin.py:190} INFO - [2025-02-01T00:15:59.321+0000] {dag.py:3211} INFO - Sync 3 DAGs
[2025-02-01T00:15:59.343+0000] {logging_mixin.py:190} INFO - [2025-02-01T00:15:59.342+0000] {dag.py:4138} INFO - Setting next_dagrun for example_branch_datetime_operator to 2025-01-31 00:00:00+00:00, run_after=2025-02-01 00:00:00+00:00
[2025-02-01T00:15:59.347+0000] {logging_mixin.py:190} INFO - [2025-02-01T00:15:59.347+0000] {dag.py:4138} INFO - Setting next_dagrun for example_branch_datetime_operator_2 to 2025-01-31 00:00:00+00:00, run_after=2025-02-01 00:00:00+00:00
[2025-02-01T00:15:59.349+0000] {logging_mixin.py:190} INFO - [2025-02-01T00:15:59.349+0000] {dag.py:4138} INFO - Setting next_dagrun for example_branch_datetime_operator_3 to 2025-01-31 00:00:00+00:00, run_after=2025-02-01 00:00:00+00:00
[2025-02-01T00:15:59.364+0000] {processor.py:208} INFO - Processing /home/airflow/.local/lib/python3.12/site-packages/airflow/example_dags/example_branch_datetime_operator.py took 0.088 seconds
