[2025-02-01T00:00:03.173+0000] {processor.py:186} INFO - Started process (PID=25057) to work on /home/airflow/.local/lib/python3.12/site-packages/airflow/example_dags/example_params_ui_tutorial.py
[2025-02-01T00:00:03.174+0000] {processor.py:914} INFO - Processing file /home/airflow/.local/lib/python3.12/site-packages/airflow/example_dags/example_params_ui_tutorial.py for tasks to queue
[2025-02-01T00:00:03.175+0000] {logging_mixin.py:190} INFO - [2025-02-01T00:00:03.175+0000] {dagbag.py:587} INFO - Filling up the DagBag from /home/airflow/.local/lib/python3.12/site-packages/airflow/example_dags/example_params_ui_tutorial.py
[2025-02-01T00:00:03.183+0000] {processor.py:925} INFO - DAG(s) 'example_params_ui_tutorial' retrieved from /home/airflow/.local/lib/python3.12/site-packages/airflow/example_dags/example_params_ui_tutorial.py
[2025-02-01T00:00:03.294+0000] {logging_mixin.py:190} INFO - [2025-02-01T00:00:03.294+0000] {dag.py:3211} INFO - Sync 1 DAGs
[2025-02-01T00:00:03.305+0000] {logging_mixin.py:190} INFO - [2025-02-01T00:00:03.305+0000] {dag.py:4138} INFO - Setting next_dagrun for example_params_ui_tutorial to None, run_after=None
[2025-02-01T00:00:03.326+0000] {processor.py:208} INFO - Processing /home/airflow/.local/lib/python3.12/site-packages/airflow/example_dags/example_params_ui_tutorial.py took 0.158 seconds
[2025-02-01T00:00:33.788+0000] {processor.py:186} INFO - Started process (PID=25126) to work on /home/airflow/.local/lib/python3.12/site-packages/airflow/example_dags/example_params_ui_tutorial.py
[2025-02-01T00:00:33.789+0000] {processor.py:914} INFO - Processing file /home/airflow/.local/lib/python3.12/site-packages/airflow/example_dags/example_params_ui_tutorial.py for tasks to queue
[2025-02-01T00:00:33.790+0000] {logging_mixin.py:190} INFO - [2025-02-01T00:00:33.790+0000] {dagbag.py:587} INFO - Filling up the DagBag from /home/airflow/.local/lib/python3.12/site-packages/airflow/example_dags/example_params_ui_tutorial.py
[2025-02-01T00:00:33.798+0000] {processor.py:925} INFO - DAG(s) 'example_params_ui_tutorial' retrieved from /home/airflow/.local/lib/python3.12/site-packages/airflow/example_dags/example_params_ui_tutorial.py
[2025-02-01T00:00:33.840+0000] {logging_mixin.py:190} INFO - [2025-02-01T00:00:33.840+0000] {dag.py:3211} INFO - Sync 1 DAGs
[2025-02-01T00:00:33.854+0000] {logging_mixin.py:190} INFO - [2025-02-01T00:00:33.853+0000] {dag.py:4138} INFO - Setting next_dagrun for example_params_ui_tutorial to None, run_after=None
[2025-02-01T00:00:33.875+0000] {processor.py:208} INFO - Processing /home/airflow/.local/lib/python3.12/site-packages/airflow/example_dags/example_params_ui_tutorial.py took 0.092 seconds
[2025-02-01T00:01:03.987+0000] {processor.py:186} INFO - Started process (PID=25189) to work on /home/airflow/.local/lib/python3.12/site-packages/airflow/example_dags/example_params_ui_tutorial.py
[2025-02-01T00:01:03.988+0000] {processor.py:914} INFO - Processing file /home/airflow/.local/lib/python3.12/site-packages/airflow/example_dags/example_params_ui_tutorial.py for tasks to queue
[2025-02-01T00:01:03.989+0000] {logging_mixin.py:190} INFO - [2025-02-01T00:01:03.989+0000] {dagbag.py:587} INFO - Filling up the DagBag from /home/airflow/.local/lib/python3.12/site-packages/airflow/example_dags/example_params_ui_tutorial.py
[2025-02-01T00:01:03.997+0000] {processor.py:925} INFO - DAG(s) 'example_params_ui_tutorial' retrieved from /home/airflow/.local/lib/python3.12/site-packages/airflow/example_dags/example_params_ui_tutorial.py
[2025-02-01T00:01:04.039+0000] {logging_mixin.py:190} INFO - [2025-02-01T00:01:04.039+0000] {dag.py:3211} INFO - Sync 1 DAGs
[2025-02-01T00:01:04.054+0000] {logging_mixin.py:190} INFO - [2025-02-01T00:01:04.054+0000] {dag.py:4138} INFO - Setting next_dagrun for example_params_ui_tutorial to None, run_after=None
[2025-02-01T00:01:04.075+0000] {processor.py:208} INFO - Processing /home/airflow/.local/lib/python3.12/site-packages/airflow/example_dags/example_params_ui_tutorial.py took 0.093 seconds
[2025-02-01T00:01:34.171+0000] {processor.py:186} INFO - Started process (PID=25252) to work on /home/airflow/.local/lib/python3.12/site-packages/airflow/example_dags/example_params_ui_tutorial.py
[2025-02-01T00:01:34.172+0000] {processor.py:914} INFO - Processing file /home/airflow/.local/lib/python3.12/site-packages/airflow/example_dags/example_params_ui_tutorial.py for tasks to queue
[2025-02-01T00:01:34.173+0000] {logging_mixin.py:190} INFO - [2025-02-01T00:01:34.173+0000] {dagbag.py:587} INFO - Filling up the DagBag from /home/airflow/.local/lib/python3.12/site-packages/airflow/example_dags/example_params_ui_tutorial.py
[2025-02-01T00:01:34.181+0000] {processor.py:925} INFO - DAG(s) 'example_params_ui_tutorial' retrieved from /home/airflow/.local/lib/python3.12/site-packages/airflow/example_dags/example_params_ui_tutorial.py
[2025-02-01T00:01:34.219+0000] {logging_mixin.py:190} INFO - [2025-02-01T00:01:34.218+0000] {dag.py:3211} INFO - Sync 1 DAGs
[2025-02-01T00:01:34.232+0000] {logging_mixin.py:190} INFO - [2025-02-01T00:01:34.231+0000] {dag.py:4138} INFO - Setting next_dagrun for example_params_ui_tutorial to None, run_after=None
[2025-02-01T00:01:34.250+0000] {processor.py:208} INFO - Processing /home/airflow/.local/lib/python3.12/site-packages/airflow/example_dags/example_params_ui_tutorial.py took 0.084 seconds
[2025-02-01T00:02:04.422+0000] {processor.py:186} INFO - Started process (PID=25315) to work on /home/airflow/.local/lib/python3.12/site-packages/airflow/example_dags/example_params_ui_tutorial.py
[2025-02-01T00:02:04.423+0000] {processor.py:914} INFO - Processing file /home/airflow/.local/lib/python3.12/site-packages/airflow/example_dags/example_params_ui_tutorial.py for tasks to queue
[2025-02-01T00:02:04.424+0000] {logging_mixin.py:190} INFO - [2025-02-01T00:02:04.423+0000] {dagbag.py:587} INFO - Filling up the DagBag from /home/airflow/.local/lib/python3.12/site-packages/airflow/example_dags/example_params_ui_tutorial.py
[2025-02-01T00:02:04.431+0000] {processor.py:925} INFO - DAG(s) 'example_params_ui_tutorial' retrieved from /home/airflow/.local/lib/python3.12/site-packages/airflow/example_dags/example_params_ui_tutorial.py
[2025-02-01T00:02:04.469+0000] {logging_mixin.py:190} INFO - [2025-02-01T00:02:04.469+0000] {dag.py:3211} INFO - Sync 1 DAGs
[2025-02-01T00:02:04.481+0000] {logging_mixin.py:190} INFO - [2025-02-01T00:02:04.481+0000] {dag.py:4138} INFO - Setting next_dagrun for example_params_ui_tutorial to None, run_after=None
[2025-02-01T00:02:04.499+0000] {processor.py:208} INFO - Processing /home/airflow/.local/lib/python3.12/site-packages/airflow/example_dags/example_params_ui_tutorial.py took 0.082 seconds
[2025-02-01T00:02:34.589+0000] {processor.py:186} INFO - Started process (PID=25378) to work on /home/airflow/.local/lib/python3.12/site-packages/airflow/example_dags/example_params_ui_tutorial.py
[2025-02-01T00:02:34.590+0000] {processor.py:914} INFO - Processing file /home/airflow/.local/lib/python3.12/site-packages/airflow/example_dags/example_params_ui_tutorial.py for tasks to queue
[2025-02-01T00:02:34.591+0000] {logging_mixin.py:190} INFO - [2025-02-01T00:02:34.591+0000] {dagbag.py:587} INFO - Filling up the DagBag from /home/airflow/.local/lib/python3.12/site-packages/airflow/example_dags/example_params_ui_tutorial.py
[2025-02-01T00:02:34.600+0000] {processor.py:925} INFO - DAG(s) 'example_params_ui_tutorial' retrieved from /home/airflow/.local/lib/python3.12/site-packages/airflow/example_dags/example_params_ui_tutorial.py
[2025-02-01T00:02:34.639+0000] {logging_mixin.py:190} INFO - [2025-02-01T00:02:34.639+0000] {dag.py:3211} INFO - Sync 1 DAGs
[2025-02-01T00:02:34.652+0000] {logging_mixin.py:190} INFO - [2025-02-01T00:02:34.652+0000] {dag.py:4138} INFO - Setting next_dagrun for example_params_ui_tutorial to None, run_after=None
[2025-02-01T00:02:34.671+0000] {processor.py:208} INFO - Processing /home/airflow/.local/lib/python3.12/site-packages/airflow/example_dags/example_params_ui_tutorial.py took 0.087 seconds
[2025-02-01T00:03:04.793+0000] {processor.py:186} INFO - Started process (PID=25441) to work on /home/airflow/.local/lib/python3.12/site-packages/airflow/example_dags/example_params_ui_tutorial.py
[2025-02-01T00:03:04.794+0000] {processor.py:914} INFO - Processing file /home/airflow/.local/lib/python3.12/site-packages/airflow/example_dags/example_params_ui_tutorial.py for tasks to queue
[2025-02-01T00:03:04.795+0000] {logging_mixin.py:190} INFO - [2025-02-01T00:03:04.795+0000] {dagbag.py:587} INFO - Filling up the DagBag from /home/airflow/.local/lib/python3.12/site-packages/airflow/example_dags/example_params_ui_tutorial.py
[2025-02-01T00:03:04.803+0000] {processor.py:925} INFO - DAG(s) 'example_params_ui_tutorial' retrieved from /home/airflow/.local/lib/python3.12/site-packages/airflow/example_dags/example_params_ui_tutorial.py
[2025-02-01T00:03:04.841+0000] {logging_mixin.py:190} INFO - [2025-02-01T00:03:04.841+0000] {dag.py:3211} INFO - Sync 1 DAGs
[2025-02-01T00:03:04.854+0000] {logging_mixin.py:190} INFO - [2025-02-01T00:03:04.854+0000] {dag.py:4138} INFO - Setting next_dagrun for example_params_ui_tutorial to None, run_after=None
[2025-02-01T00:03:04.872+0000] {processor.py:208} INFO - Processing /home/airflow/.local/lib/python3.12/site-packages/airflow/example_dags/example_params_ui_tutorial.py took 0.084 seconds
[2025-02-01T00:03:35.068+0000] {processor.py:186} INFO - Started process (PID=25504) to work on /home/airflow/.local/lib/python3.12/site-packages/airflow/example_dags/example_params_ui_tutorial.py
[2025-02-01T00:03:35.069+0000] {processor.py:914} INFO - Processing file /home/airflow/.local/lib/python3.12/site-packages/airflow/example_dags/example_params_ui_tutorial.py for tasks to queue
[2025-02-01T00:03:35.070+0000] {logging_mixin.py:190} INFO - [2025-02-01T00:03:35.070+0000] {dagbag.py:587} INFO - Filling up the DagBag from /home/airflow/.local/lib/python3.12/site-packages/airflow/example_dags/example_params_ui_tutorial.py
[2025-02-01T00:03:35.077+0000] {processor.py:925} INFO - DAG(s) 'example_params_ui_tutorial' retrieved from /home/airflow/.local/lib/python3.12/site-packages/airflow/example_dags/example_params_ui_tutorial.py
[2025-02-01T00:03:35.117+0000] {logging_mixin.py:190} INFO - [2025-02-01T00:03:35.117+0000] {dag.py:3211} INFO - Sync 1 DAGs
[2025-02-01T00:03:35.130+0000] {logging_mixin.py:190} INFO - [2025-02-01T00:03:35.130+0000] {dag.py:4138} INFO - Setting next_dagrun for example_params_ui_tutorial to None, run_after=None
[2025-02-01T00:03:35.148+0000] {processor.py:208} INFO - Processing /home/airflow/.local/lib/python3.12/site-packages/airflow/example_dags/example_params_ui_tutorial.py took 0.084 seconds
[2025-02-01T00:04:05.390+0000] {processor.py:186} INFO - Started process (PID=25567) to work on /home/airflow/.local/lib/python3.12/site-packages/airflow/example_dags/example_params_ui_tutorial.py
[2025-02-01T00:04:05.391+0000] {processor.py:914} INFO - Processing file /home/airflow/.local/lib/python3.12/site-packages/airflow/example_dags/example_params_ui_tutorial.py for tasks to queue
[2025-02-01T00:04:05.392+0000] {logging_mixin.py:190} INFO - [2025-02-01T00:04:05.392+0000] {dagbag.py:587} INFO - Filling up the DagBag from /home/airflow/.local/lib/python3.12/site-packages/airflow/example_dags/example_params_ui_tutorial.py
[2025-02-01T00:04:05.400+0000] {processor.py:925} INFO - DAG(s) 'example_params_ui_tutorial' retrieved from /home/airflow/.local/lib/python3.12/site-packages/airflow/example_dags/example_params_ui_tutorial.py
[2025-02-01T00:04:05.442+0000] {logging_mixin.py:190} INFO - [2025-02-01T00:04:05.441+0000] {dag.py:3211} INFO - Sync 1 DAGs
[2025-02-01T00:04:05.455+0000] {logging_mixin.py:190} INFO - [2025-02-01T00:04:05.455+0000] {dag.py:4138} INFO - Setting next_dagrun for example_params_ui_tutorial to None, run_after=None
[2025-02-01T00:04:05.474+0000] {processor.py:208} INFO - Processing /home/airflow/.local/lib/python3.12/site-packages/airflow/example_dags/example_params_ui_tutorial.py took 0.089 seconds
[2025-02-01T00:04:35.637+0000] {processor.py:186} INFO - Started process (PID=25630) to work on /home/airflow/.local/lib/python3.12/site-packages/airflow/example_dags/example_params_ui_tutorial.py
[2025-02-01T00:04:35.638+0000] {processor.py:914} INFO - Processing file /home/airflow/.local/lib/python3.12/site-packages/airflow/example_dags/example_params_ui_tutorial.py for tasks to queue
[2025-02-01T00:04:35.639+0000] {logging_mixin.py:190} INFO - [2025-02-01T00:04:35.638+0000] {dagbag.py:587} INFO - Filling up the DagBag from /home/airflow/.local/lib/python3.12/site-packages/airflow/example_dags/example_params_ui_tutorial.py
[2025-02-01T00:04:35.646+0000] {processor.py:925} INFO - DAG(s) 'example_params_ui_tutorial' retrieved from /home/airflow/.local/lib/python3.12/site-packages/airflow/example_dags/example_params_ui_tutorial.py
[2025-02-01T00:04:35.682+0000] {logging_mixin.py:190} INFO - [2025-02-01T00:04:35.681+0000] {dag.py:3211} INFO - Sync 1 DAGs
[2025-02-01T00:04:35.694+0000] {logging_mixin.py:190} INFO - [2025-02-01T00:04:35.694+0000] {dag.py:4138} INFO - Setting next_dagrun for example_params_ui_tutorial to None, run_after=None
[2025-02-01T00:04:35.710+0000] {processor.py:208} INFO - Processing /home/airflow/.local/lib/python3.12/site-packages/airflow/example_dags/example_params_ui_tutorial.py took 0.078 seconds
[2025-02-01T00:05:05.837+0000] {processor.py:186} INFO - Started process (PID=25693) to work on /home/airflow/.local/lib/python3.12/site-packages/airflow/example_dags/example_params_ui_tutorial.py
[2025-02-01T00:05:05.838+0000] {processor.py:914} INFO - Processing file /home/airflow/.local/lib/python3.12/site-packages/airflow/example_dags/example_params_ui_tutorial.py for tasks to queue
[2025-02-01T00:05:05.839+0000] {logging_mixin.py:190} INFO - [2025-02-01T00:05:05.839+0000] {dagbag.py:587} INFO - Filling up the DagBag from /home/airflow/.local/lib/python3.12/site-packages/airflow/example_dags/example_params_ui_tutorial.py
[2025-02-01T00:05:05.847+0000] {processor.py:925} INFO - DAG(s) 'example_params_ui_tutorial' retrieved from /home/airflow/.local/lib/python3.12/site-packages/airflow/example_dags/example_params_ui_tutorial.py
[2025-02-01T00:05:05.884+0000] {logging_mixin.py:190} INFO - [2025-02-01T00:05:05.884+0000] {dag.py:3211} INFO - Sync 1 DAGs
[2025-02-01T00:05:05.898+0000] {logging_mixin.py:190} INFO - [2025-02-01T00:05:05.897+0000] {dag.py:4138} INFO - Setting next_dagrun for example_params_ui_tutorial to None, run_after=None
[2025-02-01T00:05:05.916+0000] {processor.py:208} INFO - Processing /home/airflow/.local/lib/python3.12/site-packages/airflow/example_dags/example_params_ui_tutorial.py took 0.084 seconds
[2025-02-01T00:05:36.117+0000] {processor.py:186} INFO - Started process (PID=25756) to work on /home/airflow/.local/lib/python3.12/site-packages/airflow/example_dags/example_params_ui_tutorial.py
[2025-02-01T00:05:36.118+0000] {processor.py:914} INFO - Processing file /home/airflow/.local/lib/python3.12/site-packages/airflow/example_dags/example_params_ui_tutorial.py for tasks to queue
[2025-02-01T00:05:36.119+0000] {logging_mixin.py:190} INFO - [2025-02-01T00:05:36.119+0000] {dagbag.py:587} INFO - Filling up the DagBag from /home/airflow/.local/lib/python3.12/site-packages/airflow/example_dags/example_params_ui_tutorial.py
[2025-02-01T00:05:36.126+0000] {processor.py:925} INFO - DAG(s) 'example_params_ui_tutorial' retrieved from /home/airflow/.local/lib/python3.12/site-packages/airflow/example_dags/example_params_ui_tutorial.py
[2025-02-01T00:05:36.166+0000] {logging_mixin.py:190} INFO - [2025-02-01T00:05:36.166+0000] {dag.py:3211} INFO - Sync 1 DAGs
[2025-02-01T00:05:36.179+0000] {logging_mixin.py:190} INFO - [2025-02-01T00:05:36.179+0000] {dag.py:4138} INFO - Setting next_dagrun for example_params_ui_tutorial to None, run_after=None
[2025-02-01T00:05:36.198+0000] {processor.py:208} INFO - Processing /home/airflow/.local/lib/python3.12/site-packages/airflow/example_dags/example_params_ui_tutorial.py took 0.087 seconds
[2025-02-01T00:06:06.310+0000] {processor.py:186} INFO - Started process (PID=25819) to work on /home/airflow/.local/lib/python3.12/site-packages/airflow/example_dags/example_params_ui_tutorial.py
[2025-02-01T00:06:06.311+0000] {processor.py:914} INFO - Processing file /home/airflow/.local/lib/python3.12/site-packages/airflow/example_dags/example_params_ui_tutorial.py for tasks to queue
[2025-02-01T00:06:06.312+0000] {logging_mixin.py:190} INFO - [2025-02-01T00:06:06.312+0000] {dagbag.py:587} INFO - Filling up the DagBag from /home/airflow/.local/lib/python3.12/site-packages/airflow/example_dags/example_params_ui_tutorial.py
[2025-02-01T00:06:06.321+0000] {processor.py:925} INFO - DAG(s) 'example_params_ui_tutorial' retrieved from /home/airflow/.local/lib/python3.12/site-packages/airflow/example_dags/example_params_ui_tutorial.py
[2025-02-01T00:06:06.361+0000] {logging_mixin.py:190} INFO - [2025-02-01T00:06:06.361+0000] {dag.py:3211} INFO - Sync 1 DAGs
[2025-02-01T00:06:06.374+0000] {logging_mixin.py:190} INFO - [2025-02-01T00:06:06.374+0000] {dag.py:4138} INFO - Setting next_dagrun for example_params_ui_tutorial to None, run_after=None
[2025-02-01T00:06:06.393+0000] {processor.py:208} INFO - Processing /home/airflow/.local/lib/python3.12/site-packages/airflow/example_dags/example_params_ui_tutorial.py took 0.089 seconds
[2025-02-01T00:06:36.482+0000] {processor.py:186} INFO - Started process (PID=25882) to work on /home/airflow/.local/lib/python3.12/site-packages/airflow/example_dags/example_params_ui_tutorial.py
[2025-02-01T00:06:36.483+0000] {processor.py:914} INFO - Processing file /home/airflow/.local/lib/python3.12/site-packages/airflow/example_dags/example_params_ui_tutorial.py for tasks to queue
[2025-02-01T00:06:36.484+0000] {logging_mixin.py:190} INFO - [2025-02-01T00:06:36.484+0000] {dagbag.py:587} INFO - Filling up the DagBag from /home/airflow/.local/lib/python3.12/site-packages/airflow/example_dags/example_params_ui_tutorial.py
[2025-02-01T00:06:36.491+0000] {processor.py:925} INFO - DAG(s) 'example_params_ui_tutorial' retrieved from /home/airflow/.local/lib/python3.12/site-packages/airflow/example_dags/example_params_ui_tutorial.py
[2025-02-01T00:06:36.531+0000] {logging_mixin.py:190} INFO - [2025-02-01T00:06:36.530+0000] {dag.py:3211} INFO - Sync 1 DAGs
[2025-02-01T00:06:36.544+0000] {logging_mixin.py:190} INFO - [2025-02-01T00:06:36.543+0000] {dag.py:4138} INFO - Setting next_dagrun for example_params_ui_tutorial to None, run_after=None
[2025-02-01T00:06:36.563+0000] {processor.py:208} INFO - Processing /home/airflow/.local/lib/python3.12/site-packages/airflow/example_dags/example_params_ui_tutorial.py took 0.085 seconds
[2025-02-01T00:07:06.784+0000] {processor.py:186} INFO - Started process (PID=25945) to work on /home/airflow/.local/lib/python3.12/site-packages/airflow/example_dags/example_params_ui_tutorial.py
[2025-02-01T00:07:06.785+0000] {processor.py:914} INFO - Processing file /home/airflow/.local/lib/python3.12/site-packages/airflow/example_dags/example_params_ui_tutorial.py for tasks to queue
[2025-02-01T00:07:06.786+0000] {logging_mixin.py:190} INFO - [2025-02-01T00:07:06.786+0000] {dagbag.py:587} INFO - Filling up the DagBag from /home/airflow/.local/lib/python3.12/site-packages/airflow/example_dags/example_params_ui_tutorial.py
[2025-02-01T00:07:06.794+0000] {processor.py:925} INFO - DAG(s) 'example_params_ui_tutorial' retrieved from /home/airflow/.local/lib/python3.12/site-packages/airflow/example_dags/example_params_ui_tutorial.py
[2025-02-01T00:07:06.830+0000] {logging_mixin.py:190} INFO - [2025-02-01T00:07:06.830+0000] {dag.py:3211} INFO - Sync 1 DAGs
[2025-02-01T00:07:06.843+0000] {logging_mixin.py:190} INFO - [2025-02-01T00:07:06.843+0000] {dag.py:4138} INFO - Setting next_dagrun for example_params_ui_tutorial to None, run_after=None
[2025-02-01T00:07:06.861+0000] {processor.py:208} INFO - Processing /home/airflow/.local/lib/python3.12/site-packages/airflow/example_dags/example_params_ui_tutorial.py took 0.081 seconds
[2025-02-01T00:07:37.201+0000] {processor.py:186} INFO - Started process (PID=26008) to work on /home/airflow/.local/lib/python3.12/site-packages/airflow/example_dags/example_params_ui_tutorial.py
[2025-02-01T00:07:37.202+0000] {processor.py:914} INFO - Processing file /home/airflow/.local/lib/python3.12/site-packages/airflow/example_dags/example_params_ui_tutorial.py for tasks to queue
[2025-02-01T00:07:37.203+0000] {logging_mixin.py:190} INFO - [2025-02-01T00:07:37.202+0000] {dagbag.py:587} INFO - Filling up the DagBag from /home/airflow/.local/lib/python3.12/site-packages/airflow/example_dags/example_params_ui_tutorial.py
[2025-02-01T00:07:37.211+0000] {processor.py:925} INFO - DAG(s) 'example_params_ui_tutorial' retrieved from /home/airflow/.local/lib/python3.12/site-packages/airflow/example_dags/example_params_ui_tutorial.py
[2025-02-01T00:07:37.249+0000] {logging_mixin.py:190} INFO - [2025-02-01T00:07:37.249+0000] {dag.py:3211} INFO - Sync 1 DAGs
[2025-02-01T00:07:37.261+0000] {logging_mixin.py:190} INFO - [2025-02-01T00:07:37.261+0000] {dag.py:4138} INFO - Setting next_dagrun for example_params_ui_tutorial to None, run_after=None
[2025-02-01T00:07:37.279+0000] {processor.py:208} INFO - Processing /home/airflow/.local/lib/python3.12/site-packages/airflow/example_dags/example_params_ui_tutorial.py took 0.083 seconds
[2025-02-01T00:08:07.503+0000] {processor.py:186} INFO - Started process (PID=26071) to work on /home/airflow/.local/lib/python3.12/site-packages/airflow/example_dags/example_params_ui_tutorial.py
[2025-02-01T00:08:07.504+0000] {processor.py:914} INFO - Processing file /home/airflow/.local/lib/python3.12/site-packages/airflow/example_dags/example_params_ui_tutorial.py for tasks to queue
[2025-02-01T00:08:07.505+0000] {logging_mixin.py:190} INFO - [2025-02-01T00:08:07.505+0000] {dagbag.py:587} INFO - Filling up the DagBag from /home/airflow/.local/lib/python3.12/site-packages/airflow/example_dags/example_params_ui_tutorial.py
[2025-02-01T00:08:07.513+0000] {processor.py:925} INFO - DAG(s) 'example_params_ui_tutorial' retrieved from /home/airflow/.local/lib/python3.12/site-packages/airflow/example_dags/example_params_ui_tutorial.py
[2025-02-01T00:08:07.552+0000] {logging_mixin.py:190} INFO - [2025-02-01T00:08:07.552+0000] {dag.py:3211} INFO - Sync 1 DAGs
[2025-02-01T00:08:07.565+0000] {logging_mixin.py:190} INFO - [2025-02-01T00:08:07.565+0000] {dag.py:4138} INFO - Setting next_dagrun for example_params_ui_tutorial to None, run_after=None
[2025-02-01T00:08:07.583+0000] {processor.py:208} INFO - Processing /home/airflow/.local/lib/python3.12/site-packages/airflow/example_dags/example_params_ui_tutorial.py took 0.085 seconds
[2025-02-01T00:08:37.901+0000] {processor.py:186} INFO - Started process (PID=26134) to work on /home/airflow/.local/lib/python3.12/site-packages/airflow/example_dags/example_params_ui_tutorial.py
[2025-02-01T00:08:37.902+0000] {processor.py:914} INFO - Processing file /home/airflow/.local/lib/python3.12/site-packages/airflow/example_dags/example_params_ui_tutorial.py for tasks to queue
[2025-02-01T00:08:37.903+0000] {logging_mixin.py:190} INFO - [2025-02-01T00:08:37.903+0000] {dagbag.py:587} INFO - Filling up the DagBag from /home/airflow/.local/lib/python3.12/site-packages/airflow/example_dags/example_params_ui_tutorial.py
[2025-02-01T00:08:37.911+0000] {processor.py:925} INFO - DAG(s) 'example_params_ui_tutorial' retrieved from /home/airflow/.local/lib/python3.12/site-packages/airflow/example_dags/example_params_ui_tutorial.py
[2025-02-01T00:08:37.949+0000] {logging_mixin.py:190} INFO - [2025-02-01T00:08:37.949+0000] {dag.py:3211} INFO - Sync 1 DAGs
[2025-02-01T00:08:37.963+0000] {logging_mixin.py:190} INFO - [2025-02-01T00:08:37.963+0000] {dag.py:4138} INFO - Setting next_dagrun for example_params_ui_tutorial to None, run_after=None
[2025-02-01T00:08:37.982+0000] {processor.py:208} INFO - Processing /home/airflow/.local/lib/python3.12/site-packages/airflow/example_dags/example_params_ui_tutorial.py took 0.086 seconds
[2025-02-01T00:09:08.088+0000] {processor.py:186} INFO - Started process (PID=26197) to work on /home/airflow/.local/lib/python3.12/site-packages/airflow/example_dags/example_params_ui_tutorial.py
[2025-02-01T00:09:08.089+0000] {processor.py:914} INFO - Processing file /home/airflow/.local/lib/python3.12/site-packages/airflow/example_dags/example_params_ui_tutorial.py for tasks to queue
[2025-02-01T00:09:08.090+0000] {logging_mixin.py:190} INFO - [2025-02-01T00:09:08.089+0000] {dagbag.py:587} INFO - Filling up the DagBag from /home/airflow/.local/lib/python3.12/site-packages/airflow/example_dags/example_params_ui_tutorial.py
[2025-02-01T00:09:08.097+0000] {processor.py:925} INFO - DAG(s) 'example_params_ui_tutorial' retrieved from /home/airflow/.local/lib/python3.12/site-packages/airflow/example_dags/example_params_ui_tutorial.py
[2025-02-01T00:09:08.134+0000] {logging_mixin.py:190} INFO - [2025-02-01T00:09:08.134+0000] {dag.py:3211} INFO - Sync 1 DAGs
[2025-02-01T00:09:08.147+0000] {logging_mixin.py:190} INFO - [2025-02-01T00:09:08.147+0000] {dag.py:4138} INFO - Setting next_dagrun for example_params_ui_tutorial to None, run_after=None
[2025-02-01T00:09:08.166+0000] {processor.py:208} INFO - Processing /home/airflow/.local/lib/python3.12/site-packages/airflow/example_dags/example_params_ui_tutorial.py took 0.083 seconds
[2025-02-01T00:09:38.243+0000] {processor.py:186} INFO - Started process (PID=26260) to work on /home/airflow/.local/lib/python3.12/site-packages/airflow/example_dags/example_params_ui_tutorial.py
[2025-02-01T00:09:38.244+0000] {processor.py:914} INFO - Processing file /home/airflow/.local/lib/python3.12/site-packages/airflow/example_dags/example_params_ui_tutorial.py for tasks to queue
[2025-02-01T00:09:38.246+0000] {logging_mixin.py:190} INFO - [2025-02-01T00:09:38.245+0000] {dagbag.py:587} INFO - Filling up the DagBag from /home/airflow/.local/lib/python3.12/site-packages/airflow/example_dags/example_params_ui_tutorial.py
[2025-02-01T00:09:38.253+0000] {processor.py:925} INFO - DAG(s) 'example_params_ui_tutorial' retrieved from /home/airflow/.local/lib/python3.12/site-packages/airflow/example_dags/example_params_ui_tutorial.py
[2025-02-01T00:09:38.290+0000] {logging_mixin.py:190} INFO - [2025-02-01T00:09:38.289+0000] {dag.py:3211} INFO - Sync 1 DAGs
[2025-02-01T00:09:38.302+0000] {logging_mixin.py:190} INFO - [2025-02-01T00:09:38.302+0000] {dag.py:4138} INFO - Setting next_dagrun for example_params_ui_tutorial to None, run_after=None
[2025-02-01T00:09:38.321+0000] {processor.py:208} INFO - Processing /home/airflow/.local/lib/python3.12/site-packages/airflow/example_dags/example_params_ui_tutorial.py took 0.082 seconds
[2025-02-01T00:10:08.604+0000] {processor.py:186} INFO - Started process (PID=26323) to work on /home/airflow/.local/lib/python3.12/site-packages/airflow/example_dags/example_params_ui_tutorial.py
[2025-02-01T00:10:08.605+0000] {processor.py:914} INFO - Processing file /home/airflow/.local/lib/python3.12/site-packages/airflow/example_dags/example_params_ui_tutorial.py for tasks to queue
[2025-02-01T00:10:08.606+0000] {logging_mixin.py:190} INFO - [2025-02-01T00:10:08.606+0000] {dagbag.py:587} INFO - Filling up the DagBag from /home/airflow/.local/lib/python3.12/site-packages/airflow/example_dags/example_params_ui_tutorial.py
[2025-02-01T00:10:08.614+0000] {processor.py:925} INFO - DAG(s) 'example_params_ui_tutorial' retrieved from /home/airflow/.local/lib/python3.12/site-packages/airflow/example_dags/example_params_ui_tutorial.py
[2025-02-01T00:10:08.654+0000] {logging_mixin.py:190} INFO - [2025-02-01T00:10:08.653+0000] {dag.py:3211} INFO - Sync 1 DAGs
[2025-02-01T00:10:08.667+0000] {logging_mixin.py:190} INFO - [2025-02-01T00:10:08.667+0000] {dag.py:4138} INFO - Setting next_dagrun for example_params_ui_tutorial to None, run_after=None
[2025-02-01T00:10:08.686+0000] {processor.py:208} INFO - Processing /home/airflow/.local/lib/python3.12/site-packages/airflow/example_dags/example_params_ui_tutorial.py took 0.086 seconds
[2025-02-01T00:10:39.195+0000] {processor.py:186} INFO - Started process (PID=26386) to work on /home/airflow/.local/lib/python3.12/site-packages/airflow/example_dags/example_params_ui_tutorial.py
[2025-02-01T00:10:39.196+0000] {processor.py:914} INFO - Processing file /home/airflow/.local/lib/python3.12/site-packages/airflow/example_dags/example_params_ui_tutorial.py for tasks to queue
[2025-02-01T00:10:39.197+0000] {logging_mixin.py:190} INFO - [2025-02-01T00:10:39.197+0000] {dagbag.py:587} INFO - Filling up the DagBag from /home/airflow/.local/lib/python3.12/site-packages/airflow/example_dags/example_params_ui_tutorial.py
[2025-02-01T00:10:39.204+0000] {processor.py:925} INFO - DAG(s) 'example_params_ui_tutorial' retrieved from /home/airflow/.local/lib/python3.12/site-packages/airflow/example_dags/example_params_ui_tutorial.py
[2025-02-01T00:10:39.241+0000] {logging_mixin.py:190} INFO - [2025-02-01T00:10:39.241+0000] {dag.py:3211} INFO - Sync 1 DAGs
[2025-02-01T00:10:39.254+0000] {logging_mixin.py:190} INFO - [2025-02-01T00:10:39.253+0000] {dag.py:4138} INFO - Setting next_dagrun for example_params_ui_tutorial to None, run_after=None
[2025-02-01T00:10:39.274+0000] {processor.py:208} INFO - Processing /home/airflow/.local/lib/python3.12/site-packages/airflow/example_dags/example_params_ui_tutorial.py took 0.083 seconds
[2025-02-01T00:11:09.352+0000] {processor.py:186} INFO - Started process (PID=26449) to work on /home/airflow/.local/lib/python3.12/site-packages/airflow/example_dags/example_params_ui_tutorial.py
[2025-02-01T00:11:09.353+0000] {processor.py:914} INFO - Processing file /home/airflow/.local/lib/python3.12/site-packages/airflow/example_dags/example_params_ui_tutorial.py for tasks to queue
[2025-02-01T00:11:09.355+0000] {logging_mixin.py:190} INFO - [2025-02-01T00:11:09.354+0000] {dagbag.py:587} INFO - Filling up the DagBag from /home/airflow/.local/lib/python3.12/site-packages/airflow/example_dags/example_params_ui_tutorial.py
[2025-02-01T00:11:09.362+0000] {processor.py:925} INFO - DAG(s) 'example_params_ui_tutorial' retrieved from /home/airflow/.local/lib/python3.12/site-packages/airflow/example_dags/example_params_ui_tutorial.py
[2025-02-01T00:11:09.400+0000] {logging_mixin.py:190} INFO - [2025-02-01T00:11:09.399+0000] {dag.py:3211} INFO - Sync 1 DAGs
[2025-02-01T00:11:09.413+0000] {logging_mixin.py:190} INFO - [2025-02-01T00:11:09.413+0000] {dag.py:4138} INFO - Setting next_dagrun for example_params_ui_tutorial to None, run_after=None
[2025-02-01T00:11:09.438+0000] {processor.py:208} INFO - Processing /home/airflow/.local/lib/python3.12/site-packages/airflow/example_dags/example_params_ui_tutorial.py took 0.090 seconds
[2025-02-01T00:11:39.635+0000] {processor.py:186} INFO - Started process (PID=26512) to work on /home/airflow/.local/lib/python3.12/site-packages/airflow/example_dags/example_params_ui_tutorial.py
[2025-02-01T00:11:39.636+0000] {processor.py:914} INFO - Processing file /home/airflow/.local/lib/python3.12/site-packages/airflow/example_dags/example_params_ui_tutorial.py for tasks to queue
[2025-02-01T00:11:39.637+0000] {logging_mixin.py:190} INFO - [2025-02-01T00:11:39.637+0000] {dagbag.py:587} INFO - Filling up the DagBag from /home/airflow/.local/lib/python3.12/site-packages/airflow/example_dags/example_params_ui_tutorial.py
[2025-02-01T00:11:39.644+0000] {processor.py:925} INFO - DAG(s) 'example_params_ui_tutorial' retrieved from /home/airflow/.local/lib/python3.12/site-packages/airflow/example_dags/example_params_ui_tutorial.py
[2025-02-01T00:11:39.683+0000] {logging_mixin.py:190} INFO - [2025-02-01T00:11:39.683+0000] {dag.py:3211} INFO - Sync 1 DAGs
[2025-02-01T00:11:39.697+0000] {logging_mixin.py:190} INFO - [2025-02-01T00:11:39.697+0000] {dag.py:4138} INFO - Setting next_dagrun for example_params_ui_tutorial to None, run_after=None
[2025-02-01T00:11:39.716+0000] {processor.py:208} INFO - Processing /home/airflow/.local/lib/python3.12/site-packages/airflow/example_dags/example_params_ui_tutorial.py took 0.085 seconds
[2025-02-01T00:12:09.923+0000] {processor.py:186} INFO - Started process (PID=26575) to work on /home/airflow/.local/lib/python3.12/site-packages/airflow/example_dags/example_params_ui_tutorial.py
[2025-02-01T00:12:09.924+0000] {processor.py:914} INFO - Processing file /home/airflow/.local/lib/python3.12/site-packages/airflow/example_dags/example_params_ui_tutorial.py for tasks to queue
[2025-02-01T00:12:09.925+0000] {logging_mixin.py:190} INFO - [2025-02-01T00:12:09.925+0000] {dagbag.py:587} INFO - Filling up the DagBag from /home/airflow/.local/lib/python3.12/site-packages/airflow/example_dags/example_params_ui_tutorial.py
[2025-02-01T00:12:09.932+0000] {processor.py:925} INFO - DAG(s) 'example_params_ui_tutorial' retrieved from /home/airflow/.local/lib/python3.12/site-packages/airflow/example_dags/example_params_ui_tutorial.py
[2025-02-01T00:12:09.971+0000] {logging_mixin.py:190} INFO - [2025-02-01T00:12:09.970+0000] {dag.py:3211} INFO - Sync 1 DAGs
[2025-02-01T00:12:09.983+0000] {logging_mixin.py:190} INFO - [2025-02-01T00:12:09.983+0000] {dag.py:4138} INFO - Setting next_dagrun for example_params_ui_tutorial to None, run_after=None
[2025-02-01T00:12:10.002+0000] {processor.py:208} INFO - Processing /home/airflow/.local/lib/python3.12/site-packages/airflow/example_dags/example_params_ui_tutorial.py took 0.083 seconds
[2025-02-01T00:12:40.262+0000] {processor.py:186} INFO - Started process (PID=26638) to work on /home/airflow/.local/lib/python3.12/site-packages/airflow/example_dags/example_params_ui_tutorial.py
[2025-02-01T00:12:40.262+0000] {processor.py:914} INFO - Processing file /home/airflow/.local/lib/python3.12/site-packages/airflow/example_dags/example_params_ui_tutorial.py for tasks to queue
[2025-02-01T00:12:40.264+0000] {logging_mixin.py:190} INFO - [2025-02-01T00:12:40.264+0000] {dagbag.py:587} INFO - Filling up the DagBag from /home/airflow/.local/lib/python3.12/site-packages/airflow/example_dags/example_params_ui_tutorial.py
[2025-02-01T00:12:40.271+0000] {processor.py:925} INFO - DAG(s) 'example_params_ui_tutorial' retrieved from /home/airflow/.local/lib/python3.12/site-packages/airflow/example_dags/example_params_ui_tutorial.py
[2025-02-01T00:12:40.309+0000] {logging_mixin.py:190} INFO - [2025-02-01T00:12:40.309+0000] {dag.py:3211} INFO - Sync 1 DAGs
[2025-02-01T00:12:40.322+0000] {logging_mixin.py:190} INFO - [2025-02-01T00:12:40.322+0000] {dag.py:4138} INFO - Setting next_dagrun for example_params_ui_tutorial to None, run_after=None
[2025-02-01T00:12:40.340+0000] {processor.py:208} INFO - Processing /home/airflow/.local/lib/python3.12/site-packages/airflow/example_dags/example_params_ui_tutorial.py took 0.084 seconds
[2025-02-01T00:13:10.457+0000] {processor.py:186} INFO - Started process (PID=26701) to work on /home/airflow/.local/lib/python3.12/site-packages/airflow/example_dags/example_params_ui_tutorial.py
[2025-02-01T00:13:10.458+0000] {processor.py:914} INFO - Processing file /home/airflow/.local/lib/python3.12/site-packages/airflow/example_dags/example_params_ui_tutorial.py for tasks to queue
[2025-02-01T00:13:10.459+0000] {logging_mixin.py:190} INFO - [2025-02-01T00:13:10.459+0000] {dagbag.py:587} INFO - Filling up the DagBag from /home/airflow/.local/lib/python3.12/site-packages/airflow/example_dags/example_params_ui_tutorial.py
[2025-02-01T00:13:10.466+0000] {processor.py:925} INFO - DAG(s) 'example_params_ui_tutorial' retrieved from /home/airflow/.local/lib/python3.12/site-packages/airflow/example_dags/example_params_ui_tutorial.py
[2025-02-01T00:13:10.504+0000] {logging_mixin.py:190} INFO - [2025-02-01T00:13:10.503+0000] {dag.py:3211} INFO - Sync 1 DAGs
[2025-02-01T00:13:10.516+0000] {logging_mixin.py:190} INFO - [2025-02-01T00:13:10.516+0000] {dag.py:4138} INFO - Setting next_dagrun for example_params_ui_tutorial to None, run_after=None
[2025-02-01T00:13:10.534+0000] {processor.py:208} INFO - Processing /home/airflow/.local/lib/python3.12/site-packages/airflow/example_dags/example_params_ui_tutorial.py took 0.081 seconds
[2025-02-01T00:13:40.684+0000] {processor.py:186} INFO - Started process (PID=26764) to work on /home/airflow/.local/lib/python3.12/site-packages/airflow/example_dags/example_params_ui_tutorial.py
[2025-02-01T00:13:40.685+0000] {processor.py:914} INFO - Processing file /home/airflow/.local/lib/python3.12/site-packages/airflow/example_dags/example_params_ui_tutorial.py for tasks to queue
[2025-02-01T00:13:40.686+0000] {logging_mixin.py:190} INFO - [2025-02-01T00:13:40.686+0000] {dagbag.py:587} INFO - Filling up the DagBag from /home/airflow/.local/lib/python3.12/site-packages/airflow/example_dags/example_params_ui_tutorial.py
[2025-02-01T00:13:40.694+0000] {processor.py:925} INFO - DAG(s) 'example_params_ui_tutorial' retrieved from /home/airflow/.local/lib/python3.12/site-packages/airflow/example_dags/example_params_ui_tutorial.py
[2025-02-01T00:13:40.729+0000] {logging_mixin.py:190} INFO - [2025-02-01T00:13:40.729+0000] {dag.py:3211} INFO - Sync 1 DAGs
[2025-02-01T00:13:40.741+0000] {logging_mixin.py:190} INFO - [2025-02-01T00:13:40.741+0000] {dag.py:4138} INFO - Setting next_dagrun for example_params_ui_tutorial to None, run_after=None
[2025-02-01T00:13:40.758+0000] {processor.py:208} INFO - Processing /home/airflow/.local/lib/python3.12/site-packages/airflow/example_dags/example_params_ui_tutorial.py took 0.078 seconds
[2025-02-01T00:14:11.026+0000] {processor.py:186} INFO - Started process (PID=26827) to work on /home/airflow/.local/lib/python3.12/site-packages/airflow/example_dags/example_params_ui_tutorial.py
[2025-02-01T00:14:11.027+0000] {processor.py:914} INFO - Processing file /home/airflow/.local/lib/python3.12/site-packages/airflow/example_dags/example_params_ui_tutorial.py for tasks to queue
[2025-02-01T00:14:11.028+0000] {logging_mixin.py:190} INFO - [2025-02-01T00:14:11.028+0000] {dagbag.py:587} INFO - Filling up the DagBag from /home/airflow/.local/lib/python3.12/site-packages/airflow/example_dags/example_params_ui_tutorial.py
[2025-02-01T00:14:11.035+0000] {processor.py:925} INFO - DAG(s) 'example_params_ui_tutorial' retrieved from /home/airflow/.local/lib/python3.12/site-packages/airflow/example_dags/example_params_ui_tutorial.py
[2025-02-01T00:14:11.071+0000] {logging_mixin.py:190} INFO - [2025-02-01T00:14:11.071+0000] {dag.py:3211} INFO - Sync 1 DAGs
[2025-02-01T00:14:11.084+0000] {logging_mixin.py:190} INFO - [2025-02-01T00:14:11.083+0000] {dag.py:4138} INFO - Setting next_dagrun for example_params_ui_tutorial to None, run_after=None
[2025-02-01T00:14:11.100+0000] {processor.py:208} INFO - Processing /home/airflow/.local/lib/python3.12/site-packages/airflow/example_dags/example_params_ui_tutorial.py took 0.078 seconds
[2025-02-01T00:14:41.334+0000] {processor.py:186} INFO - Started process (PID=26890) to work on /home/airflow/.local/lib/python3.12/site-packages/airflow/example_dags/example_params_ui_tutorial.py
[2025-02-01T00:14:41.334+0000] {processor.py:914} INFO - Processing file /home/airflow/.local/lib/python3.12/site-packages/airflow/example_dags/example_params_ui_tutorial.py for tasks to queue
[2025-02-01T00:14:41.336+0000] {logging_mixin.py:190} INFO - [2025-02-01T00:14:41.336+0000] {dagbag.py:587} INFO - Filling up the DagBag from /home/airflow/.local/lib/python3.12/site-packages/airflow/example_dags/example_params_ui_tutorial.py
[2025-02-01T00:14:41.345+0000] {processor.py:925} INFO - DAG(s) 'example_params_ui_tutorial' retrieved from /home/airflow/.local/lib/python3.12/site-packages/airflow/example_dags/example_params_ui_tutorial.py
[2025-02-01T00:14:41.386+0000] {logging_mixin.py:190} INFO - [2025-02-01T00:14:41.385+0000] {dag.py:3211} INFO - Sync 1 DAGs
[2025-02-01T00:14:41.398+0000] {logging_mixin.py:190} INFO - [2025-02-01T00:14:41.398+0000] {dag.py:4138} INFO - Setting next_dagrun for example_params_ui_tutorial to None, run_after=None
[2025-02-01T00:14:41.416+0000] {processor.py:208} INFO - Processing /home/airflow/.local/lib/python3.12/site-packages/airflow/example_dags/example_params_ui_tutorial.py took 0.088 seconds
[2025-02-01T00:15:11.753+0000] {processor.py:186} INFO - Started process (PID=26953) to work on /home/airflow/.local/lib/python3.12/site-packages/airflow/example_dags/example_params_ui_tutorial.py
[2025-02-01T00:15:11.754+0000] {processor.py:914} INFO - Processing file /home/airflow/.local/lib/python3.12/site-packages/airflow/example_dags/example_params_ui_tutorial.py for tasks to queue
[2025-02-01T00:15:11.755+0000] {logging_mixin.py:190} INFO - [2025-02-01T00:15:11.755+0000] {dagbag.py:587} INFO - Filling up the DagBag from /home/airflow/.local/lib/python3.12/site-packages/airflow/example_dags/example_params_ui_tutorial.py
[2025-02-01T00:15:11.762+0000] {processor.py:925} INFO - DAG(s) 'example_params_ui_tutorial' retrieved from /home/airflow/.local/lib/python3.12/site-packages/airflow/example_dags/example_params_ui_tutorial.py
[2025-02-01T00:15:11.801+0000] {logging_mixin.py:190} INFO - [2025-02-01T00:15:11.801+0000] {dag.py:3211} INFO - Sync 1 DAGs
[2025-02-01T00:15:11.813+0000] {logging_mixin.py:190} INFO - [2025-02-01T00:15:11.813+0000] {dag.py:4138} INFO - Setting next_dagrun for example_params_ui_tutorial to None, run_after=None
[2025-02-01T00:15:11.830+0000] {processor.py:208} INFO - Processing /home/airflow/.local/lib/python3.12/site-packages/airflow/example_dags/example_params_ui_tutorial.py took 0.082 seconds
[2025-02-01T00:15:42.219+0000] {processor.py:186} INFO - Started process (PID=27016) to work on /home/airflow/.local/lib/python3.12/site-packages/airflow/example_dags/example_params_ui_tutorial.py
[2025-02-01T00:15:42.220+0000] {processor.py:914} INFO - Processing file /home/airflow/.local/lib/python3.12/site-packages/airflow/example_dags/example_params_ui_tutorial.py for tasks to queue
[2025-02-01T00:15:42.222+0000] {logging_mixin.py:190} INFO - [2025-02-01T00:15:42.221+0000] {dagbag.py:587} INFO - Filling up the DagBag from /home/airflow/.local/lib/python3.12/site-packages/airflow/example_dags/example_params_ui_tutorial.py
[2025-02-01T00:15:42.231+0000] {processor.py:925} INFO - DAG(s) 'example_params_ui_tutorial' retrieved from /home/airflow/.local/lib/python3.12/site-packages/airflow/example_dags/example_params_ui_tutorial.py
[2025-02-01T00:15:42.272+0000] {logging_mixin.py:190} INFO - [2025-02-01T00:15:42.272+0000] {dag.py:3211} INFO - Sync 1 DAGs
[2025-02-01T00:15:42.287+0000] {logging_mixin.py:190} INFO - [2025-02-01T00:15:42.286+0000] {dag.py:4138} INFO - Setting next_dagrun for example_params_ui_tutorial to None, run_after=None
[2025-02-01T00:15:42.305+0000] {processor.py:208} INFO - Processing /home/airflow/.local/lib/python3.12/site-packages/airflow/example_dags/example_params_ui_tutorial.py took 0.092 seconds
[2025-02-01T00:16:12.402+0000] {processor.py:186} INFO - Started process (PID=27079) to work on /home/airflow/.local/lib/python3.12/site-packages/airflow/example_dags/example_params_ui_tutorial.py
[2025-02-01T00:16:12.403+0000] {processor.py:914} INFO - Processing file /home/airflow/.local/lib/python3.12/site-packages/airflow/example_dags/example_params_ui_tutorial.py for tasks to queue
[2025-02-01T00:16:12.404+0000] {logging_mixin.py:190} INFO - [2025-02-01T00:16:12.404+0000] {dagbag.py:587} INFO - Filling up the DagBag from /home/airflow/.local/lib/python3.12/site-packages/airflow/example_dags/example_params_ui_tutorial.py
[2025-02-01T00:16:12.412+0000] {processor.py:925} INFO - DAG(s) 'example_params_ui_tutorial' retrieved from /home/airflow/.local/lib/python3.12/site-packages/airflow/example_dags/example_params_ui_tutorial.py
[2025-02-01T00:16:12.449+0000] {logging_mixin.py:190} INFO - [2025-02-01T00:16:12.449+0000] {dag.py:3211} INFO - Sync 1 DAGs
[2025-02-01T00:16:12.462+0000] {logging_mixin.py:190} INFO - [2025-02-01T00:16:12.462+0000] {dag.py:4138} INFO - Setting next_dagrun for example_params_ui_tutorial to None, run_after=None
[2025-02-01T00:16:12.479+0000] {processor.py:208} INFO - Processing /home/airflow/.local/lib/python3.12/site-packages/airflow/example_dags/example_params_ui_tutorial.py took 0.081 seconds
