[2025-02-01T00:00:15.990+0000] {processor.py:186} INFO - Started process (PID=25089) to work on /home/airflow/.local/lib/python3.12/site-packages/airflow/example_dags/example_latest_only.py
[2025-02-01T00:00:15.991+0000] {processor.py:914} INFO - Processing file /home/airflow/.local/lib/python3.12/site-packages/airflow/example_dags/example_latest_only.py for tasks to queue
[2025-02-01T00:00:15.992+0000] {logging_mixin.py:190} INFO - [2025-02-01T00:00:15.992+0000] {dagbag.py:587} INFO - Filling up the DagBag from /home/airflow/.local/lib/python3.12/site-packages/airflow/example_dags/example_latest_only.py
[2025-02-01T00:00:15.998+0000] {processor.py:925} INFO - DAG(s) 'latest_only' retrieved from /home/airflow/.local/lib/python3.12/site-packages/airflow/example_dags/example_latest_only.py
[2025-02-01T00:00:16.015+0000] {logging_mixin.py:190} INFO - [2025-02-01T00:00:16.014+0000] {dag.py:3211} INFO - Sync 1 DAGs
[2025-02-01T00:00:16.035+0000] {logging_mixin.py:190} INFO - [2025-02-01T00:00:16.034+0000] {dag.py:4138} INFO - Setting next_dagrun for latest_only to 2025-01-31 20:00:00+00:00, run_after=2025-02-01 00:00:00+00:00
[2025-02-01T00:00:16.053+0000] {processor.py:208} INFO - Processing /home/airflow/.local/lib/python3.12/site-packages/airflow/example_dags/example_latest_only.py took 0.068 seconds
[2025-02-01T00:00:46.352+0000] {processor.py:186} INFO - Started process (PID=25152) to work on /home/airflow/.local/lib/python3.12/site-packages/airflow/example_dags/example_latest_only.py
[2025-02-01T00:00:46.353+0000] {processor.py:914} INFO - Processing file /home/airflow/.local/lib/python3.12/site-packages/airflow/example_dags/example_latest_only.py for tasks to queue
[2025-02-01T00:00:46.354+0000] {logging_mixin.py:190} INFO - [2025-02-01T00:00:46.354+0000] {dagbag.py:587} INFO - Filling up the DagBag from /home/airflow/.local/lib/python3.12/site-packages/airflow/example_dags/example_latest_only.py
[2025-02-01T00:00:46.361+0000] {processor.py:925} INFO - DAG(s) 'latest_only' retrieved from /home/airflow/.local/lib/python3.12/site-packages/airflow/example_dags/example_latest_only.py
[2025-02-01T00:00:46.378+0000] {logging_mixin.py:190} INFO - [2025-02-01T00:00:46.377+0000] {dag.py:3211} INFO - Sync 1 DAGs
[2025-02-01T00:00:46.398+0000] {logging_mixin.py:190} INFO - [2025-02-01T00:00:46.397+0000] {dag.py:4138} INFO - Setting next_dagrun for latest_only to 2025-01-31 20:00:00+00:00, run_after=2025-02-01 00:00:00+00:00
[2025-02-01T00:00:46.421+0000] {processor.py:208} INFO - Processing /home/airflow/.local/lib/python3.12/site-packages/airflow/example_dags/example_latest_only.py took 0.074 seconds
[2025-02-01T00:01:16.742+0000] {processor.py:186} INFO - Started process (PID=25215) to work on /home/airflow/.local/lib/python3.12/site-packages/airflow/example_dags/example_latest_only.py
[2025-02-01T00:01:16.742+0000] {processor.py:914} INFO - Processing file /home/airflow/.local/lib/python3.12/site-packages/airflow/example_dags/example_latest_only.py for tasks to queue
[2025-02-01T00:01:16.744+0000] {logging_mixin.py:190} INFO - [2025-02-01T00:01:16.744+0000] {dagbag.py:587} INFO - Filling up the DagBag from /home/airflow/.local/lib/python3.12/site-packages/airflow/example_dags/example_latest_only.py
[2025-02-01T00:01:16.750+0000] {processor.py:925} INFO - DAG(s) 'latest_only' retrieved from /home/airflow/.local/lib/python3.12/site-packages/airflow/example_dags/example_latest_only.py
[2025-02-01T00:01:16.768+0000] {logging_mixin.py:190} INFO - [2025-02-01T00:01:16.768+0000] {dag.py:3211} INFO - Sync 1 DAGs
[2025-02-01T00:01:16.789+0000] {logging_mixin.py:190} INFO - [2025-02-01T00:01:16.789+0000] {dag.py:4138} INFO - Setting next_dagrun for latest_only to 2025-01-31 20:00:00+00:00, run_after=2025-02-01 00:00:00+00:00
[2025-02-01T00:01:16.807+0000] {processor.py:208} INFO - Processing /home/airflow/.local/lib/python3.12/site-packages/airflow/example_dags/example_latest_only.py took 0.070 seconds
[2025-02-01T00:01:46.951+0000] {processor.py:186} INFO - Started process (PID=25278) to work on /home/airflow/.local/lib/python3.12/site-packages/airflow/example_dags/example_latest_only.py
[2025-02-01T00:01:46.952+0000] {processor.py:914} INFO - Processing file /home/airflow/.local/lib/python3.12/site-packages/airflow/example_dags/example_latest_only.py for tasks to queue
[2025-02-01T00:01:46.953+0000] {logging_mixin.py:190} INFO - [2025-02-01T00:01:46.953+0000] {dagbag.py:587} INFO - Filling up the DagBag from /home/airflow/.local/lib/python3.12/site-packages/airflow/example_dags/example_latest_only.py
[2025-02-01T00:01:46.959+0000] {processor.py:925} INFO - DAG(s) 'latest_only' retrieved from /home/airflow/.local/lib/python3.12/site-packages/airflow/example_dags/example_latest_only.py
[2025-02-01T00:01:46.976+0000] {logging_mixin.py:190} INFO - [2025-02-01T00:01:46.975+0000] {dag.py:3211} INFO - Sync 1 DAGs
[2025-02-01T00:01:46.997+0000] {logging_mixin.py:190} INFO - [2025-02-01T00:01:46.997+0000] {dag.py:4138} INFO - Setting next_dagrun for latest_only to 2025-01-31 20:00:00+00:00, run_after=2025-02-01 00:00:00+00:00
[2025-02-01T00:01:47.016+0000] {processor.py:208} INFO - Processing /home/airflow/.local/lib/python3.12/site-packages/airflow/example_dags/example_latest_only.py took 0.070 seconds
[2025-02-01T00:02:18.153+0000] {processor.py:186} INFO - Started process (PID=25341) to work on /home/airflow/.local/lib/python3.12/site-packages/airflow/example_dags/example_latest_only.py
[2025-02-01T00:02:18.154+0000] {processor.py:914} INFO - Processing file /home/airflow/.local/lib/python3.12/site-packages/airflow/example_dags/example_latest_only.py for tasks to queue
[2025-02-01T00:02:18.155+0000] {logging_mixin.py:190} INFO - [2025-02-01T00:02:18.155+0000] {dagbag.py:587} INFO - Filling up the DagBag from /home/airflow/.local/lib/python3.12/site-packages/airflow/example_dags/example_latest_only.py
[2025-02-01T00:02:18.161+0000] {processor.py:925} INFO - DAG(s) 'latest_only' retrieved from /home/airflow/.local/lib/python3.12/site-packages/airflow/example_dags/example_latest_only.py
[2025-02-01T00:02:18.180+0000] {logging_mixin.py:190} INFO - [2025-02-01T00:02:18.180+0000] {dag.py:3211} INFO - Sync 1 DAGs
[2025-02-01T00:02:18.201+0000] {logging_mixin.py:190} INFO - [2025-02-01T00:02:18.201+0000] {dag.py:4138} INFO - Setting next_dagrun for latest_only to 2025-01-31 20:00:00+00:00, run_after=2025-02-01 00:00:00+00:00
[2025-02-01T00:02:18.219+0000] {processor.py:208} INFO - Processing /home/airflow/.local/lib/python3.12/site-packages/airflow/example_dags/example_latest_only.py took 0.071 seconds
[2025-02-01T00:02:49.376+0000] {processor.py:186} INFO - Started process (PID=25404) to work on /home/airflow/.local/lib/python3.12/site-packages/airflow/example_dags/example_latest_only.py
[2025-02-01T00:02:49.376+0000] {processor.py:914} INFO - Processing file /home/airflow/.local/lib/python3.12/site-packages/airflow/example_dags/example_latest_only.py for tasks to queue
[2025-02-01T00:02:49.378+0000] {logging_mixin.py:190} INFO - [2025-02-01T00:02:49.377+0000] {dagbag.py:587} INFO - Filling up the DagBag from /home/airflow/.local/lib/python3.12/site-packages/airflow/example_dags/example_latest_only.py
[2025-02-01T00:02:49.384+0000] {processor.py:925} INFO - DAG(s) 'latest_only' retrieved from /home/airflow/.local/lib/python3.12/site-packages/airflow/example_dags/example_latest_only.py
[2025-02-01T00:02:49.401+0000] {logging_mixin.py:190} INFO - [2025-02-01T00:02:49.401+0000] {dag.py:3211} INFO - Sync 1 DAGs
[2025-02-01T00:02:49.424+0000] {logging_mixin.py:190} INFO - [2025-02-01T00:02:49.423+0000] {dag.py:4138} INFO - Setting next_dagrun for latest_only to 2025-01-31 20:00:00+00:00, run_after=2025-02-01 00:00:00+00:00
[2025-02-01T00:02:49.444+0000] {processor.py:208} INFO - Processing /home/airflow/.local/lib/python3.12/site-packages/airflow/example_dags/example_latest_only.py took 0.074 seconds
[2025-02-01T00:03:19.622+0000] {processor.py:186} INFO - Started process (PID=25467) to work on /home/airflow/.local/lib/python3.12/site-packages/airflow/example_dags/example_latest_only.py
[2025-02-01T00:03:19.623+0000] {processor.py:914} INFO - Processing file /home/airflow/.local/lib/python3.12/site-packages/airflow/example_dags/example_latest_only.py for tasks to queue
[2025-02-01T00:03:19.624+0000] {logging_mixin.py:190} INFO - [2025-02-01T00:03:19.623+0000] {dagbag.py:587} INFO - Filling up the DagBag from /home/airflow/.local/lib/python3.12/site-packages/airflow/example_dags/example_latest_only.py
[2025-02-01T00:03:19.631+0000] {processor.py:925} INFO - DAG(s) 'latest_only' retrieved from /home/airflow/.local/lib/python3.12/site-packages/airflow/example_dags/example_latest_only.py
[2025-02-01T00:03:19.648+0000] {logging_mixin.py:190} INFO - [2025-02-01T00:03:19.647+0000] {dag.py:3211} INFO - Sync 1 DAGs
[2025-02-01T00:03:19.668+0000] {logging_mixin.py:190} INFO - [2025-02-01T00:03:19.668+0000] {dag.py:4138} INFO - Setting next_dagrun for latest_only to 2025-01-31 20:00:00+00:00, run_after=2025-02-01 00:00:00+00:00
[2025-02-01T00:03:19.687+0000] {processor.py:208} INFO - Processing /home/airflow/.local/lib/python3.12/site-packages/airflow/example_dags/example_latest_only.py took 0.071 seconds
[2025-02-01T00:03:50.780+0000] {processor.py:186} INFO - Started process (PID=25530) to work on /home/airflow/.local/lib/python3.12/site-packages/airflow/example_dags/example_latest_only.py
[2025-02-01T00:03:50.781+0000] {processor.py:914} INFO - Processing file /home/airflow/.local/lib/python3.12/site-packages/airflow/example_dags/example_latest_only.py for tasks to queue
[2025-02-01T00:03:50.782+0000] {logging_mixin.py:190} INFO - [2025-02-01T00:03:50.782+0000] {dagbag.py:587} INFO - Filling up the DagBag from /home/airflow/.local/lib/python3.12/site-packages/airflow/example_dags/example_latest_only.py
[2025-02-01T00:03:50.792+0000] {processor.py:925} INFO - DAG(s) 'latest_only' retrieved from /home/airflow/.local/lib/python3.12/site-packages/airflow/example_dags/example_latest_only.py
[2025-02-01T00:03:50.817+0000] {logging_mixin.py:190} INFO - [2025-02-01T00:03:50.816+0000] {dag.py:3211} INFO - Sync 1 DAGs
[2025-02-01T00:03:50.849+0000] {logging_mixin.py:190} INFO - [2025-02-01T00:03:50.848+0000] {dag.py:4138} INFO - Setting next_dagrun for latest_only to 2025-01-31 20:00:00+00:00, run_after=2025-02-01 00:00:00+00:00
[2025-02-01T00:03:50.871+0000] {processor.py:208} INFO - Processing /home/airflow/.local/lib/python3.12/site-packages/airflow/example_dags/example_latest_only.py took 0.097 seconds
[2025-02-01T00:04:21.079+0000] {processor.py:186} INFO - Started process (PID=25593) to work on /home/airflow/.local/lib/python3.12/site-packages/airflow/example_dags/example_latest_only.py
[2025-02-01T00:04:21.080+0000] {processor.py:914} INFO - Processing file /home/airflow/.local/lib/python3.12/site-packages/airflow/example_dags/example_latest_only.py for tasks to queue
[2025-02-01T00:04:21.081+0000] {logging_mixin.py:190} INFO - [2025-02-01T00:04:21.081+0000] {dagbag.py:587} INFO - Filling up the DagBag from /home/airflow/.local/lib/python3.12/site-packages/airflow/example_dags/example_latest_only.py
[2025-02-01T00:04:21.086+0000] {processor.py:925} INFO - DAG(s) 'latest_only' retrieved from /home/airflow/.local/lib/python3.12/site-packages/airflow/example_dags/example_latest_only.py
[2025-02-01T00:04:21.102+0000] {logging_mixin.py:190} INFO - [2025-02-01T00:04:21.102+0000] {dag.py:3211} INFO - Sync 1 DAGs
[2025-02-01T00:04:21.121+0000] {logging_mixin.py:190} INFO - [2025-02-01T00:04:21.121+0000] {dag.py:4138} INFO - Setting next_dagrun for latest_only to 2025-01-31 20:00:00+00:00, run_after=2025-02-01 00:00:00+00:00
[2025-02-01T00:04:21.137+0000] {processor.py:208} INFO - Processing /home/airflow/.local/lib/python3.12/site-packages/airflow/example_dags/example_latest_only.py took 0.063 seconds
[2025-02-01T00:04:52.136+0000] {processor.py:186} INFO - Started process (PID=25656) to work on /home/airflow/.local/lib/python3.12/site-packages/airflow/example_dags/example_latest_only.py
[2025-02-01T00:04:52.137+0000] {processor.py:914} INFO - Processing file /home/airflow/.local/lib/python3.12/site-packages/airflow/example_dags/example_latest_only.py for tasks to queue
[2025-02-01T00:04:52.138+0000] {logging_mixin.py:190} INFO - [2025-02-01T00:04:52.138+0000] {dagbag.py:587} INFO - Filling up the DagBag from /home/airflow/.local/lib/python3.12/site-packages/airflow/example_dags/example_latest_only.py
[2025-02-01T00:04:52.145+0000] {processor.py:925} INFO - DAG(s) 'latest_only' retrieved from /home/airflow/.local/lib/python3.12/site-packages/airflow/example_dags/example_latest_only.py
[2025-02-01T00:04:52.161+0000] {logging_mixin.py:190} INFO - [2025-02-01T00:04:52.161+0000] {dag.py:3211} INFO - Sync 1 DAGs
[2025-02-01T00:04:52.179+0000] {logging_mixin.py:190} INFO - [2025-02-01T00:04:52.179+0000] {dag.py:4138} INFO - Setting next_dagrun for latest_only to 2025-01-31 20:00:00+00:00, run_after=2025-02-01 00:00:00+00:00
[2025-02-01T00:04:52.196+0000] {processor.py:208} INFO - Processing /home/airflow/.local/lib/python3.12/site-packages/airflow/example_dags/example_latest_only.py took 0.065 seconds
[2025-02-01T00:05:22.432+0000] {processor.py:186} INFO - Started process (PID=25719) to work on /home/airflow/.local/lib/python3.12/site-packages/airflow/example_dags/example_latest_only.py
[2025-02-01T00:05:22.433+0000] {processor.py:914} INFO - Processing file /home/airflow/.local/lib/python3.12/site-packages/airflow/example_dags/example_latest_only.py for tasks to queue
[2025-02-01T00:05:22.435+0000] {logging_mixin.py:190} INFO - [2025-02-01T00:05:22.434+0000] {dagbag.py:587} INFO - Filling up the DagBag from /home/airflow/.local/lib/python3.12/site-packages/airflow/example_dags/example_latest_only.py
[2025-02-01T00:05:22.440+0000] {processor.py:925} INFO - DAG(s) 'latest_only' retrieved from /home/airflow/.local/lib/python3.12/site-packages/airflow/example_dags/example_latest_only.py
[2025-02-01T00:05:22.457+0000] {logging_mixin.py:190} INFO - [2025-02-01T00:05:22.457+0000] {dag.py:3211} INFO - Sync 1 DAGs
[2025-02-01T00:05:22.478+0000] {logging_mixin.py:190} INFO - [2025-02-01T00:05:22.478+0000] {dag.py:4138} INFO - Setting next_dagrun for latest_only to 2025-01-31 20:00:00+00:00, run_after=2025-02-01 00:00:00+00:00
[2025-02-01T00:05:22.496+0000] {processor.py:208} INFO - Processing /home/airflow/.local/lib/python3.12/site-packages/airflow/example_dags/example_latest_only.py took 0.069 seconds
[2025-02-01T00:05:52.790+0000] {processor.py:186} INFO - Started process (PID=25782) to work on /home/airflow/.local/lib/python3.12/site-packages/airflow/example_dags/example_latest_only.py
[2025-02-01T00:05:52.791+0000] {processor.py:914} INFO - Processing file /home/airflow/.local/lib/python3.12/site-packages/airflow/example_dags/example_latest_only.py for tasks to queue
[2025-02-01T00:05:52.792+0000] {logging_mixin.py:190} INFO - [2025-02-01T00:05:52.792+0000] {dagbag.py:587} INFO - Filling up the DagBag from /home/airflow/.local/lib/python3.12/site-packages/airflow/example_dags/example_latest_only.py
[2025-02-01T00:05:52.799+0000] {processor.py:925} INFO - DAG(s) 'latest_only' retrieved from /home/airflow/.local/lib/python3.12/site-packages/airflow/example_dags/example_latest_only.py
[2025-02-01T00:05:52.815+0000] {logging_mixin.py:190} INFO - [2025-02-01T00:05:52.815+0000] {dag.py:3211} INFO - Sync 1 DAGs
[2025-02-01T00:05:52.834+0000] {logging_mixin.py:190} INFO - [2025-02-01T00:05:52.834+0000] {dag.py:4138} INFO - Setting next_dagrun for latest_only to 2025-01-31 20:00:00+00:00, run_after=2025-02-01 00:00:00+00:00
[2025-02-01T00:05:52.852+0000] {processor.py:208} INFO - Processing /home/airflow/.local/lib/python3.12/site-packages/airflow/example_dags/example_latest_only.py took 0.067 seconds
[2025-02-01T00:06:23.084+0000] {processor.py:186} INFO - Started process (PID=25845) to work on /home/airflow/.local/lib/python3.12/site-packages/airflow/example_dags/example_latest_only.py
[2025-02-01T00:06:23.085+0000] {processor.py:914} INFO - Processing file /home/airflow/.local/lib/python3.12/site-packages/airflow/example_dags/example_latest_only.py for tasks to queue
[2025-02-01T00:06:23.087+0000] {logging_mixin.py:190} INFO - [2025-02-01T00:06:23.086+0000] {dagbag.py:587} INFO - Filling up the DagBag from /home/airflow/.local/lib/python3.12/site-packages/airflow/example_dags/example_latest_only.py
[2025-02-01T00:06:23.093+0000] {processor.py:925} INFO - DAG(s) 'latest_only' retrieved from /home/airflow/.local/lib/python3.12/site-packages/airflow/example_dags/example_latest_only.py
[2025-02-01T00:06:23.109+0000] {logging_mixin.py:190} INFO - [2025-02-01T00:06:23.109+0000] {dag.py:3211} INFO - Sync 1 DAGs
[2025-02-01T00:06:23.129+0000] {logging_mixin.py:190} INFO - [2025-02-01T00:06:23.128+0000] {dag.py:4138} INFO - Setting next_dagrun for latest_only to 2025-01-31 20:00:00+00:00, run_after=2025-02-01 00:00:00+00:00
[2025-02-01T00:06:23.148+0000] {processor.py:208} INFO - Processing /home/airflow/.local/lib/python3.12/site-packages/airflow/example_dags/example_latest_only.py took 0.068 seconds
[2025-02-01T00:06:53.362+0000] {processor.py:186} INFO - Started process (PID=25908) to work on /home/airflow/.local/lib/python3.12/site-packages/airflow/example_dags/example_latest_only.py
[2025-02-01T00:06:53.363+0000] {processor.py:914} INFO - Processing file /home/airflow/.local/lib/python3.12/site-packages/airflow/example_dags/example_latest_only.py for tasks to queue
[2025-02-01T00:06:53.365+0000] {logging_mixin.py:190} INFO - [2025-02-01T00:06:53.364+0000] {dagbag.py:587} INFO - Filling up the DagBag from /home/airflow/.local/lib/python3.12/site-packages/airflow/example_dags/example_latest_only.py
[2025-02-01T00:06:53.371+0000] {processor.py:925} INFO - DAG(s) 'latest_only' retrieved from /home/airflow/.local/lib/python3.12/site-packages/airflow/example_dags/example_latest_only.py
[2025-02-01T00:06:53.389+0000] {logging_mixin.py:190} INFO - [2025-02-01T00:06:53.388+0000] {dag.py:3211} INFO - Sync 1 DAGs
[2025-02-01T00:06:53.410+0000] {logging_mixin.py:190} INFO - [2025-02-01T00:06:53.409+0000] {dag.py:4138} INFO - Setting next_dagrun for latest_only to 2025-01-31 20:00:00+00:00, run_after=2025-02-01 00:00:00+00:00
[2025-02-01T00:06:53.429+0000] {processor.py:208} INFO - Processing /home/airflow/.local/lib/python3.12/site-packages/airflow/example_dags/example_latest_only.py took 0.072 seconds
[2025-02-01T00:07:23.740+0000] {processor.py:186} INFO - Started process (PID=25971) to work on /home/airflow/.local/lib/python3.12/site-packages/airflow/example_dags/example_latest_only.py
[2025-02-01T00:07:23.741+0000] {processor.py:914} INFO - Processing file /home/airflow/.local/lib/python3.12/site-packages/airflow/example_dags/example_latest_only.py for tasks to queue
[2025-02-01T00:07:23.742+0000] {logging_mixin.py:190} INFO - [2025-02-01T00:07:23.741+0000] {dagbag.py:587} INFO - Filling up the DagBag from /home/airflow/.local/lib/python3.12/site-packages/airflow/example_dags/example_latest_only.py
[2025-02-01T00:07:23.747+0000] {processor.py:925} INFO - DAG(s) 'latest_only' retrieved from /home/airflow/.local/lib/python3.12/site-packages/airflow/example_dags/example_latest_only.py
[2025-02-01T00:07:23.764+0000] {logging_mixin.py:190} INFO - [2025-02-01T00:07:23.764+0000] {dag.py:3211} INFO - Sync 1 DAGs
[2025-02-01T00:07:23.785+0000] {logging_mixin.py:190} INFO - [2025-02-01T00:07:23.785+0000] {dag.py:4138} INFO - Setting next_dagrun for latest_only to 2025-01-31 20:00:00+00:00, run_after=2025-02-01 00:00:00+00:00
[2025-02-01T00:07:23.804+0000] {processor.py:208} INFO - Processing /home/airflow/.local/lib/python3.12/site-packages/airflow/example_dags/example_latest_only.py took 0.070 seconds
[2025-02-01T00:07:54.072+0000] {processor.py:186} INFO - Started process (PID=26034) to work on /home/airflow/.local/lib/python3.12/site-packages/airflow/example_dags/example_latest_only.py
[2025-02-01T00:07:54.072+0000] {processor.py:914} INFO - Processing file /home/airflow/.local/lib/python3.12/site-packages/airflow/example_dags/example_latest_only.py for tasks to queue
[2025-02-01T00:07:54.073+0000] {logging_mixin.py:190} INFO - [2025-02-01T00:07:54.073+0000] {dagbag.py:587} INFO - Filling up the DagBag from /home/airflow/.local/lib/python3.12/site-packages/airflow/example_dags/example_latest_only.py
[2025-02-01T00:07:54.080+0000] {processor.py:925} INFO - DAG(s) 'latest_only' retrieved from /home/airflow/.local/lib/python3.12/site-packages/airflow/example_dags/example_latest_only.py
[2025-02-01T00:07:54.097+0000] {logging_mixin.py:190} INFO - [2025-02-01T00:07:54.096+0000] {dag.py:3211} INFO - Sync 1 DAGs
[2025-02-01T00:07:54.118+0000] {logging_mixin.py:190} INFO - [2025-02-01T00:07:54.117+0000] {dag.py:4138} INFO - Setting next_dagrun for latest_only to 2025-01-31 20:00:00+00:00, run_after=2025-02-01 00:00:00+00:00
[2025-02-01T00:07:54.136+0000] {processor.py:208} INFO - Processing /home/airflow/.local/lib/python3.12/site-packages/airflow/example_dags/example_latest_only.py took 0.069 seconds
[2025-02-01T00:08:24.355+0000] {processor.py:186} INFO - Started process (PID=26097) to work on /home/airflow/.local/lib/python3.12/site-packages/airflow/example_dags/example_latest_only.py
[2025-02-01T00:08:24.356+0000] {processor.py:914} INFO - Processing file /home/airflow/.local/lib/python3.12/site-packages/airflow/example_dags/example_latest_only.py for tasks to queue
[2025-02-01T00:08:24.358+0000] {logging_mixin.py:190} INFO - [2025-02-01T00:08:24.357+0000] {dagbag.py:587} INFO - Filling up the DagBag from /home/airflow/.local/lib/python3.12/site-packages/airflow/example_dags/example_latest_only.py
[2025-02-01T00:08:24.364+0000] {processor.py:925} INFO - DAG(s) 'latest_only' retrieved from /home/airflow/.local/lib/python3.12/site-packages/airflow/example_dags/example_latest_only.py
[2025-02-01T00:08:24.381+0000] {logging_mixin.py:190} INFO - [2025-02-01T00:08:24.381+0000] {dag.py:3211} INFO - Sync 1 DAGs
[2025-02-01T00:08:24.402+0000] {logging_mixin.py:190} INFO - [2025-02-01T00:08:24.402+0000] {dag.py:4138} INFO - Setting next_dagrun for latest_only to 2025-01-31 20:00:00+00:00, run_after=2025-02-01 00:00:00+00:00
[2025-02-01T00:08:24.421+0000] {processor.py:208} INFO - Processing /home/airflow/.local/lib/python3.12/site-packages/airflow/example_dags/example_latest_only.py took 0.070 seconds
[2025-02-01T00:08:54.463+0000] {processor.py:186} INFO - Started process (PID=26159) to work on /home/airflow/.local/lib/python3.12/site-packages/airflow/example_dags/example_latest_only.py
[2025-02-01T00:08:54.464+0000] {processor.py:914} INFO - Processing file /home/airflow/.local/lib/python3.12/site-packages/airflow/example_dags/example_latest_only.py for tasks to queue
[2025-02-01T00:08:54.466+0000] {logging_mixin.py:190} INFO - [2025-02-01T00:08:54.465+0000] {dagbag.py:587} INFO - Filling up the DagBag from /home/airflow/.local/lib/python3.12/site-packages/airflow/example_dags/example_latest_only.py
[2025-02-01T00:08:54.471+0000] {processor.py:925} INFO - DAG(s) 'latest_only' retrieved from /home/airflow/.local/lib/python3.12/site-packages/airflow/example_dags/example_latest_only.py
[2025-02-01T00:08:54.488+0000] {logging_mixin.py:190} INFO - [2025-02-01T00:08:54.488+0000] {dag.py:3211} INFO - Sync 1 DAGs
[2025-02-01T00:08:54.508+0000] {logging_mixin.py:190} INFO - [2025-02-01T00:08:54.507+0000] {dag.py:4138} INFO - Setting next_dagrun for latest_only to 2025-01-31 20:00:00+00:00, run_after=2025-02-01 00:00:00+00:00
[2025-02-01T00:08:54.525+0000] {processor.py:208} INFO - Processing /home/airflow/.local/lib/python3.12/site-packages/airflow/example_dags/example_latest_only.py took 0.067 seconds
[2025-02-01T00:09:24.703+0000] {processor.py:186} INFO - Started process (PID=26222) to work on /home/airflow/.local/lib/python3.12/site-packages/airflow/example_dags/example_latest_only.py
[2025-02-01T00:09:24.704+0000] {processor.py:914} INFO - Processing file /home/airflow/.local/lib/python3.12/site-packages/airflow/example_dags/example_latest_only.py for tasks to queue
[2025-02-01T00:09:24.706+0000] {logging_mixin.py:190} INFO - [2025-02-01T00:09:24.706+0000] {dagbag.py:587} INFO - Filling up the DagBag from /home/airflow/.local/lib/python3.12/site-packages/airflow/example_dags/example_latest_only.py
[2025-02-01T00:09:24.713+0000] {processor.py:925} INFO - DAG(s) 'latest_only' retrieved from /home/airflow/.local/lib/python3.12/site-packages/airflow/example_dags/example_latest_only.py
[2025-02-01T00:09:24.730+0000] {logging_mixin.py:190} INFO - [2025-02-01T00:09:24.729+0000] {dag.py:3211} INFO - Sync 1 DAGs
[2025-02-01T00:09:24.750+0000] {logging_mixin.py:190} INFO - [2025-02-01T00:09:24.750+0000] {dag.py:4138} INFO - Setting next_dagrun for latest_only to 2025-01-31 20:00:00+00:00, run_after=2025-02-01 00:00:00+00:00
[2025-02-01T00:09:24.768+0000] {processor.py:208} INFO - Processing /home/airflow/.local/lib/python3.12/site-packages/airflow/example_dags/example_latest_only.py took 0.069 seconds
[2025-02-01T00:09:54.824+0000] {processor.py:186} INFO - Started process (PID=26284) to work on /home/airflow/.local/lib/python3.12/site-packages/airflow/example_dags/example_latest_only.py
[2025-02-01T00:09:54.825+0000] {processor.py:914} INFO - Processing file /home/airflow/.local/lib/python3.12/site-packages/airflow/example_dags/example_latest_only.py for tasks to queue
[2025-02-01T00:09:54.827+0000] {logging_mixin.py:190} INFO - [2025-02-01T00:09:54.827+0000] {dagbag.py:587} INFO - Filling up the DagBag from /home/airflow/.local/lib/python3.12/site-packages/airflow/example_dags/example_latest_only.py
[2025-02-01T00:09:54.833+0000] {processor.py:925} INFO - DAG(s) 'latest_only' retrieved from /home/airflow/.local/lib/python3.12/site-packages/airflow/example_dags/example_latest_only.py
[2025-02-01T00:09:54.851+0000] {logging_mixin.py:190} INFO - [2025-02-01T00:09:54.851+0000] {dag.py:3211} INFO - Sync 1 DAGs
[2025-02-01T00:09:54.873+0000] {logging_mixin.py:190} INFO - [2025-02-01T00:09:54.873+0000] {dag.py:4138} INFO - Setting next_dagrun for latest_only to 2025-01-31 20:00:00+00:00, run_after=2025-02-01 00:00:00+00:00
[2025-02-01T00:09:54.898+0000] {processor.py:208} INFO - Processing /home/airflow/.local/lib/python3.12/site-packages/airflow/example_dags/example_latest_only.py took 0.078 seconds
[2025-02-01T00:10:25.069+0000] {processor.py:186} INFO - Started process (PID=26347) to work on /home/airflow/.local/lib/python3.12/site-packages/airflow/example_dags/example_latest_only.py
[2025-02-01T00:10:25.069+0000] {processor.py:914} INFO - Processing file /home/airflow/.local/lib/python3.12/site-packages/airflow/example_dags/example_latest_only.py for tasks to queue
[2025-02-01T00:10:25.071+0000] {logging_mixin.py:190} INFO - [2025-02-01T00:10:25.070+0000] {dagbag.py:587} INFO - Filling up the DagBag from /home/airflow/.local/lib/python3.12/site-packages/airflow/example_dags/example_latest_only.py
[2025-02-01T00:10:25.076+0000] {processor.py:925} INFO - DAG(s) 'latest_only' retrieved from /home/airflow/.local/lib/python3.12/site-packages/airflow/example_dags/example_latest_only.py
[2025-02-01T00:10:25.093+0000] {logging_mixin.py:190} INFO - [2025-02-01T00:10:25.093+0000] {dag.py:3211} INFO - Sync 1 DAGs
[2025-02-01T00:10:25.114+0000] {logging_mixin.py:190} INFO - [2025-02-01T00:10:25.114+0000] {dag.py:4138} INFO - Setting next_dagrun for latest_only to 2025-01-31 20:00:00+00:00, run_after=2025-02-01 00:00:00+00:00
[2025-02-01T00:10:25.133+0000] {processor.py:208} INFO - Processing /home/airflow/.local/lib/python3.12/site-packages/airflow/example_dags/example_latest_only.py took 0.069 seconds
[2025-02-01T00:10:55.588+0000] {processor.py:186} INFO - Started process (PID=26411) to work on /home/airflow/.local/lib/python3.12/site-packages/airflow/example_dags/example_latest_only.py
[2025-02-01T00:10:55.589+0000] {processor.py:914} INFO - Processing file /home/airflow/.local/lib/python3.12/site-packages/airflow/example_dags/example_latest_only.py for tasks to queue
[2025-02-01T00:10:55.591+0000] {logging_mixin.py:190} INFO - [2025-02-01T00:10:55.590+0000] {dagbag.py:587} INFO - Filling up the DagBag from /home/airflow/.local/lib/python3.12/site-packages/airflow/example_dags/example_latest_only.py
[2025-02-01T00:10:55.596+0000] {processor.py:925} INFO - DAG(s) 'latest_only' retrieved from /home/airflow/.local/lib/python3.12/site-packages/airflow/example_dags/example_latest_only.py
[2025-02-01T00:10:55.613+0000] {logging_mixin.py:190} INFO - [2025-02-01T00:10:55.613+0000] {dag.py:3211} INFO - Sync 1 DAGs
[2025-02-01T00:10:55.633+0000] {logging_mixin.py:190} INFO - [2025-02-01T00:10:55.633+0000] {dag.py:4138} INFO - Setting next_dagrun for latest_only to 2025-01-31 20:00:00+00:00, run_after=2025-02-01 00:00:00+00:00
[2025-02-01T00:10:55.650+0000] {processor.py:208} INFO - Processing /home/airflow/.local/lib/python3.12/site-packages/airflow/example_dags/example_latest_only.py took 0.067 seconds
[2025-02-01T00:11:25.881+0000] {processor.py:186} INFO - Started process (PID=26474) to work on /home/airflow/.local/lib/python3.12/site-packages/airflow/example_dags/example_latest_only.py
[2025-02-01T00:11:25.882+0000] {processor.py:914} INFO - Processing file /home/airflow/.local/lib/python3.12/site-packages/airflow/example_dags/example_latest_only.py for tasks to queue
[2025-02-01T00:11:25.883+0000] {logging_mixin.py:190} INFO - [2025-02-01T00:11:25.883+0000] {dagbag.py:587} INFO - Filling up the DagBag from /home/airflow/.local/lib/python3.12/site-packages/airflow/example_dags/example_latest_only.py
[2025-02-01T00:11:25.890+0000] {processor.py:925} INFO - DAG(s) 'latest_only' retrieved from /home/airflow/.local/lib/python3.12/site-packages/airflow/example_dags/example_latest_only.py
[2025-02-01T00:11:25.906+0000] {logging_mixin.py:190} INFO - [2025-02-01T00:11:25.906+0000] {dag.py:3211} INFO - Sync 1 DAGs
[2025-02-01T00:11:25.927+0000] {logging_mixin.py:190} INFO - [2025-02-01T00:11:25.926+0000] {dag.py:4138} INFO - Setting next_dagrun for latest_only to 2025-01-31 20:00:00+00:00, run_after=2025-02-01 00:00:00+00:00
[2025-02-01T00:11:25.946+0000] {processor.py:208} INFO - Processing /home/airflow/.local/lib/python3.12/site-packages/airflow/example_dags/example_latest_only.py took 0.070 seconds
[2025-02-01T00:11:56.276+0000] {processor.py:186} INFO - Started process (PID=26537) to work on /home/airflow/.local/lib/python3.12/site-packages/airflow/example_dags/example_latest_only.py
[2025-02-01T00:11:56.277+0000] {processor.py:914} INFO - Processing file /home/airflow/.local/lib/python3.12/site-packages/airflow/example_dags/example_latest_only.py for tasks to queue
[2025-02-01T00:11:56.279+0000] {logging_mixin.py:190} INFO - [2025-02-01T00:11:56.278+0000] {dagbag.py:587} INFO - Filling up the DagBag from /home/airflow/.local/lib/python3.12/site-packages/airflow/example_dags/example_latest_only.py
[2025-02-01T00:11:56.284+0000] {processor.py:925} INFO - DAG(s) 'latest_only' retrieved from /home/airflow/.local/lib/python3.12/site-packages/airflow/example_dags/example_latest_only.py
[2025-02-01T00:11:56.302+0000] {logging_mixin.py:190} INFO - [2025-02-01T00:11:56.302+0000] {dag.py:3211} INFO - Sync 1 DAGs
[2025-02-01T00:11:56.323+0000] {logging_mixin.py:190} INFO - [2025-02-01T00:11:56.323+0000] {dag.py:4138} INFO - Setting next_dagrun for latest_only to 2025-01-31 20:00:00+00:00, run_after=2025-02-01 00:00:00+00:00
[2025-02-01T00:11:56.341+0000] {processor.py:208} INFO - Processing /home/airflow/.local/lib/python3.12/site-packages/airflow/example_dags/example_latest_only.py took 0.070 seconds
[2025-02-01T00:12:26.618+0000] {processor.py:186} INFO - Started process (PID=26600) to work on /home/airflow/.local/lib/python3.12/site-packages/airflow/example_dags/example_latest_only.py
[2025-02-01T00:12:26.618+0000] {processor.py:914} INFO - Processing file /home/airflow/.local/lib/python3.12/site-packages/airflow/example_dags/example_latest_only.py for tasks to queue
[2025-02-01T00:12:26.620+0000] {logging_mixin.py:190} INFO - [2025-02-01T00:12:26.620+0000] {dagbag.py:587} INFO - Filling up the DagBag from /home/airflow/.local/lib/python3.12/site-packages/airflow/example_dags/example_latest_only.py
[2025-02-01T00:12:26.626+0000] {processor.py:925} INFO - DAG(s) 'latest_only' retrieved from /home/airflow/.local/lib/python3.12/site-packages/airflow/example_dags/example_latest_only.py
[2025-02-01T00:12:26.644+0000] {logging_mixin.py:190} INFO - [2025-02-01T00:12:26.644+0000] {dag.py:3211} INFO - Sync 1 DAGs
[2025-02-01T00:12:26.666+0000] {logging_mixin.py:190} INFO - [2025-02-01T00:12:26.666+0000] {dag.py:4138} INFO - Setting next_dagrun for latest_only to 2025-01-31 20:00:00+00:00, run_after=2025-02-01 00:00:00+00:00
[2025-02-01T00:12:26.686+0000] {processor.py:208} INFO - Processing /home/airflow/.local/lib/python3.12/site-packages/airflow/example_dags/example_latest_only.py took 0.073 seconds
[2025-02-01T00:12:56.762+0000] {processor.py:186} INFO - Started process (PID=26663) to work on /home/airflow/.local/lib/python3.12/site-packages/airflow/example_dags/example_latest_only.py
[2025-02-01T00:12:56.763+0000] {processor.py:914} INFO - Processing file /home/airflow/.local/lib/python3.12/site-packages/airflow/example_dags/example_latest_only.py for tasks to queue
[2025-02-01T00:12:56.764+0000] {logging_mixin.py:190} INFO - [2025-02-01T00:12:56.764+0000] {dagbag.py:587} INFO - Filling up the DagBag from /home/airflow/.local/lib/python3.12/site-packages/airflow/example_dags/example_latest_only.py
[2025-02-01T00:12:56.770+0000] {processor.py:925} INFO - DAG(s) 'latest_only' retrieved from /home/airflow/.local/lib/python3.12/site-packages/airflow/example_dags/example_latest_only.py
[2025-02-01T00:12:56.787+0000] {logging_mixin.py:190} INFO - [2025-02-01T00:12:56.787+0000] {dag.py:3211} INFO - Sync 1 DAGs
[2025-02-01T00:12:56.806+0000] {logging_mixin.py:190} INFO - [2025-02-01T00:12:56.806+0000] {dag.py:4138} INFO - Setting next_dagrun for latest_only to 2025-01-31 20:00:00+00:00, run_after=2025-02-01 00:00:00+00:00
[2025-02-01T00:12:56.822+0000] {processor.py:208} INFO - Processing /home/airflow/.local/lib/python3.12/site-packages/airflow/example_dags/example_latest_only.py took 0.064 seconds
[2025-02-01T00:13:26.876+0000] {processor.py:186} INFO - Started process (PID=26725) to work on /home/airflow/.local/lib/python3.12/site-packages/airflow/example_dags/example_latest_only.py
[2025-02-01T00:13:26.877+0000] {processor.py:914} INFO - Processing file /home/airflow/.local/lib/python3.12/site-packages/airflow/example_dags/example_latest_only.py for tasks to queue
[2025-02-01T00:13:26.878+0000] {logging_mixin.py:190} INFO - [2025-02-01T00:13:26.878+0000] {dagbag.py:587} INFO - Filling up the DagBag from /home/airflow/.local/lib/python3.12/site-packages/airflow/example_dags/example_latest_only.py
[2025-02-01T00:13:26.884+0000] {processor.py:925} INFO - DAG(s) 'latest_only' retrieved from /home/airflow/.local/lib/python3.12/site-packages/airflow/example_dags/example_latest_only.py
[2025-02-01T00:13:26.900+0000] {logging_mixin.py:190} INFO - [2025-02-01T00:13:26.900+0000] {dag.py:3211} INFO - Sync 1 DAGs
[2025-02-01T00:13:26.919+0000] {logging_mixin.py:190} INFO - [2025-02-01T00:13:26.919+0000] {dag.py:4138} INFO - Setting next_dagrun for latest_only to 2025-01-31 20:00:00+00:00, run_after=2025-02-01 00:00:00+00:00
[2025-02-01T00:13:26.937+0000] {processor.py:208} INFO - Processing /home/airflow/.local/lib/python3.12/site-packages/airflow/example_dags/example_latest_only.py took 0.065 seconds
[2025-02-01T00:13:57.139+0000] {processor.py:186} INFO - Started process (PID=26788) to work on /home/airflow/.local/lib/python3.12/site-packages/airflow/example_dags/example_latest_only.py
[2025-02-01T00:13:57.140+0000] {processor.py:914} INFO - Processing file /home/airflow/.local/lib/python3.12/site-packages/airflow/example_dags/example_latest_only.py for tasks to queue
[2025-02-01T00:13:57.141+0000] {logging_mixin.py:190} INFO - [2025-02-01T00:13:57.141+0000] {dagbag.py:587} INFO - Filling up the DagBag from /home/airflow/.local/lib/python3.12/site-packages/airflow/example_dags/example_latest_only.py
[2025-02-01T00:13:57.146+0000] {processor.py:925} INFO - DAG(s) 'latest_only' retrieved from /home/airflow/.local/lib/python3.12/site-packages/airflow/example_dags/example_latest_only.py
[2025-02-01T00:13:57.163+0000] {logging_mixin.py:190} INFO - [2025-02-01T00:13:57.163+0000] {dag.py:3211} INFO - Sync 1 DAGs
[2025-02-01T00:13:57.183+0000] {logging_mixin.py:190} INFO - [2025-02-01T00:13:57.183+0000] {dag.py:4138} INFO - Setting next_dagrun for latest_only to 2025-01-31 20:00:00+00:00, run_after=2025-02-01 00:00:00+00:00
[2025-02-01T00:13:57.199+0000] {processor.py:208} INFO - Processing /home/airflow/.local/lib/python3.12/site-packages/airflow/example_dags/example_latest_only.py took 0.064 seconds
[2025-02-01T00:14:27.416+0000] {processor.py:186} INFO - Started process (PID=26851) to work on /home/airflow/.local/lib/python3.12/site-packages/airflow/example_dags/example_latest_only.py
[2025-02-01T00:14:27.417+0000] {processor.py:914} INFO - Processing file /home/airflow/.local/lib/python3.12/site-packages/airflow/example_dags/example_latest_only.py for tasks to queue
[2025-02-01T00:14:27.419+0000] {logging_mixin.py:190} INFO - [2025-02-01T00:14:27.418+0000] {dagbag.py:587} INFO - Filling up the DagBag from /home/airflow/.local/lib/python3.12/site-packages/airflow/example_dags/example_latest_only.py
[2025-02-01T00:14:27.425+0000] {processor.py:925} INFO - DAG(s) 'latest_only' retrieved from /home/airflow/.local/lib/python3.12/site-packages/airflow/example_dags/example_latest_only.py
[2025-02-01T00:14:27.441+0000] {logging_mixin.py:190} INFO - [2025-02-01T00:14:27.441+0000] {dag.py:3211} INFO - Sync 1 DAGs
[2025-02-01T00:14:27.461+0000] {logging_mixin.py:190} INFO - [2025-02-01T00:14:27.461+0000] {dag.py:4138} INFO - Setting next_dagrun for latest_only to 2025-01-31 20:00:00+00:00, run_after=2025-02-01 00:00:00+00:00
[2025-02-01T00:14:27.477+0000] {processor.py:208} INFO - Processing /home/airflow/.local/lib/python3.12/site-packages/airflow/example_dags/example_latest_only.py took 0.069 seconds
[2025-02-01T00:14:57.712+0000] {processor.py:186} INFO - Started process (PID=26914) to work on /home/airflow/.local/lib/python3.12/site-packages/airflow/example_dags/example_latest_only.py
[2025-02-01T00:14:57.713+0000] {processor.py:914} INFO - Processing file /home/airflow/.local/lib/python3.12/site-packages/airflow/example_dags/example_latest_only.py for tasks to queue
[2025-02-01T00:14:57.714+0000] {logging_mixin.py:190} INFO - [2025-02-01T00:14:57.714+0000] {dagbag.py:587} INFO - Filling up the DagBag from /home/airflow/.local/lib/python3.12/site-packages/airflow/example_dags/example_latest_only.py
[2025-02-01T00:14:57.720+0000] {processor.py:925} INFO - DAG(s) 'latest_only' retrieved from /home/airflow/.local/lib/python3.12/site-packages/airflow/example_dags/example_latest_only.py
[2025-02-01T00:14:57.737+0000] {logging_mixin.py:190} INFO - [2025-02-01T00:14:57.736+0000] {dag.py:3211} INFO - Sync 1 DAGs
[2025-02-01T00:14:57.756+0000] {logging_mixin.py:190} INFO - [2025-02-01T00:14:57.756+0000] {dag.py:4138} INFO - Setting next_dagrun for latest_only to 2025-01-31 20:00:00+00:00, run_after=2025-02-01 00:00:00+00:00
[2025-02-01T00:14:57.774+0000] {processor.py:208} INFO - Processing /home/airflow/.local/lib/python3.12/site-packages/airflow/example_dags/example_latest_only.py took 0.066 seconds
[2025-02-01T00:15:28.292+0000] {processor.py:186} INFO - Started process (PID=26978) to work on /home/airflow/.local/lib/python3.12/site-packages/airflow/example_dags/example_latest_only.py
[2025-02-01T00:15:28.293+0000] {processor.py:914} INFO - Processing file /home/airflow/.local/lib/python3.12/site-packages/airflow/example_dags/example_latest_only.py for tasks to queue
[2025-02-01T00:15:28.296+0000] {logging_mixin.py:190} INFO - [2025-02-01T00:15:28.295+0000] {dagbag.py:587} INFO - Filling up the DagBag from /home/airflow/.local/lib/python3.12/site-packages/airflow/example_dags/example_latest_only.py
[2025-02-01T00:15:28.304+0000] {processor.py:925} INFO - DAG(s) 'latest_only' retrieved from /home/airflow/.local/lib/python3.12/site-packages/airflow/example_dags/example_latest_only.py
[2025-02-01T00:15:28.324+0000] {logging_mixin.py:190} INFO - [2025-02-01T00:15:28.323+0000] {dag.py:3211} INFO - Sync 1 DAGs
[2025-02-01T00:15:28.344+0000] {logging_mixin.py:190} INFO - [2025-02-01T00:15:28.343+0000] {dag.py:4138} INFO - Setting next_dagrun for latest_only to 2025-01-31 20:00:00+00:00, run_after=2025-02-01 00:00:00+00:00
[2025-02-01T00:15:28.370+0000] {processor.py:208} INFO - Processing /home/airflow/.local/lib/python3.12/site-packages/airflow/example_dags/example_latest_only.py took 0.082 seconds
[2025-02-01T00:15:58.723+0000] {processor.py:186} INFO - Started process (PID=27041) to work on /home/airflow/.local/lib/python3.12/site-packages/airflow/example_dags/example_latest_only.py
[2025-02-01T00:15:58.724+0000] {processor.py:914} INFO - Processing file /home/airflow/.local/lib/python3.12/site-packages/airflow/example_dags/example_latest_only.py for tasks to queue
[2025-02-01T00:15:58.726+0000] {logging_mixin.py:190} INFO - [2025-02-01T00:15:58.725+0000] {dagbag.py:587} INFO - Filling up the DagBag from /home/airflow/.local/lib/python3.12/site-packages/airflow/example_dags/example_latest_only.py
[2025-02-01T00:15:58.732+0000] {processor.py:925} INFO - DAG(s) 'latest_only' retrieved from /home/airflow/.local/lib/python3.12/site-packages/airflow/example_dags/example_latest_only.py
[2025-02-01T00:15:58.753+0000] {logging_mixin.py:190} INFO - [2025-02-01T00:15:58.753+0000] {dag.py:3211} INFO - Sync 1 DAGs
[2025-02-01T00:15:58.777+0000] {logging_mixin.py:190} INFO - [2025-02-01T00:15:58.776+0000] {dag.py:4138} INFO - Setting next_dagrun for latest_only to 2025-01-31 20:00:00+00:00, run_after=2025-02-01 00:00:00+00:00
[2025-02-01T00:15:58.800+0000] {processor.py:208} INFO - Processing /home/airflow/.local/lib/python3.12/site-packages/airflow/example_dags/example_latest_only.py took 0.082 seconds
