[2025-02-01T00:00:16.088+0000] {processor.py:186} INFO - Started process (PID=25091) to work on /home/airflow/.local/lib/python3.12/site-packages/airflow/example_dags/example_bash_decorator.py
[2025-02-01T00:00:16.089+0000] {processor.py:914} INFO - Processing file /home/airflow/.local/lib/python3.12/site-packages/airflow/example_dags/example_bash_decorator.py for tasks to queue
[2025-02-01T00:00:16.091+0000] {logging_mixin.py:190} INFO - [2025-02-01T00:00:16.091+0000] {dagbag.py:587} INFO - Filling up the DagBag from /home/airflow/.local/lib/python3.12/site-packages/airflow/example_dags/example_bash_decorator.py
[2025-02-01T00:00:16.103+0000] {processor.py:925} INFO - DAG(s) 'example_bash_decorator' retrieved from /home/airflow/.local/lib/python3.12/site-packages/airflow/example_dags/example_bash_decorator.py
[2025-02-01T00:00:16.124+0000] {logging_mixin.py:190} INFO - [2025-02-01T00:00:16.123+0000] {dag.py:3211} INFO - Sync 1 DAGs
[2025-02-01T00:00:16.136+0000] {logging_mixin.py:190} INFO - [2025-02-01T00:00:16.136+0000] {dag.py:4138} INFO - Setting next_dagrun for example_bash_decorator to None, run_after=None
[2025-02-01T00:00:16.155+0000] {processor.py:208} INFO - Processing /home/airflow/.local/lib/python3.12/site-packages/airflow/example_dags/example_bash_decorator.py took 0.072 seconds
[2025-02-01T00:00:46.455+0000] {processor.py:186} INFO - Started process (PID=25154) to work on /home/airflow/.local/lib/python3.12/site-packages/airflow/example_dags/example_bash_decorator.py
[2025-02-01T00:00:46.456+0000] {processor.py:914} INFO - Processing file /home/airflow/.local/lib/python3.12/site-packages/airflow/example_dags/example_bash_decorator.py for tasks to queue
[2025-02-01T00:00:46.457+0000] {logging_mixin.py:190} INFO - [2025-02-01T00:00:46.457+0000] {dagbag.py:587} INFO - Filling up the DagBag from /home/airflow/.local/lib/python3.12/site-packages/airflow/example_dags/example_bash_decorator.py
[2025-02-01T00:00:46.469+0000] {processor.py:925} INFO - DAG(s) 'example_bash_decorator' retrieved from /home/airflow/.local/lib/python3.12/site-packages/airflow/example_dags/example_bash_decorator.py
[2025-02-01T00:00:46.490+0000] {logging_mixin.py:190} INFO - [2025-02-01T00:00:46.490+0000] {dag.py:3211} INFO - Sync 1 DAGs
[2025-02-01T00:00:46.502+0000] {logging_mixin.py:190} INFO - [2025-02-01T00:00:46.502+0000] {dag.py:4138} INFO - Setting next_dagrun for example_bash_decorator to None, run_after=None
[2025-02-01T00:00:46.521+0000] {processor.py:208} INFO - Processing /home/airflow/.local/lib/python3.12/site-packages/airflow/example_dags/example_bash_decorator.py took 0.070 seconds
[2025-02-01T00:01:16.844+0000] {processor.py:186} INFO - Started process (PID=25217) to work on /home/airflow/.local/lib/python3.12/site-packages/airflow/example_dags/example_bash_decorator.py
[2025-02-01T00:01:16.845+0000] {processor.py:914} INFO - Processing file /home/airflow/.local/lib/python3.12/site-packages/airflow/example_dags/example_bash_decorator.py for tasks to queue
[2025-02-01T00:01:16.846+0000] {logging_mixin.py:190} INFO - [2025-02-01T00:01:16.845+0000] {dagbag.py:587} INFO - Filling up the DagBag from /home/airflow/.local/lib/python3.12/site-packages/airflow/example_dags/example_bash_decorator.py
[2025-02-01T00:01:16.858+0000] {processor.py:925} INFO - DAG(s) 'example_bash_decorator' retrieved from /home/airflow/.local/lib/python3.12/site-packages/airflow/example_dags/example_bash_decorator.py
[2025-02-01T00:01:16.879+0000] {logging_mixin.py:190} INFO - [2025-02-01T00:01:16.879+0000] {dag.py:3211} INFO - Sync 1 DAGs
[2025-02-01T00:01:16.892+0000] {logging_mixin.py:190} INFO - [2025-02-01T00:01:16.891+0000] {dag.py:4138} INFO - Setting next_dagrun for example_bash_decorator to None, run_after=None
[2025-02-01T00:01:16.909+0000] {processor.py:208} INFO - Processing /home/airflow/.local/lib/python3.12/site-packages/airflow/example_dags/example_bash_decorator.py took 0.070 seconds
[2025-02-01T00:01:47.050+0000] {processor.py:186} INFO - Started process (PID=25280) to work on /home/airflow/.local/lib/python3.12/site-packages/airflow/example_dags/example_bash_decorator.py
[2025-02-01T00:01:47.051+0000] {processor.py:914} INFO - Processing file /home/airflow/.local/lib/python3.12/site-packages/airflow/example_dags/example_bash_decorator.py for tasks to queue
[2025-02-01T00:01:47.053+0000] {logging_mixin.py:190} INFO - [2025-02-01T00:01:47.052+0000] {dagbag.py:587} INFO - Filling up the DagBag from /home/airflow/.local/lib/python3.12/site-packages/airflow/example_dags/example_bash_decorator.py
[2025-02-01T00:01:47.064+0000] {processor.py:925} INFO - DAG(s) 'example_bash_decorator' retrieved from /home/airflow/.local/lib/python3.12/site-packages/airflow/example_dags/example_bash_decorator.py
[2025-02-01T00:01:47.087+0000] {logging_mixin.py:190} INFO - [2025-02-01T00:01:47.086+0000] {dag.py:3211} INFO - Sync 1 DAGs
[2025-02-01T00:01:47.100+0000] {logging_mixin.py:190} INFO - [2025-02-01T00:01:47.099+0000] {dag.py:4138} INFO - Setting next_dagrun for example_bash_decorator to None, run_after=None
[2025-02-01T00:01:47.117+0000] {processor.py:208} INFO - Processing /home/airflow/.local/lib/python3.12/site-packages/airflow/example_dags/example_bash_decorator.py took 0.073 seconds
[2025-02-01T00:02:18.253+0000] {processor.py:186} INFO - Started process (PID=25343) to work on /home/airflow/.local/lib/python3.12/site-packages/airflow/example_dags/example_bash_decorator.py
[2025-02-01T00:02:18.254+0000] {processor.py:914} INFO - Processing file /home/airflow/.local/lib/python3.12/site-packages/airflow/example_dags/example_bash_decorator.py for tasks to queue
[2025-02-01T00:02:18.256+0000] {logging_mixin.py:190} INFO - [2025-02-01T00:02:18.255+0000] {dagbag.py:587} INFO - Filling up the DagBag from /home/airflow/.local/lib/python3.12/site-packages/airflow/example_dags/example_bash_decorator.py
[2025-02-01T00:02:18.268+0000] {processor.py:925} INFO - DAG(s) 'example_bash_decorator' retrieved from /home/airflow/.local/lib/python3.12/site-packages/airflow/example_dags/example_bash_decorator.py
[2025-02-01T00:02:18.290+0000] {logging_mixin.py:190} INFO - [2025-02-01T00:02:18.290+0000] {dag.py:3211} INFO - Sync 1 DAGs
[2025-02-01T00:02:18.302+0000] {logging_mixin.py:190} INFO - [2025-02-01T00:02:18.302+0000] {dag.py:4138} INFO - Setting next_dagrun for example_bash_decorator to None, run_after=None
[2025-02-01T00:02:18.321+0000] {processor.py:208} INFO - Processing /home/airflow/.local/lib/python3.12/site-packages/airflow/example_dags/example_bash_decorator.py took 0.073 seconds
[2025-02-01T00:02:49.480+0000] {processor.py:186} INFO - Started process (PID=25406) to work on /home/airflow/.local/lib/python3.12/site-packages/airflow/example_dags/example_bash_decorator.py
[2025-02-01T00:02:49.481+0000] {processor.py:914} INFO - Processing file /home/airflow/.local/lib/python3.12/site-packages/airflow/example_dags/example_bash_decorator.py for tasks to queue
[2025-02-01T00:02:49.482+0000] {logging_mixin.py:190} INFO - [2025-02-01T00:02:49.482+0000] {dagbag.py:587} INFO - Filling up the DagBag from /home/airflow/.local/lib/python3.12/site-packages/airflow/example_dags/example_bash_decorator.py
[2025-02-01T00:02:49.495+0000] {processor.py:925} INFO - DAG(s) 'example_bash_decorator' retrieved from /home/airflow/.local/lib/python3.12/site-packages/airflow/example_dags/example_bash_decorator.py
[2025-02-01T00:02:49.517+0000] {logging_mixin.py:190} INFO - [2025-02-01T00:02:49.517+0000] {dag.py:3211} INFO - Sync 1 DAGs
[2025-02-01T00:02:49.529+0000] {logging_mixin.py:190} INFO - [2025-02-01T00:02:49.529+0000] {dag.py:4138} INFO - Setting next_dagrun for example_bash_decorator to None, run_after=None
[2025-02-01T00:02:49.550+0000] {processor.py:208} INFO - Processing /home/airflow/.local/lib/python3.12/site-packages/airflow/example_dags/example_bash_decorator.py took 0.076 seconds
[2025-02-01T00:03:19.720+0000] {processor.py:186} INFO - Started process (PID=25469) to work on /home/airflow/.local/lib/python3.12/site-packages/airflow/example_dags/example_bash_decorator.py
[2025-02-01T00:03:19.721+0000] {processor.py:914} INFO - Processing file /home/airflow/.local/lib/python3.12/site-packages/airflow/example_dags/example_bash_decorator.py for tasks to queue
[2025-02-01T00:03:19.722+0000] {logging_mixin.py:190} INFO - [2025-02-01T00:03:19.722+0000] {dagbag.py:587} INFO - Filling up the DagBag from /home/airflow/.local/lib/python3.12/site-packages/airflow/example_dags/example_bash_decorator.py
[2025-02-01T00:03:19.734+0000] {processor.py:925} INFO - DAG(s) 'example_bash_decorator' retrieved from /home/airflow/.local/lib/python3.12/site-packages/airflow/example_dags/example_bash_decorator.py
[2025-02-01T00:03:19.754+0000] {logging_mixin.py:190} INFO - [2025-02-01T00:03:19.754+0000] {dag.py:3211} INFO - Sync 1 DAGs
[2025-02-01T00:03:19.767+0000] {logging_mixin.py:190} INFO - [2025-02-01T00:03:19.767+0000] {dag.py:4138} INFO - Setting next_dagrun for example_bash_decorator to None, run_after=None
[2025-02-01T00:03:19.786+0000] {processor.py:208} INFO - Processing /home/airflow/.local/lib/python3.12/site-packages/airflow/example_dags/example_bash_decorator.py took 0.070 seconds
[2025-02-01T00:03:50.906+0000] {processor.py:186} INFO - Started process (PID=25532) to work on /home/airflow/.local/lib/python3.12/site-packages/airflow/example_dags/example_bash_decorator.py
[2025-02-01T00:03:50.907+0000] {processor.py:914} INFO - Processing file /home/airflow/.local/lib/python3.12/site-packages/airflow/example_dags/example_bash_decorator.py for tasks to queue
[2025-02-01T00:03:50.908+0000] {logging_mixin.py:190} INFO - [2025-02-01T00:03:50.908+0000] {dagbag.py:587} INFO - Filling up the DagBag from /home/airflow/.local/lib/python3.12/site-packages/airflow/example_dags/example_bash_decorator.py
[2025-02-01T00:03:50.919+0000] {processor.py:925} INFO - DAG(s) 'example_bash_decorator' retrieved from /home/airflow/.local/lib/python3.12/site-packages/airflow/example_dags/example_bash_decorator.py
[2025-02-01T00:03:50.939+0000] {logging_mixin.py:190} INFO - [2025-02-01T00:03:50.939+0000] {dag.py:3211} INFO - Sync 1 DAGs
[2025-02-01T00:03:50.952+0000] {logging_mixin.py:190} INFO - [2025-02-01T00:03:50.952+0000] {dag.py:4138} INFO - Setting next_dagrun for example_bash_decorator to None, run_after=None
[2025-02-01T00:03:50.969+0000] {processor.py:208} INFO - Processing /home/airflow/.local/lib/python3.12/site-packages/airflow/example_dags/example_bash_decorator.py took 0.068 seconds
[2025-02-01T00:04:21.216+0000] {processor.py:186} INFO - Started process (PID=25595) to work on /home/airflow/.local/lib/python3.12/site-packages/airflow/example_dags/example_bash_decorator.py
[2025-02-01T00:04:21.217+0000] {processor.py:914} INFO - Processing file /home/airflow/.local/lib/python3.12/site-packages/airflow/example_dags/example_bash_decorator.py for tasks to queue
[2025-02-01T00:04:21.219+0000] {logging_mixin.py:190} INFO - [2025-02-01T00:04:21.218+0000] {dagbag.py:587} INFO - Filling up the DagBag from /home/airflow/.local/lib/python3.12/site-packages/airflow/example_dags/example_bash_decorator.py
[2025-02-01T00:04:21.230+0000] {processor.py:925} INFO - DAG(s) 'example_bash_decorator' retrieved from /home/airflow/.local/lib/python3.12/site-packages/airflow/example_dags/example_bash_decorator.py
[2025-02-01T00:04:21.250+0000] {logging_mixin.py:190} INFO - [2025-02-01T00:04:21.250+0000] {dag.py:3211} INFO - Sync 1 DAGs
[2025-02-01T00:04:21.263+0000] {logging_mixin.py:190} INFO - [2025-02-01T00:04:21.262+0000] {dag.py:4138} INFO - Setting next_dagrun for example_bash_decorator to None, run_after=None
[2025-02-01T00:04:21.281+0000] {processor.py:208} INFO - Processing /home/airflow/.local/lib/python3.12/site-packages/airflow/example_dags/example_bash_decorator.py took 0.069 seconds
[2025-02-01T00:04:52.228+0000] {processor.py:186} INFO - Started process (PID=25658) to work on /home/airflow/.local/lib/python3.12/site-packages/airflow/example_dags/example_bash_decorator.py
[2025-02-01T00:04:52.229+0000] {processor.py:914} INFO - Processing file /home/airflow/.local/lib/python3.12/site-packages/airflow/example_dags/example_bash_decorator.py for tasks to queue
[2025-02-01T00:04:52.230+0000] {logging_mixin.py:190} INFO - [2025-02-01T00:04:52.230+0000] {dagbag.py:587} INFO - Filling up the DagBag from /home/airflow/.local/lib/python3.12/site-packages/airflow/example_dags/example_bash_decorator.py
[2025-02-01T00:04:52.241+0000] {processor.py:925} INFO - DAG(s) 'example_bash_decorator' retrieved from /home/airflow/.local/lib/python3.12/site-packages/airflow/example_dags/example_bash_decorator.py
[2025-02-01T00:04:52.262+0000] {logging_mixin.py:190} INFO - [2025-02-01T00:04:52.262+0000] {dag.py:3211} INFO - Sync 1 DAGs
[2025-02-01T00:04:52.275+0000] {logging_mixin.py:190} INFO - [2025-02-01T00:04:52.275+0000] {dag.py:4138} INFO - Setting next_dagrun for example_bash_decorator to None, run_after=None
[2025-02-01T00:04:52.292+0000] {processor.py:208} INFO - Processing /home/airflow/.local/lib/python3.12/site-packages/airflow/example_dags/example_bash_decorator.py took 0.068 seconds
[2025-02-01T00:05:22.530+0000] {processor.py:186} INFO - Started process (PID=25721) to work on /home/airflow/.local/lib/python3.12/site-packages/airflow/example_dags/example_bash_decorator.py
[2025-02-01T00:05:22.531+0000] {processor.py:914} INFO - Processing file /home/airflow/.local/lib/python3.12/site-packages/airflow/example_dags/example_bash_decorator.py for tasks to queue
[2025-02-01T00:05:22.533+0000] {logging_mixin.py:190} INFO - [2025-02-01T00:05:22.532+0000] {dagbag.py:587} INFO - Filling up the DagBag from /home/airflow/.local/lib/python3.12/site-packages/airflow/example_dags/example_bash_decorator.py
[2025-02-01T00:05:22.544+0000] {processor.py:925} INFO - DAG(s) 'example_bash_decorator' retrieved from /home/airflow/.local/lib/python3.12/site-packages/airflow/example_dags/example_bash_decorator.py
[2025-02-01T00:05:22.565+0000] {logging_mixin.py:190} INFO - [2025-02-01T00:05:22.565+0000] {dag.py:3211} INFO - Sync 1 DAGs
[2025-02-01T00:05:22.577+0000] {logging_mixin.py:190} INFO - [2025-02-01T00:05:22.577+0000] {dag.py:4138} INFO - Setting next_dagrun for example_bash_decorator to None, run_after=None
[2025-02-01T00:05:22.595+0000] {processor.py:208} INFO - Processing /home/airflow/.local/lib/python3.12/site-packages/airflow/example_dags/example_bash_decorator.py took 0.070 seconds
[2025-02-01T00:05:52.884+0000] {processor.py:186} INFO - Started process (PID=25784) to work on /home/airflow/.local/lib/python3.12/site-packages/airflow/example_dags/example_bash_decorator.py
[2025-02-01T00:05:52.885+0000] {processor.py:914} INFO - Processing file /home/airflow/.local/lib/python3.12/site-packages/airflow/example_dags/example_bash_decorator.py for tasks to queue
[2025-02-01T00:05:52.886+0000] {logging_mixin.py:190} INFO - [2025-02-01T00:05:52.886+0000] {dagbag.py:587} INFO - Filling up the DagBag from /home/airflow/.local/lib/python3.12/site-packages/airflow/example_dags/example_bash_decorator.py
[2025-02-01T00:05:52.898+0000] {processor.py:925} INFO - DAG(s) 'example_bash_decorator' retrieved from /home/airflow/.local/lib/python3.12/site-packages/airflow/example_dags/example_bash_decorator.py
[2025-02-01T00:05:52.918+0000] {logging_mixin.py:190} INFO - [2025-02-01T00:05:52.918+0000] {dag.py:3211} INFO - Sync 1 DAGs
[2025-02-01T00:05:52.931+0000] {logging_mixin.py:190} INFO - [2025-02-01T00:05:52.931+0000] {dag.py:4138} INFO - Setting next_dagrun for example_bash_decorator to None, run_after=None
[2025-02-01T00:05:52.952+0000] {processor.py:208} INFO - Processing /home/airflow/.local/lib/python3.12/site-packages/airflow/example_dags/example_bash_decorator.py took 0.072 seconds
[2025-02-01T00:06:23.181+0000] {processor.py:186} INFO - Started process (PID=25847) to work on /home/airflow/.local/lib/python3.12/site-packages/airflow/example_dags/example_bash_decorator.py
[2025-02-01T00:06:23.182+0000] {processor.py:914} INFO - Processing file /home/airflow/.local/lib/python3.12/site-packages/airflow/example_dags/example_bash_decorator.py for tasks to queue
[2025-02-01T00:06:23.183+0000] {logging_mixin.py:190} INFO - [2025-02-01T00:06:23.183+0000] {dagbag.py:587} INFO - Filling up the DagBag from /home/airflow/.local/lib/python3.12/site-packages/airflow/example_dags/example_bash_decorator.py
[2025-02-01T00:06:23.197+0000] {processor.py:925} INFO - DAG(s) 'example_bash_decorator' retrieved from /home/airflow/.local/lib/python3.12/site-packages/airflow/example_dags/example_bash_decorator.py
[2025-02-01T00:06:23.220+0000] {logging_mixin.py:190} INFO - [2025-02-01T00:06:23.220+0000] {dag.py:3211} INFO - Sync 1 DAGs
[2025-02-01T00:06:23.234+0000] {logging_mixin.py:190} INFO - [2025-02-01T00:06:23.233+0000] {dag.py:4138} INFO - Setting next_dagrun for example_bash_decorator to None, run_after=None
[2025-02-01T00:06:23.252+0000] {processor.py:208} INFO - Processing /home/airflow/.local/lib/python3.12/site-packages/airflow/example_dags/example_bash_decorator.py took 0.077 seconds
[2025-02-01T00:06:53.462+0000] {processor.py:186} INFO - Started process (PID=25910) to work on /home/airflow/.local/lib/python3.12/site-packages/airflow/example_dags/example_bash_decorator.py
[2025-02-01T00:06:53.463+0000] {processor.py:914} INFO - Processing file /home/airflow/.local/lib/python3.12/site-packages/airflow/example_dags/example_bash_decorator.py for tasks to queue
[2025-02-01T00:06:53.464+0000] {logging_mixin.py:190} INFO - [2025-02-01T00:06:53.464+0000] {dagbag.py:587} INFO - Filling up the DagBag from /home/airflow/.local/lib/python3.12/site-packages/airflow/example_dags/example_bash_decorator.py
[2025-02-01T00:06:53.477+0000] {processor.py:925} INFO - DAG(s) 'example_bash_decorator' retrieved from /home/airflow/.local/lib/python3.12/site-packages/airflow/example_dags/example_bash_decorator.py
[2025-02-01T00:06:53.499+0000] {logging_mixin.py:190} INFO - [2025-02-01T00:06:53.499+0000] {dag.py:3211} INFO - Sync 1 DAGs
[2025-02-01T00:06:53.512+0000] {logging_mixin.py:190} INFO - [2025-02-01T00:06:53.512+0000] {dag.py:4138} INFO - Setting next_dagrun for example_bash_decorator to None, run_after=None
[2025-02-01T00:06:53.531+0000] {processor.py:208} INFO - Processing /home/airflow/.local/lib/python3.12/site-packages/airflow/example_dags/example_bash_decorator.py took 0.074 seconds
[2025-02-01T00:07:23.837+0000] {processor.py:186} INFO - Started process (PID=25973) to work on /home/airflow/.local/lib/python3.12/site-packages/airflow/example_dags/example_bash_decorator.py
[2025-02-01T00:07:23.838+0000] {processor.py:914} INFO - Processing file /home/airflow/.local/lib/python3.12/site-packages/airflow/example_dags/example_bash_decorator.py for tasks to queue
[2025-02-01T00:07:23.839+0000] {logging_mixin.py:190} INFO - [2025-02-01T00:07:23.839+0000] {dagbag.py:587} INFO - Filling up the DagBag from /home/airflow/.local/lib/python3.12/site-packages/airflow/example_dags/example_bash_decorator.py
[2025-02-01T00:07:23.850+0000] {processor.py:925} INFO - DAG(s) 'example_bash_decorator' retrieved from /home/airflow/.local/lib/python3.12/site-packages/airflow/example_dags/example_bash_decorator.py
[2025-02-01T00:07:23.872+0000] {logging_mixin.py:190} INFO - [2025-02-01T00:07:23.872+0000] {dag.py:3211} INFO - Sync 1 DAGs
[2025-02-01T00:07:23.886+0000] {logging_mixin.py:190} INFO - [2025-02-01T00:07:23.885+0000] {dag.py:4138} INFO - Setting next_dagrun for example_bash_decorator to None, run_after=None
[2025-02-01T00:07:23.905+0000] {processor.py:208} INFO - Processing /home/airflow/.local/lib/python3.12/site-packages/airflow/example_dags/example_bash_decorator.py took 0.073 seconds
[2025-02-01T00:07:54.207+0000] {processor.py:186} INFO - Started process (PID=26036) to work on /home/airflow/.local/lib/python3.12/site-packages/airflow/example_dags/example_bash_decorator.py
[2025-02-01T00:07:54.208+0000] {processor.py:914} INFO - Processing file /home/airflow/.local/lib/python3.12/site-packages/airflow/example_dags/example_bash_decorator.py for tasks to queue
[2025-02-01T00:07:54.209+0000] {logging_mixin.py:190} INFO - [2025-02-01T00:07:54.209+0000] {dagbag.py:587} INFO - Filling up the DagBag from /home/airflow/.local/lib/python3.12/site-packages/airflow/example_dags/example_bash_decorator.py
[2025-02-01T00:07:54.221+0000] {processor.py:925} INFO - DAG(s) 'example_bash_decorator' retrieved from /home/airflow/.local/lib/python3.12/site-packages/airflow/example_dags/example_bash_decorator.py
[2025-02-01T00:07:54.242+0000] {logging_mixin.py:190} INFO - [2025-02-01T00:07:54.242+0000] {dag.py:3211} INFO - Sync 1 DAGs
[2025-02-01T00:07:54.255+0000] {logging_mixin.py:190} INFO - [2025-02-01T00:07:54.255+0000] {dag.py:4138} INFO - Setting next_dagrun for example_bash_decorator to None, run_after=None
[2025-02-01T00:07:54.274+0000] {processor.py:208} INFO - Processing /home/airflow/.local/lib/python3.12/site-packages/airflow/example_dags/example_bash_decorator.py took 0.072 seconds
[2025-02-01T00:08:24.471+0000] {processor.py:186} INFO - Started process (PID=26099) to work on /home/airflow/.local/lib/python3.12/site-packages/airflow/example_dags/example_bash_decorator.py
[2025-02-01T00:08:24.472+0000] {processor.py:914} INFO - Processing file /home/airflow/.local/lib/python3.12/site-packages/airflow/example_dags/example_bash_decorator.py for tasks to queue
[2025-02-01T00:08:24.473+0000] {logging_mixin.py:190} INFO - [2025-02-01T00:08:24.472+0000] {dagbag.py:587} INFO - Filling up the DagBag from /home/airflow/.local/lib/python3.12/site-packages/airflow/example_dags/example_bash_decorator.py
[2025-02-01T00:08:24.485+0000] {processor.py:925} INFO - DAG(s) 'example_bash_decorator' retrieved from /home/airflow/.local/lib/python3.12/site-packages/airflow/example_dags/example_bash_decorator.py
[2025-02-01T00:08:24.506+0000] {logging_mixin.py:190} INFO - [2025-02-01T00:08:24.506+0000] {dag.py:3211} INFO - Sync 1 DAGs
[2025-02-01T00:08:24.520+0000] {logging_mixin.py:190} INFO - [2025-02-01T00:08:24.519+0000] {dag.py:4138} INFO - Setting next_dagrun for example_bash_decorator to None, run_after=None
[2025-02-01T00:08:24.541+0000] {processor.py:208} INFO - Processing /home/airflow/.local/lib/python3.12/site-packages/airflow/example_dags/example_bash_decorator.py took 0.075 seconds
[2025-02-01T00:08:54.684+0000] {processor.py:186} INFO - Started process (PID=26162) to work on /home/airflow/.local/lib/python3.12/site-packages/airflow/example_dags/example_bash_decorator.py
[2025-02-01T00:08:54.685+0000] {processor.py:914} INFO - Processing file /home/airflow/.local/lib/python3.12/site-packages/airflow/example_dags/example_bash_decorator.py for tasks to queue
[2025-02-01T00:08:54.687+0000] {logging_mixin.py:190} INFO - [2025-02-01T00:08:54.686+0000] {dagbag.py:587} INFO - Filling up the DagBag from /home/airflow/.local/lib/python3.12/site-packages/airflow/example_dags/example_bash_decorator.py
[2025-02-01T00:08:54.700+0000] {processor.py:925} INFO - DAG(s) 'example_bash_decorator' retrieved from /home/airflow/.local/lib/python3.12/site-packages/airflow/example_dags/example_bash_decorator.py
[2025-02-01T00:08:54.721+0000] {logging_mixin.py:190} INFO - [2025-02-01T00:08:54.721+0000] {dag.py:3211} INFO - Sync 1 DAGs
[2025-02-01T00:08:54.733+0000] {logging_mixin.py:190} INFO - [2025-02-01T00:08:54.733+0000] {dag.py:4138} INFO - Setting next_dagrun for example_bash_decorator to None, run_after=None
[2025-02-01T00:08:54.752+0000] {processor.py:208} INFO - Processing /home/airflow/.local/lib/python3.12/site-packages/airflow/example_dags/example_bash_decorator.py took 0.072 seconds
[2025-02-01T00:09:24.949+0000] {processor.py:186} INFO - Started process (PID=26225) to work on /home/airflow/.local/lib/python3.12/site-packages/airflow/example_dags/example_bash_decorator.py
[2025-02-01T00:09:24.950+0000] {processor.py:914} INFO - Processing file /home/airflow/.local/lib/python3.12/site-packages/airflow/example_dags/example_bash_decorator.py for tasks to queue
[2025-02-01T00:09:24.952+0000] {logging_mixin.py:190} INFO - [2025-02-01T00:09:24.951+0000] {dagbag.py:587} INFO - Filling up the DagBag from /home/airflow/.local/lib/python3.12/site-packages/airflow/example_dags/example_bash_decorator.py
[2025-02-01T00:09:24.964+0000] {processor.py:925} INFO - DAG(s) 'example_bash_decorator' retrieved from /home/airflow/.local/lib/python3.12/site-packages/airflow/example_dags/example_bash_decorator.py
[2025-02-01T00:09:24.985+0000] {logging_mixin.py:190} INFO - [2025-02-01T00:09:24.985+0000] {dag.py:3211} INFO - Sync 1 DAGs
[2025-02-01T00:09:24.998+0000] {logging_mixin.py:190} INFO - [2025-02-01T00:09:24.997+0000] {dag.py:4138} INFO - Setting next_dagrun for example_bash_decorator to None, run_after=None
[2025-02-01T00:09:25.037+0000] {processor.py:208} INFO - Processing /home/airflow/.local/lib/python3.12/site-packages/airflow/example_dags/example_bash_decorator.py took 0.093 seconds
[2025-02-01T00:09:55.269+0000] {processor.py:186} INFO - Started process (PID=26288) to work on /home/airflow/.local/lib/python3.12/site-packages/airflow/example_dags/example_bash_decorator.py
[2025-02-01T00:09:55.270+0000] {processor.py:914} INFO - Processing file /home/airflow/.local/lib/python3.12/site-packages/airflow/example_dags/example_bash_decorator.py for tasks to queue
[2025-02-01T00:09:55.271+0000] {logging_mixin.py:190} INFO - [2025-02-01T00:09:55.271+0000] {dagbag.py:587} INFO - Filling up the DagBag from /home/airflow/.local/lib/python3.12/site-packages/airflow/example_dags/example_bash_decorator.py
[2025-02-01T00:09:55.283+0000] {processor.py:925} INFO - DAG(s) 'example_bash_decorator' retrieved from /home/airflow/.local/lib/python3.12/site-packages/airflow/example_dags/example_bash_decorator.py
[2025-02-01T00:09:55.307+0000] {logging_mixin.py:190} INFO - [2025-02-01T00:09:55.306+0000] {dag.py:3211} INFO - Sync 1 DAGs
[2025-02-01T00:09:55.321+0000] {logging_mixin.py:190} INFO - [2025-02-01T00:09:55.321+0000] {dag.py:4138} INFO - Setting next_dagrun for example_bash_decorator to None, run_after=None
[2025-02-01T00:09:55.341+0000] {processor.py:208} INFO - Processing /home/airflow/.local/lib/python3.12/site-packages/airflow/example_dags/example_bash_decorator.py took 0.077 seconds
[2025-02-01T00:10:25.396+0000] {processor.py:186} INFO - Started process (PID=26350) to work on /home/airflow/.local/lib/python3.12/site-packages/airflow/example_dags/example_bash_decorator.py
[2025-02-01T00:10:25.397+0000] {processor.py:914} INFO - Processing file /home/airflow/.local/lib/python3.12/site-packages/airflow/example_dags/example_bash_decorator.py for tasks to queue
[2025-02-01T00:10:25.398+0000] {logging_mixin.py:190} INFO - [2025-02-01T00:10:25.398+0000] {dagbag.py:587} INFO - Filling up the DagBag from /home/airflow/.local/lib/python3.12/site-packages/airflow/example_dags/example_bash_decorator.py
[2025-02-01T00:10:25.409+0000] {processor.py:925} INFO - DAG(s) 'example_bash_decorator' retrieved from /home/airflow/.local/lib/python3.12/site-packages/airflow/example_dags/example_bash_decorator.py
[2025-02-01T00:10:25.430+0000] {logging_mixin.py:190} INFO - [2025-02-01T00:10:25.430+0000] {dag.py:3211} INFO - Sync 1 DAGs
[2025-02-01T00:10:25.441+0000] {logging_mixin.py:190} INFO - [2025-02-01T00:10:25.441+0000] {dag.py:4138} INFO - Setting next_dagrun for example_bash_decorator to None, run_after=None
[2025-02-01T00:10:25.460+0000] {processor.py:208} INFO - Processing /home/airflow/.local/lib/python3.12/site-packages/airflow/example_dags/example_bash_decorator.py took 0.068 seconds
[2025-02-01T00:10:55.715+0000] {processor.py:186} INFO - Started process (PID=26413) to work on /home/airflow/.local/lib/python3.12/site-packages/airflow/example_dags/example_bash_decorator.py
[2025-02-01T00:10:55.716+0000] {processor.py:914} INFO - Processing file /home/airflow/.local/lib/python3.12/site-packages/airflow/example_dags/example_bash_decorator.py for tasks to queue
[2025-02-01T00:10:55.718+0000] {logging_mixin.py:190} INFO - [2025-02-01T00:10:55.717+0000] {dagbag.py:587} INFO - Filling up the DagBag from /home/airflow/.local/lib/python3.12/site-packages/airflow/example_dags/example_bash_decorator.py
[2025-02-01T00:10:55.729+0000] {processor.py:925} INFO - DAG(s) 'example_bash_decorator' retrieved from /home/airflow/.local/lib/python3.12/site-packages/airflow/example_dags/example_bash_decorator.py
[2025-02-01T00:10:55.751+0000] {logging_mixin.py:190} INFO - [2025-02-01T00:10:55.750+0000] {dag.py:3211} INFO - Sync 1 DAGs
[2025-02-01T00:10:55.764+0000] {logging_mixin.py:190} INFO - [2025-02-01T00:10:55.764+0000] {dag.py:4138} INFO - Setting next_dagrun for example_bash_decorator to None, run_after=None
[2025-02-01T00:10:55.787+0000] {processor.py:208} INFO - Processing /home/airflow/.local/lib/python3.12/site-packages/airflow/example_dags/example_bash_decorator.py took 0.076 seconds
[2025-02-01T00:11:25.998+0000] {processor.py:186} INFO - Started process (PID=26476) to work on /home/airflow/.local/lib/python3.12/site-packages/airflow/example_dags/example_bash_decorator.py
[2025-02-01T00:11:25.999+0000] {processor.py:914} INFO - Processing file /home/airflow/.local/lib/python3.12/site-packages/airflow/example_dags/example_bash_decorator.py for tasks to queue
[2025-02-01T00:11:26.000+0000] {logging_mixin.py:190} INFO - [2025-02-01T00:11:26.000+0000] {dagbag.py:587} INFO - Filling up the DagBag from /home/airflow/.local/lib/python3.12/site-packages/airflow/example_dags/example_bash_decorator.py
[2025-02-01T00:11:26.013+0000] {processor.py:925} INFO - DAG(s) 'example_bash_decorator' retrieved from /home/airflow/.local/lib/python3.12/site-packages/airflow/example_dags/example_bash_decorator.py
[2025-02-01T00:11:26.036+0000] {logging_mixin.py:190} INFO - [2025-02-01T00:11:26.036+0000] {dag.py:3211} INFO - Sync 1 DAGs
[2025-02-01T00:11:26.049+0000] {logging_mixin.py:190} INFO - [2025-02-01T00:11:26.048+0000] {dag.py:4138} INFO - Setting next_dagrun for example_bash_decorator to None, run_after=None
[2025-02-01T00:11:26.068+0000] {processor.py:208} INFO - Processing /home/airflow/.local/lib/python3.12/site-packages/airflow/example_dags/example_bash_decorator.py took 0.075 seconds
[2025-02-01T00:11:56.403+0000] {processor.py:186} INFO - Started process (PID=26539) to work on /home/airflow/.local/lib/python3.12/site-packages/airflow/example_dags/example_bash_decorator.py
[2025-02-01T00:11:56.404+0000] {processor.py:914} INFO - Processing file /home/airflow/.local/lib/python3.12/site-packages/airflow/example_dags/example_bash_decorator.py for tasks to queue
[2025-02-01T00:11:56.405+0000] {logging_mixin.py:190} INFO - [2025-02-01T00:11:56.405+0000] {dagbag.py:587} INFO - Filling up the DagBag from /home/airflow/.local/lib/python3.12/site-packages/airflow/example_dags/example_bash_decorator.py
[2025-02-01T00:11:56.417+0000] {processor.py:925} INFO - DAG(s) 'example_bash_decorator' retrieved from /home/airflow/.local/lib/python3.12/site-packages/airflow/example_dags/example_bash_decorator.py
[2025-02-01T00:11:56.438+0000] {logging_mixin.py:190} INFO - [2025-02-01T00:11:56.438+0000] {dag.py:3211} INFO - Sync 1 DAGs
[2025-02-01T00:11:56.451+0000] {logging_mixin.py:190} INFO - [2025-02-01T00:11:56.450+0000] {dag.py:4138} INFO - Setting next_dagrun for example_bash_decorator to None, run_after=None
[2025-02-01T00:11:56.469+0000] {processor.py:208} INFO - Processing /home/airflow/.local/lib/python3.12/site-packages/airflow/example_dags/example_bash_decorator.py took 0.071 seconds
[2025-02-01T00:12:26.747+0000] {processor.py:186} INFO - Started process (PID=26602) to work on /home/airflow/.local/lib/python3.12/site-packages/airflow/example_dags/example_bash_decorator.py
[2025-02-01T00:12:26.748+0000] {processor.py:914} INFO - Processing file /home/airflow/.local/lib/python3.12/site-packages/airflow/example_dags/example_bash_decorator.py for tasks to queue
[2025-02-01T00:12:26.749+0000] {logging_mixin.py:190} INFO - [2025-02-01T00:12:26.749+0000] {dagbag.py:587} INFO - Filling up the DagBag from /home/airflow/.local/lib/python3.12/site-packages/airflow/example_dags/example_bash_decorator.py
[2025-02-01T00:12:26.761+0000] {processor.py:925} INFO - DAG(s) 'example_bash_decorator' retrieved from /home/airflow/.local/lib/python3.12/site-packages/airflow/example_dags/example_bash_decorator.py
[2025-02-01T00:12:26.784+0000] {logging_mixin.py:190} INFO - [2025-02-01T00:12:26.783+0000] {dag.py:3211} INFO - Sync 1 DAGs
[2025-02-01T00:12:26.797+0000] {logging_mixin.py:190} INFO - [2025-02-01T00:12:26.797+0000] {dag.py:4138} INFO - Setting next_dagrun for example_bash_decorator to None, run_after=None
[2025-02-01T00:12:26.819+0000] {processor.py:208} INFO - Processing /home/airflow/.local/lib/python3.12/site-packages/airflow/example_dags/example_bash_decorator.py took 0.077 seconds
[2025-02-01T00:12:56.958+0000] {processor.py:186} INFO - Started process (PID=26665) to work on /home/airflow/.local/lib/python3.12/site-packages/airflow/example_dags/example_bash_decorator.py
[2025-02-01T00:12:56.959+0000] {processor.py:914} INFO - Processing file /home/airflow/.local/lib/python3.12/site-packages/airflow/example_dags/example_bash_decorator.py for tasks to queue
[2025-02-01T00:12:56.960+0000] {logging_mixin.py:190} INFO - [2025-02-01T00:12:56.960+0000] {dagbag.py:587} INFO - Filling up the DagBag from /home/airflow/.local/lib/python3.12/site-packages/airflow/example_dags/example_bash_decorator.py
[2025-02-01T00:12:56.972+0000] {processor.py:925} INFO - DAG(s) 'example_bash_decorator' retrieved from /home/airflow/.local/lib/python3.12/site-packages/airflow/example_dags/example_bash_decorator.py
[2025-02-01T00:12:56.991+0000] {logging_mixin.py:190} INFO - [2025-02-01T00:12:56.991+0000] {dag.py:3211} INFO - Sync 1 DAGs
[2025-02-01T00:12:57.003+0000] {logging_mixin.py:190} INFO - [2025-02-01T00:12:57.003+0000] {dag.py:4138} INFO - Setting next_dagrun for example_bash_decorator to None, run_after=None
[2025-02-01T00:12:57.020+0000] {processor.py:208} INFO - Processing /home/airflow/.local/lib/python3.12/site-packages/airflow/example_dags/example_bash_decorator.py took 0.066 seconds
[2025-02-01T00:13:27.063+0000] {processor.py:186} INFO - Started process (PID=26728) to work on /home/airflow/.local/lib/python3.12/site-packages/airflow/example_dags/example_bash_decorator.py
[2025-02-01T00:13:27.064+0000] {processor.py:914} INFO - Processing file /home/airflow/.local/lib/python3.12/site-packages/airflow/example_dags/example_bash_decorator.py for tasks to queue
[2025-02-01T00:13:27.065+0000] {logging_mixin.py:190} INFO - [2025-02-01T00:13:27.065+0000] {dagbag.py:587} INFO - Filling up the DagBag from /home/airflow/.local/lib/python3.12/site-packages/airflow/example_dags/example_bash_decorator.py
[2025-02-01T00:13:27.089+0000] {processor.py:925} INFO - DAG(s) 'example_bash_decorator' retrieved from /home/airflow/.local/lib/python3.12/site-packages/airflow/example_dags/example_bash_decorator.py
[2025-02-01T00:13:27.111+0000] {logging_mixin.py:190} INFO - [2025-02-01T00:13:27.111+0000] {dag.py:3211} INFO - Sync 1 DAGs
[2025-02-01T00:13:27.123+0000] {logging_mixin.py:190} INFO - [2025-02-01T00:13:27.123+0000] {dag.py:4138} INFO - Setting next_dagrun for example_bash_decorator to None, run_after=None
[2025-02-01T00:13:27.141+0000] {processor.py:208} INFO - Processing /home/airflow/.local/lib/python3.12/site-packages/airflow/example_dags/example_bash_decorator.py took 0.082 seconds
[2025-02-01T00:13:57.338+0000] {processor.py:186} INFO - Started process (PID=26791) to work on /home/airflow/.local/lib/python3.12/site-packages/airflow/example_dags/example_bash_decorator.py
[2025-02-01T00:13:57.338+0000] {processor.py:914} INFO - Processing file /home/airflow/.local/lib/python3.12/site-packages/airflow/example_dags/example_bash_decorator.py for tasks to queue
[2025-02-01T00:13:57.340+0000] {logging_mixin.py:190} INFO - [2025-02-01T00:13:57.339+0000] {dagbag.py:587} INFO - Filling up the DagBag from /home/airflow/.local/lib/python3.12/site-packages/airflow/example_dags/example_bash_decorator.py
[2025-02-01T00:13:57.352+0000] {processor.py:925} INFO - DAG(s) 'example_bash_decorator' retrieved from /home/airflow/.local/lib/python3.12/site-packages/airflow/example_dags/example_bash_decorator.py
[2025-02-01T00:13:57.374+0000] {logging_mixin.py:190} INFO - [2025-02-01T00:13:57.374+0000] {dag.py:3211} INFO - Sync 1 DAGs
[2025-02-01T00:13:57.388+0000] {logging_mixin.py:190} INFO - [2025-02-01T00:13:57.387+0000] {dag.py:4138} INFO - Setting next_dagrun for example_bash_decorator to None, run_after=None
[2025-02-01T00:13:57.405+0000] {processor.py:208} INFO - Processing /home/airflow/.local/lib/python3.12/site-packages/airflow/example_dags/example_bash_decorator.py took 0.073 seconds
[2025-02-01T00:14:27.626+0000] {processor.py:186} INFO - Started process (PID=26854) to work on /home/airflow/.local/lib/python3.12/site-packages/airflow/example_dags/example_bash_decorator.py
[2025-02-01T00:14:27.627+0000] {processor.py:914} INFO - Processing file /home/airflow/.local/lib/python3.12/site-packages/airflow/example_dags/example_bash_decorator.py for tasks to queue
[2025-02-01T00:14:27.628+0000] {logging_mixin.py:190} INFO - [2025-02-01T00:14:27.628+0000] {dagbag.py:587} INFO - Filling up the DagBag from /home/airflow/.local/lib/python3.12/site-packages/airflow/example_dags/example_bash_decorator.py
[2025-02-01T00:14:27.638+0000] {processor.py:925} INFO - DAG(s) 'example_bash_decorator' retrieved from /home/airflow/.local/lib/python3.12/site-packages/airflow/example_dags/example_bash_decorator.py
[2025-02-01T00:14:27.659+0000] {logging_mixin.py:190} INFO - [2025-02-01T00:14:27.659+0000] {dag.py:3211} INFO - Sync 1 DAGs
[2025-02-01T00:14:27.672+0000] {logging_mixin.py:190} INFO - [2025-02-01T00:14:27.671+0000] {dag.py:4138} INFO - Setting next_dagrun for example_bash_decorator to None, run_after=None
[2025-02-01T00:14:27.689+0000] {processor.py:208} INFO - Processing /home/airflow/.local/lib/python3.12/site-packages/airflow/example_dags/example_bash_decorator.py took 0.068 seconds
[2025-02-01T00:14:57.937+0000] {processor.py:186} INFO - Started process (PID=26917) to work on /home/airflow/.local/lib/python3.12/site-packages/airflow/example_dags/example_bash_decorator.py
[2025-02-01T00:14:57.938+0000] {processor.py:914} INFO - Processing file /home/airflow/.local/lib/python3.12/site-packages/airflow/example_dags/example_bash_decorator.py for tasks to queue
[2025-02-01T00:14:57.939+0000] {logging_mixin.py:190} INFO - [2025-02-01T00:14:57.939+0000] {dagbag.py:587} INFO - Filling up the DagBag from /home/airflow/.local/lib/python3.12/site-packages/airflow/example_dags/example_bash_decorator.py
[2025-02-01T00:14:57.950+0000] {processor.py:925} INFO - DAG(s) 'example_bash_decorator' retrieved from /home/airflow/.local/lib/python3.12/site-packages/airflow/example_dags/example_bash_decorator.py
[2025-02-01T00:14:57.972+0000] {logging_mixin.py:190} INFO - [2025-02-01T00:14:57.972+0000] {dag.py:3211} INFO - Sync 1 DAGs
[2025-02-01T00:14:57.987+0000] {logging_mixin.py:190} INFO - [2025-02-01T00:14:57.987+0000] {dag.py:4138} INFO - Setting next_dagrun for example_bash_decorator to None, run_after=None
[2025-02-01T00:14:58.005+0000] {processor.py:208} INFO - Processing /home/airflow/.local/lib/python3.12/site-packages/airflow/example_dags/example_bash_decorator.py took 0.072 seconds
[2025-02-01T00:15:28.507+0000] {processor.py:186} INFO - Started process (PID=26980) to work on /home/airflow/.local/lib/python3.12/site-packages/airflow/example_dags/example_bash_decorator.py
[2025-02-01T00:15:28.508+0000] {processor.py:914} INFO - Processing file /home/airflow/.local/lib/python3.12/site-packages/airflow/example_dags/example_bash_decorator.py for tasks to queue
[2025-02-01T00:15:28.510+0000] {logging_mixin.py:190} INFO - [2025-02-01T00:15:28.510+0000] {dagbag.py:587} INFO - Filling up the DagBag from /home/airflow/.local/lib/python3.12/site-packages/airflow/example_dags/example_bash_decorator.py
[2025-02-01T00:15:28.521+0000] {processor.py:925} INFO - DAG(s) 'example_bash_decorator' retrieved from /home/airflow/.local/lib/python3.12/site-packages/airflow/example_dags/example_bash_decorator.py
[2025-02-01T00:15:28.543+0000] {logging_mixin.py:190} INFO - [2025-02-01T00:15:28.543+0000] {dag.py:3211} INFO - Sync 1 DAGs
[2025-02-01T00:15:28.561+0000] {logging_mixin.py:190} INFO - [2025-02-01T00:15:28.560+0000] {dag.py:4138} INFO - Setting next_dagrun for example_bash_decorator to None, run_after=None
[2025-02-01T00:15:28.586+0000] {processor.py:208} INFO - Processing /home/airflow/.local/lib/python3.12/site-packages/airflow/example_dags/example_bash_decorator.py took 0.083 seconds
[2025-02-01T00:15:58.974+0000] {processor.py:186} INFO - Started process (PID=27045) to work on /home/airflow/.local/lib/python3.12/site-packages/airflow/example_dags/example_bash_decorator.py
[2025-02-01T00:15:58.975+0000] {processor.py:914} INFO - Processing file /home/airflow/.local/lib/python3.12/site-packages/airflow/example_dags/example_bash_decorator.py for tasks to queue
[2025-02-01T00:15:58.977+0000] {logging_mixin.py:190} INFO - [2025-02-01T00:15:58.977+0000] {dagbag.py:587} INFO - Filling up the DagBag from /home/airflow/.local/lib/python3.12/site-packages/airflow/example_dags/example_bash_decorator.py
[2025-02-01T00:15:58.997+0000] {processor.py:925} INFO - DAG(s) 'example_bash_decorator' retrieved from /home/airflow/.local/lib/python3.12/site-packages/airflow/example_dags/example_bash_decorator.py
[2025-02-01T00:15:59.018+0000] {logging_mixin.py:190} INFO - [2025-02-01T00:15:59.018+0000] {dag.py:3211} INFO - Sync 1 DAGs
[2025-02-01T00:15:59.030+0000] {logging_mixin.py:190} INFO - [2025-02-01T00:15:59.030+0000] {dag.py:4138} INFO - Setting next_dagrun for example_bash_decorator to None, run_after=None
[2025-02-01T00:15:59.051+0000] {processor.py:208} INFO - Processing /home/airflow/.local/lib/python3.12/site-packages/airflow/example_dags/example_bash_decorator.py took 0.082 seconds
