[2025-02-01T00:00:06.337+0000] {processor.py:186} INFO - Started process (PID=25066) to work on /home/airflow/.local/lib/python3.12/site-packages/airflow/example_dags/example_branch_operator_decorator.py
[2025-02-01T00:00:06.338+0000] {processor.py:914} INFO - Processing file /home/airflow/.local/lib/python3.12/site-packages/airflow/example_dags/example_branch_operator_decorator.py for tasks to queue
[2025-02-01T00:00:06.340+0000] {logging_mixin.py:190} INFO - [2025-02-01T00:00:06.339+0000] {dagbag.py:587} INFO - Filling up the DagBag from /home/airflow/.local/lib/python3.12/site-packages/airflow/example_dags/example_branch_operator_decorator.py
[2025-02-01T00:00:06.357+0000] {processor.py:925} INFO - DAG(s) 'example_branch_python_operator_decorator' retrieved from /home/airflow/.local/lib/python3.12/site-packages/airflow/example_dags/example_branch_operator_decorator.py
[2025-02-01T00:00:06.383+0000] {logging_mixin.py:190} INFO - [2025-02-01T00:00:06.383+0000] {dag.py:3211} INFO - Sync 1 DAGs
[2025-02-01T00:00:06.406+0000] {logging_mixin.py:190} INFO - [2025-02-01T00:00:06.406+0000] {dag.py:4138} INFO - Setting next_dagrun for example_branch_python_operator_decorator to 2025-01-31 00:00:00+00:00, run_after=2025-02-01 00:00:00+00:00
[2025-02-01T00:00:06.426+0000] {processor.py:208} INFO - Processing /home/airflow/.local/lib/python3.12/site-packages/airflow/example_dags/example_branch_operator_decorator.py took 0.095 seconds
[2025-02-01T00:00:36.956+0000] {processor.py:186} INFO - Started process (PID=25129) to work on /home/airflow/.local/lib/python3.12/site-packages/airflow/example_dags/example_branch_operator_decorator.py
[2025-02-01T00:00:36.957+0000] {processor.py:914} INFO - Processing file /home/airflow/.local/lib/python3.12/site-packages/airflow/example_dags/example_branch_operator_decorator.py for tasks to queue
[2025-02-01T00:00:36.958+0000] {logging_mixin.py:190} INFO - [2025-02-01T00:00:36.958+0000] {dagbag.py:587} INFO - Filling up the DagBag from /home/airflow/.local/lib/python3.12/site-packages/airflow/example_dags/example_branch_operator_decorator.py
[2025-02-01T00:00:36.976+0000] {processor.py:925} INFO - DAG(s) 'example_branch_python_operator_decorator' retrieved from /home/airflow/.local/lib/python3.12/site-packages/airflow/example_dags/example_branch_operator_decorator.py
[2025-02-01T00:00:37.001+0000] {logging_mixin.py:190} INFO - [2025-02-01T00:00:37.001+0000] {dag.py:3211} INFO - Sync 1 DAGs
[2025-02-01T00:00:37.023+0000] {logging_mixin.py:190} INFO - [2025-02-01T00:00:37.023+0000] {dag.py:4138} INFO - Setting next_dagrun for example_branch_python_operator_decorator to 2025-01-31 00:00:00+00:00, run_after=2025-02-01 00:00:00+00:00
[2025-02-01T00:00:37.043+0000] {processor.py:208} INFO - Processing /home/airflow/.local/lib/python3.12/site-packages/airflow/example_dags/example_branch_operator_decorator.py took 0.092 seconds
[2025-02-01T00:01:07.160+0000] {processor.py:186} INFO - Started process (PID=25192) to work on /home/airflow/.local/lib/python3.12/site-packages/airflow/example_dags/example_branch_operator_decorator.py
[2025-02-01T00:01:07.161+0000] {processor.py:914} INFO - Processing file /home/airflow/.local/lib/python3.12/site-packages/airflow/example_dags/example_branch_operator_decorator.py for tasks to queue
[2025-02-01T00:01:07.162+0000] {logging_mixin.py:190} INFO - [2025-02-01T00:01:07.162+0000] {dagbag.py:587} INFO - Filling up the DagBag from /home/airflow/.local/lib/python3.12/site-packages/airflow/example_dags/example_branch_operator_decorator.py
[2025-02-01T00:01:07.180+0000] {processor.py:925} INFO - DAG(s) 'example_branch_python_operator_decorator' retrieved from /home/airflow/.local/lib/python3.12/site-packages/airflow/example_dags/example_branch_operator_decorator.py
[2025-02-01T00:01:07.204+0000] {logging_mixin.py:190} INFO - [2025-02-01T00:01:07.204+0000] {dag.py:3211} INFO - Sync 1 DAGs
[2025-02-01T00:01:07.224+0000] {logging_mixin.py:190} INFO - [2025-02-01T00:01:07.224+0000] {dag.py:4138} INFO - Setting next_dagrun for example_branch_python_operator_decorator to 2025-01-31 00:00:00+00:00, run_after=2025-02-01 00:00:00+00:00
[2025-02-01T00:01:07.243+0000] {processor.py:208} INFO - Processing /home/airflow/.local/lib/python3.12/site-packages/airflow/example_dags/example_branch_operator_decorator.py took 0.088 seconds
[2025-02-01T00:01:37.343+0000] {processor.py:186} INFO - Started process (PID=25255) to work on /home/airflow/.local/lib/python3.12/site-packages/airflow/example_dags/example_branch_operator_decorator.py
[2025-02-01T00:01:37.344+0000] {processor.py:914} INFO - Processing file /home/airflow/.local/lib/python3.12/site-packages/airflow/example_dags/example_branch_operator_decorator.py for tasks to queue
[2025-02-01T00:01:37.346+0000] {logging_mixin.py:190} INFO - [2025-02-01T00:01:37.345+0000] {dagbag.py:587} INFO - Filling up the DagBag from /home/airflow/.local/lib/python3.12/site-packages/airflow/example_dags/example_branch_operator_decorator.py
[2025-02-01T00:01:37.364+0000] {processor.py:925} INFO - DAG(s) 'example_branch_python_operator_decorator' retrieved from /home/airflow/.local/lib/python3.12/site-packages/airflow/example_dags/example_branch_operator_decorator.py
[2025-02-01T00:01:37.390+0000] {logging_mixin.py:190} INFO - [2025-02-01T00:01:37.389+0000] {dag.py:3211} INFO - Sync 1 DAGs
[2025-02-01T00:01:37.412+0000] {logging_mixin.py:190} INFO - [2025-02-01T00:01:37.412+0000] {dag.py:4138} INFO - Setting next_dagrun for example_branch_python_operator_decorator to 2025-01-31 00:00:00+00:00, run_after=2025-02-01 00:00:00+00:00
[2025-02-01T00:01:37.432+0000] {processor.py:208} INFO - Processing /home/airflow/.local/lib/python3.12/site-packages/airflow/example_dags/example_branch_operator_decorator.py took 0.093 seconds
[2025-02-01T00:02:07.593+0000] {processor.py:186} INFO - Started process (PID=25318) to work on /home/airflow/.local/lib/python3.12/site-packages/airflow/example_dags/example_branch_operator_decorator.py
[2025-02-01T00:02:07.594+0000] {processor.py:914} INFO - Processing file /home/airflow/.local/lib/python3.12/site-packages/airflow/example_dags/example_branch_operator_decorator.py for tasks to queue
[2025-02-01T00:02:07.595+0000] {logging_mixin.py:190} INFO - [2025-02-01T00:02:07.594+0000] {dagbag.py:587} INFO - Filling up the DagBag from /home/airflow/.local/lib/python3.12/site-packages/airflow/example_dags/example_branch_operator_decorator.py
[2025-02-01T00:02:07.613+0000] {processor.py:925} INFO - DAG(s) 'example_branch_python_operator_decorator' retrieved from /home/airflow/.local/lib/python3.12/site-packages/airflow/example_dags/example_branch_operator_decorator.py
[2025-02-01T00:02:07.640+0000] {logging_mixin.py:190} INFO - [2025-02-01T00:02:07.639+0000] {dag.py:3211} INFO - Sync 1 DAGs
[2025-02-01T00:02:07.660+0000] {logging_mixin.py:190} INFO - [2025-02-01T00:02:07.660+0000] {dag.py:4138} INFO - Setting next_dagrun for example_branch_python_operator_decorator to 2025-01-31 00:00:00+00:00, run_after=2025-02-01 00:00:00+00:00
[2025-02-01T00:02:07.681+0000] {processor.py:208} INFO - Processing /home/airflow/.local/lib/python3.12/site-packages/airflow/example_dags/example_branch_operator_decorator.py took 0.093 seconds
[2025-02-01T00:02:37.733+0000] {processor.py:186} INFO - Started process (PID=25381) to work on /home/airflow/.local/lib/python3.12/site-packages/airflow/example_dags/example_branch_operator_decorator.py
[2025-02-01T00:02:37.734+0000] {processor.py:914} INFO - Processing file /home/airflow/.local/lib/python3.12/site-packages/airflow/example_dags/example_branch_operator_decorator.py for tasks to queue
[2025-02-01T00:02:37.735+0000] {logging_mixin.py:190} INFO - [2025-02-01T00:02:37.735+0000] {dagbag.py:587} INFO - Filling up the DagBag from /home/airflow/.local/lib/python3.12/site-packages/airflow/example_dags/example_branch_operator_decorator.py
[2025-02-01T00:02:37.754+0000] {processor.py:925} INFO - DAG(s) 'example_branch_python_operator_decorator' retrieved from /home/airflow/.local/lib/python3.12/site-packages/airflow/example_dags/example_branch_operator_decorator.py
[2025-02-01T00:02:37.779+0000] {logging_mixin.py:190} INFO - [2025-02-01T00:02:37.779+0000] {dag.py:3211} INFO - Sync 1 DAGs
[2025-02-01T00:02:37.800+0000] {logging_mixin.py:190} INFO - [2025-02-01T00:02:37.799+0000] {dag.py:4138} INFO - Setting next_dagrun for example_branch_python_operator_decorator to 2025-01-31 00:00:00+00:00, run_after=2025-02-01 00:00:00+00:00
[2025-02-01T00:02:37.818+0000] {processor.py:208} INFO - Processing /home/airflow/.local/lib/python3.12/site-packages/airflow/example_dags/example_branch_operator_decorator.py took 0.090 seconds
[2025-02-01T00:03:07.955+0000] {processor.py:186} INFO - Started process (PID=25444) to work on /home/airflow/.local/lib/python3.12/site-packages/airflow/example_dags/example_branch_operator_decorator.py
[2025-02-01T00:03:07.956+0000] {processor.py:914} INFO - Processing file /home/airflow/.local/lib/python3.12/site-packages/airflow/example_dags/example_branch_operator_decorator.py for tasks to queue
[2025-02-01T00:03:07.957+0000] {logging_mixin.py:190} INFO - [2025-02-01T00:03:07.956+0000] {dagbag.py:587} INFO - Filling up the DagBag from /home/airflow/.local/lib/python3.12/site-packages/airflow/example_dags/example_branch_operator_decorator.py
[2025-02-01T00:03:07.976+0000] {processor.py:925} INFO - DAG(s) 'example_branch_python_operator_decorator' retrieved from /home/airflow/.local/lib/python3.12/site-packages/airflow/example_dags/example_branch_operator_decorator.py
[2025-02-01T00:03:08.003+0000] {logging_mixin.py:190} INFO - [2025-02-01T00:03:08.002+0000] {dag.py:3211} INFO - Sync 1 DAGs
[2025-02-01T00:03:08.024+0000] {logging_mixin.py:190} INFO - [2025-02-01T00:03:08.024+0000] {dag.py:4138} INFO - Setting next_dagrun for example_branch_python_operator_decorator to 2025-01-31 00:00:00+00:00, run_after=2025-02-01 00:00:00+00:00
[2025-02-01T00:03:08.049+0000] {processor.py:208} INFO - Processing /home/airflow/.local/lib/python3.12/site-packages/airflow/example_dags/example_branch_operator_decorator.py took 0.099 seconds
[2025-02-01T00:03:38.247+0000] {processor.py:186} INFO - Started process (PID=25507) to work on /home/airflow/.local/lib/python3.12/site-packages/airflow/example_dags/example_branch_operator_decorator.py
[2025-02-01T00:03:38.248+0000] {processor.py:914} INFO - Processing file /home/airflow/.local/lib/python3.12/site-packages/airflow/example_dags/example_branch_operator_decorator.py for tasks to queue
[2025-02-01T00:03:38.249+0000] {logging_mixin.py:190} INFO - [2025-02-01T00:03:38.249+0000] {dagbag.py:587} INFO - Filling up the DagBag from /home/airflow/.local/lib/python3.12/site-packages/airflow/example_dags/example_branch_operator_decorator.py
[2025-02-01T00:03:38.266+0000] {processor.py:925} INFO - DAG(s) 'example_branch_python_operator_decorator' retrieved from /home/airflow/.local/lib/python3.12/site-packages/airflow/example_dags/example_branch_operator_decorator.py
[2025-02-01T00:03:38.291+0000] {logging_mixin.py:190} INFO - [2025-02-01T00:03:38.290+0000] {dag.py:3211} INFO - Sync 1 DAGs
[2025-02-01T00:03:38.311+0000] {logging_mixin.py:190} INFO - [2025-02-01T00:03:38.310+0000] {dag.py:4138} INFO - Setting next_dagrun for example_branch_python_operator_decorator to 2025-01-31 00:00:00+00:00, run_after=2025-02-01 00:00:00+00:00
[2025-02-01T00:03:38.327+0000] {processor.py:208} INFO - Processing /home/airflow/.local/lib/python3.12/site-packages/airflow/example_dags/example_branch_operator_decorator.py took 0.084 seconds
[2025-02-01T00:04:08.562+0000] {processor.py:186} INFO - Started process (PID=25570) to work on /home/airflow/.local/lib/python3.12/site-packages/airflow/example_dags/example_branch_operator_decorator.py
[2025-02-01T00:04:08.563+0000] {processor.py:914} INFO - Processing file /home/airflow/.local/lib/python3.12/site-packages/airflow/example_dags/example_branch_operator_decorator.py for tasks to queue
[2025-02-01T00:04:08.564+0000] {logging_mixin.py:190} INFO - [2025-02-01T00:04:08.564+0000] {dagbag.py:587} INFO - Filling up the DagBag from /home/airflow/.local/lib/python3.12/site-packages/airflow/example_dags/example_branch_operator_decorator.py
[2025-02-01T00:04:08.580+0000] {processor.py:925} INFO - DAG(s) 'example_branch_python_operator_decorator' retrieved from /home/airflow/.local/lib/python3.12/site-packages/airflow/example_dags/example_branch_operator_decorator.py
[2025-02-01T00:04:08.604+0000] {logging_mixin.py:190} INFO - [2025-02-01T00:04:08.604+0000] {dag.py:3211} INFO - Sync 1 DAGs
[2025-02-01T00:04:08.624+0000] {logging_mixin.py:190} INFO - [2025-02-01T00:04:08.624+0000] {dag.py:4138} INFO - Setting next_dagrun for example_branch_python_operator_decorator to 2025-01-31 00:00:00+00:00, run_after=2025-02-01 00:00:00+00:00
[2025-02-01T00:04:08.641+0000] {processor.py:208} INFO - Processing /home/airflow/.local/lib/python3.12/site-packages/airflow/example_dags/example_branch_operator_decorator.py took 0.083 seconds
[2025-02-01T00:04:38.798+0000] {processor.py:186} INFO - Started process (PID=25633) to work on /home/airflow/.local/lib/python3.12/site-packages/airflow/example_dags/example_branch_operator_decorator.py
[2025-02-01T00:04:38.799+0000] {processor.py:914} INFO - Processing file /home/airflow/.local/lib/python3.12/site-packages/airflow/example_dags/example_branch_operator_decorator.py for tasks to queue
[2025-02-01T00:04:38.801+0000] {logging_mixin.py:190} INFO - [2025-02-01T00:04:38.800+0000] {dagbag.py:587} INFO - Filling up the DagBag from /home/airflow/.local/lib/python3.12/site-packages/airflow/example_dags/example_branch_operator_decorator.py
[2025-02-01T00:04:38.818+0000] {processor.py:925} INFO - DAG(s) 'example_branch_python_operator_decorator' retrieved from /home/airflow/.local/lib/python3.12/site-packages/airflow/example_dags/example_branch_operator_decorator.py
[2025-02-01T00:04:38.843+0000] {logging_mixin.py:190} INFO - [2025-02-01T00:04:38.842+0000] {dag.py:3211} INFO - Sync 1 DAGs
[2025-02-01T00:04:38.865+0000] {logging_mixin.py:190} INFO - [2025-02-01T00:04:38.865+0000] {dag.py:4138} INFO - Setting next_dagrun for example_branch_python_operator_decorator to 2025-01-31 00:00:00+00:00, run_after=2025-02-01 00:00:00+00:00
[2025-02-01T00:04:38.883+0000] {processor.py:208} INFO - Processing /home/airflow/.local/lib/python3.12/site-packages/airflow/example_dags/example_branch_operator_decorator.py took 0.090 seconds
[2025-02-01T00:05:09.015+0000] {processor.py:186} INFO - Started process (PID=25696) to work on /home/airflow/.local/lib/python3.12/site-packages/airflow/example_dags/example_branch_operator_decorator.py
[2025-02-01T00:05:09.016+0000] {processor.py:914} INFO - Processing file /home/airflow/.local/lib/python3.12/site-packages/airflow/example_dags/example_branch_operator_decorator.py for tasks to queue
[2025-02-01T00:05:09.017+0000] {logging_mixin.py:190} INFO - [2025-02-01T00:05:09.017+0000] {dagbag.py:587} INFO - Filling up the DagBag from /home/airflow/.local/lib/python3.12/site-packages/airflow/example_dags/example_branch_operator_decorator.py
[2025-02-01T00:05:09.035+0000] {processor.py:925} INFO - DAG(s) 'example_branch_python_operator_decorator' retrieved from /home/airflow/.local/lib/python3.12/site-packages/airflow/example_dags/example_branch_operator_decorator.py
[2025-02-01T00:05:09.061+0000] {logging_mixin.py:190} INFO - [2025-02-01T00:05:09.061+0000] {dag.py:3211} INFO - Sync 1 DAGs
[2025-02-01T00:05:09.083+0000] {logging_mixin.py:190} INFO - [2025-02-01T00:05:09.082+0000] {dag.py:4138} INFO - Setting next_dagrun for example_branch_python_operator_decorator to 2025-01-31 00:00:00+00:00, run_after=2025-02-01 00:00:00+00:00
[2025-02-01T00:05:09.102+0000] {processor.py:208} INFO - Processing /home/airflow/.local/lib/python3.12/site-packages/airflow/example_dags/example_branch_operator_decorator.py took 0.092 seconds
[2025-02-01T00:05:39.294+0000] {processor.py:186} INFO - Started process (PID=25759) to work on /home/airflow/.local/lib/python3.12/site-packages/airflow/example_dags/example_branch_operator_decorator.py
[2025-02-01T00:05:39.295+0000] {processor.py:914} INFO - Processing file /home/airflow/.local/lib/python3.12/site-packages/airflow/example_dags/example_branch_operator_decorator.py for tasks to queue
[2025-02-01T00:05:39.297+0000] {logging_mixin.py:190} INFO - [2025-02-01T00:05:39.296+0000] {dagbag.py:587} INFO - Filling up the DagBag from /home/airflow/.local/lib/python3.12/site-packages/airflow/example_dags/example_branch_operator_decorator.py
[2025-02-01T00:05:39.315+0000] {processor.py:925} INFO - DAG(s) 'example_branch_python_operator_decorator' retrieved from /home/airflow/.local/lib/python3.12/site-packages/airflow/example_dags/example_branch_operator_decorator.py
[2025-02-01T00:05:39.343+0000] {logging_mixin.py:190} INFO - [2025-02-01T00:05:39.343+0000] {dag.py:3211} INFO - Sync 1 DAGs
[2025-02-01T00:05:39.366+0000] {logging_mixin.py:190} INFO - [2025-02-01T00:05:39.365+0000] {dag.py:4138} INFO - Setting next_dagrun for example_branch_python_operator_decorator to 2025-01-31 00:00:00+00:00, run_after=2025-02-01 00:00:00+00:00
[2025-02-01T00:05:39.383+0000] {processor.py:208} INFO - Processing /home/airflow/.local/lib/python3.12/site-packages/airflow/example_dags/example_branch_operator_decorator.py took 0.094 seconds
[2025-02-01T00:06:09.490+0000] {processor.py:186} INFO - Started process (PID=25822) to work on /home/airflow/.local/lib/python3.12/site-packages/airflow/example_dags/example_branch_operator_decorator.py
[2025-02-01T00:06:09.491+0000] {processor.py:914} INFO - Processing file /home/airflow/.local/lib/python3.12/site-packages/airflow/example_dags/example_branch_operator_decorator.py for tasks to queue
[2025-02-01T00:06:09.492+0000] {logging_mixin.py:190} INFO - [2025-02-01T00:06:09.492+0000] {dagbag.py:587} INFO - Filling up the DagBag from /home/airflow/.local/lib/python3.12/site-packages/airflow/example_dags/example_branch_operator_decorator.py
[2025-02-01T00:06:09.514+0000] {processor.py:925} INFO - DAG(s) 'example_branch_python_operator_decorator' retrieved from /home/airflow/.local/lib/python3.12/site-packages/airflow/example_dags/example_branch_operator_decorator.py
[2025-02-01T00:06:09.538+0000] {logging_mixin.py:190} INFO - [2025-02-01T00:06:09.538+0000] {dag.py:3211} INFO - Sync 1 DAGs
[2025-02-01T00:06:09.559+0000] {logging_mixin.py:190} INFO - [2025-02-01T00:06:09.558+0000] {dag.py:4138} INFO - Setting next_dagrun for example_branch_python_operator_decorator to 2025-01-31 00:00:00+00:00, run_after=2025-02-01 00:00:00+00:00
[2025-02-01T00:06:09.577+0000] {processor.py:208} INFO - Processing /home/airflow/.local/lib/python3.12/site-packages/airflow/example_dags/example_branch_operator_decorator.py took 0.092 seconds
[2025-02-01T00:06:39.652+0000] {processor.py:186} INFO - Started process (PID=25885) to work on /home/airflow/.local/lib/python3.12/site-packages/airflow/example_dags/example_branch_operator_decorator.py
[2025-02-01T00:06:39.653+0000] {processor.py:914} INFO - Processing file /home/airflow/.local/lib/python3.12/site-packages/airflow/example_dags/example_branch_operator_decorator.py for tasks to queue
[2025-02-01T00:06:39.655+0000] {logging_mixin.py:190} INFO - [2025-02-01T00:06:39.654+0000] {dagbag.py:587} INFO - Filling up the DagBag from /home/airflow/.local/lib/python3.12/site-packages/airflow/example_dags/example_branch_operator_decorator.py
[2025-02-01T00:06:39.672+0000] {processor.py:925} INFO - DAG(s) 'example_branch_python_operator_decorator' retrieved from /home/airflow/.local/lib/python3.12/site-packages/airflow/example_dags/example_branch_operator_decorator.py
[2025-02-01T00:06:39.698+0000] {logging_mixin.py:190} INFO - [2025-02-01T00:06:39.697+0000] {dag.py:3211} INFO - Sync 1 DAGs
[2025-02-01T00:06:39.719+0000] {logging_mixin.py:190} INFO - [2025-02-01T00:06:39.719+0000] {dag.py:4138} INFO - Setting next_dagrun for example_branch_python_operator_decorator to 2025-01-31 00:00:00+00:00, run_after=2025-02-01 00:00:00+00:00
[2025-02-01T00:06:39.740+0000] {processor.py:208} INFO - Processing /home/airflow/.local/lib/python3.12/site-packages/airflow/example_dags/example_branch_operator_decorator.py took 0.093 seconds
[2025-02-01T00:07:09.923+0000] {processor.py:186} INFO - Started process (PID=25948) to work on /home/airflow/.local/lib/python3.12/site-packages/airflow/example_dags/example_branch_operator_decorator.py
[2025-02-01T00:07:09.924+0000] {processor.py:914} INFO - Processing file /home/airflow/.local/lib/python3.12/site-packages/airflow/example_dags/example_branch_operator_decorator.py for tasks to queue
[2025-02-01T00:07:09.925+0000] {logging_mixin.py:190} INFO - [2025-02-01T00:07:09.924+0000] {dagbag.py:587} INFO - Filling up the DagBag from /home/airflow/.local/lib/python3.12/site-packages/airflow/example_dags/example_branch_operator_decorator.py
[2025-02-01T00:07:09.943+0000] {processor.py:925} INFO - DAG(s) 'example_branch_python_operator_decorator' retrieved from /home/airflow/.local/lib/python3.12/site-packages/airflow/example_dags/example_branch_operator_decorator.py
[2025-02-01T00:07:09.971+0000] {logging_mixin.py:190} INFO - [2025-02-01T00:07:09.970+0000] {dag.py:3211} INFO - Sync 1 DAGs
[2025-02-01T00:07:09.993+0000] {logging_mixin.py:190} INFO - [2025-02-01T00:07:09.993+0000] {dag.py:4138} INFO - Setting next_dagrun for example_branch_python_operator_decorator to 2025-01-31 00:00:00+00:00, run_after=2025-02-01 00:00:00+00:00
[2025-02-01T00:07:10.013+0000] {processor.py:208} INFO - Processing /home/airflow/.local/lib/python3.12/site-packages/airflow/example_dags/example_branch_operator_decorator.py took 0.095 seconds
[2025-02-01T00:07:40.338+0000] {processor.py:186} INFO - Started process (PID=26011) to work on /home/airflow/.local/lib/python3.12/site-packages/airflow/example_dags/example_branch_operator_decorator.py
[2025-02-01T00:07:40.339+0000] {processor.py:914} INFO - Processing file /home/airflow/.local/lib/python3.12/site-packages/airflow/example_dags/example_branch_operator_decorator.py for tasks to queue
[2025-02-01T00:07:40.340+0000] {logging_mixin.py:190} INFO - [2025-02-01T00:07:40.340+0000] {dagbag.py:587} INFO - Filling up the DagBag from /home/airflow/.local/lib/python3.12/site-packages/airflow/example_dags/example_branch_operator_decorator.py
[2025-02-01T00:07:40.359+0000] {processor.py:925} INFO - DAG(s) 'example_branch_python_operator_decorator' retrieved from /home/airflow/.local/lib/python3.12/site-packages/airflow/example_dags/example_branch_operator_decorator.py
[2025-02-01T00:07:40.385+0000] {logging_mixin.py:190} INFO - [2025-02-01T00:07:40.385+0000] {dag.py:3211} INFO - Sync 1 DAGs
[2025-02-01T00:07:40.408+0000] {logging_mixin.py:190} INFO - [2025-02-01T00:07:40.408+0000] {dag.py:4138} INFO - Setting next_dagrun for example_branch_python_operator_decorator to 2025-01-31 00:00:00+00:00, run_after=2025-02-01 00:00:00+00:00
[2025-02-01T00:07:40.433+0000] {processor.py:208} INFO - Processing /home/airflow/.local/lib/python3.12/site-packages/airflow/example_dags/example_branch_operator_decorator.py took 0.100 seconds
[2025-02-01T00:08:10.631+0000] {processor.py:186} INFO - Started process (PID=26074) to work on /home/airflow/.local/lib/python3.12/site-packages/airflow/example_dags/example_branch_operator_decorator.py
[2025-02-01T00:08:10.632+0000] {processor.py:914} INFO - Processing file /home/airflow/.local/lib/python3.12/site-packages/airflow/example_dags/example_branch_operator_decorator.py for tasks to queue
[2025-02-01T00:08:10.633+0000] {logging_mixin.py:190} INFO - [2025-02-01T00:08:10.633+0000] {dagbag.py:587} INFO - Filling up the DagBag from /home/airflow/.local/lib/python3.12/site-packages/airflow/example_dags/example_branch_operator_decorator.py
[2025-02-01T00:08:10.650+0000] {processor.py:925} INFO - DAG(s) 'example_branch_python_operator_decorator' retrieved from /home/airflow/.local/lib/python3.12/site-packages/airflow/example_dags/example_branch_operator_decorator.py
[2025-02-01T00:08:10.675+0000] {logging_mixin.py:190} INFO - [2025-02-01T00:08:10.675+0000] {dag.py:3211} INFO - Sync 1 DAGs
[2025-02-01T00:08:10.697+0000] {logging_mixin.py:190} INFO - [2025-02-01T00:08:10.697+0000] {dag.py:4138} INFO - Setting next_dagrun for example_branch_python_operator_decorator to 2025-01-31 00:00:00+00:00, run_after=2025-02-01 00:00:00+00:00
[2025-02-01T00:08:10.715+0000] {processor.py:208} INFO - Processing /home/airflow/.local/lib/python3.12/site-packages/airflow/example_dags/example_branch_operator_decorator.py took 0.089 seconds
[2025-02-01T00:08:41.075+0000] {processor.py:186} INFO - Started process (PID=26137) to work on /home/airflow/.local/lib/python3.12/site-packages/airflow/example_dags/example_branch_operator_decorator.py
[2025-02-01T00:08:41.076+0000] {processor.py:914} INFO - Processing file /home/airflow/.local/lib/python3.12/site-packages/airflow/example_dags/example_branch_operator_decorator.py for tasks to queue
[2025-02-01T00:08:41.077+0000] {logging_mixin.py:190} INFO - [2025-02-01T00:08:41.076+0000] {dagbag.py:587} INFO - Filling up the DagBag from /home/airflow/.local/lib/python3.12/site-packages/airflow/example_dags/example_branch_operator_decorator.py
[2025-02-01T00:08:41.096+0000] {processor.py:925} INFO - DAG(s) 'example_branch_python_operator_decorator' retrieved from /home/airflow/.local/lib/python3.12/site-packages/airflow/example_dags/example_branch_operator_decorator.py
[2025-02-01T00:08:41.123+0000] {logging_mixin.py:190} INFO - [2025-02-01T00:08:41.123+0000] {dag.py:3211} INFO - Sync 1 DAGs
[2025-02-01T00:08:41.145+0000] {logging_mixin.py:190} INFO - [2025-02-01T00:08:41.145+0000] {dag.py:4138} INFO - Setting next_dagrun for example_branch_python_operator_decorator to 2025-01-31 00:00:00+00:00, run_after=2025-02-01 00:00:00+00:00
[2025-02-01T00:08:41.163+0000] {processor.py:208} INFO - Processing /home/airflow/.local/lib/python3.12/site-packages/airflow/example_dags/example_branch_operator_decorator.py took 0.093 seconds
[2025-02-01T00:09:11.241+0000] {processor.py:186} INFO - Started process (PID=26200) to work on /home/airflow/.local/lib/python3.12/site-packages/airflow/example_dags/example_branch_operator_decorator.py
[2025-02-01T00:09:11.242+0000] {processor.py:914} INFO - Processing file /home/airflow/.local/lib/python3.12/site-packages/airflow/example_dags/example_branch_operator_decorator.py for tasks to queue
[2025-02-01T00:09:11.244+0000] {logging_mixin.py:190} INFO - [2025-02-01T00:09:11.243+0000] {dagbag.py:587} INFO - Filling up the DagBag from /home/airflow/.local/lib/python3.12/site-packages/airflow/example_dags/example_branch_operator_decorator.py
[2025-02-01T00:09:11.262+0000] {processor.py:925} INFO - DAG(s) 'example_branch_python_operator_decorator' retrieved from /home/airflow/.local/lib/python3.12/site-packages/airflow/example_dags/example_branch_operator_decorator.py
[2025-02-01T00:09:11.290+0000] {logging_mixin.py:190} INFO - [2025-02-01T00:09:11.289+0000] {dag.py:3211} INFO - Sync 1 DAGs
[2025-02-01T00:09:11.315+0000] {logging_mixin.py:190} INFO - [2025-02-01T00:09:11.315+0000] {dag.py:4138} INFO - Setting next_dagrun for example_branch_python_operator_decorator to 2025-01-31 00:00:00+00:00, run_after=2025-02-01 00:00:00+00:00
[2025-02-01T00:09:11.335+0000] {processor.py:208} INFO - Processing /home/airflow/.local/lib/python3.12/site-packages/airflow/example_dags/example_branch_operator_decorator.py took 0.100 seconds
[2025-02-01T00:09:41.513+0000] {processor.py:186} INFO - Started process (PID=26264) to work on /home/airflow/.local/lib/python3.12/site-packages/airflow/example_dags/example_branch_operator_decorator.py
[2025-02-01T00:09:41.514+0000] {processor.py:914} INFO - Processing file /home/airflow/.local/lib/python3.12/site-packages/airflow/example_dags/example_branch_operator_decorator.py for tasks to queue
[2025-02-01T00:09:41.515+0000] {logging_mixin.py:190} INFO - [2025-02-01T00:09:41.515+0000] {dagbag.py:587} INFO - Filling up the DagBag from /home/airflow/.local/lib/python3.12/site-packages/airflow/example_dags/example_branch_operator_decorator.py
[2025-02-01T00:09:41.534+0000] {processor.py:925} INFO - DAG(s) 'example_branch_python_operator_decorator' retrieved from /home/airflow/.local/lib/python3.12/site-packages/airflow/example_dags/example_branch_operator_decorator.py
[2025-02-01T00:09:41.561+0000] {logging_mixin.py:190} INFO - [2025-02-01T00:09:41.561+0000] {dag.py:3211} INFO - Sync 1 DAGs
[2025-02-01T00:09:41.583+0000] {logging_mixin.py:190} INFO - [2025-02-01T00:09:41.583+0000] {dag.py:4138} INFO - Setting next_dagrun for example_branch_python_operator_decorator to 2025-01-31 00:00:00+00:00, run_after=2025-02-01 00:00:00+00:00
[2025-02-01T00:09:41.602+0000] {processor.py:208} INFO - Processing /home/airflow/.local/lib/python3.12/site-packages/airflow/example_dags/example_branch_operator_decorator.py took 0.093 seconds
[2025-02-01T00:10:11.745+0000] {processor.py:186} INFO - Started process (PID=26326) to work on /home/airflow/.local/lib/python3.12/site-packages/airflow/example_dags/example_branch_operator_decorator.py
[2025-02-01T00:10:11.746+0000] {processor.py:914} INFO - Processing file /home/airflow/.local/lib/python3.12/site-packages/airflow/example_dags/example_branch_operator_decorator.py for tasks to queue
[2025-02-01T00:10:11.747+0000] {logging_mixin.py:190} INFO - [2025-02-01T00:10:11.746+0000] {dagbag.py:587} INFO - Filling up the DagBag from /home/airflow/.local/lib/python3.12/site-packages/airflow/example_dags/example_branch_operator_decorator.py
[2025-02-01T00:10:11.764+0000] {processor.py:925} INFO - DAG(s) 'example_branch_python_operator_decorator' retrieved from /home/airflow/.local/lib/python3.12/site-packages/airflow/example_dags/example_branch_operator_decorator.py
[2025-02-01T00:10:11.789+0000] {logging_mixin.py:190} INFO - [2025-02-01T00:10:11.788+0000] {dag.py:3211} INFO - Sync 1 DAGs
[2025-02-01T00:10:11.811+0000] {logging_mixin.py:190} INFO - [2025-02-01T00:10:11.811+0000] {dag.py:4138} INFO - Setting next_dagrun for example_branch_python_operator_decorator to 2025-01-31 00:00:00+00:00, run_after=2025-02-01 00:00:00+00:00
[2025-02-01T00:10:11.829+0000] {processor.py:208} INFO - Processing /home/airflow/.local/lib/python3.12/site-packages/airflow/example_dags/example_branch_operator_decorator.py took 0.089 seconds
[2025-02-01T00:10:42.333+0000] {processor.py:186} INFO - Started process (PID=26389) to work on /home/airflow/.local/lib/python3.12/site-packages/airflow/example_dags/example_branch_operator_decorator.py
[2025-02-01T00:10:42.334+0000] {processor.py:914} INFO - Processing file /home/airflow/.local/lib/python3.12/site-packages/airflow/example_dags/example_branch_operator_decorator.py for tasks to queue
[2025-02-01T00:10:42.336+0000] {logging_mixin.py:190} INFO - [2025-02-01T00:10:42.335+0000] {dagbag.py:587} INFO - Filling up the DagBag from /home/airflow/.local/lib/python3.12/site-packages/airflow/example_dags/example_branch_operator_decorator.py
[2025-02-01T00:10:42.353+0000] {processor.py:925} INFO - DAG(s) 'example_branch_python_operator_decorator' retrieved from /home/airflow/.local/lib/python3.12/site-packages/airflow/example_dags/example_branch_operator_decorator.py
[2025-02-01T00:10:42.377+0000] {logging_mixin.py:190} INFO - [2025-02-01T00:10:42.377+0000] {dag.py:3211} INFO - Sync 1 DAGs
[2025-02-01T00:10:42.398+0000] {logging_mixin.py:190} INFO - [2025-02-01T00:10:42.397+0000] {dag.py:4138} INFO - Setting next_dagrun for example_branch_python_operator_decorator to 2025-01-31 00:00:00+00:00, run_after=2025-02-01 00:00:00+00:00
[2025-02-01T00:10:42.416+0000] {processor.py:208} INFO - Processing /home/airflow/.local/lib/python3.12/site-packages/airflow/example_dags/example_branch_operator_decorator.py took 0.087 seconds
[2025-02-01T00:11:12.497+0000] {processor.py:186} INFO - Started process (PID=26452) to work on /home/airflow/.local/lib/python3.12/site-packages/airflow/example_dags/example_branch_operator_decorator.py
[2025-02-01T00:11:12.498+0000] {processor.py:914} INFO - Processing file /home/airflow/.local/lib/python3.12/site-packages/airflow/example_dags/example_branch_operator_decorator.py for tasks to queue
[2025-02-01T00:11:12.499+0000] {logging_mixin.py:190} INFO - [2025-02-01T00:11:12.499+0000] {dagbag.py:587} INFO - Filling up the DagBag from /home/airflow/.local/lib/python3.12/site-packages/airflow/example_dags/example_branch_operator_decorator.py
[2025-02-01T00:11:12.516+0000] {processor.py:925} INFO - DAG(s) 'example_branch_python_operator_decorator' retrieved from /home/airflow/.local/lib/python3.12/site-packages/airflow/example_dags/example_branch_operator_decorator.py
[2025-02-01T00:11:12.542+0000] {logging_mixin.py:190} INFO - [2025-02-01T00:11:12.541+0000] {dag.py:3211} INFO - Sync 1 DAGs
[2025-02-01T00:11:12.564+0000] {logging_mixin.py:190} INFO - [2025-02-01T00:11:12.564+0000] {dag.py:4138} INFO - Setting next_dagrun for example_branch_python_operator_decorator to 2025-01-31 00:00:00+00:00, run_after=2025-02-01 00:00:00+00:00
[2025-02-01T00:11:12.583+0000] {processor.py:208} INFO - Processing /home/airflow/.local/lib/python3.12/site-packages/airflow/example_dags/example_branch_operator_decorator.py took 0.092 seconds
[2025-02-01T00:11:42.774+0000] {processor.py:186} INFO - Started process (PID=26515) to work on /home/airflow/.local/lib/python3.12/site-packages/airflow/example_dags/example_branch_operator_decorator.py
[2025-02-01T00:11:42.775+0000] {processor.py:914} INFO - Processing file /home/airflow/.local/lib/python3.12/site-packages/airflow/example_dags/example_branch_operator_decorator.py for tasks to queue
[2025-02-01T00:11:42.776+0000] {logging_mixin.py:190} INFO - [2025-02-01T00:11:42.776+0000] {dagbag.py:587} INFO - Filling up the DagBag from /home/airflow/.local/lib/python3.12/site-packages/airflow/example_dags/example_branch_operator_decorator.py
[2025-02-01T00:11:42.794+0000] {processor.py:925} INFO - DAG(s) 'example_branch_python_operator_decorator' retrieved from /home/airflow/.local/lib/python3.12/site-packages/airflow/example_dags/example_branch_operator_decorator.py
[2025-02-01T00:11:42.820+0000] {logging_mixin.py:190} INFO - [2025-02-01T00:11:42.820+0000] {dag.py:3211} INFO - Sync 1 DAGs
[2025-02-01T00:11:42.845+0000] {logging_mixin.py:190} INFO - [2025-02-01T00:11:42.845+0000] {dag.py:4138} INFO - Setting next_dagrun for example_branch_python_operator_decorator to 2025-01-31 00:00:00+00:00, run_after=2025-02-01 00:00:00+00:00
[2025-02-01T00:11:42.863+0000] {processor.py:208} INFO - Processing /home/airflow/.local/lib/python3.12/site-packages/airflow/example_dags/example_branch_operator_decorator.py took 0.094 seconds
[2025-02-01T00:12:13.060+0000] {processor.py:186} INFO - Started process (PID=26578) to work on /home/airflow/.local/lib/python3.12/site-packages/airflow/example_dags/example_branch_operator_decorator.py
[2025-02-01T00:12:13.061+0000] {processor.py:914} INFO - Processing file /home/airflow/.local/lib/python3.12/site-packages/airflow/example_dags/example_branch_operator_decorator.py for tasks to queue
[2025-02-01T00:12:13.062+0000] {logging_mixin.py:190} INFO - [2025-02-01T00:12:13.062+0000] {dagbag.py:587} INFO - Filling up the DagBag from /home/airflow/.local/lib/python3.12/site-packages/airflow/example_dags/example_branch_operator_decorator.py
[2025-02-01T00:12:13.079+0000] {processor.py:925} INFO - DAG(s) 'example_branch_python_operator_decorator' retrieved from /home/airflow/.local/lib/python3.12/site-packages/airflow/example_dags/example_branch_operator_decorator.py
[2025-02-01T00:12:13.104+0000] {logging_mixin.py:190} INFO - [2025-02-01T00:12:13.104+0000] {dag.py:3211} INFO - Sync 1 DAGs
[2025-02-01T00:12:13.125+0000] {logging_mixin.py:190} INFO - [2025-02-01T00:12:13.125+0000] {dag.py:4138} INFO - Setting next_dagrun for example_branch_python_operator_decorator to 2025-01-31 00:00:00+00:00, run_after=2025-02-01 00:00:00+00:00
[2025-02-01T00:12:13.142+0000] {processor.py:208} INFO - Processing /home/airflow/.local/lib/python3.12/site-packages/airflow/example_dags/example_branch_operator_decorator.py took 0.087 seconds
[2025-02-01T00:12:43.417+0000] {processor.py:186} INFO - Started process (PID=26641) to work on /home/airflow/.local/lib/python3.12/site-packages/airflow/example_dags/example_branch_operator_decorator.py
[2025-02-01T00:12:43.418+0000] {processor.py:914} INFO - Processing file /home/airflow/.local/lib/python3.12/site-packages/airflow/example_dags/example_branch_operator_decorator.py for tasks to queue
[2025-02-01T00:12:43.419+0000] {logging_mixin.py:190} INFO - [2025-02-01T00:12:43.418+0000] {dagbag.py:587} INFO - Filling up the DagBag from /home/airflow/.local/lib/python3.12/site-packages/airflow/example_dags/example_branch_operator_decorator.py
[2025-02-01T00:12:43.438+0000] {processor.py:925} INFO - DAG(s) 'example_branch_python_operator_decorator' retrieved from /home/airflow/.local/lib/python3.12/site-packages/airflow/example_dags/example_branch_operator_decorator.py
[2025-02-01T00:12:43.463+0000] {logging_mixin.py:190} INFO - [2025-02-01T00:12:43.463+0000] {dag.py:3211} INFO - Sync 1 DAGs
[2025-02-01T00:12:43.485+0000] {logging_mixin.py:190} INFO - [2025-02-01T00:12:43.485+0000] {dag.py:4138} INFO - Setting next_dagrun for example_branch_python_operator_decorator to 2025-01-31 00:00:00+00:00, run_after=2025-02-01 00:00:00+00:00
[2025-02-01T00:12:43.505+0000] {processor.py:208} INFO - Processing /home/airflow/.local/lib/python3.12/site-packages/airflow/example_dags/example_branch_operator_decorator.py took 0.094 seconds
[2025-02-01T00:13:13.590+0000] {processor.py:186} INFO - Started process (PID=26704) to work on /home/airflow/.local/lib/python3.12/site-packages/airflow/example_dags/example_branch_operator_decorator.py
[2025-02-01T00:13:13.590+0000] {processor.py:914} INFO - Processing file /home/airflow/.local/lib/python3.12/site-packages/airflow/example_dags/example_branch_operator_decorator.py for tasks to queue
[2025-02-01T00:13:13.591+0000] {logging_mixin.py:190} INFO - [2025-02-01T00:13:13.591+0000] {dagbag.py:587} INFO - Filling up the DagBag from /home/airflow/.local/lib/python3.12/site-packages/airflow/example_dags/example_branch_operator_decorator.py
[2025-02-01T00:13:13.607+0000] {processor.py:925} INFO - DAG(s) 'example_branch_python_operator_decorator' retrieved from /home/airflow/.local/lib/python3.12/site-packages/airflow/example_dags/example_branch_operator_decorator.py
[2025-02-01T00:13:13.630+0000] {logging_mixin.py:190} INFO - [2025-02-01T00:13:13.630+0000] {dag.py:3211} INFO - Sync 1 DAGs
[2025-02-01T00:13:13.650+0000] {logging_mixin.py:190} INFO - [2025-02-01T00:13:13.650+0000] {dag.py:4138} INFO - Setting next_dagrun for example_branch_python_operator_decorator to 2025-01-31 00:00:00+00:00, run_after=2025-02-01 00:00:00+00:00
[2025-02-01T00:13:13.668+0000] {processor.py:208} INFO - Processing /home/airflow/.local/lib/python3.12/site-packages/airflow/example_dags/example_branch_operator_decorator.py took 0.084 seconds
[2025-02-01T00:13:43.889+0000] {processor.py:186} INFO - Started process (PID=26767) to work on /home/airflow/.local/lib/python3.12/site-packages/airflow/example_dags/example_branch_operator_decorator.py
[2025-02-01T00:13:43.890+0000] {processor.py:914} INFO - Processing file /home/airflow/.local/lib/python3.12/site-packages/airflow/example_dags/example_branch_operator_decorator.py for tasks to queue
[2025-02-01T00:13:43.891+0000] {logging_mixin.py:190} INFO - [2025-02-01T00:13:43.890+0000] {dagbag.py:587} INFO - Filling up the DagBag from /home/airflow/.local/lib/python3.12/site-packages/airflow/example_dags/example_branch_operator_decorator.py
[2025-02-01T00:13:43.907+0000] {processor.py:925} INFO - DAG(s) 'example_branch_python_operator_decorator' retrieved from /home/airflow/.local/lib/python3.12/site-packages/airflow/example_dags/example_branch_operator_decorator.py
[2025-02-01T00:13:43.932+0000] {logging_mixin.py:190} INFO - [2025-02-01T00:13:43.932+0000] {dag.py:3211} INFO - Sync 1 DAGs
[2025-02-01T00:13:43.953+0000] {logging_mixin.py:190} INFO - [2025-02-01T00:13:43.953+0000] {dag.py:4138} INFO - Setting next_dagrun for example_branch_python_operator_decorator to 2025-01-31 00:00:00+00:00, run_after=2025-02-01 00:00:00+00:00
[2025-02-01T00:13:43.969+0000] {processor.py:208} INFO - Processing /home/airflow/.local/lib/python3.12/site-packages/airflow/example_dags/example_branch_operator_decorator.py took 0.085 seconds
[2025-02-01T00:14:14.158+0000] {processor.py:186} INFO - Started process (PID=26830) to work on /home/airflow/.local/lib/python3.12/site-packages/airflow/example_dags/example_branch_operator_decorator.py
[2025-02-01T00:14:14.159+0000] {processor.py:914} INFO - Processing file /home/airflow/.local/lib/python3.12/site-packages/airflow/example_dags/example_branch_operator_decorator.py for tasks to queue
[2025-02-01T00:14:14.160+0000] {logging_mixin.py:190} INFO - [2025-02-01T00:14:14.160+0000] {dagbag.py:587} INFO - Filling up the DagBag from /home/airflow/.local/lib/python3.12/site-packages/airflow/example_dags/example_branch_operator_decorator.py
[2025-02-01T00:14:14.176+0000] {processor.py:925} INFO - DAG(s) 'example_branch_python_operator_decorator' retrieved from /home/airflow/.local/lib/python3.12/site-packages/airflow/example_dags/example_branch_operator_decorator.py
[2025-02-01T00:14:14.201+0000] {logging_mixin.py:190} INFO - [2025-02-01T00:14:14.201+0000] {dag.py:3211} INFO - Sync 1 DAGs
[2025-02-01T00:14:14.220+0000] {logging_mixin.py:190} INFO - [2025-02-01T00:14:14.220+0000] {dag.py:4138} INFO - Setting next_dagrun for example_branch_python_operator_decorator to 2025-01-31 00:00:00+00:00, run_after=2025-02-01 00:00:00+00:00
[2025-02-01T00:14:14.242+0000] {processor.py:208} INFO - Processing /home/airflow/.local/lib/python3.12/site-packages/airflow/example_dags/example_branch_operator_decorator.py took 0.088 seconds
[2025-02-01T00:14:44.497+0000] {processor.py:186} INFO - Started process (PID=26893) to work on /home/airflow/.local/lib/python3.12/site-packages/airflow/example_dags/example_branch_operator_decorator.py
[2025-02-01T00:14:44.498+0000] {processor.py:914} INFO - Processing file /home/airflow/.local/lib/python3.12/site-packages/airflow/example_dags/example_branch_operator_decorator.py for tasks to queue
[2025-02-01T00:14:44.499+0000] {logging_mixin.py:190} INFO - [2025-02-01T00:14:44.499+0000] {dagbag.py:587} INFO - Filling up the DagBag from /home/airflow/.local/lib/python3.12/site-packages/airflow/example_dags/example_branch_operator_decorator.py
[2025-02-01T00:14:44.524+0000] {processor.py:925} INFO - DAG(s) 'example_branch_python_operator_decorator' retrieved from /home/airflow/.local/lib/python3.12/site-packages/airflow/example_dags/example_branch_operator_decorator.py
[2025-02-01T00:14:44.557+0000] {logging_mixin.py:190} INFO - [2025-02-01T00:14:44.557+0000] {dag.py:3211} INFO - Sync 1 DAGs
[2025-02-01T00:14:44.581+0000] {logging_mixin.py:190} INFO - [2025-02-01T00:14:44.581+0000] {dag.py:4138} INFO - Setting next_dagrun for example_branch_python_operator_decorator to 2025-01-31 00:00:00+00:00, run_after=2025-02-01 00:00:00+00:00
[2025-02-01T00:14:44.607+0000] {processor.py:208} INFO - Processing /home/airflow/.local/lib/python3.12/site-packages/airflow/example_dags/example_branch_operator_decorator.py took 0.115 seconds
[2025-02-01T00:15:14.948+0000] {processor.py:186} INFO - Started process (PID=26956) to work on /home/airflow/.local/lib/python3.12/site-packages/airflow/example_dags/example_branch_operator_decorator.py
[2025-02-01T00:15:14.949+0000] {processor.py:914} INFO - Processing file /home/airflow/.local/lib/python3.12/site-packages/airflow/example_dags/example_branch_operator_decorator.py for tasks to queue
[2025-02-01T00:15:14.950+0000] {logging_mixin.py:190} INFO - [2025-02-01T00:15:14.950+0000] {dagbag.py:587} INFO - Filling up the DagBag from /home/airflow/.local/lib/python3.12/site-packages/airflow/example_dags/example_branch_operator_decorator.py
[2025-02-01T00:15:14.967+0000] {processor.py:925} INFO - DAG(s) 'example_branch_python_operator_decorator' retrieved from /home/airflow/.local/lib/python3.12/site-packages/airflow/example_dags/example_branch_operator_decorator.py
[2025-02-01T00:15:14.993+0000] {logging_mixin.py:190} INFO - [2025-02-01T00:15:14.993+0000] {dag.py:3211} INFO - Sync 1 DAGs
[2025-02-01T00:15:15.014+0000] {logging_mixin.py:190} INFO - [2025-02-01T00:15:15.014+0000] {dag.py:4138} INFO - Setting next_dagrun for example_branch_python_operator_decorator to 2025-01-31 00:00:00+00:00, run_after=2025-02-01 00:00:00+00:00
[2025-02-01T00:15:15.031+0000] {processor.py:208} INFO - Processing /home/airflow/.local/lib/python3.12/site-packages/airflow/example_dags/example_branch_operator_decorator.py took 0.088 seconds
[2025-02-01T00:15:45.364+0000] {processor.py:186} INFO - Started process (PID=27019) to work on /home/airflow/.local/lib/python3.12/site-packages/airflow/example_dags/example_branch_operator_decorator.py
[2025-02-01T00:15:45.365+0000] {processor.py:914} INFO - Processing file /home/airflow/.local/lib/python3.12/site-packages/airflow/example_dags/example_branch_operator_decorator.py for tasks to queue
[2025-02-01T00:15:45.366+0000] {logging_mixin.py:190} INFO - [2025-02-01T00:15:45.366+0000] {dagbag.py:587} INFO - Filling up the DagBag from /home/airflow/.local/lib/python3.12/site-packages/airflow/example_dags/example_branch_operator_decorator.py
[2025-02-01T00:15:45.383+0000] {processor.py:925} INFO - DAG(s) 'example_branch_python_operator_decorator' retrieved from /home/airflow/.local/lib/python3.12/site-packages/airflow/example_dags/example_branch_operator_decorator.py
[2025-02-01T00:15:45.409+0000] {logging_mixin.py:190} INFO - [2025-02-01T00:15:45.409+0000] {dag.py:3211} INFO - Sync 1 DAGs
[2025-02-01T00:15:45.430+0000] {logging_mixin.py:190} INFO - [2025-02-01T00:15:45.430+0000] {dag.py:4138} INFO - Setting next_dagrun for example_branch_python_operator_decorator to 2025-01-31 00:00:00+00:00, run_after=2025-02-01 00:00:00+00:00
[2025-02-01T00:15:45.447+0000] {processor.py:208} INFO - Processing /home/airflow/.local/lib/python3.12/site-packages/airflow/example_dags/example_branch_operator_decorator.py took 0.087 seconds
[2025-02-01T00:16:15.543+0000] {processor.py:186} INFO - Started process (PID=27082) to work on /home/airflow/.local/lib/python3.12/site-packages/airflow/example_dags/example_branch_operator_decorator.py
[2025-02-01T00:16:15.544+0000] {processor.py:914} INFO - Processing file /home/airflow/.local/lib/python3.12/site-packages/airflow/example_dags/example_branch_operator_decorator.py for tasks to queue
[2025-02-01T00:16:15.545+0000] {logging_mixin.py:190} INFO - [2025-02-01T00:16:15.545+0000] {dagbag.py:587} INFO - Filling up the DagBag from /home/airflow/.local/lib/python3.12/site-packages/airflow/example_dags/example_branch_operator_decorator.py
[2025-02-01T00:16:15.563+0000] {processor.py:925} INFO - DAG(s) 'example_branch_python_operator_decorator' retrieved from /home/airflow/.local/lib/python3.12/site-packages/airflow/example_dags/example_branch_operator_decorator.py
[2025-02-01T00:16:15.587+0000] {logging_mixin.py:190} INFO - [2025-02-01T00:16:15.587+0000] {dag.py:3211} INFO - Sync 1 DAGs
[2025-02-01T00:16:15.608+0000] {logging_mixin.py:190} INFO - [2025-02-01T00:16:15.608+0000] {dag.py:4138} INFO - Setting next_dagrun for example_branch_python_operator_decorator to 2025-01-31 00:00:00+00:00, run_after=2025-02-01 00:00:00+00:00
[2025-02-01T00:16:15.627+0000] {processor.py:208} INFO - Processing /home/airflow/.local/lib/python3.12/site-packages/airflow/example_dags/example_branch_operator_decorator.py took 0.089 seconds
