[2025-02-01T00:00:07.585+0000] {processor.py:186} INFO - Started process (PID=25070) to work on /home/airflow/.local/lib/python3.12/site-packages/airflow/example_dags/example_dataset_alias_with_no_taskflow.py
[2025-02-01T00:00:07.586+0000] {processor.py:914} INFO - Processing file /home/airflow/.local/lib/python3.12/site-packages/airflow/example_dags/example_dataset_alias_with_no_taskflow.py for tasks to queue
[2025-02-01T00:00:07.587+0000] {logging_mixin.py:190} INFO - [2025-02-01T00:00:07.586+0000] {dagbag.py:587} INFO - Filling up the DagBag from /home/airflow/.local/lib/python3.12/site-packages/airflow/example_dags/example_dataset_alias_with_no_taskflow.py
[2025-02-01T00:00:07.719+0000] {processor.py:925} INFO - DAG(s) 'dataset_alias_example_alias_producer_with_no_taskflow', 'dataset_alias_example_alias_consumer_with_no_taskflow', 'dataset_s3_bucket_producer_with_no_taskflow', 'dataset_s3_bucket_consumer_with_no_taskflow' retrieved from /home/airflow/.local/lib/python3.12/site-packages/airflow/example_dags/example_dataset_alias_with_no_taskflow.py
[2025-02-01T00:00:07.742+0000] {logging_mixin.py:190} INFO - [2025-02-01T00:00:07.741+0000] {dag.py:3211} INFO - Sync 4 DAGs
[2025-02-01T00:00:07.764+0000] {logging_mixin.py:190} INFO - [2025-02-01T00:00:07.764+0000] {dag.py:4138} INFO - Setting next_dagrun for dataset_alias_example_alias_consumer_with_no_taskflow to None, run_after=None
[2025-02-01T00:00:07.766+0000] {logging_mixin.py:190} INFO - [2025-02-01T00:00:07.766+0000] {dag.py:4138} INFO - Setting next_dagrun for dataset_alias_example_alias_producer_with_no_taskflow to None, run_after=None
[2025-02-01T00:00:07.767+0000] {logging_mixin.py:190} INFO - [2025-02-01T00:00:07.767+0000] {dag.py:4138} INFO - Setting next_dagrun for dataset_s3_bucket_consumer_with_no_taskflow to None, run_after=None
[2025-02-01T00:00:07.768+0000] {logging_mixin.py:190} INFO - [2025-02-01T00:00:07.768+0000] {dag.py:4138} INFO - Setting next_dagrun for dataset_s3_bucket_producer_with_no_taskflow to None, run_after=None
[2025-02-01T00:00:07.788+0000] {processor.py:208} INFO - Processing /home/airflow/.local/lib/python3.12/site-packages/airflow/example_dags/example_dataset_alias_with_no_taskflow.py took 0.208 seconds
[2025-02-01T00:00:38.102+0000] {processor.py:186} INFO - Started process (PID=25132) to work on /home/airflow/.local/lib/python3.12/site-packages/airflow/example_dags/example_dataset_alias_with_no_taskflow.py
[2025-02-01T00:00:38.103+0000] {processor.py:914} INFO - Processing file /home/airflow/.local/lib/python3.12/site-packages/airflow/example_dags/example_dataset_alias_with_no_taskflow.py for tasks to queue
[2025-02-01T00:00:38.105+0000] {logging_mixin.py:190} INFO - [2025-02-01T00:00:38.104+0000] {dagbag.py:587} INFO - Filling up the DagBag from /home/airflow/.local/lib/python3.12/site-packages/airflow/example_dags/example_dataset_alias_with_no_taskflow.py
[2025-02-01T00:00:38.247+0000] {processor.py:925} INFO - DAG(s) 'dataset_s3_bucket_producer_with_no_taskflow', 'dataset_s3_bucket_consumer_with_no_taskflow', 'dataset_alias_example_alias_producer_with_no_taskflow', 'dataset_alias_example_alias_consumer_with_no_taskflow' retrieved from /home/airflow/.local/lib/python3.12/site-packages/airflow/example_dags/example_dataset_alias_with_no_taskflow.py
[2025-02-01T00:00:38.269+0000] {logging_mixin.py:190} INFO - [2025-02-01T00:00:38.268+0000] {dag.py:3211} INFO - Sync 4 DAGs
[2025-02-01T00:00:38.292+0000] {logging_mixin.py:190} INFO - [2025-02-01T00:00:38.292+0000] {dag.py:4138} INFO - Setting next_dagrun for dataset_alias_example_alias_consumer_with_no_taskflow to None, run_after=None
[2025-02-01T00:00:38.295+0000] {logging_mixin.py:190} INFO - [2025-02-01T00:00:38.295+0000] {dag.py:4138} INFO - Setting next_dagrun for dataset_alias_example_alias_producer_with_no_taskflow to None, run_after=None
[2025-02-01T00:00:38.296+0000] {logging_mixin.py:190} INFO - [2025-02-01T00:00:38.296+0000] {dag.py:4138} INFO - Setting next_dagrun for dataset_s3_bucket_consumer_with_no_taskflow to None, run_after=None
[2025-02-01T00:00:38.297+0000] {logging_mixin.py:190} INFO - [2025-02-01T00:00:38.297+0000] {dag.py:4138} INFO - Setting next_dagrun for dataset_s3_bucket_producer_with_no_taskflow to None, run_after=None
[2025-02-01T00:00:38.319+0000] {processor.py:208} INFO - Processing /home/airflow/.local/lib/python3.12/site-packages/airflow/example_dags/example_dataset_alias_with_no_taskflow.py took 0.222 seconds
[2025-02-01T00:01:08.389+0000] {processor.py:186} INFO - Started process (PID=25196) to work on /home/airflow/.local/lib/python3.12/site-packages/airflow/example_dags/example_dataset_alias_with_no_taskflow.py
[2025-02-01T00:01:08.389+0000] {processor.py:914} INFO - Processing file /home/airflow/.local/lib/python3.12/site-packages/airflow/example_dags/example_dataset_alias_with_no_taskflow.py for tasks to queue
[2025-02-01T00:01:08.390+0000] {logging_mixin.py:190} INFO - [2025-02-01T00:01:08.390+0000] {dagbag.py:587} INFO - Filling up the DagBag from /home/airflow/.local/lib/python3.12/site-packages/airflow/example_dags/example_dataset_alias_with_no_taskflow.py
[2025-02-01T00:01:08.519+0000] {processor.py:925} INFO - DAG(s) 'dataset_s3_bucket_consumer_with_no_taskflow', 'dataset_alias_example_alias_consumer_with_no_taskflow', 'dataset_alias_example_alias_producer_with_no_taskflow', 'dataset_s3_bucket_producer_with_no_taskflow' retrieved from /home/airflow/.local/lib/python3.12/site-packages/airflow/example_dags/example_dataset_alias_with_no_taskflow.py
[2025-02-01T00:01:08.538+0000] {logging_mixin.py:190} INFO - [2025-02-01T00:01:08.538+0000] {dag.py:3211} INFO - Sync 4 DAGs
[2025-02-01T00:01:08.557+0000] {logging_mixin.py:190} INFO - [2025-02-01T00:01:08.557+0000] {dag.py:4138} INFO - Setting next_dagrun for dataset_alias_example_alias_consumer_with_no_taskflow to None, run_after=None
[2025-02-01T00:01:08.560+0000] {logging_mixin.py:190} INFO - [2025-02-01T00:01:08.560+0000] {dag.py:4138} INFO - Setting next_dagrun for dataset_alias_example_alias_producer_with_no_taskflow to None, run_after=None
[2025-02-01T00:01:08.561+0000] {logging_mixin.py:190} INFO - [2025-02-01T00:01:08.561+0000] {dag.py:4138} INFO - Setting next_dagrun for dataset_s3_bucket_consumer_with_no_taskflow to None, run_after=None
[2025-02-01T00:01:08.562+0000] {logging_mixin.py:190} INFO - [2025-02-01T00:01:08.562+0000] {dag.py:4138} INFO - Setting next_dagrun for dataset_s3_bucket_producer_with_no_taskflow to None, run_after=None
[2025-02-01T00:01:08.585+0000] {processor.py:208} INFO - Processing /home/airflow/.local/lib/python3.12/site-packages/airflow/example_dags/example_dataset_alias_with_no_taskflow.py took 0.202 seconds
[2025-02-01T00:01:39.587+0000] {processor.py:186} INFO - Started process (PID=25259) to work on /home/airflow/.local/lib/python3.12/site-packages/airflow/example_dags/example_dataset_alias_with_no_taskflow.py
[2025-02-01T00:01:39.588+0000] {processor.py:914} INFO - Processing file /home/airflow/.local/lib/python3.12/site-packages/airflow/example_dags/example_dataset_alias_with_no_taskflow.py for tasks to queue
[2025-02-01T00:01:39.589+0000] {logging_mixin.py:190} INFO - [2025-02-01T00:01:39.589+0000] {dagbag.py:587} INFO - Filling up the DagBag from /home/airflow/.local/lib/python3.12/site-packages/airflow/example_dags/example_dataset_alias_with_no_taskflow.py
[2025-02-01T00:01:39.723+0000] {processor.py:925} INFO - DAG(s) 'dataset_s3_bucket_consumer_with_no_taskflow', 'dataset_alias_example_alias_producer_with_no_taskflow', 'dataset_alias_example_alias_consumer_with_no_taskflow', 'dataset_s3_bucket_producer_with_no_taskflow' retrieved from /home/airflow/.local/lib/python3.12/site-packages/airflow/example_dags/example_dataset_alias_with_no_taskflow.py
[2025-02-01T00:01:39.742+0000] {logging_mixin.py:190} INFO - [2025-02-01T00:01:39.742+0000] {dag.py:3211} INFO - Sync 4 DAGs
[2025-02-01T00:01:39.762+0000] {logging_mixin.py:190} INFO - [2025-02-01T00:01:39.762+0000] {dag.py:4138} INFO - Setting next_dagrun for dataset_alias_example_alias_consumer_with_no_taskflow to None, run_after=None
[2025-02-01T00:01:39.764+0000] {logging_mixin.py:190} INFO - [2025-02-01T00:01:39.764+0000] {dag.py:4138} INFO - Setting next_dagrun for dataset_alias_example_alias_producer_with_no_taskflow to None, run_after=None
[2025-02-01T00:01:39.766+0000] {logging_mixin.py:190} INFO - [2025-02-01T00:01:39.766+0000] {dag.py:4138} INFO - Setting next_dagrun for dataset_s3_bucket_consumer_with_no_taskflow to None, run_after=None
[2025-02-01T00:01:39.767+0000] {logging_mixin.py:190} INFO - [2025-02-01T00:01:39.766+0000] {dag.py:4138} INFO - Setting next_dagrun for dataset_s3_bucket_producer_with_no_taskflow to None, run_after=None
[2025-02-01T00:01:39.793+0000] {processor.py:208} INFO - Processing /home/airflow/.local/lib/python3.12/site-packages/airflow/example_dags/example_dataset_alias_with_no_taskflow.py took 0.211 seconds
[2025-02-01T00:02:09.836+0000] {processor.py:186} INFO - Started process (PID=25322) to work on /home/airflow/.local/lib/python3.12/site-packages/airflow/example_dags/example_dataset_alias_with_no_taskflow.py
[2025-02-01T00:02:09.837+0000] {processor.py:914} INFO - Processing file /home/airflow/.local/lib/python3.12/site-packages/airflow/example_dags/example_dataset_alias_with_no_taskflow.py for tasks to queue
[2025-02-01T00:02:09.838+0000] {logging_mixin.py:190} INFO - [2025-02-01T00:02:09.838+0000] {dagbag.py:587} INFO - Filling up the DagBag from /home/airflow/.local/lib/python3.12/site-packages/airflow/example_dags/example_dataset_alias_with_no_taskflow.py
[2025-02-01T00:02:09.980+0000] {processor.py:925} INFO - DAG(s) 'dataset_s3_bucket_consumer_with_no_taskflow', 'dataset_alias_example_alias_consumer_with_no_taskflow', 'dataset_alias_example_alias_producer_with_no_taskflow', 'dataset_s3_bucket_producer_with_no_taskflow' retrieved from /home/airflow/.local/lib/python3.12/site-packages/airflow/example_dags/example_dataset_alias_with_no_taskflow.py
[2025-02-01T00:02:10.003+0000] {logging_mixin.py:190} INFO - [2025-02-01T00:02:10.002+0000] {dag.py:3211} INFO - Sync 4 DAGs
[2025-02-01T00:02:10.026+0000] {logging_mixin.py:190} INFO - [2025-02-01T00:02:10.026+0000] {dag.py:4138} INFO - Setting next_dagrun for dataset_alias_example_alias_consumer_with_no_taskflow to None, run_after=None
[2025-02-01T00:02:10.029+0000] {logging_mixin.py:190} INFO - [2025-02-01T00:02:10.029+0000] {dag.py:4138} INFO - Setting next_dagrun for dataset_alias_example_alias_producer_with_no_taskflow to None, run_after=None
[2025-02-01T00:02:10.030+0000] {logging_mixin.py:190} INFO - [2025-02-01T00:02:10.030+0000] {dag.py:4138} INFO - Setting next_dagrun for dataset_s3_bucket_consumer_with_no_taskflow to None, run_after=None
[2025-02-01T00:02:10.031+0000] {logging_mixin.py:190} INFO - [2025-02-01T00:02:10.031+0000] {dag.py:4138} INFO - Setting next_dagrun for dataset_s3_bucket_producer_with_no_taskflow to None, run_after=None
[2025-02-01T00:02:10.054+0000] {processor.py:208} INFO - Processing /home/airflow/.local/lib/python3.12/site-packages/airflow/example_dags/example_dataset_alias_with_no_taskflow.py took 0.223 seconds
[2025-02-01T00:02:40.186+0000] {processor.py:186} INFO - Started process (PID=25387) to work on /home/airflow/.local/lib/python3.12/site-packages/airflow/example_dags/example_dataset_alias_with_no_taskflow.py
[2025-02-01T00:02:40.187+0000] {processor.py:914} INFO - Processing file /home/airflow/.local/lib/python3.12/site-packages/airflow/example_dags/example_dataset_alias_with_no_taskflow.py for tasks to queue
[2025-02-01T00:02:40.188+0000] {logging_mixin.py:190} INFO - [2025-02-01T00:02:40.188+0000] {dagbag.py:587} INFO - Filling up the DagBag from /home/airflow/.local/lib/python3.12/site-packages/airflow/example_dags/example_dataset_alias_with_no_taskflow.py
[2025-02-01T00:02:40.317+0000] {processor.py:925} INFO - DAG(s) 'dataset_s3_bucket_consumer_with_no_taskflow', 'dataset_alias_example_alias_producer_with_no_taskflow', 'dataset_alias_example_alias_consumer_with_no_taskflow', 'dataset_s3_bucket_producer_with_no_taskflow' retrieved from /home/airflow/.local/lib/python3.12/site-packages/airflow/example_dags/example_dataset_alias_with_no_taskflow.py
[2025-02-01T00:02:40.338+0000] {logging_mixin.py:190} INFO - [2025-02-01T00:02:40.338+0000] {dag.py:3211} INFO - Sync 4 DAGs
[2025-02-01T00:02:40.359+0000] {logging_mixin.py:190} INFO - [2025-02-01T00:02:40.359+0000] {dag.py:4138} INFO - Setting next_dagrun for dataset_alias_example_alias_consumer_with_no_taskflow to None, run_after=None
[2025-02-01T00:02:40.362+0000] {logging_mixin.py:190} INFO - [2025-02-01T00:02:40.362+0000] {dag.py:4138} INFO - Setting next_dagrun for dataset_alias_example_alias_producer_with_no_taskflow to None, run_after=None
[2025-02-01T00:02:40.364+0000] {logging_mixin.py:190} INFO - [2025-02-01T00:02:40.363+0000] {dag.py:4138} INFO - Setting next_dagrun for dataset_s3_bucket_consumer_with_no_taskflow to None, run_after=None
[2025-02-01T00:02:40.365+0000] {logging_mixin.py:190} INFO - [2025-02-01T00:02:40.364+0000] {dag.py:4138} INFO - Setting next_dagrun for dataset_s3_bucket_producer_with_no_taskflow to None, run_after=None
[2025-02-01T00:02:40.386+0000] {processor.py:208} INFO - Processing /home/airflow/.local/lib/python3.12/site-packages/airflow/example_dags/example_dataset_alias_with_no_taskflow.py took 0.205 seconds
[2025-02-01T00:03:10.428+0000] {processor.py:186} INFO - Started process (PID=25451) to work on /home/airflow/.local/lib/python3.12/site-packages/airflow/example_dags/example_dataset_alias_with_no_taskflow.py
[2025-02-01T00:03:10.429+0000] {processor.py:914} INFO - Processing file /home/airflow/.local/lib/python3.12/site-packages/airflow/example_dags/example_dataset_alias_with_no_taskflow.py for tasks to queue
[2025-02-01T00:03:10.430+0000] {logging_mixin.py:190} INFO - [2025-02-01T00:03:10.430+0000] {dagbag.py:587} INFO - Filling up the DagBag from /home/airflow/.local/lib/python3.12/site-packages/airflow/example_dags/example_dataset_alias_with_no_taskflow.py
[2025-02-01T00:03:10.563+0000] {processor.py:925} INFO - DAG(s) 'dataset_alias_example_alias_producer_with_no_taskflow', 'dataset_s3_bucket_consumer_with_no_taskflow', 'dataset_s3_bucket_producer_with_no_taskflow', 'dataset_alias_example_alias_consumer_with_no_taskflow' retrieved from /home/airflow/.local/lib/python3.12/site-packages/airflow/example_dags/example_dataset_alias_with_no_taskflow.py
[2025-02-01T00:03:10.582+0000] {logging_mixin.py:190} INFO - [2025-02-01T00:03:10.582+0000] {dag.py:3211} INFO - Sync 4 DAGs
[2025-02-01T00:03:10.603+0000] {logging_mixin.py:190} INFO - [2025-02-01T00:03:10.603+0000] {dag.py:4138} INFO - Setting next_dagrun for dataset_alias_example_alias_consumer_with_no_taskflow to None, run_after=None
[2025-02-01T00:03:10.605+0000] {logging_mixin.py:190} INFO - [2025-02-01T00:03:10.605+0000] {dag.py:4138} INFO - Setting next_dagrun for dataset_alias_example_alias_producer_with_no_taskflow to None, run_after=None
[2025-02-01T00:03:10.607+0000] {logging_mixin.py:190} INFO - [2025-02-01T00:03:10.606+0000] {dag.py:4138} INFO - Setting next_dagrun for dataset_s3_bucket_consumer_with_no_taskflow to None, run_after=None
[2025-02-01T00:03:10.607+0000] {logging_mixin.py:190} INFO - [2025-02-01T00:03:10.607+0000] {dag.py:4138} INFO - Setting next_dagrun for dataset_s3_bucket_producer_with_no_taskflow to None, run_after=None
[2025-02-01T00:03:10.628+0000] {processor.py:208} INFO - Processing /home/airflow/.local/lib/python3.12/site-packages/airflow/example_dags/example_dataset_alias_with_no_taskflow.py took 0.205 seconds
[2025-02-01T00:03:40.676+0000] {processor.py:186} INFO - Started process (PID=25514) to work on /home/airflow/.local/lib/python3.12/site-packages/airflow/example_dags/example_dataset_alias_with_no_taskflow.py
[2025-02-01T00:03:40.677+0000] {processor.py:914} INFO - Processing file /home/airflow/.local/lib/python3.12/site-packages/airflow/example_dags/example_dataset_alias_with_no_taskflow.py for tasks to queue
[2025-02-01T00:03:40.678+0000] {logging_mixin.py:190} INFO - [2025-02-01T00:03:40.677+0000] {dagbag.py:587} INFO - Filling up the DagBag from /home/airflow/.local/lib/python3.12/site-packages/airflow/example_dags/example_dataset_alias_with_no_taskflow.py
[2025-02-01T00:03:40.811+0000] {processor.py:925} INFO - DAG(s) 'dataset_s3_bucket_consumer_with_no_taskflow', 'dataset_alias_example_alias_consumer_with_no_taskflow', 'dataset_alias_example_alias_producer_with_no_taskflow', 'dataset_s3_bucket_producer_with_no_taskflow' retrieved from /home/airflow/.local/lib/python3.12/site-packages/airflow/example_dags/example_dataset_alias_with_no_taskflow.py
[2025-02-01T00:03:40.830+0000] {logging_mixin.py:190} INFO - [2025-02-01T00:03:40.830+0000] {dag.py:3211} INFO - Sync 4 DAGs
[2025-02-01T00:03:40.851+0000] {logging_mixin.py:190} INFO - [2025-02-01T00:03:40.851+0000] {dag.py:4138} INFO - Setting next_dagrun for dataset_alias_example_alias_consumer_with_no_taskflow to None, run_after=None
[2025-02-01T00:03:40.853+0000] {logging_mixin.py:190} INFO - [2025-02-01T00:03:40.853+0000] {dag.py:4138} INFO - Setting next_dagrun for dataset_alias_example_alias_producer_with_no_taskflow to None, run_after=None
[2025-02-01T00:03:40.854+0000] {logging_mixin.py:190} INFO - [2025-02-01T00:03:40.854+0000] {dag.py:4138} INFO - Setting next_dagrun for dataset_s3_bucket_consumer_with_no_taskflow to None, run_after=None
[2025-02-01T00:03:40.855+0000] {logging_mixin.py:190} INFO - [2025-02-01T00:03:40.855+0000] {dag.py:4138} INFO - Setting next_dagrun for dataset_s3_bucket_producer_with_no_taskflow to None, run_after=None
[2025-02-01T00:03:40.876+0000] {processor.py:208} INFO - Processing /home/airflow/.local/lib/python3.12/site-packages/airflow/example_dags/example_dataset_alias_with_no_taskflow.py took 0.204 seconds
[2025-02-01T00:04:11.095+0000] {processor.py:186} INFO - Started process (PID=25578) to work on /home/airflow/.local/lib/python3.12/site-packages/airflow/example_dags/example_dataset_alias_with_no_taskflow.py
[2025-02-01T00:04:11.095+0000] {processor.py:914} INFO - Processing file /home/airflow/.local/lib/python3.12/site-packages/airflow/example_dags/example_dataset_alias_with_no_taskflow.py for tasks to queue
[2025-02-01T00:04:11.096+0000] {logging_mixin.py:190} INFO - [2025-02-01T00:04:11.096+0000] {dagbag.py:587} INFO - Filling up the DagBag from /home/airflow/.local/lib/python3.12/site-packages/airflow/example_dags/example_dataset_alias_with_no_taskflow.py
[2025-02-01T00:04:11.218+0000] {processor.py:925} INFO - DAG(s) 'dataset_s3_bucket_consumer_with_no_taskflow', 'dataset_alias_example_alias_consumer_with_no_taskflow', 'dataset_s3_bucket_producer_with_no_taskflow', 'dataset_alias_example_alias_producer_with_no_taskflow' retrieved from /home/airflow/.local/lib/python3.12/site-packages/airflow/example_dags/example_dataset_alias_with_no_taskflow.py
[2025-02-01T00:04:11.234+0000] {logging_mixin.py:190} INFO - [2025-02-01T00:04:11.234+0000] {dag.py:3211} INFO - Sync 4 DAGs
[2025-02-01T00:04:11.253+0000] {logging_mixin.py:190} INFO - [2025-02-01T00:04:11.253+0000] {dag.py:4138} INFO - Setting next_dagrun for dataset_alias_example_alias_consumer_with_no_taskflow to None, run_after=None
[2025-02-01T00:04:11.255+0000] {logging_mixin.py:190} INFO - [2025-02-01T00:04:11.255+0000] {dag.py:4138} INFO - Setting next_dagrun for dataset_alias_example_alias_producer_with_no_taskflow to None, run_after=None
[2025-02-01T00:04:11.256+0000] {logging_mixin.py:190} INFO - [2025-02-01T00:04:11.256+0000] {dag.py:4138} INFO - Setting next_dagrun for dataset_s3_bucket_consumer_with_no_taskflow to None, run_after=None
[2025-02-01T00:04:11.257+0000] {logging_mixin.py:190} INFO - [2025-02-01T00:04:11.257+0000] {dag.py:4138} INFO - Setting next_dagrun for dataset_s3_bucket_producer_with_no_taskflow to None, run_after=None
[2025-02-01T00:04:11.275+0000] {processor.py:208} INFO - Processing /home/airflow/.local/lib/python3.12/site-packages/airflow/example_dags/example_dataset_alias_with_no_taskflow.py took 0.185 seconds
[2025-02-01T00:04:41.330+0000] {processor.py:186} INFO - Started process (PID=25642) to work on /home/airflow/.local/lib/python3.12/site-packages/airflow/example_dags/example_dataset_alias_with_no_taskflow.py
[2025-02-01T00:04:41.331+0000] {processor.py:914} INFO - Processing file /home/airflow/.local/lib/python3.12/site-packages/airflow/example_dags/example_dataset_alias_with_no_taskflow.py for tasks to queue
[2025-02-01T00:04:41.332+0000] {logging_mixin.py:190} INFO - [2025-02-01T00:04:41.332+0000] {dagbag.py:587} INFO - Filling up the DagBag from /home/airflow/.local/lib/python3.12/site-packages/airflow/example_dags/example_dataset_alias_with_no_taskflow.py
[2025-02-01T00:04:41.451+0000] {processor.py:925} INFO - DAG(s) 'dataset_s3_bucket_producer_with_no_taskflow', 'dataset_alias_example_alias_consumer_with_no_taskflow', 'dataset_alias_example_alias_producer_with_no_taskflow', 'dataset_s3_bucket_consumer_with_no_taskflow' retrieved from /home/airflow/.local/lib/python3.12/site-packages/airflow/example_dags/example_dataset_alias_with_no_taskflow.py
[2025-02-01T00:04:41.467+0000] {logging_mixin.py:190} INFO - [2025-02-01T00:04:41.467+0000] {dag.py:3211} INFO - Sync 4 DAGs
[2025-02-01T00:04:41.486+0000] {logging_mixin.py:190} INFO - [2025-02-01T00:04:41.486+0000] {dag.py:4138} INFO - Setting next_dagrun for dataset_alias_example_alias_consumer_with_no_taskflow to None, run_after=None
[2025-02-01T00:04:41.488+0000] {logging_mixin.py:190} INFO - [2025-02-01T00:04:41.488+0000] {dag.py:4138} INFO - Setting next_dagrun for dataset_alias_example_alias_producer_with_no_taskflow to None, run_after=None
[2025-02-01T00:04:41.490+0000] {logging_mixin.py:190} INFO - [2025-02-01T00:04:41.490+0000] {dag.py:4138} INFO - Setting next_dagrun for dataset_s3_bucket_consumer_with_no_taskflow to None, run_after=None
[2025-02-01T00:04:41.491+0000] {logging_mixin.py:190} INFO - [2025-02-01T00:04:41.491+0000] {dag.py:4138} INFO - Setting next_dagrun for dataset_s3_bucket_producer_with_no_taskflow to None, run_after=None
[2025-02-01T00:04:41.508+0000] {processor.py:208} INFO - Processing /home/airflow/.local/lib/python3.12/site-packages/airflow/example_dags/example_dataset_alias_with_no_taskflow.py took 0.182 seconds
[2025-02-01T00:05:11.589+0000] {processor.py:186} INFO - Started process (PID=25705) to work on /home/airflow/.local/lib/python3.12/site-packages/airflow/example_dags/example_dataset_alias_with_no_taskflow.py
[2025-02-01T00:05:11.589+0000] {processor.py:914} INFO - Processing file /home/airflow/.local/lib/python3.12/site-packages/airflow/example_dags/example_dataset_alias_with_no_taskflow.py for tasks to queue
[2025-02-01T00:05:11.591+0000] {logging_mixin.py:190} INFO - [2025-02-01T00:05:11.590+0000] {dagbag.py:587} INFO - Filling up the DagBag from /home/airflow/.local/lib/python3.12/site-packages/airflow/example_dags/example_dataset_alias_with_no_taskflow.py
[2025-02-01T00:05:11.728+0000] {processor.py:925} INFO - DAG(s) 'dataset_s3_bucket_producer_with_no_taskflow', 'dataset_alias_example_alias_producer_with_no_taskflow', 'dataset_alias_example_alias_consumer_with_no_taskflow', 'dataset_s3_bucket_consumer_with_no_taskflow' retrieved from /home/airflow/.local/lib/python3.12/site-packages/airflow/example_dags/example_dataset_alias_with_no_taskflow.py
[2025-02-01T00:05:11.746+0000] {logging_mixin.py:190} INFO - [2025-02-01T00:05:11.746+0000] {dag.py:3211} INFO - Sync 4 DAGs
[2025-02-01T00:05:11.766+0000] {logging_mixin.py:190} INFO - [2025-02-01T00:05:11.766+0000] {dag.py:4138} INFO - Setting next_dagrun for dataset_alias_example_alias_consumer_with_no_taskflow to None, run_after=None
[2025-02-01T00:05:11.769+0000] {logging_mixin.py:190} INFO - [2025-02-01T00:05:11.768+0000] {dag.py:4138} INFO - Setting next_dagrun for dataset_alias_example_alias_producer_with_no_taskflow to None, run_after=None
[2025-02-01T00:05:11.770+0000] {logging_mixin.py:190} INFO - [2025-02-01T00:05:11.770+0000] {dag.py:4138} INFO - Setting next_dagrun for dataset_s3_bucket_consumer_with_no_taskflow to None, run_after=None
[2025-02-01T00:05:11.772+0000] {logging_mixin.py:190} INFO - [2025-02-01T00:05:11.771+0000] {dag.py:4138} INFO - Setting next_dagrun for dataset_s3_bucket_producer_with_no_taskflow to None, run_after=None
[2025-02-01T00:05:11.797+0000] {processor.py:208} INFO - Processing /home/airflow/.local/lib/python3.12/site-packages/airflow/example_dags/example_dataset_alias_with_no_taskflow.py took 0.213 seconds
[2025-02-01T00:05:41.864+0000] {processor.py:186} INFO - Started process (PID=25768) to work on /home/airflow/.local/lib/python3.12/site-packages/airflow/example_dags/example_dataset_alias_with_no_taskflow.py
[2025-02-01T00:05:41.864+0000] {processor.py:914} INFO - Processing file /home/airflow/.local/lib/python3.12/site-packages/airflow/example_dags/example_dataset_alias_with_no_taskflow.py for tasks to queue
[2025-02-01T00:05:41.865+0000] {logging_mixin.py:190} INFO - [2025-02-01T00:05:41.865+0000] {dagbag.py:587} INFO - Filling up the DagBag from /home/airflow/.local/lib/python3.12/site-packages/airflow/example_dags/example_dataset_alias_with_no_taskflow.py
[2025-02-01T00:05:41.994+0000] {processor.py:925} INFO - DAG(s) 'dataset_s3_bucket_consumer_with_no_taskflow', 'dataset_alias_example_alias_consumer_with_no_taskflow', 'dataset_alias_example_alias_producer_with_no_taskflow', 'dataset_s3_bucket_producer_with_no_taskflow' retrieved from /home/airflow/.local/lib/python3.12/site-packages/airflow/example_dags/example_dataset_alias_with_no_taskflow.py
[2025-02-01T00:05:42.016+0000] {logging_mixin.py:190} INFO - [2025-02-01T00:05:42.016+0000] {dag.py:3211} INFO - Sync 4 DAGs
[2025-02-01T00:05:42.036+0000] {logging_mixin.py:190} INFO - [2025-02-01T00:05:42.036+0000] {dag.py:4138} INFO - Setting next_dagrun for dataset_alias_example_alias_consumer_with_no_taskflow to None, run_after=None
[2025-02-01T00:05:42.039+0000] {logging_mixin.py:190} INFO - [2025-02-01T00:05:42.039+0000] {dag.py:4138} INFO - Setting next_dagrun for dataset_alias_example_alias_producer_with_no_taskflow to None, run_after=None
[2025-02-01T00:05:42.040+0000] {logging_mixin.py:190} INFO - [2025-02-01T00:05:42.040+0000] {dag.py:4138} INFO - Setting next_dagrun for dataset_s3_bucket_consumer_with_no_taskflow to None, run_after=None
[2025-02-01T00:05:42.042+0000] {logging_mixin.py:190} INFO - [2025-02-01T00:05:42.041+0000] {dag.py:4138} INFO - Setting next_dagrun for dataset_s3_bucket_producer_with_no_taskflow to None, run_after=None
[2025-02-01T00:05:42.062+0000] {processor.py:208} INFO - Processing /home/airflow/.local/lib/python3.12/site-packages/airflow/example_dags/example_dataset_alias_with_no_taskflow.py took 0.204 seconds
[2025-02-01T00:06:12.975+0000] {processor.py:186} INFO - Started process (PID=25831) to work on /home/airflow/.local/lib/python3.12/site-packages/airflow/example_dags/example_dataset_alias_with_no_taskflow.py
[2025-02-01T00:06:12.976+0000] {processor.py:914} INFO - Processing file /home/airflow/.local/lib/python3.12/site-packages/airflow/example_dags/example_dataset_alias_with_no_taskflow.py for tasks to queue
[2025-02-01T00:06:12.977+0000] {logging_mixin.py:190} INFO - [2025-02-01T00:06:12.977+0000] {dagbag.py:587} INFO - Filling up the DagBag from /home/airflow/.local/lib/python3.12/site-packages/airflow/example_dags/example_dataset_alias_with_no_taskflow.py
[2025-02-01T00:06:13.109+0000] {processor.py:925} INFO - DAG(s) 'dataset_alias_example_alias_producer_with_no_taskflow', 'dataset_s3_bucket_producer_with_no_taskflow', 'dataset_s3_bucket_consumer_with_no_taskflow', 'dataset_alias_example_alias_consumer_with_no_taskflow' retrieved from /home/airflow/.local/lib/python3.12/site-packages/airflow/example_dags/example_dataset_alias_with_no_taskflow.py
[2025-02-01T00:06:13.130+0000] {logging_mixin.py:190} INFO - [2025-02-01T00:06:13.130+0000] {dag.py:3211} INFO - Sync 4 DAGs
[2025-02-01T00:06:13.154+0000] {logging_mixin.py:190} INFO - [2025-02-01T00:06:13.154+0000] {dag.py:4138} INFO - Setting next_dagrun for dataset_alias_example_alias_consumer_with_no_taskflow to None, run_after=None
[2025-02-01T00:06:13.156+0000] {logging_mixin.py:190} INFO - [2025-02-01T00:06:13.156+0000] {dag.py:4138} INFO - Setting next_dagrun for dataset_alias_example_alias_producer_with_no_taskflow to None, run_after=None
[2025-02-01T00:06:13.157+0000] {logging_mixin.py:190} INFO - [2025-02-01T00:06:13.157+0000] {dag.py:4138} INFO - Setting next_dagrun for dataset_s3_bucket_consumer_with_no_taskflow to None, run_after=None
[2025-02-01T00:06:13.158+0000] {logging_mixin.py:190} INFO - [2025-02-01T00:06:13.158+0000] {dag.py:4138} INFO - Setting next_dagrun for dataset_s3_bucket_producer_with_no_taskflow to None, run_after=None
[2025-02-01T00:06:13.179+0000] {processor.py:208} INFO - Processing /home/airflow/.local/lib/python3.12/site-packages/airflow/example_dags/example_dataset_alias_with_no_taskflow.py took 0.208 seconds
[2025-02-01T00:06:43.227+0000] {processor.py:186} INFO - Started process (PID=25894) to work on /home/airflow/.local/lib/python3.12/site-packages/airflow/example_dags/example_dataset_alias_with_no_taskflow.py
[2025-02-01T00:06:43.228+0000] {processor.py:914} INFO - Processing file /home/airflow/.local/lib/python3.12/site-packages/airflow/example_dags/example_dataset_alias_with_no_taskflow.py for tasks to queue
[2025-02-01T00:06:43.229+0000] {logging_mixin.py:190} INFO - [2025-02-01T00:06:43.229+0000] {dagbag.py:587} INFO - Filling up the DagBag from /home/airflow/.local/lib/python3.12/site-packages/airflow/example_dags/example_dataset_alias_with_no_taskflow.py
[2025-02-01T00:06:43.364+0000] {processor.py:925} INFO - DAG(s) 'dataset_alias_example_alias_producer_with_no_taskflow', 'dataset_alias_example_alias_consumer_with_no_taskflow', 'dataset_s3_bucket_consumer_with_no_taskflow', 'dataset_s3_bucket_producer_with_no_taskflow' retrieved from /home/airflow/.local/lib/python3.12/site-packages/airflow/example_dags/example_dataset_alias_with_no_taskflow.py
[2025-02-01T00:06:43.385+0000] {logging_mixin.py:190} INFO - [2025-02-01T00:06:43.385+0000] {dag.py:3211} INFO - Sync 4 DAGs
[2025-02-01T00:06:43.411+0000] {logging_mixin.py:190} INFO - [2025-02-01T00:06:43.411+0000] {dag.py:4138} INFO - Setting next_dagrun for dataset_alias_example_alias_consumer_with_no_taskflow to None, run_after=None
[2025-02-01T00:06:43.414+0000] {logging_mixin.py:190} INFO - [2025-02-01T00:06:43.414+0000] {dag.py:4138} INFO - Setting next_dagrun for dataset_alias_example_alias_producer_with_no_taskflow to None, run_after=None
[2025-02-01T00:06:43.416+0000] {logging_mixin.py:190} INFO - [2025-02-01T00:06:43.415+0000] {dag.py:4138} INFO - Setting next_dagrun for dataset_s3_bucket_consumer_with_no_taskflow to None, run_after=None
[2025-02-01T00:06:43.418+0000] {logging_mixin.py:190} INFO - [2025-02-01T00:06:43.418+0000] {dag.py:4138} INFO - Setting next_dagrun for dataset_s3_bucket_producer_with_no_taskflow to None, run_after=None
[2025-02-01T00:06:43.439+0000] {processor.py:208} INFO - Processing /home/airflow/.local/lib/python3.12/site-packages/airflow/example_dags/example_dataset_alias_with_no_taskflow.py took 0.217 seconds
[2025-02-01T00:07:13.515+0000] {processor.py:186} INFO - Started process (PID=25958) to work on /home/airflow/.local/lib/python3.12/site-packages/airflow/example_dags/example_dataset_alias_with_no_taskflow.py
[2025-02-01T00:07:13.516+0000] {processor.py:914} INFO - Processing file /home/airflow/.local/lib/python3.12/site-packages/airflow/example_dags/example_dataset_alias_with_no_taskflow.py for tasks to queue
[2025-02-01T00:07:13.517+0000] {logging_mixin.py:190} INFO - [2025-02-01T00:07:13.516+0000] {dagbag.py:587} INFO - Filling up the DagBag from /home/airflow/.local/lib/python3.12/site-packages/airflow/example_dags/example_dataset_alias_with_no_taskflow.py
[2025-02-01T00:07:13.649+0000] {processor.py:925} INFO - DAG(s) 'dataset_s3_bucket_producer_with_no_taskflow', 'dataset_s3_bucket_consumer_with_no_taskflow', 'dataset_alias_example_alias_producer_with_no_taskflow', 'dataset_alias_example_alias_consumer_with_no_taskflow' retrieved from /home/airflow/.local/lib/python3.12/site-packages/airflow/example_dags/example_dataset_alias_with_no_taskflow.py
[2025-02-01T00:07:13.668+0000] {logging_mixin.py:190} INFO - [2025-02-01T00:07:13.667+0000] {dag.py:3211} INFO - Sync 4 DAGs
[2025-02-01T00:07:13.688+0000] {logging_mixin.py:190} INFO - [2025-02-01T00:07:13.688+0000] {dag.py:4138} INFO - Setting next_dagrun for dataset_alias_example_alias_consumer_with_no_taskflow to None, run_after=None
[2025-02-01T00:07:13.691+0000] {logging_mixin.py:190} INFO - [2025-02-01T00:07:13.691+0000] {dag.py:4138} INFO - Setting next_dagrun for dataset_alias_example_alias_producer_with_no_taskflow to None, run_after=None
[2025-02-01T00:07:13.692+0000] {logging_mixin.py:190} INFO - [2025-02-01T00:07:13.692+0000] {dag.py:4138} INFO - Setting next_dagrun for dataset_s3_bucket_consumer_with_no_taskflow to None, run_after=None
[2025-02-01T00:07:13.693+0000] {logging_mixin.py:190} INFO - [2025-02-01T00:07:13.693+0000] {dag.py:4138} INFO - Setting next_dagrun for dataset_s3_bucket_producer_with_no_taskflow to None, run_after=None
[2025-02-01T00:07:13.714+0000] {processor.py:208} INFO - Processing /home/airflow/.local/lib/python3.12/site-packages/airflow/example_dags/example_dataset_alias_with_no_taskflow.py took 0.204 seconds
[2025-02-01T00:07:43.825+0000] {processor.py:186} INFO - Started process (PID=26020) to work on /home/airflow/.local/lib/python3.12/site-packages/airflow/example_dags/example_dataset_alias_with_no_taskflow.py
[2025-02-01T00:07:43.826+0000] {processor.py:914} INFO - Processing file /home/airflow/.local/lib/python3.12/site-packages/airflow/example_dags/example_dataset_alias_with_no_taskflow.py for tasks to queue
[2025-02-01T00:07:43.827+0000] {logging_mixin.py:190} INFO - [2025-02-01T00:07:43.826+0000] {dagbag.py:587} INFO - Filling up the DagBag from /home/airflow/.local/lib/python3.12/site-packages/airflow/example_dags/example_dataset_alias_with_no_taskflow.py
[2025-02-01T00:07:43.969+0000] {processor.py:925} INFO - DAG(s) 'dataset_s3_bucket_producer_with_no_taskflow', 'dataset_s3_bucket_consumer_with_no_taskflow', 'dataset_alias_example_alias_consumer_with_no_taskflow', 'dataset_alias_example_alias_producer_with_no_taskflow' retrieved from /home/airflow/.local/lib/python3.12/site-packages/airflow/example_dags/example_dataset_alias_with_no_taskflow.py
[2025-02-01T00:07:43.992+0000] {logging_mixin.py:190} INFO - [2025-02-01T00:07:43.991+0000] {dag.py:3211} INFO - Sync 4 DAGs
[2025-02-01T00:07:44.014+0000] {logging_mixin.py:190} INFO - [2025-02-01T00:07:44.014+0000] {dag.py:4138} INFO - Setting next_dagrun for dataset_alias_example_alias_consumer_with_no_taskflow to None, run_after=None
[2025-02-01T00:07:44.017+0000] {logging_mixin.py:190} INFO - [2025-02-01T00:07:44.016+0000] {dag.py:4138} INFO - Setting next_dagrun for dataset_alias_example_alias_producer_with_no_taskflow to None, run_after=None
[2025-02-01T00:07:44.018+0000] {logging_mixin.py:190} INFO - [2025-02-01T00:07:44.018+0000] {dag.py:4138} INFO - Setting next_dagrun for dataset_s3_bucket_consumer_with_no_taskflow to None, run_after=None
[2025-02-01T00:07:44.019+0000] {logging_mixin.py:190} INFO - [2025-02-01T00:07:44.019+0000] {dag.py:4138} INFO - Setting next_dagrun for dataset_s3_bucket_producer_with_no_taskflow to None, run_after=None
[2025-02-01T00:07:44.041+0000] {processor.py:208} INFO - Processing /home/airflow/.local/lib/python3.12/site-packages/airflow/example_dags/example_dataset_alias_with_no_taskflow.py took 0.221 seconds
[2025-02-01T00:08:14.202+0000] {processor.py:186} INFO - Started process (PID=26083) to work on /home/airflow/.local/lib/python3.12/site-packages/airflow/example_dags/example_dataset_alias_with_no_taskflow.py
[2025-02-01T00:08:14.202+0000] {processor.py:914} INFO - Processing file /home/airflow/.local/lib/python3.12/site-packages/airflow/example_dags/example_dataset_alias_with_no_taskflow.py for tasks to queue
[2025-02-01T00:08:14.203+0000] {logging_mixin.py:190} INFO - [2025-02-01T00:08:14.203+0000] {dagbag.py:587} INFO - Filling up the DagBag from /home/airflow/.local/lib/python3.12/site-packages/airflow/example_dags/example_dataset_alias_with_no_taskflow.py
[2025-02-01T00:08:14.333+0000] {processor.py:925} INFO - DAG(s) 'dataset_s3_bucket_consumer_with_no_taskflow', 'dataset_s3_bucket_producer_with_no_taskflow', 'dataset_alias_example_alias_consumer_with_no_taskflow', 'dataset_alias_example_alias_producer_with_no_taskflow' retrieved from /home/airflow/.local/lib/python3.12/site-packages/airflow/example_dags/example_dataset_alias_with_no_taskflow.py
[2025-02-01T00:08:14.353+0000] {logging_mixin.py:190} INFO - [2025-02-01T00:08:14.353+0000] {dag.py:3211} INFO - Sync 4 DAGs
[2025-02-01T00:08:14.375+0000] {logging_mixin.py:190} INFO - [2025-02-01T00:08:14.375+0000] {dag.py:4138} INFO - Setting next_dagrun for dataset_alias_example_alias_consumer_with_no_taskflow to None, run_after=None
[2025-02-01T00:08:14.378+0000] {logging_mixin.py:190} INFO - [2025-02-01T00:08:14.377+0000] {dag.py:4138} INFO - Setting next_dagrun for dataset_alias_example_alias_producer_with_no_taskflow to None, run_after=None
[2025-02-01T00:08:14.379+0000] {logging_mixin.py:190} INFO - [2025-02-01T00:08:14.379+0000] {dag.py:4138} INFO - Setting next_dagrun for dataset_s3_bucket_consumer_with_no_taskflow to None, run_after=None
[2025-02-01T00:08:14.381+0000] {logging_mixin.py:190} INFO - [2025-02-01T00:08:14.380+0000] {dag.py:4138} INFO - Setting next_dagrun for dataset_s3_bucket_producer_with_no_taskflow to None, run_after=None
[2025-02-01T00:08:14.401+0000] {processor.py:208} INFO - Processing /home/airflow/.local/lib/python3.12/site-packages/airflow/example_dags/example_dataset_alias_with_no_taskflow.py took 0.205 seconds
[2025-02-01T00:08:44.527+0000] {processor.py:186} INFO - Started process (PID=26146) to work on /home/airflow/.local/lib/python3.12/site-packages/airflow/example_dags/example_dataset_alias_with_no_taskflow.py
[2025-02-01T00:08:44.528+0000] {processor.py:914} INFO - Processing file /home/airflow/.local/lib/python3.12/site-packages/airflow/example_dags/example_dataset_alias_with_no_taskflow.py for tasks to queue
[2025-02-01T00:08:44.530+0000] {logging_mixin.py:190} INFO - [2025-02-01T00:08:44.530+0000] {dagbag.py:587} INFO - Filling up the DagBag from /home/airflow/.local/lib/python3.12/site-packages/airflow/example_dags/example_dataset_alias_with_no_taskflow.py
[2025-02-01T00:08:44.661+0000] {processor.py:925} INFO - DAG(s) 'dataset_s3_bucket_producer_with_no_taskflow', 'dataset_alias_example_alias_consumer_with_no_taskflow', 'dataset_s3_bucket_consumer_with_no_taskflow', 'dataset_alias_example_alias_producer_with_no_taskflow' retrieved from /home/airflow/.local/lib/python3.12/site-packages/airflow/example_dags/example_dataset_alias_with_no_taskflow.py
[2025-02-01T00:08:44.679+0000] {logging_mixin.py:190} INFO - [2025-02-01T00:08:44.679+0000] {dag.py:3211} INFO - Sync 4 DAGs
[2025-02-01T00:08:44.706+0000] {logging_mixin.py:190} INFO - [2025-02-01T00:08:44.706+0000] {dag.py:4138} INFO - Setting next_dagrun for dataset_alias_example_alias_consumer_with_no_taskflow to None, run_after=None
[2025-02-01T00:08:44.709+0000] {logging_mixin.py:190} INFO - [2025-02-01T00:08:44.709+0000] {dag.py:4138} INFO - Setting next_dagrun for dataset_alias_example_alias_producer_with_no_taskflow to None, run_after=None
[2025-02-01T00:08:44.710+0000] {logging_mixin.py:190} INFO - [2025-02-01T00:08:44.710+0000] {dag.py:4138} INFO - Setting next_dagrun for dataset_s3_bucket_consumer_with_no_taskflow to None, run_after=None
[2025-02-01T00:08:44.712+0000] {logging_mixin.py:190} INFO - [2025-02-01T00:08:44.712+0000] {dag.py:4138} INFO - Setting next_dagrun for dataset_s3_bucket_producer_with_no_taskflow to None, run_after=None
[2025-02-01T00:08:44.732+0000] {processor.py:208} INFO - Processing /home/airflow/.local/lib/python3.12/site-packages/airflow/example_dags/example_dataset_alias_with_no_taskflow.py took 0.210 seconds
[2025-02-01T00:09:14.812+0000] {processor.py:186} INFO - Started process (PID=26210) to work on /home/airflow/.local/lib/python3.12/site-packages/airflow/example_dags/example_dataset_alias_with_no_taskflow.py
[2025-02-01T00:09:14.813+0000] {processor.py:914} INFO - Processing file /home/airflow/.local/lib/python3.12/site-packages/airflow/example_dags/example_dataset_alias_with_no_taskflow.py for tasks to queue
[2025-02-01T00:09:14.814+0000] {logging_mixin.py:190} INFO - [2025-02-01T00:09:14.814+0000] {dagbag.py:587} INFO - Filling up the DagBag from /home/airflow/.local/lib/python3.12/site-packages/airflow/example_dags/example_dataset_alias_with_no_taskflow.py
[2025-02-01T00:09:14.951+0000] {processor.py:925} INFO - DAG(s) 'dataset_alias_example_alias_consumer_with_no_taskflow', 'dataset_s3_bucket_producer_with_no_taskflow', 'dataset_alias_example_alias_producer_with_no_taskflow', 'dataset_s3_bucket_consumer_with_no_taskflow' retrieved from /home/airflow/.local/lib/python3.12/site-packages/airflow/example_dags/example_dataset_alias_with_no_taskflow.py
[2025-02-01T00:09:14.970+0000] {logging_mixin.py:190} INFO - [2025-02-01T00:09:14.970+0000] {dag.py:3211} INFO - Sync 4 DAGs
[2025-02-01T00:09:14.990+0000] {logging_mixin.py:190} INFO - [2025-02-01T00:09:14.990+0000] {dag.py:4138} INFO - Setting next_dagrun for dataset_alias_example_alias_consumer_with_no_taskflow to None, run_after=None
[2025-02-01T00:09:14.993+0000] {logging_mixin.py:190} INFO - [2025-02-01T00:09:14.993+0000] {dag.py:4138} INFO - Setting next_dagrun for dataset_alias_example_alias_producer_with_no_taskflow to None, run_after=None
[2025-02-01T00:09:14.994+0000] {logging_mixin.py:190} INFO - [2025-02-01T00:09:14.994+0000] {dag.py:4138} INFO - Setting next_dagrun for dataset_s3_bucket_consumer_with_no_taskflow to None, run_after=None
[2025-02-01T00:09:14.995+0000] {logging_mixin.py:190} INFO - [2025-02-01T00:09:14.995+0000] {dag.py:4138} INFO - Setting next_dagrun for dataset_s3_bucket_producer_with_no_taskflow to None, run_after=None
[2025-02-01T00:09:15.015+0000] {processor.py:208} INFO - Processing /home/airflow/.local/lib/python3.12/site-packages/airflow/example_dags/example_dataset_alias_with_no_taskflow.py took 0.208 seconds
[2025-02-01T00:09:45.999+0000] {processor.py:186} INFO - Started process (PID=26273) to work on /home/airflow/.local/lib/python3.12/site-packages/airflow/example_dags/example_dataset_alias_with_no_taskflow.py
[2025-02-01T00:09:46.000+0000] {processor.py:914} INFO - Processing file /home/airflow/.local/lib/python3.12/site-packages/airflow/example_dags/example_dataset_alias_with_no_taskflow.py for tasks to queue
[2025-02-01T00:09:46.001+0000] {logging_mixin.py:190} INFO - [2025-02-01T00:09:46.001+0000] {dagbag.py:587} INFO - Filling up the DagBag from /home/airflow/.local/lib/python3.12/site-packages/airflow/example_dags/example_dataset_alias_with_no_taskflow.py
[2025-02-01T00:09:46.135+0000] {processor.py:925} INFO - DAG(s) 'dataset_s3_bucket_consumer_with_no_taskflow', 'dataset_alias_example_alias_producer_with_no_taskflow', 'dataset_s3_bucket_producer_with_no_taskflow', 'dataset_alias_example_alias_consumer_with_no_taskflow' retrieved from /home/airflow/.local/lib/python3.12/site-packages/airflow/example_dags/example_dataset_alias_with_no_taskflow.py
[2025-02-01T00:09:46.156+0000] {logging_mixin.py:190} INFO - [2025-02-01T00:09:46.156+0000] {dag.py:3211} INFO - Sync 4 DAGs
[2025-02-01T00:09:46.176+0000] {logging_mixin.py:190} INFO - [2025-02-01T00:09:46.176+0000] {dag.py:4138} INFO - Setting next_dagrun for dataset_alias_example_alias_consumer_with_no_taskflow to None, run_after=None
[2025-02-01T00:09:46.178+0000] {logging_mixin.py:190} INFO - [2025-02-01T00:09:46.178+0000] {dag.py:4138} INFO - Setting next_dagrun for dataset_alias_example_alias_producer_with_no_taskflow to None, run_after=None
[2025-02-01T00:09:46.180+0000] {logging_mixin.py:190} INFO - [2025-02-01T00:09:46.180+0000] {dag.py:4138} INFO - Setting next_dagrun for dataset_s3_bucket_consumer_with_no_taskflow to None, run_after=None
[2025-02-01T00:09:46.181+0000] {logging_mixin.py:190} INFO - [2025-02-01T00:09:46.181+0000] {dag.py:4138} INFO - Setting next_dagrun for dataset_s3_bucket_producer_with_no_taskflow to None, run_after=None
[2025-02-01T00:09:46.200+0000] {processor.py:208} INFO - Processing /home/airflow/.local/lib/python3.12/site-packages/airflow/example_dags/example_dataset_alias_with_no_taskflow.py took 0.207 seconds
[2025-02-01T00:10:16.319+0000] {processor.py:186} INFO - Started process (PID=26337) to work on /home/airflow/.local/lib/python3.12/site-packages/airflow/example_dags/example_dataset_alias_with_no_taskflow.py
[2025-02-01T00:10:16.320+0000] {processor.py:914} INFO - Processing file /home/airflow/.local/lib/python3.12/site-packages/airflow/example_dags/example_dataset_alias_with_no_taskflow.py for tasks to queue
[2025-02-01T00:10:16.321+0000] {logging_mixin.py:190} INFO - [2025-02-01T00:10:16.321+0000] {dagbag.py:587} INFO - Filling up the DagBag from /home/airflow/.local/lib/python3.12/site-packages/airflow/example_dags/example_dataset_alias_with_no_taskflow.py
[2025-02-01T00:10:16.453+0000] {processor.py:925} INFO - DAG(s) 'dataset_alias_example_alias_consumer_with_no_taskflow', 'dataset_s3_bucket_producer_with_no_taskflow', 'dataset_alias_example_alias_producer_with_no_taskflow', 'dataset_s3_bucket_consumer_with_no_taskflow' retrieved from /home/airflow/.local/lib/python3.12/site-packages/airflow/example_dags/example_dataset_alias_with_no_taskflow.py
[2025-02-01T00:10:16.478+0000] {logging_mixin.py:190} INFO - [2025-02-01T00:10:16.477+0000] {dag.py:3211} INFO - Sync 4 DAGs
[2025-02-01T00:10:16.502+0000] {logging_mixin.py:190} INFO - [2025-02-01T00:10:16.501+0000] {dag.py:4138} INFO - Setting next_dagrun for dataset_alias_example_alias_consumer_with_no_taskflow to None, run_after=None
[2025-02-01T00:10:16.505+0000] {logging_mixin.py:190} INFO - [2025-02-01T00:10:16.504+0000] {dag.py:4138} INFO - Setting next_dagrun for dataset_alias_example_alias_producer_with_no_taskflow to None, run_after=None
[2025-02-01T00:10:16.506+0000] {logging_mixin.py:190} INFO - [2025-02-01T00:10:16.506+0000] {dag.py:4138} INFO - Setting next_dagrun for dataset_s3_bucket_consumer_with_no_taskflow to None, run_after=None
[2025-02-01T00:10:16.508+0000] {logging_mixin.py:190} INFO - [2025-02-01T00:10:16.508+0000] {dag.py:4138} INFO - Setting next_dagrun for dataset_s3_bucket_producer_with_no_taskflow to None, run_after=None
[2025-02-01T00:10:16.532+0000] {processor.py:208} INFO - Processing /home/airflow/.local/lib/python3.12/site-packages/airflow/example_dags/example_dataset_alias_with_no_taskflow.py took 0.217 seconds
[2025-02-01T00:10:46.904+0000] {processor.py:186} INFO - Started process (PID=26399) to work on /home/airflow/.local/lib/python3.12/site-packages/airflow/example_dags/example_dataset_alias_with_no_taskflow.py
[2025-02-01T00:10:46.905+0000] {processor.py:914} INFO - Processing file /home/airflow/.local/lib/python3.12/site-packages/airflow/example_dags/example_dataset_alias_with_no_taskflow.py for tasks to queue
[2025-02-01T00:10:46.906+0000] {logging_mixin.py:190} INFO - [2025-02-01T00:10:46.905+0000] {dagbag.py:587} INFO - Filling up the DagBag from /home/airflow/.local/lib/python3.12/site-packages/airflow/example_dags/example_dataset_alias_with_no_taskflow.py
[2025-02-01T00:10:47.034+0000] {processor.py:925} INFO - DAG(s) 'dataset_s3_bucket_consumer_with_no_taskflow', 'dataset_alias_example_alias_producer_with_no_taskflow', 'dataset_alias_example_alias_consumer_with_no_taskflow', 'dataset_s3_bucket_producer_with_no_taskflow' retrieved from /home/airflow/.local/lib/python3.12/site-packages/airflow/example_dags/example_dataset_alias_with_no_taskflow.py
[2025-02-01T00:10:47.053+0000] {logging_mixin.py:190} INFO - [2025-02-01T00:10:47.053+0000] {dag.py:3211} INFO - Sync 4 DAGs
[2025-02-01T00:10:47.074+0000] {logging_mixin.py:190} INFO - [2025-02-01T00:10:47.074+0000] {dag.py:4138} INFO - Setting next_dagrun for dataset_alias_example_alias_consumer_with_no_taskflow to None, run_after=None
[2025-02-01T00:10:47.077+0000] {logging_mixin.py:190} INFO - [2025-02-01T00:10:47.076+0000] {dag.py:4138} INFO - Setting next_dagrun for dataset_alias_example_alias_producer_with_no_taskflow to None, run_after=None
[2025-02-01T00:10:47.078+0000] {logging_mixin.py:190} INFO - [2025-02-01T00:10:47.077+0000] {dag.py:4138} INFO - Setting next_dagrun for dataset_s3_bucket_consumer_with_no_taskflow to None, run_after=None
[2025-02-01T00:10:47.078+0000] {logging_mixin.py:190} INFO - [2025-02-01T00:10:47.078+0000] {dag.py:4138} INFO - Setting next_dagrun for dataset_s3_bucket_producer_with_no_taskflow to None, run_after=None
[2025-02-01T00:10:47.100+0000] {processor.py:208} INFO - Processing /home/airflow/.local/lib/python3.12/site-packages/airflow/example_dags/example_dataset_alias_with_no_taskflow.py took 0.201 seconds
[2025-02-01T00:11:17.191+0000] {processor.py:186} INFO - Started process (PID=26463) to work on /home/airflow/.local/lib/python3.12/site-packages/airflow/example_dags/example_dataset_alias_with_no_taskflow.py
[2025-02-01T00:11:17.192+0000] {processor.py:914} INFO - Processing file /home/airflow/.local/lib/python3.12/site-packages/airflow/example_dags/example_dataset_alias_with_no_taskflow.py for tasks to queue
[2025-02-01T00:11:17.193+0000] {logging_mixin.py:190} INFO - [2025-02-01T00:11:17.193+0000] {dagbag.py:587} INFO - Filling up the DagBag from /home/airflow/.local/lib/python3.12/site-packages/airflow/example_dags/example_dataset_alias_with_no_taskflow.py
[2025-02-01T00:11:17.331+0000] {processor.py:925} INFO - DAG(s) 'dataset_s3_bucket_producer_with_no_taskflow', 'dataset_alias_example_alias_consumer_with_no_taskflow', 'dataset_s3_bucket_consumer_with_no_taskflow', 'dataset_alias_example_alias_producer_with_no_taskflow' retrieved from /home/airflow/.local/lib/python3.12/site-packages/airflow/example_dags/example_dataset_alias_with_no_taskflow.py
[2025-02-01T00:11:17.349+0000] {logging_mixin.py:190} INFO - [2025-02-01T00:11:17.349+0000] {dag.py:3211} INFO - Sync 4 DAGs
[2025-02-01T00:11:17.371+0000] {logging_mixin.py:190} INFO - [2025-02-01T00:11:17.371+0000] {dag.py:4138} INFO - Setting next_dagrun for dataset_alias_example_alias_consumer_with_no_taskflow to None, run_after=None
[2025-02-01T00:11:17.373+0000] {logging_mixin.py:190} INFO - [2025-02-01T00:11:17.373+0000] {dag.py:4138} INFO - Setting next_dagrun for dataset_alias_example_alias_producer_with_no_taskflow to None, run_after=None
[2025-02-01T00:11:17.375+0000] {logging_mixin.py:190} INFO - [2025-02-01T00:11:17.374+0000] {dag.py:4138} INFO - Setting next_dagrun for dataset_s3_bucket_consumer_with_no_taskflow to None, run_after=None
[2025-02-01T00:11:17.376+0000] {logging_mixin.py:190} INFO - [2025-02-01T00:11:17.376+0000] {dag.py:4138} INFO - Setting next_dagrun for dataset_s3_bucket_producer_with_no_taskflow to None, run_after=None
[2025-02-01T00:11:17.396+0000] {processor.py:208} INFO - Processing /home/airflow/.local/lib/python3.12/site-packages/airflow/example_dags/example_dataset_alias_with_no_taskflow.py took 0.209 seconds
[2025-02-01T00:11:47.464+0000] {processor.py:186} INFO - Started process (PID=26527) to work on /home/airflow/.local/lib/python3.12/site-packages/airflow/example_dags/example_dataset_alias_with_no_taskflow.py
[2025-02-01T00:11:47.465+0000] {processor.py:914} INFO - Processing file /home/airflow/.local/lib/python3.12/site-packages/airflow/example_dags/example_dataset_alias_with_no_taskflow.py for tasks to queue
[2025-02-01T00:11:47.466+0000] {logging_mixin.py:190} INFO - [2025-02-01T00:11:47.466+0000] {dagbag.py:587} INFO - Filling up the DagBag from /home/airflow/.local/lib/python3.12/site-packages/airflow/example_dags/example_dataset_alias_with_no_taskflow.py
[2025-02-01T00:11:47.597+0000] {processor.py:925} INFO - DAG(s) 'dataset_alias_example_alias_producer_with_no_taskflow', 'dataset_s3_bucket_consumer_with_no_taskflow', 'dataset_alias_example_alias_consumer_with_no_taskflow', 'dataset_s3_bucket_producer_with_no_taskflow' retrieved from /home/airflow/.local/lib/python3.12/site-packages/airflow/example_dags/example_dataset_alias_with_no_taskflow.py
[2025-02-01T00:11:47.617+0000] {logging_mixin.py:190} INFO - [2025-02-01T00:11:47.617+0000] {dag.py:3211} INFO - Sync 4 DAGs
[2025-02-01T00:11:47.638+0000] {logging_mixin.py:190} INFO - [2025-02-01T00:11:47.637+0000] {dag.py:4138} INFO - Setting next_dagrun for dataset_alias_example_alias_consumer_with_no_taskflow to None, run_after=None
[2025-02-01T00:11:47.640+0000] {logging_mixin.py:190} INFO - [2025-02-01T00:11:47.640+0000] {dag.py:4138} INFO - Setting next_dagrun for dataset_alias_example_alias_producer_with_no_taskflow to None, run_after=None
[2025-02-01T00:11:47.641+0000] {logging_mixin.py:190} INFO - [2025-02-01T00:11:47.641+0000] {dag.py:4138} INFO - Setting next_dagrun for dataset_s3_bucket_consumer_with_no_taskflow to None, run_after=None
[2025-02-01T00:11:47.643+0000] {logging_mixin.py:190} INFO - [2025-02-01T00:11:47.642+0000] {dag.py:4138} INFO - Setting next_dagrun for dataset_s3_bucket_producer_with_no_taskflow to None, run_after=None
[2025-02-01T00:11:47.666+0000] {processor.py:208} INFO - Processing /home/airflow/.local/lib/python3.12/site-packages/airflow/example_dags/example_dataset_alias_with_no_taskflow.py took 0.206 seconds
[2025-02-01T00:12:17.733+0000] {processor.py:186} INFO - Started process (PID=26590) to work on /home/airflow/.local/lib/python3.12/site-packages/airflow/example_dags/example_dataset_alias_with_no_taskflow.py
[2025-02-01T00:12:17.734+0000] {processor.py:914} INFO - Processing file /home/airflow/.local/lib/python3.12/site-packages/airflow/example_dags/example_dataset_alias_with_no_taskflow.py for tasks to queue
[2025-02-01T00:12:17.735+0000] {logging_mixin.py:190} INFO - [2025-02-01T00:12:17.735+0000] {dagbag.py:587} INFO - Filling up the DagBag from /home/airflow/.local/lib/python3.12/site-packages/airflow/example_dags/example_dataset_alias_with_no_taskflow.py
[2025-02-01T00:12:17.867+0000] {processor.py:925} INFO - DAG(s) 'dataset_alias_example_alias_producer_with_no_taskflow', 'dataset_s3_bucket_consumer_with_no_taskflow', 'dataset_alias_example_alias_consumer_with_no_taskflow', 'dataset_s3_bucket_producer_with_no_taskflow' retrieved from /home/airflow/.local/lib/python3.12/site-packages/airflow/example_dags/example_dataset_alias_with_no_taskflow.py
[2025-02-01T00:12:17.888+0000] {logging_mixin.py:190} INFO - [2025-02-01T00:12:17.888+0000] {dag.py:3211} INFO - Sync 4 DAGs
[2025-02-01T00:12:17.908+0000] {logging_mixin.py:190} INFO - [2025-02-01T00:12:17.908+0000] {dag.py:4138} INFO - Setting next_dagrun for dataset_alias_example_alias_consumer_with_no_taskflow to None, run_after=None
[2025-02-01T00:12:17.911+0000] {logging_mixin.py:190} INFO - [2025-02-01T00:12:17.911+0000] {dag.py:4138} INFO - Setting next_dagrun for dataset_alias_example_alias_producer_with_no_taskflow to None, run_after=None
[2025-02-01T00:12:17.912+0000] {logging_mixin.py:190} INFO - [2025-02-01T00:12:17.912+0000] {dag.py:4138} INFO - Setting next_dagrun for dataset_s3_bucket_consumer_with_no_taskflow to None, run_after=None
[2025-02-01T00:12:17.913+0000] {logging_mixin.py:190} INFO - [2025-02-01T00:12:17.913+0000] {dag.py:4138} INFO - Setting next_dagrun for dataset_s3_bucket_producer_with_no_taskflow to None, run_after=None
[2025-02-01T00:12:17.934+0000] {processor.py:208} INFO - Processing /home/airflow/.local/lib/python3.12/site-packages/airflow/example_dags/example_dataset_alias_with_no_taskflow.py took 0.206 seconds
[2025-02-01T00:12:48.002+0000] {processor.py:186} INFO - Started process (PID=26651) to work on /home/airflow/.local/lib/python3.12/site-packages/airflow/example_dags/example_dataset_alias_with_no_taskflow.py
[2025-02-01T00:12:48.003+0000] {processor.py:914} INFO - Processing file /home/airflow/.local/lib/python3.12/site-packages/airflow/example_dags/example_dataset_alias_with_no_taskflow.py for tasks to queue
[2025-02-01T00:12:48.004+0000] {logging_mixin.py:190} INFO - [2025-02-01T00:12:48.003+0000] {dagbag.py:587} INFO - Filling up the DagBag from /home/airflow/.local/lib/python3.12/site-packages/airflow/example_dags/example_dataset_alias_with_no_taskflow.py
[2025-02-01T00:12:48.137+0000] {processor.py:925} INFO - DAG(s) 'dataset_alias_example_alias_consumer_with_no_taskflow', 'dataset_s3_bucket_producer_with_no_taskflow', 'dataset_alias_example_alias_producer_with_no_taskflow', 'dataset_s3_bucket_consumer_with_no_taskflow' retrieved from /home/airflow/.local/lib/python3.12/site-packages/airflow/example_dags/example_dataset_alias_with_no_taskflow.py
[2025-02-01T00:12:48.157+0000] {logging_mixin.py:190} INFO - [2025-02-01T00:12:48.156+0000] {dag.py:3211} INFO - Sync 4 DAGs
[2025-02-01T00:12:48.179+0000] {logging_mixin.py:190} INFO - [2025-02-01T00:12:48.178+0000] {dag.py:4138} INFO - Setting next_dagrun for dataset_alias_example_alias_consumer_with_no_taskflow to None, run_after=None
[2025-02-01T00:12:48.181+0000] {logging_mixin.py:190} INFO - [2025-02-01T00:12:48.181+0000] {dag.py:4138} INFO - Setting next_dagrun for dataset_alias_example_alias_producer_with_no_taskflow to None, run_after=None
[2025-02-01T00:12:48.182+0000] {logging_mixin.py:190} INFO - [2025-02-01T00:12:48.182+0000] {dag.py:4138} INFO - Setting next_dagrun for dataset_s3_bucket_consumer_with_no_taskflow to None, run_after=None
[2025-02-01T00:12:48.183+0000] {logging_mixin.py:190} INFO - [2025-02-01T00:12:48.183+0000] {dag.py:4138} INFO - Setting next_dagrun for dataset_s3_bucket_producer_with_no_taskflow to None, run_after=None
[2025-02-01T00:12:48.206+0000] {processor.py:208} INFO - Processing /home/airflow/.local/lib/python3.12/site-packages/airflow/example_dags/example_dataset_alias_with_no_taskflow.py took 0.210 seconds
[2025-02-01T00:13:18.254+0000] {processor.py:186} INFO - Started process (PID=26715) to work on /home/airflow/.local/lib/python3.12/site-packages/airflow/example_dags/example_dataset_alias_with_no_taskflow.py
[2025-02-01T00:13:18.255+0000] {processor.py:914} INFO - Processing file /home/airflow/.local/lib/python3.12/site-packages/airflow/example_dags/example_dataset_alias_with_no_taskflow.py for tasks to queue
[2025-02-01T00:13:18.257+0000] {logging_mixin.py:190} INFO - [2025-02-01T00:13:18.256+0000] {dagbag.py:587} INFO - Filling up the DagBag from /home/airflow/.local/lib/python3.12/site-packages/airflow/example_dags/example_dataset_alias_with_no_taskflow.py
[2025-02-01T00:13:18.381+0000] {processor.py:925} INFO - DAG(s) 'dataset_s3_bucket_consumer_with_no_taskflow', 'dataset_s3_bucket_producer_with_no_taskflow', 'dataset_alias_example_alias_consumer_with_no_taskflow', 'dataset_alias_example_alias_producer_with_no_taskflow' retrieved from /home/airflow/.local/lib/python3.12/site-packages/airflow/example_dags/example_dataset_alias_with_no_taskflow.py
[2025-02-01T00:13:18.397+0000] {logging_mixin.py:190} INFO - [2025-02-01T00:13:18.397+0000] {dag.py:3211} INFO - Sync 4 DAGs
[2025-02-01T00:13:18.417+0000] {logging_mixin.py:190} INFO - [2025-02-01T00:13:18.417+0000] {dag.py:4138} INFO - Setting next_dagrun for dataset_alias_example_alias_consumer_with_no_taskflow to None, run_after=None
[2025-02-01T00:13:18.419+0000] {logging_mixin.py:190} INFO - [2025-02-01T00:13:18.419+0000] {dag.py:4138} INFO - Setting next_dagrun for dataset_alias_example_alias_producer_with_no_taskflow to None, run_after=None
[2025-02-01T00:13:18.420+0000] {logging_mixin.py:190} INFO - [2025-02-01T00:13:18.420+0000] {dag.py:4138} INFO - Setting next_dagrun for dataset_s3_bucket_consumer_with_no_taskflow to None, run_after=None
[2025-02-01T00:13:18.421+0000] {logging_mixin.py:190} INFO - [2025-02-01T00:13:18.421+0000] {dag.py:4138} INFO - Setting next_dagrun for dataset_s3_bucket_producer_with_no_taskflow to None, run_after=None
[2025-02-01T00:13:18.440+0000] {processor.py:208} INFO - Processing /home/airflow/.local/lib/python3.12/site-packages/airflow/example_dags/example_dataset_alias_with_no_taskflow.py took 0.191 seconds
[2025-02-01T00:13:48.661+0000] {processor.py:186} INFO - Started process (PID=26780) to work on /home/airflow/.local/lib/python3.12/site-packages/airflow/example_dags/example_dataset_alias_with_no_taskflow.py
[2025-02-01T00:13:48.661+0000] {processor.py:914} INFO - Processing file /home/airflow/.local/lib/python3.12/site-packages/airflow/example_dags/example_dataset_alias_with_no_taskflow.py for tasks to queue
[2025-02-01T00:13:48.662+0000] {logging_mixin.py:190} INFO - [2025-02-01T00:13:48.662+0000] {dagbag.py:587} INFO - Filling up the DagBag from /home/airflow/.local/lib/python3.12/site-packages/airflow/example_dags/example_dataset_alias_with_no_taskflow.py
[2025-02-01T00:13:48.798+0000] {processor.py:925} INFO - DAG(s) 'dataset_s3_bucket_producer_with_no_taskflow', 'dataset_alias_example_alias_consumer_with_no_taskflow', 'dataset_alias_example_alias_producer_with_no_taskflow', 'dataset_s3_bucket_consumer_with_no_taskflow' retrieved from /home/airflow/.local/lib/python3.12/site-packages/airflow/example_dags/example_dataset_alias_with_no_taskflow.py
[2025-02-01T00:13:48.815+0000] {logging_mixin.py:190} INFO - [2025-02-01T00:13:48.815+0000] {dag.py:3211} INFO - Sync 4 DAGs
[2025-02-01T00:13:48.834+0000] {logging_mixin.py:190} INFO - [2025-02-01T00:13:48.834+0000] {dag.py:4138} INFO - Setting next_dagrun for dataset_alias_example_alias_consumer_with_no_taskflow to None, run_after=None
[2025-02-01T00:13:48.837+0000] {logging_mixin.py:190} INFO - [2025-02-01T00:13:48.836+0000] {dag.py:4138} INFO - Setting next_dagrun for dataset_alias_example_alias_producer_with_no_taskflow to None, run_after=None
[2025-02-01T00:13:48.838+0000] {logging_mixin.py:190} INFO - [2025-02-01T00:13:48.838+0000] {dag.py:4138} INFO - Setting next_dagrun for dataset_s3_bucket_consumer_with_no_taskflow to None, run_after=None
[2025-02-01T00:13:48.839+0000] {logging_mixin.py:190} INFO - [2025-02-01T00:13:48.839+0000] {dag.py:4138} INFO - Setting next_dagrun for dataset_s3_bucket_producer_with_no_taskflow to None, run_after=None
[2025-02-01T00:13:48.860+0000] {processor.py:208} INFO - Processing /home/airflow/.local/lib/python3.12/site-packages/airflow/example_dags/example_dataset_alias_with_no_taskflow.py took 0.204 seconds
[2025-02-01T00:14:18.936+0000] {processor.py:186} INFO - Started process (PID=26844) to work on /home/airflow/.local/lib/python3.12/site-packages/airflow/example_dags/example_dataset_alias_with_no_taskflow.py
[2025-02-01T00:14:18.937+0000] {processor.py:914} INFO - Processing file /home/airflow/.local/lib/python3.12/site-packages/airflow/example_dags/example_dataset_alias_with_no_taskflow.py for tasks to queue
[2025-02-01T00:14:18.938+0000] {logging_mixin.py:190} INFO - [2025-02-01T00:14:18.938+0000] {dagbag.py:587} INFO - Filling up the DagBag from /home/airflow/.local/lib/python3.12/site-packages/airflow/example_dags/example_dataset_alias_with_no_taskflow.py
[2025-02-01T00:14:19.063+0000] {processor.py:925} INFO - DAG(s) 'dataset_alias_example_alias_consumer_with_no_taskflow', 'dataset_s3_bucket_producer_with_no_taskflow', 'dataset_s3_bucket_consumer_with_no_taskflow', 'dataset_alias_example_alias_producer_with_no_taskflow' retrieved from /home/airflow/.local/lib/python3.12/site-packages/airflow/example_dags/example_dataset_alias_with_no_taskflow.py
[2025-02-01T00:14:19.079+0000] {logging_mixin.py:190} INFO - [2025-02-01T00:14:19.079+0000] {dag.py:3211} INFO - Sync 4 DAGs
[2025-02-01T00:14:19.098+0000] {logging_mixin.py:190} INFO - [2025-02-01T00:14:19.098+0000] {dag.py:4138} INFO - Setting next_dagrun for dataset_alias_example_alias_consumer_with_no_taskflow to None, run_after=None
[2025-02-01T00:14:19.100+0000] {logging_mixin.py:190} INFO - [2025-02-01T00:14:19.100+0000] {dag.py:4138} INFO - Setting next_dagrun for dataset_alias_example_alias_producer_with_no_taskflow to None, run_after=None
[2025-02-01T00:14:19.101+0000] {logging_mixin.py:190} INFO - [2025-02-01T00:14:19.101+0000] {dag.py:4138} INFO - Setting next_dagrun for dataset_s3_bucket_consumer_with_no_taskflow to None, run_after=None
[2025-02-01T00:14:19.102+0000] {logging_mixin.py:190} INFO - [2025-02-01T00:14:19.102+0000] {dag.py:4138} INFO - Setting next_dagrun for dataset_s3_bucket_producer_with_no_taskflow to None, run_after=None
[2025-02-01T00:14:19.121+0000] {processor.py:208} INFO - Processing /home/airflow/.local/lib/python3.12/site-packages/airflow/example_dags/example_dataset_alias_with_no_taskflow.py took 0.189 seconds
[2025-02-01T00:14:49.255+0000] {processor.py:186} INFO - Started process (PID=26907) to work on /home/airflow/.local/lib/python3.12/site-packages/airflow/example_dags/example_dataset_alias_with_no_taskflow.py
[2025-02-01T00:14:49.256+0000] {processor.py:914} INFO - Processing file /home/airflow/.local/lib/python3.12/site-packages/airflow/example_dags/example_dataset_alias_with_no_taskflow.py for tasks to queue
[2025-02-01T00:14:49.258+0000] {logging_mixin.py:190} INFO - [2025-02-01T00:14:49.257+0000] {dagbag.py:587} INFO - Filling up the DagBag from /home/airflow/.local/lib/python3.12/site-packages/airflow/example_dags/example_dataset_alias_with_no_taskflow.py
[2025-02-01T00:14:49.432+0000] {processor.py:925} INFO - DAG(s) 'dataset_s3_bucket_producer_with_no_taskflow', 'dataset_alias_example_alias_producer_with_no_taskflow', 'dataset_s3_bucket_consumer_with_no_taskflow', 'dataset_alias_example_alias_consumer_with_no_taskflow' retrieved from /home/airflow/.local/lib/python3.12/site-packages/airflow/example_dags/example_dataset_alias_with_no_taskflow.py
[2025-02-01T00:14:49.455+0000] {logging_mixin.py:190} INFO - [2025-02-01T00:14:49.455+0000] {dag.py:3211} INFO - Sync 4 DAGs
[2025-02-01T00:14:49.479+0000] {logging_mixin.py:190} INFO - [2025-02-01T00:14:49.479+0000] {dag.py:4138} INFO - Setting next_dagrun for dataset_alias_example_alias_consumer_with_no_taskflow to None, run_after=None
[2025-02-01T00:14:49.482+0000] {logging_mixin.py:190} INFO - [2025-02-01T00:14:49.482+0000] {dag.py:4138} INFO - Setting next_dagrun for dataset_alias_example_alias_producer_with_no_taskflow to None, run_after=None
[2025-02-01T00:14:49.484+0000] {logging_mixin.py:190} INFO - [2025-02-01T00:14:49.483+0000] {dag.py:4138} INFO - Setting next_dagrun for dataset_s3_bucket_consumer_with_no_taskflow to None, run_after=None
[2025-02-01T00:14:49.485+0000] {logging_mixin.py:190} INFO - [2025-02-01T00:14:49.485+0000] {dag.py:4138} INFO - Setting next_dagrun for dataset_s3_bucket_producer_with_no_taskflow to None, run_after=None
[2025-02-01T00:14:49.508+0000] {processor.py:208} INFO - Processing /home/airflow/.local/lib/python3.12/site-packages/airflow/example_dags/example_dataset_alias_with_no_taskflow.py took 0.258 seconds
[2025-02-01T00:15:19.729+0000] {processor.py:186} INFO - Started process (PID=26970) to work on /home/airflow/.local/lib/python3.12/site-packages/airflow/example_dags/example_dataset_alias_with_no_taskflow.py
[2025-02-01T00:15:19.730+0000] {processor.py:914} INFO - Processing file /home/airflow/.local/lib/python3.12/site-packages/airflow/example_dags/example_dataset_alias_with_no_taskflow.py for tasks to queue
[2025-02-01T00:15:19.731+0000] {logging_mixin.py:190} INFO - [2025-02-01T00:15:19.731+0000] {dagbag.py:587} INFO - Filling up the DagBag from /home/airflow/.local/lib/python3.12/site-packages/airflow/example_dags/example_dataset_alias_with_no_taskflow.py
[2025-02-01T00:15:19.863+0000] {processor.py:925} INFO - DAG(s) 'dataset_alias_example_alias_consumer_with_no_taskflow', 'dataset_s3_bucket_producer_with_no_taskflow', 'dataset_s3_bucket_consumer_with_no_taskflow', 'dataset_alias_example_alias_producer_with_no_taskflow' retrieved from /home/airflow/.local/lib/python3.12/site-packages/airflow/example_dags/example_dataset_alias_with_no_taskflow.py
[2025-02-01T00:15:19.881+0000] {logging_mixin.py:190} INFO - [2025-02-01T00:15:19.881+0000] {dag.py:3211} INFO - Sync 4 DAGs
[2025-02-01T00:15:19.902+0000] {logging_mixin.py:190} INFO - [2025-02-01T00:15:19.902+0000] {dag.py:4138} INFO - Setting next_dagrun for dataset_alias_example_alias_consumer_with_no_taskflow to None, run_after=None
[2025-02-01T00:15:19.904+0000] {logging_mixin.py:190} INFO - [2025-02-01T00:15:19.904+0000] {dag.py:4138} INFO - Setting next_dagrun for dataset_alias_example_alias_producer_with_no_taskflow to None, run_after=None
[2025-02-01T00:15:19.906+0000] {logging_mixin.py:190} INFO - [2025-02-01T00:15:19.905+0000] {dag.py:4138} INFO - Setting next_dagrun for dataset_s3_bucket_consumer_with_no_taskflow to None, run_after=None
[2025-02-01T00:15:19.907+0000] {logging_mixin.py:190} INFO - [2025-02-01T00:15:19.907+0000] {dag.py:4138} INFO - Setting next_dagrun for dataset_s3_bucket_producer_with_no_taskflow to None, run_after=None
[2025-02-01T00:15:19.927+0000] {processor.py:208} INFO - Processing /home/airflow/.local/lib/python3.12/site-packages/airflow/example_dags/example_dataset_alias_with_no_taskflow.py took 0.202 seconds
[2025-02-01T00:15:50.159+0000] {processor.py:186} INFO - Started process (PID=27034) to work on /home/airflow/.local/lib/python3.12/site-packages/airflow/example_dags/example_dataset_alias_with_no_taskflow.py
[2025-02-01T00:15:50.160+0000] {processor.py:914} INFO - Processing file /home/airflow/.local/lib/python3.12/site-packages/airflow/example_dags/example_dataset_alias_with_no_taskflow.py for tasks to queue
[2025-02-01T00:15:50.161+0000] {logging_mixin.py:190} INFO - [2025-02-01T00:15:50.161+0000] {dagbag.py:587} INFO - Filling up the DagBag from /home/airflow/.local/lib/python3.12/site-packages/airflow/example_dags/example_dataset_alias_with_no_taskflow.py
[2025-02-01T00:15:50.293+0000] {processor.py:925} INFO - DAG(s) 'dataset_s3_bucket_consumer_with_no_taskflow', 'dataset_alias_example_alias_consumer_with_no_taskflow', 'dataset_s3_bucket_producer_with_no_taskflow', 'dataset_alias_example_alias_producer_with_no_taskflow' retrieved from /home/airflow/.local/lib/python3.12/site-packages/airflow/example_dags/example_dataset_alias_with_no_taskflow.py
[2025-02-01T00:15:50.312+0000] {logging_mixin.py:190} INFO - [2025-02-01T00:15:50.312+0000] {dag.py:3211} INFO - Sync 4 DAGs
[2025-02-01T00:15:50.334+0000] {logging_mixin.py:190} INFO - [2025-02-01T00:15:50.334+0000] {dag.py:4138} INFO - Setting next_dagrun for dataset_alias_example_alias_consumer_with_no_taskflow to None, run_after=None
[2025-02-01T00:15:50.336+0000] {logging_mixin.py:190} INFO - [2025-02-01T00:15:50.336+0000] {dag.py:4138} INFO - Setting next_dagrun for dataset_alias_example_alias_producer_with_no_taskflow to None, run_after=None
[2025-02-01T00:15:50.338+0000] {logging_mixin.py:190} INFO - [2025-02-01T00:15:50.337+0000] {dag.py:4138} INFO - Setting next_dagrun for dataset_s3_bucket_consumer_with_no_taskflow to None, run_after=None
[2025-02-01T00:15:50.339+0000] {logging_mixin.py:190} INFO - [2025-02-01T00:15:50.339+0000] {dag.py:4138} INFO - Setting next_dagrun for dataset_s3_bucket_producer_with_no_taskflow to None, run_after=None
[2025-02-01T00:15:50.358+0000] {processor.py:208} INFO - Processing /home/airflow/.local/lib/python3.12/site-packages/airflow/example_dags/example_dataset_alias_with_no_taskflow.py took 0.204 seconds
[2025-02-01T00:16:20.430+0000] {processor.py:186} INFO - Started process (PID=27097) to work on /home/airflow/.local/lib/python3.12/site-packages/airflow/example_dags/example_dataset_alias_with_no_taskflow.py
[2025-02-01T00:16:20.431+0000] {processor.py:914} INFO - Processing file /home/airflow/.local/lib/python3.12/site-packages/airflow/example_dags/example_dataset_alias_with_no_taskflow.py for tasks to queue
[2025-02-01T00:16:20.432+0000] {logging_mixin.py:190} INFO - [2025-02-01T00:16:20.432+0000] {dagbag.py:587} INFO - Filling up the DagBag from /home/airflow/.local/lib/python3.12/site-packages/airflow/example_dags/example_dataset_alias_with_no_taskflow.py
[2025-02-01T00:16:20.565+0000] {processor.py:925} INFO - DAG(s) 'dataset_alias_example_alias_consumer_with_no_taskflow', 'dataset_alias_example_alias_producer_with_no_taskflow', 'dataset_s3_bucket_producer_with_no_taskflow', 'dataset_s3_bucket_consumer_with_no_taskflow' retrieved from /home/airflow/.local/lib/python3.12/site-packages/airflow/example_dags/example_dataset_alias_with_no_taskflow.py
[2025-02-01T00:16:20.582+0000] {logging_mixin.py:190} INFO - [2025-02-01T00:16:20.582+0000] {dag.py:3211} INFO - Sync 4 DAGs
[2025-02-01T00:16:20.601+0000] {logging_mixin.py:190} INFO - [2025-02-01T00:16:20.600+0000] {dag.py:4138} INFO - Setting next_dagrun for dataset_alias_example_alias_consumer_with_no_taskflow to None, run_after=None
[2025-02-01T00:16:20.603+0000] {logging_mixin.py:190} INFO - [2025-02-01T00:16:20.603+0000] {dag.py:4138} INFO - Setting next_dagrun for dataset_alias_example_alias_producer_with_no_taskflow to None, run_after=None
[2025-02-01T00:16:20.604+0000] {logging_mixin.py:190} INFO - [2025-02-01T00:16:20.604+0000] {dag.py:4138} INFO - Setting next_dagrun for dataset_s3_bucket_consumer_with_no_taskflow to None, run_after=None
[2025-02-01T00:16:20.605+0000] {logging_mixin.py:190} INFO - [2025-02-01T00:16:20.605+0000] {dag.py:4138} INFO - Setting next_dagrun for dataset_s3_bucket_producer_with_no_taskflow to None, run_after=None
[2025-02-01T00:16:20.624+0000] {processor.py:208} INFO - Processing /home/airflow/.local/lib/python3.12/site-packages/airflow/example_dags/example_dataset_alias_with_no_taskflow.py took 0.198 seconds
