[2025-02-01T00:00:06.228+0000] {processor.py:186} INFO - Started process (PID=25065) to work on /home/airflow/.local/lib/python3.12/site-packages/airflow/example_dags/example_subdag_operator.py
[2025-02-01T00:00:06.229+0000] {processor.py:914} INFO - Processing file /home/airflow/.local/lib/python3.12/site-packages/airflow/example_dags/example_subdag_operator.py for tasks to queue
[2025-02-01T00:00:06.230+0000] {logging_mixin.py:190} INFO - [2025-02-01T00:00:06.230+0000] {dagbag.py:587} INFO - Filling up the DagBag from /home/airflow/.local/lib/python3.12/site-packages/airflow/example_dags/example_subdag_operator.py
[2025-02-01T00:00:06.253+0000] {processor.py:925} INFO - DAG(s) 'example_subdag_operator.section-1', 'example_subdag_operator.section-2', 'example_subdag_operator' retrieved from /home/airflow/.local/lib/python3.12/site-packages/airflow/example_dags/example_subdag_operator.py
[2025-02-01T00:00:06.270+0000] {logging_mixin.py:190} INFO - [2025-02-01T00:00:06.270+0000] {dag.py:3211} INFO - Sync 3 DAGs
[2025-02-01T00:00:06.292+0000] {logging_mixin.py:190} INFO - [2025-02-01T00:00:06.292+0000] {dag.py:4138} INFO - Setting next_dagrun for example_subdag_operator to 2022-01-01 00:00:00+00:00, run_after=2022-01-01 00:00:00+00:00
[2025-02-01T00:00:06.296+0000] {logging_mixin.py:190} INFO - [2025-02-01T00:00:06.296+0000] {dag.py:4138} INFO - Setting next_dagrun for example_subdag_operator.section-1 to None, run_after=None
[2025-02-01T00:00:06.298+0000] {logging_mixin.py:190} INFO - [2025-02-01T00:00:06.298+0000] {dag.py:4138} INFO - Setting next_dagrun for example_subdag_operator.section-2 to None, run_after=None
[2025-02-01T00:00:06.305+0000] {logging_mixin.py:190} INFO - [2025-02-01T00:00:06.305+0000] {dag.py:3211} INFO - Sync 2 DAGs
[2025-02-01T00:00:06.311+0000] {logging_mixin.py:190} INFO - [2025-02-01T00:00:06.311+0000] {dag.py:4138} INFO - Setting next_dagrun for example_subdag_operator.section-1 to None, run_after=None
[2025-02-01T00:00:06.311+0000] {logging_mixin.py:190} INFO - [2025-02-01T00:00:06.311+0000] {dag.py:4138} INFO - Setting next_dagrun for example_subdag_operator.section-2 to None, run_after=None
[2025-02-01T00:00:06.323+0000] {processor.py:208} INFO - Processing /home/airflow/.local/lib/python3.12/site-packages/airflow/example_dags/example_subdag_operator.py took 0.100 seconds
[2025-02-01T00:00:36.860+0000] {processor.py:186} INFO - Started process (PID=25128) to work on /home/airflow/.local/lib/python3.12/site-packages/airflow/example_dags/example_subdag_operator.py
[2025-02-01T00:00:36.861+0000] {processor.py:914} INFO - Processing file /home/airflow/.local/lib/python3.12/site-packages/airflow/example_dags/example_subdag_operator.py for tasks to queue
[2025-02-01T00:00:36.862+0000] {logging_mixin.py:190} INFO - [2025-02-01T00:00:36.862+0000] {dagbag.py:587} INFO - Filling up the DagBag from /home/airflow/.local/lib/python3.12/site-packages/airflow/example_dags/example_subdag_operator.py
[2025-02-01T00:00:36.883+0000] {processor.py:925} INFO - DAG(s) 'example_subdag_operator.section-1', 'example_subdag_operator.section-2', 'example_subdag_operator' retrieved from /home/airflow/.local/lib/python3.12/site-packages/airflow/example_dags/example_subdag_operator.py
[2025-02-01T00:00:36.898+0000] {logging_mixin.py:190} INFO - [2025-02-01T00:00:36.897+0000] {dag.py:3211} INFO - Sync 3 DAGs
[2025-02-01T00:00:36.918+0000] {logging_mixin.py:190} INFO - [2025-02-01T00:00:36.918+0000] {dag.py:4138} INFO - Setting next_dagrun for example_subdag_operator to 2022-01-01 00:00:00+00:00, run_after=2022-01-01 00:00:00+00:00
[2025-02-01T00:00:36.921+0000] {logging_mixin.py:190} INFO - [2025-02-01T00:00:36.921+0000] {dag.py:4138} INFO - Setting next_dagrun for example_subdag_operator.section-1 to None, run_after=None
[2025-02-01T00:00:36.923+0000] {logging_mixin.py:190} INFO - [2025-02-01T00:00:36.923+0000] {dag.py:4138} INFO - Setting next_dagrun for example_subdag_operator.section-2 to None, run_after=None
[2025-02-01T00:00:36.930+0000] {logging_mixin.py:190} INFO - [2025-02-01T00:00:36.930+0000] {dag.py:3211} INFO - Sync 2 DAGs
[2025-02-01T00:00:36.936+0000] {logging_mixin.py:190} INFO - [2025-02-01T00:00:36.936+0000] {dag.py:4138} INFO - Setting next_dagrun for example_subdag_operator.section-1 to None, run_after=None
[2025-02-01T00:00:36.937+0000] {logging_mixin.py:190} INFO - [2025-02-01T00:00:36.937+0000] {dag.py:4138} INFO - Setting next_dagrun for example_subdag_operator.section-2 to None, run_after=None
[2025-02-01T00:00:36.949+0000] {processor.py:208} INFO - Processing /home/airflow/.local/lib/python3.12/site-packages/airflow/example_dags/example_subdag_operator.py took 0.094 seconds
[2025-02-01T00:01:07.064+0000] {processor.py:186} INFO - Started process (PID=25191) to work on /home/airflow/.local/lib/python3.12/site-packages/airflow/example_dags/example_subdag_operator.py
[2025-02-01T00:01:07.065+0000] {processor.py:914} INFO - Processing file /home/airflow/.local/lib/python3.12/site-packages/airflow/example_dags/example_subdag_operator.py for tasks to queue
[2025-02-01T00:01:07.067+0000] {logging_mixin.py:190} INFO - [2025-02-01T00:01:07.066+0000] {dagbag.py:587} INFO - Filling up the DagBag from /home/airflow/.local/lib/python3.12/site-packages/airflow/example_dags/example_subdag_operator.py
[2025-02-01T00:01:07.088+0000] {processor.py:925} INFO - DAG(s) 'example_subdag_operator.section-1', 'example_subdag_operator.section-2', 'example_subdag_operator' retrieved from /home/airflow/.local/lib/python3.12/site-packages/airflow/example_dags/example_subdag_operator.py
[2025-02-01T00:01:07.102+0000] {logging_mixin.py:190} INFO - [2025-02-01T00:01:07.102+0000] {dag.py:3211} INFO - Sync 3 DAGs
[2025-02-01T00:01:07.122+0000] {logging_mixin.py:190} INFO - [2025-02-01T00:01:07.122+0000] {dag.py:4138} INFO - Setting next_dagrun for example_subdag_operator to 2022-01-01 00:00:00+00:00, run_after=2022-01-01 00:00:00+00:00
[2025-02-01T00:01:07.126+0000] {logging_mixin.py:190} INFO - [2025-02-01T00:01:07.126+0000] {dag.py:4138} INFO - Setting next_dagrun for example_subdag_operator.section-1 to None, run_after=None
[2025-02-01T00:01:07.128+0000] {logging_mixin.py:190} INFO - [2025-02-01T00:01:07.128+0000] {dag.py:4138} INFO - Setting next_dagrun for example_subdag_operator.section-2 to None, run_after=None
[2025-02-01T00:01:07.134+0000] {logging_mixin.py:190} INFO - [2025-02-01T00:01:07.134+0000] {dag.py:3211} INFO - Sync 2 DAGs
[2025-02-01T00:01:07.140+0000] {logging_mixin.py:190} INFO - [2025-02-01T00:01:07.140+0000] {dag.py:4138} INFO - Setting next_dagrun for example_subdag_operator.section-1 to None, run_after=None
[2025-02-01T00:01:07.141+0000] {logging_mixin.py:190} INFO - [2025-02-01T00:01:07.141+0000] {dag.py:4138} INFO - Setting next_dagrun for example_subdag_operator.section-2 to None, run_after=None
[2025-02-01T00:01:07.152+0000] {processor.py:208} INFO - Processing /home/airflow/.local/lib/python3.12/site-packages/airflow/example_dags/example_subdag_operator.py took 0.093 seconds
[2025-02-01T00:01:37.248+0000] {processor.py:186} INFO - Started process (PID=25254) to work on /home/airflow/.local/lib/python3.12/site-packages/airflow/example_dags/example_subdag_operator.py
[2025-02-01T00:01:37.249+0000] {processor.py:914} INFO - Processing file /home/airflow/.local/lib/python3.12/site-packages/airflow/example_dags/example_subdag_operator.py for tasks to queue
[2025-02-01T00:01:37.251+0000] {logging_mixin.py:190} INFO - [2025-02-01T00:01:37.250+0000] {dagbag.py:587} INFO - Filling up the DagBag from /home/airflow/.local/lib/python3.12/site-packages/airflow/example_dags/example_subdag_operator.py
[2025-02-01T00:01:37.272+0000] {processor.py:925} INFO - DAG(s) 'example_subdag_operator.section-1', 'example_subdag_operator.section-2', 'example_subdag_operator' retrieved from /home/airflow/.local/lib/python3.12/site-packages/airflow/example_dags/example_subdag_operator.py
[2025-02-01T00:01:37.286+0000] {logging_mixin.py:190} INFO - [2025-02-01T00:01:37.286+0000] {dag.py:3211} INFO - Sync 3 DAGs
[2025-02-01T00:01:37.307+0000] {logging_mixin.py:190} INFO - [2025-02-01T00:01:37.307+0000] {dag.py:4138} INFO - Setting next_dagrun for example_subdag_operator to 2022-01-01 00:00:00+00:00, run_after=2022-01-01 00:00:00+00:00
[2025-02-01T00:01:37.311+0000] {logging_mixin.py:190} INFO - [2025-02-01T00:01:37.311+0000] {dag.py:4138} INFO - Setting next_dagrun for example_subdag_operator.section-1 to None, run_after=None
[2025-02-01T00:01:37.312+0000] {logging_mixin.py:190} INFO - [2025-02-01T00:01:37.312+0000] {dag.py:4138} INFO - Setting next_dagrun for example_subdag_operator.section-2 to None, run_after=None
[2025-02-01T00:01:37.319+0000] {logging_mixin.py:190} INFO - [2025-02-01T00:01:37.319+0000] {dag.py:3211} INFO - Sync 2 DAGs
[2025-02-01T00:01:37.326+0000] {logging_mixin.py:190} INFO - [2025-02-01T00:01:37.326+0000] {dag.py:4138} INFO - Setting next_dagrun for example_subdag_operator.section-1 to None, run_after=None
[2025-02-01T00:01:37.326+0000] {logging_mixin.py:190} INFO - [2025-02-01T00:01:37.326+0000] {dag.py:4138} INFO - Setting next_dagrun for example_subdag_operator.section-2 to None, run_after=None
[2025-02-01T00:01:37.340+0000] {processor.py:208} INFO - Processing /home/airflow/.local/lib/python3.12/site-packages/airflow/example_dags/example_subdag_operator.py took 0.096 seconds
[2025-02-01T00:02:07.498+0000] {processor.py:186} INFO - Started process (PID=25317) to work on /home/airflow/.local/lib/python3.12/site-packages/airflow/example_dags/example_subdag_operator.py
[2025-02-01T00:02:07.499+0000] {processor.py:914} INFO - Processing file /home/airflow/.local/lib/python3.12/site-packages/airflow/example_dags/example_subdag_operator.py for tasks to queue
[2025-02-01T00:02:07.500+0000] {logging_mixin.py:190} INFO - [2025-02-01T00:02:07.500+0000] {dagbag.py:587} INFO - Filling up the DagBag from /home/airflow/.local/lib/python3.12/site-packages/airflow/example_dags/example_subdag_operator.py
[2025-02-01T00:02:07.520+0000] {processor.py:925} INFO - DAG(s) 'example_subdag_operator.section-1', 'example_subdag_operator.section-2', 'example_subdag_operator' retrieved from /home/airflow/.local/lib/python3.12/site-packages/airflow/example_dags/example_subdag_operator.py
[2025-02-01T00:02:07.533+0000] {logging_mixin.py:190} INFO - [2025-02-01T00:02:07.533+0000] {dag.py:3211} INFO - Sync 3 DAGs
[2025-02-01T00:02:07.553+0000] {logging_mixin.py:190} INFO - [2025-02-01T00:02:07.553+0000] {dag.py:4138} INFO - Setting next_dagrun for example_subdag_operator to 2022-01-01 00:00:00+00:00, run_after=2022-01-01 00:00:00+00:00
[2025-02-01T00:02:07.556+0000] {logging_mixin.py:190} INFO - [2025-02-01T00:02:07.556+0000] {dag.py:4138} INFO - Setting next_dagrun for example_subdag_operator.section-1 to None, run_after=None
[2025-02-01T00:02:07.558+0000] {logging_mixin.py:190} INFO - [2025-02-01T00:02:07.558+0000] {dag.py:4138} INFO - Setting next_dagrun for example_subdag_operator.section-2 to None, run_after=None
[2025-02-01T00:02:07.564+0000] {logging_mixin.py:190} INFO - [2025-02-01T00:02:07.564+0000] {dag.py:3211} INFO - Sync 2 DAGs
[2025-02-01T00:02:07.569+0000] {logging_mixin.py:190} INFO - [2025-02-01T00:02:07.569+0000] {dag.py:4138} INFO - Setting next_dagrun for example_subdag_operator.section-1 to None, run_after=None
[2025-02-01T00:02:07.570+0000] {logging_mixin.py:190} INFO - [2025-02-01T00:02:07.570+0000] {dag.py:4138} INFO - Setting next_dagrun for example_subdag_operator.section-2 to None, run_after=None
[2025-02-01T00:02:07.583+0000] {processor.py:208} INFO - Processing /home/airflow/.local/lib/python3.12/site-packages/airflow/example_dags/example_subdag_operator.py took 0.089 seconds
[2025-02-01T00:02:37.640+0000] {processor.py:186} INFO - Started process (PID=25380) to work on /home/airflow/.local/lib/python3.12/site-packages/airflow/example_dags/example_subdag_operator.py
[2025-02-01T00:02:37.641+0000] {processor.py:914} INFO - Processing file /home/airflow/.local/lib/python3.12/site-packages/airflow/example_dags/example_subdag_operator.py for tasks to queue
[2025-02-01T00:02:37.642+0000] {logging_mixin.py:190} INFO - [2025-02-01T00:02:37.642+0000] {dagbag.py:587} INFO - Filling up the DagBag from /home/airflow/.local/lib/python3.12/site-packages/airflow/example_dags/example_subdag_operator.py
[2025-02-01T00:02:37.665+0000] {processor.py:925} INFO - DAG(s) 'example_subdag_operator.section-1', 'example_subdag_operator.section-2', 'example_subdag_operator' retrieved from /home/airflow/.local/lib/python3.12/site-packages/airflow/example_dags/example_subdag_operator.py
[2025-02-01T00:02:37.678+0000] {logging_mixin.py:190} INFO - [2025-02-01T00:02:37.678+0000] {dag.py:3211} INFO - Sync 3 DAGs
[2025-02-01T00:02:37.699+0000] {logging_mixin.py:190} INFO - [2025-02-01T00:02:37.698+0000] {dag.py:4138} INFO - Setting next_dagrun for example_subdag_operator to 2022-01-01 00:00:00+00:00, run_after=2022-01-01 00:00:00+00:00
[2025-02-01T00:02:37.702+0000] {logging_mixin.py:190} INFO - [2025-02-01T00:02:37.702+0000] {dag.py:4138} INFO - Setting next_dagrun for example_subdag_operator.section-1 to None, run_after=None
[2025-02-01T00:02:37.703+0000] {logging_mixin.py:190} INFO - [2025-02-01T00:02:37.703+0000] {dag.py:4138} INFO - Setting next_dagrun for example_subdag_operator.section-2 to None, run_after=None
[2025-02-01T00:02:37.711+0000] {logging_mixin.py:190} INFO - [2025-02-01T00:02:37.710+0000] {dag.py:3211} INFO - Sync 2 DAGs
[2025-02-01T00:02:37.716+0000] {logging_mixin.py:190} INFO - [2025-02-01T00:02:37.716+0000] {dag.py:4138} INFO - Setting next_dagrun for example_subdag_operator.section-1 to None, run_after=None
[2025-02-01T00:02:37.717+0000] {logging_mixin.py:190} INFO - [2025-02-01T00:02:37.716+0000] {dag.py:4138} INFO - Setting next_dagrun for example_subdag_operator.section-2 to None, run_after=None
[2025-02-01T00:02:37.728+0000] {processor.py:208} INFO - Processing /home/airflow/.local/lib/python3.12/site-packages/airflow/example_dags/example_subdag_operator.py took 0.093 seconds
[2025-02-01T00:03:07.861+0000] {processor.py:186} INFO - Started process (PID=25443) to work on /home/airflow/.local/lib/python3.12/site-packages/airflow/example_dags/example_subdag_operator.py
[2025-02-01T00:03:07.862+0000] {processor.py:914} INFO - Processing file /home/airflow/.local/lib/python3.12/site-packages/airflow/example_dags/example_subdag_operator.py for tasks to queue
[2025-02-01T00:03:07.863+0000] {logging_mixin.py:190} INFO - [2025-02-01T00:03:07.863+0000] {dagbag.py:587} INFO - Filling up the DagBag from /home/airflow/.local/lib/python3.12/site-packages/airflow/example_dags/example_subdag_operator.py
[2025-02-01T00:03:07.884+0000] {processor.py:925} INFO - DAG(s) 'example_subdag_operator.section-1', 'example_subdag_operator.section-2', 'example_subdag_operator' retrieved from /home/airflow/.local/lib/python3.12/site-packages/airflow/example_dags/example_subdag_operator.py
[2025-02-01T00:03:07.898+0000] {logging_mixin.py:190} INFO - [2025-02-01T00:03:07.898+0000] {dag.py:3211} INFO - Sync 3 DAGs
[2025-02-01T00:03:07.918+0000] {logging_mixin.py:190} INFO - [2025-02-01T00:03:07.918+0000] {dag.py:4138} INFO - Setting next_dagrun for example_subdag_operator to 2022-01-01 00:00:00+00:00, run_after=2022-01-01 00:00:00+00:00
[2025-02-01T00:03:07.922+0000] {logging_mixin.py:190} INFO - [2025-02-01T00:03:07.922+0000] {dag.py:4138} INFO - Setting next_dagrun for example_subdag_operator.section-1 to None, run_after=None
[2025-02-01T00:03:07.923+0000] {logging_mixin.py:190} INFO - [2025-02-01T00:03:07.923+0000] {dag.py:4138} INFO - Setting next_dagrun for example_subdag_operator.section-2 to None, run_after=None
[2025-02-01T00:03:07.930+0000] {logging_mixin.py:190} INFO - [2025-02-01T00:03:07.929+0000] {dag.py:3211} INFO - Sync 2 DAGs
[2025-02-01T00:03:07.935+0000] {logging_mixin.py:190} INFO - [2025-02-01T00:03:07.935+0000] {dag.py:4138} INFO - Setting next_dagrun for example_subdag_operator.section-1 to None, run_after=None
[2025-02-01T00:03:07.936+0000] {logging_mixin.py:190} INFO - [2025-02-01T00:03:07.936+0000] {dag.py:4138} INFO - Setting next_dagrun for example_subdag_operator.section-2 to None, run_after=None
[2025-02-01T00:03:07.948+0000] {processor.py:208} INFO - Processing /home/airflow/.local/lib/python3.12/site-packages/airflow/example_dags/example_subdag_operator.py took 0.091 seconds
[2025-02-01T00:03:38.149+0000] {processor.py:186} INFO - Started process (PID=25506) to work on /home/airflow/.local/lib/python3.12/site-packages/airflow/example_dags/example_subdag_operator.py
[2025-02-01T00:03:38.150+0000] {processor.py:914} INFO - Processing file /home/airflow/.local/lib/python3.12/site-packages/airflow/example_dags/example_subdag_operator.py for tasks to queue
[2025-02-01T00:03:38.152+0000] {logging_mixin.py:190} INFO - [2025-02-01T00:03:38.152+0000] {dagbag.py:587} INFO - Filling up the DagBag from /home/airflow/.local/lib/python3.12/site-packages/airflow/example_dags/example_subdag_operator.py
[2025-02-01T00:03:38.177+0000] {processor.py:925} INFO - DAG(s) 'example_subdag_operator.section-1', 'example_subdag_operator.section-2', 'example_subdag_operator' retrieved from /home/airflow/.local/lib/python3.12/site-packages/airflow/example_dags/example_subdag_operator.py
[2025-02-01T00:03:38.192+0000] {logging_mixin.py:190} INFO - [2025-02-01T00:03:38.192+0000] {dag.py:3211} INFO - Sync 3 DAGs
[2025-02-01T00:03:38.214+0000] {logging_mixin.py:190} INFO - [2025-02-01T00:03:38.213+0000] {dag.py:4138} INFO - Setting next_dagrun for example_subdag_operator to 2022-01-01 00:00:00+00:00, run_after=2022-01-01 00:00:00+00:00
[2025-02-01T00:03:38.217+0000] {logging_mixin.py:190} INFO - [2025-02-01T00:03:38.217+0000] {dag.py:4138} INFO - Setting next_dagrun for example_subdag_operator.section-1 to None, run_after=None
[2025-02-01T00:03:38.218+0000] {logging_mixin.py:190} INFO - [2025-02-01T00:03:38.218+0000] {dag.py:4138} INFO - Setting next_dagrun for example_subdag_operator.section-2 to None, run_after=None
[2025-02-01T00:03:38.224+0000] {logging_mixin.py:190} INFO - [2025-02-01T00:03:38.223+0000] {dag.py:3211} INFO - Sync 2 DAGs
[2025-02-01T00:03:38.229+0000] {logging_mixin.py:190} INFO - [2025-02-01T00:03:38.229+0000] {dag.py:4138} INFO - Setting next_dagrun for example_subdag_operator.section-1 to None, run_after=None
[2025-02-01T00:03:38.229+0000] {logging_mixin.py:190} INFO - [2025-02-01T00:03:38.229+0000] {dag.py:4138} INFO - Setting next_dagrun for example_subdag_operator.section-2 to None, run_after=None
[2025-02-01T00:03:38.240+0000] {processor.py:208} INFO - Processing /home/airflow/.local/lib/python3.12/site-packages/airflow/example_dags/example_subdag_operator.py took 0.097 seconds
[2025-02-01T00:04:08.474+0000] {processor.py:186} INFO - Started process (PID=25569) to work on /home/airflow/.local/lib/python3.12/site-packages/airflow/example_dags/example_subdag_operator.py
[2025-02-01T00:04:08.474+0000] {processor.py:914} INFO - Processing file /home/airflow/.local/lib/python3.12/site-packages/airflow/example_dags/example_subdag_operator.py for tasks to queue
[2025-02-01T00:04:08.475+0000] {logging_mixin.py:190} INFO - [2025-02-01T00:04:08.475+0000] {dagbag.py:587} INFO - Filling up the DagBag from /home/airflow/.local/lib/python3.12/site-packages/airflow/example_dags/example_subdag_operator.py
[2025-02-01T00:04:08.493+0000] {processor.py:925} INFO - DAG(s) 'example_subdag_operator.section-1', 'example_subdag_operator.section-2', 'example_subdag_operator' retrieved from /home/airflow/.local/lib/python3.12/site-packages/airflow/example_dags/example_subdag_operator.py
[2025-02-01T00:04:08.506+0000] {logging_mixin.py:190} INFO - [2025-02-01T00:04:08.506+0000] {dag.py:3211} INFO - Sync 3 DAGs
[2025-02-01T00:04:08.525+0000] {logging_mixin.py:190} INFO - [2025-02-01T00:04:08.525+0000] {dag.py:4138} INFO - Setting next_dagrun for example_subdag_operator to 2022-01-01 00:00:00+00:00, run_after=2022-01-01 00:00:00+00:00
[2025-02-01T00:04:08.528+0000] {logging_mixin.py:190} INFO - [2025-02-01T00:04:08.528+0000] {dag.py:4138} INFO - Setting next_dagrun for example_subdag_operator.section-1 to None, run_after=None
[2025-02-01T00:04:08.529+0000] {logging_mixin.py:190} INFO - [2025-02-01T00:04:08.529+0000] {dag.py:4138} INFO - Setting next_dagrun for example_subdag_operator.section-2 to None, run_after=None
[2025-02-01T00:04:08.535+0000] {logging_mixin.py:190} INFO - [2025-02-01T00:04:08.535+0000] {dag.py:3211} INFO - Sync 2 DAGs
[2025-02-01T00:04:08.539+0000] {logging_mixin.py:190} INFO - [2025-02-01T00:04:08.539+0000] {dag.py:4138} INFO - Setting next_dagrun for example_subdag_operator.section-1 to None, run_after=None
[2025-02-01T00:04:08.540+0000] {logging_mixin.py:190} INFO - [2025-02-01T00:04:08.540+0000] {dag.py:4138} INFO - Setting next_dagrun for example_subdag_operator.section-2 to None, run_after=None
[2025-02-01T00:04:08.551+0000] {processor.py:208} INFO - Processing /home/airflow/.local/lib/python3.12/site-packages/airflow/example_dags/example_subdag_operator.py took 0.082 seconds
[2025-02-01T00:04:38.702+0000] {processor.py:186} INFO - Started process (PID=25632) to work on /home/airflow/.local/lib/python3.12/site-packages/airflow/example_dags/example_subdag_operator.py
[2025-02-01T00:04:38.703+0000] {processor.py:914} INFO - Processing file /home/airflow/.local/lib/python3.12/site-packages/airflow/example_dags/example_subdag_operator.py for tasks to queue
[2025-02-01T00:04:38.704+0000] {logging_mixin.py:190} INFO - [2025-02-01T00:04:38.703+0000] {dagbag.py:587} INFO - Filling up the DagBag from /home/airflow/.local/lib/python3.12/site-packages/airflow/example_dags/example_subdag_operator.py
[2025-02-01T00:04:38.728+0000] {processor.py:925} INFO - DAG(s) 'example_subdag_operator.section-1', 'example_subdag_operator.section-2', 'example_subdag_operator' retrieved from /home/airflow/.local/lib/python3.12/site-packages/airflow/example_dags/example_subdag_operator.py
[2025-02-01T00:04:38.742+0000] {logging_mixin.py:190} INFO - [2025-02-01T00:04:38.742+0000] {dag.py:3211} INFO - Sync 3 DAGs
[2025-02-01T00:04:38.763+0000] {logging_mixin.py:190} INFO - [2025-02-01T00:04:38.763+0000] {dag.py:4138} INFO - Setting next_dagrun for example_subdag_operator to 2022-01-01 00:00:00+00:00, run_after=2022-01-01 00:00:00+00:00
[2025-02-01T00:04:38.767+0000] {logging_mixin.py:190} INFO - [2025-02-01T00:04:38.767+0000] {dag.py:4138} INFO - Setting next_dagrun for example_subdag_operator.section-1 to None, run_after=None
[2025-02-01T00:04:38.768+0000] {logging_mixin.py:190} INFO - [2025-02-01T00:04:38.768+0000] {dag.py:4138} INFO - Setting next_dagrun for example_subdag_operator.section-2 to None, run_after=None
[2025-02-01T00:04:38.775+0000] {logging_mixin.py:190} INFO - [2025-02-01T00:04:38.774+0000] {dag.py:3211} INFO - Sync 2 DAGs
[2025-02-01T00:04:38.780+0000] {logging_mixin.py:190} INFO - [2025-02-01T00:04:38.780+0000] {dag.py:4138} INFO - Setting next_dagrun for example_subdag_operator.section-1 to None, run_after=None
[2025-02-01T00:04:38.781+0000] {logging_mixin.py:190} INFO - [2025-02-01T00:04:38.781+0000] {dag.py:4138} INFO - Setting next_dagrun for example_subdag_operator.section-2 to None, run_after=None
[2025-02-01T00:04:38.792+0000] {processor.py:208} INFO - Processing /home/airflow/.local/lib/python3.12/site-packages/airflow/example_dags/example_subdag_operator.py took 0.095 seconds
[2025-02-01T00:05:08.920+0000] {processor.py:186} INFO - Started process (PID=25695) to work on /home/airflow/.local/lib/python3.12/site-packages/airflow/example_dags/example_subdag_operator.py
[2025-02-01T00:05:08.921+0000] {processor.py:914} INFO - Processing file /home/airflow/.local/lib/python3.12/site-packages/airflow/example_dags/example_subdag_operator.py for tasks to queue
[2025-02-01T00:05:08.922+0000] {logging_mixin.py:190} INFO - [2025-02-01T00:05:08.922+0000] {dagbag.py:587} INFO - Filling up the DagBag from /home/airflow/.local/lib/python3.12/site-packages/airflow/example_dags/example_subdag_operator.py
[2025-02-01T00:05:08.943+0000] {processor.py:925} INFO - DAG(s) 'example_subdag_operator.section-1', 'example_subdag_operator.section-2', 'example_subdag_operator' retrieved from /home/airflow/.local/lib/python3.12/site-packages/airflow/example_dags/example_subdag_operator.py
[2025-02-01T00:05:08.956+0000] {logging_mixin.py:190} INFO - [2025-02-01T00:05:08.956+0000] {dag.py:3211} INFO - Sync 3 DAGs
[2025-02-01T00:05:08.977+0000] {logging_mixin.py:190} INFO - [2025-02-01T00:05:08.977+0000] {dag.py:4138} INFO - Setting next_dagrun for example_subdag_operator to 2022-01-01 00:00:00+00:00, run_after=2022-01-01 00:00:00+00:00
[2025-02-01T00:05:08.981+0000] {logging_mixin.py:190} INFO - [2025-02-01T00:05:08.981+0000] {dag.py:4138} INFO - Setting next_dagrun for example_subdag_operator.section-1 to None, run_after=None
[2025-02-01T00:05:08.982+0000] {logging_mixin.py:190} INFO - [2025-02-01T00:05:08.982+0000] {dag.py:4138} INFO - Setting next_dagrun for example_subdag_operator.section-2 to None, run_after=None
[2025-02-01T00:05:08.989+0000] {logging_mixin.py:190} INFO - [2025-02-01T00:05:08.989+0000] {dag.py:3211} INFO - Sync 2 DAGs
[2025-02-01T00:05:08.998+0000] {logging_mixin.py:190} INFO - [2025-02-01T00:05:08.997+0000] {dag.py:4138} INFO - Setting next_dagrun for example_subdag_operator.section-1 to None, run_after=None
[2025-02-01T00:05:08.998+0000] {logging_mixin.py:190} INFO - [2025-02-01T00:05:08.998+0000] {dag.py:4138} INFO - Setting next_dagrun for example_subdag_operator.section-2 to None, run_after=None
[2025-02-01T00:05:09.010+0000] {processor.py:208} INFO - Processing /home/airflow/.local/lib/python3.12/site-packages/airflow/example_dags/example_subdag_operator.py took 0.095 seconds
[2025-02-01T00:05:39.202+0000] {processor.py:186} INFO - Started process (PID=25758) to work on /home/airflow/.local/lib/python3.12/site-packages/airflow/example_dags/example_subdag_operator.py
[2025-02-01T00:05:39.202+0000] {processor.py:914} INFO - Processing file /home/airflow/.local/lib/python3.12/site-packages/airflow/example_dags/example_subdag_operator.py for tasks to queue
[2025-02-01T00:05:39.203+0000] {logging_mixin.py:190} INFO - [2025-02-01T00:05:39.203+0000] {dagbag.py:587} INFO - Filling up the DagBag from /home/airflow/.local/lib/python3.12/site-packages/airflow/example_dags/example_subdag_operator.py
[2025-02-01T00:05:39.226+0000] {processor.py:925} INFO - DAG(s) 'example_subdag_operator.section-1', 'example_subdag_operator.section-2', 'example_subdag_operator' retrieved from /home/airflow/.local/lib/python3.12/site-packages/airflow/example_dags/example_subdag_operator.py
[2025-02-01T00:05:39.239+0000] {logging_mixin.py:190} INFO - [2025-02-01T00:05:39.239+0000] {dag.py:3211} INFO - Sync 3 DAGs
[2025-02-01T00:05:39.260+0000] {logging_mixin.py:190} INFO - [2025-02-01T00:05:39.260+0000] {dag.py:4138} INFO - Setting next_dagrun for example_subdag_operator to 2022-01-01 00:00:00+00:00, run_after=2022-01-01 00:00:00+00:00
[2025-02-01T00:05:39.264+0000] {logging_mixin.py:190} INFO - [2025-02-01T00:05:39.264+0000] {dag.py:4138} INFO - Setting next_dagrun for example_subdag_operator.section-1 to None, run_after=None
[2025-02-01T00:05:39.265+0000] {logging_mixin.py:190} INFO - [2025-02-01T00:05:39.265+0000] {dag.py:4138} INFO - Setting next_dagrun for example_subdag_operator.section-2 to None, run_after=None
[2025-02-01T00:05:39.274+0000] {logging_mixin.py:190} INFO - [2025-02-01T00:05:39.274+0000] {dag.py:3211} INFO - Sync 2 DAGs
[2025-02-01T00:05:39.279+0000] {logging_mixin.py:190} INFO - [2025-02-01T00:05:39.279+0000] {dag.py:4138} INFO - Setting next_dagrun for example_subdag_operator.section-1 to None, run_after=None
[2025-02-01T00:05:39.280+0000] {logging_mixin.py:190} INFO - [2025-02-01T00:05:39.280+0000] {dag.py:4138} INFO - Setting next_dagrun for example_subdag_operator.section-2 to None, run_after=None
[2025-02-01T00:05:39.291+0000] {processor.py:208} INFO - Processing /home/airflow/.local/lib/python3.12/site-packages/airflow/example_dags/example_subdag_operator.py took 0.095 seconds
[2025-02-01T00:06:09.398+0000] {processor.py:186} INFO - Started process (PID=25821) to work on /home/airflow/.local/lib/python3.12/site-packages/airflow/example_dags/example_subdag_operator.py
[2025-02-01T00:06:09.399+0000] {processor.py:914} INFO - Processing file /home/airflow/.local/lib/python3.12/site-packages/airflow/example_dags/example_subdag_operator.py for tasks to queue
[2025-02-01T00:06:09.400+0000] {logging_mixin.py:190} INFO - [2025-02-01T00:06:09.400+0000] {dagbag.py:587} INFO - Filling up the DagBag from /home/airflow/.local/lib/python3.12/site-packages/airflow/example_dags/example_subdag_operator.py
[2025-02-01T00:06:09.420+0000] {processor.py:925} INFO - DAG(s) 'example_subdag_operator.section-1', 'example_subdag_operator.section-2', 'example_subdag_operator' retrieved from /home/airflow/.local/lib/python3.12/site-packages/airflow/example_dags/example_subdag_operator.py
[2025-02-01T00:06:09.434+0000] {logging_mixin.py:190} INFO - [2025-02-01T00:06:09.434+0000] {dag.py:3211} INFO - Sync 3 DAGs
[2025-02-01T00:06:09.453+0000] {logging_mixin.py:190} INFO - [2025-02-01T00:06:09.453+0000] {dag.py:4138} INFO - Setting next_dagrun for example_subdag_operator to 2022-01-01 00:00:00+00:00, run_after=2022-01-01 00:00:00+00:00
[2025-02-01T00:06:09.456+0000] {logging_mixin.py:190} INFO - [2025-02-01T00:06:09.456+0000] {dag.py:4138} INFO - Setting next_dagrun for example_subdag_operator.section-1 to None, run_after=None
[2025-02-01T00:06:09.458+0000] {logging_mixin.py:190} INFO - [2025-02-01T00:06:09.458+0000] {dag.py:4138} INFO - Setting next_dagrun for example_subdag_operator.section-2 to None, run_after=None
[2025-02-01T00:06:09.464+0000] {logging_mixin.py:190} INFO - [2025-02-01T00:06:09.464+0000] {dag.py:3211} INFO - Sync 2 DAGs
[2025-02-01T00:06:09.470+0000] {logging_mixin.py:190} INFO - [2025-02-01T00:06:09.470+0000] {dag.py:4138} INFO - Setting next_dagrun for example_subdag_operator.section-1 to None, run_after=None
[2025-02-01T00:06:09.470+0000] {logging_mixin.py:190} INFO - [2025-02-01T00:06:09.470+0000] {dag.py:4138} INFO - Setting next_dagrun for example_subdag_operator.section-2 to None, run_after=None
[2025-02-01T00:06:09.482+0000] {processor.py:208} INFO - Processing /home/airflow/.local/lib/python3.12/site-packages/airflow/example_dags/example_subdag_operator.py took 0.089 seconds
[2025-02-01T00:06:39.561+0000] {processor.py:186} INFO - Started process (PID=25884) to work on /home/airflow/.local/lib/python3.12/site-packages/airflow/example_dags/example_subdag_operator.py
[2025-02-01T00:06:39.562+0000] {processor.py:914} INFO - Processing file /home/airflow/.local/lib/python3.12/site-packages/airflow/example_dags/example_subdag_operator.py for tasks to queue
[2025-02-01T00:06:39.563+0000] {logging_mixin.py:190} INFO - [2025-02-01T00:06:39.562+0000] {dagbag.py:587} INFO - Filling up the DagBag from /home/airflow/.local/lib/python3.12/site-packages/airflow/example_dags/example_subdag_operator.py
[2025-02-01T00:06:39.583+0000] {processor.py:925} INFO - DAG(s) 'example_subdag_operator.section-1', 'example_subdag_operator.section-2', 'example_subdag_operator' retrieved from /home/airflow/.local/lib/python3.12/site-packages/airflow/example_dags/example_subdag_operator.py
[2025-02-01T00:06:39.597+0000] {logging_mixin.py:190} INFO - [2025-02-01T00:06:39.597+0000] {dag.py:3211} INFO - Sync 3 DAGs
[2025-02-01T00:06:39.618+0000] {logging_mixin.py:190} INFO - [2025-02-01T00:06:39.618+0000] {dag.py:4138} INFO - Setting next_dagrun for example_subdag_operator to 2022-01-01 00:00:00+00:00, run_after=2022-01-01 00:00:00+00:00
[2025-02-01T00:06:39.621+0000] {logging_mixin.py:190} INFO - [2025-02-01T00:06:39.621+0000] {dag.py:4138} INFO - Setting next_dagrun for example_subdag_operator.section-1 to None, run_after=None
[2025-02-01T00:06:39.623+0000] {logging_mixin.py:190} INFO - [2025-02-01T00:06:39.622+0000] {dag.py:4138} INFO - Setting next_dagrun for example_subdag_operator.section-2 to None, run_after=None
[2025-02-01T00:06:39.629+0000] {logging_mixin.py:190} INFO - [2025-02-01T00:06:39.629+0000] {dag.py:3211} INFO - Sync 2 DAGs
[2025-02-01T00:06:39.634+0000] {logging_mixin.py:190} INFO - [2025-02-01T00:06:39.634+0000] {dag.py:4138} INFO - Setting next_dagrun for example_subdag_operator.section-1 to None, run_after=None
[2025-02-01T00:06:39.635+0000] {logging_mixin.py:190} INFO - [2025-02-01T00:06:39.635+0000] {dag.py:4138} INFO - Setting next_dagrun for example_subdag_operator.section-2 to None, run_after=None
[2025-02-01T00:06:39.647+0000] {processor.py:208} INFO - Processing /home/airflow/.local/lib/python3.12/site-packages/airflow/example_dags/example_subdag_operator.py took 0.090 seconds
[2025-02-01T00:07:09.821+0000] {processor.py:186} INFO - Started process (PID=25947) to work on /home/airflow/.local/lib/python3.12/site-packages/airflow/example_dags/example_subdag_operator.py
[2025-02-01T00:07:09.822+0000] {processor.py:914} INFO - Processing file /home/airflow/.local/lib/python3.12/site-packages/airflow/example_dags/example_subdag_operator.py for tasks to queue
[2025-02-01T00:07:09.824+0000] {logging_mixin.py:190} INFO - [2025-02-01T00:07:09.823+0000] {dagbag.py:587} INFO - Filling up the DagBag from /home/airflow/.local/lib/python3.12/site-packages/airflow/example_dags/example_subdag_operator.py
[2025-02-01T00:07:09.845+0000] {processor.py:925} INFO - DAG(s) 'example_subdag_operator.section-1', 'example_subdag_operator.section-2', 'example_subdag_operator' retrieved from /home/airflow/.local/lib/python3.12/site-packages/airflow/example_dags/example_subdag_operator.py
[2025-02-01T00:07:09.864+0000] {logging_mixin.py:190} INFO - [2025-02-01T00:07:09.863+0000] {dag.py:3211} INFO - Sync 3 DAGs
[2025-02-01T00:07:09.890+0000] {logging_mixin.py:190} INFO - [2025-02-01T00:07:09.889+0000] {dag.py:4138} INFO - Setting next_dagrun for example_subdag_operator to 2022-01-01 00:00:00+00:00, run_after=2022-01-01 00:00:00+00:00
[2025-02-01T00:07:09.894+0000] {logging_mixin.py:190} INFO - [2025-02-01T00:07:09.894+0000] {dag.py:4138} INFO - Setting next_dagrun for example_subdag_operator.section-1 to None, run_after=None
[2025-02-01T00:07:09.896+0000] {logging_mixin.py:190} INFO - [2025-02-01T00:07:09.896+0000] {dag.py:4138} INFO - Setting next_dagrun for example_subdag_operator.section-2 to None, run_after=None
[2025-02-01T00:07:09.903+0000] {logging_mixin.py:190} INFO - [2025-02-01T00:07:09.903+0000] {dag.py:3211} INFO - Sync 2 DAGs
[2025-02-01T00:07:09.910+0000] {logging_mixin.py:190} INFO - [2025-02-01T00:07:09.910+0000] {dag.py:4138} INFO - Setting next_dagrun for example_subdag_operator.section-1 to None, run_after=None
[2025-02-01T00:07:09.911+0000] {logging_mixin.py:190} INFO - [2025-02-01T00:07:09.911+0000] {dag.py:4138} INFO - Setting next_dagrun for example_subdag_operator.section-2 to None, run_after=None
[2025-02-01T00:07:09.923+0000] {processor.py:208} INFO - Processing /home/airflow/.local/lib/python3.12/site-packages/airflow/example_dags/example_subdag_operator.py took 0.106 seconds
[2025-02-01T00:07:40.246+0000] {processor.py:186} INFO - Started process (PID=26010) to work on /home/airflow/.local/lib/python3.12/site-packages/airflow/example_dags/example_subdag_operator.py
[2025-02-01T00:07:40.247+0000] {processor.py:914} INFO - Processing file /home/airflow/.local/lib/python3.12/site-packages/airflow/example_dags/example_subdag_operator.py for tasks to queue
[2025-02-01T00:07:40.248+0000] {logging_mixin.py:190} INFO - [2025-02-01T00:07:40.248+0000] {dagbag.py:587} INFO - Filling up the DagBag from /home/airflow/.local/lib/python3.12/site-packages/airflow/example_dags/example_subdag_operator.py
[2025-02-01T00:07:40.269+0000] {processor.py:925} INFO - DAG(s) 'example_subdag_operator.section-1', 'example_subdag_operator.section-2', 'example_subdag_operator' retrieved from /home/airflow/.local/lib/python3.12/site-packages/airflow/example_dags/example_subdag_operator.py
[2025-02-01T00:07:40.284+0000] {logging_mixin.py:190} INFO - [2025-02-01T00:07:40.283+0000] {dag.py:3211} INFO - Sync 3 DAGs
[2025-02-01T00:07:40.304+0000] {logging_mixin.py:190} INFO - [2025-02-01T00:07:40.304+0000] {dag.py:4138} INFO - Setting next_dagrun for example_subdag_operator to 2022-01-01 00:00:00+00:00, run_after=2022-01-01 00:00:00+00:00
[2025-02-01T00:07:40.308+0000] {logging_mixin.py:190} INFO - [2025-02-01T00:07:40.308+0000] {dag.py:4138} INFO - Setting next_dagrun for example_subdag_operator.section-1 to None, run_after=None
[2025-02-01T00:07:40.309+0000] {logging_mixin.py:190} INFO - [2025-02-01T00:07:40.309+0000] {dag.py:4138} INFO - Setting next_dagrun for example_subdag_operator.section-2 to None, run_after=None
[2025-02-01T00:07:40.315+0000] {logging_mixin.py:190} INFO - [2025-02-01T00:07:40.315+0000] {dag.py:3211} INFO - Sync 2 DAGs
[2025-02-01T00:07:40.321+0000] {logging_mixin.py:190} INFO - [2025-02-01T00:07:40.321+0000] {dag.py:4138} INFO - Setting next_dagrun for example_subdag_operator.section-1 to None, run_after=None
[2025-02-01T00:07:40.322+0000] {logging_mixin.py:190} INFO - [2025-02-01T00:07:40.321+0000] {dag.py:4138} INFO - Setting next_dagrun for example_subdag_operator.section-2 to None, run_after=None
[2025-02-01T00:07:40.337+0000] {processor.py:208} INFO - Processing /home/airflow/.local/lib/python3.12/site-packages/airflow/example_dags/example_subdag_operator.py took 0.095 seconds
[2025-02-01T00:08:10.538+0000] {processor.py:186} INFO - Started process (PID=26073) to work on /home/airflow/.local/lib/python3.12/site-packages/airflow/example_dags/example_subdag_operator.py
[2025-02-01T00:08:10.539+0000] {processor.py:914} INFO - Processing file /home/airflow/.local/lib/python3.12/site-packages/airflow/example_dags/example_subdag_operator.py for tasks to queue
[2025-02-01T00:08:10.540+0000] {logging_mixin.py:190} INFO - [2025-02-01T00:08:10.540+0000] {dagbag.py:587} INFO - Filling up the DagBag from /home/airflow/.local/lib/python3.12/site-packages/airflow/example_dags/example_subdag_operator.py
[2025-02-01T00:08:10.560+0000] {processor.py:925} INFO - DAG(s) 'example_subdag_operator.section-1', 'example_subdag_operator.section-2', 'example_subdag_operator' retrieved from /home/airflow/.local/lib/python3.12/site-packages/airflow/example_dags/example_subdag_operator.py
[2025-02-01T00:08:10.576+0000] {logging_mixin.py:190} INFO - [2025-02-01T00:08:10.575+0000] {dag.py:3211} INFO - Sync 3 DAGs
[2025-02-01T00:08:10.595+0000] {logging_mixin.py:190} INFO - [2025-02-01T00:08:10.595+0000] {dag.py:4138} INFO - Setting next_dagrun for example_subdag_operator to 2022-01-01 00:00:00+00:00, run_after=2022-01-01 00:00:00+00:00
[2025-02-01T00:08:10.599+0000] {logging_mixin.py:190} INFO - [2025-02-01T00:08:10.599+0000] {dag.py:4138} INFO - Setting next_dagrun for example_subdag_operator.section-1 to None, run_after=None
[2025-02-01T00:08:10.600+0000] {logging_mixin.py:190} INFO - [2025-02-01T00:08:10.600+0000] {dag.py:4138} INFO - Setting next_dagrun for example_subdag_operator.section-2 to None, run_after=None
[2025-02-01T00:08:10.607+0000] {logging_mixin.py:190} INFO - [2025-02-01T00:08:10.606+0000] {dag.py:3211} INFO - Sync 2 DAGs
[2025-02-01T00:08:10.612+0000] {logging_mixin.py:190} INFO - [2025-02-01T00:08:10.612+0000] {dag.py:4138} INFO - Setting next_dagrun for example_subdag_operator.section-1 to None, run_after=None
[2025-02-01T00:08:10.613+0000] {logging_mixin.py:190} INFO - [2025-02-01T00:08:10.613+0000] {dag.py:4138} INFO - Setting next_dagrun for example_subdag_operator.section-2 to None, run_after=None
[2025-02-01T00:08:10.625+0000] {processor.py:208} INFO - Processing /home/airflow/.local/lib/python3.12/site-packages/airflow/example_dags/example_subdag_operator.py took 0.091 seconds
[2025-02-01T00:08:40.939+0000] {processor.py:186} INFO - Started process (PID=26136) to work on /home/airflow/.local/lib/python3.12/site-packages/airflow/example_dags/example_subdag_operator.py
[2025-02-01T00:08:40.940+0000] {processor.py:914} INFO - Processing file /home/airflow/.local/lib/python3.12/site-packages/airflow/example_dags/example_subdag_operator.py for tasks to queue
[2025-02-01T00:08:40.941+0000] {logging_mixin.py:190} INFO - [2025-02-01T00:08:40.941+0000] {dagbag.py:587} INFO - Filling up the DagBag from /home/airflow/.local/lib/python3.12/site-packages/airflow/example_dags/example_subdag_operator.py
[2025-02-01T00:08:40.964+0000] {processor.py:925} INFO - DAG(s) 'example_subdag_operator.section-1', 'example_subdag_operator.section-2', 'example_subdag_operator' retrieved from /home/airflow/.local/lib/python3.12/site-packages/airflow/example_dags/example_subdag_operator.py
[2025-02-01T00:08:40.980+0000] {logging_mixin.py:190} INFO - [2025-02-01T00:08:40.979+0000] {dag.py:3211} INFO - Sync 3 DAGs
[2025-02-01T00:08:41.000+0000] {logging_mixin.py:190} INFO - [2025-02-01T00:08:41.000+0000] {dag.py:4138} INFO - Setting next_dagrun for example_subdag_operator to 2022-01-01 00:00:00+00:00, run_after=2022-01-01 00:00:00+00:00
[2025-02-01T00:08:41.004+0000] {logging_mixin.py:190} INFO - [2025-02-01T00:08:41.004+0000] {dag.py:4138} INFO - Setting next_dagrun for example_subdag_operator.section-1 to None, run_after=None
[2025-02-01T00:08:41.006+0000] {logging_mixin.py:190} INFO - [2025-02-01T00:08:41.005+0000] {dag.py:4138} INFO - Setting next_dagrun for example_subdag_operator.section-2 to None, run_after=None
[2025-02-01T00:08:41.013+0000] {logging_mixin.py:190} INFO - [2025-02-01T00:08:41.012+0000] {dag.py:3211} INFO - Sync 2 DAGs
[2025-02-01T00:08:41.020+0000] {logging_mixin.py:190} INFO - [2025-02-01T00:08:41.019+0000] {dag.py:4138} INFO - Setting next_dagrun for example_subdag_operator.section-1 to None, run_after=None
[2025-02-01T00:08:41.020+0000] {logging_mixin.py:190} INFO - [2025-02-01T00:08:41.020+0000] {dag.py:4138} INFO - Setting next_dagrun for example_subdag_operator.section-2 to None, run_after=None
[2025-02-01T00:08:41.035+0000] {processor.py:208} INFO - Processing /home/airflow/.local/lib/python3.12/site-packages/airflow/example_dags/example_subdag_operator.py took 0.101 seconds
[2025-02-01T00:09:11.136+0000] {processor.py:186} INFO - Started process (PID=26199) to work on /home/airflow/.local/lib/python3.12/site-packages/airflow/example_dags/example_subdag_operator.py
[2025-02-01T00:09:11.137+0000] {processor.py:914} INFO - Processing file /home/airflow/.local/lib/python3.12/site-packages/airflow/example_dags/example_subdag_operator.py for tasks to queue
[2025-02-01T00:09:11.138+0000] {logging_mixin.py:190} INFO - [2025-02-01T00:09:11.138+0000] {dagbag.py:587} INFO - Filling up the DagBag from /home/airflow/.local/lib/python3.12/site-packages/airflow/example_dags/example_subdag_operator.py
[2025-02-01T00:09:11.159+0000] {processor.py:925} INFO - DAG(s) 'example_subdag_operator.section-1', 'example_subdag_operator.section-2', 'example_subdag_operator' retrieved from /home/airflow/.local/lib/python3.12/site-packages/airflow/example_dags/example_subdag_operator.py
[2025-02-01T00:09:11.175+0000] {logging_mixin.py:190} INFO - [2025-02-01T00:09:11.175+0000] {dag.py:3211} INFO - Sync 3 DAGs
[2025-02-01T00:09:11.199+0000] {logging_mixin.py:190} INFO - [2025-02-01T00:09:11.198+0000] {dag.py:4138} INFO - Setting next_dagrun for example_subdag_operator to 2022-01-01 00:00:00+00:00, run_after=2022-01-01 00:00:00+00:00
[2025-02-01T00:09:11.203+0000] {logging_mixin.py:190} INFO - [2025-02-01T00:09:11.202+0000] {dag.py:4138} INFO - Setting next_dagrun for example_subdag_operator.section-1 to None, run_after=None
[2025-02-01T00:09:11.204+0000] {logging_mixin.py:190} INFO - [2025-02-01T00:09:11.204+0000] {dag.py:4138} INFO - Setting next_dagrun for example_subdag_operator.section-2 to None, run_after=None
[2025-02-01T00:09:11.211+0000] {logging_mixin.py:190} INFO - [2025-02-01T00:09:11.210+0000] {dag.py:3211} INFO - Sync 2 DAGs
[2025-02-01T00:09:11.216+0000] {logging_mixin.py:190} INFO - [2025-02-01T00:09:11.216+0000] {dag.py:4138} INFO - Setting next_dagrun for example_subdag_operator.section-1 to None, run_after=None
[2025-02-01T00:09:11.216+0000] {logging_mixin.py:190} INFO - [2025-02-01T00:09:11.216+0000] {dag.py:4138} INFO - Setting next_dagrun for example_subdag_operator.section-2 to None, run_after=None
[2025-02-01T00:09:11.228+0000] {processor.py:208} INFO - Processing /home/airflow/.local/lib/python3.12/site-packages/airflow/example_dags/example_subdag_operator.py took 0.097 seconds
[2025-02-01T00:09:41.283+0000] {processor.py:186} INFO - Started process (PID=26262) to work on /home/airflow/.local/lib/python3.12/site-packages/airflow/example_dags/example_subdag_operator.py
[2025-02-01T00:09:41.284+0000] {processor.py:914} INFO - Processing file /home/airflow/.local/lib/python3.12/site-packages/airflow/example_dags/example_subdag_operator.py for tasks to queue
[2025-02-01T00:09:41.285+0000] {logging_mixin.py:190} INFO - [2025-02-01T00:09:41.285+0000] {dagbag.py:587} INFO - Filling up the DagBag from /home/airflow/.local/lib/python3.12/site-packages/airflow/example_dags/example_subdag_operator.py
[2025-02-01T00:09:41.307+0000] {processor.py:925} INFO - DAG(s) 'example_subdag_operator.section-1', 'example_subdag_operator.section-2', 'example_subdag_operator' retrieved from /home/airflow/.local/lib/python3.12/site-packages/airflow/example_dags/example_subdag_operator.py
[2025-02-01T00:09:41.321+0000] {logging_mixin.py:190} INFO - [2025-02-01T00:09:41.321+0000] {dag.py:3211} INFO - Sync 3 DAGs
[2025-02-01T00:09:41.343+0000] {logging_mixin.py:190} INFO - [2025-02-01T00:09:41.343+0000] {dag.py:4138} INFO - Setting next_dagrun for example_subdag_operator to 2022-01-01 00:00:00+00:00, run_after=2022-01-01 00:00:00+00:00
[2025-02-01T00:09:41.347+0000] {logging_mixin.py:190} INFO - [2025-02-01T00:09:41.346+0000] {dag.py:4138} INFO - Setting next_dagrun for example_subdag_operator.section-1 to None, run_after=None
[2025-02-01T00:09:41.348+0000] {logging_mixin.py:190} INFO - [2025-02-01T00:09:41.348+0000] {dag.py:4138} INFO - Setting next_dagrun for example_subdag_operator.section-2 to None, run_after=None
[2025-02-01T00:09:41.355+0000] {logging_mixin.py:190} INFO - [2025-02-01T00:09:41.355+0000] {dag.py:3211} INFO - Sync 2 DAGs
[2025-02-01T00:09:41.362+0000] {logging_mixin.py:190} INFO - [2025-02-01T00:09:41.362+0000] {dag.py:4138} INFO - Setting next_dagrun for example_subdag_operator.section-1 to None, run_after=None
[2025-02-01T00:09:41.363+0000] {logging_mixin.py:190} INFO - [2025-02-01T00:09:41.362+0000] {dag.py:4138} INFO - Setting next_dagrun for example_subdag_operator.section-2 to None, run_after=None
[2025-02-01T00:09:41.374+0000] {processor.py:208} INFO - Processing /home/airflow/.local/lib/python3.12/site-packages/airflow/example_dags/example_subdag_operator.py took 0.096 seconds
[2025-02-01T00:10:11.650+0000] {processor.py:186} INFO - Started process (PID=26325) to work on /home/airflow/.local/lib/python3.12/site-packages/airflow/example_dags/example_subdag_operator.py
[2025-02-01T00:10:11.651+0000] {processor.py:914} INFO - Processing file /home/airflow/.local/lib/python3.12/site-packages/airflow/example_dags/example_subdag_operator.py for tasks to queue
[2025-02-01T00:10:11.652+0000] {logging_mixin.py:190} INFO - [2025-02-01T00:10:11.652+0000] {dagbag.py:587} INFO - Filling up the DagBag from /home/airflow/.local/lib/python3.12/site-packages/airflow/example_dags/example_subdag_operator.py
[2025-02-01T00:10:11.672+0000] {processor.py:925} INFO - DAG(s) 'example_subdag_operator.section-1', 'example_subdag_operator.section-2', 'example_subdag_operator' retrieved from /home/airflow/.local/lib/python3.12/site-packages/airflow/example_dags/example_subdag_operator.py
[2025-02-01T00:10:11.686+0000] {logging_mixin.py:190} INFO - [2025-02-01T00:10:11.686+0000] {dag.py:3211} INFO - Sync 3 DAGs
[2025-02-01T00:10:11.707+0000] {logging_mixin.py:190} INFO - [2025-02-01T00:10:11.707+0000] {dag.py:4138} INFO - Setting next_dagrun for example_subdag_operator to 2022-01-01 00:00:00+00:00, run_after=2022-01-01 00:00:00+00:00
[2025-02-01T00:10:11.711+0000] {logging_mixin.py:190} INFO - [2025-02-01T00:10:11.710+0000] {dag.py:4138} INFO - Setting next_dagrun for example_subdag_operator.section-1 to None, run_after=None
[2025-02-01T00:10:11.712+0000] {logging_mixin.py:190} INFO - [2025-02-01T00:10:11.712+0000] {dag.py:4138} INFO - Setting next_dagrun for example_subdag_operator.section-2 to None, run_after=None
[2025-02-01T00:10:11.718+0000] {logging_mixin.py:190} INFO - [2025-02-01T00:10:11.718+0000] {dag.py:3211} INFO - Sync 2 DAGs
[2025-02-01T00:10:11.724+0000] {logging_mixin.py:190} INFO - [2025-02-01T00:10:11.724+0000] {dag.py:4138} INFO - Setting next_dagrun for example_subdag_operator.section-1 to None, run_after=None
[2025-02-01T00:10:11.725+0000] {logging_mixin.py:190} INFO - [2025-02-01T00:10:11.724+0000] {dag.py:4138} INFO - Setting next_dagrun for example_subdag_operator.section-2 to None, run_after=None
[2025-02-01T00:10:11.736+0000] {processor.py:208} INFO - Processing /home/airflow/.local/lib/python3.12/site-packages/airflow/example_dags/example_subdag_operator.py took 0.090 seconds
[2025-02-01T00:10:42.236+0000] {processor.py:186} INFO - Started process (PID=26388) to work on /home/airflow/.local/lib/python3.12/site-packages/airflow/example_dags/example_subdag_operator.py
[2025-02-01T00:10:42.237+0000] {processor.py:914} INFO - Processing file /home/airflow/.local/lib/python3.12/site-packages/airflow/example_dags/example_subdag_operator.py for tasks to queue
[2025-02-01T00:10:42.239+0000] {logging_mixin.py:190} INFO - [2025-02-01T00:10:42.238+0000] {dagbag.py:587} INFO - Filling up the DagBag from /home/airflow/.local/lib/python3.12/site-packages/airflow/example_dags/example_subdag_operator.py
[2025-02-01T00:10:42.259+0000] {processor.py:925} INFO - DAG(s) 'example_subdag_operator.section-1', 'example_subdag_operator.section-2', 'example_subdag_operator' retrieved from /home/airflow/.local/lib/python3.12/site-packages/airflow/example_dags/example_subdag_operator.py
[2025-02-01T00:10:42.272+0000] {logging_mixin.py:190} INFO - [2025-02-01T00:10:42.272+0000] {dag.py:3211} INFO - Sync 3 DAGs
[2025-02-01T00:10:42.293+0000] {logging_mixin.py:190} INFO - [2025-02-01T00:10:42.292+0000] {dag.py:4138} INFO - Setting next_dagrun for example_subdag_operator to 2022-01-01 00:00:00+00:00, run_after=2022-01-01 00:00:00+00:00
[2025-02-01T00:10:42.297+0000] {logging_mixin.py:190} INFO - [2025-02-01T00:10:42.296+0000] {dag.py:4138} INFO - Setting next_dagrun for example_subdag_operator.section-1 to None, run_after=None
[2025-02-01T00:10:42.298+0000] {logging_mixin.py:190} INFO - [2025-02-01T00:10:42.298+0000] {dag.py:4138} INFO - Setting next_dagrun for example_subdag_operator.section-2 to None, run_after=None
[2025-02-01T00:10:42.304+0000] {logging_mixin.py:190} INFO - [2025-02-01T00:10:42.304+0000] {dag.py:3211} INFO - Sync 2 DAGs
[2025-02-01T00:10:42.310+0000] {logging_mixin.py:190} INFO - [2025-02-01T00:10:42.310+0000] {dag.py:4138} INFO - Setting next_dagrun for example_subdag_operator.section-1 to None, run_after=None
[2025-02-01T00:10:42.311+0000] {logging_mixin.py:190} INFO - [2025-02-01T00:10:42.311+0000] {dag.py:4138} INFO - Setting next_dagrun for example_subdag_operator.section-2 to None, run_after=None
[2025-02-01T00:10:42.323+0000] {processor.py:208} INFO - Processing /home/airflow/.local/lib/python3.12/site-packages/airflow/example_dags/example_subdag_operator.py took 0.092 seconds
[2025-02-01T00:11:12.400+0000] {processor.py:186} INFO - Started process (PID=26451) to work on /home/airflow/.local/lib/python3.12/site-packages/airflow/example_dags/example_subdag_operator.py
[2025-02-01T00:11:12.401+0000] {processor.py:914} INFO - Processing file /home/airflow/.local/lib/python3.12/site-packages/airflow/example_dags/example_subdag_operator.py for tasks to queue
[2025-02-01T00:11:12.402+0000] {logging_mixin.py:190} INFO - [2025-02-01T00:11:12.402+0000] {dagbag.py:587} INFO - Filling up the DagBag from /home/airflow/.local/lib/python3.12/site-packages/airflow/example_dags/example_subdag_operator.py
[2025-02-01T00:11:12.426+0000] {processor.py:925} INFO - DAG(s) 'example_subdag_operator.section-1', 'example_subdag_operator.section-2', 'example_subdag_operator' retrieved from /home/airflow/.local/lib/python3.12/site-packages/airflow/example_dags/example_subdag_operator.py
[2025-02-01T00:11:12.441+0000] {logging_mixin.py:190} INFO - [2025-02-01T00:11:12.441+0000] {dag.py:3211} INFO - Sync 3 DAGs
[2025-02-01T00:11:12.462+0000] {logging_mixin.py:190} INFO - [2025-02-01T00:11:12.462+0000] {dag.py:4138} INFO - Setting next_dagrun for example_subdag_operator to 2022-01-01 00:00:00+00:00, run_after=2022-01-01 00:00:00+00:00
[2025-02-01T00:11:12.465+0000] {logging_mixin.py:190} INFO - [2025-02-01T00:11:12.465+0000] {dag.py:4138} INFO - Setting next_dagrun for example_subdag_operator.section-1 to None, run_after=None
[2025-02-01T00:11:12.466+0000] {logging_mixin.py:190} INFO - [2025-02-01T00:11:12.466+0000] {dag.py:4138} INFO - Setting next_dagrun for example_subdag_operator.section-2 to None, run_after=None
[2025-02-01T00:11:12.472+0000] {logging_mixin.py:190} INFO - [2025-02-01T00:11:12.472+0000] {dag.py:3211} INFO - Sync 2 DAGs
[2025-02-01T00:11:12.479+0000] {logging_mixin.py:190} INFO - [2025-02-01T00:11:12.479+0000] {dag.py:4138} INFO - Setting next_dagrun for example_subdag_operator.section-1 to None, run_after=None
[2025-02-01T00:11:12.479+0000] {logging_mixin.py:190} INFO - [2025-02-01T00:11:12.479+0000] {dag.py:4138} INFO - Setting next_dagrun for example_subdag_operator.section-2 to None, run_after=None
[2025-02-01T00:11:12.491+0000] {processor.py:208} INFO - Processing /home/airflow/.local/lib/python3.12/site-packages/airflow/example_dags/example_subdag_operator.py took 0.096 seconds
[2025-02-01T00:11:42.680+0000] {processor.py:186} INFO - Started process (PID=26514) to work on /home/airflow/.local/lib/python3.12/site-packages/airflow/example_dags/example_subdag_operator.py
[2025-02-01T00:11:42.681+0000] {processor.py:914} INFO - Processing file /home/airflow/.local/lib/python3.12/site-packages/airflow/example_dags/example_subdag_operator.py for tasks to queue
[2025-02-01T00:11:42.682+0000] {logging_mixin.py:190} INFO - [2025-02-01T00:11:42.682+0000] {dagbag.py:587} INFO - Filling up the DagBag from /home/airflow/.local/lib/python3.12/site-packages/airflow/example_dags/example_subdag_operator.py
[2025-02-01T00:11:42.703+0000] {processor.py:925} INFO - DAG(s) 'example_subdag_operator.section-1', 'example_subdag_operator.section-2', 'example_subdag_operator' retrieved from /home/airflow/.local/lib/python3.12/site-packages/airflow/example_dags/example_subdag_operator.py
[2025-02-01T00:11:42.717+0000] {logging_mixin.py:190} INFO - [2025-02-01T00:11:42.717+0000] {dag.py:3211} INFO - Sync 3 DAGs
[2025-02-01T00:11:42.737+0000] {logging_mixin.py:190} INFO - [2025-02-01T00:11:42.737+0000] {dag.py:4138} INFO - Setting next_dagrun for example_subdag_operator to 2022-01-01 00:00:00+00:00, run_after=2022-01-01 00:00:00+00:00
[2025-02-01T00:11:42.741+0000] {logging_mixin.py:190} INFO - [2025-02-01T00:11:42.741+0000] {dag.py:4138} INFO - Setting next_dagrun for example_subdag_operator.section-1 to None, run_after=None
[2025-02-01T00:11:42.742+0000] {logging_mixin.py:190} INFO - [2025-02-01T00:11:42.742+0000] {dag.py:4138} INFO - Setting next_dagrun for example_subdag_operator.section-2 to None, run_after=None
[2025-02-01T00:11:42.748+0000] {logging_mixin.py:190} INFO - [2025-02-01T00:11:42.748+0000] {dag.py:3211} INFO - Sync 2 DAGs
[2025-02-01T00:11:42.756+0000] {logging_mixin.py:190} INFO - [2025-02-01T00:11:42.755+0000] {dag.py:4138} INFO - Setting next_dagrun for example_subdag_operator.section-1 to None, run_after=None
[2025-02-01T00:11:42.756+0000] {logging_mixin.py:190} INFO - [2025-02-01T00:11:42.756+0000] {dag.py:4138} INFO - Setting next_dagrun for example_subdag_operator.section-2 to None, run_after=None
[2025-02-01T00:11:42.768+0000] {processor.py:208} INFO - Processing /home/airflow/.local/lib/python3.12/site-packages/airflow/example_dags/example_subdag_operator.py took 0.092 seconds
[2025-02-01T00:12:12.968+0000] {processor.py:186} INFO - Started process (PID=26577) to work on /home/airflow/.local/lib/python3.12/site-packages/airflow/example_dags/example_subdag_operator.py
[2025-02-01T00:12:12.968+0000] {processor.py:914} INFO - Processing file /home/airflow/.local/lib/python3.12/site-packages/airflow/example_dags/example_subdag_operator.py for tasks to queue
[2025-02-01T00:12:12.970+0000] {logging_mixin.py:190} INFO - [2025-02-01T00:12:12.969+0000] {dagbag.py:587} INFO - Filling up the DagBag from /home/airflow/.local/lib/python3.12/site-packages/airflow/example_dags/example_subdag_operator.py
[2025-02-01T00:12:12.992+0000] {processor.py:925} INFO - DAG(s) 'example_subdag_operator.section-1', 'example_subdag_operator.section-2', 'example_subdag_operator' retrieved from /home/airflow/.local/lib/python3.12/site-packages/airflow/example_dags/example_subdag_operator.py
[2025-02-01T00:12:13.006+0000] {logging_mixin.py:190} INFO - [2025-02-01T00:12:13.005+0000] {dag.py:3211} INFO - Sync 3 DAGs
[2025-02-01T00:12:13.025+0000] {logging_mixin.py:190} INFO - [2025-02-01T00:12:13.025+0000] {dag.py:4138} INFO - Setting next_dagrun for example_subdag_operator to 2022-01-01 00:00:00+00:00, run_after=2022-01-01 00:00:00+00:00
[2025-02-01T00:12:13.028+0000] {logging_mixin.py:190} INFO - [2025-02-01T00:12:13.028+0000] {dag.py:4138} INFO - Setting next_dagrun for example_subdag_operator.section-1 to None, run_after=None
[2025-02-01T00:12:13.030+0000] {logging_mixin.py:190} INFO - [2025-02-01T00:12:13.030+0000] {dag.py:4138} INFO - Setting next_dagrun for example_subdag_operator.section-2 to None, run_after=None
[2025-02-01T00:12:13.036+0000] {logging_mixin.py:190} INFO - [2025-02-01T00:12:13.035+0000] {dag.py:3211} INFO - Sync 2 DAGs
[2025-02-01T00:12:13.041+0000] {logging_mixin.py:190} INFO - [2025-02-01T00:12:13.040+0000] {dag.py:4138} INFO - Setting next_dagrun for example_subdag_operator.section-1 to None, run_after=None
[2025-02-01T00:12:13.041+0000] {logging_mixin.py:190} INFO - [2025-02-01T00:12:13.041+0000] {dag.py:4138} INFO - Setting next_dagrun for example_subdag_operator.section-2 to None, run_after=None
[2025-02-01T00:12:13.053+0000] {processor.py:208} INFO - Processing /home/airflow/.local/lib/python3.12/site-packages/airflow/example_dags/example_subdag_operator.py took 0.090 seconds
[2025-02-01T00:12:43.311+0000] {processor.py:186} INFO - Started process (PID=26640) to work on /home/airflow/.local/lib/python3.12/site-packages/airflow/example_dags/example_subdag_operator.py
[2025-02-01T00:12:43.312+0000] {processor.py:914} INFO - Processing file /home/airflow/.local/lib/python3.12/site-packages/airflow/example_dags/example_subdag_operator.py for tasks to queue
[2025-02-01T00:12:43.313+0000] {logging_mixin.py:190} INFO - [2025-02-01T00:12:43.312+0000] {dagbag.py:587} INFO - Filling up the DagBag from /home/airflow/.local/lib/python3.12/site-packages/airflow/example_dags/example_subdag_operator.py
[2025-02-01T00:12:43.336+0000] {processor.py:925} INFO - DAG(s) 'example_subdag_operator.section-1', 'example_subdag_operator.section-2', 'example_subdag_operator' retrieved from /home/airflow/.local/lib/python3.12/site-packages/airflow/example_dags/example_subdag_operator.py
[2025-02-01T00:12:43.352+0000] {logging_mixin.py:190} INFO - [2025-02-01T00:12:43.352+0000] {dag.py:3211} INFO - Sync 3 DAGs
[2025-02-01T00:12:43.374+0000] {logging_mixin.py:190} INFO - [2025-02-01T00:12:43.374+0000] {dag.py:4138} INFO - Setting next_dagrun for example_subdag_operator to 2022-01-01 00:00:00+00:00, run_after=2022-01-01 00:00:00+00:00
[2025-02-01T00:12:43.378+0000] {logging_mixin.py:190} INFO - [2025-02-01T00:12:43.378+0000] {dag.py:4138} INFO - Setting next_dagrun for example_subdag_operator.section-1 to None, run_after=None
[2025-02-01T00:12:43.380+0000] {logging_mixin.py:190} INFO - [2025-02-01T00:12:43.379+0000] {dag.py:4138} INFO - Setting next_dagrun for example_subdag_operator.section-2 to None, run_after=None
[2025-02-01T00:12:43.387+0000] {logging_mixin.py:190} INFO - [2025-02-01T00:12:43.386+0000] {dag.py:3211} INFO - Sync 2 DAGs
[2025-02-01T00:12:43.393+0000] {logging_mixin.py:190} INFO - [2025-02-01T00:12:43.393+0000] {dag.py:4138} INFO - Setting next_dagrun for example_subdag_operator.section-1 to None, run_after=None
[2025-02-01T00:12:43.394+0000] {logging_mixin.py:190} INFO - [2025-02-01T00:12:43.393+0000] {dag.py:4138} INFO - Setting next_dagrun for example_subdag_operator.section-2 to None, run_after=None
[2025-02-01T00:12:43.411+0000] {processor.py:208} INFO - Processing /home/airflow/.local/lib/python3.12/site-packages/airflow/example_dags/example_subdag_operator.py took 0.105 seconds
[2025-02-01T00:13:13.501+0000] {processor.py:186} INFO - Started process (PID=26703) to work on /home/airflow/.local/lib/python3.12/site-packages/airflow/example_dags/example_subdag_operator.py
[2025-02-01T00:13:13.501+0000] {processor.py:914} INFO - Processing file /home/airflow/.local/lib/python3.12/site-packages/airflow/example_dags/example_subdag_operator.py for tasks to queue
[2025-02-01T00:13:13.502+0000] {logging_mixin.py:190} INFO - [2025-02-01T00:13:13.502+0000] {dagbag.py:587} INFO - Filling up the DagBag from /home/airflow/.local/lib/python3.12/site-packages/airflow/example_dags/example_subdag_operator.py
[2025-02-01T00:13:13.522+0000] {processor.py:925} INFO - DAG(s) 'example_subdag_operator.section-1', 'example_subdag_operator.section-2', 'example_subdag_operator' retrieved from /home/airflow/.local/lib/python3.12/site-packages/airflow/example_dags/example_subdag_operator.py
[2025-02-01T00:13:13.534+0000] {logging_mixin.py:190} INFO - [2025-02-01T00:13:13.534+0000] {dag.py:3211} INFO - Sync 3 DAGs
[2025-02-01T00:13:13.553+0000] {logging_mixin.py:190} INFO - [2025-02-01T00:13:13.553+0000] {dag.py:4138} INFO - Setting next_dagrun for example_subdag_operator to 2022-01-01 00:00:00+00:00, run_after=2022-01-01 00:00:00+00:00
[2025-02-01T00:13:13.556+0000] {logging_mixin.py:190} INFO - [2025-02-01T00:13:13.556+0000] {dag.py:4138} INFO - Setting next_dagrun for example_subdag_operator.section-1 to None, run_after=None
[2025-02-01T00:13:13.558+0000] {logging_mixin.py:190} INFO - [2025-02-01T00:13:13.558+0000] {dag.py:4138} INFO - Setting next_dagrun for example_subdag_operator.section-2 to None, run_after=None
[2025-02-01T00:13:13.563+0000] {logging_mixin.py:190} INFO - [2025-02-01T00:13:13.563+0000] {dag.py:3211} INFO - Sync 2 DAGs
[2025-02-01T00:13:13.568+0000] {logging_mixin.py:190} INFO - [2025-02-01T00:13:13.568+0000] {dag.py:4138} INFO - Setting next_dagrun for example_subdag_operator.section-1 to None, run_after=None
[2025-02-01T00:13:13.568+0000] {logging_mixin.py:190} INFO - [2025-02-01T00:13:13.568+0000] {dag.py:4138} INFO - Setting next_dagrun for example_subdag_operator.section-2 to None, run_after=None
[2025-02-01T00:13:13.579+0000] {processor.py:208} INFO - Processing /home/airflow/.local/lib/python3.12/site-packages/airflow/example_dags/example_subdag_operator.py took 0.082 seconds
[2025-02-01T00:13:43.792+0000] {processor.py:186} INFO - Started process (PID=26766) to work on /home/airflow/.local/lib/python3.12/site-packages/airflow/example_dags/example_subdag_operator.py
[2025-02-01T00:13:43.793+0000] {processor.py:914} INFO - Processing file /home/airflow/.local/lib/python3.12/site-packages/airflow/example_dags/example_subdag_operator.py for tasks to queue
[2025-02-01T00:13:43.794+0000] {logging_mixin.py:190} INFO - [2025-02-01T00:13:43.794+0000] {dagbag.py:587} INFO - Filling up the DagBag from /home/airflow/.local/lib/python3.12/site-packages/airflow/example_dags/example_subdag_operator.py
[2025-02-01T00:13:43.816+0000] {processor.py:925} INFO - DAG(s) 'example_subdag_operator.section-1', 'example_subdag_operator.section-2', 'example_subdag_operator' retrieved from /home/airflow/.local/lib/python3.12/site-packages/airflow/example_dags/example_subdag_operator.py
[2025-02-01T00:13:43.830+0000] {logging_mixin.py:190} INFO - [2025-02-01T00:13:43.829+0000] {dag.py:3211} INFO - Sync 3 DAGs
[2025-02-01T00:13:43.850+0000] {logging_mixin.py:190} INFO - [2025-02-01T00:13:43.850+0000] {dag.py:4138} INFO - Setting next_dagrun for example_subdag_operator to 2022-01-01 00:00:00+00:00, run_after=2022-01-01 00:00:00+00:00
[2025-02-01T00:13:43.854+0000] {logging_mixin.py:190} INFO - [2025-02-01T00:13:43.854+0000] {dag.py:4138} INFO - Setting next_dagrun for example_subdag_operator.section-1 to None, run_after=None
[2025-02-01T00:13:43.856+0000] {logging_mixin.py:190} INFO - [2025-02-01T00:13:43.856+0000] {dag.py:4138} INFO - Setting next_dagrun for example_subdag_operator.section-2 to None, run_after=None
[2025-02-01T00:13:43.862+0000] {logging_mixin.py:190} INFO - [2025-02-01T00:13:43.862+0000] {dag.py:3211} INFO - Sync 2 DAGs
[2025-02-01T00:13:43.868+0000] {logging_mixin.py:190} INFO - [2025-02-01T00:13:43.867+0000] {dag.py:4138} INFO - Setting next_dagrun for example_subdag_operator.section-1 to None, run_after=None
[2025-02-01T00:13:43.868+0000] {logging_mixin.py:190} INFO - [2025-02-01T00:13:43.868+0000] {dag.py:4138} INFO - Setting next_dagrun for example_subdag_operator.section-2 to None, run_after=None
[2025-02-01T00:13:43.880+0000] {processor.py:208} INFO - Processing /home/airflow/.local/lib/python3.12/site-packages/airflow/example_dags/example_subdag_operator.py took 0.093 seconds
[2025-02-01T00:14:14.066+0000] {processor.py:186} INFO - Started process (PID=26829) to work on /home/airflow/.local/lib/python3.12/site-packages/airflow/example_dags/example_subdag_operator.py
[2025-02-01T00:14:14.066+0000] {processor.py:914} INFO - Processing file /home/airflow/.local/lib/python3.12/site-packages/airflow/example_dags/example_subdag_operator.py for tasks to queue
[2025-02-01T00:14:14.067+0000] {logging_mixin.py:190} INFO - [2025-02-01T00:14:14.067+0000] {dagbag.py:587} INFO - Filling up the DagBag from /home/airflow/.local/lib/python3.12/site-packages/airflow/example_dags/example_subdag_operator.py
[2025-02-01T00:14:14.086+0000] {processor.py:925} INFO - DAG(s) 'example_subdag_operator.section-1', 'example_subdag_operator.section-2', 'example_subdag_operator' retrieved from /home/airflow/.local/lib/python3.12/site-packages/airflow/example_dags/example_subdag_operator.py
[2025-02-01T00:14:14.099+0000] {logging_mixin.py:190} INFO - [2025-02-01T00:14:14.099+0000] {dag.py:3211} INFO - Sync 3 DAGs
[2025-02-01T00:14:14.118+0000] {logging_mixin.py:190} INFO - [2025-02-01T00:14:14.117+0000] {dag.py:4138} INFO - Setting next_dagrun for example_subdag_operator to 2022-01-01 00:00:00+00:00, run_after=2022-01-01 00:00:00+00:00
[2025-02-01T00:14:14.121+0000] {logging_mixin.py:190} INFO - [2025-02-01T00:14:14.121+0000] {dag.py:4138} INFO - Setting next_dagrun for example_subdag_operator.section-1 to None, run_after=None
[2025-02-01T00:14:14.122+0000] {logging_mixin.py:190} INFO - [2025-02-01T00:14:14.122+0000] {dag.py:4138} INFO - Setting next_dagrun for example_subdag_operator.section-2 to None, run_after=None
[2025-02-01T00:14:14.127+0000] {logging_mixin.py:190} INFO - [2025-02-01T00:14:14.127+0000] {dag.py:3211} INFO - Sync 2 DAGs
[2025-02-01T00:14:14.134+0000] {logging_mixin.py:190} INFO - [2025-02-01T00:14:14.134+0000] {dag.py:4138} INFO - Setting next_dagrun for example_subdag_operator.section-1 to None, run_after=None
[2025-02-01T00:14:14.135+0000] {logging_mixin.py:190} INFO - [2025-02-01T00:14:14.135+0000] {dag.py:4138} INFO - Setting next_dagrun for example_subdag_operator.section-2 to None, run_after=None
[2025-02-01T00:14:14.146+0000] {processor.py:208} INFO - Processing /home/airflow/.local/lib/python3.12/site-packages/airflow/example_dags/example_subdag_operator.py took 0.085 seconds
[2025-02-01T00:14:44.371+0000] {processor.py:186} INFO - Started process (PID=26892) to work on /home/airflow/.local/lib/python3.12/site-packages/airflow/example_dags/example_subdag_operator.py
[2025-02-01T00:14:44.371+0000] {processor.py:914} INFO - Processing file /home/airflow/.local/lib/python3.12/site-packages/airflow/example_dags/example_subdag_operator.py for tasks to queue
[2025-02-01T00:14:44.372+0000] {logging_mixin.py:190} INFO - [2025-02-01T00:14:44.372+0000] {dagbag.py:587} INFO - Filling up the DagBag from /home/airflow/.local/lib/python3.12/site-packages/airflow/example_dags/example_subdag_operator.py
[2025-02-01T00:14:44.394+0000] {processor.py:925} INFO - DAG(s) 'example_subdag_operator.section-1', 'example_subdag_operator.section-2', 'example_subdag_operator' retrieved from /home/airflow/.local/lib/python3.12/site-packages/airflow/example_dags/example_subdag_operator.py
[2025-02-01T00:14:44.409+0000] {logging_mixin.py:190} INFO - [2025-02-01T00:14:44.408+0000] {dag.py:3211} INFO - Sync 3 DAGs
[2025-02-01T00:14:44.430+0000] {logging_mixin.py:190} INFO - [2025-02-01T00:14:44.430+0000] {dag.py:4138} INFO - Setting next_dagrun for example_subdag_operator to 2022-01-01 00:00:00+00:00, run_after=2022-01-01 00:00:00+00:00
[2025-02-01T00:14:44.433+0000] {logging_mixin.py:190} INFO - [2025-02-01T00:14:44.433+0000] {dag.py:4138} INFO - Setting next_dagrun for example_subdag_operator.section-1 to None, run_after=None
[2025-02-01T00:14:44.435+0000] {logging_mixin.py:190} INFO - [2025-02-01T00:14:44.434+0000] {dag.py:4138} INFO - Setting next_dagrun for example_subdag_operator.section-2 to None, run_after=None
[2025-02-01T00:14:44.441+0000] {logging_mixin.py:190} INFO - [2025-02-01T00:14:44.441+0000] {dag.py:3211} INFO - Sync 2 DAGs
[2025-02-01T00:14:44.447+0000] {logging_mixin.py:190} INFO - [2025-02-01T00:14:44.447+0000] {dag.py:4138} INFO - Setting next_dagrun for example_subdag_operator.section-1 to None, run_after=None
[2025-02-01T00:14:44.448+0000] {logging_mixin.py:190} INFO - [2025-02-01T00:14:44.448+0000] {dag.py:4138} INFO - Setting next_dagrun for example_subdag_operator.section-2 to None, run_after=None
[2025-02-01T00:14:44.460+0000] {processor.py:208} INFO - Processing /home/airflow/.local/lib/python3.12/site-packages/airflow/example_dags/example_subdag_operator.py took 0.093 seconds
[2025-02-01T00:15:14.856+0000] {processor.py:186} INFO - Started process (PID=26955) to work on /home/airflow/.local/lib/python3.12/site-packages/airflow/example_dags/example_subdag_operator.py
[2025-02-01T00:15:14.856+0000] {processor.py:914} INFO - Processing file /home/airflow/.local/lib/python3.12/site-packages/airflow/example_dags/example_subdag_operator.py for tasks to queue
[2025-02-01T00:15:14.858+0000] {logging_mixin.py:190} INFO - [2025-02-01T00:15:14.858+0000] {dagbag.py:587} INFO - Filling up the DagBag from /home/airflow/.local/lib/python3.12/site-packages/airflow/example_dags/example_subdag_operator.py
[2025-02-01T00:15:14.887+0000] {processor.py:925} INFO - DAG(s) 'example_subdag_operator.section-1', 'example_subdag_operator.section-2', 'example_subdag_operator' retrieved from /home/airflow/.local/lib/python3.12/site-packages/airflow/example_dags/example_subdag_operator.py
[2025-02-01T00:15:14.910+0000] {logging_mixin.py:190} INFO - [2025-02-01T00:15:14.909+0000] {dag.py:3211} INFO - Sync 3 DAGs
[2025-02-01T00:15:14.939+0000] {logging_mixin.py:190} INFO - [2025-02-01T00:15:14.939+0000] {dag.py:4138} INFO - Setting next_dagrun for example_subdag_operator to 2022-01-01 00:00:00+00:00, run_after=2022-01-01 00:00:00+00:00
[2025-02-01T00:15:14.943+0000] {logging_mixin.py:190} INFO - [2025-02-01T00:15:14.943+0000] {dag.py:4138} INFO - Setting next_dagrun for example_subdag_operator.section-1 to None, run_after=None
[2025-02-01T00:15:14.945+0000] {logging_mixin.py:190} INFO - [2025-02-01T00:15:14.945+0000] {dag.py:4138} INFO - Setting next_dagrun for example_subdag_operator.section-2 to None, run_after=None
[2025-02-01T00:15:14.954+0000] {logging_mixin.py:190} INFO - [2025-02-01T00:15:14.954+0000] {dag.py:3211} INFO - Sync 2 DAGs
[2025-02-01T00:15:14.961+0000] {logging_mixin.py:190} INFO - [2025-02-01T00:15:14.961+0000] {dag.py:4138} INFO - Setting next_dagrun for example_subdag_operator.section-1 to None, run_after=None
[2025-02-01T00:15:14.962+0000] {logging_mixin.py:190} INFO - [2025-02-01T00:15:14.962+0000] {dag.py:4138} INFO - Setting next_dagrun for example_subdag_operator.section-2 to None, run_after=None
[2025-02-01T00:15:14.976+0000] {processor.py:208} INFO - Processing /home/airflow/.local/lib/python3.12/site-packages/airflow/example_dags/example_subdag_operator.py took 0.124 seconds
[2025-02-01T00:15:45.277+0000] {processor.py:186} INFO - Started process (PID=27018) to work on /home/airflow/.local/lib/python3.12/site-packages/airflow/example_dags/example_subdag_operator.py
[2025-02-01T00:15:45.278+0000] {processor.py:914} INFO - Processing file /home/airflow/.local/lib/python3.12/site-packages/airflow/example_dags/example_subdag_operator.py for tasks to queue
[2025-02-01T00:15:45.280+0000] {logging_mixin.py:190} INFO - [2025-02-01T00:15:45.280+0000] {dagbag.py:587} INFO - Filling up the DagBag from /home/airflow/.local/lib/python3.12/site-packages/airflow/example_dags/example_subdag_operator.py
[2025-02-01T00:15:45.311+0000] {processor.py:925} INFO - DAG(s) 'example_subdag_operator.section-1', 'example_subdag_operator.section-2', 'example_subdag_operator' retrieved from /home/airflow/.local/lib/python3.12/site-packages/airflow/example_dags/example_subdag_operator.py
[2025-02-01T00:15:45.326+0000] {logging_mixin.py:190} INFO - [2025-02-01T00:15:45.325+0000] {dag.py:3211} INFO - Sync 3 DAGs
[2025-02-01T00:15:45.353+0000] {logging_mixin.py:190} INFO - [2025-02-01T00:15:45.353+0000] {dag.py:4138} INFO - Setting next_dagrun for example_subdag_operator to 2022-01-01 00:00:00+00:00, run_after=2022-01-01 00:00:00+00:00
[2025-02-01T00:15:45.357+0000] {logging_mixin.py:190} INFO - [2025-02-01T00:15:45.357+0000] {dag.py:4138} INFO - Setting next_dagrun for example_subdag_operator.section-1 to None, run_after=None
[2025-02-01T00:15:45.359+0000] {logging_mixin.py:190} INFO - [2025-02-01T00:15:45.359+0000] {dag.py:4138} INFO - Setting next_dagrun for example_subdag_operator.section-2 to None, run_after=None
[2025-02-01T00:15:45.366+0000] {logging_mixin.py:190} INFO - [2025-02-01T00:15:45.366+0000] {dag.py:3211} INFO - Sync 2 DAGs
[2025-02-01T00:15:45.372+0000] {logging_mixin.py:190} INFO - [2025-02-01T00:15:45.372+0000] {dag.py:4138} INFO - Setting next_dagrun for example_subdag_operator.section-1 to None, run_after=None
[2025-02-01T00:15:45.373+0000] {logging_mixin.py:190} INFO - [2025-02-01T00:15:45.373+0000] {dag.py:4138} INFO - Setting next_dagrun for example_subdag_operator.section-2 to None, run_after=None
[2025-02-01T00:15:45.387+0000] {processor.py:208} INFO - Processing /home/airflow/.local/lib/python3.12/site-packages/airflow/example_dags/example_subdag_operator.py took 0.118 seconds
[2025-02-01T00:16:15.447+0000] {processor.py:186} INFO - Started process (PID=27081) to work on /home/airflow/.local/lib/python3.12/site-packages/airflow/example_dags/example_subdag_operator.py
[2025-02-01T00:16:15.448+0000] {processor.py:914} INFO - Processing file /home/airflow/.local/lib/python3.12/site-packages/airflow/example_dags/example_subdag_operator.py for tasks to queue
[2025-02-01T00:16:15.450+0000] {logging_mixin.py:190} INFO - [2025-02-01T00:16:15.449+0000] {dagbag.py:587} INFO - Filling up the DagBag from /home/airflow/.local/lib/python3.12/site-packages/airflow/example_dags/example_subdag_operator.py
[2025-02-01T00:16:15.473+0000] {processor.py:925} INFO - DAG(s) 'example_subdag_operator.section-1', 'example_subdag_operator.section-2', 'example_subdag_operator' retrieved from /home/airflow/.local/lib/python3.12/site-packages/airflow/example_dags/example_subdag_operator.py
[2025-02-01T00:16:15.488+0000] {logging_mixin.py:190} INFO - [2025-02-01T00:16:15.487+0000] {dag.py:3211} INFO - Sync 3 DAGs
[2025-02-01T00:16:15.508+0000] {logging_mixin.py:190} INFO - [2025-02-01T00:16:15.508+0000] {dag.py:4138} INFO - Setting next_dagrun for example_subdag_operator to 2022-01-01 00:00:00+00:00, run_after=2022-01-01 00:00:00+00:00
[2025-02-01T00:16:15.512+0000] {logging_mixin.py:190} INFO - [2025-02-01T00:16:15.512+0000] {dag.py:4138} INFO - Setting next_dagrun for example_subdag_operator.section-1 to None, run_after=None
[2025-02-01T00:16:15.513+0000] {logging_mixin.py:190} INFO - [2025-02-01T00:16:15.513+0000] {dag.py:4138} INFO - Setting next_dagrun for example_subdag_operator.section-2 to None, run_after=None
[2025-02-01T00:16:15.520+0000] {logging_mixin.py:190} INFO - [2025-02-01T00:16:15.519+0000] {dag.py:3211} INFO - Sync 2 DAGs
[2025-02-01T00:16:15.525+0000] {logging_mixin.py:190} INFO - [2025-02-01T00:16:15.525+0000] {dag.py:4138} INFO - Setting next_dagrun for example_subdag_operator.section-1 to None, run_after=None
[2025-02-01T00:16:15.526+0000] {logging_mixin.py:190} INFO - [2025-02-01T00:16:15.525+0000] {dag.py:4138} INFO - Setting next_dagrun for example_subdag_operator.section-2 to None, run_after=None
[2025-02-01T00:16:15.538+0000] {processor.py:208} INFO - Processing /home/airflow/.local/lib/python3.12/site-packages/airflow/example_dags/example_subdag_operator.py took 0.098 seconds
