[2025-02-01T00:00:23.364+0000] {processor.py:186} INFO - Started process (PID=25111) to work on /home/airflow/.local/lib/python3.12/site-packages/airflow/example_dags/example_branch_labels.py
[2025-02-01T00:00:23.365+0000] {processor.py:914} INFO - Processing file /home/airflow/.local/lib/python3.12/site-packages/airflow/example_dags/example_branch_labels.py for tasks to queue
[2025-02-01T00:00:23.367+0000] {logging_mixin.py:190} INFO - [2025-02-01T00:00:23.366+0000] {dagbag.py:587} INFO - Filling up the DagBag from /home/airflow/.local/lib/python3.12/site-packages/airflow/example_dags/example_branch_labels.py
[2025-02-01T00:00:23.374+0000] {processor.py:925} INFO - DAG(s) 'example_branch_labels' retrieved from /home/airflow/.local/lib/python3.12/site-packages/airflow/example_dags/example_branch_labels.py
[2025-02-01T00:00:23.392+0000] {logging_mixin.py:190} INFO - [2025-02-01T00:00:23.392+0000] {dag.py:3211} INFO - Sync 1 DAGs
[2025-02-01T00:00:23.414+0000] {logging_mixin.py:190} INFO - [2025-02-01T00:00:23.413+0000] {dag.py:4138} INFO - Setting next_dagrun for example_branch_labels to 2025-01-31 00:00:00+00:00, run_after=2025-02-01 00:00:00+00:00
[2025-02-01T00:00:23.435+0000] {processor.py:208} INFO - Processing /home/airflow/.local/lib/python3.12/site-packages/airflow/example_dags/example_branch_labels.py took 0.076 seconds
[2025-02-01T00:00:53.670+0000] {processor.py:186} INFO - Started process (PID=25174) to work on /home/airflow/.local/lib/python3.12/site-packages/airflow/example_dags/example_branch_labels.py
[2025-02-01T00:00:53.671+0000] {processor.py:914} INFO - Processing file /home/airflow/.local/lib/python3.12/site-packages/airflow/example_dags/example_branch_labels.py for tasks to queue
[2025-02-01T00:00:53.673+0000] {logging_mixin.py:190} INFO - [2025-02-01T00:00:53.672+0000] {dagbag.py:587} INFO - Filling up the DagBag from /home/airflow/.local/lib/python3.12/site-packages/airflow/example_dags/example_branch_labels.py
[2025-02-01T00:00:53.682+0000] {processor.py:925} INFO - DAG(s) 'example_branch_labels' retrieved from /home/airflow/.local/lib/python3.12/site-packages/airflow/example_dags/example_branch_labels.py
[2025-02-01T00:00:53.701+0000] {logging_mixin.py:190} INFO - [2025-02-01T00:00:53.701+0000] {dag.py:3211} INFO - Sync 1 DAGs
[2025-02-01T00:00:53.722+0000] {logging_mixin.py:190} INFO - [2025-02-01T00:00:53.722+0000] {dag.py:4138} INFO - Setting next_dagrun for example_branch_labels to 2025-01-31 00:00:00+00:00, run_after=2025-02-01 00:00:00+00:00
[2025-02-01T00:00:53.738+0000] {processor.py:208} INFO - Processing /home/airflow/.local/lib/python3.12/site-packages/airflow/example_dags/example_branch_labels.py took 0.072 seconds
[2025-02-01T00:01:23.849+0000] {processor.py:186} INFO - Started process (PID=25237) to work on /home/airflow/.local/lib/python3.12/site-packages/airflow/example_dags/example_branch_labels.py
[2025-02-01T00:01:23.849+0000] {processor.py:914} INFO - Processing file /home/airflow/.local/lib/python3.12/site-packages/airflow/example_dags/example_branch_labels.py for tasks to queue
[2025-02-01T00:01:23.850+0000] {logging_mixin.py:190} INFO - [2025-02-01T00:01:23.850+0000] {dagbag.py:587} INFO - Filling up the DagBag from /home/airflow/.local/lib/python3.12/site-packages/airflow/example_dags/example_branch_labels.py
[2025-02-01T00:01:23.860+0000] {processor.py:925} INFO - DAG(s) 'example_branch_labels' retrieved from /home/airflow/.local/lib/python3.12/site-packages/airflow/example_dags/example_branch_labels.py
[2025-02-01T00:01:23.878+0000] {logging_mixin.py:190} INFO - [2025-02-01T00:01:23.878+0000] {dag.py:3211} INFO - Sync 1 DAGs
[2025-02-01T00:01:23.900+0000] {logging_mixin.py:190} INFO - [2025-02-01T00:01:23.900+0000] {dag.py:4138} INFO - Setting next_dagrun for example_branch_labels to 2025-01-31 00:00:00+00:00, run_after=2025-02-01 00:00:00+00:00
[2025-02-01T00:01:23.918+0000] {processor.py:208} INFO - Processing /home/airflow/.local/lib/python3.12/site-packages/airflow/example_dags/example_branch_labels.py took 0.074 seconds
[2025-02-01T00:01:54.025+0000] {processor.py:186} INFO - Started process (PID=25300) to work on /home/airflow/.local/lib/python3.12/site-packages/airflow/example_dags/example_branch_labels.py
[2025-02-01T00:01:54.026+0000] {processor.py:914} INFO - Processing file /home/airflow/.local/lib/python3.12/site-packages/airflow/example_dags/example_branch_labels.py for tasks to queue
[2025-02-01T00:01:54.027+0000] {logging_mixin.py:190} INFO - [2025-02-01T00:01:54.026+0000] {dagbag.py:587} INFO - Filling up the DagBag from /home/airflow/.local/lib/python3.12/site-packages/airflow/example_dags/example_branch_labels.py
[2025-02-01T00:01:54.034+0000] {processor.py:925} INFO - DAG(s) 'example_branch_labels' retrieved from /home/airflow/.local/lib/python3.12/site-packages/airflow/example_dags/example_branch_labels.py
[2025-02-01T00:01:54.053+0000] {logging_mixin.py:190} INFO - [2025-02-01T00:01:54.053+0000] {dag.py:3211} INFO - Sync 1 DAGs
[2025-02-01T00:01:54.073+0000] {logging_mixin.py:190} INFO - [2025-02-01T00:01:54.073+0000] {dag.py:4138} INFO - Setting next_dagrun for example_branch_labels to 2025-01-31 00:00:00+00:00, run_after=2025-02-01 00:00:00+00:00
[2025-02-01T00:01:54.101+0000] {processor.py:208} INFO - Processing /home/airflow/.local/lib/python3.12/site-packages/airflow/example_dags/example_branch_labels.py took 0.081 seconds
[2025-02-01T00:02:24.214+0000] {processor.py:186} INFO - Started process (PID=25363) to work on /home/airflow/.local/lib/python3.12/site-packages/airflow/example_dags/example_branch_labels.py
[2025-02-01T00:02:24.215+0000] {processor.py:914} INFO - Processing file /home/airflow/.local/lib/python3.12/site-packages/airflow/example_dags/example_branch_labels.py for tasks to queue
[2025-02-01T00:02:24.217+0000] {logging_mixin.py:190} INFO - [2025-02-01T00:02:24.217+0000] {dagbag.py:587} INFO - Filling up the DagBag from /home/airflow/.local/lib/python3.12/site-packages/airflow/example_dags/example_branch_labels.py
[2025-02-01T00:02:24.224+0000] {processor.py:925} INFO - DAG(s) 'example_branch_labels' retrieved from /home/airflow/.local/lib/python3.12/site-packages/airflow/example_dags/example_branch_labels.py
[2025-02-01T00:02:24.241+0000] {logging_mixin.py:190} INFO - [2025-02-01T00:02:24.241+0000] {dag.py:3211} INFO - Sync 1 DAGs
[2025-02-01T00:02:24.262+0000] {logging_mixin.py:190} INFO - [2025-02-01T00:02:24.262+0000] {dag.py:4138} INFO - Setting next_dagrun for example_branch_labels to 2025-01-31 00:00:00+00:00, run_after=2025-02-01 00:00:00+00:00
[2025-02-01T00:02:24.282+0000] {processor.py:208} INFO - Processing /home/airflow/.local/lib/python3.12/site-packages/airflow/example_dags/example_branch_labels.py took 0.072 seconds
[2025-02-01T00:02:54.477+0000] {processor.py:186} INFO - Started process (PID=25426) to work on /home/airflow/.local/lib/python3.12/site-packages/airflow/example_dags/example_branch_labels.py
[2025-02-01T00:02:54.478+0000] {processor.py:914} INFO - Processing file /home/airflow/.local/lib/python3.12/site-packages/airflow/example_dags/example_branch_labels.py for tasks to queue
[2025-02-01T00:02:54.479+0000] {logging_mixin.py:190} INFO - [2025-02-01T00:02:54.479+0000] {dagbag.py:587} INFO - Filling up the DagBag from /home/airflow/.local/lib/python3.12/site-packages/airflow/example_dags/example_branch_labels.py
[2025-02-01T00:02:54.487+0000] {processor.py:925} INFO - DAG(s) 'example_branch_labels' retrieved from /home/airflow/.local/lib/python3.12/site-packages/airflow/example_dags/example_branch_labels.py
[2025-02-01T00:02:54.505+0000] {logging_mixin.py:190} INFO - [2025-02-01T00:02:54.505+0000] {dag.py:3211} INFO - Sync 1 DAGs
[2025-02-01T00:02:54.526+0000] {logging_mixin.py:190} INFO - [2025-02-01T00:02:54.526+0000] {dag.py:4138} INFO - Setting next_dagrun for example_branch_labels to 2025-01-31 00:00:00+00:00, run_after=2025-02-01 00:00:00+00:00
[2025-02-01T00:02:54.543+0000] {processor.py:208} INFO - Processing /home/airflow/.local/lib/python3.12/site-packages/airflow/example_dags/example_branch_labels.py took 0.071 seconds
[2025-02-01T00:03:24.743+0000] {processor.py:186} INFO - Started process (PID=25489) to work on /home/airflow/.local/lib/python3.12/site-packages/airflow/example_dags/example_branch_labels.py
[2025-02-01T00:03:24.744+0000] {processor.py:914} INFO - Processing file /home/airflow/.local/lib/python3.12/site-packages/airflow/example_dags/example_branch_labels.py for tasks to queue
[2025-02-01T00:03:24.745+0000] {logging_mixin.py:190} INFO - [2025-02-01T00:03:24.745+0000] {dagbag.py:587} INFO - Filling up the DagBag from /home/airflow/.local/lib/python3.12/site-packages/airflow/example_dags/example_branch_labels.py
[2025-02-01T00:03:24.753+0000] {processor.py:925} INFO - DAG(s) 'example_branch_labels' retrieved from /home/airflow/.local/lib/python3.12/site-packages/airflow/example_dags/example_branch_labels.py
[2025-02-01T00:03:24.771+0000] {logging_mixin.py:190} INFO - [2025-02-01T00:03:24.771+0000] {dag.py:3211} INFO - Sync 1 DAGs
[2025-02-01T00:03:24.793+0000] {logging_mixin.py:190} INFO - [2025-02-01T00:03:24.792+0000] {dag.py:4138} INFO - Setting next_dagrun for example_branch_labels to 2025-01-31 00:00:00+00:00, run_after=2025-02-01 00:00:00+00:00
[2025-02-01T00:03:24.811+0000] {processor.py:208} INFO - Processing /home/airflow/.local/lib/python3.12/site-packages/airflow/example_dags/example_branch_labels.py took 0.072 seconds
[2025-02-01T00:03:55.083+0000] {processor.py:186} INFO - Started process (PID=25552) to work on /home/airflow/.local/lib/python3.12/site-packages/airflow/example_dags/example_branch_labels.py
[2025-02-01T00:03:55.084+0000] {processor.py:914} INFO - Processing file /home/airflow/.local/lib/python3.12/site-packages/airflow/example_dags/example_branch_labels.py for tasks to queue
[2025-02-01T00:03:55.085+0000] {logging_mixin.py:190} INFO - [2025-02-01T00:03:55.085+0000] {dagbag.py:587} INFO - Filling up the DagBag from /home/airflow/.local/lib/python3.12/site-packages/airflow/example_dags/example_branch_labels.py
[2025-02-01T00:03:55.093+0000] {processor.py:925} INFO - DAG(s) 'example_branch_labels' retrieved from /home/airflow/.local/lib/python3.12/site-packages/airflow/example_dags/example_branch_labels.py
[2025-02-01T00:03:55.110+0000] {logging_mixin.py:190} INFO - [2025-02-01T00:03:55.110+0000] {dag.py:3211} INFO - Sync 1 DAGs
[2025-02-01T00:03:55.129+0000] {logging_mixin.py:190} INFO - [2025-02-01T00:03:55.129+0000] {dag.py:4138} INFO - Setting next_dagrun for example_branch_labels to 2025-01-31 00:00:00+00:00, run_after=2025-02-01 00:00:00+00:00
[2025-02-01T00:03:55.147+0000] {processor.py:208} INFO - Processing /home/airflow/.local/lib/python3.12/site-packages/airflow/example_dags/example_branch_labels.py took 0.068 seconds
[2025-02-01T00:04:25.328+0000] {processor.py:186} INFO - Started process (PID=25615) to work on /home/airflow/.local/lib/python3.12/site-packages/airflow/example_dags/example_branch_labels.py
[2025-02-01T00:04:25.329+0000] {processor.py:914} INFO - Processing file /home/airflow/.local/lib/python3.12/site-packages/airflow/example_dags/example_branch_labels.py for tasks to queue
[2025-02-01T00:04:25.331+0000] {logging_mixin.py:190} INFO - [2025-02-01T00:04:25.330+0000] {dagbag.py:587} INFO - Filling up the DagBag from /home/airflow/.local/lib/python3.12/site-packages/airflow/example_dags/example_branch_labels.py
[2025-02-01T00:04:25.338+0000] {processor.py:925} INFO - DAG(s) 'example_branch_labels' retrieved from /home/airflow/.local/lib/python3.12/site-packages/airflow/example_dags/example_branch_labels.py
[2025-02-01T00:04:25.357+0000] {logging_mixin.py:190} INFO - [2025-02-01T00:04:25.357+0000] {dag.py:3211} INFO - Sync 1 DAGs
[2025-02-01T00:04:25.379+0000] {logging_mixin.py:190} INFO - [2025-02-01T00:04:25.378+0000] {dag.py:4138} INFO - Setting next_dagrun for example_branch_labels to 2025-01-31 00:00:00+00:00, run_after=2025-02-01 00:00:00+00:00
[2025-02-01T00:04:25.399+0000] {processor.py:208} INFO - Processing /home/airflow/.local/lib/python3.12/site-packages/airflow/example_dags/example_branch_labels.py took 0.076 seconds
[2025-02-01T00:04:55.525+0000] {processor.py:186} INFO - Started process (PID=25678) to work on /home/airflow/.local/lib/python3.12/site-packages/airflow/example_dags/example_branch_labels.py
[2025-02-01T00:04:55.526+0000] {processor.py:914} INFO - Processing file /home/airflow/.local/lib/python3.12/site-packages/airflow/example_dags/example_branch_labels.py for tasks to queue
[2025-02-01T00:04:55.527+0000] {logging_mixin.py:190} INFO - [2025-02-01T00:04:55.526+0000] {dagbag.py:587} INFO - Filling up the DagBag from /home/airflow/.local/lib/python3.12/site-packages/airflow/example_dags/example_branch_labels.py
[2025-02-01T00:04:55.535+0000] {processor.py:925} INFO - DAG(s) 'example_branch_labels' retrieved from /home/airflow/.local/lib/python3.12/site-packages/airflow/example_dags/example_branch_labels.py
[2025-02-01T00:04:55.554+0000] {logging_mixin.py:190} INFO - [2025-02-01T00:04:55.553+0000] {dag.py:3211} INFO - Sync 1 DAGs
[2025-02-01T00:04:55.576+0000] {logging_mixin.py:190} INFO - [2025-02-01T00:04:55.576+0000] {dag.py:4138} INFO - Setting next_dagrun for example_branch_labels to 2025-01-31 00:00:00+00:00, run_after=2025-02-01 00:00:00+00:00
[2025-02-01T00:04:55.593+0000] {processor.py:208} INFO - Processing /home/airflow/.local/lib/python3.12/site-packages/airflow/example_dags/example_branch_labels.py took 0.074 seconds
[2025-02-01T00:05:25.770+0000] {processor.py:186} INFO - Started process (PID=25741) to work on /home/airflow/.local/lib/python3.12/site-packages/airflow/example_dags/example_branch_labels.py
[2025-02-01T00:05:25.771+0000] {processor.py:914} INFO - Processing file /home/airflow/.local/lib/python3.12/site-packages/airflow/example_dags/example_branch_labels.py for tasks to queue
[2025-02-01T00:05:25.772+0000] {logging_mixin.py:190} INFO - [2025-02-01T00:05:25.772+0000] {dagbag.py:587} INFO - Filling up the DagBag from /home/airflow/.local/lib/python3.12/site-packages/airflow/example_dags/example_branch_labels.py
[2025-02-01T00:05:25.780+0000] {processor.py:925} INFO - DAG(s) 'example_branch_labels' retrieved from /home/airflow/.local/lib/python3.12/site-packages/airflow/example_dags/example_branch_labels.py
[2025-02-01T00:05:25.798+0000] {logging_mixin.py:190} INFO - [2025-02-01T00:05:25.798+0000] {dag.py:3211} INFO - Sync 1 DAGs
[2025-02-01T00:05:25.819+0000] {logging_mixin.py:190} INFO - [2025-02-01T00:05:25.818+0000] {dag.py:4138} INFO - Setting next_dagrun for example_branch_labels to 2025-01-31 00:00:00+00:00, run_after=2025-02-01 00:00:00+00:00
[2025-02-01T00:05:25.836+0000] {processor.py:208} INFO - Processing /home/airflow/.local/lib/python3.12/site-packages/airflow/example_dags/example_branch_labels.py took 0.070 seconds
[2025-02-01T00:05:55.899+0000] {processor.py:186} INFO - Started process (PID=25804) to work on /home/airflow/.local/lib/python3.12/site-packages/airflow/example_dags/example_branch_labels.py
[2025-02-01T00:05:55.900+0000] {processor.py:914} INFO - Processing file /home/airflow/.local/lib/python3.12/site-packages/airflow/example_dags/example_branch_labels.py for tasks to queue
[2025-02-01T00:05:55.901+0000] {logging_mixin.py:190} INFO - [2025-02-01T00:05:55.901+0000] {dagbag.py:587} INFO - Filling up the DagBag from /home/airflow/.local/lib/python3.12/site-packages/airflow/example_dags/example_branch_labels.py
[2025-02-01T00:05:55.909+0000] {processor.py:925} INFO - DAG(s) 'example_branch_labels' retrieved from /home/airflow/.local/lib/python3.12/site-packages/airflow/example_dags/example_branch_labels.py
[2025-02-01T00:05:55.928+0000] {logging_mixin.py:190} INFO - [2025-02-01T00:05:55.928+0000] {dag.py:3211} INFO - Sync 1 DAGs
[2025-02-01T00:05:55.950+0000] {logging_mixin.py:190} INFO - [2025-02-01T00:05:55.949+0000] {dag.py:4138} INFO - Setting next_dagrun for example_branch_labels to 2025-01-31 00:00:00+00:00, run_after=2025-02-01 00:00:00+00:00
[2025-02-01T00:05:55.969+0000] {processor.py:208} INFO - Processing /home/airflow/.local/lib/python3.12/site-packages/airflow/example_dags/example_branch_labels.py took 0.075 seconds
[2025-02-01T00:06:26.071+0000] {processor.py:186} INFO - Started process (PID=25866) to work on /home/airflow/.local/lib/python3.12/site-packages/airflow/example_dags/example_branch_labels.py
[2025-02-01T00:06:26.072+0000] {processor.py:914} INFO - Processing file /home/airflow/.local/lib/python3.12/site-packages/airflow/example_dags/example_branch_labels.py for tasks to queue
[2025-02-01T00:06:26.074+0000] {logging_mixin.py:190} INFO - [2025-02-01T00:06:26.073+0000] {dagbag.py:587} INFO - Filling up the DagBag from /home/airflow/.local/lib/python3.12/site-packages/airflow/example_dags/example_branch_labels.py
[2025-02-01T00:06:26.081+0000] {processor.py:925} INFO - DAG(s) 'example_branch_labels' retrieved from /home/airflow/.local/lib/python3.12/site-packages/airflow/example_dags/example_branch_labels.py
[2025-02-01T00:06:26.100+0000] {logging_mixin.py:190} INFO - [2025-02-01T00:06:26.099+0000] {dag.py:3211} INFO - Sync 1 DAGs
[2025-02-01T00:06:26.123+0000] {logging_mixin.py:190} INFO - [2025-02-01T00:06:26.122+0000] {dag.py:4138} INFO - Setting next_dagrun for example_branch_labels to 2025-01-31 00:00:00+00:00, run_after=2025-02-01 00:00:00+00:00
[2025-02-01T00:06:26.153+0000] {processor.py:208} INFO - Processing /home/airflow/.local/lib/python3.12/site-packages/airflow/example_dags/example_branch_labels.py took 0.087 seconds
[2025-02-01T00:06:56.352+0000] {processor.py:186} INFO - Started process (PID=25929) to work on /home/airflow/.local/lib/python3.12/site-packages/airflow/example_dags/example_branch_labels.py
[2025-02-01T00:06:56.353+0000] {processor.py:914} INFO - Processing file /home/airflow/.local/lib/python3.12/site-packages/airflow/example_dags/example_branch_labels.py for tasks to queue
[2025-02-01T00:06:56.354+0000] {logging_mixin.py:190} INFO - [2025-02-01T00:06:56.354+0000] {dagbag.py:587} INFO - Filling up the DagBag from /home/airflow/.local/lib/python3.12/site-packages/airflow/example_dags/example_branch_labels.py
[2025-02-01T00:06:56.362+0000] {processor.py:925} INFO - DAG(s) 'example_branch_labels' retrieved from /home/airflow/.local/lib/python3.12/site-packages/airflow/example_dags/example_branch_labels.py
[2025-02-01T00:06:56.379+0000] {logging_mixin.py:190} INFO - [2025-02-01T00:06:56.378+0000] {dag.py:3211} INFO - Sync 1 DAGs
[2025-02-01T00:06:56.399+0000] {logging_mixin.py:190} INFO - [2025-02-01T00:06:56.398+0000] {dag.py:4138} INFO - Setting next_dagrun for example_branch_labels to 2025-01-31 00:00:00+00:00, run_after=2025-02-01 00:00:00+00:00
[2025-02-01T00:06:56.416+0000] {processor.py:208} INFO - Processing /home/airflow/.local/lib/python3.12/site-packages/airflow/example_dags/example_branch_labels.py took 0.068 seconds
[2025-02-01T00:07:26.815+0000] {processor.py:186} INFO - Started process (PID=25992) to work on /home/airflow/.local/lib/python3.12/site-packages/airflow/example_dags/example_branch_labels.py
[2025-02-01T00:07:26.816+0000] {processor.py:914} INFO - Processing file /home/airflow/.local/lib/python3.12/site-packages/airflow/example_dags/example_branch_labels.py for tasks to queue
[2025-02-01T00:07:26.817+0000] {logging_mixin.py:190} INFO - [2025-02-01T00:07:26.817+0000] {dagbag.py:587} INFO - Filling up the DagBag from /home/airflow/.local/lib/python3.12/site-packages/airflow/example_dags/example_branch_labels.py
[2025-02-01T00:07:26.825+0000] {processor.py:925} INFO - DAG(s) 'example_branch_labels' retrieved from /home/airflow/.local/lib/python3.12/site-packages/airflow/example_dags/example_branch_labels.py
[2025-02-01T00:07:26.843+0000] {logging_mixin.py:190} INFO - [2025-02-01T00:07:26.842+0000] {dag.py:3211} INFO - Sync 1 DAGs
[2025-02-01T00:07:26.863+0000] {logging_mixin.py:190} INFO - [2025-02-01T00:07:26.862+0000] {dag.py:4138} INFO - Setting next_dagrun for example_branch_labels to 2025-01-31 00:00:00+00:00, run_after=2025-02-01 00:00:00+00:00
[2025-02-01T00:07:26.879+0000] {processor.py:208} INFO - Processing /home/airflow/.local/lib/python3.12/site-packages/airflow/example_dags/example_branch_labels.py took 0.069 seconds
[2025-02-01T00:07:57.088+0000] {processor.py:186} INFO - Started process (PID=26055) to work on /home/airflow/.local/lib/python3.12/site-packages/airflow/example_dags/example_branch_labels.py
[2025-02-01T00:07:57.089+0000] {processor.py:914} INFO - Processing file /home/airflow/.local/lib/python3.12/site-packages/airflow/example_dags/example_branch_labels.py for tasks to queue
[2025-02-01T00:07:57.090+0000] {logging_mixin.py:190} INFO - [2025-02-01T00:07:57.090+0000] {dagbag.py:587} INFO - Filling up the DagBag from /home/airflow/.local/lib/python3.12/site-packages/airflow/example_dags/example_branch_labels.py
[2025-02-01T00:07:57.098+0000] {processor.py:925} INFO - DAG(s) 'example_branch_labels' retrieved from /home/airflow/.local/lib/python3.12/site-packages/airflow/example_dags/example_branch_labels.py
[2025-02-01T00:07:57.116+0000] {logging_mixin.py:190} INFO - [2025-02-01T00:07:57.116+0000] {dag.py:3211} INFO - Sync 1 DAGs
[2025-02-01T00:07:57.136+0000] {logging_mixin.py:190} INFO - [2025-02-01T00:07:57.136+0000] {dag.py:4138} INFO - Setting next_dagrun for example_branch_labels to 2025-01-31 00:00:00+00:00, run_after=2025-02-01 00:00:00+00:00
[2025-02-01T00:07:57.153+0000] {processor.py:208} INFO - Processing /home/airflow/.local/lib/python3.12/site-packages/airflow/example_dags/example_branch_labels.py took 0.070 seconds
[2025-02-01T00:08:27.518+0000] {processor.py:186} INFO - Started process (PID=26118) to work on /home/airflow/.local/lib/python3.12/site-packages/airflow/example_dags/example_branch_labels.py
[2025-02-01T00:08:27.519+0000] {processor.py:914} INFO - Processing file /home/airflow/.local/lib/python3.12/site-packages/airflow/example_dags/example_branch_labels.py for tasks to queue
[2025-02-01T00:08:27.520+0000] {logging_mixin.py:190} INFO - [2025-02-01T00:08:27.520+0000] {dagbag.py:587} INFO - Filling up the DagBag from /home/airflow/.local/lib/python3.12/site-packages/airflow/example_dags/example_branch_labels.py
[2025-02-01T00:08:27.528+0000] {processor.py:925} INFO - DAG(s) 'example_branch_labels' retrieved from /home/airflow/.local/lib/python3.12/site-packages/airflow/example_dags/example_branch_labels.py
[2025-02-01T00:08:27.545+0000] {logging_mixin.py:190} INFO - [2025-02-01T00:08:27.545+0000] {dag.py:3211} INFO - Sync 1 DAGs
[2025-02-01T00:08:27.566+0000] {logging_mixin.py:190} INFO - [2025-02-01T00:08:27.565+0000] {dag.py:4138} INFO - Setting next_dagrun for example_branch_labels to 2025-01-31 00:00:00+00:00, run_after=2025-02-01 00:00:00+00:00
[2025-02-01T00:08:27.585+0000] {processor.py:208} INFO - Processing /home/airflow/.local/lib/python3.12/site-packages/airflow/example_dags/example_branch_labels.py took 0.072 seconds
[2025-02-01T00:08:57.732+0000] {processor.py:186} INFO - Started process (PID=26181) to work on /home/airflow/.local/lib/python3.12/site-packages/airflow/example_dags/example_branch_labels.py
[2025-02-01T00:08:57.733+0000] {processor.py:914} INFO - Processing file /home/airflow/.local/lib/python3.12/site-packages/airflow/example_dags/example_branch_labels.py for tasks to queue
[2025-02-01T00:08:57.734+0000] {logging_mixin.py:190} INFO - [2025-02-01T00:08:57.734+0000] {dagbag.py:587} INFO - Filling up the DagBag from /home/airflow/.local/lib/python3.12/site-packages/airflow/example_dags/example_branch_labels.py
[2025-02-01T00:08:57.743+0000] {processor.py:925} INFO - DAG(s) 'example_branch_labels' retrieved from /home/airflow/.local/lib/python3.12/site-packages/airflow/example_dags/example_branch_labels.py
[2025-02-01T00:08:57.760+0000] {logging_mixin.py:190} INFO - [2025-02-01T00:08:57.760+0000] {dag.py:3211} INFO - Sync 1 DAGs
[2025-02-01T00:08:57.780+0000] {logging_mixin.py:190} INFO - [2025-02-01T00:08:57.780+0000] {dag.py:4138} INFO - Setting next_dagrun for example_branch_labels to 2025-01-31 00:00:00+00:00, run_after=2025-02-01 00:00:00+00:00
[2025-02-01T00:08:57.801+0000] {processor.py:208} INFO - Processing /home/airflow/.local/lib/python3.12/site-packages/airflow/example_dags/example_branch_labels.py took 0.075 seconds
[2025-02-01T00:09:27.872+0000] {processor.py:186} INFO - Started process (PID=26244) to work on /home/airflow/.local/lib/python3.12/site-packages/airflow/example_dags/example_branch_labels.py
[2025-02-01T00:09:27.873+0000] {processor.py:914} INFO - Processing file /home/airflow/.local/lib/python3.12/site-packages/airflow/example_dags/example_branch_labels.py for tasks to queue
[2025-02-01T00:09:27.875+0000] {logging_mixin.py:190} INFO - [2025-02-01T00:09:27.874+0000] {dagbag.py:587} INFO - Filling up the DagBag from /home/airflow/.local/lib/python3.12/site-packages/airflow/example_dags/example_branch_labels.py
[2025-02-01T00:09:27.883+0000] {processor.py:925} INFO - DAG(s) 'example_branch_labels' retrieved from /home/airflow/.local/lib/python3.12/site-packages/airflow/example_dags/example_branch_labels.py
[2025-02-01T00:09:27.902+0000] {logging_mixin.py:190} INFO - [2025-02-01T00:09:27.902+0000] {dag.py:3211} INFO - Sync 1 DAGs
[2025-02-01T00:09:27.923+0000] {logging_mixin.py:190} INFO - [2025-02-01T00:09:27.923+0000] {dag.py:4138} INFO - Setting next_dagrun for example_branch_labels to 2025-01-31 00:00:00+00:00, run_after=2025-02-01 00:00:00+00:00
[2025-02-01T00:09:27.941+0000] {processor.py:208} INFO - Processing /home/airflow/.local/lib/python3.12/site-packages/airflow/example_dags/example_branch_labels.py took 0.073 seconds
[2025-02-01T00:09:58.239+0000] {processor.py:186} INFO - Started process (PID=26307) to work on /home/airflow/.local/lib/python3.12/site-packages/airflow/example_dags/example_branch_labels.py
[2025-02-01T00:09:58.240+0000] {processor.py:914} INFO - Processing file /home/airflow/.local/lib/python3.12/site-packages/airflow/example_dags/example_branch_labels.py for tasks to queue
[2025-02-01T00:09:58.241+0000] {logging_mixin.py:190} INFO - [2025-02-01T00:09:58.241+0000] {dagbag.py:587} INFO - Filling up the DagBag from /home/airflow/.local/lib/python3.12/site-packages/airflow/example_dags/example_branch_labels.py
[2025-02-01T00:09:58.249+0000] {processor.py:925} INFO - DAG(s) 'example_branch_labels' retrieved from /home/airflow/.local/lib/python3.12/site-packages/airflow/example_dags/example_branch_labels.py
[2025-02-01T00:09:58.268+0000] {logging_mixin.py:190} INFO - [2025-02-01T00:09:58.268+0000] {dag.py:3211} INFO - Sync 1 DAGs
[2025-02-01T00:09:58.288+0000] {logging_mixin.py:190} INFO - [2025-02-01T00:09:58.288+0000] {dag.py:4138} INFO - Setting next_dagrun for example_branch_labels to 2025-01-31 00:00:00+00:00, run_after=2025-02-01 00:00:00+00:00
[2025-02-01T00:09:58.307+0000] {processor.py:208} INFO - Processing /home/airflow/.local/lib/python3.12/site-packages/airflow/example_dags/example_branch_labels.py took 0.073 seconds
[2025-02-01T00:10:28.775+0000] {processor.py:186} INFO - Started process (PID=26370) to work on /home/airflow/.local/lib/python3.12/site-packages/airflow/example_dags/example_branch_labels.py
[2025-02-01T00:10:28.777+0000] {processor.py:914} INFO - Processing file /home/airflow/.local/lib/python3.12/site-packages/airflow/example_dags/example_branch_labels.py for tasks to queue
[2025-02-01T00:10:28.778+0000] {logging_mixin.py:190} INFO - [2025-02-01T00:10:28.778+0000] {dagbag.py:587} INFO - Filling up the DagBag from /home/airflow/.local/lib/python3.12/site-packages/airflow/example_dags/example_branch_labels.py
[2025-02-01T00:10:28.786+0000] {processor.py:925} INFO - DAG(s) 'example_branch_labels' retrieved from /home/airflow/.local/lib/python3.12/site-packages/airflow/example_dags/example_branch_labels.py
[2025-02-01T00:10:28.805+0000] {logging_mixin.py:190} INFO - [2025-02-01T00:10:28.805+0000] {dag.py:3211} INFO - Sync 1 DAGs
[2025-02-01T00:10:28.829+0000] {logging_mixin.py:190} INFO - [2025-02-01T00:10:28.829+0000] {dag.py:4138} INFO - Setting next_dagrun for example_branch_labels to 2025-01-31 00:00:00+00:00, run_after=2025-02-01 00:00:00+00:00
[2025-02-01T00:10:28.848+0000] {processor.py:208} INFO - Processing /home/airflow/.local/lib/python3.12/site-packages/airflow/example_dags/example_branch_labels.py took 0.077 seconds
[2025-02-01T00:10:59.829+0000] {processor.py:186} INFO - Started process (PID=26433) to work on /home/airflow/.local/lib/python3.12/site-packages/airflow/example_dags/example_branch_labels.py
[2025-02-01T00:10:59.830+0000] {processor.py:914} INFO - Processing file /home/airflow/.local/lib/python3.12/site-packages/airflow/example_dags/example_branch_labels.py for tasks to queue
[2025-02-01T00:10:59.831+0000] {logging_mixin.py:190} INFO - [2025-02-01T00:10:59.831+0000] {dagbag.py:587} INFO - Filling up the DagBag from /home/airflow/.local/lib/python3.12/site-packages/airflow/example_dags/example_branch_labels.py
[2025-02-01T00:10:59.839+0000] {processor.py:925} INFO - DAG(s) 'example_branch_labels' retrieved from /home/airflow/.local/lib/python3.12/site-packages/airflow/example_dags/example_branch_labels.py
[2025-02-01T00:10:59.860+0000] {logging_mixin.py:190} INFO - [2025-02-01T00:10:59.859+0000] {dag.py:3211} INFO - Sync 1 DAGs
[2025-02-01T00:10:59.882+0000] {logging_mixin.py:190} INFO - [2025-02-01T00:10:59.882+0000] {dag.py:4138} INFO - Setting next_dagrun for example_branch_labels to 2025-01-31 00:00:00+00:00, run_after=2025-02-01 00:00:00+00:00
[2025-02-01T00:10:59.913+0000] {processor.py:208} INFO - Processing /home/airflow/.local/lib/python3.12/site-packages/airflow/example_dags/example_branch_labels.py took 0.089 seconds
[2025-02-01T00:11:30.139+0000] {processor.py:186} INFO - Started process (PID=26496) to work on /home/airflow/.local/lib/python3.12/site-packages/airflow/example_dags/example_branch_labels.py
[2025-02-01T00:11:30.140+0000] {processor.py:914} INFO - Processing file /home/airflow/.local/lib/python3.12/site-packages/airflow/example_dags/example_branch_labels.py for tasks to queue
[2025-02-01T00:11:30.141+0000] {logging_mixin.py:190} INFO - [2025-02-01T00:11:30.141+0000] {dagbag.py:587} INFO - Filling up the DagBag from /home/airflow/.local/lib/python3.12/site-packages/airflow/example_dags/example_branch_labels.py
[2025-02-01T00:11:30.149+0000] {processor.py:925} INFO - DAG(s) 'example_branch_labels' retrieved from /home/airflow/.local/lib/python3.12/site-packages/airflow/example_dags/example_branch_labels.py
[2025-02-01T00:11:30.166+0000] {logging_mixin.py:190} INFO - [2025-02-01T00:11:30.166+0000] {dag.py:3211} INFO - Sync 1 DAGs
[2025-02-01T00:11:30.188+0000] {logging_mixin.py:190} INFO - [2025-02-01T00:11:30.188+0000] {dag.py:4138} INFO - Setting next_dagrun for example_branch_labels to 2025-01-31 00:00:00+00:00, run_after=2025-02-01 00:00:00+00:00
[2025-02-01T00:11:30.205+0000] {processor.py:208} INFO - Processing /home/airflow/.local/lib/python3.12/site-packages/airflow/example_dags/example_branch_labels.py took 0.071 seconds
[2025-02-01T00:12:00.427+0000] {processor.py:186} INFO - Started process (PID=26559) to work on /home/airflow/.local/lib/python3.12/site-packages/airflow/example_dags/example_branch_labels.py
[2025-02-01T00:12:00.428+0000] {processor.py:914} INFO - Processing file /home/airflow/.local/lib/python3.12/site-packages/airflow/example_dags/example_branch_labels.py for tasks to queue
[2025-02-01T00:12:00.429+0000] {logging_mixin.py:190} INFO - [2025-02-01T00:12:00.429+0000] {dagbag.py:587} INFO - Filling up the DagBag from /home/airflow/.local/lib/python3.12/site-packages/airflow/example_dags/example_branch_labels.py
[2025-02-01T00:12:00.437+0000] {processor.py:925} INFO - DAG(s) 'example_branch_labels' retrieved from /home/airflow/.local/lib/python3.12/site-packages/airflow/example_dags/example_branch_labels.py
[2025-02-01T00:12:00.455+0000] {logging_mixin.py:190} INFO - [2025-02-01T00:12:00.455+0000] {dag.py:3211} INFO - Sync 1 DAGs
[2025-02-01T00:12:00.476+0000] {logging_mixin.py:190} INFO - [2025-02-01T00:12:00.476+0000] {dag.py:4138} INFO - Setting next_dagrun for example_branch_labels to 2025-01-31 00:00:00+00:00, run_after=2025-02-01 00:00:00+00:00
[2025-02-01T00:12:00.493+0000] {processor.py:208} INFO - Processing /home/airflow/.local/lib/python3.12/site-packages/airflow/example_dags/example_branch_labels.py took 0.071 seconds
[2025-02-01T00:12:30.814+0000] {processor.py:186} INFO - Started process (PID=26622) to work on /home/airflow/.local/lib/python3.12/site-packages/airflow/example_dags/example_branch_labels.py
[2025-02-01T00:12:30.815+0000] {processor.py:914} INFO - Processing file /home/airflow/.local/lib/python3.12/site-packages/airflow/example_dags/example_branch_labels.py for tasks to queue
[2025-02-01T00:12:30.816+0000] {logging_mixin.py:190} INFO - [2025-02-01T00:12:30.816+0000] {dagbag.py:587} INFO - Filling up the DagBag from /home/airflow/.local/lib/python3.12/site-packages/airflow/example_dags/example_branch_labels.py
[2025-02-01T00:12:30.824+0000] {processor.py:925} INFO - DAG(s) 'example_branch_labels' retrieved from /home/airflow/.local/lib/python3.12/site-packages/airflow/example_dags/example_branch_labels.py
[2025-02-01T00:12:30.842+0000] {logging_mixin.py:190} INFO - [2025-02-01T00:12:30.842+0000] {dag.py:3211} INFO - Sync 1 DAGs
[2025-02-01T00:12:30.863+0000] {logging_mixin.py:190} INFO - [2025-02-01T00:12:30.863+0000] {dag.py:4138} INFO - Setting next_dagrun for example_branch_labels to 2025-01-31 00:00:00+00:00, run_after=2025-02-01 00:00:00+00:00
[2025-02-01T00:12:30.880+0000] {processor.py:208} INFO - Processing /home/airflow/.local/lib/python3.12/site-packages/airflow/example_dags/example_branch_labels.py took 0.071 seconds
[2025-02-01T00:13:00.951+0000] {processor.py:186} INFO - Started process (PID=26685) to work on /home/airflow/.local/lib/python3.12/site-packages/airflow/example_dags/example_branch_labels.py
[2025-02-01T00:13:00.952+0000] {processor.py:914} INFO - Processing file /home/airflow/.local/lib/python3.12/site-packages/airflow/example_dags/example_branch_labels.py for tasks to queue
[2025-02-01T00:13:00.953+0000] {logging_mixin.py:190} INFO - [2025-02-01T00:13:00.952+0000] {dagbag.py:587} INFO - Filling up the DagBag from /home/airflow/.local/lib/python3.12/site-packages/airflow/example_dags/example_branch_labels.py
[2025-02-01T00:13:00.960+0000] {processor.py:925} INFO - DAG(s) 'example_branch_labels' retrieved from /home/airflow/.local/lib/python3.12/site-packages/airflow/example_dags/example_branch_labels.py
[2025-02-01T00:13:00.977+0000] {logging_mixin.py:190} INFO - [2025-02-01T00:13:00.977+0000] {dag.py:3211} INFO - Sync 1 DAGs
[2025-02-01T00:13:00.996+0000] {logging_mixin.py:190} INFO - [2025-02-01T00:13:00.996+0000] {dag.py:4138} INFO - Setting next_dagrun for example_branch_labels to 2025-01-31 00:00:00+00:00, run_after=2025-02-01 00:00:00+00:00
[2025-02-01T00:13:01.012+0000] {processor.py:208} INFO - Processing /home/airflow/.local/lib/python3.12/site-packages/airflow/example_dags/example_branch_labels.py took 0.066 seconds
[2025-02-01T00:13:31.152+0000] {processor.py:186} INFO - Started process (PID=26748) to work on /home/airflow/.local/lib/python3.12/site-packages/airflow/example_dags/example_branch_labels.py
[2025-02-01T00:13:31.153+0000] {processor.py:914} INFO - Processing file /home/airflow/.local/lib/python3.12/site-packages/airflow/example_dags/example_branch_labels.py for tasks to queue
[2025-02-01T00:13:31.154+0000] {logging_mixin.py:190} INFO - [2025-02-01T00:13:31.154+0000] {dagbag.py:587} INFO - Filling up the DagBag from /home/airflow/.local/lib/python3.12/site-packages/airflow/example_dags/example_branch_labels.py
[2025-02-01T00:13:31.162+0000] {processor.py:925} INFO - DAG(s) 'example_branch_labels' retrieved from /home/airflow/.local/lib/python3.12/site-packages/airflow/example_dags/example_branch_labels.py
[2025-02-01T00:13:31.182+0000] {logging_mixin.py:190} INFO - [2025-02-01T00:13:31.182+0000] {dag.py:3211} INFO - Sync 1 DAGs
[2025-02-01T00:13:31.205+0000] {logging_mixin.py:190} INFO - [2025-02-01T00:13:31.205+0000] {dag.py:4138} INFO - Setting next_dagrun for example_branch_labels to 2025-01-31 00:00:00+00:00, run_after=2025-02-01 00:00:00+00:00
[2025-02-01T00:13:31.228+0000] {processor.py:208} INFO - Processing /home/airflow/.local/lib/python3.12/site-packages/airflow/example_dags/example_branch_labels.py took 0.081 seconds
[2025-02-01T00:14:01.433+0000] {processor.py:186} INFO - Started process (PID=26811) to work on /home/airflow/.local/lib/python3.12/site-packages/airflow/example_dags/example_branch_labels.py
[2025-02-01T00:14:01.434+0000] {processor.py:914} INFO - Processing file /home/airflow/.local/lib/python3.12/site-packages/airflow/example_dags/example_branch_labels.py for tasks to queue
[2025-02-01T00:14:01.435+0000] {logging_mixin.py:190} INFO - [2025-02-01T00:14:01.435+0000] {dagbag.py:587} INFO - Filling up the DagBag from /home/airflow/.local/lib/python3.12/site-packages/airflow/example_dags/example_branch_labels.py
[2025-02-01T00:14:01.443+0000] {processor.py:925} INFO - DAG(s) 'example_branch_labels' retrieved from /home/airflow/.local/lib/python3.12/site-packages/airflow/example_dags/example_branch_labels.py
[2025-02-01T00:14:01.461+0000] {logging_mixin.py:190} INFO - [2025-02-01T00:14:01.460+0000] {dag.py:3211} INFO - Sync 1 DAGs
[2025-02-01T00:14:01.481+0000] {logging_mixin.py:190} INFO - [2025-02-01T00:14:01.480+0000] {dag.py:4138} INFO - Setting next_dagrun for example_branch_labels to 2025-01-31 00:00:00+00:00, run_after=2025-02-01 00:00:00+00:00
[2025-02-01T00:14:01.497+0000] {processor.py:208} INFO - Processing /home/airflow/.local/lib/python3.12/site-packages/airflow/example_dags/example_branch_labels.py took 0.069 seconds
[2025-02-01T00:14:31.745+0000] {processor.py:186} INFO - Started process (PID=26874) to work on /home/airflow/.local/lib/python3.12/site-packages/airflow/example_dags/example_branch_labels.py
[2025-02-01T00:14:31.745+0000] {processor.py:914} INFO - Processing file /home/airflow/.local/lib/python3.12/site-packages/airflow/example_dags/example_branch_labels.py for tasks to queue
[2025-02-01T00:14:31.747+0000] {logging_mixin.py:190} INFO - [2025-02-01T00:14:31.746+0000] {dagbag.py:587} INFO - Filling up the DagBag from /home/airflow/.local/lib/python3.12/site-packages/airflow/example_dags/example_branch_labels.py
[2025-02-01T00:14:31.754+0000] {processor.py:925} INFO - DAG(s) 'example_branch_labels' retrieved from /home/airflow/.local/lib/python3.12/site-packages/airflow/example_dags/example_branch_labels.py
[2025-02-01T00:14:31.771+0000] {logging_mixin.py:190} INFO - [2025-02-01T00:14:31.771+0000] {dag.py:3211} INFO - Sync 1 DAGs
[2025-02-01T00:14:31.791+0000] {logging_mixin.py:190} INFO - [2025-02-01T00:14:31.791+0000] {dag.py:4138} INFO - Setting next_dagrun for example_branch_labels to 2025-01-31 00:00:00+00:00, run_after=2025-02-01 00:00:00+00:00
[2025-02-01T00:14:31.806+0000] {processor.py:208} INFO - Processing /home/airflow/.local/lib/python3.12/site-packages/airflow/example_dags/example_branch_labels.py took 0.066 seconds
[2025-02-01T00:15:02.119+0000] {processor.py:186} INFO - Started process (PID=26937) to work on /home/airflow/.local/lib/python3.12/site-packages/airflow/example_dags/example_branch_labels.py
[2025-02-01T00:15:02.120+0000] {processor.py:914} INFO - Processing file /home/airflow/.local/lib/python3.12/site-packages/airflow/example_dags/example_branch_labels.py for tasks to queue
[2025-02-01T00:15:02.121+0000] {logging_mixin.py:190} INFO - [2025-02-01T00:15:02.120+0000] {dagbag.py:587} INFO - Filling up the DagBag from /home/airflow/.local/lib/python3.12/site-packages/airflow/example_dags/example_branch_labels.py
[2025-02-01T00:15:02.128+0000] {processor.py:925} INFO - DAG(s) 'example_branch_labels' retrieved from /home/airflow/.local/lib/python3.12/site-packages/airflow/example_dags/example_branch_labels.py
[2025-02-01T00:15:02.146+0000] {logging_mixin.py:190} INFO - [2025-02-01T00:15:02.146+0000] {dag.py:3211} INFO - Sync 1 DAGs
[2025-02-01T00:15:02.167+0000] {logging_mixin.py:190} INFO - [2025-02-01T00:15:02.167+0000] {dag.py:4138} INFO - Setting next_dagrun for example_branch_labels to 2025-01-31 00:00:00+00:00, run_after=2025-02-01 00:00:00+00:00
[2025-02-01T00:15:02.184+0000] {processor.py:208} INFO - Processing /home/airflow/.local/lib/python3.12/site-packages/airflow/example_dags/example_branch_labels.py took 0.070 seconds
[2025-02-01T00:15:32.665+0000] {processor.py:186} INFO - Started process (PID=27000) to work on /home/airflow/.local/lib/python3.12/site-packages/airflow/example_dags/example_branch_labels.py
[2025-02-01T00:15:32.666+0000] {processor.py:914} INFO - Processing file /home/airflow/.local/lib/python3.12/site-packages/airflow/example_dags/example_branch_labels.py for tasks to queue
[2025-02-01T00:15:32.668+0000] {logging_mixin.py:190} INFO - [2025-02-01T00:15:32.668+0000] {dagbag.py:587} INFO - Filling up the DagBag from /home/airflow/.local/lib/python3.12/site-packages/airflow/example_dags/example_branch_labels.py
[2025-02-01T00:15:32.678+0000] {processor.py:925} INFO - DAG(s) 'example_branch_labels' retrieved from /home/airflow/.local/lib/python3.12/site-packages/airflow/example_dags/example_branch_labels.py
[2025-02-01T00:15:32.701+0000] {logging_mixin.py:190} INFO - [2025-02-01T00:15:32.700+0000] {dag.py:3211} INFO - Sync 1 DAGs
[2025-02-01T00:15:32.725+0000] {logging_mixin.py:190} INFO - [2025-02-01T00:15:32.724+0000] {dag.py:4138} INFO - Setting next_dagrun for example_branch_labels to 2025-01-31 00:00:00+00:00, run_after=2025-02-01 00:00:00+00:00
[2025-02-01T00:15:32.745+0000] {processor.py:208} INFO - Processing /home/airflow/.local/lib/python3.12/site-packages/airflow/example_dags/example_branch_labels.py took 0.086 seconds
[2025-02-01T00:16:02.917+0000] {processor.py:186} INFO - Started process (PID=27063) to work on /home/airflow/.local/lib/python3.12/site-packages/airflow/example_dags/example_branch_labels.py
[2025-02-01T00:16:02.917+0000] {processor.py:914} INFO - Processing file /home/airflow/.local/lib/python3.12/site-packages/airflow/example_dags/example_branch_labels.py for tasks to queue
[2025-02-01T00:16:02.918+0000] {logging_mixin.py:190} INFO - [2025-02-01T00:16:02.918+0000] {dagbag.py:587} INFO - Filling up the DagBag from /home/airflow/.local/lib/python3.12/site-packages/airflow/example_dags/example_branch_labels.py
[2025-02-01T00:16:02.927+0000] {processor.py:925} INFO - DAG(s) 'example_branch_labels' retrieved from /home/airflow/.local/lib/python3.12/site-packages/airflow/example_dags/example_branch_labels.py
[2025-02-01T00:16:02.944+0000] {logging_mixin.py:190} INFO - [2025-02-01T00:16:02.944+0000] {dag.py:3211} INFO - Sync 1 DAGs
[2025-02-01T00:16:02.965+0000] {logging_mixin.py:190} INFO - [2025-02-01T00:16:02.965+0000] {dag.py:4138} INFO - Setting next_dagrun for example_branch_labels to 2025-01-31 00:00:00+00:00, run_after=2025-02-01 00:00:00+00:00
[2025-02-01T00:16:02.982+0000] {processor.py:208} INFO - Processing /home/airflow/.local/lib/python3.12/site-packages/airflow/example_dags/example_branch_labels.py took 0.070 seconds
