[2025-02-01T00:00:16.067+0000] {processor.py:186} INFO - Started process (PID=25090) to work on /home/airflow/.local/lib/python3.12/site-packages/airflow/example_dags/example_dynamic_task_mapping.py
[2025-02-01T00:00:16.067+0000] {processor.py:914} INFO - Processing file /home/airflow/.local/lib/python3.12/site-packages/airflow/example_dags/example_dynamic_task_mapping.py for tasks to queue
[2025-02-01T00:00:16.069+0000] {logging_mixin.py:190} INFO - [2025-02-01T00:00:16.068+0000] {dagbag.py:587} INFO - Filling up the DagBag from /home/airflow/.local/lib/python3.12/site-packages/airflow/example_dags/example_dynamic_task_mapping.py
[2025-02-01T00:00:16.076+0000] {processor.py:925} INFO - DAG(s) 'example_dynamic_task_mapping' retrieved from /home/airflow/.local/lib/python3.12/site-packages/airflow/example_dags/example_dynamic_task_mapping.py
[2025-02-01T00:00:16.093+0000] {logging_mixin.py:190} INFO - [2025-02-01T00:00:16.093+0000] {dag.py:3211} INFO - Sync 1 DAGs
[2025-02-01T00:00:16.112+0000] {logging_mixin.py:190} INFO - [2025-02-01T00:00:16.112+0000] {dag.py:4138} INFO - Setting next_dagrun for example_dynamic_task_mapping to 2022-03-04 00:00:00+00:00, run_after=2022-03-05 00:00:00+00:00
[2025-02-01T00:00:16.131+0000] {processor.py:208} INFO - Processing /home/airflow/.local/lib/python3.12/site-packages/airflow/example_dags/example_dynamic_task_mapping.py took 0.069 seconds
[2025-02-01T00:00:46.428+0000] {processor.py:186} INFO - Started process (PID=25153) to work on /home/airflow/.local/lib/python3.12/site-packages/airflow/example_dags/example_dynamic_task_mapping.py
[2025-02-01T00:00:46.429+0000] {processor.py:914} INFO - Processing file /home/airflow/.local/lib/python3.12/site-packages/airflow/example_dags/example_dynamic_task_mapping.py for tasks to queue
[2025-02-01T00:00:46.430+0000] {logging_mixin.py:190} INFO - [2025-02-01T00:00:46.430+0000] {dagbag.py:587} INFO - Filling up the DagBag from /home/airflow/.local/lib/python3.12/site-packages/airflow/example_dags/example_dynamic_task_mapping.py
[2025-02-01T00:00:46.439+0000] {processor.py:925} INFO - DAG(s) 'example_dynamic_task_mapping' retrieved from /home/airflow/.local/lib/python3.12/site-packages/airflow/example_dags/example_dynamic_task_mapping.py
[2025-02-01T00:00:46.455+0000] {logging_mixin.py:190} INFO - [2025-02-01T00:00:46.455+0000] {dag.py:3211} INFO - Sync 1 DAGs
[2025-02-01T00:00:46.475+0000] {logging_mixin.py:190} INFO - [2025-02-01T00:00:46.475+0000] {dag.py:4138} INFO - Setting next_dagrun for example_dynamic_task_mapping to 2022-03-04 00:00:00+00:00, run_after=2022-03-05 00:00:00+00:00
[2025-02-01T00:00:46.496+0000] {processor.py:208} INFO - Processing /home/airflow/.local/lib/python3.12/site-packages/airflow/example_dags/example_dynamic_task_mapping.py took 0.073 seconds
[2025-02-01T00:01:16.745+0000] {processor.py:186} INFO - Started process (PID=25216) to work on /home/airflow/.local/lib/python3.12/site-packages/airflow/example_dags/example_dynamic_task_mapping.py
[2025-02-01T00:01:16.746+0000] {processor.py:914} INFO - Processing file /home/airflow/.local/lib/python3.12/site-packages/airflow/example_dags/example_dynamic_task_mapping.py for tasks to queue
[2025-02-01T00:01:16.747+0000] {logging_mixin.py:190} INFO - [2025-02-01T00:01:16.747+0000] {dagbag.py:587} INFO - Filling up the DagBag from /home/airflow/.local/lib/python3.12/site-packages/airflow/example_dags/example_dynamic_task_mapping.py
[2025-02-01T00:01:16.755+0000] {processor.py:925} INFO - DAG(s) 'example_dynamic_task_mapping' retrieved from /home/airflow/.local/lib/python3.12/site-packages/airflow/example_dags/example_dynamic_task_mapping.py
[2025-02-01T00:01:16.771+0000] {logging_mixin.py:190} INFO - [2025-02-01T00:01:16.771+0000] {dag.py:3211} INFO - Sync 1 DAGs
[2025-02-01T00:01:16.790+0000] {logging_mixin.py:190} INFO - [2025-02-01T00:01:16.790+0000] {dag.py:4138} INFO - Setting next_dagrun for example_dynamic_task_mapping to 2022-03-04 00:00:00+00:00, run_after=2022-03-05 00:00:00+00:00
[2025-02-01T00:01:16.809+0000] {processor.py:208} INFO - Processing /home/airflow/.local/lib/python3.12/site-packages/airflow/example_dags/example_dynamic_task_mapping.py took 0.070 seconds
[2025-02-01T00:01:47.017+0000] {processor.py:186} INFO - Started process (PID=25279) to work on /home/airflow/.local/lib/python3.12/site-packages/airflow/example_dags/example_dynamic_task_mapping.py
[2025-02-01T00:01:47.017+0000] {processor.py:914} INFO - Processing file /home/airflow/.local/lib/python3.12/site-packages/airflow/example_dags/example_dynamic_task_mapping.py for tasks to queue
[2025-02-01T00:01:47.019+0000] {logging_mixin.py:190} INFO - [2025-02-01T00:01:47.019+0000] {dagbag.py:587} INFO - Filling up the DagBag from /home/airflow/.local/lib/python3.12/site-packages/airflow/example_dags/example_dynamic_task_mapping.py
[2025-02-01T00:01:47.027+0000] {processor.py:925} INFO - DAG(s) 'example_dynamic_task_mapping' retrieved from /home/airflow/.local/lib/python3.12/site-packages/airflow/example_dags/example_dynamic_task_mapping.py
[2025-02-01T00:01:47.043+0000] {logging_mixin.py:190} INFO - [2025-02-01T00:01:47.043+0000] {dag.py:3211} INFO - Sync 1 DAGs
[2025-02-01T00:01:47.063+0000] {logging_mixin.py:190} INFO - [2025-02-01T00:01:47.063+0000] {dag.py:4138} INFO - Setting next_dagrun for example_dynamic_task_mapping to 2022-03-04 00:00:00+00:00, run_after=2022-03-05 00:00:00+00:00
[2025-02-01T00:01:47.081+0000] {processor.py:208} INFO - Processing /home/airflow/.local/lib/python3.12/site-packages/airflow/example_dags/example_dynamic_task_mapping.py took 0.069 seconds
[2025-02-01T00:02:18.228+0000] {processor.py:186} INFO - Started process (PID=25342) to work on /home/airflow/.local/lib/python3.12/site-packages/airflow/example_dags/example_dynamic_task_mapping.py
[2025-02-01T00:02:18.229+0000] {processor.py:914} INFO - Processing file /home/airflow/.local/lib/python3.12/site-packages/airflow/example_dags/example_dynamic_task_mapping.py for tasks to queue
[2025-02-01T00:02:18.230+0000] {logging_mixin.py:190} INFO - [2025-02-01T00:02:18.230+0000] {dagbag.py:587} INFO - Filling up the DagBag from /home/airflow/.local/lib/python3.12/site-packages/airflow/example_dags/example_dynamic_task_mapping.py
[2025-02-01T00:02:18.238+0000] {processor.py:925} INFO - DAG(s) 'example_dynamic_task_mapping' retrieved from /home/airflow/.local/lib/python3.12/site-packages/airflow/example_dags/example_dynamic_task_mapping.py
[2025-02-01T00:02:18.255+0000] {logging_mixin.py:190} INFO - [2025-02-01T00:02:18.254+0000] {dag.py:3211} INFO - Sync 1 DAGs
[2025-02-01T00:02:18.276+0000] {logging_mixin.py:190} INFO - [2025-02-01T00:02:18.276+0000] {dag.py:4138} INFO - Setting next_dagrun for example_dynamic_task_mapping to 2022-03-04 00:00:00+00:00, run_after=2022-03-05 00:00:00+00:00
[2025-02-01T00:02:18.293+0000] {processor.py:208} INFO - Processing /home/airflow/.local/lib/python3.12/site-packages/airflow/example_dags/example_dynamic_task_mapping.py took 0.071 seconds
[2025-02-01T00:02:49.446+0000] {processor.py:186} INFO - Started process (PID=25405) to work on /home/airflow/.local/lib/python3.12/site-packages/airflow/example_dags/example_dynamic_task_mapping.py
[2025-02-01T00:02:49.447+0000] {processor.py:914} INFO - Processing file /home/airflow/.local/lib/python3.12/site-packages/airflow/example_dags/example_dynamic_task_mapping.py for tasks to queue
[2025-02-01T00:02:49.449+0000] {logging_mixin.py:190} INFO - [2025-02-01T00:02:49.448+0000] {dagbag.py:587} INFO - Filling up the DagBag from /home/airflow/.local/lib/python3.12/site-packages/airflow/example_dags/example_dynamic_task_mapping.py
[2025-02-01T00:02:49.457+0000] {processor.py:925} INFO - DAG(s) 'example_dynamic_task_mapping' retrieved from /home/airflow/.local/lib/python3.12/site-packages/airflow/example_dags/example_dynamic_task_mapping.py
[2025-02-01T00:02:49.475+0000] {logging_mixin.py:190} INFO - [2025-02-01T00:02:49.475+0000] {dag.py:3211} INFO - Sync 1 DAGs
[2025-02-01T00:02:49.497+0000] {logging_mixin.py:190} INFO - [2025-02-01T00:02:49.497+0000] {dag.py:4138} INFO - Setting next_dagrun for example_dynamic_task_mapping to 2022-03-04 00:00:00+00:00, run_after=2022-03-05 00:00:00+00:00
[2025-02-01T00:02:49.516+0000] {processor.py:208} INFO - Processing /home/airflow/.local/lib/python3.12/site-packages/airflow/example_dags/example_dynamic_task_mapping.py took 0.075 seconds
[2025-02-01T00:03:19.693+0000] {processor.py:186} INFO - Started process (PID=25468) to work on /home/airflow/.local/lib/python3.12/site-packages/airflow/example_dags/example_dynamic_task_mapping.py
[2025-02-01T00:03:19.694+0000] {processor.py:914} INFO - Processing file /home/airflow/.local/lib/python3.12/site-packages/airflow/example_dags/example_dynamic_task_mapping.py for tasks to queue
[2025-02-01T00:03:19.695+0000] {logging_mixin.py:190} INFO - [2025-02-01T00:03:19.695+0000] {dagbag.py:587} INFO - Filling up the DagBag from /home/airflow/.local/lib/python3.12/site-packages/airflow/example_dags/example_dynamic_task_mapping.py
[2025-02-01T00:03:19.704+0000] {processor.py:925} INFO - DAG(s) 'example_dynamic_task_mapping' retrieved from /home/airflow/.local/lib/python3.12/site-packages/airflow/example_dags/example_dynamic_task_mapping.py
[2025-02-01T00:03:19.721+0000] {logging_mixin.py:190} INFO - [2025-02-01T00:03:19.721+0000] {dag.py:3211} INFO - Sync 1 DAGs
[2025-02-01T00:03:19.742+0000] {logging_mixin.py:190} INFO - [2025-02-01T00:03:19.741+0000] {dag.py:4138} INFO - Setting next_dagrun for example_dynamic_task_mapping to 2022-03-04 00:00:00+00:00, run_after=2022-03-05 00:00:00+00:00
[2025-02-01T00:03:19.760+0000] {processor.py:208} INFO - Processing /home/airflow/.local/lib/python3.12/site-packages/airflow/example_dags/example_dynamic_task_mapping.py took 0.072 seconds
[2025-02-01T00:03:50.877+0000] {processor.py:186} INFO - Started process (PID=25531) to work on /home/airflow/.local/lib/python3.12/site-packages/airflow/example_dags/example_dynamic_task_mapping.py
[2025-02-01T00:03:50.878+0000] {processor.py:914} INFO - Processing file /home/airflow/.local/lib/python3.12/site-packages/airflow/example_dags/example_dynamic_task_mapping.py for tasks to queue
[2025-02-01T00:03:50.880+0000] {logging_mixin.py:190} INFO - [2025-02-01T00:03:50.880+0000] {dagbag.py:587} INFO - Filling up the DagBag from /home/airflow/.local/lib/python3.12/site-packages/airflow/example_dags/example_dynamic_task_mapping.py
[2025-02-01T00:03:50.889+0000] {processor.py:925} INFO - DAG(s) 'example_dynamic_task_mapping' retrieved from /home/airflow/.local/lib/python3.12/site-packages/airflow/example_dags/example_dynamic_task_mapping.py
[2025-02-01T00:03:50.905+0000] {logging_mixin.py:190} INFO - [2025-02-01T00:03:50.905+0000] {dag.py:3211} INFO - Sync 1 DAGs
[2025-02-01T00:03:50.924+0000] {logging_mixin.py:190} INFO - [2025-02-01T00:03:50.923+0000] {dag.py:4138} INFO - Setting next_dagrun for example_dynamic_task_mapping to 2022-03-04 00:00:00+00:00, run_after=2022-03-05 00:00:00+00:00
[2025-02-01T00:03:50.939+0000] {processor.py:208} INFO - Processing /home/airflow/.local/lib/python3.12/site-packages/airflow/example_dags/example_dynamic_task_mapping.py took 0.067 seconds
[2025-02-01T00:04:21.167+0000] {processor.py:186} INFO - Started process (PID=25594) to work on /home/airflow/.local/lib/python3.12/site-packages/airflow/example_dags/example_dynamic_task_mapping.py
[2025-02-01T00:04:21.168+0000] {processor.py:914} INFO - Processing file /home/airflow/.local/lib/python3.12/site-packages/airflow/example_dags/example_dynamic_task_mapping.py for tasks to queue
[2025-02-01T00:04:21.170+0000] {logging_mixin.py:190} INFO - [2025-02-01T00:04:21.169+0000] {dagbag.py:587} INFO - Filling up the DagBag from /home/airflow/.local/lib/python3.12/site-packages/airflow/example_dags/example_dynamic_task_mapping.py
[2025-02-01T00:04:21.176+0000] {processor.py:925} INFO - DAG(s) 'example_dynamic_task_mapping' retrieved from /home/airflow/.local/lib/python3.12/site-packages/airflow/example_dags/example_dynamic_task_mapping.py
[2025-02-01T00:04:21.193+0000] {logging_mixin.py:190} INFO - [2025-02-01T00:04:21.193+0000] {dag.py:3211} INFO - Sync 1 DAGs
[2025-02-01T00:04:21.214+0000] {logging_mixin.py:190} INFO - [2025-02-01T00:04:21.213+0000] {dag.py:4138} INFO - Setting next_dagrun for example_dynamic_task_mapping to 2022-03-04 00:00:00+00:00, run_after=2022-03-05 00:00:00+00:00
[2025-02-01T00:04:21.230+0000] {processor.py:208} INFO - Processing /home/airflow/.local/lib/python3.12/site-packages/airflow/example_dags/example_dynamic_task_mapping.py took 0.067 seconds
[2025-02-01T00:04:52.210+0000] {processor.py:186} INFO - Started process (PID=25657) to work on /home/airflow/.local/lib/python3.12/site-packages/airflow/example_dags/example_dynamic_task_mapping.py
[2025-02-01T00:04:52.210+0000] {processor.py:914} INFO - Processing file /home/airflow/.local/lib/python3.12/site-packages/airflow/example_dags/example_dynamic_task_mapping.py for tasks to queue
[2025-02-01T00:04:52.211+0000] {logging_mixin.py:190} INFO - [2025-02-01T00:04:52.211+0000] {dagbag.py:587} INFO - Filling up the DagBag from /home/airflow/.local/lib/python3.12/site-packages/airflow/example_dags/example_dynamic_task_mapping.py
[2025-02-01T00:04:52.218+0000] {processor.py:925} INFO - DAG(s) 'example_dynamic_task_mapping' retrieved from /home/airflow/.local/lib/python3.12/site-packages/airflow/example_dags/example_dynamic_task_mapping.py
[2025-02-01T00:04:52.233+0000] {logging_mixin.py:190} INFO - [2025-02-01T00:04:52.233+0000] {dag.py:3211} INFO - Sync 1 DAGs
[2025-02-01T00:04:52.252+0000] {logging_mixin.py:190} INFO - [2025-02-01T00:04:52.252+0000] {dag.py:4138} INFO - Setting next_dagrun for example_dynamic_task_mapping to 2022-03-04 00:00:00+00:00, run_after=2022-03-05 00:00:00+00:00
[2025-02-01T00:04:52.270+0000] {processor.py:208} INFO - Processing /home/airflow/.local/lib/python3.12/site-packages/airflow/example_dags/example_dynamic_task_mapping.py took 0.065 seconds
[2025-02-01T00:05:22.504+0000] {processor.py:186} INFO - Started process (PID=25720) to work on /home/airflow/.local/lib/python3.12/site-packages/airflow/example_dags/example_dynamic_task_mapping.py
[2025-02-01T00:05:22.505+0000] {processor.py:914} INFO - Processing file /home/airflow/.local/lib/python3.12/site-packages/airflow/example_dags/example_dynamic_task_mapping.py for tasks to queue
[2025-02-01T00:05:22.506+0000] {logging_mixin.py:190} INFO - [2025-02-01T00:05:22.506+0000] {dagbag.py:587} INFO - Filling up the DagBag from /home/airflow/.local/lib/python3.12/site-packages/airflow/example_dags/example_dynamic_task_mapping.py
[2025-02-01T00:05:22.514+0000] {processor.py:925} INFO - DAG(s) 'example_dynamic_task_mapping' retrieved from /home/airflow/.local/lib/python3.12/site-packages/airflow/example_dags/example_dynamic_task_mapping.py
[2025-02-01T00:05:22.530+0000] {logging_mixin.py:190} INFO - [2025-02-01T00:05:22.530+0000] {dag.py:3211} INFO - Sync 1 DAGs
[2025-02-01T00:05:22.550+0000] {logging_mixin.py:190} INFO - [2025-02-01T00:05:22.550+0000] {dag.py:4138} INFO - Setting next_dagrun for example_dynamic_task_mapping to 2022-03-04 00:00:00+00:00, run_after=2022-03-05 00:00:00+00:00
[2025-02-01T00:05:22.569+0000] {processor.py:208} INFO - Processing /home/airflow/.local/lib/python3.12/site-packages/airflow/example_dags/example_dynamic_task_mapping.py took 0.070 seconds
[2025-02-01T00:05:52.874+0000] {processor.py:186} INFO - Started process (PID=25783) to work on /home/airflow/.local/lib/python3.12/site-packages/airflow/example_dags/example_dynamic_task_mapping.py
[2025-02-01T00:05:52.875+0000] {processor.py:914} INFO - Processing file /home/airflow/.local/lib/python3.12/site-packages/airflow/example_dags/example_dynamic_task_mapping.py for tasks to queue
[2025-02-01T00:05:52.876+0000] {logging_mixin.py:190} INFO - [2025-02-01T00:05:52.876+0000] {dagbag.py:587} INFO - Filling up the DagBag from /home/airflow/.local/lib/python3.12/site-packages/airflow/example_dags/example_dynamic_task_mapping.py
[2025-02-01T00:05:52.884+0000] {processor.py:925} INFO - DAG(s) 'example_dynamic_task_mapping' retrieved from /home/airflow/.local/lib/python3.12/site-packages/airflow/example_dags/example_dynamic_task_mapping.py
[2025-02-01T00:05:52.900+0000] {logging_mixin.py:190} INFO - [2025-02-01T00:05:52.900+0000] {dag.py:3211} INFO - Sync 1 DAGs
[2025-02-01T00:05:52.920+0000] {logging_mixin.py:190} INFO - [2025-02-01T00:05:52.920+0000] {dag.py:4138} INFO - Setting next_dagrun for example_dynamic_task_mapping to 2022-03-04 00:00:00+00:00, run_after=2022-03-05 00:00:00+00:00
[2025-02-01T00:05:52.940+0000] {processor.py:208} INFO - Processing /home/airflow/.local/lib/python3.12/site-packages/airflow/example_dags/example_dynamic_task_mapping.py took 0.070 seconds
[2025-02-01T00:06:23.155+0000] {processor.py:186} INFO - Started process (PID=25846) to work on /home/airflow/.local/lib/python3.12/site-packages/airflow/example_dags/example_dynamic_task_mapping.py
[2025-02-01T00:06:23.156+0000] {processor.py:914} INFO - Processing file /home/airflow/.local/lib/python3.12/site-packages/airflow/example_dags/example_dynamic_task_mapping.py for tasks to queue
[2025-02-01T00:06:23.158+0000] {logging_mixin.py:190} INFO - [2025-02-01T00:06:23.157+0000] {dagbag.py:587} INFO - Filling up the DagBag from /home/airflow/.local/lib/python3.12/site-packages/airflow/example_dags/example_dynamic_task_mapping.py
[2025-02-01T00:06:23.165+0000] {processor.py:925} INFO - DAG(s) 'example_dynamic_task_mapping' retrieved from /home/airflow/.local/lib/python3.12/site-packages/airflow/example_dags/example_dynamic_task_mapping.py
[2025-02-01T00:06:23.182+0000] {logging_mixin.py:190} INFO - [2025-02-01T00:06:23.181+0000] {dag.py:3211} INFO - Sync 1 DAGs
[2025-02-01T00:06:23.201+0000] {logging_mixin.py:190} INFO - [2025-02-01T00:06:23.201+0000] {dag.py:4138} INFO - Setting next_dagrun for example_dynamic_task_mapping to 2022-03-04 00:00:00+00:00, run_after=2022-03-05 00:00:00+00:00
[2025-02-01T00:06:23.219+0000] {processor.py:208} INFO - Processing /home/airflow/.local/lib/python3.12/site-packages/airflow/example_dags/example_dynamic_task_mapping.py took 0.068 seconds
[2025-02-01T00:06:53.431+0000] {processor.py:186} INFO - Started process (PID=25909) to work on /home/airflow/.local/lib/python3.12/site-packages/airflow/example_dags/example_dynamic_task_mapping.py
[2025-02-01T00:06:53.432+0000] {processor.py:914} INFO - Processing file /home/airflow/.local/lib/python3.12/site-packages/airflow/example_dags/example_dynamic_task_mapping.py for tasks to queue
[2025-02-01T00:06:53.433+0000] {logging_mixin.py:190} INFO - [2025-02-01T00:06:53.433+0000] {dagbag.py:587} INFO - Filling up the DagBag from /home/airflow/.local/lib/python3.12/site-packages/airflow/example_dags/example_dynamic_task_mapping.py
[2025-02-01T00:06:53.441+0000] {processor.py:925} INFO - DAG(s) 'example_dynamic_task_mapping' retrieved from /home/airflow/.local/lib/python3.12/site-packages/airflow/example_dags/example_dynamic_task_mapping.py
[2025-02-01T00:06:53.458+0000] {logging_mixin.py:190} INFO - [2025-02-01T00:06:53.458+0000] {dag.py:3211} INFO - Sync 1 DAGs
[2025-02-01T00:06:53.478+0000] {logging_mixin.py:190} INFO - [2025-02-01T00:06:53.478+0000] {dag.py:4138} INFO - Setting next_dagrun for example_dynamic_task_mapping to 2022-03-04 00:00:00+00:00, run_after=2022-03-05 00:00:00+00:00
[2025-02-01T00:06:53.495+0000] {processor.py:208} INFO - Processing /home/airflow/.local/lib/python3.12/site-packages/airflow/example_dags/example_dynamic_task_mapping.py took 0.069 seconds
[2025-02-01T00:07:23.814+0000] {processor.py:186} INFO - Started process (PID=25972) to work on /home/airflow/.local/lib/python3.12/site-packages/airflow/example_dags/example_dynamic_task_mapping.py
[2025-02-01T00:07:23.815+0000] {processor.py:914} INFO - Processing file /home/airflow/.local/lib/python3.12/site-packages/airflow/example_dags/example_dynamic_task_mapping.py for tasks to queue
[2025-02-01T00:07:23.816+0000] {logging_mixin.py:190} INFO - [2025-02-01T00:07:23.815+0000] {dagbag.py:587} INFO - Filling up the DagBag from /home/airflow/.local/lib/python3.12/site-packages/airflow/example_dags/example_dynamic_task_mapping.py
[2025-02-01T00:07:23.823+0000] {processor.py:925} INFO - DAG(s) 'example_dynamic_task_mapping' retrieved from /home/airflow/.local/lib/python3.12/site-packages/airflow/example_dags/example_dynamic_task_mapping.py
[2025-02-01T00:07:23.840+0000] {logging_mixin.py:190} INFO - [2025-02-01T00:07:23.839+0000] {dag.py:3211} INFO - Sync 1 DAGs
[2025-02-01T00:07:23.860+0000] {logging_mixin.py:190} INFO - [2025-02-01T00:07:23.860+0000] {dag.py:4138} INFO - Setting next_dagrun for example_dynamic_task_mapping to 2022-03-04 00:00:00+00:00, run_after=2022-03-05 00:00:00+00:00
[2025-02-01T00:07:23.877+0000] {processor.py:208} INFO - Processing /home/airflow/.local/lib/python3.12/site-packages/airflow/example_dags/example_dynamic_task_mapping.py took 0.068 seconds
[2025-02-01T00:07:54.168+0000] {processor.py:186} INFO - Started process (PID=26035) to work on /home/airflow/.local/lib/python3.12/site-packages/airflow/example_dags/example_dynamic_task_mapping.py
[2025-02-01T00:07:54.168+0000] {processor.py:914} INFO - Processing file /home/airflow/.local/lib/python3.12/site-packages/airflow/example_dags/example_dynamic_task_mapping.py for tasks to queue
[2025-02-01T00:07:54.169+0000] {logging_mixin.py:190} INFO - [2025-02-01T00:07:54.169+0000] {dagbag.py:587} INFO - Filling up the DagBag from /home/airflow/.local/lib/python3.12/site-packages/airflow/example_dags/example_dynamic_task_mapping.py
[2025-02-01T00:07:54.177+0000] {processor.py:925} INFO - DAG(s) 'example_dynamic_task_mapping' retrieved from /home/airflow/.local/lib/python3.12/site-packages/airflow/example_dags/example_dynamic_task_mapping.py
[2025-02-01T00:07:54.195+0000] {logging_mixin.py:190} INFO - [2025-02-01T00:07:54.195+0000] {dag.py:3211} INFO - Sync 1 DAGs
[2025-02-01T00:07:54.218+0000] {logging_mixin.py:190} INFO - [2025-02-01T00:07:54.218+0000] {dag.py:4138} INFO - Setting next_dagrun for example_dynamic_task_mapping to 2022-03-04 00:00:00+00:00, run_after=2022-03-05 00:00:00+00:00
[2025-02-01T00:07:54.236+0000] {processor.py:208} INFO - Processing /home/airflow/.local/lib/python3.12/site-packages/airflow/example_dags/example_dynamic_task_mapping.py took 0.073 seconds
[2025-02-01T00:08:24.453+0000] {processor.py:186} INFO - Started process (PID=26098) to work on /home/airflow/.local/lib/python3.12/site-packages/airflow/example_dags/example_dynamic_task_mapping.py
[2025-02-01T00:08:24.454+0000] {processor.py:914} INFO - Processing file /home/airflow/.local/lib/python3.12/site-packages/airflow/example_dags/example_dynamic_task_mapping.py for tasks to queue
[2025-02-01T00:08:24.455+0000] {logging_mixin.py:190} INFO - [2025-02-01T00:08:24.455+0000] {dagbag.py:587} INFO - Filling up the DagBag from /home/airflow/.local/lib/python3.12/site-packages/airflow/example_dags/example_dynamic_task_mapping.py
[2025-02-01T00:08:24.462+0000] {processor.py:925} INFO - DAG(s) 'example_dynamic_task_mapping' retrieved from /home/airflow/.local/lib/python3.12/site-packages/airflow/example_dags/example_dynamic_task_mapping.py
[2025-02-01T00:08:24.479+0000] {logging_mixin.py:190} INFO - [2025-02-01T00:08:24.479+0000] {dag.py:3211} INFO - Sync 1 DAGs
[2025-02-01T00:08:24.500+0000] {logging_mixin.py:190} INFO - [2025-02-01T00:08:24.500+0000] {dag.py:4138} INFO - Setting next_dagrun for example_dynamic_task_mapping to 2022-03-04 00:00:00+00:00, run_after=2022-03-05 00:00:00+00:00
[2025-02-01T00:08:24.518+0000] {processor.py:208} INFO - Processing /home/airflow/.local/lib/python3.12/site-packages/airflow/example_dags/example_dynamic_task_mapping.py took 0.070 seconds
[2025-02-01T00:08:54.584+0000] {processor.py:186} INFO - Started process (PID=26161) to work on /home/airflow/.local/lib/python3.12/site-packages/airflow/example_dags/example_dynamic_task_mapping.py
[2025-02-01T00:08:54.585+0000] {processor.py:914} INFO - Processing file /home/airflow/.local/lib/python3.12/site-packages/airflow/example_dags/example_dynamic_task_mapping.py for tasks to queue
[2025-02-01T00:08:54.586+0000] {logging_mixin.py:190} INFO - [2025-02-01T00:08:54.586+0000] {dagbag.py:587} INFO - Filling up the DagBag from /home/airflow/.local/lib/python3.12/site-packages/airflow/example_dags/example_dynamic_task_mapping.py
[2025-02-01T00:08:54.593+0000] {processor.py:925} INFO - DAG(s) 'example_dynamic_task_mapping' retrieved from /home/airflow/.local/lib/python3.12/site-packages/airflow/example_dags/example_dynamic_task_mapping.py
[2025-02-01T00:08:54.610+0000] {logging_mixin.py:190} INFO - [2025-02-01T00:08:54.610+0000] {dag.py:3211} INFO - Sync 1 DAGs
[2025-02-01T00:08:54.631+0000] {logging_mixin.py:190} INFO - [2025-02-01T00:08:54.631+0000] {dag.py:4138} INFO - Setting next_dagrun for example_dynamic_task_mapping to 2022-03-04 00:00:00+00:00, run_after=2022-03-05 00:00:00+00:00
[2025-02-01T00:08:54.650+0000] {processor.py:208} INFO - Processing /home/airflow/.local/lib/python3.12/site-packages/airflow/example_dags/example_dynamic_task_mapping.py took 0.070 seconds
[2025-02-01T00:09:24.837+0000] {processor.py:186} INFO - Started process (PID=26224) to work on /home/airflow/.local/lib/python3.12/site-packages/airflow/example_dags/example_dynamic_task_mapping.py
[2025-02-01T00:09:24.838+0000] {processor.py:914} INFO - Processing file /home/airflow/.local/lib/python3.12/site-packages/airflow/example_dags/example_dynamic_task_mapping.py for tasks to queue
[2025-02-01T00:09:24.839+0000] {logging_mixin.py:190} INFO - [2025-02-01T00:09:24.839+0000] {dagbag.py:587} INFO - Filling up the DagBag from /home/airflow/.local/lib/python3.12/site-packages/airflow/example_dags/example_dynamic_task_mapping.py
[2025-02-01T00:09:24.848+0000] {processor.py:925} INFO - DAG(s) 'example_dynamic_task_mapping' retrieved from /home/airflow/.local/lib/python3.12/site-packages/airflow/example_dags/example_dynamic_task_mapping.py
[2025-02-01T00:09:24.865+0000] {logging_mixin.py:190} INFO - [2025-02-01T00:09:24.865+0000] {dag.py:3211} INFO - Sync 1 DAGs
[2025-02-01T00:09:24.886+0000] {logging_mixin.py:190} INFO - [2025-02-01T00:09:24.886+0000] {dag.py:4138} INFO - Setting next_dagrun for example_dynamic_task_mapping to 2022-03-04 00:00:00+00:00, run_after=2022-03-05 00:00:00+00:00
[2025-02-01T00:09:24.916+0000] {processor.py:208} INFO - Processing /home/airflow/.local/lib/python3.12/site-packages/airflow/example_dags/example_dynamic_task_mapping.py took 0.083 seconds
[2025-02-01T00:09:55.168+0000] {processor.py:186} INFO - Started process (PID=26287) to work on /home/airflow/.local/lib/python3.12/site-packages/airflow/example_dags/example_dynamic_task_mapping.py
[2025-02-01T00:09:55.168+0000] {processor.py:914} INFO - Processing file /home/airflow/.local/lib/python3.12/site-packages/airflow/example_dags/example_dynamic_task_mapping.py for tasks to queue
[2025-02-01T00:09:55.169+0000] {logging_mixin.py:190} INFO - [2025-02-01T00:09:55.169+0000] {dagbag.py:587} INFO - Filling up the DagBag from /home/airflow/.local/lib/python3.12/site-packages/airflow/example_dags/example_dynamic_task_mapping.py
[2025-02-01T00:09:55.177+0000] {processor.py:925} INFO - DAG(s) 'example_dynamic_task_mapping' retrieved from /home/airflow/.local/lib/python3.12/site-packages/airflow/example_dags/example_dynamic_task_mapping.py
[2025-02-01T00:09:55.195+0000] {logging_mixin.py:190} INFO - [2025-02-01T00:09:55.195+0000] {dag.py:3211} INFO - Sync 1 DAGs
[2025-02-01T00:09:55.216+0000] {logging_mixin.py:190} INFO - [2025-02-01T00:09:55.216+0000] {dag.py:4138} INFO - Setting next_dagrun for example_dynamic_task_mapping to 2022-03-04 00:00:00+00:00, run_after=2022-03-05 00:00:00+00:00
[2025-02-01T00:09:55.234+0000] {processor.py:208} INFO - Processing /home/airflow/.local/lib/python3.12/site-packages/airflow/example_dags/example_dynamic_task_mapping.py took 0.071 seconds
[2025-02-01T00:10:25.392+0000] {processor.py:186} INFO - Started process (PID=26349) to work on /home/airflow/.local/lib/python3.12/site-packages/airflow/example_dags/example_dynamic_task_mapping.py
[2025-02-01T00:10:25.393+0000] {processor.py:914} INFO - Processing file /home/airflow/.local/lib/python3.12/site-packages/airflow/example_dags/example_dynamic_task_mapping.py for tasks to queue
[2025-02-01T00:10:25.394+0000] {logging_mixin.py:190} INFO - [2025-02-01T00:10:25.394+0000] {dagbag.py:587} INFO - Filling up the DagBag from /home/airflow/.local/lib/python3.12/site-packages/airflow/example_dags/example_dynamic_task_mapping.py
[2025-02-01T00:10:25.402+0000] {processor.py:925} INFO - DAG(s) 'example_dynamic_task_mapping' retrieved from /home/airflow/.local/lib/python3.12/site-packages/airflow/example_dags/example_dynamic_task_mapping.py
[2025-02-01T00:10:25.418+0000] {logging_mixin.py:190} INFO - [2025-02-01T00:10:25.418+0000] {dag.py:3211} INFO - Sync 1 DAGs
[2025-02-01T00:10:25.438+0000] {logging_mixin.py:190} INFO - [2025-02-01T00:10:25.438+0000] {dag.py:4138} INFO - Setting next_dagrun for example_dynamic_task_mapping to 2022-03-04 00:00:00+00:00, run_after=2022-03-05 00:00:00+00:00
[2025-02-01T00:10:25.457+0000] {processor.py:208} INFO - Processing /home/airflow/.local/lib/python3.12/site-packages/airflow/example_dags/example_dynamic_task_mapping.py took 0.070 seconds
[2025-02-01T00:10:55.682+0000] {processor.py:186} INFO - Started process (PID=26412) to work on /home/airflow/.local/lib/python3.12/site-packages/airflow/example_dags/example_dynamic_task_mapping.py
[2025-02-01T00:10:55.683+0000] {processor.py:914} INFO - Processing file /home/airflow/.local/lib/python3.12/site-packages/airflow/example_dags/example_dynamic_task_mapping.py for tasks to queue
[2025-02-01T00:10:55.684+0000] {logging_mixin.py:190} INFO - [2025-02-01T00:10:55.684+0000] {dagbag.py:587} INFO - Filling up the DagBag from /home/airflow/.local/lib/python3.12/site-packages/airflow/example_dags/example_dynamic_task_mapping.py
[2025-02-01T00:10:55.692+0000] {processor.py:925} INFO - DAG(s) 'example_dynamic_task_mapping' retrieved from /home/airflow/.local/lib/python3.12/site-packages/airflow/example_dags/example_dynamic_task_mapping.py
[2025-02-01T00:10:55.709+0000] {logging_mixin.py:190} INFO - [2025-02-01T00:10:55.709+0000] {dag.py:3211} INFO - Sync 1 DAGs
[2025-02-01T00:10:55.729+0000] {logging_mixin.py:190} INFO - [2025-02-01T00:10:55.728+0000] {dag.py:4138} INFO - Setting next_dagrun for example_dynamic_task_mapping to 2022-03-04 00:00:00+00:00, run_after=2022-03-05 00:00:00+00:00
[2025-02-01T00:10:55.746+0000] {processor.py:208} INFO - Processing /home/airflow/.local/lib/python3.12/site-packages/airflow/example_dags/example_dynamic_task_mapping.py took 0.070 seconds
[2025-02-01T00:11:25.978+0000] {processor.py:186} INFO - Started process (PID=26475) to work on /home/airflow/.local/lib/python3.12/site-packages/airflow/example_dags/example_dynamic_task_mapping.py
[2025-02-01T00:11:25.979+0000] {processor.py:914} INFO - Processing file /home/airflow/.local/lib/python3.12/site-packages/airflow/example_dags/example_dynamic_task_mapping.py for tasks to queue
[2025-02-01T00:11:25.980+0000] {logging_mixin.py:190} INFO - [2025-02-01T00:11:25.980+0000] {dagbag.py:587} INFO - Filling up the DagBag from /home/airflow/.local/lib/python3.12/site-packages/airflow/example_dags/example_dynamic_task_mapping.py
[2025-02-01T00:11:25.988+0000] {processor.py:925} INFO - DAG(s) 'example_dynamic_task_mapping' retrieved from /home/airflow/.local/lib/python3.12/site-packages/airflow/example_dags/example_dynamic_task_mapping.py
[2025-02-01T00:11:26.005+0000] {logging_mixin.py:190} INFO - [2025-02-01T00:11:26.005+0000] {dag.py:3211} INFO - Sync 1 DAGs
[2025-02-01T00:11:26.028+0000] {logging_mixin.py:190} INFO - [2025-02-01T00:11:26.027+0000] {dag.py:4138} INFO - Setting next_dagrun for example_dynamic_task_mapping to 2022-03-04 00:00:00+00:00, run_after=2022-03-05 00:00:00+00:00
[2025-02-01T00:11:26.046+0000] {processor.py:208} INFO - Processing /home/airflow/.local/lib/python3.12/site-packages/airflow/example_dags/example_dynamic_task_mapping.py took 0.073 seconds
[2025-02-01T00:11:56.373+0000] {processor.py:186} INFO - Started process (PID=26538) to work on /home/airflow/.local/lib/python3.12/site-packages/airflow/example_dags/example_dynamic_task_mapping.py
[2025-02-01T00:11:56.374+0000] {processor.py:914} INFO - Processing file /home/airflow/.local/lib/python3.12/site-packages/airflow/example_dags/example_dynamic_task_mapping.py for tasks to queue
[2025-02-01T00:11:56.376+0000] {logging_mixin.py:190} INFO - [2025-02-01T00:11:56.375+0000] {dagbag.py:587} INFO - Filling up the DagBag from /home/airflow/.local/lib/python3.12/site-packages/airflow/example_dags/example_dynamic_task_mapping.py
[2025-02-01T00:11:56.384+0000] {processor.py:925} INFO - DAG(s) 'example_dynamic_task_mapping' retrieved from /home/airflow/.local/lib/python3.12/site-packages/airflow/example_dags/example_dynamic_task_mapping.py
[2025-02-01T00:11:56.401+0000] {logging_mixin.py:190} INFO - [2025-02-01T00:11:56.401+0000] {dag.py:3211} INFO - Sync 1 DAGs
[2025-02-01T00:11:56.422+0000] {logging_mixin.py:190} INFO - [2025-02-01T00:11:56.422+0000] {dag.py:4138} INFO - Setting next_dagrun for example_dynamic_task_mapping to 2022-03-04 00:00:00+00:00, run_after=2022-03-05 00:00:00+00:00
[2025-02-01T00:11:56.439+0000] {processor.py:208} INFO - Processing /home/airflow/.local/lib/python3.12/site-packages/airflow/example_dags/example_dynamic_task_mapping.py took 0.072 seconds
[2025-02-01T00:12:26.718+0000] {processor.py:186} INFO - Started process (PID=26601) to work on /home/airflow/.local/lib/python3.12/site-packages/airflow/example_dags/example_dynamic_task_mapping.py
[2025-02-01T00:12:26.719+0000] {processor.py:914} INFO - Processing file /home/airflow/.local/lib/python3.12/site-packages/airflow/example_dags/example_dynamic_task_mapping.py for tasks to queue
[2025-02-01T00:12:26.721+0000] {logging_mixin.py:190} INFO - [2025-02-01T00:12:26.721+0000] {dagbag.py:587} INFO - Filling up the DagBag from /home/airflow/.local/lib/python3.12/site-packages/airflow/example_dags/example_dynamic_task_mapping.py
[2025-02-01T00:12:26.729+0000] {processor.py:925} INFO - DAG(s) 'example_dynamic_task_mapping' retrieved from /home/airflow/.local/lib/python3.12/site-packages/airflow/example_dags/example_dynamic_task_mapping.py
[2025-02-01T00:12:26.748+0000] {logging_mixin.py:190} INFO - [2025-02-01T00:12:26.747+0000] {dag.py:3211} INFO - Sync 1 DAGs
[2025-02-01T00:12:26.768+0000] {logging_mixin.py:190} INFO - [2025-02-01T00:12:26.768+0000] {dag.py:4138} INFO - Setting next_dagrun for example_dynamic_task_mapping to 2022-03-04 00:00:00+00:00, run_after=2022-03-05 00:00:00+00:00
[2025-02-01T00:12:26.787+0000] {processor.py:208} INFO - Processing /home/airflow/.local/lib/python3.12/site-packages/airflow/example_dags/example_dynamic_task_mapping.py took 0.074 seconds
[2025-02-01T00:12:56.856+0000] {processor.py:186} INFO - Started process (PID=26664) to work on /home/airflow/.local/lib/python3.12/site-packages/airflow/example_dags/example_dynamic_task_mapping.py
[2025-02-01T00:12:56.857+0000] {processor.py:914} INFO - Processing file /home/airflow/.local/lib/python3.12/site-packages/airflow/example_dags/example_dynamic_task_mapping.py for tasks to queue
[2025-02-01T00:12:56.858+0000] {logging_mixin.py:190} INFO - [2025-02-01T00:12:56.858+0000] {dagbag.py:587} INFO - Filling up the DagBag from /home/airflow/.local/lib/python3.12/site-packages/airflow/example_dags/example_dynamic_task_mapping.py
[2025-02-01T00:12:56.867+0000] {processor.py:925} INFO - DAG(s) 'example_dynamic_task_mapping' retrieved from /home/airflow/.local/lib/python3.12/site-packages/airflow/example_dags/example_dynamic_task_mapping.py
[2025-02-01T00:12:56.886+0000] {logging_mixin.py:190} INFO - [2025-02-01T00:12:56.886+0000] {dag.py:3211} INFO - Sync 1 DAGs
[2025-02-01T00:12:56.907+0000] {logging_mixin.py:190} INFO - [2025-02-01T00:12:56.907+0000] {dag.py:4138} INFO - Setting next_dagrun for example_dynamic_task_mapping to 2022-03-04 00:00:00+00:00, run_after=2022-03-05 00:00:00+00:00
[2025-02-01T00:12:56.925+0000] {processor.py:208} INFO - Processing /home/airflow/.local/lib/python3.12/site-packages/airflow/example_dags/example_dynamic_task_mapping.py took 0.075 seconds
[2025-02-01T00:13:26.964+0000] {processor.py:186} INFO - Started process (PID=26726) to work on /home/airflow/.local/lib/python3.12/site-packages/airflow/example_dags/example_dynamic_task_mapping.py
[2025-02-01T00:13:26.965+0000] {processor.py:914} INFO - Processing file /home/airflow/.local/lib/python3.12/site-packages/airflow/example_dags/example_dynamic_task_mapping.py for tasks to queue
[2025-02-01T00:13:26.966+0000] {logging_mixin.py:190} INFO - [2025-02-01T00:13:26.965+0000] {dagbag.py:587} INFO - Filling up the DagBag from /home/airflow/.local/lib/python3.12/site-packages/airflow/example_dags/example_dynamic_task_mapping.py
[2025-02-01T00:13:26.973+0000] {processor.py:925} INFO - DAG(s) 'example_dynamic_task_mapping' retrieved from /home/airflow/.local/lib/python3.12/site-packages/airflow/example_dags/example_dynamic_task_mapping.py
[2025-02-01T00:13:26.989+0000] {logging_mixin.py:190} INFO - [2025-02-01T00:13:26.988+0000] {dag.py:3211} INFO - Sync 1 DAGs
[2025-02-01T00:13:27.007+0000] {logging_mixin.py:190} INFO - [2025-02-01T00:13:27.006+0000] {dag.py:4138} INFO - Setting next_dagrun for example_dynamic_task_mapping to 2022-03-04 00:00:00+00:00, run_after=2022-03-05 00:00:00+00:00
[2025-02-01T00:13:27.023+0000] {processor.py:208} INFO - Processing /home/airflow/.local/lib/python3.12/site-packages/airflow/example_dags/example_dynamic_task_mapping.py took 0.065 seconds
[2025-02-01T00:13:57.228+0000] {processor.py:186} INFO - Started process (PID=26789) to work on /home/airflow/.local/lib/python3.12/site-packages/airflow/example_dags/example_dynamic_task_mapping.py
[2025-02-01T00:13:57.229+0000] {processor.py:914} INFO - Processing file /home/airflow/.local/lib/python3.12/site-packages/airflow/example_dags/example_dynamic_task_mapping.py for tasks to queue
[2025-02-01T00:13:57.231+0000] {logging_mixin.py:190} INFO - [2025-02-01T00:13:57.230+0000] {dagbag.py:587} INFO - Filling up the DagBag from /home/airflow/.local/lib/python3.12/site-packages/airflow/example_dags/example_dynamic_task_mapping.py
[2025-02-01T00:13:57.238+0000] {processor.py:925} INFO - DAG(s) 'example_dynamic_task_mapping' retrieved from /home/airflow/.local/lib/python3.12/site-packages/airflow/example_dags/example_dynamic_task_mapping.py
[2025-02-01T00:13:57.255+0000] {logging_mixin.py:190} INFO - [2025-02-01T00:13:57.255+0000] {dag.py:3211} INFO - Sync 1 DAGs
[2025-02-01T00:13:57.277+0000] {logging_mixin.py:190} INFO - [2025-02-01T00:13:57.276+0000] {dag.py:4138} INFO - Setting next_dagrun for example_dynamic_task_mapping to 2022-03-04 00:00:00+00:00, run_after=2022-03-05 00:00:00+00:00
[2025-02-01T00:13:57.294+0000] {processor.py:208} INFO - Processing /home/airflow/.local/lib/python3.12/site-packages/airflow/example_dags/example_dynamic_task_mapping.py took 0.071 seconds
[2025-02-01T00:14:27.503+0000] {processor.py:186} INFO - Started process (PID=26852) to work on /home/airflow/.local/lib/python3.12/site-packages/airflow/example_dags/example_dynamic_task_mapping.py
[2025-02-01T00:14:27.504+0000] {processor.py:914} INFO - Processing file /home/airflow/.local/lib/python3.12/site-packages/airflow/example_dags/example_dynamic_task_mapping.py for tasks to queue
[2025-02-01T00:14:27.507+0000] {logging_mixin.py:190} INFO - [2025-02-01T00:14:27.506+0000] {dagbag.py:587} INFO - Filling up the DagBag from /home/airflow/.local/lib/python3.12/site-packages/airflow/example_dags/example_dynamic_task_mapping.py
[2025-02-01T00:14:27.518+0000] {processor.py:925} INFO - DAG(s) 'example_dynamic_task_mapping' retrieved from /home/airflow/.local/lib/python3.12/site-packages/airflow/example_dags/example_dynamic_task_mapping.py
[2025-02-01T00:14:27.539+0000] {logging_mixin.py:190} INFO - [2025-02-01T00:14:27.539+0000] {dag.py:3211} INFO - Sync 1 DAGs
[2025-02-01T00:14:27.566+0000] {logging_mixin.py:190} INFO - [2025-02-01T00:14:27.566+0000] {dag.py:4138} INFO - Setting next_dagrun for example_dynamic_task_mapping to 2022-03-04 00:00:00+00:00, run_after=2022-03-05 00:00:00+00:00
[2025-02-01T00:14:27.587+0000] {processor.py:208} INFO - Processing /home/airflow/.local/lib/python3.12/site-packages/airflow/example_dags/example_dynamic_task_mapping.py took 0.088 seconds
[2025-02-01T00:14:57.801+0000] {processor.py:186} INFO - Started process (PID=26915) to work on /home/airflow/.local/lib/python3.12/site-packages/airflow/example_dags/example_dynamic_task_mapping.py
[2025-02-01T00:14:57.802+0000] {processor.py:914} INFO - Processing file /home/airflow/.local/lib/python3.12/site-packages/airflow/example_dags/example_dynamic_task_mapping.py for tasks to queue
[2025-02-01T00:14:57.803+0000] {logging_mixin.py:190} INFO - [2025-02-01T00:14:57.803+0000] {dagbag.py:587} INFO - Filling up the DagBag from /home/airflow/.local/lib/python3.12/site-packages/airflow/example_dags/example_dynamic_task_mapping.py
[2025-02-01T00:14:57.815+0000] {processor.py:925} INFO - DAG(s) 'example_dynamic_task_mapping' retrieved from /home/airflow/.local/lib/python3.12/site-packages/airflow/example_dags/example_dynamic_task_mapping.py
[2025-02-01T00:14:57.839+0000] {logging_mixin.py:190} INFO - [2025-02-01T00:14:57.839+0000] {dag.py:3211} INFO - Sync 1 DAGs
[2025-02-01T00:14:57.870+0000] {logging_mixin.py:190} INFO - [2025-02-01T00:14:57.870+0000] {dag.py:4138} INFO - Setting next_dagrun for example_dynamic_task_mapping to 2022-03-04 00:00:00+00:00, run_after=2022-03-05 00:00:00+00:00
[2025-02-01T00:14:57.896+0000] {processor.py:208} INFO - Processing /home/airflow/.local/lib/python3.12/site-packages/airflow/example_dags/example_dynamic_task_mapping.py took 0.100 seconds
[2025-02-01T00:15:28.404+0000] {processor.py:186} INFO - Started process (PID=26979) to work on /home/airflow/.local/lib/python3.12/site-packages/airflow/example_dags/example_dynamic_task_mapping.py
[2025-02-01T00:15:28.405+0000] {processor.py:914} INFO - Processing file /home/airflow/.local/lib/python3.12/site-packages/airflow/example_dags/example_dynamic_task_mapping.py for tasks to queue
[2025-02-01T00:15:28.406+0000] {logging_mixin.py:190} INFO - [2025-02-01T00:15:28.406+0000] {dagbag.py:587} INFO - Filling up the DagBag from /home/airflow/.local/lib/python3.12/site-packages/airflow/example_dags/example_dynamic_task_mapping.py
[2025-02-01T00:15:28.416+0000] {processor.py:925} INFO - DAG(s) 'example_dynamic_task_mapping' retrieved from /home/airflow/.local/lib/python3.12/site-packages/airflow/example_dags/example_dynamic_task_mapping.py
[2025-02-01T00:15:28.435+0000] {logging_mixin.py:190} INFO - [2025-02-01T00:15:28.434+0000] {dag.py:3211} INFO - Sync 1 DAGs
[2025-02-01T00:15:28.454+0000] {logging_mixin.py:190} INFO - [2025-02-01T00:15:28.454+0000] {dag.py:4138} INFO - Setting next_dagrun for example_dynamic_task_mapping to 2022-03-04 00:00:00+00:00, run_after=2022-03-05 00:00:00+00:00
[2025-02-01T00:15:28.470+0000] {processor.py:208} INFO - Processing /home/airflow/.local/lib/python3.12/site-packages/airflow/example_dags/example_dynamic_task_mapping.py took 0.072 seconds
[2025-02-01T00:15:58.834+0000] {processor.py:186} INFO - Started process (PID=27042) to work on /home/airflow/.local/lib/python3.12/site-packages/airflow/example_dags/example_dynamic_task_mapping.py
[2025-02-01T00:15:58.836+0000] {processor.py:914} INFO - Processing file /home/airflow/.local/lib/python3.12/site-packages/airflow/example_dags/example_dynamic_task_mapping.py for tasks to queue
[2025-02-01T00:15:58.837+0000] {logging_mixin.py:190} INFO - [2025-02-01T00:15:58.837+0000] {dagbag.py:587} INFO - Filling up the DagBag from /home/airflow/.local/lib/python3.12/site-packages/airflow/example_dags/example_dynamic_task_mapping.py
[2025-02-01T00:15:58.845+0000] {processor.py:925} INFO - DAG(s) 'example_dynamic_task_mapping' retrieved from /home/airflow/.local/lib/python3.12/site-packages/airflow/example_dags/example_dynamic_task_mapping.py
[2025-02-01T00:15:58.861+0000] {logging_mixin.py:190} INFO - [2025-02-01T00:15:58.861+0000] {dag.py:3211} INFO - Sync 1 DAGs
[2025-02-01T00:15:58.881+0000] {logging_mixin.py:190} INFO - [2025-02-01T00:15:58.881+0000] {dag.py:4138} INFO - Setting next_dagrun for example_dynamic_task_mapping to 2022-03-04 00:00:00+00:00, run_after=2022-03-05 00:00:00+00:00
[2025-02-01T00:15:58.900+0000] {processor.py:208} INFO - Processing /home/airflow/.local/lib/python3.12/site-packages/airflow/example_dags/example_dynamic_task_mapping.py took 0.070 seconds
