[2025-02-01T00:00:08.722+0000] {processor.py:186} INFO - Started process (PID=25073) to work on /home/airflow/.local/lib/python3.12/site-packages/airflow/example_dags/example_branch_python_dop_operator_3.py
[2025-02-01T00:00:08.723+0000] {processor.py:914} INFO - Processing file /home/airflow/.local/lib/python3.12/site-packages/airflow/example_dags/example_branch_python_dop_operator_3.py for tasks to queue
[2025-02-01T00:00:08.723+0000] {logging_mixin.py:190} INFO - [2025-02-01T00:00:08.723+0000] {dagbag.py:587} INFO - Filling up the DagBag from /home/airflow/.local/lib/python3.12/site-packages/airflow/example_dags/example_branch_python_dop_operator_3.py
[2025-02-01T00:00:08.732+0000] {processor.py:925} INFO - DAG(s) 'example_branch_dop_operator_v3' retrieved from /home/airflow/.local/lib/python3.12/site-packages/airflow/example_dags/example_branch_python_dop_operator_3.py
[2025-02-01T00:00:08.750+0000] {logging_mixin.py:190} INFO - [2025-02-01T00:00:08.750+0000] {dag.py:3211} INFO - Sync 1 DAGs
[2025-02-01T00:00:08.773+0000] {logging_mixin.py:190} INFO - [2025-02-01T00:00:08.773+0000] {dag.py:4138} INFO - Setting next_dagrun for example_branch_dop_operator_v3 to 2025-01-31 23:59:00+00:00, run_after=2025-02-01 00:00:00+00:00
[2025-02-01T00:00:08.792+0000] {processor.py:208} INFO - Processing /home/airflow/.local/lib/python3.12/site-packages/airflow/example_dags/example_branch_python_dop_operator_3.py took 0.075 seconds
[2025-02-01T00:00:39.349+0000] {processor.py:186} INFO - Started process (PID=25136) to work on /home/airflow/.local/lib/python3.12/site-packages/airflow/example_dags/example_branch_python_dop_operator_3.py
[2025-02-01T00:00:39.350+0000] {processor.py:914} INFO - Processing file /home/airflow/.local/lib/python3.12/site-packages/airflow/example_dags/example_branch_python_dop_operator_3.py for tasks to queue
[2025-02-01T00:00:39.352+0000] {logging_mixin.py:190} INFO - [2025-02-01T00:00:39.351+0000] {dagbag.py:587} INFO - Filling up the DagBag from /home/airflow/.local/lib/python3.12/site-packages/airflow/example_dags/example_branch_python_dop_operator_3.py
[2025-02-01T00:00:39.360+0000] {processor.py:925} INFO - DAG(s) 'example_branch_dop_operator_v3' retrieved from /home/airflow/.local/lib/python3.12/site-packages/airflow/example_dags/example_branch_python_dop_operator_3.py
[2025-02-01T00:00:39.378+0000] {logging_mixin.py:190} INFO - [2025-02-01T00:00:39.378+0000] {dag.py:3211} INFO - Sync 1 DAGs
[2025-02-01T00:00:39.403+0000] {logging_mixin.py:190} INFO - [2025-02-01T00:00:39.403+0000] {dag.py:4138} INFO - Setting next_dagrun for example_branch_dop_operator_v3 to 2025-01-31 23:59:00+00:00, run_after=2025-02-01 00:00:00+00:00
[2025-02-01T00:00:39.422+0000] {processor.py:208} INFO - Processing /home/airflow/.local/lib/python3.12/site-packages/airflow/example_dags/example_branch_python_dop_operator_3.py took 0.077 seconds
[2025-02-01T00:01:09.530+0000] {processor.py:186} INFO - Started process (PID=25199) to work on /home/airflow/.local/lib/python3.12/site-packages/airflow/example_dags/example_branch_python_dop_operator_3.py
[2025-02-01T00:01:09.530+0000] {processor.py:914} INFO - Processing file /home/airflow/.local/lib/python3.12/site-packages/airflow/example_dags/example_branch_python_dop_operator_3.py for tasks to queue
[2025-02-01T00:01:09.532+0000] {logging_mixin.py:190} INFO - [2025-02-01T00:01:09.531+0000] {dagbag.py:587} INFO - Filling up the DagBag from /home/airflow/.local/lib/python3.12/site-packages/airflow/example_dags/example_branch_python_dop_operator_3.py
[2025-02-01T00:01:09.540+0000] {processor.py:925} INFO - DAG(s) 'example_branch_dop_operator_v3' retrieved from /home/airflow/.local/lib/python3.12/site-packages/airflow/example_dags/example_branch_python_dop_operator_3.py
[2025-02-01T00:01:09.558+0000] {logging_mixin.py:190} INFO - [2025-02-01T00:01:09.558+0000] {dag.py:3211} INFO - Sync 1 DAGs
[2025-02-01T00:01:09.582+0000] {logging_mixin.py:190} INFO - [2025-02-01T00:01:09.582+0000] {dag.py:4138} INFO - Setting next_dagrun for example_branch_dop_operator_v3 to 2025-02-01 00:00:00+00:00, run_after=2025-02-01 00:01:00+00:00
[2025-02-01T00:01:09.604+0000] {processor.py:208} INFO - Processing /home/airflow/.local/lib/python3.12/site-packages/airflow/example_dags/example_branch_python_dop_operator_3.py took 0.080 seconds
[2025-02-01T00:01:39.797+0000] {processor.py:186} INFO - Started process (PID=25262) to work on /home/airflow/.local/lib/python3.12/site-packages/airflow/example_dags/example_branch_python_dop_operator_3.py
[2025-02-01T00:01:39.798+0000] {processor.py:914} INFO - Processing file /home/airflow/.local/lib/python3.12/site-packages/airflow/example_dags/example_branch_python_dop_operator_3.py for tasks to queue
[2025-02-01T00:01:39.800+0000] {logging_mixin.py:190} INFO - [2025-02-01T00:01:39.799+0000] {dagbag.py:587} INFO - Filling up the DagBag from /home/airflow/.local/lib/python3.12/site-packages/airflow/example_dags/example_branch_python_dop_operator_3.py
[2025-02-01T00:01:39.808+0000] {processor.py:925} INFO - DAG(s) 'example_branch_dop_operator_v3' retrieved from /home/airflow/.local/lib/python3.12/site-packages/airflow/example_dags/example_branch_python_dop_operator_3.py
[2025-02-01T00:01:39.826+0000] {logging_mixin.py:190} INFO - [2025-02-01T00:01:39.825+0000] {dag.py:3211} INFO - Sync 1 DAGs
[2025-02-01T00:01:39.848+0000] {logging_mixin.py:190} INFO - [2025-02-01T00:01:39.848+0000] {dag.py:4138} INFO - Setting next_dagrun for example_branch_dop_operator_v3 to 2025-02-01 00:00:00+00:00, run_after=2025-02-01 00:01:00+00:00
[2025-02-01T00:01:39.867+0000] {processor.py:208} INFO - Processing /home/airflow/.local/lib/python3.12/site-packages/airflow/example_dags/example_branch_python_dop_operator_3.py took 0.075 seconds
[2025-02-01T00:02:10.048+0000] {processor.py:186} INFO - Started process (PID=25325) to work on /home/airflow/.local/lib/python3.12/site-packages/airflow/example_dags/example_branch_python_dop_operator_3.py
[2025-02-01T00:02:10.049+0000] {processor.py:914} INFO - Processing file /home/airflow/.local/lib/python3.12/site-packages/airflow/example_dags/example_branch_python_dop_operator_3.py for tasks to queue
[2025-02-01T00:02:10.050+0000] {logging_mixin.py:190} INFO - [2025-02-01T00:02:10.050+0000] {dagbag.py:587} INFO - Filling up the DagBag from /home/airflow/.local/lib/python3.12/site-packages/airflow/example_dags/example_branch_python_dop_operator_3.py
[2025-02-01T00:02:10.059+0000] {processor.py:925} INFO - DAG(s) 'example_branch_dop_operator_v3' retrieved from /home/airflow/.local/lib/python3.12/site-packages/airflow/example_dags/example_branch_python_dop_operator_3.py
[2025-02-01T00:02:10.078+0000] {logging_mixin.py:190} INFO - [2025-02-01T00:02:10.078+0000] {dag.py:3211} INFO - Sync 1 DAGs
[2025-02-01T00:02:10.105+0000] {logging_mixin.py:190} INFO - [2025-02-01T00:02:10.104+0000] {dag.py:4138} INFO - Setting next_dagrun for example_branch_dop_operator_v3 to 2025-02-01 00:01:00+00:00, run_after=2025-02-01 00:02:00+00:00
[2025-02-01T00:02:10.126+0000] {processor.py:208} INFO - Processing /home/airflow/.local/lib/python3.12/site-packages/airflow/example_dags/example_branch_python_dop_operator_3.py took 0.083 seconds
[2025-02-01T00:02:40.189+0000] {processor.py:186} INFO - Started process (PID=25388) to work on /home/airflow/.local/lib/python3.12/site-packages/airflow/example_dags/example_branch_python_dop_operator_3.py
[2025-02-01T00:02:40.190+0000] {processor.py:914} INFO - Processing file /home/airflow/.local/lib/python3.12/site-packages/airflow/example_dags/example_branch_python_dop_operator_3.py for tasks to queue
[2025-02-01T00:02:40.191+0000] {logging_mixin.py:190} INFO - [2025-02-01T00:02:40.191+0000] {dagbag.py:587} INFO - Filling up the DagBag from /home/airflow/.local/lib/python3.12/site-packages/airflow/example_dags/example_branch_python_dop_operator_3.py
[2025-02-01T00:02:40.199+0000] {processor.py:925} INFO - DAG(s) 'example_branch_dop_operator_v3' retrieved from /home/airflow/.local/lib/python3.12/site-packages/airflow/example_dags/example_branch_python_dop_operator_3.py
[2025-02-01T00:02:40.217+0000] {logging_mixin.py:190} INFO - [2025-02-01T00:02:40.217+0000] {dag.py:3211} INFO - Sync 1 DAGs
[2025-02-01T00:02:40.240+0000] {logging_mixin.py:190} INFO - [2025-02-01T00:02:40.240+0000] {dag.py:4138} INFO - Setting next_dagrun for example_branch_dop_operator_v3 to 2025-02-01 00:01:00+00:00, run_after=2025-02-01 00:02:00+00:00
[2025-02-01T00:02:40.258+0000] {processor.py:208} INFO - Processing /home/airflow/.local/lib/python3.12/site-packages/airflow/example_dags/example_branch_python_dop_operator_3.py took 0.073 seconds
[2025-02-01T00:03:10.321+0000] {processor.py:186} INFO - Started process (PID=25450) to work on /home/airflow/.local/lib/python3.12/site-packages/airflow/example_dags/example_branch_python_dop_operator_3.py
[2025-02-01T00:03:10.322+0000] {processor.py:914} INFO - Processing file /home/airflow/.local/lib/python3.12/site-packages/airflow/example_dags/example_branch_python_dop_operator_3.py for tasks to queue
[2025-02-01T00:03:10.323+0000] {logging_mixin.py:190} INFO - [2025-02-01T00:03:10.323+0000] {dagbag.py:587} INFO - Filling up the DagBag from /home/airflow/.local/lib/python3.12/site-packages/airflow/example_dags/example_branch_python_dop_operator_3.py
[2025-02-01T00:03:10.331+0000] {processor.py:925} INFO - DAG(s) 'example_branch_dop_operator_v3' retrieved from /home/airflow/.local/lib/python3.12/site-packages/airflow/example_dags/example_branch_python_dop_operator_3.py
[2025-02-01T00:03:10.349+0000] {logging_mixin.py:190} INFO - [2025-02-01T00:03:10.349+0000] {dag.py:3211} INFO - Sync 1 DAGs
[2025-02-01T00:03:10.371+0000] {logging_mixin.py:190} INFO - [2025-02-01T00:03:10.371+0000] {dag.py:4138} INFO - Setting next_dagrun for example_branch_dop_operator_v3 to 2025-02-01 00:02:00+00:00, run_after=2025-02-01 00:03:00+00:00
[2025-02-01T00:03:10.389+0000] {processor.py:208} INFO - Processing /home/airflow/.local/lib/python3.12/site-packages/airflow/example_dags/example_branch_python_dop_operator_3.py took 0.073 seconds
[2025-02-01T00:03:40.577+0000] {processor.py:186} INFO - Started process (PID=25513) to work on /home/airflow/.local/lib/python3.12/site-packages/airflow/example_dags/example_branch_python_dop_operator_3.py
[2025-02-01T00:03:40.578+0000] {processor.py:914} INFO - Processing file /home/airflow/.local/lib/python3.12/site-packages/airflow/example_dags/example_branch_python_dop_operator_3.py for tasks to queue
[2025-02-01T00:03:40.579+0000] {logging_mixin.py:190} INFO - [2025-02-01T00:03:40.579+0000] {dagbag.py:587} INFO - Filling up the DagBag from /home/airflow/.local/lib/python3.12/site-packages/airflow/example_dags/example_branch_python_dop_operator_3.py
[2025-02-01T00:03:40.586+0000] {processor.py:925} INFO - DAG(s) 'example_branch_dop_operator_v3' retrieved from /home/airflow/.local/lib/python3.12/site-packages/airflow/example_dags/example_branch_python_dop_operator_3.py
[2025-02-01T00:03:40.603+0000] {logging_mixin.py:190} INFO - [2025-02-01T00:03:40.603+0000] {dag.py:3211} INFO - Sync 1 DAGs
[2025-02-01T00:03:40.623+0000] {logging_mixin.py:190} INFO - [2025-02-01T00:03:40.623+0000] {dag.py:4138} INFO - Setting next_dagrun for example_branch_dop_operator_v3 to 2025-02-01 00:02:00+00:00, run_after=2025-02-01 00:03:00+00:00
[2025-02-01T00:03:40.640+0000] {processor.py:208} INFO - Processing /home/airflow/.local/lib/python3.12/site-packages/airflow/example_dags/example_branch_python_dop_operator_3.py took 0.067 seconds
[2025-02-01T00:04:10.890+0000] {processor.py:186} INFO - Started process (PID=25576) to work on /home/airflow/.local/lib/python3.12/site-packages/airflow/example_dags/example_branch_python_dop_operator_3.py
[2025-02-01T00:04:10.891+0000] {processor.py:914} INFO - Processing file /home/airflow/.local/lib/python3.12/site-packages/airflow/example_dags/example_branch_python_dop_operator_3.py for tasks to queue
[2025-02-01T00:04:10.892+0000] {logging_mixin.py:190} INFO - [2025-02-01T00:04:10.892+0000] {dagbag.py:587} INFO - Filling up the DagBag from /home/airflow/.local/lib/python3.12/site-packages/airflow/example_dags/example_branch_python_dop_operator_3.py
[2025-02-01T00:04:10.900+0000] {processor.py:925} INFO - DAG(s) 'example_branch_dop_operator_v3' retrieved from /home/airflow/.local/lib/python3.12/site-packages/airflow/example_dags/example_branch_python_dop_operator_3.py
[2025-02-01T00:04:10.918+0000] {logging_mixin.py:190} INFO - [2025-02-01T00:04:10.918+0000] {dag.py:3211} INFO - Sync 1 DAGs
[2025-02-01T00:04:10.938+0000] {logging_mixin.py:190} INFO - [2025-02-01T00:04:10.938+0000] {dag.py:4138} INFO - Setting next_dagrun for example_branch_dop_operator_v3 to 2025-02-01 00:03:00+00:00, run_after=2025-02-01 00:04:00+00:00
[2025-02-01T00:04:10.955+0000] {processor.py:208} INFO - Processing /home/airflow/.local/lib/python3.12/site-packages/airflow/example_dags/example_branch_python_dop_operator_3.py took 0.069 seconds
[2025-02-01T00:04:41.129+0000] {processor.py:186} INFO - Started process (PID=25639) to work on /home/airflow/.local/lib/python3.12/site-packages/airflow/example_dags/example_branch_python_dop_operator_3.py
[2025-02-01T00:04:41.130+0000] {processor.py:914} INFO - Processing file /home/airflow/.local/lib/python3.12/site-packages/airflow/example_dags/example_branch_python_dop_operator_3.py for tasks to queue
[2025-02-01T00:04:41.131+0000] {logging_mixin.py:190} INFO - [2025-02-01T00:04:41.131+0000] {dagbag.py:587} INFO - Filling up the DagBag from /home/airflow/.local/lib/python3.12/site-packages/airflow/example_dags/example_branch_python_dop_operator_3.py
[2025-02-01T00:04:41.139+0000] {processor.py:925} INFO - DAG(s) 'example_branch_dop_operator_v3' retrieved from /home/airflow/.local/lib/python3.12/site-packages/airflow/example_dags/example_branch_python_dop_operator_3.py
[2025-02-01T00:04:41.155+0000] {logging_mixin.py:190} INFO - [2025-02-01T00:04:41.155+0000] {dag.py:3211} INFO - Sync 1 DAGs
[2025-02-01T00:04:41.176+0000] {logging_mixin.py:190} INFO - [2025-02-01T00:04:41.176+0000] {dag.py:4138} INFO - Setting next_dagrun for example_branch_dop_operator_v3 to 2025-02-01 00:03:00+00:00, run_after=2025-02-01 00:04:00+00:00
[2025-02-01T00:04:41.192+0000] {processor.py:208} INFO - Processing /home/airflow/.local/lib/python3.12/site-packages/airflow/example_dags/example_branch_python_dop_operator_3.py took 0.067 seconds
[2025-02-01T00:05:11.366+0000] {processor.py:186} INFO - Started process (PID=25702) to work on /home/airflow/.local/lib/python3.12/site-packages/airflow/example_dags/example_branch_python_dop_operator_3.py
[2025-02-01T00:05:11.367+0000] {processor.py:914} INFO - Processing file /home/airflow/.local/lib/python3.12/site-packages/airflow/example_dags/example_branch_python_dop_operator_3.py for tasks to queue
[2025-02-01T00:05:11.368+0000] {logging_mixin.py:190} INFO - [2025-02-01T00:05:11.368+0000] {dagbag.py:587} INFO - Filling up the DagBag from /home/airflow/.local/lib/python3.12/site-packages/airflow/example_dags/example_branch_python_dop_operator_3.py
[2025-02-01T00:05:11.377+0000] {processor.py:925} INFO - DAG(s) 'example_branch_dop_operator_v3' retrieved from /home/airflow/.local/lib/python3.12/site-packages/airflow/example_dags/example_branch_python_dop_operator_3.py
[2025-02-01T00:05:11.395+0000] {logging_mixin.py:190} INFO - [2025-02-01T00:05:11.395+0000] {dag.py:3211} INFO - Sync 1 DAGs
[2025-02-01T00:05:11.420+0000] {logging_mixin.py:190} INFO - [2025-02-01T00:05:11.419+0000] {dag.py:4138} INFO - Setting next_dagrun for example_branch_dop_operator_v3 to 2025-02-01 00:04:00+00:00, run_after=2025-02-01 00:05:00+00:00
[2025-02-01T00:05:11.441+0000] {processor.py:208} INFO - Processing /home/airflow/.local/lib/python3.12/site-packages/airflow/example_dags/example_branch_python_dop_operator_3.py took 0.080 seconds
[2025-02-01T00:05:41.647+0000] {processor.py:186} INFO - Started process (PID=25765) to work on /home/airflow/.local/lib/python3.12/site-packages/airflow/example_dags/example_branch_python_dop_operator_3.py
[2025-02-01T00:05:41.648+0000] {processor.py:914} INFO - Processing file /home/airflow/.local/lib/python3.12/site-packages/airflow/example_dags/example_branch_python_dop_operator_3.py for tasks to queue
[2025-02-01T00:05:41.649+0000] {logging_mixin.py:190} INFO - [2025-02-01T00:05:41.649+0000] {dagbag.py:587} INFO - Filling up the DagBag from /home/airflow/.local/lib/python3.12/site-packages/airflow/example_dags/example_branch_python_dop_operator_3.py
[2025-02-01T00:05:41.657+0000] {processor.py:925} INFO - DAG(s) 'example_branch_dop_operator_v3' retrieved from /home/airflow/.local/lib/python3.12/site-packages/airflow/example_dags/example_branch_python_dop_operator_3.py
[2025-02-01T00:05:41.676+0000] {logging_mixin.py:190} INFO - [2025-02-01T00:05:41.676+0000] {dag.py:3211} INFO - Sync 1 DAGs
[2025-02-01T00:05:41.698+0000] {logging_mixin.py:190} INFO - [2025-02-01T00:05:41.698+0000] {dag.py:4138} INFO - Setting next_dagrun for example_branch_dop_operator_v3 to 2025-02-01 00:04:00+00:00, run_after=2025-02-01 00:05:00+00:00
[2025-02-01T00:05:41.718+0000] {processor.py:208} INFO - Processing /home/airflow/.local/lib/python3.12/site-packages/airflow/example_dags/example_branch_python_dop_operator_3.py took 0.076 seconds
[2025-02-01T00:06:11.844+0000] {processor.py:186} INFO - Started process (PID=25828) to work on /home/airflow/.local/lib/python3.12/site-packages/airflow/example_dags/example_branch_python_dop_operator_3.py
[2025-02-01T00:06:11.845+0000] {processor.py:914} INFO - Processing file /home/airflow/.local/lib/python3.12/site-packages/airflow/example_dags/example_branch_python_dop_operator_3.py for tasks to queue
[2025-02-01T00:06:11.846+0000] {logging_mixin.py:190} INFO - [2025-02-01T00:06:11.846+0000] {dagbag.py:587} INFO - Filling up the DagBag from /home/airflow/.local/lib/python3.12/site-packages/airflow/example_dags/example_branch_python_dop_operator_3.py
[2025-02-01T00:06:11.854+0000] {processor.py:925} INFO - DAG(s) 'example_branch_dop_operator_v3' retrieved from /home/airflow/.local/lib/python3.12/site-packages/airflow/example_dags/example_branch_python_dop_operator_3.py
[2025-02-01T00:06:11.871+0000] {logging_mixin.py:190} INFO - [2025-02-01T00:06:11.871+0000] {dag.py:3211} INFO - Sync 1 DAGs
[2025-02-01T00:06:11.894+0000] {logging_mixin.py:190} INFO - [2025-02-01T00:06:11.894+0000] {dag.py:4138} INFO - Setting next_dagrun for example_branch_dop_operator_v3 to 2025-02-01 00:05:00+00:00, run_after=2025-02-01 00:06:00+00:00
[2025-02-01T00:06:11.913+0000] {processor.py:208} INFO - Processing /home/airflow/.local/lib/python3.12/site-packages/airflow/example_dags/example_branch_python_dop_operator_3.py took 0.074 seconds
[2025-02-01T00:06:42.002+0000] {processor.py:186} INFO - Started process (PID=25891) to work on /home/airflow/.local/lib/python3.12/site-packages/airflow/example_dags/example_branch_python_dop_operator_3.py
[2025-02-01T00:06:42.003+0000] {processor.py:914} INFO - Processing file /home/airflow/.local/lib/python3.12/site-packages/airflow/example_dags/example_branch_python_dop_operator_3.py for tasks to queue
[2025-02-01T00:06:42.004+0000] {logging_mixin.py:190} INFO - [2025-02-01T00:06:42.004+0000] {dagbag.py:587} INFO - Filling up the DagBag from /home/airflow/.local/lib/python3.12/site-packages/airflow/example_dags/example_branch_python_dop_operator_3.py
[2025-02-01T00:06:42.013+0000] {processor.py:925} INFO - DAG(s) 'example_branch_dop_operator_v3' retrieved from /home/airflow/.local/lib/python3.12/site-packages/airflow/example_dags/example_branch_python_dop_operator_3.py
[2025-02-01T00:06:42.033+0000] {logging_mixin.py:190} INFO - [2025-02-01T00:06:42.032+0000] {dag.py:3211} INFO - Sync 1 DAGs
[2025-02-01T00:06:42.057+0000] {logging_mixin.py:190} INFO - [2025-02-01T00:06:42.057+0000] {dag.py:4138} INFO - Setting next_dagrun for example_branch_dop_operator_v3 to 2025-02-01 00:05:00+00:00, run_after=2025-02-01 00:06:00+00:00
[2025-02-01T00:06:42.076+0000] {processor.py:208} INFO - Processing /home/airflow/.local/lib/python3.12/site-packages/airflow/example_dags/example_branch_python_dop_operator_3.py took 0.079 seconds
[2025-02-01T00:07:12.282+0000] {processor.py:186} INFO - Started process (PID=25954) to work on /home/airflow/.local/lib/python3.12/site-packages/airflow/example_dags/example_branch_python_dop_operator_3.py
[2025-02-01T00:07:12.283+0000] {processor.py:914} INFO - Processing file /home/airflow/.local/lib/python3.12/site-packages/airflow/example_dags/example_branch_python_dop_operator_3.py for tasks to queue
[2025-02-01T00:07:12.285+0000] {logging_mixin.py:190} INFO - [2025-02-01T00:07:12.284+0000] {dagbag.py:587} INFO - Filling up the DagBag from /home/airflow/.local/lib/python3.12/site-packages/airflow/example_dags/example_branch_python_dop_operator_3.py
[2025-02-01T00:07:12.293+0000] {processor.py:925} INFO - DAG(s) 'example_branch_dop_operator_v3' retrieved from /home/airflow/.local/lib/python3.12/site-packages/airflow/example_dags/example_branch_python_dop_operator_3.py
[2025-02-01T00:07:12.312+0000] {logging_mixin.py:190} INFO - [2025-02-01T00:07:12.311+0000] {dag.py:3211} INFO - Sync 1 DAGs
[2025-02-01T00:07:12.337+0000] {logging_mixin.py:190} INFO - [2025-02-01T00:07:12.337+0000] {dag.py:4138} INFO - Setting next_dagrun for example_branch_dop_operator_v3 to 2025-02-01 00:06:00+00:00, run_after=2025-02-01 00:07:00+00:00
[2025-02-01T00:07:12.358+0000] {processor.py:208} INFO - Processing /home/airflow/.local/lib/python3.12/site-packages/airflow/example_dags/example_branch_python_dop_operator_3.py took 0.081 seconds
[2025-02-01T00:07:42.691+0000] {processor.py:186} INFO - Started process (PID=26017) to work on /home/airflow/.local/lib/python3.12/site-packages/airflow/example_dags/example_branch_python_dop_operator_3.py
[2025-02-01T00:07:42.692+0000] {processor.py:914} INFO - Processing file /home/airflow/.local/lib/python3.12/site-packages/airflow/example_dags/example_branch_python_dop_operator_3.py for tasks to queue
[2025-02-01T00:07:42.693+0000] {logging_mixin.py:190} INFO - [2025-02-01T00:07:42.693+0000] {dagbag.py:587} INFO - Filling up the DagBag from /home/airflow/.local/lib/python3.12/site-packages/airflow/example_dags/example_branch_python_dop_operator_3.py
[2025-02-01T00:07:42.702+0000] {processor.py:925} INFO - DAG(s) 'example_branch_dop_operator_v3' retrieved from /home/airflow/.local/lib/python3.12/site-packages/airflow/example_dags/example_branch_python_dop_operator_3.py
[2025-02-01T00:07:42.720+0000] {logging_mixin.py:190} INFO - [2025-02-01T00:07:42.720+0000] {dag.py:3211} INFO - Sync 1 DAGs
[2025-02-01T00:07:42.743+0000] {logging_mixin.py:190} INFO - [2025-02-01T00:07:42.743+0000] {dag.py:4138} INFO - Setting next_dagrun for example_branch_dop_operator_v3 to 2025-02-01 00:06:00+00:00, run_after=2025-02-01 00:07:00+00:00
[2025-02-01T00:07:42.762+0000] {processor.py:208} INFO - Processing /home/airflow/.local/lib/python3.12/site-packages/airflow/example_dags/example_branch_python_dop_operator_3.py took 0.076 seconds
[2025-02-01T00:08:12.974+0000] {processor.py:186} INFO - Started process (PID=26080) to work on /home/airflow/.local/lib/python3.12/site-packages/airflow/example_dags/example_branch_python_dop_operator_3.py
[2025-02-01T00:08:12.975+0000] {processor.py:914} INFO - Processing file /home/airflow/.local/lib/python3.12/site-packages/airflow/example_dags/example_branch_python_dop_operator_3.py for tasks to queue
[2025-02-01T00:08:12.976+0000] {logging_mixin.py:190} INFO - [2025-02-01T00:08:12.976+0000] {dagbag.py:587} INFO - Filling up the DagBag from /home/airflow/.local/lib/python3.12/site-packages/airflow/example_dags/example_branch_python_dop_operator_3.py
[2025-02-01T00:08:12.985+0000] {processor.py:925} INFO - DAG(s) 'example_branch_dop_operator_v3' retrieved from /home/airflow/.local/lib/python3.12/site-packages/airflow/example_dags/example_branch_python_dop_operator_3.py
[2025-02-01T00:08:13.002+0000] {logging_mixin.py:190} INFO - [2025-02-01T00:08:13.002+0000] {dag.py:3211} INFO - Sync 1 DAGs
[2025-02-01T00:08:13.025+0000] {logging_mixin.py:190} INFO - [2025-02-01T00:08:13.025+0000] {dag.py:4138} INFO - Setting next_dagrun for example_branch_dop_operator_v3 to 2025-02-01 00:07:00+00:00, run_after=2025-02-01 00:08:00+00:00
[2025-02-01T00:08:13.044+0000] {processor.py:208} INFO - Processing /home/airflow/.local/lib/python3.12/site-packages/airflow/example_dags/example_branch_python_dop_operator_3.py took 0.074 seconds
[2025-02-01T00:08:43.394+0000] {processor.py:186} INFO - Started process (PID=26143) to work on /home/airflow/.local/lib/python3.12/site-packages/airflow/example_dags/example_branch_python_dop_operator_3.py
[2025-02-01T00:08:43.395+0000] {processor.py:914} INFO - Processing file /home/airflow/.local/lib/python3.12/site-packages/airflow/example_dags/example_branch_python_dop_operator_3.py for tasks to queue
[2025-02-01T00:08:43.396+0000] {logging_mixin.py:190} INFO - [2025-02-01T00:08:43.396+0000] {dagbag.py:587} INFO - Filling up the DagBag from /home/airflow/.local/lib/python3.12/site-packages/airflow/example_dags/example_branch_python_dop_operator_3.py
[2025-02-01T00:08:43.406+0000] {processor.py:925} INFO - DAG(s) 'example_branch_dop_operator_v3' retrieved from /home/airflow/.local/lib/python3.12/site-packages/airflow/example_dags/example_branch_python_dop_operator_3.py
[2025-02-01T00:08:43.425+0000] {logging_mixin.py:190} INFO - [2025-02-01T00:08:43.424+0000] {dag.py:3211} INFO - Sync 1 DAGs
[2025-02-01T00:08:43.446+0000] {logging_mixin.py:190} INFO - [2025-02-01T00:08:43.446+0000] {dag.py:4138} INFO - Setting next_dagrun for example_branch_dop_operator_v3 to 2025-02-01 00:07:00+00:00, run_after=2025-02-01 00:08:00+00:00
[2025-02-01T00:08:43.464+0000] {processor.py:208} INFO - Processing /home/airflow/.local/lib/python3.12/site-packages/airflow/example_dags/example_branch_python_dop_operator_3.py took 0.077 seconds
[2025-02-01T00:09:13.587+0000] {processor.py:186} INFO - Started process (PID=26206) to work on /home/airflow/.local/lib/python3.12/site-packages/airflow/example_dags/example_branch_python_dop_operator_3.py
[2025-02-01T00:09:13.588+0000] {processor.py:914} INFO - Processing file /home/airflow/.local/lib/python3.12/site-packages/airflow/example_dags/example_branch_python_dop_operator_3.py for tasks to queue
[2025-02-01T00:09:13.589+0000] {logging_mixin.py:190} INFO - [2025-02-01T00:09:13.589+0000] {dagbag.py:587} INFO - Filling up the DagBag from /home/airflow/.local/lib/python3.12/site-packages/airflow/example_dags/example_branch_python_dop_operator_3.py
[2025-02-01T00:09:13.598+0000] {processor.py:925} INFO - DAG(s) 'example_branch_dop_operator_v3' retrieved from /home/airflow/.local/lib/python3.12/site-packages/airflow/example_dags/example_branch_python_dop_operator_3.py
[2025-02-01T00:09:13.616+0000] {logging_mixin.py:190} INFO - [2025-02-01T00:09:13.616+0000] {dag.py:3211} INFO - Sync 1 DAGs
[2025-02-01T00:09:13.641+0000] {logging_mixin.py:190} INFO - [2025-02-01T00:09:13.641+0000] {dag.py:4138} INFO - Setting next_dagrun for example_branch_dop_operator_v3 to 2025-02-01 00:08:00+00:00, run_after=2025-02-01 00:09:00+00:00
[2025-02-01T00:09:13.659+0000] {processor.py:208} INFO - Processing /home/airflow/.local/lib/python3.12/site-packages/airflow/example_dags/example_branch_python_dop_operator_3.py took 0.077 seconds
[2025-02-01T00:09:43.759+0000] {processor.py:186} INFO - Started process (PID=26269) to work on /home/airflow/.local/lib/python3.12/site-packages/airflow/example_dags/example_branch_python_dop_operator_3.py
[2025-02-01T00:09:43.760+0000] {processor.py:914} INFO - Processing file /home/airflow/.local/lib/python3.12/site-packages/airflow/example_dags/example_branch_python_dop_operator_3.py for tasks to queue
[2025-02-01T00:09:43.761+0000] {logging_mixin.py:190} INFO - [2025-02-01T00:09:43.761+0000] {dagbag.py:587} INFO - Filling up the DagBag from /home/airflow/.local/lib/python3.12/site-packages/airflow/example_dags/example_branch_python_dop_operator_3.py
[2025-02-01T00:09:43.770+0000] {processor.py:925} INFO - DAG(s) 'example_branch_dop_operator_v3' retrieved from /home/airflow/.local/lib/python3.12/site-packages/airflow/example_dags/example_branch_python_dop_operator_3.py
[2025-02-01T00:09:43.789+0000] {logging_mixin.py:190} INFO - [2025-02-01T00:09:43.789+0000] {dag.py:3211} INFO - Sync 1 DAGs
[2025-02-01T00:09:43.811+0000] {logging_mixin.py:190} INFO - [2025-02-01T00:09:43.810+0000] {dag.py:4138} INFO - Setting next_dagrun for example_branch_dop_operator_v3 to 2025-02-01 00:08:00+00:00, run_after=2025-02-01 00:09:00+00:00
[2025-02-01T00:09:43.830+0000] {processor.py:208} INFO - Processing /home/airflow/.local/lib/python3.12/site-packages/airflow/example_dags/example_branch_python_dop_operator_3.py took 0.076 seconds
[2025-02-01T00:10:14.089+0000] {processor.py:186} INFO - Started process (PID=26332) to work on /home/airflow/.local/lib/python3.12/site-packages/airflow/example_dags/example_branch_python_dop_operator_3.py
[2025-02-01T00:10:14.090+0000] {processor.py:914} INFO - Processing file /home/airflow/.local/lib/python3.12/site-packages/airflow/example_dags/example_branch_python_dop_operator_3.py for tasks to queue
[2025-02-01T00:10:14.091+0000] {logging_mixin.py:190} INFO - [2025-02-01T00:10:14.091+0000] {dagbag.py:587} INFO - Filling up the DagBag from /home/airflow/.local/lib/python3.12/site-packages/airflow/example_dags/example_branch_python_dop_operator_3.py
[2025-02-01T00:10:14.099+0000] {processor.py:925} INFO - DAG(s) 'example_branch_dop_operator_v3' retrieved from /home/airflow/.local/lib/python3.12/site-packages/airflow/example_dags/example_branch_python_dop_operator_3.py
[2025-02-01T00:10:14.117+0000] {logging_mixin.py:190} INFO - [2025-02-01T00:10:14.117+0000] {dag.py:3211} INFO - Sync 1 DAGs
[2025-02-01T00:10:14.141+0000] {logging_mixin.py:190} INFO - [2025-02-01T00:10:14.141+0000] {dag.py:4138} INFO - Setting next_dagrun for example_branch_dop_operator_v3 to 2025-02-01 00:09:00+00:00, run_after=2025-02-01 00:10:00+00:00
[2025-02-01T00:10:14.162+0000] {processor.py:208} INFO - Processing /home/airflow/.local/lib/python3.12/site-packages/airflow/example_dags/example_branch_python_dop_operator_3.py took 0.078 seconds
[2025-02-01T00:10:44.674+0000] {processor.py:186} INFO - Started process (PID=26395) to work on /home/airflow/.local/lib/python3.12/site-packages/airflow/example_dags/example_branch_python_dop_operator_3.py
[2025-02-01T00:10:44.675+0000] {processor.py:914} INFO - Processing file /home/airflow/.local/lib/python3.12/site-packages/airflow/example_dags/example_branch_python_dop_operator_3.py for tasks to queue
[2025-02-01T00:10:44.676+0000] {logging_mixin.py:190} INFO - [2025-02-01T00:10:44.676+0000] {dagbag.py:587} INFO - Filling up the DagBag from /home/airflow/.local/lib/python3.12/site-packages/airflow/example_dags/example_branch_python_dop_operator_3.py
[2025-02-01T00:10:44.685+0000] {processor.py:925} INFO - DAG(s) 'example_branch_dop_operator_v3' retrieved from /home/airflow/.local/lib/python3.12/site-packages/airflow/example_dags/example_branch_python_dop_operator_3.py
[2025-02-01T00:10:44.703+0000] {logging_mixin.py:190} INFO - [2025-02-01T00:10:44.703+0000] {dag.py:3211} INFO - Sync 1 DAGs
[2025-02-01T00:10:44.726+0000] {logging_mixin.py:190} INFO - [2025-02-01T00:10:44.726+0000] {dag.py:4138} INFO - Setting next_dagrun for example_branch_dop_operator_v3 to 2025-02-01 00:09:00+00:00, run_after=2025-02-01 00:10:00+00:00
[2025-02-01T00:10:44.745+0000] {processor.py:208} INFO - Processing /home/airflow/.local/lib/python3.12/site-packages/airflow/example_dags/example_branch_python_dop_operator_3.py took 0.075 seconds
[2025-02-01T00:11:14.841+0000] {processor.py:186} INFO - Started process (PID=26458) to work on /home/airflow/.local/lib/python3.12/site-packages/airflow/example_dags/example_branch_python_dop_operator_3.py
[2025-02-01T00:11:14.842+0000] {processor.py:914} INFO - Processing file /home/airflow/.local/lib/python3.12/site-packages/airflow/example_dags/example_branch_python_dop_operator_3.py for tasks to queue
[2025-02-01T00:11:14.844+0000] {logging_mixin.py:190} INFO - [2025-02-01T00:11:14.843+0000] {dagbag.py:587} INFO - Filling up the DagBag from /home/airflow/.local/lib/python3.12/site-packages/airflow/example_dags/example_branch_python_dop_operator_3.py
[2025-02-01T00:11:14.852+0000] {processor.py:925} INFO - DAG(s) 'example_branch_dop_operator_v3' retrieved from /home/airflow/.local/lib/python3.12/site-packages/airflow/example_dags/example_branch_python_dop_operator_3.py
[2025-02-01T00:11:14.870+0000] {logging_mixin.py:190} INFO - [2025-02-01T00:11:14.870+0000] {dag.py:3211} INFO - Sync 1 DAGs
[2025-02-01T00:11:14.893+0000] {logging_mixin.py:190} INFO - [2025-02-01T00:11:14.893+0000] {dag.py:4138} INFO - Setting next_dagrun for example_branch_dop_operator_v3 to 2025-02-01 00:10:00+00:00, run_after=2025-02-01 00:11:00+00:00
[2025-02-01T00:11:14.920+0000] {processor.py:208} INFO - Processing /home/airflow/.local/lib/python3.12/site-packages/airflow/example_dags/example_branch_python_dop_operator_3.py took 0.083 seconds
[2025-02-01T00:11:45.123+0000] {processor.py:186} INFO - Started process (PID=26521) to work on /home/airflow/.local/lib/python3.12/site-packages/airflow/example_dags/example_branch_python_dop_operator_3.py
[2025-02-01T00:11:45.124+0000] {processor.py:914} INFO - Processing file /home/airflow/.local/lib/python3.12/site-packages/airflow/example_dags/example_branch_python_dop_operator_3.py for tasks to queue
[2025-02-01T00:11:45.126+0000] {logging_mixin.py:190} INFO - [2025-02-01T00:11:45.126+0000] {dagbag.py:587} INFO - Filling up the DagBag from /home/airflow/.local/lib/python3.12/site-packages/airflow/example_dags/example_branch_python_dop_operator_3.py
[2025-02-01T00:11:45.134+0000] {processor.py:925} INFO - DAG(s) 'example_branch_dop_operator_v3' retrieved from /home/airflow/.local/lib/python3.12/site-packages/airflow/example_dags/example_branch_python_dop_operator_3.py
[2025-02-01T00:11:45.153+0000] {logging_mixin.py:190} INFO - [2025-02-01T00:11:45.153+0000] {dag.py:3211} INFO - Sync 1 DAGs
[2025-02-01T00:11:45.176+0000] {logging_mixin.py:190} INFO - [2025-02-01T00:11:45.175+0000] {dag.py:4138} INFO - Setting next_dagrun for example_branch_dop_operator_v3 to 2025-02-01 00:10:00+00:00, run_after=2025-02-01 00:11:00+00:00
[2025-02-01T00:11:45.194+0000] {processor.py:208} INFO - Processing /home/airflow/.local/lib/python3.12/site-packages/airflow/example_dags/example_branch_python_dop_operator_3.py took 0.076 seconds
[2025-02-01T00:12:15.396+0000] {processor.py:186} INFO - Started process (PID=26584) to work on /home/airflow/.local/lib/python3.12/site-packages/airflow/example_dags/example_branch_python_dop_operator_3.py
[2025-02-01T00:12:15.397+0000] {processor.py:914} INFO - Processing file /home/airflow/.local/lib/python3.12/site-packages/airflow/example_dags/example_branch_python_dop_operator_3.py for tasks to queue
[2025-02-01T00:12:15.398+0000] {logging_mixin.py:190} INFO - [2025-02-01T00:12:15.398+0000] {dagbag.py:587} INFO - Filling up the DagBag from /home/airflow/.local/lib/python3.12/site-packages/airflow/example_dags/example_branch_python_dop_operator_3.py
[2025-02-01T00:12:15.406+0000] {processor.py:925} INFO - DAG(s) 'example_branch_dop_operator_v3' retrieved from /home/airflow/.local/lib/python3.12/site-packages/airflow/example_dags/example_branch_python_dop_operator_3.py
[2025-02-01T00:12:15.425+0000] {logging_mixin.py:190} INFO - [2025-02-01T00:12:15.424+0000] {dag.py:3211} INFO - Sync 1 DAGs
[2025-02-01T00:12:15.449+0000] {logging_mixin.py:190} INFO - [2025-02-01T00:12:15.448+0000] {dag.py:4138} INFO - Setting next_dagrun for example_branch_dop_operator_v3 to 2025-02-01 00:11:00+00:00, run_after=2025-02-01 00:12:00+00:00
[2025-02-01T00:12:15.468+0000] {processor.py:208} INFO - Processing /home/airflow/.local/lib/python3.12/site-packages/airflow/example_dags/example_branch_python_dop_operator_3.py took 0.076 seconds
[2025-02-01T00:12:45.767+0000] {processor.py:186} INFO - Started process (PID=26647) to work on /home/airflow/.local/lib/python3.12/site-packages/airflow/example_dags/example_branch_python_dop_operator_3.py
[2025-02-01T00:12:45.768+0000] {processor.py:914} INFO - Processing file /home/airflow/.local/lib/python3.12/site-packages/airflow/example_dags/example_branch_python_dop_operator_3.py for tasks to queue
[2025-02-01T00:12:45.770+0000] {logging_mixin.py:190} INFO - [2025-02-01T00:12:45.770+0000] {dagbag.py:587} INFO - Filling up the DagBag from /home/airflow/.local/lib/python3.12/site-packages/airflow/example_dags/example_branch_python_dop_operator_3.py
[2025-02-01T00:12:45.778+0000] {processor.py:925} INFO - DAG(s) 'example_branch_dop_operator_v3' retrieved from /home/airflow/.local/lib/python3.12/site-packages/airflow/example_dags/example_branch_python_dop_operator_3.py
[2025-02-01T00:12:45.796+0000] {logging_mixin.py:190} INFO - [2025-02-01T00:12:45.796+0000] {dag.py:3211} INFO - Sync 1 DAGs
[2025-02-01T00:12:45.819+0000] {logging_mixin.py:190} INFO - [2025-02-01T00:12:45.818+0000] {dag.py:4138} INFO - Setting next_dagrun for example_branch_dop_operator_v3 to 2025-02-01 00:11:00+00:00, run_after=2025-02-01 00:12:00+00:00
[2025-02-01T00:12:45.837+0000] {processor.py:208} INFO - Processing /home/airflow/.local/lib/python3.12/site-packages/airflow/example_dags/example_branch_python_dop_operator_3.py took 0.075 seconds
[2025-02-01T00:13:15.921+0000] {processor.py:186} INFO - Started process (PID=26710) to work on /home/airflow/.local/lib/python3.12/site-packages/airflow/example_dags/example_branch_python_dop_operator_3.py
[2025-02-01T00:13:15.922+0000] {processor.py:914} INFO - Processing file /home/airflow/.local/lib/python3.12/site-packages/airflow/example_dags/example_branch_python_dop_operator_3.py for tasks to queue
[2025-02-01T00:13:15.923+0000] {logging_mixin.py:190} INFO - [2025-02-01T00:13:15.923+0000] {dagbag.py:587} INFO - Filling up the DagBag from /home/airflow/.local/lib/python3.12/site-packages/airflow/example_dags/example_branch_python_dop_operator_3.py
[2025-02-01T00:13:15.931+0000] {processor.py:925} INFO - DAG(s) 'example_branch_dop_operator_v3' retrieved from /home/airflow/.local/lib/python3.12/site-packages/airflow/example_dags/example_branch_python_dop_operator_3.py
[2025-02-01T00:13:15.948+0000] {logging_mixin.py:190} INFO - [2025-02-01T00:13:15.948+0000] {dag.py:3211} INFO - Sync 1 DAGs
[2025-02-01T00:13:15.970+0000] {logging_mixin.py:190} INFO - [2025-02-01T00:13:15.970+0000] {dag.py:4138} INFO - Setting next_dagrun for example_branch_dop_operator_v3 to 2025-02-01 00:12:00+00:00, run_after=2025-02-01 00:13:00+00:00
[2025-02-01T00:13:15.986+0000] {processor.py:208} INFO - Processing /home/airflow/.local/lib/python3.12/site-packages/airflow/example_dags/example_branch_python_dop_operator_3.py took 0.069 seconds
[2025-02-01T00:13:46.224+0000] {processor.py:186} INFO - Started process (PID=26773) to work on /home/airflow/.local/lib/python3.12/site-packages/airflow/example_dags/example_branch_python_dop_operator_3.py
[2025-02-01T00:13:46.225+0000] {processor.py:914} INFO - Processing file /home/airflow/.local/lib/python3.12/site-packages/airflow/example_dags/example_branch_python_dop_operator_3.py for tasks to queue
[2025-02-01T00:13:46.226+0000] {logging_mixin.py:190} INFO - [2025-02-01T00:13:46.226+0000] {dagbag.py:587} INFO - Filling up the DagBag from /home/airflow/.local/lib/python3.12/site-packages/airflow/example_dags/example_branch_python_dop_operator_3.py
[2025-02-01T00:13:46.234+0000] {processor.py:925} INFO - DAG(s) 'example_branch_dop_operator_v3' retrieved from /home/airflow/.local/lib/python3.12/site-packages/airflow/example_dags/example_branch_python_dop_operator_3.py
[2025-02-01T00:13:46.252+0000] {logging_mixin.py:190} INFO - [2025-02-01T00:13:46.251+0000] {dag.py:3211} INFO - Sync 1 DAGs
[2025-02-01T00:13:46.273+0000] {logging_mixin.py:190} INFO - [2025-02-01T00:13:46.273+0000] {dag.py:4138} INFO - Setting next_dagrun for example_branch_dop_operator_v3 to 2025-02-01 00:12:00+00:00, run_after=2025-02-01 00:13:00+00:00
[2025-02-01T00:13:46.291+0000] {processor.py:208} INFO - Processing /home/airflow/.local/lib/python3.12/site-packages/airflow/example_dags/example_branch_python_dop_operator_3.py took 0.072 seconds
[2025-02-01T00:14:16.495+0000] {processor.py:186} INFO - Started process (PID=26836) to work on /home/airflow/.local/lib/python3.12/site-packages/airflow/example_dags/example_branch_python_dop_operator_3.py
[2025-02-01T00:14:16.496+0000] {processor.py:914} INFO - Processing file /home/airflow/.local/lib/python3.12/site-packages/airflow/example_dags/example_branch_python_dop_operator_3.py for tasks to queue
[2025-02-01T00:14:16.497+0000] {logging_mixin.py:190} INFO - [2025-02-01T00:14:16.497+0000] {dagbag.py:587} INFO - Filling up the DagBag from /home/airflow/.local/lib/python3.12/site-packages/airflow/example_dags/example_branch_python_dop_operator_3.py
[2025-02-01T00:14:16.505+0000] {processor.py:925} INFO - DAG(s) 'example_branch_dop_operator_v3' retrieved from /home/airflow/.local/lib/python3.12/site-packages/airflow/example_dags/example_branch_python_dop_operator_3.py
[2025-02-01T00:14:16.523+0000] {logging_mixin.py:190} INFO - [2025-02-01T00:14:16.523+0000] {dag.py:3211} INFO - Sync 1 DAGs
[2025-02-01T00:14:16.544+0000] {logging_mixin.py:190} INFO - [2025-02-01T00:14:16.544+0000] {dag.py:4138} INFO - Setting next_dagrun for example_branch_dop_operator_v3 to 2025-02-01 00:13:00+00:00, run_after=2025-02-01 00:14:00+00:00
[2025-02-01T00:14:16.562+0000] {processor.py:208} INFO - Processing /home/airflow/.local/lib/python3.12/site-packages/airflow/example_dags/example_branch_python_dop_operator_3.py took 0.072 seconds
[2025-02-01T00:14:46.810+0000] {processor.py:186} INFO - Started process (PID=26899) to work on /home/airflow/.local/lib/python3.12/site-packages/airflow/example_dags/example_branch_python_dop_operator_3.py
[2025-02-01T00:14:46.811+0000] {processor.py:914} INFO - Processing file /home/airflow/.local/lib/python3.12/site-packages/airflow/example_dags/example_branch_python_dop_operator_3.py for tasks to queue
[2025-02-01T00:14:46.812+0000] {logging_mixin.py:190} INFO - [2025-02-01T00:14:46.812+0000] {dagbag.py:587} INFO - Filling up the DagBag from /home/airflow/.local/lib/python3.12/site-packages/airflow/example_dags/example_branch_python_dop_operator_3.py
[2025-02-01T00:14:46.826+0000] {processor.py:925} INFO - DAG(s) 'example_branch_dop_operator_v3' retrieved from /home/airflow/.local/lib/python3.12/site-packages/airflow/example_dags/example_branch_python_dop_operator_3.py
[2025-02-01T00:14:46.850+0000] {logging_mixin.py:190} INFO - [2025-02-01T00:14:46.850+0000] {dag.py:3211} INFO - Sync 1 DAGs
[2025-02-01T00:14:46.886+0000] {logging_mixin.py:190} INFO - [2025-02-01T00:14:46.886+0000] {dag.py:4138} INFO - Setting next_dagrun for example_branch_dop_operator_v3 to 2025-02-01 00:13:00+00:00, run_after=2025-02-01 00:14:00+00:00
[2025-02-01T00:14:46.913+0000] {processor.py:208} INFO - Processing /home/airflow/.local/lib/python3.12/site-packages/airflow/example_dags/example_branch_python_dop_operator_3.py took 0.107 seconds
[2025-02-01T00:15:17.280+0000] {processor.py:186} INFO - Started process (PID=26962) to work on /home/airflow/.local/lib/python3.12/site-packages/airflow/example_dags/example_branch_python_dop_operator_3.py
[2025-02-01T00:15:17.281+0000] {processor.py:914} INFO - Processing file /home/airflow/.local/lib/python3.12/site-packages/airflow/example_dags/example_branch_python_dop_operator_3.py for tasks to queue
[2025-02-01T00:15:17.282+0000] {logging_mixin.py:190} INFO - [2025-02-01T00:15:17.282+0000] {dagbag.py:587} INFO - Filling up the DagBag from /home/airflow/.local/lib/python3.12/site-packages/airflow/example_dags/example_branch_python_dop_operator_3.py
[2025-02-01T00:15:17.290+0000] {processor.py:925} INFO - DAG(s) 'example_branch_dop_operator_v3' retrieved from /home/airflow/.local/lib/python3.12/site-packages/airflow/example_dags/example_branch_python_dop_operator_3.py
[2025-02-01T00:15:17.309+0000] {logging_mixin.py:190} INFO - [2025-02-01T00:15:17.309+0000] {dag.py:3211} INFO - Sync 1 DAGs
[2025-02-01T00:15:17.332+0000] {logging_mixin.py:190} INFO - [2025-02-01T00:15:17.332+0000] {dag.py:4138} INFO - Setting next_dagrun for example_branch_dop_operator_v3 to 2025-02-01 00:14:00+00:00, run_after=2025-02-01 00:15:00+00:00
[2025-02-01T00:15:17.350+0000] {processor.py:208} INFO - Processing /home/airflow/.local/lib/python3.12/site-packages/airflow/example_dags/example_branch_python_dop_operator_3.py took 0.075 seconds
[2025-02-01T00:15:47.702+0000] {processor.py:186} INFO - Started process (PID=27025) to work on /home/airflow/.local/lib/python3.12/site-packages/airflow/example_dags/example_branch_python_dop_operator_3.py
[2025-02-01T00:15:47.703+0000] {processor.py:914} INFO - Processing file /home/airflow/.local/lib/python3.12/site-packages/airflow/example_dags/example_branch_python_dop_operator_3.py for tasks to queue
[2025-02-01T00:15:47.705+0000] {logging_mixin.py:190} INFO - [2025-02-01T00:15:47.705+0000] {dagbag.py:587} INFO - Filling up the DagBag from /home/airflow/.local/lib/python3.12/site-packages/airflow/example_dags/example_branch_python_dop_operator_3.py
[2025-02-01T00:15:47.714+0000] {processor.py:925} INFO - DAG(s) 'example_branch_dop_operator_v3' retrieved from /home/airflow/.local/lib/python3.12/site-packages/airflow/example_dags/example_branch_python_dop_operator_3.py
[2025-02-01T00:15:47.737+0000] {logging_mixin.py:190} INFO - [2025-02-01T00:15:47.736+0000] {dag.py:3211} INFO - Sync 1 DAGs
[2025-02-01T00:15:47.760+0000] {logging_mixin.py:190} INFO - [2025-02-01T00:15:47.760+0000] {dag.py:4138} INFO - Setting next_dagrun for example_branch_dop_operator_v3 to 2025-02-01 00:14:00+00:00, run_after=2025-02-01 00:15:00+00:00
[2025-02-01T00:15:47.783+0000] {processor.py:208} INFO - Processing /home/airflow/.local/lib/python3.12/site-packages/airflow/example_dags/example_branch_python_dop_operator_3.py took 0.088 seconds
[2025-02-01T00:16:17.885+0000] {processor.py:186} INFO - Started process (PID=27088) to work on /home/airflow/.local/lib/python3.12/site-packages/airflow/example_dags/example_branch_python_dop_operator_3.py
[2025-02-01T00:16:17.887+0000] {processor.py:914} INFO - Processing file /home/airflow/.local/lib/python3.12/site-packages/airflow/example_dags/example_branch_python_dop_operator_3.py for tasks to queue
[2025-02-01T00:16:17.888+0000] {logging_mixin.py:190} INFO - [2025-02-01T00:16:17.887+0000] {dagbag.py:587} INFO - Filling up the DagBag from /home/airflow/.local/lib/python3.12/site-packages/airflow/example_dags/example_branch_python_dop_operator_3.py
[2025-02-01T00:16:17.902+0000] {processor.py:925} INFO - DAG(s) 'example_branch_dop_operator_v3' retrieved from /home/airflow/.local/lib/python3.12/site-packages/airflow/example_dags/example_branch_python_dop_operator_3.py
[2025-02-01T00:16:17.919+0000] {logging_mixin.py:190} INFO - [2025-02-01T00:16:17.919+0000] {dag.py:3211} INFO - Sync 1 DAGs
[2025-02-01T00:16:17.940+0000] {logging_mixin.py:190} INFO - [2025-02-01T00:16:17.940+0000] {dag.py:4138} INFO - Setting next_dagrun for example_branch_dop_operator_v3 to 2025-02-01 00:15:00+00:00, run_after=2025-02-01 00:16:00+00:00
[2025-02-01T00:16:17.960+0000] {processor.py:208} INFO - Processing /home/airflow/.local/lib/python3.12/site-packages/airflow/example_dags/example_branch_python_dop_operator_3.py took 0.079 seconds
