[2025-02-01T00:00:12.605+0000] {processor.py:186} INFO - Started process (PID=25085) to work on /home/airflow/.local/lib/python3.12/site-packages/airflow/example_dags/example_time_delta_sensor_async.py
[2025-02-01T00:00:12.606+0000] {processor.py:914} INFO - Processing file /home/airflow/.local/lib/python3.12/site-packages/airflow/example_dags/example_time_delta_sensor_async.py for tasks to queue
[2025-02-01T00:00:12.608+0000] {logging_mixin.py:190} INFO - [2025-02-01T00:00:12.607+0000] {dagbag.py:587} INFO - Filling up the DagBag from /home/airflow/.local/lib/python3.12/site-packages/airflow/example_dags/example_time_delta_sensor_async.py
[2025-02-01T00:00:12.625+0000] {processor.py:925} INFO - DAG(s) 'example_time_delta_sensor_async' retrieved from /home/airflow/.local/lib/python3.12/site-packages/airflow/example_dags/example_time_delta_sensor_async.py
[2025-02-01T00:00:12.643+0000] {logging_mixin.py:190} INFO - [2025-02-01T00:00:12.643+0000] {dag.py:3211} INFO - Sync 1 DAGs
[2025-02-01T00:00:12.656+0000] {logging_mixin.py:190} INFO - [2025-02-01T00:00:12.655+0000] {dag.py:4138} INFO - Setting next_dagrun for example_time_delta_sensor_async to None, run_after=None
[2025-02-01T00:00:12.680+0000] {processor.py:208} INFO - Processing /home/airflow/.local/lib/python3.12/site-packages/airflow/example_dags/example_time_delta_sensor_async.py took 0.080 seconds
[2025-02-01T00:00:43.031+0000] {processor.py:186} INFO - Started process (PID=25148) to work on /home/airflow/.local/lib/python3.12/site-packages/airflow/example_dags/example_time_delta_sensor_async.py
[2025-02-01T00:00:43.032+0000] {processor.py:914} INFO - Processing file /home/airflow/.local/lib/python3.12/site-packages/airflow/example_dags/example_time_delta_sensor_async.py for tasks to queue
[2025-02-01T00:00:43.033+0000] {logging_mixin.py:190} INFO - [2025-02-01T00:00:43.033+0000] {dagbag.py:587} INFO - Filling up the DagBag from /home/airflow/.local/lib/python3.12/site-packages/airflow/example_dags/example_time_delta_sensor_async.py
[2025-02-01T00:00:43.038+0000] {processor.py:925} INFO - DAG(s) 'example_time_delta_sensor_async' retrieved from /home/airflow/.local/lib/python3.12/site-packages/airflow/example_dags/example_time_delta_sensor_async.py
[2025-02-01T00:00:43.055+0000] {logging_mixin.py:190} INFO - [2025-02-01T00:00:43.055+0000] {dag.py:3211} INFO - Sync 1 DAGs
[2025-02-01T00:00:43.069+0000] {logging_mixin.py:190} INFO - [2025-02-01T00:00:43.068+0000] {dag.py:4138} INFO - Setting next_dagrun for example_time_delta_sensor_async to None, run_after=None
[2025-02-01T00:00:43.086+0000] {processor.py:208} INFO - Processing /home/airflow/.local/lib/python3.12/site-packages/airflow/example_dags/example_time_delta_sensor_async.py took 0.060 seconds
[2025-02-01T00:01:13.332+0000] {processor.py:186} INFO - Started process (PID=25211) to work on /home/airflow/.local/lib/python3.12/site-packages/airflow/example_dags/example_time_delta_sensor_async.py
[2025-02-01T00:01:13.333+0000] {processor.py:914} INFO - Processing file /home/airflow/.local/lib/python3.12/site-packages/airflow/example_dags/example_time_delta_sensor_async.py for tasks to queue
[2025-02-01T00:01:13.334+0000] {logging_mixin.py:190} INFO - [2025-02-01T00:01:13.334+0000] {dagbag.py:587} INFO - Filling up the DagBag from /home/airflow/.local/lib/python3.12/site-packages/airflow/example_dags/example_time_delta_sensor_async.py
[2025-02-01T00:01:13.339+0000] {processor.py:925} INFO - DAG(s) 'example_time_delta_sensor_async' retrieved from /home/airflow/.local/lib/python3.12/site-packages/airflow/example_dags/example_time_delta_sensor_async.py
[2025-02-01T00:01:13.357+0000] {logging_mixin.py:190} INFO - [2025-02-01T00:01:13.357+0000] {dag.py:3211} INFO - Sync 1 DAGs
[2025-02-01T00:01:13.369+0000] {logging_mixin.py:190} INFO - [2025-02-01T00:01:13.369+0000] {dag.py:4138} INFO - Setting next_dagrun for example_time_delta_sensor_async to None, run_after=None
[2025-02-01T00:01:13.387+0000] {processor.py:208} INFO - Processing /home/airflow/.local/lib/python3.12/site-packages/airflow/example_dags/example_time_delta_sensor_async.py took 0.060 seconds
[2025-02-01T00:01:43.658+0000] {processor.py:186} INFO - Started process (PID=25274) to work on /home/airflow/.local/lib/python3.12/site-packages/airflow/example_dags/example_time_delta_sensor_async.py
[2025-02-01T00:01:43.659+0000] {processor.py:914} INFO - Processing file /home/airflow/.local/lib/python3.12/site-packages/airflow/example_dags/example_time_delta_sensor_async.py for tasks to queue
[2025-02-01T00:01:43.660+0000] {logging_mixin.py:190} INFO - [2025-02-01T00:01:43.660+0000] {dagbag.py:587} INFO - Filling up the DagBag from /home/airflow/.local/lib/python3.12/site-packages/airflow/example_dags/example_time_delta_sensor_async.py
[2025-02-01T00:01:43.666+0000] {processor.py:925} INFO - DAG(s) 'example_time_delta_sensor_async' retrieved from /home/airflow/.local/lib/python3.12/site-packages/airflow/example_dags/example_time_delta_sensor_async.py
[2025-02-01T00:01:43.683+0000] {logging_mixin.py:190} INFO - [2025-02-01T00:01:43.683+0000] {dag.py:3211} INFO - Sync 1 DAGs
[2025-02-01T00:01:43.700+0000] {logging_mixin.py:190} INFO - [2025-02-01T00:01:43.700+0000] {dag.py:4138} INFO - Setting next_dagrun for example_time_delta_sensor_async to None, run_after=None
[2025-02-01T00:01:43.718+0000] {processor.py:208} INFO - Processing /home/airflow/.local/lib/python3.12/site-packages/airflow/example_dags/example_time_delta_sensor_async.py took 0.065 seconds
[2025-02-01T00:02:13.775+0000] {processor.py:186} INFO - Started process (PID=25337) to work on /home/airflow/.local/lib/python3.12/site-packages/airflow/example_dags/example_time_delta_sensor_async.py
[2025-02-01T00:02:13.775+0000] {processor.py:914} INFO - Processing file /home/airflow/.local/lib/python3.12/site-packages/airflow/example_dags/example_time_delta_sensor_async.py for tasks to queue
[2025-02-01T00:02:13.777+0000] {logging_mixin.py:190} INFO - [2025-02-01T00:02:13.776+0000] {dagbag.py:587} INFO - Filling up the DagBag from /home/airflow/.local/lib/python3.12/site-packages/airflow/example_dags/example_time_delta_sensor_async.py
[2025-02-01T00:02:13.782+0000] {processor.py:925} INFO - DAG(s) 'example_time_delta_sensor_async' retrieved from /home/airflow/.local/lib/python3.12/site-packages/airflow/example_dags/example_time_delta_sensor_async.py
[2025-02-01T00:02:13.799+0000] {logging_mixin.py:190} INFO - [2025-02-01T00:02:13.799+0000] {dag.py:3211} INFO - Sync 1 DAGs
[2025-02-01T00:02:13.811+0000] {logging_mixin.py:190} INFO - [2025-02-01T00:02:13.811+0000] {dag.py:4138} INFO - Setting next_dagrun for example_time_delta_sensor_async to None, run_after=None
[2025-02-01T00:02:13.830+0000] {processor.py:208} INFO - Processing /home/airflow/.local/lib/python3.12/site-packages/airflow/example_dags/example_time_delta_sensor_async.py took 0.060 seconds
[2025-02-01T00:02:44.017+0000] {processor.py:186} INFO - Started process (PID=25400) to work on /home/airflow/.local/lib/python3.12/site-packages/airflow/example_dags/example_time_delta_sensor_async.py
[2025-02-01T00:02:44.018+0000] {processor.py:914} INFO - Processing file /home/airflow/.local/lib/python3.12/site-packages/airflow/example_dags/example_time_delta_sensor_async.py for tasks to queue
[2025-02-01T00:02:44.019+0000] {logging_mixin.py:190} INFO - [2025-02-01T00:02:44.019+0000] {dagbag.py:587} INFO - Filling up the DagBag from /home/airflow/.local/lib/python3.12/site-packages/airflow/example_dags/example_time_delta_sensor_async.py
[2025-02-01T00:02:44.024+0000] {processor.py:925} INFO - DAG(s) 'example_time_delta_sensor_async' retrieved from /home/airflow/.local/lib/python3.12/site-packages/airflow/example_dags/example_time_delta_sensor_async.py
[2025-02-01T00:02:44.042+0000] {logging_mixin.py:190} INFO - [2025-02-01T00:02:44.042+0000] {dag.py:3211} INFO - Sync 1 DAGs
[2025-02-01T00:02:44.055+0000] {logging_mixin.py:190} INFO - [2025-02-01T00:02:44.055+0000] {dag.py:4138} INFO - Setting next_dagrun for example_time_delta_sensor_async to None, run_after=None
[2025-02-01T00:02:44.073+0000] {processor.py:208} INFO - Processing /home/airflow/.local/lib/python3.12/site-packages/airflow/example_dags/example_time_delta_sensor_async.py took 0.061 seconds
[2025-02-01T00:03:14.236+0000] {processor.py:186} INFO - Started process (PID=25463) to work on /home/airflow/.local/lib/python3.12/site-packages/airflow/example_dags/example_time_delta_sensor_async.py
[2025-02-01T00:03:14.237+0000] {processor.py:914} INFO - Processing file /home/airflow/.local/lib/python3.12/site-packages/airflow/example_dags/example_time_delta_sensor_async.py for tasks to queue
[2025-02-01T00:03:14.238+0000] {logging_mixin.py:190} INFO - [2025-02-01T00:03:14.237+0000] {dagbag.py:587} INFO - Filling up the DagBag from /home/airflow/.local/lib/python3.12/site-packages/airflow/example_dags/example_time_delta_sensor_async.py
[2025-02-01T00:03:14.243+0000] {processor.py:925} INFO - DAG(s) 'example_time_delta_sensor_async' retrieved from /home/airflow/.local/lib/python3.12/site-packages/airflow/example_dags/example_time_delta_sensor_async.py
[2025-02-01T00:03:14.261+0000] {logging_mixin.py:190} INFO - [2025-02-01T00:03:14.261+0000] {dag.py:3211} INFO - Sync 1 DAGs
[2025-02-01T00:03:14.274+0000] {logging_mixin.py:190} INFO - [2025-02-01T00:03:14.273+0000] {dag.py:4138} INFO - Setting next_dagrun for example_time_delta_sensor_async to None, run_after=None
[2025-02-01T00:03:14.293+0000] {processor.py:208} INFO - Processing /home/airflow/.local/lib/python3.12/site-packages/airflow/example_dags/example_time_delta_sensor_async.py took 0.063 seconds
[2025-02-01T00:03:44.449+0000] {processor.py:186} INFO - Started process (PID=25526) to work on /home/airflow/.local/lib/python3.12/site-packages/airflow/example_dags/example_time_delta_sensor_async.py
[2025-02-01T00:03:44.450+0000] {processor.py:914} INFO - Processing file /home/airflow/.local/lib/python3.12/site-packages/airflow/example_dags/example_time_delta_sensor_async.py for tasks to queue
[2025-02-01T00:03:44.451+0000] {logging_mixin.py:190} INFO - [2025-02-01T00:03:44.450+0000] {dagbag.py:587} INFO - Filling up the DagBag from /home/airflow/.local/lib/python3.12/site-packages/airflow/example_dags/example_time_delta_sensor_async.py
[2025-02-01T00:03:44.456+0000] {processor.py:925} INFO - DAG(s) 'example_time_delta_sensor_async' retrieved from /home/airflow/.local/lib/python3.12/site-packages/airflow/example_dags/example_time_delta_sensor_async.py
[2025-02-01T00:03:44.474+0000] {logging_mixin.py:190} INFO - [2025-02-01T00:03:44.474+0000] {dag.py:3211} INFO - Sync 1 DAGs
[2025-02-01T00:03:44.486+0000] {logging_mixin.py:190} INFO - [2025-02-01T00:03:44.486+0000] {dag.py:4138} INFO - Setting next_dagrun for example_time_delta_sensor_async to None, run_after=None
[2025-02-01T00:03:44.503+0000] {processor.py:208} INFO - Processing /home/airflow/.local/lib/python3.12/site-packages/airflow/example_dags/example_time_delta_sensor_async.py took 0.058 seconds
[2025-02-01T00:04:14.651+0000] {processor.py:186} INFO - Started process (PID=25589) to work on /home/airflow/.local/lib/python3.12/site-packages/airflow/example_dags/example_time_delta_sensor_async.py
[2025-02-01T00:04:14.651+0000] {processor.py:914} INFO - Processing file /home/airflow/.local/lib/python3.12/site-packages/airflow/example_dags/example_time_delta_sensor_async.py for tasks to queue
[2025-02-01T00:04:14.652+0000] {logging_mixin.py:190} INFO - [2025-02-01T00:04:14.652+0000] {dagbag.py:587} INFO - Filling up the DagBag from /home/airflow/.local/lib/python3.12/site-packages/airflow/example_dags/example_time_delta_sensor_async.py
[2025-02-01T00:04:14.657+0000] {processor.py:925} INFO - DAG(s) 'example_time_delta_sensor_async' retrieved from /home/airflow/.local/lib/python3.12/site-packages/airflow/example_dags/example_time_delta_sensor_async.py
[2025-02-01T00:04:14.674+0000] {logging_mixin.py:190} INFO - [2025-02-01T00:04:14.674+0000] {dag.py:3211} INFO - Sync 1 DAGs
[2025-02-01T00:04:14.687+0000] {logging_mixin.py:190} INFO - [2025-02-01T00:04:14.686+0000] {dag.py:4138} INFO - Setting next_dagrun for example_time_delta_sensor_async to None, run_after=None
[2025-02-01T00:04:14.702+0000] {processor.py:208} INFO - Processing /home/airflow/.local/lib/python3.12/site-packages/airflow/example_dags/example_time_delta_sensor_async.py took 0.056 seconds
[2025-02-01T00:04:44.806+0000] {processor.py:186} INFO - Started process (PID=25652) to work on /home/airflow/.local/lib/python3.12/site-packages/airflow/example_dags/example_time_delta_sensor_async.py
[2025-02-01T00:04:44.807+0000] {processor.py:914} INFO - Processing file /home/airflow/.local/lib/python3.12/site-packages/airflow/example_dags/example_time_delta_sensor_async.py for tasks to queue
[2025-02-01T00:04:44.808+0000] {logging_mixin.py:190} INFO - [2025-02-01T00:04:44.808+0000] {dagbag.py:587} INFO - Filling up the DagBag from /home/airflow/.local/lib/python3.12/site-packages/airflow/example_dags/example_time_delta_sensor_async.py
[2025-02-01T00:04:44.814+0000] {processor.py:925} INFO - DAG(s) 'example_time_delta_sensor_async' retrieved from /home/airflow/.local/lib/python3.12/site-packages/airflow/example_dags/example_time_delta_sensor_async.py
[2025-02-01T00:04:44.832+0000] {logging_mixin.py:190} INFO - [2025-02-01T00:04:44.832+0000] {dag.py:3211} INFO - Sync 1 DAGs
[2025-02-01T00:04:44.845+0000] {logging_mixin.py:190} INFO - [2025-02-01T00:04:44.844+0000] {dag.py:4138} INFO - Setting next_dagrun for example_time_delta_sensor_async to None, run_after=None
[2025-02-01T00:04:44.861+0000] {processor.py:208} INFO - Processing /home/airflow/.local/lib/python3.12/site-packages/airflow/example_dags/example_time_delta_sensor_async.py took 0.059 seconds
[2025-02-01T00:05:15.097+0000] {processor.py:186} INFO - Started process (PID=25715) to work on /home/airflow/.local/lib/python3.12/site-packages/airflow/example_dags/example_time_delta_sensor_async.py
[2025-02-01T00:05:15.098+0000] {processor.py:914} INFO - Processing file /home/airflow/.local/lib/python3.12/site-packages/airflow/example_dags/example_time_delta_sensor_async.py for tasks to queue
[2025-02-01T00:05:15.099+0000] {logging_mixin.py:190} INFO - [2025-02-01T00:05:15.098+0000] {dagbag.py:587} INFO - Filling up the DagBag from /home/airflow/.local/lib/python3.12/site-packages/airflow/example_dags/example_time_delta_sensor_async.py
[2025-02-01T00:05:15.104+0000] {processor.py:925} INFO - DAG(s) 'example_time_delta_sensor_async' retrieved from /home/airflow/.local/lib/python3.12/site-packages/airflow/example_dags/example_time_delta_sensor_async.py
[2025-02-01T00:05:15.122+0000] {logging_mixin.py:190} INFO - [2025-02-01T00:05:15.121+0000] {dag.py:3211} INFO - Sync 1 DAGs
[2025-02-01T00:05:15.135+0000] {logging_mixin.py:190} INFO - [2025-02-01T00:05:15.134+0000] {dag.py:4138} INFO - Setting next_dagrun for example_time_delta_sensor_async to None, run_after=None
[2025-02-01T00:05:15.152+0000] {processor.py:208} INFO - Processing /home/airflow/.local/lib/python3.12/site-packages/airflow/example_dags/example_time_delta_sensor_async.py took 0.060 seconds
[2025-02-01T00:05:45.458+0000] {processor.py:186} INFO - Started process (PID=25778) to work on /home/airflow/.local/lib/python3.12/site-packages/airflow/example_dags/example_time_delta_sensor_async.py
[2025-02-01T00:05:45.459+0000] {processor.py:914} INFO - Processing file /home/airflow/.local/lib/python3.12/site-packages/airflow/example_dags/example_time_delta_sensor_async.py for tasks to queue
[2025-02-01T00:05:45.460+0000] {logging_mixin.py:190} INFO - [2025-02-01T00:05:45.460+0000] {dagbag.py:587} INFO - Filling up the DagBag from /home/airflow/.local/lib/python3.12/site-packages/airflow/example_dags/example_time_delta_sensor_async.py
[2025-02-01T00:05:45.465+0000] {processor.py:925} INFO - DAG(s) 'example_time_delta_sensor_async' retrieved from /home/airflow/.local/lib/python3.12/site-packages/airflow/example_dags/example_time_delta_sensor_async.py
[2025-02-01T00:05:45.482+0000] {logging_mixin.py:190} INFO - [2025-02-01T00:05:45.482+0000] {dag.py:3211} INFO - Sync 1 DAGs
[2025-02-01T00:05:45.495+0000] {logging_mixin.py:190} INFO - [2025-02-01T00:05:45.495+0000] {dag.py:4138} INFO - Setting next_dagrun for example_time_delta_sensor_async to None, run_after=None
[2025-02-01T00:05:45.513+0000] {processor.py:208} INFO - Processing /home/airflow/.local/lib/python3.12/site-packages/airflow/example_dags/example_time_delta_sensor_async.py took 0.059 seconds
[2025-02-01T00:06:15.739+0000] {processor.py:186} INFO - Started process (PID=25841) to work on /home/airflow/.local/lib/python3.12/site-packages/airflow/example_dags/example_time_delta_sensor_async.py
[2025-02-01T00:06:15.739+0000] {processor.py:914} INFO - Processing file /home/airflow/.local/lib/python3.12/site-packages/airflow/example_dags/example_time_delta_sensor_async.py for tasks to queue
[2025-02-01T00:06:15.741+0000] {logging_mixin.py:190} INFO - [2025-02-01T00:06:15.740+0000] {dagbag.py:587} INFO - Filling up the DagBag from /home/airflow/.local/lib/python3.12/site-packages/airflow/example_dags/example_time_delta_sensor_async.py
[2025-02-01T00:06:15.746+0000] {processor.py:925} INFO - DAG(s) 'example_time_delta_sensor_async' retrieved from /home/airflow/.local/lib/python3.12/site-packages/airflow/example_dags/example_time_delta_sensor_async.py
[2025-02-01T00:06:15.763+0000] {logging_mixin.py:190} INFO - [2025-02-01T00:06:15.763+0000] {dag.py:3211} INFO - Sync 1 DAGs
[2025-02-01T00:06:15.776+0000] {logging_mixin.py:190} INFO - [2025-02-01T00:06:15.776+0000] {dag.py:4138} INFO - Setting next_dagrun for example_time_delta_sensor_async to None, run_after=None
[2025-02-01T00:06:15.793+0000] {processor.py:208} INFO - Processing /home/airflow/.local/lib/python3.12/site-packages/airflow/example_dags/example_time_delta_sensor_async.py took 0.060 seconds
[2025-02-01T00:06:46.026+0000] {processor.py:186} INFO - Started process (PID=25904) to work on /home/airflow/.local/lib/python3.12/site-packages/airflow/example_dags/example_time_delta_sensor_async.py
[2025-02-01T00:06:46.027+0000] {processor.py:914} INFO - Processing file /home/airflow/.local/lib/python3.12/site-packages/airflow/example_dags/example_time_delta_sensor_async.py for tasks to queue
[2025-02-01T00:06:46.028+0000] {logging_mixin.py:190} INFO - [2025-02-01T00:06:46.028+0000] {dagbag.py:587} INFO - Filling up the DagBag from /home/airflow/.local/lib/python3.12/site-packages/airflow/example_dags/example_time_delta_sensor_async.py
[2025-02-01T00:06:46.033+0000] {processor.py:925} INFO - DAG(s) 'example_time_delta_sensor_async' retrieved from /home/airflow/.local/lib/python3.12/site-packages/airflow/example_dags/example_time_delta_sensor_async.py
[2025-02-01T00:06:46.052+0000] {logging_mixin.py:190} INFO - [2025-02-01T00:06:46.052+0000] {dag.py:3211} INFO - Sync 1 DAGs
[2025-02-01T00:06:46.065+0000] {logging_mixin.py:190} INFO - [2025-02-01T00:06:46.065+0000] {dag.py:4138} INFO - Setting next_dagrun for example_time_delta_sensor_async to None, run_after=None
[2025-02-01T00:06:46.083+0000] {processor.py:208} INFO - Processing /home/airflow/.local/lib/python3.12/site-packages/airflow/example_dags/example_time_delta_sensor_async.py took 0.062 seconds
[2025-02-01T00:07:16.390+0000] {processor.py:186} INFO - Started process (PID=25967) to work on /home/airflow/.local/lib/python3.12/site-packages/airflow/example_dags/example_time_delta_sensor_async.py
[2025-02-01T00:07:16.391+0000] {processor.py:914} INFO - Processing file /home/airflow/.local/lib/python3.12/site-packages/airflow/example_dags/example_time_delta_sensor_async.py for tasks to queue
[2025-02-01T00:07:16.392+0000] {logging_mixin.py:190} INFO - [2025-02-01T00:07:16.391+0000] {dagbag.py:587} INFO - Filling up the DagBag from /home/airflow/.local/lib/python3.12/site-packages/airflow/example_dags/example_time_delta_sensor_async.py
[2025-02-01T00:07:16.397+0000] {processor.py:925} INFO - DAG(s) 'example_time_delta_sensor_async' retrieved from /home/airflow/.local/lib/python3.12/site-packages/airflow/example_dags/example_time_delta_sensor_async.py
[2025-02-01T00:07:16.415+0000] {logging_mixin.py:190} INFO - [2025-02-01T00:07:16.415+0000] {dag.py:3211} INFO - Sync 1 DAGs
[2025-02-01T00:07:16.428+0000] {logging_mixin.py:190} INFO - [2025-02-01T00:07:16.428+0000] {dag.py:4138} INFO - Setting next_dagrun for example_time_delta_sensor_async to None, run_after=None
[2025-02-01T00:07:16.483+0000] {processor.py:208} INFO - Processing /home/airflow/.local/lib/python3.12/site-packages/airflow/example_dags/example_time_delta_sensor_async.py took 0.098 seconds
[2025-02-01T00:07:46.527+0000] {processor.py:186} INFO - Started process (PID=26030) to work on /home/airflow/.local/lib/python3.12/site-packages/airflow/example_dags/example_time_delta_sensor_async.py
[2025-02-01T00:07:46.528+0000] {processor.py:914} INFO - Processing file /home/airflow/.local/lib/python3.12/site-packages/airflow/example_dags/example_time_delta_sensor_async.py for tasks to queue
[2025-02-01T00:07:46.529+0000] {logging_mixin.py:190} INFO - [2025-02-01T00:07:46.528+0000] {dagbag.py:587} INFO - Filling up the DagBag from /home/airflow/.local/lib/python3.12/site-packages/airflow/example_dags/example_time_delta_sensor_async.py
[2025-02-01T00:07:46.534+0000] {processor.py:925} INFO - DAG(s) 'example_time_delta_sensor_async' retrieved from /home/airflow/.local/lib/python3.12/site-packages/airflow/example_dags/example_time_delta_sensor_async.py
[2025-02-01T00:07:46.552+0000] {logging_mixin.py:190} INFO - [2025-02-01T00:07:46.552+0000] {dag.py:3211} INFO - Sync 1 DAGs
[2025-02-01T00:07:46.565+0000] {logging_mixin.py:190} INFO - [2025-02-01T00:07:46.565+0000] {dag.py:4138} INFO - Setting next_dagrun for example_time_delta_sensor_async to None, run_after=None
[2025-02-01T00:07:46.584+0000] {processor.py:208} INFO - Processing /home/airflow/.local/lib/python3.12/site-packages/airflow/example_dags/example_time_delta_sensor_async.py took 0.062 seconds
[2025-02-01T00:08:16.797+0000] {processor.py:186} INFO - Started process (PID=26092) to work on /home/airflow/.local/lib/python3.12/site-packages/airflow/example_dags/example_time_delta_sensor_async.py
[2025-02-01T00:08:16.798+0000] {processor.py:914} INFO - Processing file /home/airflow/.local/lib/python3.12/site-packages/airflow/example_dags/example_time_delta_sensor_async.py for tasks to queue
[2025-02-01T00:08:16.799+0000] {logging_mixin.py:190} INFO - [2025-02-01T00:08:16.799+0000] {dagbag.py:587} INFO - Filling up the DagBag from /home/airflow/.local/lib/python3.12/site-packages/airflow/example_dags/example_time_delta_sensor_async.py
[2025-02-01T00:08:16.804+0000] {processor.py:925} INFO - DAG(s) 'example_time_delta_sensor_async' retrieved from /home/airflow/.local/lib/python3.12/site-packages/airflow/example_dags/example_time_delta_sensor_async.py
[2025-02-01T00:08:16.821+0000] {logging_mixin.py:190} INFO - [2025-02-01T00:08:16.821+0000] {dag.py:3211} INFO - Sync 1 DAGs
[2025-02-01T00:08:16.834+0000] {logging_mixin.py:190} INFO - [2025-02-01T00:08:16.834+0000] {dag.py:4138} INFO - Setting next_dagrun for example_time_delta_sensor_async to None, run_after=None
[2025-02-01T00:08:16.852+0000] {processor.py:208} INFO - Processing /home/airflow/.local/lib/python3.12/site-packages/airflow/example_dags/example_time_delta_sensor_async.py took 0.060 seconds
[2025-02-01T00:08:47.073+0000] {processor.py:186} INFO - Started process (PID=26155) to work on /home/airflow/.local/lib/python3.12/site-packages/airflow/example_dags/example_time_delta_sensor_async.py
[2025-02-01T00:08:47.074+0000] {processor.py:914} INFO - Processing file /home/airflow/.local/lib/python3.12/site-packages/airflow/example_dags/example_time_delta_sensor_async.py for tasks to queue
[2025-02-01T00:08:47.075+0000] {logging_mixin.py:190} INFO - [2025-02-01T00:08:47.075+0000] {dagbag.py:587} INFO - Filling up the DagBag from /home/airflow/.local/lib/python3.12/site-packages/airflow/example_dags/example_time_delta_sensor_async.py
[2025-02-01T00:08:47.080+0000] {processor.py:925} INFO - DAG(s) 'example_time_delta_sensor_async' retrieved from /home/airflow/.local/lib/python3.12/site-packages/airflow/example_dags/example_time_delta_sensor_async.py
[2025-02-01T00:08:47.098+0000] {logging_mixin.py:190} INFO - [2025-02-01T00:08:47.097+0000] {dag.py:3211} INFO - Sync 1 DAGs
[2025-02-01T00:08:47.110+0000] {logging_mixin.py:190} INFO - [2025-02-01T00:08:47.110+0000] {dag.py:4138} INFO - Setting next_dagrun for example_time_delta_sensor_async to None, run_after=None
[2025-02-01T00:08:47.136+0000] {processor.py:208} INFO - Processing /home/airflow/.local/lib/python3.12/site-packages/airflow/example_dags/example_time_delta_sensor_async.py took 0.067 seconds
[2025-02-01T00:09:17.459+0000] {processor.py:186} INFO - Started process (PID=26218) to work on /home/airflow/.local/lib/python3.12/site-packages/airflow/example_dags/example_time_delta_sensor_async.py
[2025-02-01T00:09:17.460+0000] {processor.py:914} INFO - Processing file /home/airflow/.local/lib/python3.12/site-packages/airflow/example_dags/example_time_delta_sensor_async.py for tasks to queue
[2025-02-01T00:09:17.461+0000] {logging_mixin.py:190} INFO - [2025-02-01T00:09:17.461+0000] {dagbag.py:587} INFO - Filling up the DagBag from /home/airflow/.local/lib/python3.12/site-packages/airflow/example_dags/example_time_delta_sensor_async.py
[2025-02-01T00:09:17.466+0000] {processor.py:925} INFO - DAG(s) 'example_time_delta_sensor_async' retrieved from /home/airflow/.local/lib/python3.12/site-packages/airflow/example_dags/example_time_delta_sensor_async.py
[2025-02-01T00:09:17.485+0000] {logging_mixin.py:190} INFO - [2025-02-01T00:09:17.484+0000] {dag.py:3211} INFO - Sync 1 DAGs
[2025-02-01T00:09:17.497+0000] {logging_mixin.py:190} INFO - [2025-02-01T00:09:17.497+0000] {dag.py:4138} INFO - Setting next_dagrun for example_time_delta_sensor_async to None, run_after=None
[2025-02-01T00:09:17.515+0000] {processor.py:208} INFO - Processing /home/airflow/.local/lib/python3.12/site-packages/airflow/example_dags/example_time_delta_sensor_async.py took 0.061 seconds
[2025-02-01T00:09:47.581+0000] {processor.py:186} INFO - Started process (PID=26281) to work on /home/airflow/.local/lib/python3.12/site-packages/airflow/example_dags/example_time_delta_sensor_async.py
[2025-02-01T00:09:47.582+0000] {processor.py:914} INFO - Processing file /home/airflow/.local/lib/python3.12/site-packages/airflow/example_dags/example_time_delta_sensor_async.py for tasks to queue
[2025-02-01T00:09:47.583+0000] {logging_mixin.py:190} INFO - [2025-02-01T00:09:47.583+0000] {dagbag.py:587} INFO - Filling up the DagBag from /home/airflow/.local/lib/python3.12/site-packages/airflow/example_dags/example_time_delta_sensor_async.py
[2025-02-01T00:09:47.588+0000] {processor.py:925} INFO - DAG(s) 'example_time_delta_sensor_async' retrieved from /home/airflow/.local/lib/python3.12/site-packages/airflow/example_dags/example_time_delta_sensor_async.py
[2025-02-01T00:09:47.606+0000] {logging_mixin.py:190} INFO - [2025-02-01T00:09:47.606+0000] {dag.py:3211} INFO - Sync 1 DAGs
[2025-02-01T00:09:47.619+0000] {logging_mixin.py:190} INFO - [2025-02-01T00:09:47.618+0000] {dag.py:4138} INFO - Setting next_dagrun for example_time_delta_sensor_async to None, run_after=None
[2025-02-01T00:09:47.636+0000] {processor.py:208} INFO - Processing /home/airflow/.local/lib/python3.12/site-packages/airflow/example_dags/example_time_delta_sensor_async.py took 0.060 seconds
[2025-02-01T00:10:17.926+0000] {processor.py:186} INFO - Started process (PID=26344) to work on /home/airflow/.local/lib/python3.12/site-packages/airflow/example_dags/example_time_delta_sensor_async.py
[2025-02-01T00:10:17.927+0000] {processor.py:914} INFO - Processing file /home/airflow/.local/lib/python3.12/site-packages/airflow/example_dags/example_time_delta_sensor_async.py for tasks to queue
[2025-02-01T00:10:17.928+0000] {logging_mixin.py:190} INFO - [2025-02-01T00:10:17.928+0000] {dagbag.py:587} INFO - Filling up the DagBag from /home/airflow/.local/lib/python3.12/site-packages/airflow/example_dags/example_time_delta_sensor_async.py
[2025-02-01T00:10:17.933+0000] {processor.py:925} INFO - DAG(s) 'example_time_delta_sensor_async' retrieved from /home/airflow/.local/lib/python3.12/site-packages/airflow/example_dags/example_time_delta_sensor_async.py
[2025-02-01T00:10:17.952+0000] {logging_mixin.py:190} INFO - [2025-02-01T00:10:17.951+0000] {dag.py:3211} INFO - Sync 1 DAGs
[2025-02-01T00:10:17.965+0000] {logging_mixin.py:190} INFO - [2025-02-01T00:10:17.964+0000] {dag.py:4138} INFO - Setting next_dagrun for example_time_delta_sensor_async to None, run_after=None
[2025-02-01T00:10:17.984+0000] {processor.py:208} INFO - Processing /home/airflow/.local/lib/python3.12/site-packages/airflow/example_dags/example_time_delta_sensor_async.py took 0.063 seconds
[2025-02-01T00:10:48.356+0000] {processor.py:186} INFO - Started process (PID=26407) to work on /home/airflow/.local/lib/python3.12/site-packages/airflow/example_dags/example_time_delta_sensor_async.py
[2025-02-01T00:10:48.357+0000] {processor.py:914} INFO - Processing file /home/airflow/.local/lib/python3.12/site-packages/airflow/example_dags/example_time_delta_sensor_async.py for tasks to queue
[2025-02-01T00:10:48.358+0000] {logging_mixin.py:190} INFO - [2025-02-01T00:10:48.358+0000] {dagbag.py:587} INFO - Filling up the DagBag from /home/airflow/.local/lib/python3.12/site-packages/airflow/example_dags/example_time_delta_sensor_async.py
[2025-02-01T00:10:48.364+0000] {processor.py:925} INFO - DAG(s) 'example_time_delta_sensor_async' retrieved from /home/airflow/.local/lib/python3.12/site-packages/airflow/example_dags/example_time_delta_sensor_async.py
[2025-02-01T00:10:48.382+0000] {logging_mixin.py:190} INFO - [2025-02-01T00:10:48.382+0000] {dag.py:3211} INFO - Sync 1 DAGs
[2025-02-01T00:10:48.394+0000] {logging_mixin.py:190} INFO - [2025-02-01T00:10:48.394+0000] {dag.py:4138} INFO - Setting next_dagrun for example_time_delta_sensor_async to None, run_after=None
[2025-02-01T00:10:48.412+0000] {processor.py:208} INFO - Processing /home/airflow/.local/lib/python3.12/site-packages/airflow/example_dags/example_time_delta_sensor_async.py took 0.061 seconds
[2025-02-01T00:11:18.636+0000] {processor.py:186} INFO - Started process (PID=26470) to work on /home/airflow/.local/lib/python3.12/site-packages/airflow/example_dags/example_time_delta_sensor_async.py
[2025-02-01T00:11:18.637+0000] {processor.py:914} INFO - Processing file /home/airflow/.local/lib/python3.12/site-packages/airflow/example_dags/example_time_delta_sensor_async.py for tasks to queue
[2025-02-01T00:11:18.638+0000] {logging_mixin.py:190} INFO - [2025-02-01T00:11:18.638+0000] {dagbag.py:587} INFO - Filling up the DagBag from /home/airflow/.local/lib/python3.12/site-packages/airflow/example_dags/example_time_delta_sensor_async.py
[2025-02-01T00:11:18.643+0000] {processor.py:925} INFO - DAG(s) 'example_time_delta_sensor_async' retrieved from /home/airflow/.local/lib/python3.12/site-packages/airflow/example_dags/example_time_delta_sensor_async.py
[2025-02-01T00:11:18.662+0000] {logging_mixin.py:190} INFO - [2025-02-01T00:11:18.662+0000] {dag.py:3211} INFO - Sync 1 DAGs
[2025-02-01T00:11:18.675+0000] {logging_mixin.py:190} INFO - [2025-02-01T00:11:18.675+0000] {dag.py:4138} INFO - Setting next_dagrun for example_time_delta_sensor_async to None, run_after=None
[2025-02-01T00:11:18.693+0000] {processor.py:208} INFO - Processing /home/airflow/.local/lib/python3.12/site-packages/airflow/example_dags/example_time_delta_sensor_async.py took 0.063 seconds
[2025-02-01T00:11:49.040+0000] {processor.py:186} INFO - Started process (PID=26533) to work on /home/airflow/.local/lib/python3.12/site-packages/airflow/example_dags/example_time_delta_sensor_async.py
[2025-02-01T00:11:49.041+0000] {processor.py:914} INFO - Processing file /home/airflow/.local/lib/python3.12/site-packages/airflow/example_dags/example_time_delta_sensor_async.py for tasks to queue
[2025-02-01T00:11:49.042+0000] {logging_mixin.py:190} INFO - [2025-02-01T00:11:49.042+0000] {dagbag.py:587} INFO - Filling up the DagBag from /home/airflow/.local/lib/python3.12/site-packages/airflow/example_dags/example_time_delta_sensor_async.py
[2025-02-01T00:11:49.048+0000] {processor.py:925} INFO - DAG(s) 'example_time_delta_sensor_async' retrieved from /home/airflow/.local/lib/python3.12/site-packages/airflow/example_dags/example_time_delta_sensor_async.py
[2025-02-01T00:11:49.066+0000] {logging_mixin.py:190} INFO - [2025-02-01T00:11:49.066+0000] {dag.py:3211} INFO - Sync 1 DAGs
[2025-02-01T00:11:49.078+0000] {logging_mixin.py:190} INFO - [2025-02-01T00:11:49.078+0000] {dag.py:4138} INFO - Setting next_dagrun for example_time_delta_sensor_async to None, run_after=None
[2025-02-01T00:11:49.096+0000] {processor.py:208} INFO - Processing /home/airflow/.local/lib/python3.12/site-packages/airflow/example_dags/example_time_delta_sensor_async.py took 0.061 seconds
[2025-02-01T00:12:19.377+0000] {processor.py:186} INFO - Started process (PID=26596) to work on /home/airflow/.local/lib/python3.12/site-packages/airflow/example_dags/example_time_delta_sensor_async.py
[2025-02-01T00:12:19.377+0000] {processor.py:914} INFO - Processing file /home/airflow/.local/lib/python3.12/site-packages/airflow/example_dags/example_time_delta_sensor_async.py for tasks to queue
[2025-02-01T00:12:19.379+0000] {logging_mixin.py:190} INFO - [2025-02-01T00:12:19.378+0000] {dagbag.py:587} INFO - Filling up the DagBag from /home/airflow/.local/lib/python3.12/site-packages/airflow/example_dags/example_time_delta_sensor_async.py
[2025-02-01T00:12:19.384+0000] {processor.py:925} INFO - DAG(s) 'example_time_delta_sensor_async' retrieved from /home/airflow/.local/lib/python3.12/site-packages/airflow/example_dags/example_time_delta_sensor_async.py
[2025-02-01T00:12:19.402+0000] {logging_mixin.py:190} INFO - [2025-02-01T00:12:19.401+0000] {dag.py:3211} INFO - Sync 1 DAGs
[2025-02-01T00:12:19.414+0000] {logging_mixin.py:190} INFO - [2025-02-01T00:12:19.414+0000] {dag.py:4138} INFO - Setting next_dagrun for example_time_delta_sensor_async to None, run_after=None
[2025-02-01T00:12:19.432+0000] {processor.py:208} INFO - Processing /home/airflow/.local/lib/python3.12/site-packages/airflow/example_dags/example_time_delta_sensor_async.py took 0.060 seconds
[2025-02-01T00:12:49.475+0000] {processor.py:186} INFO - Started process (PID=26659) to work on /home/airflow/.local/lib/python3.12/site-packages/airflow/example_dags/example_time_delta_sensor_async.py
[2025-02-01T00:12:49.476+0000] {processor.py:914} INFO - Processing file /home/airflow/.local/lib/python3.12/site-packages/airflow/example_dags/example_time_delta_sensor_async.py for tasks to queue
[2025-02-01T00:12:49.477+0000] {logging_mixin.py:190} INFO - [2025-02-01T00:12:49.477+0000] {dagbag.py:587} INFO - Filling up the DagBag from /home/airflow/.local/lib/python3.12/site-packages/airflow/example_dags/example_time_delta_sensor_async.py
[2025-02-01T00:12:49.482+0000] {processor.py:925} INFO - DAG(s) 'example_time_delta_sensor_async' retrieved from /home/airflow/.local/lib/python3.12/site-packages/airflow/example_dags/example_time_delta_sensor_async.py
[2025-02-01T00:12:49.500+0000] {logging_mixin.py:190} INFO - [2025-02-01T00:12:49.499+0000] {dag.py:3211} INFO - Sync 1 DAGs
[2025-02-01T00:12:49.512+0000] {logging_mixin.py:190} INFO - [2025-02-01T00:12:49.512+0000] {dag.py:4138} INFO - Setting next_dagrun for example_time_delta_sensor_async to None, run_after=None
[2025-02-01T00:12:49.530+0000] {processor.py:208} INFO - Processing /home/airflow/.local/lib/python3.12/site-packages/airflow/example_dags/example_time_delta_sensor_async.py took 0.060 seconds
[2025-02-01T00:13:19.591+0000] {processor.py:186} INFO - Started process (PID=26721) to work on /home/airflow/.local/lib/python3.12/site-packages/airflow/example_dags/example_time_delta_sensor_async.py
[2025-02-01T00:13:19.592+0000] {processor.py:914} INFO - Processing file /home/airflow/.local/lib/python3.12/site-packages/airflow/example_dags/example_time_delta_sensor_async.py for tasks to queue
[2025-02-01T00:13:19.593+0000] {logging_mixin.py:190} INFO - [2025-02-01T00:13:19.593+0000] {dagbag.py:587} INFO - Filling up the DagBag from /home/airflow/.local/lib/python3.12/site-packages/airflow/example_dags/example_time_delta_sensor_async.py
[2025-02-01T00:13:19.598+0000] {processor.py:925} INFO - DAG(s) 'example_time_delta_sensor_async' retrieved from /home/airflow/.local/lib/python3.12/site-packages/airflow/example_dags/example_time_delta_sensor_async.py
[2025-02-01T00:13:19.615+0000] {logging_mixin.py:190} INFO - [2025-02-01T00:13:19.615+0000] {dag.py:3211} INFO - Sync 1 DAGs
[2025-02-01T00:13:19.626+0000] {logging_mixin.py:190} INFO - [2025-02-01T00:13:19.626+0000] {dag.py:4138} INFO - Setting next_dagrun for example_time_delta_sensor_async to None, run_after=None
[2025-02-01T00:13:19.643+0000] {processor.py:208} INFO - Processing /home/airflow/.local/lib/python3.12/site-packages/airflow/example_dags/example_time_delta_sensor_async.py took 0.056 seconds
[2025-02-01T00:13:50.004+0000] {processor.py:186} INFO - Started process (PID=26785) to work on /home/airflow/.local/lib/python3.12/site-packages/airflow/example_dags/example_time_delta_sensor_async.py
[2025-02-01T00:13:50.005+0000] {processor.py:914} INFO - Processing file /home/airflow/.local/lib/python3.12/site-packages/airflow/example_dags/example_time_delta_sensor_async.py for tasks to queue
[2025-02-01T00:13:50.006+0000] {logging_mixin.py:190} INFO - [2025-02-01T00:13:50.006+0000] {dagbag.py:587} INFO - Filling up the DagBag from /home/airflow/.local/lib/python3.12/site-packages/airflow/example_dags/example_time_delta_sensor_async.py
[2025-02-01T00:13:50.011+0000] {processor.py:925} INFO - DAG(s) 'example_time_delta_sensor_async' retrieved from /home/airflow/.local/lib/python3.12/site-packages/airflow/example_dags/example_time_delta_sensor_async.py
[2025-02-01T00:13:50.029+0000] {logging_mixin.py:190} INFO - [2025-02-01T00:13:50.028+0000] {dag.py:3211} INFO - Sync 1 DAGs
[2025-02-01T00:13:50.042+0000] {logging_mixin.py:190} INFO - [2025-02-01T00:13:50.041+0000] {dag.py:4138} INFO - Setting next_dagrun for example_time_delta_sensor_async to None, run_after=None
[2025-02-01T00:13:50.058+0000] {processor.py:208} INFO - Processing /home/airflow/.local/lib/python3.12/site-packages/airflow/example_dags/example_time_delta_sensor_async.py took 0.058 seconds
[2025-02-01T00:14:20.279+0000] {processor.py:186} INFO - Started process (PID=26848) to work on /home/airflow/.local/lib/python3.12/site-packages/airflow/example_dags/example_time_delta_sensor_async.py
[2025-02-01T00:14:20.280+0000] {processor.py:914} INFO - Processing file /home/airflow/.local/lib/python3.12/site-packages/airflow/example_dags/example_time_delta_sensor_async.py for tasks to queue
[2025-02-01T00:14:20.281+0000] {logging_mixin.py:190} INFO - [2025-02-01T00:14:20.281+0000] {dagbag.py:587} INFO - Filling up the DagBag from /home/airflow/.local/lib/python3.12/site-packages/airflow/example_dags/example_time_delta_sensor_async.py
[2025-02-01T00:14:20.286+0000] {processor.py:925} INFO - DAG(s) 'example_time_delta_sensor_async' retrieved from /home/airflow/.local/lib/python3.12/site-packages/airflow/example_dags/example_time_delta_sensor_async.py
[2025-02-01T00:14:20.304+0000] {logging_mixin.py:190} INFO - [2025-02-01T00:14:20.304+0000] {dag.py:3211} INFO - Sync 1 DAGs
[2025-02-01T00:14:20.316+0000] {logging_mixin.py:190} INFO - [2025-02-01T00:14:20.316+0000] {dag.py:4138} INFO - Setting next_dagrun for example_time_delta_sensor_async to None, run_after=None
[2025-02-01T00:14:20.333+0000] {processor.py:208} INFO - Processing /home/airflow/.local/lib/python3.12/site-packages/airflow/example_dags/example_time_delta_sensor_async.py took 0.058 seconds
[2025-02-01T00:14:50.575+0000] {processor.py:186} INFO - Started process (PID=26911) to work on /home/airflow/.local/lib/python3.12/site-packages/airflow/example_dags/example_time_delta_sensor_async.py
[2025-02-01T00:14:50.576+0000] {processor.py:914} INFO - Processing file /home/airflow/.local/lib/python3.12/site-packages/airflow/example_dags/example_time_delta_sensor_async.py for tasks to queue
[2025-02-01T00:14:50.577+0000] {logging_mixin.py:190} INFO - [2025-02-01T00:14:50.576+0000] {dagbag.py:587} INFO - Filling up the DagBag from /home/airflow/.local/lib/python3.12/site-packages/airflow/example_dags/example_time_delta_sensor_async.py
[2025-02-01T00:14:50.582+0000] {processor.py:925} INFO - DAG(s) 'example_time_delta_sensor_async' retrieved from /home/airflow/.local/lib/python3.12/site-packages/airflow/example_dags/example_time_delta_sensor_async.py
[2025-02-01T00:14:50.599+0000] {logging_mixin.py:190} INFO - [2025-02-01T00:14:50.599+0000] {dag.py:3211} INFO - Sync 1 DAGs
[2025-02-01T00:14:50.611+0000] {logging_mixin.py:190} INFO - [2025-02-01T00:14:50.611+0000] {dag.py:4138} INFO - Setting next_dagrun for example_time_delta_sensor_async to None, run_after=None
[2025-02-01T00:14:50.629+0000] {processor.py:208} INFO - Processing /home/airflow/.local/lib/python3.12/site-packages/airflow/example_dags/example_time_delta_sensor_async.py took 0.059 seconds
[2025-02-01T00:15:21.015+0000] {processor.py:186} INFO - Started process (PID=26974) to work on /home/airflow/.local/lib/python3.12/site-packages/airflow/example_dags/example_time_delta_sensor_async.py
[2025-02-01T00:15:21.016+0000] {processor.py:914} INFO - Processing file /home/airflow/.local/lib/python3.12/site-packages/airflow/example_dags/example_time_delta_sensor_async.py for tasks to queue
[2025-02-01T00:15:21.017+0000] {logging_mixin.py:190} INFO - [2025-02-01T00:15:21.017+0000] {dagbag.py:587} INFO - Filling up the DagBag from /home/airflow/.local/lib/python3.12/site-packages/airflow/example_dags/example_time_delta_sensor_async.py
[2025-02-01T00:15:21.023+0000] {processor.py:925} INFO - DAG(s) 'example_time_delta_sensor_async' retrieved from /home/airflow/.local/lib/python3.12/site-packages/airflow/example_dags/example_time_delta_sensor_async.py
[2025-02-01T00:15:21.043+0000] {logging_mixin.py:190} INFO - [2025-02-01T00:15:21.043+0000] {dag.py:3211} INFO - Sync 1 DAGs
[2025-02-01T00:15:21.063+0000] {logging_mixin.py:190} INFO - [2025-02-01T00:15:21.062+0000] {dag.py:4138} INFO - Setting next_dagrun for example_time_delta_sensor_async to None, run_after=None
[2025-02-01T00:15:21.084+0000] {processor.py:208} INFO - Processing /home/airflow/.local/lib/python3.12/site-packages/airflow/example_dags/example_time_delta_sensor_async.py took 0.075 seconds
[2025-02-01T00:15:51.475+0000] {processor.py:186} INFO - Started process (PID=27037) to work on /home/airflow/.local/lib/python3.12/site-packages/airflow/example_dags/example_time_delta_sensor_async.py
[2025-02-01T00:15:51.476+0000] {processor.py:914} INFO - Processing file /home/airflow/.local/lib/python3.12/site-packages/airflow/example_dags/example_time_delta_sensor_async.py for tasks to queue
[2025-02-01T00:15:51.478+0000] {logging_mixin.py:190} INFO - [2025-02-01T00:15:51.477+0000] {dagbag.py:587} INFO - Filling up the DagBag from /home/airflow/.local/lib/python3.12/site-packages/airflow/example_dags/example_time_delta_sensor_async.py
[2025-02-01T00:15:51.484+0000] {processor.py:925} INFO - DAG(s) 'example_time_delta_sensor_async' retrieved from /home/airflow/.local/lib/python3.12/site-packages/airflow/example_dags/example_time_delta_sensor_async.py
[2025-02-01T00:15:51.507+0000] {logging_mixin.py:190} INFO - [2025-02-01T00:15:51.507+0000] {dag.py:3211} INFO - Sync 1 DAGs
[2025-02-01T00:15:51.523+0000] {logging_mixin.py:190} INFO - [2025-02-01T00:15:51.523+0000] {dag.py:4138} INFO - Setting next_dagrun for example_time_delta_sensor_async to None, run_after=None
[2025-02-01T00:15:51.542+0000] {processor.py:208} INFO - Processing /home/airflow/.local/lib/python3.12/site-packages/airflow/example_dags/example_time_delta_sensor_async.py took 0.072 seconds
[2025-02-01T00:16:21.787+0000] {processor.py:186} INFO - Started process (PID=27100) to work on /home/airflow/.local/lib/python3.12/site-packages/airflow/example_dags/example_time_delta_sensor_async.py
[2025-02-01T00:16:21.788+0000] {processor.py:914} INFO - Processing file /home/airflow/.local/lib/python3.12/site-packages/airflow/example_dags/example_time_delta_sensor_async.py for tasks to queue
[2025-02-01T00:16:21.790+0000] {logging_mixin.py:190} INFO - [2025-02-01T00:16:21.789+0000] {dagbag.py:587} INFO - Filling up the DagBag from /home/airflow/.local/lib/python3.12/site-packages/airflow/example_dags/example_time_delta_sensor_async.py
[2025-02-01T00:16:21.795+0000] {processor.py:925} INFO - DAG(s) 'example_time_delta_sensor_async' retrieved from /home/airflow/.local/lib/python3.12/site-packages/airflow/example_dags/example_time_delta_sensor_async.py
[2025-02-01T00:16:21.813+0000] {logging_mixin.py:190} INFO - [2025-02-01T00:16:21.813+0000] {dag.py:3211} INFO - Sync 1 DAGs
[2025-02-01T00:16:21.825+0000] {logging_mixin.py:190} INFO - [2025-02-01T00:16:21.825+0000] {dag.py:4138} INFO - Setting next_dagrun for example_time_delta_sensor_async to None, run_after=None
[2025-02-01T00:16:21.842+0000] {processor.py:208} INFO - Processing /home/airflow/.local/lib/python3.12/site-packages/airflow/example_dags/example_time_delta_sensor_async.py took 0.059 seconds
