[2025-02-01T00:00:10.194+0000] {processor.py:186} INFO - Started process (PID=25081) to work on /home/airflow/.local/lib/python3.12/site-packages/airflow/example_dags/example_external_task_marker_dag.py
[2025-02-01T00:00:10.195+0000] {processor.py:914} INFO - Processing file /home/airflow/.local/lib/python3.12/site-packages/airflow/example_dags/example_external_task_marker_dag.py for tasks to queue
[2025-02-01T00:00:10.196+0000] {logging_mixin.py:190} INFO - [2025-02-01T00:00:10.196+0000] {dagbag.py:587} INFO - Filling up the DagBag from /home/airflow/.local/lib/python3.12/site-packages/airflow/example_dags/example_external_task_marker_dag.py
[2025-02-01T00:00:10.202+0000] {processor.py:925} INFO - DAG(s) 'example_external_task_marker_parent', 'example_external_task_marker_child' retrieved from /home/airflow/.local/lib/python3.12/site-packages/airflow/example_dags/example_external_task_marker_dag.py
[2025-02-01T00:00:10.223+0000] {logging_mixin.py:190} INFO - [2025-02-01T00:00:10.222+0000] {dag.py:3211} INFO - Sync 2 DAGs
[2025-02-01T00:00:10.236+0000] {logging_mixin.py:190} INFO - [2025-02-01T00:00:10.235+0000] {dag.py:4138} INFO - Setting next_dagrun for example_external_task_marker_child to None, run_after=None
[2025-02-01T00:00:10.240+0000] {logging_mixin.py:190} INFO - [2025-02-01T00:00:10.239+0000] {dag.py:4138} INFO - Setting next_dagrun for example_external_task_marker_parent to None, run_after=None
[2025-02-01T00:00:10.257+0000] {processor.py:208} INFO - Processing /home/airflow/.local/lib/python3.12/site-packages/airflow/example_dags/example_external_task_marker_dag.py took 0.068 seconds
[2025-02-01T00:00:40.805+0000] {processor.py:186} INFO - Started process (PID=25144) to work on /home/airflow/.local/lib/python3.12/site-packages/airflow/example_dags/example_external_task_marker_dag.py
[2025-02-01T00:00:40.806+0000] {processor.py:914} INFO - Processing file /home/airflow/.local/lib/python3.12/site-packages/airflow/example_dags/example_external_task_marker_dag.py for tasks to queue
[2025-02-01T00:00:40.807+0000] {logging_mixin.py:190} INFO - [2025-02-01T00:00:40.807+0000] {dagbag.py:587} INFO - Filling up the DagBag from /home/airflow/.local/lib/python3.12/site-packages/airflow/example_dags/example_external_task_marker_dag.py
[2025-02-01T00:00:40.813+0000] {processor.py:925} INFO - DAG(s) 'example_external_task_marker_parent', 'example_external_task_marker_child' retrieved from /home/airflow/.local/lib/python3.12/site-packages/airflow/example_dags/example_external_task_marker_dag.py
[2025-02-01T00:00:40.834+0000] {logging_mixin.py:190} INFO - [2025-02-01T00:00:40.834+0000] {dag.py:3211} INFO - Sync 2 DAGs
[2025-02-01T00:00:40.848+0000] {logging_mixin.py:190} INFO - [2025-02-01T00:00:40.848+0000] {dag.py:4138} INFO - Setting next_dagrun for example_external_task_marker_child to None, run_after=None
[2025-02-01T00:00:40.852+0000] {logging_mixin.py:190} INFO - [2025-02-01T00:00:40.851+0000] {dag.py:4138} INFO - Setting next_dagrun for example_external_task_marker_parent to None, run_after=None
[2025-02-01T00:00:40.868+0000] {processor.py:208} INFO - Processing /home/airflow/.local/lib/python3.12/site-packages/airflow/example_dags/example_external_task_marker_dag.py took 0.067 seconds
[2025-02-01T00:01:11.105+0000] {processor.py:186} INFO - Started process (PID=25207) to work on /home/airflow/.local/lib/python3.12/site-packages/airflow/example_dags/example_external_task_marker_dag.py
[2025-02-01T00:01:11.105+0000] {processor.py:914} INFO - Processing file /home/airflow/.local/lib/python3.12/site-packages/airflow/example_dags/example_external_task_marker_dag.py for tasks to queue
[2025-02-01T00:01:11.107+0000] {logging_mixin.py:190} INFO - [2025-02-01T00:01:11.106+0000] {dagbag.py:587} INFO - Filling up the DagBag from /home/airflow/.local/lib/python3.12/site-packages/airflow/example_dags/example_external_task_marker_dag.py
[2025-02-01T00:01:11.113+0000] {processor.py:925} INFO - DAG(s) 'example_external_task_marker_child', 'example_external_task_marker_parent' retrieved from /home/airflow/.local/lib/python3.12/site-packages/airflow/example_dags/example_external_task_marker_dag.py
[2025-02-01T00:01:11.135+0000] {logging_mixin.py:190} INFO - [2025-02-01T00:01:11.135+0000] {dag.py:3211} INFO - Sync 2 DAGs
[2025-02-01T00:01:11.148+0000] {logging_mixin.py:190} INFO - [2025-02-01T00:01:11.148+0000] {dag.py:4138} INFO - Setting next_dagrun for example_external_task_marker_child to None, run_after=None
[2025-02-01T00:01:11.152+0000] {logging_mixin.py:190} INFO - [2025-02-01T00:01:11.152+0000] {dag.py:4138} INFO - Setting next_dagrun for example_external_task_marker_parent to None, run_after=None
[2025-02-01T00:01:11.169+0000] {processor.py:208} INFO - Processing /home/airflow/.local/lib/python3.12/site-packages/airflow/example_dags/example_external_task_marker_dag.py took 0.070 seconds
[2025-02-01T00:01:41.375+0000] {processor.py:186} INFO - Started process (PID=25270) to work on /home/airflow/.local/lib/python3.12/site-packages/airflow/example_dags/example_external_task_marker_dag.py
[2025-02-01T00:01:41.376+0000] {processor.py:914} INFO - Processing file /home/airflow/.local/lib/python3.12/site-packages/airflow/example_dags/example_external_task_marker_dag.py for tasks to queue
[2025-02-01T00:01:41.377+0000] {logging_mixin.py:190} INFO - [2025-02-01T00:01:41.377+0000] {dagbag.py:587} INFO - Filling up the DagBag from /home/airflow/.local/lib/python3.12/site-packages/airflow/example_dags/example_external_task_marker_dag.py
[2025-02-01T00:01:41.384+0000] {processor.py:925} INFO - DAG(s) 'example_external_task_marker_parent', 'example_external_task_marker_child' retrieved from /home/airflow/.local/lib/python3.12/site-packages/airflow/example_dags/example_external_task_marker_dag.py
[2025-02-01T00:01:41.405+0000] {logging_mixin.py:190} INFO - [2025-02-01T00:01:41.405+0000] {dag.py:3211} INFO - Sync 2 DAGs
[2025-02-01T00:01:41.419+0000] {logging_mixin.py:190} INFO - [2025-02-01T00:01:41.418+0000] {dag.py:4138} INFO - Setting next_dagrun for example_external_task_marker_child to None, run_after=None
[2025-02-01T00:01:41.422+0000] {logging_mixin.py:190} INFO - [2025-02-01T00:01:41.422+0000] {dag.py:4138} INFO - Setting next_dagrun for example_external_task_marker_parent to None, run_after=None
[2025-02-01T00:01:41.505+0000] {processor.py:208} INFO - Processing /home/airflow/.local/lib/python3.12/site-packages/airflow/example_dags/example_external_task_marker_dag.py took 0.135 seconds
[2025-02-01T00:02:12.525+0000] {processor.py:186} INFO - Started process (PID=25333) to work on /home/airflow/.local/lib/python3.12/site-packages/airflow/example_dags/example_external_task_marker_dag.py
[2025-02-01T00:02:12.526+0000] {processor.py:914} INFO - Processing file /home/airflow/.local/lib/python3.12/site-packages/airflow/example_dags/example_external_task_marker_dag.py for tasks to queue
[2025-02-01T00:02:12.527+0000] {logging_mixin.py:190} INFO - [2025-02-01T00:02:12.526+0000] {dagbag.py:587} INFO - Filling up the DagBag from /home/airflow/.local/lib/python3.12/site-packages/airflow/example_dags/example_external_task_marker_dag.py
[2025-02-01T00:02:12.533+0000] {processor.py:925} INFO - DAG(s) 'example_external_task_marker_parent', 'example_external_task_marker_child' retrieved from /home/airflow/.local/lib/python3.12/site-packages/airflow/example_dags/example_external_task_marker_dag.py
[2025-02-01T00:02:12.553+0000] {logging_mixin.py:190} INFO - [2025-02-01T00:02:12.553+0000] {dag.py:3211} INFO - Sync 2 DAGs
[2025-02-01T00:02:12.565+0000] {logging_mixin.py:190} INFO - [2025-02-01T00:02:12.565+0000] {dag.py:4138} INFO - Setting next_dagrun for example_external_task_marker_child to None, run_after=None
[2025-02-01T00:02:12.569+0000] {logging_mixin.py:190} INFO - [2025-02-01T00:02:12.569+0000] {dag.py:4138} INFO - Setting next_dagrun for example_external_task_marker_parent to None, run_after=None
[2025-02-01T00:02:12.591+0000] {processor.py:208} INFO - Processing /home/airflow/.local/lib/python3.12/site-packages/airflow/example_dags/example_external_task_marker_dag.py took 0.071 seconds
[2025-02-01T00:02:42.790+0000] {processor.py:186} INFO - Started process (PID=25396) to work on /home/airflow/.local/lib/python3.12/site-packages/airflow/example_dags/example_external_task_marker_dag.py
[2025-02-01T00:02:42.791+0000] {processor.py:914} INFO - Processing file /home/airflow/.local/lib/python3.12/site-packages/airflow/example_dags/example_external_task_marker_dag.py for tasks to queue
[2025-02-01T00:02:42.792+0000] {logging_mixin.py:190} INFO - [2025-02-01T00:02:42.792+0000] {dagbag.py:587} INFO - Filling up the DagBag from /home/airflow/.local/lib/python3.12/site-packages/airflow/example_dags/example_external_task_marker_dag.py
[2025-02-01T00:02:42.799+0000] {processor.py:925} INFO - DAG(s) 'example_external_task_marker_child', 'example_external_task_marker_parent' retrieved from /home/airflow/.local/lib/python3.12/site-packages/airflow/example_dags/example_external_task_marker_dag.py
[2025-02-01T00:02:42.822+0000] {logging_mixin.py:190} INFO - [2025-02-01T00:02:42.822+0000] {dag.py:3211} INFO - Sync 2 DAGs
[2025-02-01T00:02:42.837+0000] {logging_mixin.py:190} INFO - [2025-02-01T00:02:42.836+0000] {dag.py:4138} INFO - Setting next_dagrun for example_external_task_marker_child to None, run_after=None
[2025-02-01T00:02:42.841+0000] {logging_mixin.py:190} INFO - [2025-02-01T00:02:42.840+0000] {dag.py:4138} INFO - Setting next_dagrun for example_external_task_marker_parent to None, run_after=None
[2025-02-01T00:02:42.859+0000] {processor.py:208} INFO - Processing /home/airflow/.local/lib/python3.12/site-packages/airflow/example_dags/example_external_task_marker_dag.py took 0.073 seconds
[2025-02-01T00:03:12.986+0000] {processor.py:186} INFO - Started process (PID=25459) to work on /home/airflow/.local/lib/python3.12/site-packages/airflow/example_dags/example_external_task_marker_dag.py
[2025-02-01T00:03:12.987+0000] {processor.py:914} INFO - Processing file /home/airflow/.local/lib/python3.12/site-packages/airflow/example_dags/example_external_task_marker_dag.py for tasks to queue
[2025-02-01T00:03:12.988+0000] {logging_mixin.py:190} INFO - [2025-02-01T00:03:12.987+0000] {dagbag.py:587} INFO - Filling up the DagBag from /home/airflow/.local/lib/python3.12/site-packages/airflow/example_dags/example_external_task_marker_dag.py
[2025-02-01T00:03:12.994+0000] {processor.py:925} INFO - DAG(s) 'example_external_task_marker_parent', 'example_external_task_marker_child' retrieved from /home/airflow/.local/lib/python3.12/site-packages/airflow/example_dags/example_external_task_marker_dag.py
[2025-02-01T00:03:13.013+0000] {logging_mixin.py:190} INFO - [2025-02-01T00:03:13.013+0000] {dag.py:3211} INFO - Sync 2 DAGs
[2025-02-01T00:03:13.026+0000] {logging_mixin.py:190} INFO - [2025-02-01T00:03:13.026+0000] {dag.py:4138} INFO - Setting next_dagrun for example_external_task_marker_child to None, run_after=None
[2025-02-01T00:03:13.030+0000] {logging_mixin.py:190} INFO - [2025-02-01T00:03:13.030+0000] {dag.py:4138} INFO - Setting next_dagrun for example_external_task_marker_parent to None, run_after=None
[2025-02-01T00:03:13.046+0000] {processor.py:208} INFO - Processing /home/airflow/.local/lib/python3.12/site-packages/airflow/example_dags/example_external_task_marker_dag.py took 0.066 seconds
[2025-02-01T00:03:43.122+0000] {processor.py:186} INFO - Started process (PID=25522) to work on /home/airflow/.local/lib/python3.12/site-packages/airflow/example_dags/example_external_task_marker_dag.py
[2025-02-01T00:03:43.123+0000] {processor.py:914} INFO - Processing file /home/airflow/.local/lib/python3.12/site-packages/airflow/example_dags/example_external_task_marker_dag.py for tasks to queue
[2025-02-01T00:03:43.124+0000] {logging_mixin.py:190} INFO - [2025-02-01T00:03:43.124+0000] {dagbag.py:587} INFO - Filling up the DagBag from /home/airflow/.local/lib/python3.12/site-packages/airflow/example_dags/example_external_task_marker_dag.py
[2025-02-01T00:03:43.129+0000] {processor.py:925} INFO - DAG(s) 'example_external_task_marker_child', 'example_external_task_marker_parent' retrieved from /home/airflow/.local/lib/python3.12/site-packages/airflow/example_dags/example_external_task_marker_dag.py
[2025-02-01T00:03:43.148+0000] {logging_mixin.py:190} INFO - [2025-02-01T00:03:43.148+0000] {dag.py:3211} INFO - Sync 2 DAGs
[2025-02-01T00:03:43.160+0000] {logging_mixin.py:190} INFO - [2025-02-01T00:03:43.159+0000] {dag.py:4138} INFO - Setting next_dagrun for example_external_task_marker_child to None, run_after=None
[2025-02-01T00:03:43.163+0000] {logging_mixin.py:190} INFO - [2025-02-01T00:03:43.163+0000] {dag.py:4138} INFO - Setting next_dagrun for example_external_task_marker_parent to None, run_after=None
[2025-02-01T00:03:43.183+0000] {processor.py:208} INFO - Processing /home/airflow/.local/lib/python3.12/site-packages/airflow/example_dags/example_external_task_marker_dag.py took 0.065 seconds
[2025-02-01T00:04:13.327+0000] {processor.py:186} INFO - Started process (PID=25584) to work on /home/airflow/.local/lib/python3.12/site-packages/airflow/example_dags/example_external_task_marker_dag.py
[2025-02-01T00:04:13.327+0000] {processor.py:914} INFO - Processing file /home/airflow/.local/lib/python3.12/site-packages/airflow/example_dags/example_external_task_marker_dag.py for tasks to queue
[2025-02-01T00:04:13.328+0000] {logging_mixin.py:190} INFO - [2025-02-01T00:04:13.328+0000] {dagbag.py:587} INFO - Filling up the DagBag from /home/airflow/.local/lib/python3.12/site-packages/airflow/example_dags/example_external_task_marker_dag.py
[2025-02-01T00:04:13.334+0000] {processor.py:925} INFO - DAG(s) 'example_external_task_marker_child', 'example_external_task_marker_parent' retrieved from /home/airflow/.local/lib/python3.12/site-packages/airflow/example_dags/example_external_task_marker_dag.py
[2025-02-01T00:04:13.353+0000] {logging_mixin.py:190} INFO - [2025-02-01T00:04:13.353+0000] {dag.py:3211} INFO - Sync 2 DAGs
[2025-02-01T00:04:13.366+0000] {logging_mixin.py:190} INFO - [2025-02-01T00:04:13.366+0000] {dag.py:4138} INFO - Setting next_dagrun for example_external_task_marker_child to None, run_after=None
[2025-02-01T00:04:13.369+0000] {logging_mixin.py:190} INFO - [2025-02-01T00:04:13.369+0000] {dag.py:4138} INFO - Setting next_dagrun for example_external_task_marker_parent to None, run_after=None
[2025-02-01T00:04:13.385+0000] {processor.py:208} INFO - Processing /home/airflow/.local/lib/python3.12/site-packages/airflow/example_dags/example_external_task_marker_dag.py took 0.063 seconds
[2025-02-01T00:04:43.477+0000] {processor.py:186} INFO - Started process (PID=25647) to work on /home/airflow/.local/lib/python3.12/site-packages/airflow/example_dags/example_external_task_marker_dag.py
[2025-02-01T00:04:43.478+0000] {processor.py:914} INFO - Processing file /home/airflow/.local/lib/python3.12/site-packages/airflow/example_dags/example_external_task_marker_dag.py for tasks to queue
[2025-02-01T00:04:43.479+0000] {logging_mixin.py:190} INFO - [2025-02-01T00:04:43.479+0000] {dagbag.py:587} INFO - Filling up the DagBag from /home/airflow/.local/lib/python3.12/site-packages/airflow/example_dags/example_external_task_marker_dag.py
[2025-02-01T00:04:43.485+0000] {processor.py:925} INFO - DAG(s) 'example_external_task_marker_child', 'example_external_task_marker_parent' retrieved from /home/airflow/.local/lib/python3.12/site-packages/airflow/example_dags/example_external_task_marker_dag.py
[2025-02-01T00:04:43.504+0000] {logging_mixin.py:190} INFO - [2025-02-01T00:04:43.503+0000] {dag.py:3211} INFO - Sync 2 DAGs
[2025-02-01T00:04:43.516+0000] {logging_mixin.py:190} INFO - [2025-02-01T00:04:43.515+0000] {dag.py:4138} INFO - Setting next_dagrun for example_external_task_marker_child to None, run_after=None
[2025-02-01T00:04:43.519+0000] {logging_mixin.py:190} INFO - [2025-02-01T00:04:43.519+0000] {dag.py:4138} INFO - Setting next_dagrun for example_external_task_marker_parent to None, run_after=None
[2025-02-01T00:04:43.533+0000] {processor.py:208} INFO - Processing /home/airflow/.local/lib/python3.12/site-packages/airflow/example_dags/example_external_task_marker_dag.py took 0.060 seconds
[2025-02-01T00:05:13.743+0000] {processor.py:186} INFO - Started process (PID=25710) to work on /home/airflow/.local/lib/python3.12/site-packages/airflow/example_dags/example_external_task_marker_dag.py
[2025-02-01T00:05:13.744+0000] {processor.py:914} INFO - Processing file /home/airflow/.local/lib/python3.12/site-packages/airflow/example_dags/example_external_task_marker_dag.py for tasks to queue
[2025-02-01T00:05:13.745+0000] {logging_mixin.py:190} INFO - [2025-02-01T00:05:13.744+0000] {dagbag.py:587} INFO - Filling up the DagBag from /home/airflow/.local/lib/python3.12/site-packages/airflow/example_dags/example_external_task_marker_dag.py
[2025-02-01T00:05:13.752+0000] {processor.py:925} INFO - DAG(s) 'example_external_task_marker_child', 'example_external_task_marker_parent' retrieved from /home/airflow/.local/lib/python3.12/site-packages/airflow/example_dags/example_external_task_marker_dag.py
[2025-02-01T00:05:13.773+0000] {logging_mixin.py:190} INFO - [2025-02-01T00:05:13.772+0000] {dag.py:3211} INFO - Sync 2 DAGs
[2025-02-01T00:05:13.787+0000] {logging_mixin.py:190} INFO - [2025-02-01T00:05:13.786+0000] {dag.py:4138} INFO - Setting next_dagrun for example_external_task_marker_child to None, run_after=None
[2025-02-01T00:05:13.791+0000] {logging_mixin.py:190} INFO - [2025-02-01T00:05:13.790+0000] {dag.py:4138} INFO - Setting next_dagrun for example_external_task_marker_parent to None, run_after=None
[2025-02-01T00:05:13.806+0000] {processor.py:208} INFO - Processing /home/airflow/.local/lib/python3.12/site-packages/airflow/example_dags/example_external_task_marker_dag.py took 0.069 seconds
[2025-02-01T00:05:44.103+0000] {processor.py:186} INFO - Started process (PID=25773) to work on /home/airflow/.local/lib/python3.12/site-packages/airflow/example_dags/example_external_task_marker_dag.py
[2025-02-01T00:05:44.104+0000] {processor.py:914} INFO - Processing file /home/airflow/.local/lib/python3.12/site-packages/airflow/example_dags/example_external_task_marker_dag.py for tasks to queue
[2025-02-01T00:05:44.105+0000] {logging_mixin.py:190} INFO - [2025-02-01T00:05:44.105+0000] {dagbag.py:587} INFO - Filling up the DagBag from /home/airflow/.local/lib/python3.12/site-packages/airflow/example_dags/example_external_task_marker_dag.py
[2025-02-01T00:05:44.111+0000] {processor.py:925} INFO - DAG(s) 'example_external_task_marker_parent', 'example_external_task_marker_child' retrieved from /home/airflow/.local/lib/python3.12/site-packages/airflow/example_dags/example_external_task_marker_dag.py
[2025-02-01T00:05:44.132+0000] {logging_mixin.py:190} INFO - [2025-02-01T00:05:44.132+0000] {dag.py:3211} INFO - Sync 2 DAGs
[2025-02-01T00:05:44.145+0000] {logging_mixin.py:190} INFO - [2025-02-01T00:05:44.145+0000] {dag.py:4138} INFO - Setting next_dagrun for example_external_task_marker_child to None, run_after=None
[2025-02-01T00:05:44.148+0000] {logging_mixin.py:190} INFO - [2025-02-01T00:05:44.148+0000] {dag.py:4138} INFO - Setting next_dagrun for example_external_task_marker_parent to None, run_after=None
[2025-02-01T00:05:44.164+0000] {processor.py:208} INFO - Processing /home/airflow/.local/lib/python3.12/site-packages/airflow/example_dags/example_external_task_marker_dag.py took 0.066 seconds
[2025-02-01T00:06:14.333+0000] {processor.py:186} INFO - Started process (PID=25836) to work on /home/airflow/.local/lib/python3.12/site-packages/airflow/example_dags/example_external_task_marker_dag.py
[2025-02-01T00:06:14.334+0000] {processor.py:914} INFO - Processing file /home/airflow/.local/lib/python3.12/site-packages/airflow/example_dags/example_external_task_marker_dag.py for tasks to queue
[2025-02-01T00:06:14.336+0000] {logging_mixin.py:190} INFO - [2025-02-01T00:06:14.335+0000] {dagbag.py:587} INFO - Filling up the DagBag from /home/airflow/.local/lib/python3.12/site-packages/airflow/example_dags/example_external_task_marker_dag.py
[2025-02-01T00:06:14.343+0000] {processor.py:925} INFO - DAG(s) 'example_external_task_marker_child', 'example_external_task_marker_parent' retrieved from /home/airflow/.local/lib/python3.12/site-packages/airflow/example_dags/example_external_task_marker_dag.py
[2025-02-01T00:06:14.363+0000] {logging_mixin.py:190} INFO - [2025-02-01T00:06:14.363+0000] {dag.py:3211} INFO - Sync 2 DAGs
[2025-02-01T00:06:14.377+0000] {logging_mixin.py:190} INFO - [2025-02-01T00:06:14.377+0000] {dag.py:4138} INFO - Setting next_dagrun for example_external_task_marker_child to None, run_after=None
[2025-02-01T00:06:14.381+0000] {logging_mixin.py:190} INFO - [2025-02-01T00:06:14.380+0000] {dag.py:4138} INFO - Setting next_dagrun for example_external_task_marker_parent to None, run_after=None
[2025-02-01T00:06:14.399+0000] {processor.py:208} INFO - Processing /home/airflow/.local/lib/python3.12/site-packages/airflow/example_dags/example_external_task_marker_dag.py took 0.071 seconds
[2025-02-01T00:06:44.558+0000] {processor.py:186} INFO - Started process (PID=25899) to work on /home/airflow/.local/lib/python3.12/site-packages/airflow/example_dags/example_external_task_marker_dag.py
[2025-02-01T00:06:44.559+0000] {processor.py:914} INFO - Processing file /home/airflow/.local/lib/python3.12/site-packages/airflow/example_dags/example_external_task_marker_dag.py for tasks to queue
[2025-02-01T00:06:44.560+0000] {logging_mixin.py:190} INFO - [2025-02-01T00:06:44.560+0000] {dagbag.py:587} INFO - Filling up the DagBag from /home/airflow/.local/lib/python3.12/site-packages/airflow/example_dags/example_external_task_marker_dag.py
[2025-02-01T00:06:44.566+0000] {processor.py:925} INFO - DAG(s) 'example_external_task_marker_child', 'example_external_task_marker_parent' retrieved from /home/airflow/.local/lib/python3.12/site-packages/airflow/example_dags/example_external_task_marker_dag.py
[2025-02-01T00:06:44.589+0000] {logging_mixin.py:190} INFO - [2025-02-01T00:06:44.588+0000] {dag.py:3211} INFO - Sync 2 DAGs
[2025-02-01T00:06:44.602+0000] {logging_mixin.py:190} INFO - [2025-02-01T00:06:44.602+0000] {dag.py:4138} INFO - Setting next_dagrun for example_external_task_marker_child to None, run_after=None
[2025-02-01T00:06:44.606+0000] {logging_mixin.py:190} INFO - [2025-02-01T00:06:44.606+0000] {dag.py:4138} INFO - Setting next_dagrun for example_external_task_marker_parent to None, run_after=None
[2025-02-01T00:06:44.623+0000] {processor.py:208} INFO - Processing /home/airflow/.local/lib/python3.12/site-packages/airflow/example_dags/example_external_task_marker_dag.py took 0.070 seconds
[2025-02-01T00:07:14.875+0000] {processor.py:186} INFO - Started process (PID=25962) to work on /home/airflow/.local/lib/python3.12/site-packages/airflow/example_dags/example_external_task_marker_dag.py
[2025-02-01T00:07:14.876+0000] {processor.py:914} INFO - Processing file /home/airflow/.local/lib/python3.12/site-packages/airflow/example_dags/example_external_task_marker_dag.py for tasks to queue
[2025-02-01T00:07:14.877+0000] {logging_mixin.py:190} INFO - [2025-02-01T00:07:14.877+0000] {dagbag.py:587} INFO - Filling up the DagBag from /home/airflow/.local/lib/python3.12/site-packages/airflow/example_dags/example_external_task_marker_dag.py
[2025-02-01T00:07:14.884+0000] {processor.py:925} INFO - DAG(s) 'example_external_task_marker_child', 'example_external_task_marker_parent' retrieved from /home/airflow/.local/lib/python3.12/site-packages/airflow/example_dags/example_external_task_marker_dag.py
[2025-02-01T00:07:14.906+0000] {logging_mixin.py:190} INFO - [2025-02-01T00:07:14.905+0000] {dag.py:3211} INFO - Sync 2 DAGs
[2025-02-01T00:07:14.919+0000] {logging_mixin.py:190} INFO - [2025-02-01T00:07:14.918+0000] {dag.py:4138} INFO - Setting next_dagrun for example_external_task_marker_child to None, run_after=None
[2025-02-01T00:07:14.923+0000] {logging_mixin.py:190} INFO - [2025-02-01T00:07:14.922+0000] {dag.py:4138} INFO - Setting next_dagrun for example_external_task_marker_parent to None, run_after=None
[2025-02-01T00:07:14.951+0000] {processor.py:208} INFO - Processing /home/airflow/.local/lib/python3.12/site-packages/airflow/example_dags/example_external_task_marker_dag.py took 0.081 seconds
[2025-02-01T00:07:45.181+0000] {processor.py:186} INFO - Started process (PID=26025) to work on /home/airflow/.local/lib/python3.12/site-packages/airflow/example_dags/example_external_task_marker_dag.py
[2025-02-01T00:07:45.182+0000] {processor.py:914} INFO - Processing file /home/airflow/.local/lib/python3.12/site-packages/airflow/example_dags/example_external_task_marker_dag.py for tasks to queue
[2025-02-01T00:07:45.183+0000] {logging_mixin.py:190} INFO - [2025-02-01T00:07:45.183+0000] {dagbag.py:587} INFO - Filling up the DagBag from /home/airflow/.local/lib/python3.12/site-packages/airflow/example_dags/example_external_task_marker_dag.py
[2025-02-01T00:07:45.190+0000] {processor.py:925} INFO - DAG(s) 'example_external_task_marker_child', 'example_external_task_marker_parent' retrieved from /home/airflow/.local/lib/python3.12/site-packages/airflow/example_dags/example_external_task_marker_dag.py
[2025-02-01T00:07:45.212+0000] {logging_mixin.py:190} INFO - [2025-02-01T00:07:45.212+0000] {dag.py:3211} INFO - Sync 2 DAGs
[2025-02-01T00:07:45.226+0000] {logging_mixin.py:190} INFO - [2025-02-01T00:07:45.226+0000] {dag.py:4138} INFO - Setting next_dagrun for example_external_task_marker_child to None, run_after=None
[2025-02-01T00:07:45.230+0000] {logging_mixin.py:190} INFO - [2025-02-01T00:07:45.230+0000] {dag.py:4138} INFO - Setting next_dagrun for example_external_task_marker_parent to None, run_after=None
[2025-02-01T00:07:45.248+0000] {processor.py:208} INFO - Processing /home/airflow/.local/lib/python3.12/site-packages/airflow/example_dags/example_external_task_marker_dag.py took 0.072 seconds
[2025-02-01T00:08:15.530+0000] {processor.py:186} INFO - Started process (PID=26088) to work on /home/airflow/.local/lib/python3.12/site-packages/airflow/example_dags/example_external_task_marker_dag.py
[2025-02-01T00:08:15.531+0000] {processor.py:914} INFO - Processing file /home/airflow/.local/lib/python3.12/site-packages/airflow/example_dags/example_external_task_marker_dag.py for tasks to queue
[2025-02-01T00:08:15.532+0000] {logging_mixin.py:190} INFO - [2025-02-01T00:08:15.532+0000] {dagbag.py:587} INFO - Filling up the DagBag from /home/airflow/.local/lib/python3.12/site-packages/airflow/example_dags/example_external_task_marker_dag.py
[2025-02-01T00:08:15.539+0000] {processor.py:925} INFO - DAG(s) 'example_external_task_marker_child', 'example_external_task_marker_parent' retrieved from /home/airflow/.local/lib/python3.12/site-packages/airflow/example_dags/example_external_task_marker_dag.py
[2025-02-01T00:08:15.560+0000] {logging_mixin.py:190} INFO - [2025-02-01T00:08:15.560+0000] {dag.py:3211} INFO - Sync 2 DAGs
[2025-02-01T00:08:15.573+0000] {logging_mixin.py:190} INFO - [2025-02-01T00:08:15.573+0000] {dag.py:4138} INFO - Setting next_dagrun for example_external_task_marker_child to None, run_after=None
[2025-02-01T00:08:15.577+0000] {logging_mixin.py:190} INFO - [2025-02-01T00:08:15.577+0000] {dag.py:4138} INFO - Setting next_dagrun for example_external_task_marker_parent to None, run_after=None
[2025-02-01T00:08:15.593+0000] {processor.py:208} INFO - Processing /home/airflow/.local/lib/python3.12/site-packages/airflow/example_dags/example_external_task_marker_dag.py took 0.068 seconds
[2025-02-01T00:08:45.857+0000] {processor.py:186} INFO - Started process (PID=26151) to work on /home/airflow/.local/lib/python3.12/site-packages/airflow/example_dags/example_external_task_marker_dag.py
[2025-02-01T00:08:45.858+0000] {processor.py:914} INFO - Processing file /home/airflow/.local/lib/python3.12/site-packages/airflow/example_dags/example_external_task_marker_dag.py for tasks to queue
[2025-02-01T00:08:45.860+0000] {logging_mixin.py:190} INFO - [2025-02-01T00:08:45.859+0000] {dagbag.py:587} INFO - Filling up the DagBag from /home/airflow/.local/lib/python3.12/site-packages/airflow/example_dags/example_external_task_marker_dag.py
[2025-02-01T00:08:45.866+0000] {processor.py:925} INFO - DAG(s) 'example_external_task_marker_child', 'example_external_task_marker_parent' retrieved from /home/airflow/.local/lib/python3.12/site-packages/airflow/example_dags/example_external_task_marker_dag.py
[2025-02-01T00:08:45.888+0000] {logging_mixin.py:190} INFO - [2025-02-01T00:08:45.887+0000] {dag.py:3211} INFO - Sync 2 DAGs
[2025-02-01T00:08:45.901+0000] {logging_mixin.py:190} INFO - [2025-02-01T00:08:45.901+0000] {dag.py:4138} INFO - Setting next_dagrun for example_external_task_marker_child to None, run_after=None
[2025-02-01T00:08:45.905+0000] {logging_mixin.py:190} INFO - [2025-02-01T00:08:45.905+0000] {dag.py:4138} INFO - Setting next_dagrun for example_external_task_marker_parent to None, run_after=None
[2025-02-01T00:08:45.922+0000] {processor.py:208} INFO - Processing /home/airflow/.local/lib/python3.12/site-packages/airflow/example_dags/example_external_task_marker_dag.py took 0.069 seconds
[2025-02-01T00:09:16.177+0000] {processor.py:186} INFO - Started process (PID=26214) to work on /home/airflow/.local/lib/python3.12/site-packages/airflow/example_dags/example_external_task_marker_dag.py
[2025-02-01T00:09:16.178+0000] {processor.py:914} INFO - Processing file /home/airflow/.local/lib/python3.12/site-packages/airflow/example_dags/example_external_task_marker_dag.py for tasks to queue
[2025-02-01T00:09:16.179+0000] {logging_mixin.py:190} INFO - [2025-02-01T00:09:16.179+0000] {dagbag.py:587} INFO - Filling up the DagBag from /home/airflow/.local/lib/python3.12/site-packages/airflow/example_dags/example_external_task_marker_dag.py
[2025-02-01T00:09:16.185+0000] {processor.py:925} INFO - DAG(s) 'example_external_task_marker_parent', 'example_external_task_marker_child' retrieved from /home/airflow/.local/lib/python3.12/site-packages/airflow/example_dags/example_external_task_marker_dag.py
[2025-02-01T00:09:16.207+0000] {logging_mixin.py:190} INFO - [2025-02-01T00:09:16.207+0000] {dag.py:3211} INFO - Sync 2 DAGs
[2025-02-01T00:09:16.220+0000] {logging_mixin.py:190} INFO - [2025-02-01T00:09:16.220+0000] {dag.py:4138} INFO - Setting next_dagrun for example_external_task_marker_child to None, run_after=None
[2025-02-01T00:09:16.224+0000] {logging_mixin.py:190} INFO - [2025-02-01T00:09:16.224+0000] {dag.py:4138} INFO - Setting next_dagrun for example_external_task_marker_parent to None, run_after=None
[2025-02-01T00:09:16.240+0000] {processor.py:208} INFO - Processing /home/airflow/.local/lib/python3.12/site-packages/airflow/example_dags/example_external_task_marker_dag.py took 0.068 seconds
[2025-02-01T00:09:46.354+0000] {processor.py:186} INFO - Started process (PID=26277) to work on /home/airflow/.local/lib/python3.12/site-packages/airflow/example_dags/example_external_task_marker_dag.py
[2025-02-01T00:09:46.355+0000] {processor.py:914} INFO - Processing file /home/airflow/.local/lib/python3.12/site-packages/airflow/example_dags/example_external_task_marker_dag.py for tasks to queue
[2025-02-01T00:09:46.356+0000] {logging_mixin.py:190} INFO - [2025-02-01T00:09:46.356+0000] {dagbag.py:587} INFO - Filling up the DagBag from /home/airflow/.local/lib/python3.12/site-packages/airflow/example_dags/example_external_task_marker_dag.py
[2025-02-01T00:09:46.362+0000] {processor.py:925} INFO - DAG(s) 'example_external_task_marker_child', 'example_external_task_marker_parent' retrieved from /home/airflow/.local/lib/python3.12/site-packages/airflow/example_dags/example_external_task_marker_dag.py
[2025-02-01T00:09:46.383+0000] {logging_mixin.py:190} INFO - [2025-02-01T00:09:46.383+0000] {dag.py:3211} INFO - Sync 2 DAGs
[2025-02-01T00:09:46.397+0000] {logging_mixin.py:190} INFO - [2025-02-01T00:09:46.397+0000] {dag.py:4138} INFO - Setting next_dagrun for example_external_task_marker_child to None, run_after=None
[2025-02-01T00:09:46.401+0000] {logging_mixin.py:190} INFO - [2025-02-01T00:09:46.401+0000] {dag.py:4138} INFO - Setting next_dagrun for example_external_task_marker_parent to None, run_after=None
[2025-02-01T00:09:46.416+0000] {processor.py:208} INFO - Processing /home/airflow/.local/lib/python3.12/site-packages/airflow/example_dags/example_external_task_marker_dag.py took 0.066 seconds
[2025-02-01T00:10:16.684+0000] {processor.py:186} INFO - Started process (PID=26340) to work on /home/airflow/.local/lib/python3.12/site-packages/airflow/example_dags/example_external_task_marker_dag.py
[2025-02-01T00:10:16.685+0000] {processor.py:914} INFO - Processing file /home/airflow/.local/lib/python3.12/site-packages/airflow/example_dags/example_external_task_marker_dag.py for tasks to queue
[2025-02-01T00:10:16.687+0000] {logging_mixin.py:190} INFO - [2025-02-01T00:10:16.687+0000] {dagbag.py:587} INFO - Filling up the DagBag from /home/airflow/.local/lib/python3.12/site-packages/airflow/example_dags/example_external_task_marker_dag.py
[2025-02-01T00:10:16.693+0000] {processor.py:925} INFO - DAG(s) 'example_external_task_marker_child', 'example_external_task_marker_parent' retrieved from /home/airflow/.local/lib/python3.12/site-packages/airflow/example_dags/example_external_task_marker_dag.py
[2025-02-01T00:10:16.714+0000] {logging_mixin.py:190} INFO - [2025-02-01T00:10:16.714+0000] {dag.py:3211} INFO - Sync 2 DAGs
[2025-02-01T00:10:16.728+0000] {logging_mixin.py:190} INFO - [2025-02-01T00:10:16.728+0000] {dag.py:4138} INFO - Setting next_dagrun for example_external_task_marker_child to None, run_after=None
[2025-02-01T00:10:16.732+0000] {logging_mixin.py:190} INFO - [2025-02-01T00:10:16.731+0000] {dag.py:4138} INFO - Setting next_dagrun for example_external_task_marker_parent to None, run_after=None
[2025-02-01T00:10:16.754+0000] {processor.py:208} INFO - Processing /home/airflow/.local/lib/python3.12/site-packages/airflow/example_dags/example_external_task_marker_dag.py took 0.074 seconds
[2025-02-01T00:10:47.134+0000] {processor.py:186} INFO - Started process (PID=26403) to work on /home/airflow/.local/lib/python3.12/site-packages/airflow/example_dags/example_external_task_marker_dag.py
[2025-02-01T00:10:47.135+0000] {processor.py:914} INFO - Processing file /home/airflow/.local/lib/python3.12/site-packages/airflow/example_dags/example_external_task_marker_dag.py for tasks to queue
[2025-02-01T00:10:47.136+0000] {logging_mixin.py:190} INFO - [2025-02-01T00:10:47.136+0000] {dagbag.py:587} INFO - Filling up the DagBag from /home/airflow/.local/lib/python3.12/site-packages/airflow/example_dags/example_external_task_marker_dag.py
[2025-02-01T00:10:47.143+0000] {processor.py:925} INFO - DAG(s) 'example_external_task_marker_parent', 'example_external_task_marker_child' retrieved from /home/airflow/.local/lib/python3.12/site-packages/airflow/example_dags/example_external_task_marker_dag.py
[2025-02-01T00:10:47.164+0000] {logging_mixin.py:190} INFO - [2025-02-01T00:10:47.164+0000] {dag.py:3211} INFO - Sync 2 DAGs
[2025-02-01T00:10:47.176+0000] {logging_mixin.py:190} INFO - [2025-02-01T00:10:47.176+0000] {dag.py:4138} INFO - Setting next_dagrun for example_external_task_marker_child to None, run_after=None
[2025-02-01T00:10:47.180+0000] {logging_mixin.py:190} INFO - [2025-02-01T00:10:47.180+0000] {dag.py:4138} INFO - Setting next_dagrun for example_external_task_marker_parent to None, run_after=None
[2025-02-01T00:10:47.197+0000] {processor.py:208} INFO - Processing /home/airflow/.local/lib/python3.12/site-packages/airflow/example_dags/example_external_task_marker_dag.py took 0.068 seconds
[2025-02-01T00:11:17.416+0000] {processor.py:186} INFO - Started process (PID=26466) to work on /home/airflow/.local/lib/python3.12/site-packages/airflow/example_dags/example_external_task_marker_dag.py
[2025-02-01T00:11:17.417+0000] {processor.py:914} INFO - Processing file /home/airflow/.local/lib/python3.12/site-packages/airflow/example_dags/example_external_task_marker_dag.py for tasks to queue
[2025-02-01T00:11:17.418+0000] {logging_mixin.py:190} INFO - [2025-02-01T00:11:17.418+0000] {dagbag.py:587} INFO - Filling up the DagBag from /home/airflow/.local/lib/python3.12/site-packages/airflow/example_dags/example_external_task_marker_dag.py
[2025-02-01T00:11:17.425+0000] {processor.py:925} INFO - DAG(s) 'example_external_task_marker_parent', 'example_external_task_marker_child' retrieved from /home/airflow/.local/lib/python3.12/site-packages/airflow/example_dags/example_external_task_marker_dag.py
[2025-02-01T00:11:17.445+0000] {logging_mixin.py:190} INFO - [2025-02-01T00:11:17.444+0000] {dag.py:3211} INFO - Sync 2 DAGs
[2025-02-01T00:11:17.457+0000] {logging_mixin.py:190} INFO - [2025-02-01T00:11:17.457+0000] {dag.py:4138} INFO - Setting next_dagrun for example_external_task_marker_child to None, run_after=None
[2025-02-01T00:11:17.461+0000] {logging_mixin.py:190} INFO - [2025-02-01T00:11:17.461+0000] {dag.py:4138} INFO - Setting next_dagrun for example_external_task_marker_parent to None, run_after=None
[2025-02-01T00:11:17.477+0000] {processor.py:208} INFO - Processing /home/airflow/.local/lib/python3.12/site-packages/airflow/example_dags/example_external_task_marker_dag.py took 0.066 seconds
[2025-02-01T00:11:47.822+0000] {processor.py:186} INFO - Started process (PID=26529) to work on /home/airflow/.local/lib/python3.12/site-packages/airflow/example_dags/example_external_task_marker_dag.py
[2025-02-01T00:11:47.822+0000] {processor.py:914} INFO - Processing file /home/airflow/.local/lib/python3.12/site-packages/airflow/example_dags/example_external_task_marker_dag.py for tasks to queue
[2025-02-01T00:11:47.824+0000] {logging_mixin.py:190} INFO - [2025-02-01T00:11:47.823+0000] {dagbag.py:587} INFO - Filling up the DagBag from /home/airflow/.local/lib/python3.12/site-packages/airflow/example_dags/example_external_task_marker_dag.py
[2025-02-01T00:11:47.830+0000] {processor.py:925} INFO - DAG(s) 'example_external_task_marker_parent', 'example_external_task_marker_child' retrieved from /home/airflow/.local/lib/python3.12/site-packages/airflow/example_dags/example_external_task_marker_dag.py
[2025-02-01T00:11:47.851+0000] {logging_mixin.py:190} INFO - [2025-02-01T00:11:47.851+0000] {dag.py:3211} INFO - Sync 2 DAGs
[2025-02-01T00:11:47.864+0000] {logging_mixin.py:190} INFO - [2025-02-01T00:11:47.864+0000] {dag.py:4138} INFO - Setting next_dagrun for example_external_task_marker_child to None, run_after=None
[2025-02-01T00:11:47.869+0000] {logging_mixin.py:190} INFO - [2025-02-01T00:11:47.868+0000] {dag.py:4138} INFO - Setting next_dagrun for example_external_task_marker_parent to None, run_after=None
[2025-02-01T00:11:47.884+0000] {processor.py:208} INFO - Processing /home/airflow/.local/lib/python3.12/site-packages/airflow/example_dags/example_external_task_marker_dag.py took 0.067 seconds
[2025-02-01T00:12:17.977+0000] {processor.py:186} INFO - Started process (PID=26592) to work on /home/airflow/.local/lib/python3.12/site-packages/airflow/example_dags/example_external_task_marker_dag.py
[2025-02-01T00:12:17.977+0000] {processor.py:914} INFO - Processing file /home/airflow/.local/lib/python3.12/site-packages/airflow/example_dags/example_external_task_marker_dag.py for tasks to queue
[2025-02-01T00:12:17.978+0000] {logging_mixin.py:190} INFO - [2025-02-01T00:12:17.978+0000] {dagbag.py:587} INFO - Filling up the DagBag from /home/airflow/.local/lib/python3.12/site-packages/airflow/example_dags/example_external_task_marker_dag.py
[2025-02-01T00:12:17.985+0000] {processor.py:925} INFO - DAG(s) 'example_external_task_marker_child', 'example_external_task_marker_parent' retrieved from /home/airflow/.local/lib/python3.12/site-packages/airflow/example_dags/example_external_task_marker_dag.py
[2025-02-01T00:12:18.005+0000] {logging_mixin.py:190} INFO - [2025-02-01T00:12:18.005+0000] {dag.py:3211} INFO - Sync 2 DAGs
[2025-02-01T00:12:18.018+0000] {logging_mixin.py:190} INFO - [2025-02-01T00:12:18.018+0000] {dag.py:4138} INFO - Setting next_dagrun for example_external_task_marker_child to None, run_after=None
[2025-02-01T00:12:18.022+0000] {logging_mixin.py:190} INFO - [2025-02-01T00:12:18.022+0000] {dag.py:4138} INFO - Setting next_dagrun for example_external_task_marker_parent to None, run_after=None
[2025-02-01T00:12:18.040+0000] {processor.py:208} INFO - Processing /home/airflow/.local/lib/python3.12/site-packages/airflow/example_dags/example_external_task_marker_dag.py took 0.068 seconds
[2025-02-01T00:12:48.240+0000] {processor.py:186} INFO - Started process (PID=26655) to work on /home/airflow/.local/lib/python3.12/site-packages/airflow/example_dags/example_external_task_marker_dag.py
[2025-02-01T00:12:48.241+0000] {processor.py:914} INFO - Processing file /home/airflow/.local/lib/python3.12/site-packages/airflow/example_dags/example_external_task_marker_dag.py for tasks to queue
[2025-02-01T00:12:48.243+0000] {logging_mixin.py:190} INFO - [2025-02-01T00:12:48.243+0000] {dagbag.py:587} INFO - Filling up the DagBag from /home/airflow/.local/lib/python3.12/site-packages/airflow/example_dags/example_external_task_marker_dag.py
[2025-02-01T00:12:48.250+0000] {processor.py:925} INFO - DAG(s) 'example_external_task_marker_child', 'example_external_task_marker_parent' retrieved from /home/airflow/.local/lib/python3.12/site-packages/airflow/example_dags/example_external_task_marker_dag.py
[2025-02-01T00:12:48.272+0000] {logging_mixin.py:190} INFO - [2025-02-01T00:12:48.271+0000] {dag.py:3211} INFO - Sync 2 DAGs
[2025-02-01T00:12:48.286+0000] {logging_mixin.py:190} INFO - [2025-02-01T00:12:48.285+0000] {dag.py:4138} INFO - Setting next_dagrun for example_external_task_marker_child to None, run_after=None
[2025-02-01T00:12:48.289+0000] {logging_mixin.py:190} INFO - [2025-02-01T00:12:48.289+0000] {dag.py:4138} INFO - Setting next_dagrun for example_external_task_marker_parent to None, run_after=None
[2025-02-01T00:12:48.306+0000] {processor.py:208} INFO - Processing /home/airflow/.local/lib/python3.12/site-packages/airflow/example_dags/example_external_task_marker_dag.py took 0.071 seconds
[2025-02-01T00:13:18.462+0000] {processor.py:186} INFO - Started process (PID=26718) to work on /home/airflow/.local/lib/python3.12/site-packages/airflow/example_dags/example_external_task_marker_dag.py
[2025-02-01T00:13:18.462+0000] {processor.py:914} INFO - Processing file /home/airflow/.local/lib/python3.12/site-packages/airflow/example_dags/example_external_task_marker_dag.py for tasks to queue
[2025-02-01T00:13:18.463+0000] {logging_mixin.py:190} INFO - [2025-02-01T00:13:18.463+0000] {dagbag.py:587} INFO - Filling up the DagBag from /home/airflow/.local/lib/python3.12/site-packages/airflow/example_dags/example_external_task_marker_dag.py
[2025-02-01T00:13:18.469+0000] {processor.py:925} INFO - DAG(s) 'example_external_task_marker_parent', 'example_external_task_marker_child' retrieved from /home/airflow/.local/lib/python3.12/site-packages/airflow/example_dags/example_external_task_marker_dag.py
[2025-02-01T00:13:18.489+0000] {logging_mixin.py:190} INFO - [2025-02-01T00:13:18.489+0000] {dag.py:3211} INFO - Sync 2 DAGs
[2025-02-01T00:13:18.501+0000] {logging_mixin.py:190} INFO - [2025-02-01T00:13:18.501+0000] {dag.py:4138} INFO - Setting next_dagrun for example_external_task_marker_child to None, run_after=None
[2025-02-01T00:13:18.504+0000] {logging_mixin.py:190} INFO - [2025-02-01T00:13:18.504+0000] {dag.py:4138} INFO - Setting next_dagrun for example_external_task_marker_parent to None, run_after=None
[2025-02-01T00:13:18.519+0000] {processor.py:208} INFO - Processing /home/airflow/.local/lib/python3.12/site-packages/airflow/example_dags/example_external_task_marker_dag.py took 0.061 seconds
[2025-02-01T00:13:48.661+0000] {processor.py:186} INFO - Started process (PID=26781) to work on /home/airflow/.local/lib/python3.12/site-packages/airflow/example_dags/example_external_task_marker_dag.py
[2025-02-01T00:13:48.661+0000] {processor.py:914} INFO - Processing file /home/airflow/.local/lib/python3.12/site-packages/airflow/example_dags/example_external_task_marker_dag.py for tasks to queue
[2025-02-01T00:13:48.662+0000] {logging_mixin.py:190} INFO - [2025-02-01T00:13:48.662+0000] {dagbag.py:587} INFO - Filling up the DagBag from /home/airflow/.local/lib/python3.12/site-packages/airflow/example_dags/example_external_task_marker_dag.py
[2025-02-01T00:13:48.669+0000] {processor.py:925} INFO - DAG(s) 'example_external_task_marker_parent', 'example_external_task_marker_child' retrieved from /home/airflow/.local/lib/python3.12/site-packages/airflow/example_dags/example_external_task_marker_dag.py
[2025-02-01T00:13:48.690+0000] {logging_mixin.py:190} INFO - [2025-02-01T00:13:48.690+0000] {dag.py:3211} INFO - Sync 2 DAGs
[2025-02-01T00:13:48.705+0000] {logging_mixin.py:190} INFO - [2025-02-01T00:13:48.704+0000] {dag.py:4138} INFO - Setting next_dagrun for example_external_task_marker_child to None, run_after=None
[2025-02-01T00:13:48.708+0000] {logging_mixin.py:190} INFO - [2025-02-01T00:13:48.708+0000] {dag.py:4138} INFO - Setting next_dagrun for example_external_task_marker_parent to None, run_after=None
[2025-02-01T00:13:48.725+0000] {processor.py:208} INFO - Processing /home/airflow/.local/lib/python3.12/site-packages/airflow/example_dags/example_external_task_marker_dag.py took 0.069 seconds
[2025-02-01T00:14:18.840+0000] {processor.py:186} INFO - Started process (PID=26843) to work on /home/airflow/.local/lib/python3.12/site-packages/airflow/example_dags/example_external_task_marker_dag.py
[2025-02-01T00:14:18.841+0000] {processor.py:914} INFO - Processing file /home/airflow/.local/lib/python3.12/site-packages/airflow/example_dags/example_external_task_marker_dag.py for tasks to queue
[2025-02-01T00:14:18.842+0000] {logging_mixin.py:190} INFO - [2025-02-01T00:14:18.842+0000] {dagbag.py:587} INFO - Filling up the DagBag from /home/airflow/.local/lib/python3.12/site-packages/airflow/example_dags/example_external_task_marker_dag.py
[2025-02-01T00:14:18.848+0000] {processor.py:925} INFO - DAG(s) 'example_external_task_marker_parent', 'example_external_task_marker_child' retrieved from /home/airflow/.local/lib/python3.12/site-packages/airflow/example_dags/example_external_task_marker_dag.py
[2025-02-01T00:14:18.875+0000] {logging_mixin.py:190} INFO - [2025-02-01T00:14:18.874+0000] {dag.py:3211} INFO - Sync 2 DAGs
[2025-02-01T00:14:18.887+0000] {logging_mixin.py:190} INFO - [2025-02-01T00:14:18.887+0000] {dag.py:4138} INFO - Setting next_dagrun for example_external_task_marker_child to None, run_after=None
[2025-02-01T00:14:18.890+0000] {logging_mixin.py:190} INFO - [2025-02-01T00:14:18.890+0000] {dag.py:4138} INFO - Setting next_dagrun for example_external_task_marker_parent to None, run_after=None
[2025-02-01T00:14:18.904+0000] {processor.py:208} INFO - Processing /home/airflow/.local/lib/python3.12/site-packages/airflow/example_dags/example_external_task_marker_dag.py took 0.069 seconds
[2025-02-01T00:14:49.193+0000] {processor.py:186} INFO - Started process (PID=26906) to work on /home/airflow/.local/lib/python3.12/site-packages/airflow/example_dags/example_external_task_marker_dag.py
[2025-02-01T00:14:49.194+0000] {processor.py:914} INFO - Processing file /home/airflow/.local/lib/python3.12/site-packages/airflow/example_dags/example_external_task_marker_dag.py for tasks to queue
[2025-02-01T00:14:49.196+0000] {logging_mixin.py:190} INFO - [2025-02-01T00:14:49.195+0000] {dagbag.py:587} INFO - Filling up the DagBag from /home/airflow/.local/lib/python3.12/site-packages/airflow/example_dags/example_external_task_marker_dag.py
[2025-02-01T00:14:49.203+0000] {processor.py:925} INFO - DAG(s) 'example_external_task_marker_child', 'example_external_task_marker_parent' retrieved from /home/airflow/.local/lib/python3.12/site-packages/airflow/example_dags/example_external_task_marker_dag.py
[2025-02-01T00:14:49.233+0000] {logging_mixin.py:190} INFO - [2025-02-01T00:14:49.233+0000] {dag.py:3211} INFO - Sync 2 DAGs
[2025-02-01T00:14:49.248+0000] {logging_mixin.py:190} INFO - [2025-02-01T00:14:49.248+0000] {dag.py:4138} INFO - Setting next_dagrun for example_external_task_marker_child to None, run_after=None
[2025-02-01T00:14:49.253+0000] {logging_mixin.py:190} INFO - [2025-02-01T00:14:49.253+0000] {dag.py:4138} INFO - Setting next_dagrun for example_external_task_marker_parent to None, run_after=None
[2025-02-01T00:14:49.270+0000] {processor.py:208} INFO - Processing /home/airflow/.local/lib/python3.12/site-packages/airflow/example_dags/example_external_task_marker_dag.py took 0.081 seconds
[2025-02-01T00:15:19.632+0000] {processor.py:186} INFO - Started process (PID=26969) to work on /home/airflow/.local/lib/python3.12/site-packages/airflow/example_dags/example_external_task_marker_dag.py
[2025-02-01T00:15:19.633+0000] {processor.py:914} INFO - Processing file /home/airflow/.local/lib/python3.12/site-packages/airflow/example_dags/example_external_task_marker_dag.py for tasks to queue
[2025-02-01T00:15:19.635+0000] {logging_mixin.py:190} INFO - [2025-02-01T00:15:19.634+0000] {dagbag.py:587} INFO - Filling up the DagBag from /home/airflow/.local/lib/python3.12/site-packages/airflow/example_dags/example_external_task_marker_dag.py
[2025-02-01T00:15:19.641+0000] {processor.py:925} INFO - DAG(s) 'example_external_task_marker_child', 'example_external_task_marker_parent' retrieved from /home/airflow/.local/lib/python3.12/site-packages/airflow/example_dags/example_external_task_marker_dag.py
[2025-02-01T00:15:19.661+0000] {logging_mixin.py:190} INFO - [2025-02-01T00:15:19.661+0000] {dag.py:3211} INFO - Sync 2 DAGs
[2025-02-01T00:15:19.674+0000] {logging_mixin.py:190} INFO - [2025-02-01T00:15:19.674+0000] {dag.py:4138} INFO - Setting next_dagrun for example_external_task_marker_child to None, run_after=None
[2025-02-01T00:15:19.677+0000] {logging_mixin.py:190} INFO - [2025-02-01T00:15:19.677+0000] {dag.py:4138} INFO - Setting next_dagrun for example_external_task_marker_parent to None, run_after=None
[2025-02-01T00:15:19.693+0000] {processor.py:208} INFO - Processing /home/airflow/.local/lib/python3.12/site-packages/airflow/example_dags/example_external_task_marker_dag.py took 0.065 seconds
[2025-02-01T00:15:50.043+0000] {processor.py:186} INFO - Started process (PID=27032) to work on /home/airflow/.local/lib/python3.12/site-packages/airflow/example_dags/example_external_task_marker_dag.py
[2025-02-01T00:15:50.045+0000] {processor.py:914} INFO - Processing file /home/airflow/.local/lib/python3.12/site-packages/airflow/example_dags/example_external_task_marker_dag.py for tasks to queue
[2025-02-01T00:15:50.047+0000] {logging_mixin.py:190} INFO - [2025-02-01T00:15:50.046+0000] {dagbag.py:587} INFO - Filling up the DagBag from /home/airflow/.local/lib/python3.12/site-packages/airflow/example_dags/example_external_task_marker_dag.py
[2025-02-01T00:15:50.053+0000] {processor.py:925} INFO - DAG(s) 'example_external_task_marker_parent', 'example_external_task_marker_child' retrieved from /home/airflow/.local/lib/python3.12/site-packages/airflow/example_dags/example_external_task_marker_dag.py
[2025-02-01T00:15:50.082+0000] {logging_mixin.py:190} INFO - [2025-02-01T00:15:50.081+0000] {dag.py:3211} INFO - Sync 2 DAGs
[2025-02-01T00:15:50.099+0000] {logging_mixin.py:190} INFO - [2025-02-01T00:15:50.098+0000] {dag.py:4138} INFO - Setting next_dagrun for example_external_task_marker_child to None, run_after=None
[2025-02-01T00:15:50.102+0000] {logging_mixin.py:190} INFO - [2025-02-01T00:15:50.102+0000] {dag.py:4138} INFO - Setting next_dagrun for example_external_task_marker_parent to None, run_after=None
[2025-02-01T00:15:50.123+0000] {processor.py:208} INFO - Processing /home/airflow/.local/lib/python3.12/site-packages/airflow/example_dags/example_external_task_marker_dag.py took 0.084 seconds
[2025-02-01T00:16:20.233+0000] {processor.py:186} INFO - Started process (PID=27095) to work on /home/airflow/.local/lib/python3.12/site-packages/airflow/example_dags/example_external_task_marker_dag.py
[2025-02-01T00:16:20.234+0000] {processor.py:914} INFO - Processing file /home/airflow/.local/lib/python3.12/site-packages/airflow/example_dags/example_external_task_marker_dag.py for tasks to queue
[2025-02-01T00:16:20.235+0000] {logging_mixin.py:190} INFO - [2025-02-01T00:16:20.235+0000] {dagbag.py:587} INFO - Filling up the DagBag from /home/airflow/.local/lib/python3.12/site-packages/airflow/example_dags/example_external_task_marker_dag.py
[2025-02-01T00:16:20.241+0000] {processor.py:925} INFO - DAG(s) 'example_external_task_marker_parent', 'example_external_task_marker_child' retrieved from /home/airflow/.local/lib/python3.12/site-packages/airflow/example_dags/example_external_task_marker_dag.py
[2025-02-01T00:16:20.261+0000] {logging_mixin.py:190} INFO - [2025-02-01T00:16:20.261+0000] {dag.py:3211} INFO - Sync 2 DAGs
[2025-02-01T00:16:20.273+0000] {logging_mixin.py:190} INFO - [2025-02-01T00:16:20.273+0000] {dag.py:4138} INFO - Setting next_dagrun for example_external_task_marker_child to None, run_after=None
[2025-02-01T00:16:20.276+0000] {logging_mixin.py:190} INFO - [2025-02-01T00:16:20.276+0000] {dag.py:4138} INFO - Setting next_dagrun for example_external_task_marker_parent to None, run_after=None
[2025-02-01T00:16:20.293+0000] {processor.py:208} INFO - Processing /home/airflow/.local/lib/python3.12/site-packages/airflow/example_dags/example_external_task_marker_dag.py took 0.064 seconds
