[2025-02-01T00:00:10.082+0000] {processor.py:186} INFO - Started process (PID=25079) to work on /home/airflow/.local/lib/python3.12/site-packages/airflow/example_dags/example_complex.py
[2025-02-01T00:00:10.082+0000] {processor.py:914} INFO - Processing file /home/airflow/.local/lib/python3.12/site-packages/airflow/example_dags/example_complex.py for tasks to queue
[2025-02-01T00:00:10.084+0000] {logging_mixin.py:190} INFO - [2025-02-01T00:00:10.083+0000] {dagbag.py:587} INFO - Filling up the DagBag from /home/airflow/.local/lib/python3.12/site-packages/airflow/example_dags/example_complex.py
[2025-02-01T00:00:10.094+0000] {processor.py:925} INFO - DAG(s) 'example_complex' retrieved from /home/airflow/.local/lib/python3.12/site-packages/airflow/example_dags/example_complex.py
[2025-02-01T00:00:10.122+0000] {logging_mixin.py:190} INFO - [2025-02-01T00:00:10.122+0000] {dag.py:3211} INFO - Sync 1 DAGs
[2025-02-01T00:00:10.135+0000] {logging_mixin.py:190} INFO - [2025-02-01T00:00:10.135+0000] {dag.py:4138} INFO - Setting next_dagrun for example_complex to None, run_after=None
[2025-02-01T00:00:10.153+0000] {processor.py:208} INFO - Processing /home/airflow/.local/lib/python3.12/site-packages/airflow/example_dags/example_complex.py took 0.076 seconds
[2025-02-01T00:00:40.734+0000] {processor.py:186} INFO - Started process (PID=25143) to work on /home/airflow/.local/lib/python3.12/site-packages/airflow/example_dags/example_complex.py
[2025-02-01T00:00:40.735+0000] {processor.py:914} INFO - Processing file /home/airflow/.local/lib/python3.12/site-packages/airflow/example_dags/example_complex.py for tasks to queue
[2025-02-01T00:00:40.736+0000] {logging_mixin.py:190} INFO - [2025-02-01T00:00:40.736+0000] {dagbag.py:587} INFO - Filling up the DagBag from /home/airflow/.local/lib/python3.12/site-packages/airflow/example_dags/example_complex.py
[2025-02-01T00:00:40.746+0000] {processor.py:925} INFO - DAG(s) 'example_complex' retrieved from /home/airflow/.local/lib/python3.12/site-packages/airflow/example_dags/example_complex.py
[2025-02-01T00:00:40.774+0000] {logging_mixin.py:190} INFO - [2025-02-01T00:00:40.774+0000] {dag.py:3211} INFO - Sync 1 DAGs
[2025-02-01T00:00:40.787+0000] {logging_mixin.py:190} INFO - [2025-02-01T00:00:40.787+0000] {dag.py:4138} INFO - Setting next_dagrun for example_complex to None, run_after=None
[2025-02-01T00:00:40.805+0000] {processor.py:208} INFO - Processing /home/airflow/.local/lib/python3.12/site-packages/airflow/example_dags/example_complex.py took 0.076 seconds
[2025-02-01T00:01:11.034+0000] {processor.py:186} INFO - Started process (PID=25206) to work on /home/airflow/.local/lib/python3.12/site-packages/airflow/example_dags/example_complex.py
[2025-02-01T00:01:11.035+0000] {processor.py:914} INFO - Processing file /home/airflow/.local/lib/python3.12/site-packages/airflow/example_dags/example_complex.py for tasks to queue
[2025-02-01T00:01:11.036+0000] {logging_mixin.py:190} INFO - [2025-02-01T00:01:11.036+0000] {dagbag.py:587} INFO - Filling up the DagBag from /home/airflow/.local/lib/python3.12/site-packages/airflow/example_dags/example_complex.py
[2025-02-01T00:01:11.046+0000] {processor.py:925} INFO - DAG(s) 'example_complex' retrieved from /home/airflow/.local/lib/python3.12/site-packages/airflow/example_dags/example_complex.py
[2025-02-01T00:01:11.076+0000] {logging_mixin.py:190} INFO - [2025-02-01T00:01:11.076+0000] {dag.py:3211} INFO - Sync 1 DAGs
[2025-02-01T00:01:11.092+0000] {logging_mixin.py:190} INFO - [2025-02-01T00:01:11.092+0000] {dag.py:4138} INFO - Setting next_dagrun for example_complex to None, run_after=None
[2025-02-01T00:01:11.112+0000] {processor.py:208} INFO - Processing /home/airflow/.local/lib/python3.12/site-packages/airflow/example_dags/example_complex.py took 0.083 seconds
[2025-02-01T00:01:41.335+0000] {processor.py:186} INFO - Started process (PID=25269) to work on /home/airflow/.local/lib/python3.12/site-packages/airflow/example_dags/example_complex.py
[2025-02-01T00:01:41.336+0000] {processor.py:914} INFO - Processing file /home/airflow/.local/lib/python3.12/site-packages/airflow/example_dags/example_complex.py for tasks to queue
[2025-02-01T00:01:41.338+0000] {logging_mixin.py:190} INFO - [2025-02-01T00:01:41.338+0000] {dagbag.py:587} INFO - Filling up the DagBag from /home/airflow/.local/lib/python3.12/site-packages/airflow/example_dags/example_complex.py
[2025-02-01T00:01:41.348+0000] {processor.py:925} INFO - DAG(s) 'example_complex' retrieved from /home/airflow/.local/lib/python3.12/site-packages/airflow/example_dags/example_complex.py
[2025-02-01T00:01:41.376+0000] {logging_mixin.py:190} INFO - [2025-02-01T00:01:41.376+0000] {dag.py:3211} INFO - Sync 1 DAGs
[2025-02-01T00:01:41.389+0000] {logging_mixin.py:190} INFO - [2025-02-01T00:01:41.389+0000] {dag.py:4138} INFO - Setting next_dagrun for example_complex to None, run_after=None
[2025-02-01T00:01:41.472+0000] {processor.py:208} INFO - Processing /home/airflow/.local/lib/python3.12/site-packages/airflow/example_dags/example_complex.py took 0.141 seconds
[2025-02-01T00:02:12.428+0000] {processor.py:186} INFO - Started process (PID=25332) to work on /home/airflow/.local/lib/python3.12/site-packages/airflow/example_dags/example_complex.py
[2025-02-01T00:02:12.429+0000] {processor.py:914} INFO - Processing file /home/airflow/.local/lib/python3.12/site-packages/airflow/example_dags/example_complex.py for tasks to queue
[2025-02-01T00:02:12.430+0000] {logging_mixin.py:190} INFO - [2025-02-01T00:02:12.430+0000] {dagbag.py:587} INFO - Filling up the DagBag from /home/airflow/.local/lib/python3.12/site-packages/airflow/example_dags/example_complex.py
[2025-02-01T00:02:12.439+0000] {processor.py:925} INFO - DAG(s) 'example_complex' retrieved from /home/airflow/.local/lib/python3.12/site-packages/airflow/example_dags/example_complex.py
[2025-02-01T00:02:12.465+0000] {logging_mixin.py:190} INFO - [2025-02-01T00:02:12.465+0000] {dag.py:3211} INFO - Sync 1 DAGs
[2025-02-01T00:02:12.477+0000] {logging_mixin.py:190} INFO - [2025-02-01T00:02:12.477+0000] {dag.py:4138} INFO - Setting next_dagrun for example_complex to None, run_after=None
[2025-02-01T00:02:12.495+0000] {processor.py:208} INFO - Processing /home/airflow/.local/lib/python3.12/site-packages/airflow/example_dags/example_complex.py took 0.072 seconds
[2025-02-01T00:02:42.671+0000] {processor.py:186} INFO - Started process (PID=25395) to work on /home/airflow/.local/lib/python3.12/site-packages/airflow/example_dags/example_complex.py
[2025-02-01T00:02:42.672+0000] {processor.py:914} INFO - Processing file /home/airflow/.local/lib/python3.12/site-packages/airflow/example_dags/example_complex.py for tasks to queue
[2025-02-01T00:02:42.673+0000] {logging_mixin.py:190} INFO - [2025-02-01T00:02:42.673+0000] {dagbag.py:587} INFO - Filling up the DagBag from /home/airflow/.local/lib/python3.12/site-packages/airflow/example_dags/example_complex.py
[2025-02-01T00:02:42.684+0000] {processor.py:925} INFO - DAG(s) 'example_complex' retrieved from /home/airflow/.local/lib/python3.12/site-packages/airflow/example_dags/example_complex.py
[2025-02-01T00:02:42.718+0000] {logging_mixin.py:190} INFO - [2025-02-01T00:02:42.717+0000] {dag.py:3211} INFO - Sync 1 DAGs
[2025-02-01T00:02:42.734+0000] {logging_mixin.py:190} INFO - [2025-02-01T00:02:42.733+0000] {dag.py:4138} INFO - Setting next_dagrun for example_complex to None, run_after=None
[2025-02-01T00:02:42.754+0000] {processor.py:208} INFO - Processing /home/airflow/.local/lib/python3.12/site-packages/airflow/example_dags/example_complex.py took 0.089 seconds
[2025-02-01T00:03:12.880+0000] {processor.py:186} INFO - Started process (PID=25458) to work on /home/airflow/.local/lib/python3.12/site-packages/airflow/example_dags/example_complex.py
[2025-02-01T00:03:12.881+0000] {processor.py:914} INFO - Processing file /home/airflow/.local/lib/python3.12/site-packages/airflow/example_dags/example_complex.py for tasks to queue
[2025-02-01T00:03:12.882+0000] {logging_mixin.py:190} INFO - [2025-02-01T00:03:12.882+0000] {dagbag.py:587} INFO - Filling up the DagBag from /home/airflow/.local/lib/python3.12/site-packages/airflow/example_dags/example_complex.py
[2025-02-01T00:03:12.891+0000] {processor.py:925} INFO - DAG(s) 'example_complex' retrieved from /home/airflow/.local/lib/python3.12/site-packages/airflow/example_dags/example_complex.py
[2025-02-01T00:03:12.920+0000] {logging_mixin.py:190} INFO - [2025-02-01T00:03:12.920+0000] {dag.py:3211} INFO - Sync 1 DAGs
[2025-02-01T00:03:12.933+0000] {logging_mixin.py:190} INFO - [2025-02-01T00:03:12.933+0000] {dag.py:4138} INFO - Setting next_dagrun for example_complex to None, run_after=None
[2025-02-01T00:03:12.952+0000] {processor.py:208} INFO - Processing /home/airflow/.local/lib/python3.12/site-packages/airflow/example_dags/example_complex.py took 0.076 seconds
[2025-02-01T00:03:43.017+0000] {processor.py:186} INFO - Started process (PID=25520) to work on /home/airflow/.local/lib/python3.12/site-packages/airflow/example_dags/example_complex.py
[2025-02-01T00:03:43.018+0000] {processor.py:914} INFO - Processing file /home/airflow/.local/lib/python3.12/site-packages/airflow/example_dags/example_complex.py for tasks to queue
[2025-02-01T00:03:43.019+0000] {logging_mixin.py:190} INFO - [2025-02-01T00:03:43.019+0000] {dagbag.py:587} INFO - Filling up the DagBag from /home/airflow/.local/lib/python3.12/site-packages/airflow/example_dags/example_complex.py
[2025-02-01T00:03:43.030+0000] {processor.py:925} INFO - DAG(s) 'example_complex' retrieved from /home/airflow/.local/lib/python3.12/site-packages/airflow/example_dags/example_complex.py
[2025-02-01T00:03:43.058+0000] {logging_mixin.py:190} INFO - [2025-02-01T00:03:43.057+0000] {dag.py:3211} INFO - Sync 1 DAGs
[2025-02-01T00:03:43.069+0000] {logging_mixin.py:190} INFO - [2025-02-01T00:03:43.069+0000] {dag.py:4138} INFO - Setting next_dagrun for example_complex to None, run_after=None
[2025-02-01T00:03:43.086+0000] {processor.py:208} INFO - Processing /home/airflow/.local/lib/python3.12/site-packages/airflow/example_dags/example_complex.py took 0.074 seconds
[2025-02-01T00:04:13.228+0000] {processor.py:186} INFO - Started process (PID=25583) to work on /home/airflow/.local/lib/python3.12/site-packages/airflow/example_dags/example_complex.py
[2025-02-01T00:04:13.229+0000] {processor.py:914} INFO - Processing file /home/airflow/.local/lib/python3.12/site-packages/airflow/example_dags/example_complex.py for tasks to queue
[2025-02-01T00:04:13.230+0000] {logging_mixin.py:190} INFO - [2025-02-01T00:04:13.230+0000] {dagbag.py:587} INFO - Filling up the DagBag from /home/airflow/.local/lib/python3.12/site-packages/airflow/example_dags/example_complex.py
[2025-02-01T00:04:13.238+0000] {processor.py:925} INFO - DAG(s) 'example_complex' retrieved from /home/airflow/.local/lib/python3.12/site-packages/airflow/example_dags/example_complex.py
[2025-02-01T00:04:13.265+0000] {logging_mixin.py:190} INFO - [2025-02-01T00:04:13.265+0000] {dag.py:3211} INFO - Sync 1 DAGs
[2025-02-01T00:04:13.277+0000] {logging_mixin.py:190} INFO - [2025-02-01T00:04:13.277+0000] {dag.py:4138} INFO - Setting next_dagrun for example_complex to None, run_after=None
[2025-02-01T00:04:13.294+0000] {processor.py:208} INFO - Processing /home/airflow/.local/lib/python3.12/site-packages/airflow/example_dags/example_complex.py took 0.070 seconds
[2025-02-01T00:04:43.372+0000] {processor.py:186} INFO - Started process (PID=25646) to work on /home/airflow/.local/lib/python3.12/site-packages/airflow/example_dags/example_complex.py
[2025-02-01T00:04:43.373+0000] {processor.py:914} INFO - Processing file /home/airflow/.local/lib/python3.12/site-packages/airflow/example_dags/example_complex.py for tasks to queue
[2025-02-01T00:04:43.374+0000] {logging_mixin.py:190} INFO - [2025-02-01T00:04:43.374+0000] {dagbag.py:587} INFO - Filling up the DagBag from /home/airflow/.local/lib/python3.12/site-packages/airflow/example_dags/example_complex.py
[2025-02-01T00:04:43.384+0000] {processor.py:925} INFO - DAG(s) 'example_complex' retrieved from /home/airflow/.local/lib/python3.12/site-packages/airflow/example_dags/example_complex.py
[2025-02-01T00:04:43.415+0000] {logging_mixin.py:190} INFO - [2025-02-01T00:04:43.415+0000] {dag.py:3211} INFO - Sync 1 DAGs
[2025-02-01T00:04:43.428+0000] {logging_mixin.py:190} INFO - [2025-02-01T00:04:43.427+0000] {dag.py:4138} INFO - Setting next_dagrun for example_complex to None, run_after=None
[2025-02-01T00:04:43.444+0000] {processor.py:208} INFO - Processing /home/airflow/.local/lib/python3.12/site-packages/airflow/example_dags/example_complex.py took 0.077 seconds
[2025-02-01T00:05:13.630+0000] {processor.py:186} INFO - Started process (PID=25709) to work on /home/airflow/.local/lib/python3.12/site-packages/airflow/example_dags/example_complex.py
[2025-02-01T00:05:13.631+0000] {processor.py:914} INFO - Processing file /home/airflow/.local/lib/python3.12/site-packages/airflow/example_dags/example_complex.py for tasks to queue
[2025-02-01T00:05:13.632+0000] {logging_mixin.py:190} INFO - [2025-02-01T00:05:13.632+0000] {dagbag.py:587} INFO - Filling up the DagBag from /home/airflow/.local/lib/python3.12/site-packages/airflow/example_dags/example_complex.py
[2025-02-01T00:05:13.642+0000] {processor.py:925} INFO - DAG(s) 'example_complex' retrieved from /home/airflow/.local/lib/python3.12/site-packages/airflow/example_dags/example_complex.py
[2025-02-01T00:05:13.669+0000] {logging_mixin.py:190} INFO - [2025-02-01T00:05:13.669+0000] {dag.py:3211} INFO - Sync 1 DAGs
[2025-02-01T00:05:13.683+0000] {logging_mixin.py:190} INFO - [2025-02-01T00:05:13.683+0000] {dag.py:4138} INFO - Setting next_dagrun for example_complex to None, run_after=None
[2025-02-01T00:05:13.702+0000] {processor.py:208} INFO - Processing /home/airflow/.local/lib/python3.12/site-packages/airflow/example_dags/example_complex.py took 0.076 seconds
[2025-02-01T00:05:44.000+0000] {processor.py:186} INFO - Started process (PID=25772) to work on /home/airflow/.local/lib/python3.12/site-packages/airflow/example_dags/example_complex.py
[2025-02-01T00:05:44.000+0000] {processor.py:914} INFO - Processing file /home/airflow/.local/lib/python3.12/site-packages/airflow/example_dags/example_complex.py for tasks to queue
[2025-02-01T00:05:44.002+0000] {logging_mixin.py:190} INFO - [2025-02-01T00:05:44.001+0000] {dagbag.py:587} INFO - Filling up the DagBag from /home/airflow/.local/lib/python3.12/site-packages/airflow/example_dags/example_complex.py
[2025-02-01T00:05:44.011+0000] {processor.py:925} INFO - DAG(s) 'example_complex' retrieved from /home/airflow/.local/lib/python3.12/site-packages/airflow/example_dags/example_complex.py
[2025-02-01T00:05:44.037+0000] {logging_mixin.py:190} INFO - [2025-02-01T00:05:44.037+0000] {dag.py:3211} INFO - Sync 1 DAGs
[2025-02-01T00:05:44.050+0000] {logging_mixin.py:190} INFO - [2025-02-01T00:05:44.050+0000] {dag.py:4138} INFO - Setting next_dagrun for example_complex to None, run_after=None
[2025-02-01T00:05:44.068+0000] {processor.py:208} INFO - Processing /home/airflow/.local/lib/python3.12/site-packages/airflow/example_dags/example_complex.py took 0.073 seconds
[2025-02-01T00:06:14.230+0000] {processor.py:186} INFO - Started process (PID=25835) to work on /home/airflow/.local/lib/python3.12/site-packages/airflow/example_dags/example_complex.py
[2025-02-01T00:06:14.231+0000] {processor.py:914} INFO - Processing file /home/airflow/.local/lib/python3.12/site-packages/airflow/example_dags/example_complex.py for tasks to queue
[2025-02-01T00:06:14.232+0000] {logging_mixin.py:190} INFO - [2025-02-01T00:06:14.232+0000] {dagbag.py:587} INFO - Filling up the DagBag from /home/airflow/.local/lib/python3.12/site-packages/airflow/example_dags/example_complex.py
[2025-02-01T00:06:14.241+0000] {processor.py:925} INFO - DAG(s) 'example_complex' retrieved from /home/airflow/.local/lib/python3.12/site-packages/airflow/example_dags/example_complex.py
[2025-02-01T00:06:14.267+0000] {logging_mixin.py:190} INFO - [2025-02-01T00:06:14.267+0000] {dag.py:3211} INFO - Sync 1 DAGs
[2025-02-01T00:06:14.279+0000] {logging_mixin.py:190} INFO - [2025-02-01T00:06:14.279+0000] {dag.py:4138} INFO - Setting next_dagrun for example_complex to None, run_after=None
[2025-02-01T00:06:14.297+0000] {processor.py:208} INFO - Processing /home/airflow/.local/lib/python3.12/site-packages/airflow/example_dags/example_complex.py took 0.072 seconds
[2025-02-01T00:06:44.455+0000] {processor.py:186} INFO - Started process (PID=25898) to work on /home/airflow/.local/lib/python3.12/site-packages/airflow/example_dags/example_complex.py
[2025-02-01T00:06:44.456+0000] {processor.py:914} INFO - Processing file /home/airflow/.local/lib/python3.12/site-packages/airflow/example_dags/example_complex.py for tasks to queue
[2025-02-01T00:06:44.457+0000] {logging_mixin.py:190} INFO - [2025-02-01T00:06:44.457+0000] {dagbag.py:587} INFO - Filling up the DagBag from /home/airflow/.local/lib/python3.12/site-packages/airflow/example_dags/example_complex.py
[2025-02-01T00:06:44.467+0000] {processor.py:925} INFO - DAG(s) 'example_complex' retrieved from /home/airflow/.local/lib/python3.12/site-packages/airflow/example_dags/example_complex.py
[2025-02-01T00:06:44.494+0000] {logging_mixin.py:190} INFO - [2025-02-01T00:06:44.494+0000] {dag.py:3211} INFO - Sync 1 DAGs
[2025-02-01T00:06:44.506+0000] {logging_mixin.py:190} INFO - [2025-02-01T00:06:44.506+0000] {dag.py:4138} INFO - Setting next_dagrun for example_complex to None, run_after=None
[2025-02-01T00:06:44.524+0000] {processor.py:208} INFO - Processing /home/airflow/.local/lib/python3.12/site-packages/airflow/example_dags/example_complex.py took 0.074 seconds
[2025-02-01T00:07:14.771+0000] {processor.py:186} INFO - Started process (PID=25961) to work on /home/airflow/.local/lib/python3.12/site-packages/airflow/example_dags/example_complex.py
[2025-02-01T00:07:14.771+0000] {processor.py:914} INFO - Processing file /home/airflow/.local/lib/python3.12/site-packages/airflow/example_dags/example_complex.py for tasks to queue
[2025-02-01T00:07:14.772+0000] {logging_mixin.py:190} INFO - [2025-02-01T00:07:14.772+0000] {dagbag.py:587} INFO - Filling up the DagBag from /home/airflow/.local/lib/python3.12/site-packages/airflow/example_dags/example_complex.py
[2025-02-01T00:07:14.782+0000] {processor.py:925} INFO - DAG(s) 'example_complex' retrieved from /home/airflow/.local/lib/python3.12/site-packages/airflow/example_dags/example_complex.py
[2025-02-01T00:07:14.810+0000] {logging_mixin.py:190} INFO - [2025-02-01T00:07:14.809+0000] {dag.py:3211} INFO - Sync 1 DAGs
[2025-02-01T00:07:14.822+0000] {logging_mixin.py:190} INFO - [2025-02-01T00:07:14.822+0000] {dag.py:4138} INFO - Setting next_dagrun for example_complex to None, run_after=None
[2025-02-01T00:07:14.839+0000] {processor.py:208} INFO - Processing /home/airflow/.local/lib/python3.12/site-packages/airflow/example_dags/example_complex.py took 0.073 seconds
[2025-02-01T00:07:45.063+0000] {processor.py:186} INFO - Started process (PID=26024) to work on /home/airflow/.local/lib/python3.12/site-packages/airflow/example_dags/example_complex.py
[2025-02-01T00:07:45.064+0000] {processor.py:914} INFO - Processing file /home/airflow/.local/lib/python3.12/site-packages/airflow/example_dags/example_complex.py for tasks to queue
[2025-02-01T00:07:45.065+0000] {logging_mixin.py:190} INFO - [2025-02-01T00:07:45.065+0000] {dagbag.py:587} INFO - Filling up the DagBag from /home/airflow/.local/lib/python3.12/site-packages/airflow/example_dags/example_complex.py
[2025-02-01T00:07:45.074+0000] {processor.py:925} INFO - DAG(s) 'example_complex' retrieved from /home/airflow/.local/lib/python3.12/site-packages/airflow/example_dags/example_complex.py
[2025-02-01T00:07:45.103+0000] {logging_mixin.py:190} INFO - [2025-02-01T00:07:45.103+0000] {dag.py:3211} INFO - Sync 1 DAGs
[2025-02-01T00:07:45.119+0000] {logging_mixin.py:190} INFO - [2025-02-01T00:07:45.118+0000] {dag.py:4138} INFO - Setting next_dagrun for example_complex to None, run_after=None
[2025-02-01T00:07:45.143+0000] {processor.py:208} INFO - Processing /home/airflow/.local/lib/python3.12/site-packages/airflow/example_dags/example_complex.py took 0.084 seconds
[2025-02-01T00:08:15.423+0000] {processor.py:186} INFO - Started process (PID=26087) to work on /home/airflow/.local/lib/python3.12/site-packages/airflow/example_dags/example_complex.py
[2025-02-01T00:08:15.424+0000] {processor.py:914} INFO - Processing file /home/airflow/.local/lib/python3.12/site-packages/airflow/example_dags/example_complex.py for tasks to queue
[2025-02-01T00:08:15.425+0000] {logging_mixin.py:190} INFO - [2025-02-01T00:08:15.424+0000] {dagbag.py:587} INFO - Filling up the DagBag from /home/airflow/.local/lib/python3.12/site-packages/airflow/example_dags/example_complex.py
[2025-02-01T00:08:15.435+0000] {processor.py:925} INFO - DAG(s) 'example_complex' retrieved from /home/airflow/.local/lib/python3.12/site-packages/airflow/example_dags/example_complex.py
[2025-02-01T00:08:15.465+0000] {logging_mixin.py:190} INFO - [2025-02-01T00:08:15.464+0000] {dag.py:3211} INFO - Sync 1 DAGs
[2025-02-01T00:08:15.477+0000] {logging_mixin.py:190} INFO - [2025-02-01T00:08:15.477+0000] {dag.py:4138} INFO - Setting next_dagrun for example_complex to None, run_after=None
[2025-02-01T00:08:15.495+0000] {processor.py:208} INFO - Processing /home/airflow/.local/lib/python3.12/site-packages/airflow/example_dags/example_complex.py took 0.077 seconds
[2025-02-01T00:08:45.746+0000] {processor.py:186} INFO - Started process (PID=26150) to work on /home/airflow/.local/lib/python3.12/site-packages/airflow/example_dags/example_complex.py
[2025-02-01T00:08:45.747+0000] {processor.py:914} INFO - Processing file /home/airflow/.local/lib/python3.12/site-packages/airflow/example_dags/example_complex.py for tasks to queue
[2025-02-01T00:08:45.749+0000] {logging_mixin.py:190} INFO - [2025-02-01T00:08:45.749+0000] {dagbag.py:587} INFO - Filling up the DagBag from /home/airflow/.local/lib/python3.12/site-packages/airflow/example_dags/example_complex.py
[2025-02-01T00:08:45.758+0000] {processor.py:925} INFO - DAG(s) 'example_complex' retrieved from /home/airflow/.local/lib/python3.12/site-packages/airflow/example_dags/example_complex.py
[2025-02-01T00:08:45.786+0000] {logging_mixin.py:190} INFO - [2025-02-01T00:08:45.785+0000] {dag.py:3211} INFO - Sync 1 DAGs
[2025-02-01T00:08:45.799+0000] {logging_mixin.py:190} INFO - [2025-02-01T00:08:45.799+0000] {dag.py:4138} INFO - Setting next_dagrun for example_complex to None, run_after=None
[2025-02-01T00:08:45.823+0000] {processor.py:208} INFO - Processing /home/airflow/.local/lib/python3.12/site-packages/airflow/example_dags/example_complex.py took 0.082 seconds
[2025-02-01T00:09:16.072+0000] {processor.py:186} INFO - Started process (PID=26213) to work on /home/airflow/.local/lib/python3.12/site-packages/airflow/example_dags/example_complex.py
[2025-02-01T00:09:16.073+0000] {processor.py:914} INFO - Processing file /home/airflow/.local/lib/python3.12/site-packages/airflow/example_dags/example_complex.py for tasks to queue
[2025-02-01T00:09:16.074+0000] {logging_mixin.py:190} INFO - [2025-02-01T00:09:16.074+0000] {dagbag.py:587} INFO - Filling up the DagBag from /home/airflow/.local/lib/python3.12/site-packages/airflow/example_dags/example_complex.py
[2025-02-01T00:09:16.084+0000] {processor.py:925} INFO - DAG(s) 'example_complex' retrieved from /home/airflow/.local/lib/python3.12/site-packages/airflow/example_dags/example_complex.py
[2025-02-01T00:09:16.111+0000] {logging_mixin.py:190} INFO - [2025-02-01T00:09:16.111+0000] {dag.py:3211} INFO - Sync 1 DAGs
[2025-02-01T00:09:16.124+0000] {logging_mixin.py:190} INFO - [2025-02-01T00:09:16.124+0000] {dag.py:4138} INFO - Setting next_dagrun for example_complex to None, run_after=None
[2025-02-01T00:09:16.141+0000] {processor.py:208} INFO - Processing /home/airflow/.local/lib/python3.12/site-packages/airflow/example_dags/example_complex.py took 0.074 seconds
[2025-02-01T00:09:46.244+0000] {processor.py:186} INFO - Started process (PID=26276) to work on /home/airflow/.local/lib/python3.12/site-packages/airflow/example_dags/example_complex.py
[2025-02-01T00:09:46.245+0000] {processor.py:914} INFO - Processing file /home/airflow/.local/lib/python3.12/site-packages/airflow/example_dags/example_complex.py for tasks to queue
[2025-02-01T00:09:46.246+0000] {logging_mixin.py:190} INFO - [2025-02-01T00:09:46.245+0000] {dagbag.py:587} INFO - Filling up the DagBag from /home/airflow/.local/lib/python3.12/site-packages/airflow/example_dags/example_complex.py
[2025-02-01T00:09:46.255+0000] {processor.py:925} INFO - DAG(s) 'example_complex' retrieved from /home/airflow/.local/lib/python3.12/site-packages/airflow/example_dags/example_complex.py
[2025-02-01T00:09:46.282+0000] {logging_mixin.py:190} INFO - [2025-02-01T00:09:46.282+0000] {dag.py:3211} INFO - Sync 1 DAGs
[2025-02-01T00:09:46.296+0000] {logging_mixin.py:190} INFO - [2025-02-01T00:09:46.295+0000] {dag.py:4138} INFO - Setting next_dagrun for example_complex to None, run_after=None
[2025-02-01T00:09:46.317+0000] {processor.py:208} INFO - Processing /home/airflow/.local/lib/python3.12/site-packages/airflow/example_dags/example_complex.py took 0.078 seconds
[2025-02-01T00:10:16.577+0000] {processor.py:186} INFO - Started process (PID=26339) to work on /home/airflow/.local/lib/python3.12/site-packages/airflow/example_dags/example_complex.py
[2025-02-01T00:10:16.578+0000] {processor.py:914} INFO - Processing file /home/airflow/.local/lib/python3.12/site-packages/airflow/example_dags/example_complex.py for tasks to queue
[2025-02-01T00:10:16.579+0000] {logging_mixin.py:190} INFO - [2025-02-01T00:10:16.579+0000] {dagbag.py:587} INFO - Filling up the DagBag from /home/airflow/.local/lib/python3.12/site-packages/airflow/example_dags/example_complex.py
[2025-02-01T00:10:16.590+0000] {processor.py:925} INFO - DAG(s) 'example_complex' retrieved from /home/airflow/.local/lib/python3.12/site-packages/airflow/example_dags/example_complex.py
[2025-02-01T00:10:16.620+0000] {logging_mixin.py:190} INFO - [2025-02-01T00:10:16.619+0000] {dag.py:3211} INFO - Sync 1 DAGs
[2025-02-01T00:10:16.633+0000] {logging_mixin.py:190} INFO - [2025-02-01T00:10:16.633+0000] {dag.py:4138} INFO - Setting next_dagrun for example_complex to None, run_after=None
[2025-02-01T00:10:16.651+0000] {processor.py:208} INFO - Processing /home/airflow/.local/lib/python3.12/site-packages/airflow/example_dags/example_complex.py took 0.079 seconds
[2025-02-01T00:10:47.110+0000] {processor.py:186} INFO - Started process (PID=26402) to work on /home/airflow/.local/lib/python3.12/site-packages/airflow/example_dags/example_complex.py
[2025-02-01T00:10:47.111+0000] {processor.py:914} INFO - Processing file /home/airflow/.local/lib/python3.12/site-packages/airflow/example_dags/example_complex.py for tasks to queue
[2025-02-01T00:10:47.113+0000] {logging_mixin.py:190} INFO - [2025-02-01T00:10:47.112+0000] {dagbag.py:587} INFO - Filling up the DagBag from /home/airflow/.local/lib/python3.12/site-packages/airflow/example_dags/example_complex.py
[2025-02-01T00:10:47.123+0000] {processor.py:925} INFO - DAG(s) 'example_complex' retrieved from /home/airflow/.local/lib/python3.12/site-packages/airflow/example_dags/example_complex.py
[2025-02-01T00:10:47.150+0000] {logging_mixin.py:190} INFO - [2025-02-01T00:10:47.150+0000] {dag.py:3211} INFO - Sync 1 DAGs
[2025-02-01T00:10:47.163+0000] {logging_mixin.py:190} INFO - [2025-02-01T00:10:47.163+0000] {dag.py:4138} INFO - Setting next_dagrun for example_complex to None, run_after=None
[2025-02-01T00:10:47.180+0000] {processor.py:208} INFO - Processing /home/airflow/.local/lib/python3.12/site-packages/airflow/example_dags/example_complex.py took 0.075 seconds
[2025-02-01T00:11:17.316+0000] {processor.py:186} INFO - Started process (PID=26465) to work on /home/airflow/.local/lib/python3.12/site-packages/airflow/example_dags/example_complex.py
[2025-02-01T00:11:17.317+0000] {processor.py:914} INFO - Processing file /home/airflow/.local/lib/python3.12/site-packages/airflow/example_dags/example_complex.py for tasks to queue
[2025-02-01T00:11:17.318+0000] {logging_mixin.py:190} INFO - [2025-02-01T00:11:17.318+0000] {dagbag.py:587} INFO - Filling up the DagBag from /home/airflow/.local/lib/python3.12/site-packages/airflow/example_dags/example_complex.py
[2025-02-01T00:11:17.328+0000] {processor.py:925} INFO - DAG(s) 'example_complex' retrieved from /home/airflow/.local/lib/python3.12/site-packages/airflow/example_dags/example_complex.py
[2025-02-01T00:11:17.355+0000] {logging_mixin.py:190} INFO - [2025-02-01T00:11:17.355+0000] {dag.py:3211} INFO - Sync 1 DAGs
[2025-02-01T00:11:17.367+0000] {logging_mixin.py:190} INFO - [2025-02-01T00:11:17.367+0000] {dag.py:4138} INFO - Setting next_dagrun for example_complex to None, run_after=None
[2025-02-01T00:11:17.384+0000] {processor.py:208} INFO - Processing /home/airflow/.local/lib/python3.12/site-packages/airflow/example_dags/example_complex.py took 0.073 seconds
[2025-02-01T00:11:47.706+0000] {processor.py:186} INFO - Started process (PID=26528) to work on /home/airflow/.local/lib/python3.12/site-packages/airflow/example_dags/example_complex.py
[2025-02-01T00:11:47.707+0000] {processor.py:914} INFO - Processing file /home/airflow/.local/lib/python3.12/site-packages/airflow/example_dags/example_complex.py for tasks to queue
[2025-02-01T00:11:47.708+0000] {logging_mixin.py:190} INFO - [2025-02-01T00:11:47.708+0000] {dagbag.py:587} INFO - Filling up the DagBag from /home/airflow/.local/lib/python3.12/site-packages/airflow/example_dags/example_complex.py
[2025-02-01T00:11:47.719+0000] {processor.py:925} INFO - DAG(s) 'example_complex' retrieved from /home/airflow/.local/lib/python3.12/site-packages/airflow/example_dags/example_complex.py
[2025-02-01T00:11:47.749+0000] {logging_mixin.py:190} INFO - [2025-02-01T00:11:47.749+0000] {dag.py:3211} INFO - Sync 1 DAGs
[2025-02-01T00:11:47.764+0000] {logging_mixin.py:190} INFO - [2025-02-01T00:11:47.764+0000] {dag.py:4138} INFO - Setting next_dagrun for example_complex to None, run_after=None
[2025-02-01T00:11:47.783+0000] {processor.py:208} INFO - Processing /home/airflow/.local/lib/python3.12/site-packages/airflow/example_dags/example_complex.py took 0.083 seconds
[2025-02-01T00:12:17.973+0000] {processor.py:186} INFO - Started process (PID=26591) to work on /home/airflow/.local/lib/python3.12/site-packages/airflow/example_dags/example_complex.py
[2025-02-01T00:12:17.974+0000] {processor.py:914} INFO - Processing file /home/airflow/.local/lib/python3.12/site-packages/airflow/example_dags/example_complex.py for tasks to queue
[2025-02-01T00:12:17.975+0000] {logging_mixin.py:190} INFO - [2025-02-01T00:12:17.975+0000] {dagbag.py:587} INFO - Filling up the DagBag from /home/airflow/.local/lib/python3.12/site-packages/airflow/example_dags/example_complex.py
[2025-02-01T00:12:17.985+0000] {processor.py:925} INFO - DAG(s) 'example_complex' retrieved from /home/airflow/.local/lib/python3.12/site-packages/airflow/example_dags/example_complex.py
[2025-02-01T00:12:18.013+0000] {logging_mixin.py:190} INFO - [2025-02-01T00:12:18.013+0000] {dag.py:3211} INFO - Sync 1 DAGs
[2025-02-01T00:12:18.027+0000] {logging_mixin.py:190} INFO - [2025-02-01T00:12:18.026+0000] {dag.py:4138} INFO - Setting next_dagrun for example_complex to None, run_after=None
[2025-02-01T00:12:18.048+0000] {processor.py:208} INFO - Processing /home/airflow/.local/lib/python3.12/site-packages/airflow/example_dags/example_complex.py took 0.079 seconds
[2025-02-01T00:12:48.224+0000] {processor.py:186} INFO - Started process (PID=26654) to work on /home/airflow/.local/lib/python3.12/site-packages/airflow/example_dags/example_complex.py
[2025-02-01T00:12:48.225+0000] {processor.py:914} INFO - Processing file /home/airflow/.local/lib/python3.12/site-packages/airflow/example_dags/example_complex.py for tasks to queue
[2025-02-01T00:12:48.226+0000] {logging_mixin.py:190} INFO - [2025-02-01T00:12:48.226+0000] {dagbag.py:587} INFO - Filling up the DagBag from /home/airflow/.local/lib/python3.12/site-packages/airflow/example_dags/example_complex.py
[2025-02-01T00:12:48.238+0000] {processor.py:925} INFO - DAG(s) 'example_complex' retrieved from /home/airflow/.local/lib/python3.12/site-packages/airflow/example_dags/example_complex.py
[2025-02-01T00:12:48.265+0000] {logging_mixin.py:190} INFO - [2025-02-01T00:12:48.265+0000] {dag.py:3211} INFO - Sync 1 DAGs
[2025-02-01T00:12:48.278+0000] {logging_mixin.py:190} INFO - [2025-02-01T00:12:48.277+0000] {dag.py:4138} INFO - Setting next_dagrun for example_complex to None, run_after=None
[2025-02-01T00:12:48.296+0000] {processor.py:208} INFO - Processing /home/airflow/.local/lib/python3.12/site-packages/airflow/example_dags/example_complex.py took 0.076 seconds
[2025-02-01T00:13:18.362+0000] {processor.py:186} INFO - Started process (PID=26717) to work on /home/airflow/.local/lib/python3.12/site-packages/airflow/example_dags/example_complex.py
[2025-02-01T00:13:18.363+0000] {processor.py:914} INFO - Processing file /home/airflow/.local/lib/python3.12/site-packages/airflow/example_dags/example_complex.py for tasks to queue
[2025-02-01T00:13:18.365+0000] {logging_mixin.py:190} INFO - [2025-02-01T00:13:18.364+0000] {dagbag.py:587} INFO - Filling up the DagBag from /home/airflow/.local/lib/python3.12/site-packages/airflow/example_dags/example_complex.py
[2025-02-01T00:13:18.374+0000] {processor.py:925} INFO - DAG(s) 'example_complex' retrieved from /home/airflow/.local/lib/python3.12/site-packages/airflow/example_dags/example_complex.py
[2025-02-01T00:13:18.401+0000] {logging_mixin.py:190} INFO - [2025-02-01T00:13:18.400+0000] {dag.py:3211} INFO - Sync 1 DAGs
[2025-02-01T00:13:18.413+0000] {logging_mixin.py:190} INFO - [2025-02-01T00:13:18.413+0000] {dag.py:4138} INFO - Setting next_dagrun for example_complex to None, run_after=None
[2025-02-01T00:13:18.431+0000] {processor.py:208} INFO - Processing /home/airflow/.local/lib/python3.12/site-packages/airflow/example_dags/example_complex.py took 0.073 seconds
[2025-02-01T00:13:48.542+0000] {processor.py:186} INFO - Started process (PID=26779) to work on /home/airflow/.local/lib/python3.12/site-packages/airflow/example_dags/example_complex.py
[2025-02-01T00:13:48.543+0000] {processor.py:914} INFO - Processing file /home/airflow/.local/lib/python3.12/site-packages/airflow/example_dags/example_complex.py for tasks to queue
[2025-02-01T00:13:48.544+0000] {logging_mixin.py:190} INFO - [2025-02-01T00:13:48.544+0000] {dagbag.py:587} INFO - Filling up the DagBag from /home/airflow/.local/lib/python3.12/site-packages/airflow/example_dags/example_complex.py
[2025-02-01T00:13:48.554+0000] {processor.py:925} INFO - DAG(s) 'example_complex' retrieved from /home/airflow/.local/lib/python3.12/site-packages/airflow/example_dags/example_complex.py
[2025-02-01T00:13:48.581+0000] {logging_mixin.py:190} INFO - [2025-02-01T00:13:48.581+0000] {dag.py:3211} INFO - Sync 1 DAGs
[2025-02-01T00:13:48.595+0000] {logging_mixin.py:190} INFO - [2025-02-01T00:13:48.595+0000] {dag.py:4138} INFO - Setting next_dagrun for example_complex to None, run_after=None
[2025-02-01T00:13:48.614+0000] {processor.py:208} INFO - Processing /home/airflow/.local/lib/python3.12/site-packages/airflow/example_dags/example_complex.py took 0.076 seconds
[2025-02-01T00:14:18.829+0000] {processor.py:186} INFO - Started process (PID=26842) to work on /home/airflow/.local/lib/python3.12/site-packages/airflow/example_dags/example_complex.py
[2025-02-01T00:14:18.829+0000] {processor.py:914} INFO - Processing file /home/airflow/.local/lib/python3.12/site-packages/airflow/example_dags/example_complex.py for tasks to queue
[2025-02-01T00:14:18.830+0000] {logging_mixin.py:190} INFO - [2025-02-01T00:14:18.830+0000] {dagbag.py:587} INFO - Filling up the DagBag from /home/airflow/.local/lib/python3.12/site-packages/airflow/example_dags/example_complex.py
[2025-02-01T00:14:18.840+0000] {processor.py:925} INFO - DAG(s) 'example_complex' retrieved from /home/airflow/.local/lib/python3.12/site-packages/airflow/example_dags/example_complex.py
[2025-02-01T00:14:18.869+0000] {logging_mixin.py:190} INFO - [2025-02-01T00:14:18.869+0000] {dag.py:3211} INFO - Sync 1 DAGs
[2025-02-01T00:14:18.881+0000] {logging_mixin.py:190} INFO - [2025-02-01T00:14:18.881+0000] {dag.py:4138} INFO - Setting next_dagrun for example_complex to None, run_after=None
[2025-02-01T00:14:18.898+0000] {processor.py:208} INFO - Processing /home/airflow/.local/lib/python3.12/site-packages/airflow/example_dags/example_complex.py took 0.074 seconds
[2025-02-01T00:14:49.146+0000] {processor.py:186} INFO - Started process (PID=26905) to work on /home/airflow/.local/lib/python3.12/site-packages/airflow/example_dags/example_complex.py
[2025-02-01T00:14:49.147+0000] {processor.py:914} INFO - Processing file /home/airflow/.local/lib/python3.12/site-packages/airflow/example_dags/example_complex.py for tasks to queue
[2025-02-01T00:14:49.148+0000] {logging_mixin.py:190} INFO - [2025-02-01T00:14:49.148+0000] {dagbag.py:587} INFO - Filling up the DagBag from /home/airflow/.local/lib/python3.12/site-packages/airflow/example_dags/example_complex.py
[2025-02-01T00:14:49.159+0000] {processor.py:925} INFO - DAG(s) 'example_complex' retrieved from /home/airflow/.local/lib/python3.12/site-packages/airflow/example_dags/example_complex.py
[2025-02-01T00:14:49.189+0000] {logging_mixin.py:190} INFO - [2025-02-01T00:14:49.189+0000] {dag.py:3211} INFO - Sync 1 DAGs
[2025-02-01T00:14:49.201+0000] {logging_mixin.py:190} INFO - [2025-02-01T00:14:49.201+0000] {dag.py:4138} INFO - Setting next_dagrun for example_complex to None, run_after=None
[2025-02-01T00:14:49.221+0000] {processor.py:208} INFO - Processing /home/airflow/.local/lib/python3.12/site-packages/airflow/example_dags/example_complex.py took 0.082 seconds
[2025-02-01T00:15:19.528+0000] {processor.py:186} INFO - Started process (PID=26968) to work on /home/airflow/.local/lib/python3.12/site-packages/airflow/example_dags/example_complex.py
[2025-02-01T00:15:19.529+0000] {processor.py:914} INFO - Processing file /home/airflow/.local/lib/python3.12/site-packages/airflow/example_dags/example_complex.py for tasks to queue
[2025-02-01T00:15:19.530+0000] {logging_mixin.py:190} INFO - [2025-02-01T00:15:19.530+0000] {dagbag.py:587} INFO - Filling up the DagBag from /home/airflow/.local/lib/python3.12/site-packages/airflow/example_dags/example_complex.py
[2025-02-01T00:15:19.540+0000] {processor.py:925} INFO - DAG(s) 'example_complex' retrieved from /home/airflow/.local/lib/python3.12/site-packages/airflow/example_dags/example_complex.py
[2025-02-01T00:15:19.568+0000] {logging_mixin.py:190} INFO - [2025-02-01T00:15:19.568+0000] {dag.py:3211} INFO - Sync 1 DAGs
[2025-02-01T00:15:19.580+0000] {logging_mixin.py:190} INFO - [2025-02-01T00:15:19.580+0000] {dag.py:4138} INFO - Setting next_dagrun for example_complex to None, run_after=None
[2025-02-01T00:15:19.596+0000] {processor.py:208} INFO - Processing /home/airflow/.local/lib/python3.12/site-packages/airflow/example_dags/example_complex.py took 0.073 seconds
[2025-02-01T00:15:50.033+0000] {processor.py:186} INFO - Started process (PID=27031) to work on /home/airflow/.local/lib/python3.12/site-packages/airflow/example_dags/example_complex.py
[2025-02-01T00:15:50.034+0000] {processor.py:914} INFO - Processing file /home/airflow/.local/lib/python3.12/site-packages/airflow/example_dags/example_complex.py for tasks to queue
[2025-02-01T00:15:50.035+0000] {logging_mixin.py:190} INFO - [2025-02-01T00:15:50.035+0000] {dagbag.py:587} INFO - Filling up the DagBag from /home/airflow/.local/lib/python3.12/site-packages/airflow/example_dags/example_complex.py
[2025-02-01T00:15:50.045+0000] {processor.py:925} INFO - DAG(s) 'example_complex' retrieved from /home/airflow/.local/lib/python3.12/site-packages/airflow/example_dags/example_complex.py
[2025-02-01T00:15:50.075+0000] {logging_mixin.py:190} INFO - [2025-02-01T00:15:50.075+0000] {dag.py:3211} INFO - Sync 1 DAGs
[2025-02-01T00:15:50.088+0000] {logging_mixin.py:190} INFO - [2025-02-01T00:15:50.088+0000] {dag.py:4138} INFO - Setting next_dagrun for example_complex to None, run_after=None
[2025-02-01T00:15:50.107+0000] {processor.py:208} INFO - Processing /home/airflow/.local/lib/python3.12/site-packages/airflow/example_dags/example_complex.py took 0.078 seconds
[2025-02-01T00:16:20.208+0000] {processor.py:186} INFO - Started process (PID=27094) to work on /home/airflow/.local/lib/python3.12/site-packages/airflow/example_dags/example_complex.py
[2025-02-01T00:16:20.209+0000] {processor.py:914} INFO - Processing file /home/airflow/.local/lib/python3.12/site-packages/airflow/example_dags/example_complex.py for tasks to queue
[2025-02-01T00:16:20.210+0000] {logging_mixin.py:190} INFO - [2025-02-01T00:16:20.209+0000] {dagbag.py:587} INFO - Filling up the DagBag from /home/airflow/.local/lib/python3.12/site-packages/airflow/example_dags/example_complex.py
[2025-02-01T00:16:20.220+0000] {processor.py:925} INFO - DAG(s) 'example_complex' retrieved from /home/airflow/.local/lib/python3.12/site-packages/airflow/example_dags/example_complex.py
[2025-02-01T00:16:20.248+0000] {logging_mixin.py:190} INFO - [2025-02-01T00:16:20.248+0000] {dag.py:3211} INFO - Sync 1 DAGs
[2025-02-01T00:16:20.260+0000] {logging_mixin.py:190} INFO - [2025-02-01T00:16:20.260+0000] {dag.py:4138} INFO - Setting next_dagrun for example_complex to None, run_after=None
[2025-02-01T00:16:20.279+0000] {processor.py:208} INFO - Processing /home/airflow/.local/lib/python3.12/site-packages/airflow/example_dags/example_complex.py took 0.076 seconds
