[2025-02-01T00:00:10.192+0000] {processor.py:186} INFO - Started process (PID=25080) to work on /home/airflow/.local/lib/python3.12/site-packages/airflow/example_dags/example_task_group_decorator.py
[2025-02-01T00:00:10.193+0000] {processor.py:914} INFO - Processing file /home/airflow/.local/lib/python3.12/site-packages/airflow/example_dags/example_task_group_decorator.py for tasks to queue
[2025-02-01T00:00:10.194+0000] {logging_mixin.py:190} INFO - [2025-02-01T00:00:10.194+0000] {dagbag.py:587} INFO - Filling up the DagBag from /home/airflow/.local/lib/python3.12/site-packages/airflow/example_dags/example_task_group_decorator.py
[2025-02-01T00:00:10.207+0000] {processor.py:925} INFO - DAG(s) 'example_task_group_decorator' retrieved from /home/airflow/.local/lib/python3.12/site-packages/airflow/example_dags/example_task_group_decorator.py
[2025-02-01T00:00:10.228+0000] {logging_mixin.py:190} INFO - [2025-02-01T00:00:10.228+0000] {dag.py:3211} INFO - Sync 1 DAGs
[2025-02-01T00:00:10.247+0000] {logging_mixin.py:190} INFO - [2025-02-01T00:00:10.247+0000] {dag.py:4138} INFO - Setting next_dagrun for example_task_group_decorator to 2025-01-31 00:00:00+00:00, run_after=2025-02-01 00:00:00+00:00
[2025-02-01T00:00:10.267+0000] {processor.py:208} INFO - Processing /home/airflow/.local/lib/python3.12/site-packages/airflow/example_dags/example_task_group_decorator.py took 0.080 seconds
[2025-02-01T00:00:40.698+0000] {processor.py:186} INFO - Started process (PID=25142) to work on /home/airflow/.local/lib/python3.12/site-packages/airflow/example_dags/example_task_group_decorator.py
[2025-02-01T00:00:40.699+0000] {processor.py:914} INFO - Processing file /home/airflow/.local/lib/python3.12/site-packages/airflow/example_dags/example_task_group_decorator.py for tasks to queue
[2025-02-01T00:00:40.700+0000] {logging_mixin.py:190} INFO - [2025-02-01T00:00:40.699+0000] {dagbag.py:587} INFO - Filling up the DagBag from /home/airflow/.local/lib/python3.12/site-packages/airflow/example_dags/example_task_group_decorator.py
[2025-02-01T00:00:40.713+0000] {processor.py:925} INFO - DAG(s) 'example_task_group_decorator' retrieved from /home/airflow/.local/lib/python3.12/site-packages/airflow/example_dags/example_task_group_decorator.py
[2025-02-01T00:00:40.736+0000] {logging_mixin.py:190} INFO - [2025-02-01T00:00:40.735+0000] {dag.py:3211} INFO - Sync 1 DAGs
[2025-02-01T00:00:40.755+0000] {logging_mixin.py:190} INFO - [2025-02-01T00:00:40.755+0000] {dag.py:4138} INFO - Setting next_dagrun for example_task_group_decorator to 2025-01-31 00:00:00+00:00, run_after=2025-02-01 00:00:00+00:00
[2025-02-01T00:00:40.773+0000] {processor.py:208} INFO - Processing /home/airflow/.local/lib/python3.12/site-packages/airflow/example_dags/example_task_group_decorator.py took 0.080 seconds
[2025-02-01T00:01:10.995+0000] {processor.py:186} INFO - Started process (PID=25205) to work on /home/airflow/.local/lib/python3.12/site-packages/airflow/example_dags/example_task_group_decorator.py
[2025-02-01T00:01:10.996+0000] {processor.py:914} INFO - Processing file /home/airflow/.local/lib/python3.12/site-packages/airflow/example_dags/example_task_group_decorator.py for tasks to queue
[2025-02-01T00:01:10.998+0000] {logging_mixin.py:190} INFO - [2025-02-01T00:01:10.997+0000] {dagbag.py:587} INFO - Filling up the DagBag from /home/airflow/.local/lib/python3.12/site-packages/airflow/example_dags/example_task_group_decorator.py
[2025-02-01T00:01:11.012+0000] {processor.py:925} INFO - DAG(s) 'example_task_group_decorator' retrieved from /home/airflow/.local/lib/python3.12/site-packages/airflow/example_dags/example_task_group_decorator.py
[2025-02-01T00:01:11.034+0000] {logging_mixin.py:190} INFO - [2025-02-01T00:01:11.034+0000] {dag.py:3211} INFO - Sync 1 DAGs
[2025-02-01T00:01:11.056+0000] {logging_mixin.py:190} INFO - [2025-02-01T00:01:11.055+0000] {dag.py:4138} INFO - Setting next_dagrun for example_task_group_decorator to 2025-01-31 00:00:00+00:00, run_after=2025-02-01 00:00:00+00:00
[2025-02-01T00:01:11.073+0000] {processor.py:208} INFO - Processing /home/airflow/.local/lib/python3.12/site-packages/airflow/example_dags/example_task_group_decorator.py took 0.083 seconds
[2025-02-01T00:01:41.173+0000] {processor.py:186} INFO - Started process (PID=25268) to work on /home/airflow/.local/lib/python3.12/site-packages/airflow/example_dags/example_task_group_decorator.py
[2025-02-01T00:01:41.174+0000] {processor.py:914} INFO - Processing file /home/airflow/.local/lib/python3.12/site-packages/airflow/example_dags/example_task_group_decorator.py for tasks to queue
[2025-02-01T00:01:41.176+0000] {logging_mixin.py:190} INFO - [2025-02-01T00:01:41.175+0000] {dagbag.py:587} INFO - Filling up the DagBag from /home/airflow/.local/lib/python3.12/site-packages/airflow/example_dags/example_task_group_decorator.py
[2025-02-01T00:01:41.191+0000] {processor.py:925} INFO - DAG(s) 'example_task_group_decorator' retrieved from /home/airflow/.local/lib/python3.12/site-packages/airflow/example_dags/example_task_group_decorator.py
[2025-02-01T00:01:41.216+0000] {logging_mixin.py:190} INFO - [2025-02-01T00:01:41.216+0000] {dag.py:3211} INFO - Sync 1 DAGs
[2025-02-01T00:01:41.239+0000] {logging_mixin.py:190} INFO - [2025-02-01T00:01:41.238+0000] {dag.py:4138} INFO - Setting next_dagrun for example_task_group_decorator to 2025-01-31 00:00:00+00:00, run_after=2025-02-01 00:00:00+00:00
[2025-02-01T00:01:41.302+0000] {processor.py:208} INFO - Processing /home/airflow/.local/lib/python3.12/site-packages/airflow/example_dags/example_task_group_decorator.py took 0.133 seconds
[2025-02-01T00:02:12.321+0000] {processor.py:186} INFO - Started process (PID=25331) to work on /home/airflow/.local/lib/python3.12/site-packages/airflow/example_dags/example_task_group_decorator.py
[2025-02-01T00:02:12.321+0000] {processor.py:914} INFO - Processing file /home/airflow/.local/lib/python3.12/site-packages/airflow/example_dags/example_task_group_decorator.py for tasks to queue
[2025-02-01T00:02:12.323+0000] {logging_mixin.py:190} INFO - [2025-02-01T00:02:12.322+0000] {dagbag.py:587} INFO - Filling up the DagBag from /home/airflow/.local/lib/python3.12/site-packages/airflow/example_dags/example_task_group_decorator.py
[2025-02-01T00:02:12.335+0000] {processor.py:925} INFO - DAG(s) 'example_task_group_decorator' retrieved from /home/airflow/.local/lib/python3.12/site-packages/airflow/example_dags/example_task_group_decorator.py
[2025-02-01T00:02:12.357+0000] {logging_mixin.py:190} INFO - [2025-02-01T00:02:12.356+0000] {dag.py:3211} INFO - Sync 1 DAGs
[2025-02-01T00:02:12.377+0000] {logging_mixin.py:190} INFO - [2025-02-01T00:02:12.377+0000] {dag.py:4138} INFO - Setting next_dagrun for example_task_group_decorator to 2025-01-31 00:00:00+00:00, run_after=2025-02-01 00:00:00+00:00
[2025-02-01T00:02:12.397+0000] {processor.py:208} INFO - Processing /home/airflow/.local/lib/python3.12/site-packages/airflow/example_dags/example_task_group_decorator.py took 0.081 seconds
[2025-02-01T00:02:42.554+0000] {processor.py:186} INFO - Started process (PID=25394) to work on /home/airflow/.local/lib/python3.12/site-packages/airflow/example_dags/example_task_group_decorator.py
[2025-02-01T00:02:42.554+0000] {processor.py:914} INFO - Processing file /home/airflow/.local/lib/python3.12/site-packages/airflow/example_dags/example_task_group_decorator.py for tasks to queue
[2025-02-01T00:02:42.556+0000] {logging_mixin.py:190} INFO - [2025-02-01T00:02:42.555+0000] {dagbag.py:587} INFO - Filling up the DagBag from /home/airflow/.local/lib/python3.12/site-packages/airflow/example_dags/example_task_group_decorator.py
[2025-02-01T00:02:42.569+0000] {processor.py:925} INFO - DAG(s) 'example_task_group_decorator' retrieved from /home/airflow/.local/lib/python3.12/site-packages/airflow/example_dags/example_task_group_decorator.py
[2025-02-01T00:02:42.592+0000] {logging_mixin.py:190} INFO - [2025-02-01T00:02:42.592+0000] {dag.py:3211} INFO - Sync 1 DAGs
[2025-02-01T00:02:42.613+0000] {logging_mixin.py:190} INFO - [2025-02-01T00:02:42.613+0000] {dag.py:4138} INFO - Setting next_dagrun for example_task_group_decorator to 2025-01-31 00:00:00+00:00, run_after=2025-02-01 00:00:00+00:00
[2025-02-01T00:02:42.634+0000] {processor.py:208} INFO - Processing /home/airflow/.local/lib/python3.12/site-packages/airflow/example_dags/example_task_group_decorator.py took 0.086 seconds
[2025-02-01T00:03:12.760+0000] {processor.py:186} INFO - Started process (PID=25456) to work on /home/airflow/.local/lib/python3.12/site-packages/airflow/example_dags/example_task_group_decorator.py
[2025-02-01T00:03:12.761+0000] {processor.py:914} INFO - Processing file /home/airflow/.local/lib/python3.12/site-packages/airflow/example_dags/example_task_group_decorator.py for tasks to queue
[2025-02-01T00:03:12.762+0000] {logging_mixin.py:190} INFO - [2025-02-01T00:03:12.762+0000] {dagbag.py:587} INFO - Filling up the DagBag from /home/airflow/.local/lib/python3.12/site-packages/airflow/example_dags/example_task_group_decorator.py
[2025-02-01T00:03:12.775+0000] {processor.py:925} INFO - DAG(s) 'example_task_group_decorator' retrieved from /home/airflow/.local/lib/python3.12/site-packages/airflow/example_dags/example_task_group_decorator.py
[2025-02-01T00:03:12.797+0000] {logging_mixin.py:190} INFO - [2025-02-01T00:03:12.797+0000] {dag.py:3211} INFO - Sync 1 DAGs
[2025-02-01T00:03:12.819+0000] {logging_mixin.py:190} INFO - [2025-02-01T00:03:12.818+0000] {dag.py:4138} INFO - Setting next_dagrun for example_task_group_decorator to 2025-01-31 00:00:00+00:00, run_after=2025-02-01 00:00:00+00:00
[2025-02-01T00:03:12.838+0000] {processor.py:208} INFO - Processing /home/airflow/.local/lib/python3.12/site-packages/airflow/example_dags/example_task_group_decorator.py took 0.082 seconds
[2025-02-01T00:03:42.940+0000] {processor.py:186} INFO - Started process (PID=25519) to work on /home/airflow/.local/lib/python3.12/site-packages/airflow/example_dags/example_task_group_decorator.py
[2025-02-01T00:03:42.941+0000] {processor.py:914} INFO - Processing file /home/airflow/.local/lib/python3.12/site-packages/airflow/example_dags/example_task_group_decorator.py for tasks to queue
[2025-02-01T00:03:42.942+0000] {logging_mixin.py:190} INFO - [2025-02-01T00:03:42.942+0000] {dagbag.py:587} INFO - Filling up the DagBag from /home/airflow/.local/lib/python3.12/site-packages/airflow/example_dags/example_task_group_decorator.py
[2025-02-01T00:03:42.956+0000] {processor.py:925} INFO - DAG(s) 'example_task_group_decorator' retrieved from /home/airflow/.local/lib/python3.12/site-packages/airflow/example_dags/example_task_group_decorator.py
[2025-02-01T00:03:42.981+0000] {logging_mixin.py:190} INFO - [2025-02-01T00:03:42.980+0000] {dag.py:3211} INFO - Sync 1 DAGs
[2025-02-01T00:03:43.001+0000] {logging_mixin.py:190} INFO - [2025-02-01T00:03:43.001+0000] {dag.py:4138} INFO - Setting next_dagrun for example_task_group_decorator to 2025-01-31 00:00:00+00:00, run_after=2025-02-01 00:00:00+00:00
[2025-02-01T00:03:43.019+0000] {processor.py:208} INFO - Processing /home/airflow/.local/lib/python3.12/site-packages/airflow/example_dags/example_task_group_decorator.py took 0.084 seconds
[2025-02-01T00:04:13.225+0000] {processor.py:186} INFO - Started process (PID=25582) to work on /home/airflow/.local/lib/python3.12/site-packages/airflow/example_dags/example_task_group_decorator.py
[2025-02-01T00:04:13.226+0000] {processor.py:914} INFO - Processing file /home/airflow/.local/lib/python3.12/site-packages/airflow/example_dags/example_task_group_decorator.py for tasks to queue
[2025-02-01T00:04:13.227+0000] {logging_mixin.py:190} INFO - [2025-02-01T00:04:13.227+0000] {dagbag.py:587} INFO - Filling up the DagBag from /home/airflow/.local/lib/python3.12/site-packages/airflow/example_dags/example_task_group_decorator.py
[2025-02-01T00:04:13.239+0000] {processor.py:925} INFO - DAG(s) 'example_task_group_decorator' retrieved from /home/airflow/.local/lib/python3.12/site-packages/airflow/example_dags/example_task_group_decorator.py
[2025-02-01T00:04:13.260+0000] {logging_mixin.py:190} INFO - [2025-02-01T00:04:13.260+0000] {dag.py:3211} INFO - Sync 1 DAGs
[2025-02-01T00:04:13.279+0000] {logging_mixin.py:190} INFO - [2025-02-01T00:04:13.278+0000] {dag.py:4138} INFO - Setting next_dagrun for example_task_group_decorator to 2025-01-31 00:00:00+00:00, run_after=2025-02-01 00:00:00+00:00
[2025-02-01T00:04:13.297+0000] {processor.py:208} INFO - Processing /home/airflow/.local/lib/python3.12/site-packages/airflow/example_dags/example_task_group_decorator.py took 0.077 seconds
[2025-02-01T00:04:43.370+0000] {processor.py:186} INFO - Started process (PID=25645) to work on /home/airflow/.local/lib/python3.12/site-packages/airflow/example_dags/example_task_group_decorator.py
[2025-02-01T00:04:43.371+0000] {processor.py:914} INFO - Processing file /home/airflow/.local/lib/python3.12/site-packages/airflow/example_dags/example_task_group_decorator.py for tasks to queue
[2025-02-01T00:04:43.372+0000] {logging_mixin.py:190} INFO - [2025-02-01T00:04:43.371+0000] {dagbag.py:587} INFO - Filling up the DagBag from /home/airflow/.local/lib/python3.12/site-packages/airflow/example_dags/example_task_group_decorator.py
[2025-02-01T00:04:43.386+0000] {processor.py:925} INFO - DAG(s) 'example_task_group_decorator' retrieved from /home/airflow/.local/lib/python3.12/site-packages/airflow/example_dags/example_task_group_decorator.py
[2025-02-01T00:04:43.409+0000] {logging_mixin.py:190} INFO - [2025-02-01T00:04:43.409+0000] {dag.py:3211} INFO - Sync 1 DAGs
[2025-02-01T00:04:43.429+0000] {logging_mixin.py:190} INFO - [2025-02-01T00:04:43.429+0000] {dag.py:4138} INFO - Setting next_dagrun for example_task_group_decorator to 2025-01-31 00:00:00+00:00, run_after=2025-02-01 00:00:00+00:00
[2025-02-01T00:04:43.447+0000] {processor.py:208} INFO - Processing /home/airflow/.local/lib/python3.12/site-packages/airflow/example_dags/example_task_group_decorator.py took 0.082 seconds
[2025-02-01T00:05:13.626+0000] {processor.py:186} INFO - Started process (PID=25708) to work on /home/airflow/.local/lib/python3.12/site-packages/airflow/example_dags/example_task_group_decorator.py
[2025-02-01T00:05:13.627+0000] {processor.py:914} INFO - Processing file /home/airflow/.local/lib/python3.12/site-packages/airflow/example_dags/example_task_group_decorator.py for tasks to queue
[2025-02-01T00:05:13.628+0000] {logging_mixin.py:190} INFO - [2025-02-01T00:05:13.628+0000] {dagbag.py:587} INFO - Filling up the DagBag from /home/airflow/.local/lib/python3.12/site-packages/airflow/example_dags/example_task_group_decorator.py
[2025-02-01T00:05:13.641+0000] {processor.py:925} INFO - DAG(s) 'example_task_group_decorator' retrieved from /home/airflow/.local/lib/python3.12/site-packages/airflow/example_dags/example_task_group_decorator.py
[2025-02-01T00:05:13.664+0000] {logging_mixin.py:190} INFO - [2025-02-01T00:05:13.664+0000] {dag.py:3211} INFO - Sync 1 DAGs
[2025-02-01T00:05:13.687+0000] {logging_mixin.py:190} INFO - [2025-02-01T00:05:13.686+0000] {dag.py:4138} INFO - Setting next_dagrun for example_task_group_decorator to 2025-01-31 00:00:00+00:00, run_after=2025-02-01 00:00:00+00:00
[2025-02-01T00:05:13.707+0000] {processor.py:208} INFO - Processing /home/airflow/.local/lib/python3.12/site-packages/airflow/example_dags/example_task_group_decorator.py took 0.085 seconds
[2025-02-01T00:05:43.995+0000] {processor.py:186} INFO - Started process (PID=25771) to work on /home/airflow/.local/lib/python3.12/site-packages/airflow/example_dags/example_task_group_decorator.py
[2025-02-01T00:05:43.995+0000] {processor.py:914} INFO - Processing file /home/airflow/.local/lib/python3.12/site-packages/airflow/example_dags/example_task_group_decorator.py for tasks to queue
[2025-02-01T00:05:43.997+0000] {logging_mixin.py:190} INFO - [2025-02-01T00:05:43.996+0000] {dagbag.py:587} INFO - Filling up the DagBag from /home/airflow/.local/lib/python3.12/site-packages/airflow/example_dags/example_task_group_decorator.py
[2025-02-01T00:05:44.009+0000] {processor.py:925} INFO - DAG(s) 'example_task_group_decorator' retrieved from /home/airflow/.local/lib/python3.12/site-packages/airflow/example_dags/example_task_group_decorator.py
[2025-02-01T00:05:44.032+0000] {logging_mixin.py:190} INFO - [2025-02-01T00:05:44.032+0000] {dag.py:3211} INFO - Sync 1 DAGs
[2025-02-01T00:05:44.053+0000] {logging_mixin.py:190} INFO - [2025-02-01T00:05:44.053+0000] {dag.py:4138} INFO - Setting next_dagrun for example_task_group_decorator to 2025-01-31 00:00:00+00:00, run_after=2025-02-01 00:00:00+00:00
[2025-02-01T00:05:44.072+0000] {processor.py:208} INFO - Processing /home/airflow/.local/lib/python3.12/site-packages/airflow/example_dags/example_task_group_decorator.py took 0.082 seconds
[2025-02-01T00:06:14.225+0000] {processor.py:186} INFO - Started process (PID=25834) to work on /home/airflow/.local/lib/python3.12/site-packages/airflow/example_dags/example_task_group_decorator.py
[2025-02-01T00:06:14.226+0000] {processor.py:914} INFO - Processing file /home/airflow/.local/lib/python3.12/site-packages/airflow/example_dags/example_task_group_decorator.py for tasks to queue
[2025-02-01T00:06:14.227+0000] {logging_mixin.py:190} INFO - [2025-02-01T00:06:14.227+0000] {dagbag.py:587} INFO - Filling up the DagBag from /home/airflow/.local/lib/python3.12/site-packages/airflow/example_dags/example_task_group_decorator.py
[2025-02-01T00:06:14.240+0000] {processor.py:925} INFO - DAG(s) 'example_task_group_decorator' retrieved from /home/airflow/.local/lib/python3.12/site-packages/airflow/example_dags/example_task_group_decorator.py
[2025-02-01T00:06:14.262+0000] {logging_mixin.py:190} INFO - [2025-02-01T00:06:14.262+0000] {dag.py:3211} INFO - Sync 1 DAGs
[2025-02-01T00:06:14.281+0000] {logging_mixin.py:190} INFO - [2025-02-01T00:06:14.280+0000] {dag.py:4138} INFO - Setting next_dagrun for example_task_group_decorator to 2025-01-31 00:00:00+00:00, run_after=2025-02-01 00:00:00+00:00
[2025-02-01T00:06:14.300+0000] {processor.py:208} INFO - Processing /home/airflow/.local/lib/python3.12/site-packages/airflow/example_dags/example_task_group_decorator.py took 0.080 seconds
[2025-02-01T00:06:44.451+0000] {processor.py:186} INFO - Started process (PID=25897) to work on /home/airflow/.local/lib/python3.12/site-packages/airflow/example_dags/example_task_group_decorator.py
[2025-02-01T00:06:44.451+0000] {processor.py:914} INFO - Processing file /home/airflow/.local/lib/python3.12/site-packages/airflow/example_dags/example_task_group_decorator.py for tasks to queue
[2025-02-01T00:06:44.452+0000] {logging_mixin.py:190} INFO - [2025-02-01T00:06:44.452+0000] {dagbag.py:587} INFO - Filling up the DagBag from /home/airflow/.local/lib/python3.12/site-packages/airflow/example_dags/example_task_group_decorator.py
[2025-02-01T00:06:44.466+0000] {processor.py:925} INFO - DAG(s) 'example_task_group_decorator' retrieved from /home/airflow/.local/lib/python3.12/site-packages/airflow/example_dags/example_task_group_decorator.py
[2025-02-01T00:06:44.489+0000] {logging_mixin.py:190} INFO - [2025-02-01T00:06:44.489+0000] {dag.py:3211} INFO - Sync 1 DAGs
[2025-02-01T00:06:44.511+0000] {logging_mixin.py:190} INFO - [2025-02-01T00:06:44.510+0000] {dag.py:4138} INFO - Setting next_dagrun for example_task_group_decorator to 2025-01-31 00:00:00+00:00, run_after=2025-02-01 00:00:00+00:00
[2025-02-01T00:06:44.529+0000] {processor.py:208} INFO - Processing /home/airflow/.local/lib/python3.12/site-packages/airflow/example_dags/example_task_group_decorator.py took 0.083 seconds
[2025-02-01T00:07:14.767+0000] {processor.py:186} INFO - Started process (PID=25960) to work on /home/airflow/.local/lib/python3.12/site-packages/airflow/example_dags/example_task_group_decorator.py
[2025-02-01T00:07:14.768+0000] {processor.py:914} INFO - Processing file /home/airflow/.local/lib/python3.12/site-packages/airflow/example_dags/example_task_group_decorator.py for tasks to queue
[2025-02-01T00:07:14.769+0000] {logging_mixin.py:190} INFO - [2025-02-01T00:07:14.769+0000] {dagbag.py:587} INFO - Filling up the DagBag from /home/airflow/.local/lib/python3.12/site-packages/airflow/example_dags/example_task_group_decorator.py
[2025-02-01T00:07:14.782+0000] {processor.py:925} INFO - DAG(s) 'example_task_group_decorator' retrieved from /home/airflow/.local/lib/python3.12/site-packages/airflow/example_dags/example_task_group_decorator.py
[2025-02-01T00:07:14.803+0000] {logging_mixin.py:190} INFO - [2025-02-01T00:07:14.803+0000] {dag.py:3211} INFO - Sync 1 DAGs
[2025-02-01T00:07:14.824+0000] {logging_mixin.py:190} INFO - [2025-02-01T00:07:14.824+0000] {dag.py:4138} INFO - Setting next_dagrun for example_task_group_decorator to 2025-01-31 00:00:00+00:00, run_after=2025-02-01 00:00:00+00:00
[2025-02-01T00:07:14.843+0000] {processor.py:208} INFO - Processing /home/airflow/.local/lib/python3.12/site-packages/airflow/example_dags/example_task_group_decorator.py took 0.081 seconds
[2025-02-01T00:07:45.059+0000] {processor.py:186} INFO - Started process (PID=26023) to work on /home/airflow/.local/lib/python3.12/site-packages/airflow/example_dags/example_task_group_decorator.py
[2025-02-01T00:07:45.060+0000] {processor.py:914} INFO - Processing file /home/airflow/.local/lib/python3.12/site-packages/airflow/example_dags/example_task_group_decorator.py for tasks to queue
[2025-02-01T00:07:45.062+0000] {logging_mixin.py:190} INFO - [2025-02-01T00:07:45.061+0000] {dagbag.py:587} INFO - Filling up the DagBag from /home/airflow/.local/lib/python3.12/site-packages/airflow/example_dags/example_task_group_decorator.py
[2025-02-01T00:07:45.074+0000] {processor.py:925} INFO - DAG(s) 'example_task_group_decorator' retrieved from /home/airflow/.local/lib/python3.12/site-packages/airflow/example_dags/example_task_group_decorator.py
[2025-02-01T00:07:45.096+0000] {logging_mixin.py:190} INFO - [2025-02-01T00:07:45.096+0000] {dag.py:3211} INFO - Sync 1 DAGs
[2025-02-01T00:07:45.122+0000] {logging_mixin.py:190} INFO - [2025-02-01T00:07:45.121+0000] {dag.py:4138} INFO - Setting next_dagrun for example_task_group_decorator to 2025-01-31 00:00:00+00:00, run_after=2025-02-01 00:00:00+00:00
[2025-02-01T00:07:45.145+0000] {processor.py:208} INFO - Processing /home/airflow/.local/lib/python3.12/site-packages/airflow/example_dags/example_task_group_decorator.py took 0.091 seconds
[2025-02-01T00:08:15.418+0000] {processor.py:186} INFO - Started process (PID=26086) to work on /home/airflow/.local/lib/python3.12/site-packages/airflow/example_dags/example_task_group_decorator.py
[2025-02-01T00:08:15.419+0000] {processor.py:914} INFO - Processing file /home/airflow/.local/lib/python3.12/site-packages/airflow/example_dags/example_task_group_decorator.py for tasks to queue
[2025-02-01T00:08:15.420+0000] {logging_mixin.py:190} INFO - [2025-02-01T00:08:15.420+0000] {dagbag.py:587} INFO - Filling up the DagBag from /home/airflow/.local/lib/python3.12/site-packages/airflow/example_dags/example_task_group_decorator.py
[2025-02-01T00:08:15.435+0000] {processor.py:925} INFO - DAG(s) 'example_task_group_decorator' retrieved from /home/airflow/.local/lib/python3.12/site-packages/airflow/example_dags/example_task_group_decorator.py
[2025-02-01T00:08:15.459+0000] {logging_mixin.py:190} INFO - [2025-02-01T00:08:15.458+0000] {dag.py:3211} INFO - Sync 1 DAGs
[2025-02-01T00:08:15.481+0000] {logging_mixin.py:190} INFO - [2025-02-01T00:08:15.480+0000] {dag.py:4138} INFO - Setting next_dagrun for example_task_group_decorator to 2025-01-31 00:00:00+00:00, run_after=2025-02-01 00:00:00+00:00
[2025-02-01T00:08:15.499+0000] {processor.py:208} INFO - Processing /home/airflow/.local/lib/python3.12/site-packages/airflow/example_dags/example_task_group_decorator.py took 0.086 seconds
[2025-02-01T00:08:45.742+0000] {processor.py:186} INFO - Started process (PID=26149) to work on /home/airflow/.local/lib/python3.12/site-packages/airflow/example_dags/example_task_group_decorator.py
[2025-02-01T00:08:45.742+0000] {processor.py:914} INFO - Processing file /home/airflow/.local/lib/python3.12/site-packages/airflow/example_dags/example_task_group_decorator.py for tasks to queue
[2025-02-01T00:08:45.743+0000] {logging_mixin.py:190} INFO - [2025-02-01T00:08:45.743+0000] {dagbag.py:587} INFO - Filling up the DagBag from /home/airflow/.local/lib/python3.12/site-packages/airflow/example_dags/example_task_group_decorator.py
[2025-02-01T00:08:45.756+0000] {processor.py:925} INFO - DAG(s) 'example_task_group_decorator' retrieved from /home/airflow/.local/lib/python3.12/site-packages/airflow/example_dags/example_task_group_decorator.py
[2025-02-01T00:08:45.779+0000] {logging_mixin.py:190} INFO - [2025-02-01T00:08:45.778+0000] {dag.py:3211} INFO - Sync 1 DAGs
[2025-02-01T00:08:45.802+0000] {logging_mixin.py:190} INFO - [2025-02-01T00:08:45.802+0000] {dag.py:4138} INFO - Setting next_dagrun for example_task_group_decorator to 2025-01-31 00:00:00+00:00, run_after=2025-02-01 00:00:00+00:00
[2025-02-01T00:08:45.832+0000] {processor.py:208} INFO - Processing /home/airflow/.local/lib/python3.12/site-packages/airflow/example_dags/example_task_group_decorator.py took 0.095 seconds
[2025-02-01T00:09:16.068+0000] {processor.py:186} INFO - Started process (PID=26212) to work on /home/airflow/.local/lib/python3.12/site-packages/airflow/example_dags/example_task_group_decorator.py
[2025-02-01T00:09:16.069+0000] {processor.py:914} INFO - Processing file /home/airflow/.local/lib/python3.12/site-packages/airflow/example_dags/example_task_group_decorator.py for tasks to queue
[2025-02-01T00:09:16.070+0000] {logging_mixin.py:190} INFO - [2025-02-01T00:09:16.070+0000] {dagbag.py:587} INFO - Filling up the DagBag from /home/airflow/.local/lib/python3.12/site-packages/airflow/example_dags/example_task_group_decorator.py
[2025-02-01T00:09:16.083+0000] {processor.py:925} INFO - DAG(s) 'example_task_group_decorator' retrieved from /home/airflow/.local/lib/python3.12/site-packages/airflow/example_dags/example_task_group_decorator.py
[2025-02-01T00:09:16.105+0000] {logging_mixin.py:190} INFO - [2025-02-01T00:09:16.105+0000] {dag.py:3211} INFO - Sync 1 DAGs
[2025-02-01T00:09:16.125+0000] {logging_mixin.py:190} INFO - [2025-02-01T00:09:16.125+0000] {dag.py:4138} INFO - Setting next_dagrun for example_task_group_decorator to 2025-01-31 00:00:00+00:00, run_after=2025-02-01 00:00:00+00:00
[2025-02-01T00:09:16.144+0000] {processor.py:208} INFO - Processing /home/airflow/.local/lib/python3.12/site-packages/airflow/example_dags/example_task_group_decorator.py took 0.081 seconds
[2025-02-01T00:09:46.239+0000] {processor.py:186} INFO - Started process (PID=26275) to work on /home/airflow/.local/lib/python3.12/site-packages/airflow/example_dags/example_task_group_decorator.py
[2025-02-01T00:09:46.240+0000] {processor.py:914} INFO - Processing file /home/airflow/.local/lib/python3.12/site-packages/airflow/example_dags/example_task_group_decorator.py for tasks to queue
[2025-02-01T00:09:46.241+0000] {logging_mixin.py:190} INFO - [2025-02-01T00:09:46.241+0000] {dagbag.py:587} INFO - Filling up the DagBag from /home/airflow/.local/lib/python3.12/site-packages/airflow/example_dags/example_task_group_decorator.py
[2025-02-01T00:09:46.254+0000] {processor.py:925} INFO - DAG(s) 'example_task_group_decorator' retrieved from /home/airflow/.local/lib/python3.12/site-packages/airflow/example_dags/example_task_group_decorator.py
[2025-02-01T00:09:46.276+0000] {logging_mixin.py:190} INFO - [2025-02-01T00:09:46.276+0000] {dag.py:3211} INFO - Sync 1 DAGs
[2025-02-01T00:09:46.297+0000] {logging_mixin.py:190} INFO - [2025-02-01T00:09:46.297+0000] {dag.py:4138} INFO - Setting next_dagrun for example_task_group_decorator to 2025-01-31 00:00:00+00:00, run_after=2025-02-01 00:00:00+00:00
[2025-02-01T00:09:46.315+0000] {processor.py:208} INFO - Processing /home/airflow/.local/lib/python3.12/site-packages/airflow/example_dags/example_task_group_decorator.py took 0.081 seconds
[2025-02-01T00:10:16.571+0000] {processor.py:186} INFO - Started process (PID=26338) to work on /home/airflow/.local/lib/python3.12/site-packages/airflow/example_dags/example_task_group_decorator.py
[2025-02-01T00:10:16.572+0000] {processor.py:914} INFO - Processing file /home/airflow/.local/lib/python3.12/site-packages/airflow/example_dags/example_task_group_decorator.py for tasks to queue
[2025-02-01T00:10:16.573+0000] {logging_mixin.py:190} INFO - [2025-02-01T00:10:16.573+0000] {dagbag.py:587} INFO - Filling up the DagBag from /home/airflow/.local/lib/python3.12/site-packages/airflow/example_dags/example_task_group_decorator.py
[2025-02-01T00:10:16.586+0000] {processor.py:925} INFO - DAG(s) 'example_task_group_decorator' retrieved from /home/airflow/.local/lib/python3.12/site-packages/airflow/example_dags/example_task_group_decorator.py
[2025-02-01T00:10:16.609+0000] {logging_mixin.py:190} INFO - [2025-02-01T00:10:16.609+0000] {dag.py:3211} INFO - Sync 1 DAGs
[2025-02-01T00:10:16.631+0000] {logging_mixin.py:190} INFO - [2025-02-01T00:10:16.630+0000] {dag.py:4138} INFO - Setting next_dagrun for example_task_group_decorator to 2025-01-31 00:00:00+00:00, run_after=2025-02-01 00:00:00+00:00
[2025-02-01T00:10:16.649+0000] {processor.py:208} INFO - Processing /home/airflow/.local/lib/python3.12/site-packages/airflow/example_dags/example_task_group_decorator.py took 0.083 seconds
[2025-02-01T00:10:47.003+0000] {processor.py:186} INFO - Started process (PID=26401) to work on /home/airflow/.local/lib/python3.12/site-packages/airflow/example_dags/example_task_group_decorator.py
[2025-02-01T00:10:47.004+0000] {processor.py:914} INFO - Processing file /home/airflow/.local/lib/python3.12/site-packages/airflow/example_dags/example_task_group_decorator.py for tasks to queue
[2025-02-01T00:10:47.004+0000] {logging_mixin.py:190} INFO - [2025-02-01T00:10:47.004+0000] {dagbag.py:587} INFO - Filling up the DagBag from /home/airflow/.local/lib/python3.12/site-packages/airflow/example_dags/example_task_group_decorator.py
[2025-02-01T00:10:47.019+0000] {processor.py:925} INFO - DAG(s) 'example_task_group_decorator' retrieved from /home/airflow/.local/lib/python3.12/site-packages/airflow/example_dags/example_task_group_decorator.py
[2025-02-01T00:10:47.040+0000] {logging_mixin.py:190} INFO - [2025-02-01T00:10:47.039+0000] {dag.py:3211} INFO - Sync 1 DAGs
[2025-02-01T00:10:47.060+0000] {logging_mixin.py:190} INFO - [2025-02-01T00:10:47.060+0000] {dag.py:4138} INFO - Setting next_dagrun for example_task_group_decorator to 2025-01-31 00:00:00+00:00, run_after=2025-02-01 00:00:00+00:00
[2025-02-01T00:10:47.079+0000] {processor.py:208} INFO - Processing /home/airflow/.local/lib/python3.12/site-packages/airflow/example_dags/example_task_group_decorator.py took 0.081 seconds
[2025-02-01T00:11:17.206+0000] {processor.py:186} INFO - Started process (PID=26464) to work on /home/airflow/.local/lib/python3.12/site-packages/airflow/example_dags/example_task_group_decorator.py
[2025-02-01T00:11:17.207+0000] {processor.py:914} INFO - Processing file /home/airflow/.local/lib/python3.12/site-packages/airflow/example_dags/example_task_group_decorator.py for tasks to queue
[2025-02-01T00:11:17.208+0000] {logging_mixin.py:190} INFO - [2025-02-01T00:11:17.208+0000] {dagbag.py:587} INFO - Filling up the DagBag from /home/airflow/.local/lib/python3.12/site-packages/airflow/example_dags/example_task_group_decorator.py
[2025-02-01T00:11:17.222+0000] {processor.py:925} INFO - DAG(s) 'example_task_group_decorator' retrieved from /home/airflow/.local/lib/python3.12/site-packages/airflow/example_dags/example_task_group_decorator.py
[2025-02-01T00:11:17.245+0000] {logging_mixin.py:190} INFO - [2025-02-01T00:11:17.245+0000] {dag.py:3211} INFO - Sync 1 DAGs
[2025-02-01T00:11:17.265+0000] {logging_mixin.py:190} INFO - [2025-02-01T00:11:17.265+0000] {dag.py:4138} INFO - Setting next_dagrun for example_task_group_decorator to 2025-01-31 00:00:00+00:00, run_after=2025-02-01 00:00:00+00:00
[2025-02-01T00:11:17.282+0000] {processor.py:208} INFO - Processing /home/airflow/.local/lib/python3.12/site-packages/airflow/example_dags/example_task_group_decorator.py took 0.081 seconds
[2025-02-01T00:11:47.357+0000] {processor.py:186} INFO - Started process (PID=26526) to work on /home/airflow/.local/lib/python3.12/site-packages/airflow/example_dags/example_task_group_decorator.py
[2025-02-01T00:11:47.358+0000] {processor.py:914} INFO - Processing file /home/airflow/.local/lib/python3.12/site-packages/airflow/example_dags/example_task_group_decorator.py for tasks to queue
[2025-02-01T00:11:47.359+0000] {logging_mixin.py:190} INFO - [2025-02-01T00:11:47.359+0000] {dagbag.py:587} INFO - Filling up the DagBag from /home/airflow/.local/lib/python3.12/site-packages/airflow/example_dags/example_task_group_decorator.py
[2025-02-01T00:11:47.372+0000] {processor.py:925} INFO - DAG(s) 'example_task_group_decorator' retrieved from /home/airflow/.local/lib/python3.12/site-packages/airflow/example_dags/example_task_group_decorator.py
[2025-02-01T00:11:47.392+0000] {logging_mixin.py:190} INFO - [2025-02-01T00:11:47.392+0000] {dag.py:3211} INFO - Sync 1 DAGs
[2025-02-01T00:11:47.412+0000] {logging_mixin.py:190} INFO - [2025-02-01T00:11:47.411+0000] {dag.py:4138} INFO - Setting next_dagrun for example_task_group_decorator to 2025-01-31 00:00:00+00:00, run_after=2025-02-01 00:00:00+00:00
[2025-02-01T00:11:47.429+0000] {processor.py:208} INFO - Processing /home/airflow/.local/lib/python3.12/site-packages/airflow/example_dags/example_task_group_decorator.py took 0.076 seconds
[2025-02-01T00:12:17.629+0000] {processor.py:186} INFO - Started process (PID=26589) to work on /home/airflow/.local/lib/python3.12/site-packages/airflow/example_dags/example_task_group_decorator.py
[2025-02-01T00:12:17.630+0000] {processor.py:914} INFO - Processing file /home/airflow/.local/lib/python3.12/site-packages/airflow/example_dags/example_task_group_decorator.py for tasks to queue
[2025-02-01T00:12:17.631+0000] {logging_mixin.py:190} INFO - [2025-02-01T00:12:17.631+0000] {dagbag.py:587} INFO - Filling up the DagBag from /home/airflow/.local/lib/python3.12/site-packages/airflow/example_dags/example_task_group_decorator.py
[2025-02-01T00:12:17.644+0000] {processor.py:925} INFO - DAG(s) 'example_task_group_decorator' retrieved from /home/airflow/.local/lib/python3.12/site-packages/airflow/example_dags/example_task_group_decorator.py
[2025-02-01T00:12:17.665+0000] {logging_mixin.py:190} INFO - [2025-02-01T00:12:17.665+0000] {dag.py:3211} INFO - Sync 1 DAGs
[2025-02-01T00:12:17.686+0000] {logging_mixin.py:190} INFO - [2025-02-01T00:12:17.686+0000] {dag.py:4138} INFO - Setting next_dagrun for example_task_group_decorator to 2025-01-31 00:00:00+00:00, run_after=2025-02-01 00:00:00+00:00
[2025-02-01T00:12:17.704+0000] {processor.py:208} INFO - Processing /home/airflow/.local/lib/python3.12/site-packages/airflow/example_dags/example_task_group_decorator.py took 0.079 seconds
[2025-02-01T00:12:48.112+0000] {processor.py:186} INFO - Started process (PID=26653) to work on /home/airflow/.local/lib/python3.12/site-packages/airflow/example_dags/example_task_group_decorator.py
[2025-02-01T00:12:48.112+0000] {processor.py:914} INFO - Processing file /home/airflow/.local/lib/python3.12/site-packages/airflow/example_dags/example_task_group_decorator.py for tasks to queue
[2025-02-01T00:12:48.114+0000] {logging_mixin.py:190} INFO - [2025-02-01T00:12:48.114+0000] {dagbag.py:587} INFO - Filling up the DagBag from /home/airflow/.local/lib/python3.12/site-packages/airflow/example_dags/example_task_group_decorator.py
[2025-02-01T00:12:48.128+0000] {processor.py:925} INFO - DAG(s) 'example_task_group_decorator' retrieved from /home/airflow/.local/lib/python3.12/site-packages/airflow/example_dags/example_task_group_decorator.py
[2025-02-01T00:12:48.150+0000] {logging_mixin.py:190} INFO - [2025-02-01T00:12:48.150+0000] {dag.py:3211} INFO - Sync 1 DAGs
[2025-02-01T00:12:48.172+0000] {logging_mixin.py:190} INFO - [2025-02-01T00:12:48.172+0000] {dag.py:4138} INFO - Setting next_dagrun for example_task_group_decorator to 2025-01-31 00:00:00+00:00, run_after=2025-02-01 00:00:00+00:00
[2025-02-01T00:12:48.190+0000] {processor.py:208} INFO - Processing /home/airflow/.local/lib/python3.12/site-packages/airflow/example_dags/example_task_group_decorator.py took 0.083 seconds
[2025-02-01T00:13:18.257+0000] {processor.py:186} INFO - Started process (PID=26716) to work on /home/airflow/.local/lib/python3.12/site-packages/airflow/example_dags/example_task_group_decorator.py
[2025-02-01T00:13:18.257+0000] {processor.py:914} INFO - Processing file /home/airflow/.local/lib/python3.12/site-packages/airflow/example_dags/example_task_group_decorator.py for tasks to queue
[2025-02-01T00:13:18.258+0000] {logging_mixin.py:190} INFO - [2025-02-01T00:13:18.258+0000] {dagbag.py:587} INFO - Filling up the DagBag from /home/airflow/.local/lib/python3.12/site-packages/airflow/example_dags/example_task_group_decorator.py
[2025-02-01T00:13:18.272+0000] {processor.py:925} INFO - DAG(s) 'example_task_group_decorator' retrieved from /home/airflow/.local/lib/python3.12/site-packages/airflow/example_dags/example_task_group_decorator.py
[2025-02-01T00:13:18.294+0000] {logging_mixin.py:190} INFO - [2025-02-01T00:13:18.294+0000] {dag.py:3211} INFO - Sync 1 DAGs
[2025-02-01T00:13:18.312+0000] {logging_mixin.py:190} INFO - [2025-02-01T00:13:18.312+0000] {dag.py:4138} INFO - Setting next_dagrun for example_task_group_decorator to 2025-01-31 00:00:00+00:00, run_after=2025-02-01 00:00:00+00:00
[2025-02-01T00:13:18.328+0000] {processor.py:208} INFO - Processing /home/airflow/.local/lib/python3.12/site-packages/airflow/example_dags/example_task_group_decorator.py took 0.077 seconds
[2025-02-01T00:13:48.445+0000] {processor.py:186} INFO - Started process (PID=26778) to work on /home/airflow/.local/lib/python3.12/site-packages/airflow/example_dags/example_task_group_decorator.py
[2025-02-01T00:13:48.445+0000] {processor.py:914} INFO - Processing file /home/airflow/.local/lib/python3.12/site-packages/airflow/example_dags/example_task_group_decorator.py for tasks to queue
[2025-02-01T00:13:48.446+0000] {logging_mixin.py:190} INFO - [2025-02-01T00:13:48.446+0000] {dagbag.py:587} INFO - Filling up the DagBag from /home/airflow/.local/lib/python3.12/site-packages/airflow/example_dags/example_task_group_decorator.py
[2025-02-01T00:13:48.459+0000] {processor.py:925} INFO - DAG(s) 'example_task_group_decorator' retrieved from /home/airflow/.local/lib/python3.12/site-packages/airflow/example_dags/example_task_group_decorator.py
[2025-02-01T00:13:48.480+0000] {logging_mixin.py:190} INFO - [2025-02-01T00:13:48.480+0000] {dag.py:3211} INFO - Sync 1 DAGs
[2025-02-01T00:13:48.498+0000] {logging_mixin.py:190} INFO - [2025-02-01T00:13:48.498+0000] {dag.py:4138} INFO - Setting next_dagrun for example_task_group_decorator to 2025-01-31 00:00:00+00:00, run_after=2025-02-01 00:00:00+00:00
[2025-02-01T00:13:48.514+0000] {processor.py:208} INFO - Processing /home/airflow/.local/lib/python3.12/site-packages/airflow/example_dags/example_task_group_decorator.py took 0.074 seconds
[2025-02-01T00:14:18.725+0000] {processor.py:186} INFO - Started process (PID=26841) to work on /home/airflow/.local/lib/python3.12/site-packages/airflow/example_dags/example_task_group_decorator.py
[2025-02-01T00:14:18.725+0000] {processor.py:914} INFO - Processing file /home/airflow/.local/lib/python3.12/site-packages/airflow/example_dags/example_task_group_decorator.py for tasks to queue
[2025-02-01T00:14:18.726+0000] {logging_mixin.py:190} INFO - [2025-02-01T00:14:18.726+0000] {dagbag.py:587} INFO - Filling up the DagBag from /home/airflow/.local/lib/python3.12/site-packages/airflow/example_dags/example_task_group_decorator.py
[2025-02-01T00:14:18.746+0000] {processor.py:925} INFO - DAG(s) 'example_task_group_decorator' retrieved from /home/airflow/.local/lib/python3.12/site-packages/airflow/example_dags/example_task_group_decorator.py
[2025-02-01T00:14:18.768+0000] {logging_mixin.py:190} INFO - [2025-02-01T00:14:18.767+0000] {dag.py:3211} INFO - Sync 1 DAGs
[2025-02-01T00:14:18.788+0000] {logging_mixin.py:190} INFO - [2025-02-01T00:14:18.787+0000] {dag.py:4138} INFO - Setting next_dagrun for example_task_group_decorator to 2025-01-31 00:00:00+00:00, run_after=2025-02-01 00:00:00+00:00
[2025-02-01T00:14:18.806+0000] {processor.py:208} INFO - Processing /home/airflow/.local/lib/python3.12/site-packages/airflow/example_dags/example_task_group_decorator.py took 0.085 seconds
[2025-02-01T00:14:49.044+0000] {processor.py:186} INFO - Started process (PID=26904) to work on /home/airflow/.local/lib/python3.12/site-packages/airflow/example_dags/example_task_group_decorator.py
[2025-02-01T00:14:49.046+0000] {processor.py:914} INFO - Processing file /home/airflow/.local/lib/python3.12/site-packages/airflow/example_dags/example_task_group_decorator.py for tasks to queue
[2025-02-01T00:14:49.048+0000] {logging_mixin.py:190} INFO - [2025-02-01T00:14:49.047+0000] {dagbag.py:587} INFO - Filling up the DagBag from /home/airflow/.local/lib/python3.12/site-packages/airflow/example_dags/example_task_group_decorator.py
[2025-02-01T00:14:49.070+0000] {processor.py:925} INFO - DAG(s) 'example_task_group_decorator' retrieved from /home/airflow/.local/lib/python3.12/site-packages/airflow/example_dags/example_task_group_decorator.py
[2025-02-01T00:14:49.104+0000] {logging_mixin.py:190} INFO - [2025-02-01T00:14:49.104+0000] {dag.py:3211} INFO - Sync 1 DAGs
[2025-02-01T00:14:49.137+0000] {logging_mixin.py:190} INFO - [2025-02-01T00:14:49.137+0000] {dag.py:4138} INFO - Setting next_dagrun for example_task_group_decorator to 2025-01-31 00:00:00+00:00, run_after=2025-02-01 00:00:00+00:00
[2025-02-01T00:14:49.160+0000] {processor.py:208} INFO - Processing /home/airflow/.local/lib/python3.12/site-packages/airflow/example_dags/example_task_group_decorator.py took 0.125 seconds
[2025-02-01T00:15:19.430+0000] {processor.py:186} INFO - Started process (PID=26967) to work on /home/airflow/.local/lib/python3.12/site-packages/airflow/example_dags/example_task_group_decorator.py
[2025-02-01T00:15:19.431+0000] {processor.py:914} INFO - Processing file /home/airflow/.local/lib/python3.12/site-packages/airflow/example_dags/example_task_group_decorator.py for tasks to queue
[2025-02-01T00:15:19.432+0000] {logging_mixin.py:190} INFO - [2025-02-01T00:15:19.432+0000] {dagbag.py:587} INFO - Filling up the DagBag from /home/airflow/.local/lib/python3.12/site-packages/airflow/example_dags/example_task_group_decorator.py
[2025-02-01T00:15:19.445+0000] {processor.py:925} INFO - DAG(s) 'example_task_group_decorator' retrieved from /home/airflow/.local/lib/python3.12/site-packages/airflow/example_dags/example_task_group_decorator.py
[2025-02-01T00:15:19.466+0000] {logging_mixin.py:190} INFO - [2025-02-01T00:15:19.465+0000] {dag.py:3211} INFO - Sync 1 DAGs
[2025-02-01T00:15:19.484+0000] {logging_mixin.py:190} INFO - [2025-02-01T00:15:19.484+0000] {dag.py:4138} INFO - Setting next_dagrun for example_task_group_decorator to 2025-01-31 00:00:00+00:00, run_after=2025-02-01 00:00:00+00:00
[2025-02-01T00:15:19.501+0000] {processor.py:208} INFO - Processing /home/airflow/.local/lib/python3.12/site-packages/airflow/example_dags/example_task_group_decorator.py took 0.076 seconds
[2025-02-01T00:15:49.933+0000] {processor.py:186} INFO - Started process (PID=27030) to work on /home/airflow/.local/lib/python3.12/site-packages/airflow/example_dags/example_task_group_decorator.py
[2025-02-01T00:15:49.935+0000] {processor.py:914} INFO - Processing file /home/airflow/.local/lib/python3.12/site-packages/airflow/example_dags/example_task_group_decorator.py for tasks to queue
[2025-02-01T00:15:49.936+0000] {logging_mixin.py:190} INFO - [2025-02-01T00:15:49.936+0000] {dagbag.py:587} INFO - Filling up the DagBag from /home/airflow/.local/lib/python3.12/site-packages/airflow/example_dags/example_task_group_decorator.py
[2025-02-01T00:15:49.950+0000] {processor.py:925} INFO - DAG(s) 'example_task_group_decorator' retrieved from /home/airflow/.local/lib/python3.12/site-packages/airflow/example_dags/example_task_group_decorator.py
[2025-02-01T00:15:49.973+0000] {logging_mixin.py:190} INFO - [2025-02-01T00:15:49.973+0000] {dag.py:3211} INFO - Sync 1 DAGs
[2025-02-01T00:15:49.993+0000] {logging_mixin.py:190} INFO - [2025-02-01T00:15:49.993+0000] {dag.py:4138} INFO - Setting next_dagrun for example_task_group_decorator to 2025-01-31 00:00:00+00:00, run_after=2025-02-01 00:00:00+00:00
[2025-02-01T00:15:50.012+0000] {processor.py:208} INFO - Processing /home/airflow/.local/lib/python3.12/site-packages/airflow/example_dags/example_task_group_decorator.py took 0.086 seconds
[2025-02-01T00:16:20.115+0000] {processor.py:186} INFO - Started process (PID=27093) to work on /home/airflow/.local/lib/python3.12/site-packages/airflow/example_dags/example_task_group_decorator.py
[2025-02-01T00:16:20.116+0000] {processor.py:914} INFO - Processing file /home/airflow/.local/lib/python3.12/site-packages/airflow/example_dags/example_task_group_decorator.py for tasks to queue
[2025-02-01T00:16:20.117+0000] {logging_mixin.py:190} INFO - [2025-02-01T00:16:20.117+0000] {dagbag.py:587} INFO - Filling up the DagBag from /home/airflow/.local/lib/python3.12/site-packages/airflow/example_dags/example_task_group_decorator.py
[2025-02-01T00:16:20.129+0000] {processor.py:925} INFO - DAG(s) 'example_task_group_decorator' retrieved from /home/airflow/.local/lib/python3.12/site-packages/airflow/example_dags/example_task_group_decorator.py
[2025-02-01T00:16:20.152+0000] {logging_mixin.py:190} INFO - [2025-02-01T00:16:20.152+0000] {dag.py:3211} INFO - Sync 1 DAGs
[2025-02-01T00:16:20.182+0000] {logging_mixin.py:190} INFO - [2025-02-01T00:16:20.182+0000] {dag.py:4138} INFO - Setting next_dagrun for example_task_group_decorator to 2025-01-31 00:00:00+00:00, run_after=2025-02-01 00:00:00+00:00
[2025-02-01T00:16:20.202+0000] {processor.py:208} INFO - Processing /home/airflow/.local/lib/python3.12/site-packages/airflow/example_dags/example_task_group_decorator.py took 0.092 seconds
