[2025-02-01T00:00:01.084+0000] {processor.py:186} INFO - Started process (PID=25055) to work on /home/airflow/.local/lib/python3.12/site-packages/airflow/example_dags/example_branch_day_of_week_operator.py
[2025-02-01T00:00:01.085+0000] {processor.py:914} INFO - Processing file /home/airflow/.local/lib/python3.12/site-packages/airflow/example_dags/example_branch_day_of_week_operator.py for tasks to queue
[2025-02-01T00:00:01.086+0000] {logging_mixin.py:190} INFO - [2025-02-01T00:00:01.085+0000] {dagbag.py:587} INFO - Filling up the DagBag from /home/airflow/.local/lib/python3.12/site-packages/airflow/example_dags/example_branch_day_of_week_operator.py
[2025-02-01T00:00:01.093+0000] {processor.py:925} INFO - DAG(s) 'example_weekday_branch_operator' retrieved from /home/airflow/.local/lib/python3.12/site-packages/airflow/example_dags/example_branch_day_of_week_operator.py
[2025-02-01T00:00:01.110+0000] {logging_mixin.py:190} INFO - [2025-02-01T00:00:01.110+0000] {dag.py:3211} INFO - Sync 1 DAGs
[2025-02-01T00:00:01.130+0000] {logging_mixin.py:190} INFO - [2025-02-01T00:00:01.130+0000] {dag.py:4138} INFO - Setting next_dagrun for example_weekday_branch_operator to 2025-01-31 00:00:00+00:00, run_after=2025-02-01 00:00:00+00:00
[2025-02-01T00:00:01.153+0000] {processor.py:208} INFO - Processing /home/airflow/.local/lib/python3.12/site-packages/airflow/example_dags/example_branch_day_of_week_operator.py took 0.074 seconds
[2025-02-01T00:00:31.720+0000] {processor.py:186} INFO - Started process (PID=25118) to work on /home/airflow/.local/lib/python3.12/site-packages/airflow/example_dags/example_branch_day_of_week_operator.py
[2025-02-01T00:00:31.721+0000] {processor.py:914} INFO - Processing file /home/airflow/.local/lib/python3.12/site-packages/airflow/example_dags/example_branch_day_of_week_operator.py for tasks to queue
[2025-02-01T00:00:31.722+0000] {logging_mixin.py:190} INFO - [2025-02-01T00:00:31.722+0000] {dagbag.py:587} INFO - Filling up the DagBag from /home/airflow/.local/lib/python3.12/site-packages/airflow/example_dags/example_branch_day_of_week_operator.py
[2025-02-01T00:00:31.732+0000] {processor.py:925} INFO - DAG(s) 'example_weekday_branch_operator' retrieved from /home/airflow/.local/lib/python3.12/site-packages/airflow/example_dags/example_branch_day_of_week_operator.py
[2025-02-01T00:00:31.751+0000] {logging_mixin.py:190} INFO - [2025-02-01T00:00:31.751+0000] {dag.py:3211} INFO - Sync 1 DAGs
[2025-02-01T00:00:31.773+0000] {logging_mixin.py:190} INFO - [2025-02-01T00:00:31.773+0000] {dag.py:4138} INFO - Setting next_dagrun for example_weekday_branch_operator to 2025-01-31 00:00:00+00:00, run_after=2025-02-01 00:00:00+00:00
[2025-02-01T00:00:31.792+0000] {processor.py:208} INFO - Processing /home/airflow/.local/lib/python3.12/site-packages/airflow/example_dags/example_branch_day_of_week_operator.py took 0.078 seconds
[2025-02-01T00:01:01.929+0000] {processor.py:186} INFO - Started process (PID=25181) to work on /home/airflow/.local/lib/python3.12/site-packages/airflow/example_dags/example_branch_day_of_week_operator.py
[2025-02-01T00:01:01.930+0000] {processor.py:914} INFO - Processing file /home/airflow/.local/lib/python3.12/site-packages/airflow/example_dags/example_branch_day_of_week_operator.py for tasks to queue
[2025-02-01T00:01:01.931+0000] {logging_mixin.py:190} INFO - [2025-02-01T00:01:01.931+0000] {dagbag.py:587} INFO - Filling up the DagBag from /home/airflow/.local/lib/python3.12/site-packages/airflow/example_dags/example_branch_day_of_week_operator.py
[2025-02-01T00:01:01.939+0000] {processor.py:925} INFO - DAG(s) 'example_weekday_branch_operator' retrieved from /home/airflow/.local/lib/python3.12/site-packages/airflow/example_dags/example_branch_day_of_week_operator.py
[2025-02-01T00:01:01.956+0000] {logging_mixin.py:190} INFO - [2025-02-01T00:01:01.956+0000] {dag.py:3211} INFO - Sync 1 DAGs
[2025-02-01T00:01:01.975+0000] {logging_mixin.py:190} INFO - [2025-02-01T00:01:01.975+0000] {dag.py:4138} INFO - Setting next_dagrun for example_weekday_branch_operator to 2025-01-31 00:00:00+00:00, run_after=2025-02-01 00:00:00+00:00
[2025-02-01T00:01:01.995+0000] {processor.py:208} INFO - Processing /home/airflow/.local/lib/python3.12/site-packages/airflow/example_dags/example_branch_day_of_week_operator.py took 0.071 seconds
[2025-02-01T00:01:32.108+0000] {processor.py:186} INFO - Started process (PID=25244) to work on /home/airflow/.local/lib/python3.12/site-packages/airflow/example_dags/example_branch_day_of_week_operator.py
[2025-02-01T00:01:32.109+0000] {processor.py:914} INFO - Processing file /home/airflow/.local/lib/python3.12/site-packages/airflow/example_dags/example_branch_day_of_week_operator.py for tasks to queue
[2025-02-01T00:01:32.110+0000] {logging_mixin.py:190} INFO - [2025-02-01T00:01:32.110+0000] {dagbag.py:587} INFO - Filling up the DagBag from /home/airflow/.local/lib/python3.12/site-packages/airflow/example_dags/example_branch_day_of_week_operator.py
[2025-02-01T00:01:32.118+0000] {processor.py:925} INFO - DAG(s) 'example_weekday_branch_operator' retrieved from /home/airflow/.local/lib/python3.12/site-packages/airflow/example_dags/example_branch_day_of_week_operator.py
[2025-02-01T00:01:32.136+0000] {logging_mixin.py:190} INFO - [2025-02-01T00:01:32.136+0000] {dag.py:3211} INFO - Sync 1 DAGs
[2025-02-01T00:01:32.158+0000] {logging_mixin.py:190} INFO - [2025-02-01T00:01:32.158+0000] {dag.py:4138} INFO - Setting next_dagrun for example_weekday_branch_operator to 2025-01-31 00:00:00+00:00, run_after=2025-02-01 00:00:00+00:00
[2025-02-01T00:01:32.177+0000] {processor.py:208} INFO - Processing /home/airflow/.local/lib/python3.12/site-packages/airflow/example_dags/example_branch_day_of_week_operator.py took 0.073 seconds
[2025-02-01T00:02:02.363+0000] {processor.py:186} INFO - Started process (PID=25307) to work on /home/airflow/.local/lib/python3.12/site-packages/airflow/example_dags/example_branch_day_of_week_operator.py
[2025-02-01T00:02:02.364+0000] {processor.py:914} INFO - Processing file /home/airflow/.local/lib/python3.12/site-packages/airflow/example_dags/example_branch_day_of_week_operator.py for tasks to queue
[2025-02-01T00:02:02.365+0000] {logging_mixin.py:190} INFO - [2025-02-01T00:02:02.365+0000] {dagbag.py:587} INFO - Filling up the DagBag from /home/airflow/.local/lib/python3.12/site-packages/airflow/example_dags/example_branch_day_of_week_operator.py
[2025-02-01T00:02:02.374+0000] {processor.py:925} INFO - DAG(s) 'example_weekday_branch_operator' retrieved from /home/airflow/.local/lib/python3.12/site-packages/airflow/example_dags/example_branch_day_of_week_operator.py
[2025-02-01T00:02:02.392+0000] {logging_mixin.py:190} INFO - [2025-02-01T00:02:02.392+0000] {dag.py:3211} INFO - Sync 1 DAGs
[2025-02-01T00:02:02.412+0000] {logging_mixin.py:190} INFO - [2025-02-01T00:02:02.412+0000] {dag.py:4138} INFO - Setting next_dagrun for example_weekday_branch_operator to 2025-01-31 00:00:00+00:00, run_after=2025-02-01 00:00:00+00:00
[2025-02-01T00:02:02.432+0000] {processor.py:208} INFO - Processing /home/airflow/.local/lib/python3.12/site-packages/airflow/example_dags/example_branch_day_of_week_operator.py took 0.074 seconds
[2025-02-01T00:02:32.502+0000] {processor.py:186} INFO - Started process (PID=25370) to work on /home/airflow/.local/lib/python3.12/site-packages/airflow/example_dags/example_branch_day_of_week_operator.py
[2025-02-01T00:02:32.503+0000] {processor.py:914} INFO - Processing file /home/airflow/.local/lib/python3.12/site-packages/airflow/example_dags/example_branch_day_of_week_operator.py for tasks to queue
[2025-02-01T00:02:32.504+0000] {logging_mixin.py:190} INFO - [2025-02-01T00:02:32.504+0000] {dagbag.py:587} INFO - Filling up the DagBag from /home/airflow/.local/lib/python3.12/site-packages/airflow/example_dags/example_branch_day_of_week_operator.py
[2025-02-01T00:02:32.512+0000] {processor.py:925} INFO - DAG(s) 'example_weekday_branch_operator' retrieved from /home/airflow/.local/lib/python3.12/site-packages/airflow/example_dags/example_branch_day_of_week_operator.py
[2025-02-01T00:02:32.530+0000] {logging_mixin.py:190} INFO - [2025-02-01T00:02:32.530+0000] {dag.py:3211} INFO - Sync 1 DAGs
[2025-02-01T00:02:32.550+0000] {logging_mixin.py:190} INFO - [2025-02-01T00:02:32.550+0000] {dag.py:4138} INFO - Setting next_dagrun for example_weekday_branch_operator to 2025-01-31 00:00:00+00:00, run_after=2025-02-01 00:00:00+00:00
[2025-02-01T00:02:32.570+0000] {processor.py:208} INFO - Processing /home/airflow/.local/lib/python3.12/site-packages/airflow/example_dags/example_branch_day_of_week_operator.py took 0.072 seconds
[2025-02-01T00:03:02.726+0000] {processor.py:186} INFO - Started process (PID=25433) to work on /home/airflow/.local/lib/python3.12/site-packages/airflow/example_dags/example_branch_day_of_week_operator.py
[2025-02-01T00:03:02.726+0000] {processor.py:914} INFO - Processing file /home/airflow/.local/lib/python3.12/site-packages/airflow/example_dags/example_branch_day_of_week_operator.py for tasks to queue
[2025-02-01T00:03:02.727+0000] {logging_mixin.py:190} INFO - [2025-02-01T00:03:02.727+0000] {dagbag.py:587} INFO - Filling up the DagBag from /home/airflow/.local/lib/python3.12/site-packages/airflow/example_dags/example_branch_day_of_week_operator.py
[2025-02-01T00:03:02.735+0000] {processor.py:925} INFO - DAG(s) 'example_weekday_branch_operator' retrieved from /home/airflow/.local/lib/python3.12/site-packages/airflow/example_dags/example_branch_day_of_week_operator.py
[2025-02-01T00:03:02.754+0000] {logging_mixin.py:190} INFO - [2025-02-01T00:03:02.754+0000] {dag.py:3211} INFO - Sync 1 DAGs
[2025-02-01T00:03:02.775+0000] {logging_mixin.py:190} INFO - [2025-02-01T00:03:02.775+0000] {dag.py:4138} INFO - Setting next_dagrun for example_weekday_branch_operator to 2025-01-31 00:00:00+00:00, run_after=2025-02-01 00:00:00+00:00
[2025-02-01T00:03:02.794+0000] {processor.py:208} INFO - Processing /home/airflow/.local/lib/python3.12/site-packages/airflow/example_dags/example_branch_day_of_week_operator.py took 0.073 seconds
[2025-02-01T00:03:33.007+0000] {processor.py:186} INFO - Started process (PID=25496) to work on /home/airflow/.local/lib/python3.12/site-packages/airflow/example_dags/example_branch_day_of_week_operator.py
[2025-02-01T00:03:33.008+0000] {processor.py:914} INFO - Processing file /home/airflow/.local/lib/python3.12/site-packages/airflow/example_dags/example_branch_day_of_week_operator.py for tasks to queue
[2025-02-01T00:03:33.009+0000] {logging_mixin.py:190} INFO - [2025-02-01T00:03:33.009+0000] {dagbag.py:587} INFO - Filling up the DagBag from /home/airflow/.local/lib/python3.12/site-packages/airflow/example_dags/example_branch_day_of_week_operator.py
[2025-02-01T00:03:33.016+0000] {processor.py:925} INFO - DAG(s) 'example_weekday_branch_operator' retrieved from /home/airflow/.local/lib/python3.12/site-packages/airflow/example_dags/example_branch_day_of_week_operator.py
[2025-02-01T00:03:33.035+0000] {logging_mixin.py:190} INFO - [2025-02-01T00:03:33.035+0000] {dag.py:3211} INFO - Sync 1 DAGs
[2025-02-01T00:03:33.057+0000] {logging_mixin.py:190} INFO - [2025-02-01T00:03:33.056+0000] {dag.py:4138} INFO - Setting next_dagrun for example_weekday_branch_operator to 2025-01-31 00:00:00+00:00, run_after=2025-02-01 00:00:00+00:00
[2025-02-01T00:03:33.075+0000] {processor.py:208} INFO - Processing /home/airflow/.local/lib/python3.12/site-packages/airflow/example_dags/example_branch_day_of_week_operator.py took 0.073 seconds
[2025-02-01T00:04:03.333+0000] {processor.py:186} INFO - Started process (PID=25559) to work on /home/airflow/.local/lib/python3.12/site-packages/airflow/example_dags/example_branch_day_of_week_operator.py
[2025-02-01T00:04:03.334+0000] {processor.py:914} INFO - Processing file /home/airflow/.local/lib/python3.12/site-packages/airflow/example_dags/example_branch_day_of_week_operator.py for tasks to queue
[2025-02-01T00:04:03.335+0000] {logging_mixin.py:190} INFO - [2025-02-01T00:04:03.335+0000] {dagbag.py:587} INFO - Filling up the DagBag from /home/airflow/.local/lib/python3.12/site-packages/airflow/example_dags/example_branch_day_of_week_operator.py
[2025-02-01T00:04:03.344+0000] {processor.py:925} INFO - DAG(s) 'example_weekday_branch_operator' retrieved from /home/airflow/.local/lib/python3.12/site-packages/airflow/example_dags/example_branch_day_of_week_operator.py
[2025-02-01T00:04:03.362+0000] {logging_mixin.py:190} INFO - [2025-02-01T00:04:03.362+0000] {dag.py:3211} INFO - Sync 1 DAGs
[2025-02-01T00:04:03.384+0000] {logging_mixin.py:190} INFO - [2025-02-01T00:04:03.383+0000] {dag.py:4138} INFO - Setting next_dagrun for example_weekday_branch_operator to 2025-01-31 00:00:00+00:00, run_after=2025-02-01 00:00:00+00:00
[2025-02-01T00:04:03.404+0000] {processor.py:208} INFO - Processing /home/airflow/.local/lib/python3.12/site-packages/airflow/example_dags/example_branch_day_of_week_operator.py took 0.076 seconds
[2025-02-01T00:04:33.571+0000] {processor.py:186} INFO - Started process (PID=25622) to work on /home/airflow/.local/lib/python3.12/site-packages/airflow/example_dags/example_branch_day_of_week_operator.py
[2025-02-01T00:04:33.572+0000] {processor.py:914} INFO - Processing file /home/airflow/.local/lib/python3.12/site-packages/airflow/example_dags/example_branch_day_of_week_operator.py for tasks to queue
[2025-02-01T00:04:33.573+0000] {logging_mixin.py:190} INFO - [2025-02-01T00:04:33.573+0000] {dagbag.py:587} INFO - Filling up the DagBag from /home/airflow/.local/lib/python3.12/site-packages/airflow/example_dags/example_branch_day_of_week_operator.py
[2025-02-01T00:04:33.581+0000] {processor.py:925} INFO - DAG(s) 'example_weekday_branch_operator' retrieved from /home/airflow/.local/lib/python3.12/site-packages/airflow/example_dags/example_branch_day_of_week_operator.py
[2025-02-01T00:04:33.598+0000] {logging_mixin.py:190} INFO - [2025-02-01T00:04:33.598+0000] {dag.py:3211} INFO - Sync 1 DAGs
[2025-02-01T00:04:33.617+0000] {logging_mixin.py:190} INFO - [2025-02-01T00:04:33.617+0000] {dag.py:4138} INFO - Setting next_dagrun for example_weekday_branch_operator to 2025-01-31 00:00:00+00:00, run_after=2025-02-01 00:00:00+00:00
[2025-02-01T00:04:33.636+0000] {processor.py:208} INFO - Processing /home/airflow/.local/lib/python3.12/site-packages/airflow/example_dags/example_branch_day_of_week_operator.py took 0.070 seconds
[2025-02-01T00:05:03.779+0000] {processor.py:186} INFO - Started process (PID=25685) to work on /home/airflow/.local/lib/python3.12/site-packages/airflow/example_dags/example_branch_day_of_week_operator.py
[2025-02-01T00:05:03.780+0000] {processor.py:914} INFO - Processing file /home/airflow/.local/lib/python3.12/site-packages/airflow/example_dags/example_branch_day_of_week_operator.py for tasks to queue
[2025-02-01T00:05:03.781+0000] {logging_mixin.py:190} INFO - [2025-02-01T00:05:03.781+0000] {dagbag.py:587} INFO - Filling up the DagBag from /home/airflow/.local/lib/python3.12/site-packages/airflow/example_dags/example_branch_day_of_week_operator.py
[2025-02-01T00:05:03.789+0000] {processor.py:925} INFO - DAG(s) 'example_weekday_branch_operator' retrieved from /home/airflow/.local/lib/python3.12/site-packages/airflow/example_dags/example_branch_day_of_week_operator.py
[2025-02-01T00:05:03.808+0000] {logging_mixin.py:190} INFO - [2025-02-01T00:05:03.808+0000] {dag.py:3211} INFO - Sync 1 DAGs
[2025-02-01T00:05:03.829+0000] {logging_mixin.py:190} INFO - [2025-02-01T00:05:03.829+0000] {dag.py:4138} INFO - Setting next_dagrun for example_weekday_branch_operator to 2025-01-31 00:00:00+00:00, run_after=2025-02-01 00:00:00+00:00
[2025-02-01T00:05:03.847+0000] {processor.py:208} INFO - Processing /home/airflow/.local/lib/python3.12/site-packages/airflow/example_dags/example_branch_day_of_week_operator.py took 0.074 seconds
[2025-02-01T00:05:34.065+0000] {processor.py:186} INFO - Started process (PID=25754) to work on /home/airflow/.local/lib/python3.12/site-packages/airflow/example_dags/example_branch_day_of_week_operator.py
[2025-02-01T00:05:34.066+0000] {processor.py:914} INFO - Processing file /home/airflow/.local/lib/python3.12/site-packages/airflow/example_dags/example_branch_day_of_week_operator.py for tasks to queue
[2025-02-01T00:05:34.067+0000] {logging_mixin.py:190} INFO - [2025-02-01T00:05:34.067+0000] {dagbag.py:587} INFO - Filling up the DagBag from /home/airflow/.local/lib/python3.12/site-packages/airflow/example_dags/example_branch_day_of_week_operator.py
[2025-02-01T00:05:34.075+0000] {processor.py:925} INFO - DAG(s) 'example_weekday_branch_operator' retrieved from /home/airflow/.local/lib/python3.12/site-packages/airflow/example_dags/example_branch_day_of_week_operator.py
[2025-02-01T00:05:34.093+0000] {logging_mixin.py:190} INFO - [2025-02-01T00:05:34.093+0000] {dag.py:3211} INFO - Sync 1 DAGs
[2025-02-01T00:05:34.113+0000] {logging_mixin.py:190} INFO - [2025-02-01T00:05:34.113+0000] {dag.py:4138} INFO - Setting next_dagrun for example_weekday_branch_operator to 2025-01-31 00:00:00+00:00, run_after=2025-02-01 00:00:00+00:00
[2025-02-01T00:05:34.134+0000] {processor.py:208} INFO - Processing /home/airflow/.local/lib/python3.12/site-packages/airflow/example_dags/example_branch_day_of_week_operator.py took 0.074 seconds
[2025-02-01T00:06:04.258+0000] {processor.py:186} INFO - Started process (PID=25817) to work on /home/airflow/.local/lib/python3.12/site-packages/airflow/example_dags/example_branch_day_of_week_operator.py
[2025-02-01T00:06:04.259+0000] {processor.py:914} INFO - Processing file /home/airflow/.local/lib/python3.12/site-packages/airflow/example_dags/example_branch_day_of_week_operator.py for tasks to queue
[2025-02-01T00:06:04.260+0000] {logging_mixin.py:190} INFO - [2025-02-01T00:06:04.260+0000] {dagbag.py:587} INFO - Filling up the DagBag from /home/airflow/.local/lib/python3.12/site-packages/airflow/example_dags/example_branch_day_of_week_operator.py
[2025-02-01T00:06:04.268+0000] {processor.py:925} INFO - DAG(s) 'example_weekday_branch_operator' retrieved from /home/airflow/.local/lib/python3.12/site-packages/airflow/example_dags/example_branch_day_of_week_operator.py
[2025-02-01T00:06:04.286+0000] {logging_mixin.py:190} INFO - [2025-02-01T00:06:04.286+0000] {dag.py:3211} INFO - Sync 1 DAGs
[2025-02-01T00:06:04.308+0000] {logging_mixin.py:190} INFO - [2025-02-01T00:06:04.308+0000] {dag.py:4138} INFO - Setting next_dagrun for example_weekday_branch_operator to 2025-01-31 00:00:00+00:00, run_after=2025-02-01 00:00:00+00:00
[2025-02-01T00:06:04.328+0000] {processor.py:208} INFO - Processing /home/airflow/.local/lib/python3.12/site-packages/airflow/example_dags/example_branch_day_of_week_operator.py took 0.076 seconds
[2025-02-01T00:06:34.426+0000] {processor.py:186} INFO - Started process (PID=25880) to work on /home/airflow/.local/lib/python3.12/site-packages/airflow/example_dags/example_branch_day_of_week_operator.py
[2025-02-01T00:06:34.426+0000] {processor.py:914} INFO - Processing file /home/airflow/.local/lib/python3.12/site-packages/airflow/example_dags/example_branch_day_of_week_operator.py for tasks to queue
[2025-02-01T00:06:34.428+0000] {logging_mixin.py:190} INFO - [2025-02-01T00:06:34.427+0000] {dagbag.py:587} INFO - Filling up the DagBag from /home/airflow/.local/lib/python3.12/site-packages/airflow/example_dags/example_branch_day_of_week_operator.py
[2025-02-01T00:06:34.435+0000] {processor.py:925} INFO - DAG(s) 'example_weekday_branch_operator' retrieved from /home/airflow/.local/lib/python3.12/site-packages/airflow/example_dags/example_branch_day_of_week_operator.py
[2025-02-01T00:06:34.453+0000] {logging_mixin.py:190} INFO - [2025-02-01T00:06:34.453+0000] {dag.py:3211} INFO - Sync 1 DAGs
[2025-02-01T00:06:34.475+0000] {logging_mixin.py:190} INFO - [2025-02-01T00:06:34.475+0000] {dag.py:4138} INFO - Setting next_dagrun for example_weekday_branch_operator to 2025-01-31 00:00:00+00:00, run_after=2025-02-01 00:00:00+00:00
[2025-02-01T00:06:34.494+0000] {processor.py:208} INFO - Processing /home/airflow/.local/lib/python3.12/site-packages/airflow/example_dags/example_branch_day_of_week_operator.py took 0.073 seconds
[2025-02-01T00:07:04.667+0000] {processor.py:186} INFO - Started process (PID=25943) to work on /home/airflow/.local/lib/python3.12/site-packages/airflow/example_dags/example_branch_day_of_week_operator.py
[2025-02-01T00:07:04.668+0000] {processor.py:914} INFO - Processing file /home/airflow/.local/lib/python3.12/site-packages/airflow/example_dags/example_branch_day_of_week_operator.py for tasks to queue
[2025-02-01T00:07:04.669+0000] {logging_mixin.py:190} INFO - [2025-02-01T00:07:04.669+0000] {dagbag.py:587} INFO - Filling up the DagBag from /home/airflow/.local/lib/python3.12/site-packages/airflow/example_dags/example_branch_day_of_week_operator.py
[2025-02-01T00:07:04.677+0000] {processor.py:925} INFO - DAG(s) 'example_weekday_branch_operator' retrieved from /home/airflow/.local/lib/python3.12/site-packages/airflow/example_dags/example_branch_day_of_week_operator.py
[2025-02-01T00:07:04.694+0000] {logging_mixin.py:190} INFO - [2025-02-01T00:07:04.694+0000] {dag.py:3211} INFO - Sync 1 DAGs
[2025-02-01T00:07:04.714+0000] {logging_mixin.py:190} INFO - [2025-02-01T00:07:04.714+0000] {dag.py:4138} INFO - Setting next_dagrun for example_weekday_branch_operator to 2025-01-31 00:00:00+00:00, run_after=2025-02-01 00:00:00+00:00
[2025-02-01T00:07:04.738+0000] {processor.py:208} INFO - Processing /home/airflow/.local/lib/python3.12/site-packages/airflow/example_dags/example_branch_day_of_week_operator.py took 0.075 seconds
[2025-02-01T00:07:35.101+0000] {processor.py:186} INFO - Started process (PID=26006) to work on /home/airflow/.local/lib/python3.12/site-packages/airflow/example_dags/example_branch_day_of_week_operator.py
[2025-02-01T00:07:35.102+0000] {processor.py:914} INFO - Processing file /home/airflow/.local/lib/python3.12/site-packages/airflow/example_dags/example_branch_day_of_week_operator.py for tasks to queue
[2025-02-01T00:07:35.103+0000] {logging_mixin.py:190} INFO - [2025-02-01T00:07:35.102+0000] {dagbag.py:587} INFO - Filling up the DagBag from /home/airflow/.local/lib/python3.12/site-packages/airflow/example_dags/example_branch_day_of_week_operator.py
[2025-02-01T00:07:35.111+0000] {processor.py:925} INFO - DAG(s) 'example_weekday_branch_operator' retrieved from /home/airflow/.local/lib/python3.12/site-packages/airflow/example_dags/example_branch_day_of_week_operator.py
[2025-02-01T00:07:35.130+0000] {logging_mixin.py:190} INFO - [2025-02-01T00:07:35.130+0000] {dag.py:3211} INFO - Sync 1 DAGs
[2025-02-01T00:07:35.151+0000] {logging_mixin.py:190} INFO - [2025-02-01T00:07:35.151+0000] {dag.py:4138} INFO - Setting next_dagrun for example_weekday_branch_operator to 2025-01-31 00:00:00+00:00, run_after=2025-02-01 00:00:00+00:00
[2025-02-01T00:07:35.175+0000] {processor.py:208} INFO - Processing /home/airflow/.local/lib/python3.12/site-packages/airflow/example_dags/example_branch_day_of_week_operator.py took 0.079 seconds
[2025-02-01T00:08:05.388+0000] {processor.py:186} INFO - Started process (PID=26069) to work on /home/airflow/.local/lib/python3.12/site-packages/airflow/example_dags/example_branch_day_of_week_operator.py
[2025-02-01T00:08:05.388+0000] {processor.py:914} INFO - Processing file /home/airflow/.local/lib/python3.12/site-packages/airflow/example_dags/example_branch_day_of_week_operator.py for tasks to queue
[2025-02-01T00:08:05.389+0000] {logging_mixin.py:190} INFO - [2025-02-01T00:08:05.389+0000] {dagbag.py:587} INFO - Filling up the DagBag from /home/airflow/.local/lib/python3.12/site-packages/airflow/example_dags/example_branch_day_of_week_operator.py
[2025-02-01T00:08:05.399+0000] {processor.py:925} INFO - DAG(s) 'example_weekday_branch_operator' retrieved from /home/airflow/.local/lib/python3.12/site-packages/airflow/example_dags/example_branch_day_of_week_operator.py
[2025-02-01T00:08:05.419+0000] {logging_mixin.py:190} INFO - [2025-02-01T00:08:05.418+0000] {dag.py:3211} INFO - Sync 1 DAGs
[2025-02-01T00:08:05.440+0000] {logging_mixin.py:190} INFO - [2025-02-01T00:08:05.440+0000] {dag.py:4138} INFO - Setting next_dagrun for example_weekday_branch_operator to 2025-01-31 00:00:00+00:00, run_after=2025-02-01 00:00:00+00:00
[2025-02-01T00:08:05.459+0000] {processor.py:208} INFO - Processing /home/airflow/.local/lib/python3.12/site-packages/airflow/example_dags/example_branch_day_of_week_operator.py took 0.077 seconds
[2025-02-01T00:08:35.804+0000] {processor.py:186} INFO - Started process (PID=26132) to work on /home/airflow/.local/lib/python3.12/site-packages/airflow/example_dags/example_branch_day_of_week_operator.py
[2025-02-01T00:08:35.805+0000] {processor.py:914} INFO - Processing file /home/airflow/.local/lib/python3.12/site-packages/airflow/example_dags/example_branch_day_of_week_operator.py for tasks to queue
[2025-02-01T00:08:35.807+0000] {logging_mixin.py:190} INFO - [2025-02-01T00:08:35.806+0000] {dagbag.py:587} INFO - Filling up the DagBag from /home/airflow/.local/lib/python3.12/site-packages/airflow/example_dags/example_branch_day_of_week_operator.py
[2025-02-01T00:08:35.814+0000] {processor.py:925} INFO - DAG(s) 'example_weekday_branch_operator' retrieved from /home/airflow/.local/lib/python3.12/site-packages/airflow/example_dags/example_branch_day_of_week_operator.py
[2025-02-01T00:08:35.832+0000] {logging_mixin.py:190} INFO - [2025-02-01T00:08:35.832+0000] {dag.py:3211} INFO - Sync 1 DAGs
[2025-02-01T00:08:35.852+0000] {logging_mixin.py:190} INFO - [2025-02-01T00:08:35.852+0000] {dag.py:4138} INFO - Setting next_dagrun for example_weekday_branch_operator to 2025-01-31 00:00:00+00:00, run_after=2025-02-01 00:00:00+00:00
[2025-02-01T00:08:35.872+0000] {processor.py:208} INFO - Processing /home/airflow/.local/lib/python3.12/site-packages/airflow/example_dags/example_branch_day_of_week_operator.py took 0.073 seconds
[2025-02-01T00:09:05.998+0000] {processor.py:186} INFO - Started process (PID=26195) to work on /home/airflow/.local/lib/python3.12/site-packages/airflow/example_dags/example_branch_day_of_week_operator.py
[2025-02-01T00:09:05.998+0000] {processor.py:914} INFO - Processing file /home/airflow/.local/lib/python3.12/site-packages/airflow/example_dags/example_branch_day_of_week_operator.py for tasks to queue
[2025-02-01T00:09:05.999+0000] {logging_mixin.py:190} INFO - [2025-02-01T00:09:05.999+0000] {dagbag.py:587} INFO - Filling up the DagBag from /home/airflow/.local/lib/python3.12/site-packages/airflow/example_dags/example_branch_day_of_week_operator.py
[2025-02-01T00:09:06.008+0000] {processor.py:925} INFO - DAG(s) 'example_weekday_branch_operator' retrieved from /home/airflow/.local/lib/python3.12/site-packages/airflow/example_dags/example_branch_day_of_week_operator.py
[2025-02-01T00:09:06.027+0000] {logging_mixin.py:190} INFO - [2025-02-01T00:09:06.027+0000] {dag.py:3211} INFO - Sync 1 DAGs
[2025-02-01T00:09:06.048+0000] {logging_mixin.py:190} INFO - [2025-02-01T00:09:06.048+0000] {dag.py:4138} INFO - Setting next_dagrun for example_weekday_branch_operator to 2025-01-31 00:00:00+00:00, run_after=2025-02-01 00:00:00+00:00
[2025-02-01T00:09:06.067+0000] {processor.py:208} INFO - Processing /home/airflow/.local/lib/python3.12/site-packages/airflow/example_dags/example_branch_day_of_week_operator.py took 0.075 seconds
[2025-02-01T00:09:36.148+0000] {processor.py:186} INFO - Started process (PID=26258) to work on /home/airflow/.local/lib/python3.12/site-packages/airflow/example_dags/example_branch_day_of_week_operator.py
[2025-02-01T00:09:36.149+0000] {processor.py:914} INFO - Processing file /home/airflow/.local/lib/python3.12/site-packages/airflow/example_dags/example_branch_day_of_week_operator.py for tasks to queue
[2025-02-01T00:09:36.150+0000] {logging_mixin.py:190} INFO - [2025-02-01T00:09:36.150+0000] {dagbag.py:587} INFO - Filling up the DagBag from /home/airflow/.local/lib/python3.12/site-packages/airflow/example_dags/example_branch_day_of_week_operator.py
[2025-02-01T00:09:36.158+0000] {processor.py:925} INFO - DAG(s) 'example_weekday_branch_operator' retrieved from /home/airflow/.local/lib/python3.12/site-packages/airflow/example_dags/example_branch_day_of_week_operator.py
[2025-02-01T00:09:36.175+0000] {logging_mixin.py:190} INFO - [2025-02-01T00:09:36.175+0000] {dag.py:3211} INFO - Sync 1 DAGs
[2025-02-01T00:09:36.195+0000] {logging_mixin.py:190} INFO - [2025-02-01T00:09:36.195+0000] {dag.py:4138} INFO - Setting next_dagrun for example_weekday_branch_operator to 2025-01-31 00:00:00+00:00, run_after=2025-02-01 00:00:00+00:00
[2025-02-01T00:09:36.212+0000] {processor.py:208} INFO - Processing /home/airflow/.local/lib/python3.12/site-packages/airflow/example_dags/example_branch_day_of_week_operator.py took 0.069 seconds
[2025-02-01T00:10:06.514+0000] {processor.py:186} INFO - Started process (PID=26321) to work on /home/airflow/.local/lib/python3.12/site-packages/airflow/example_dags/example_branch_day_of_week_operator.py
[2025-02-01T00:10:06.515+0000] {processor.py:914} INFO - Processing file /home/airflow/.local/lib/python3.12/site-packages/airflow/example_dags/example_branch_day_of_week_operator.py for tasks to queue
[2025-02-01T00:10:06.517+0000] {logging_mixin.py:190} INFO - [2025-02-01T00:10:06.516+0000] {dagbag.py:587} INFO - Filling up the DagBag from /home/airflow/.local/lib/python3.12/site-packages/airflow/example_dags/example_branch_day_of_week_operator.py
[2025-02-01T00:10:06.524+0000] {processor.py:925} INFO - DAG(s) 'example_weekday_branch_operator' retrieved from /home/airflow/.local/lib/python3.12/site-packages/airflow/example_dags/example_branch_day_of_week_operator.py
[2025-02-01T00:10:06.542+0000] {logging_mixin.py:190} INFO - [2025-02-01T00:10:06.542+0000] {dag.py:3211} INFO - Sync 1 DAGs
[2025-02-01T00:10:06.562+0000] {logging_mixin.py:190} INFO - [2025-02-01T00:10:06.562+0000] {dag.py:4138} INFO - Setting next_dagrun for example_weekday_branch_operator to 2025-01-31 00:00:00+00:00, run_after=2025-02-01 00:00:00+00:00
[2025-02-01T00:10:06.580+0000] {processor.py:208} INFO - Processing /home/airflow/.local/lib/python3.12/site-packages/airflow/example_dags/example_branch_day_of_week_operator.py took 0.070 seconds
[2025-02-01T00:10:37.100+0000] {processor.py:186} INFO - Started process (PID=26384) to work on /home/airflow/.local/lib/python3.12/site-packages/airflow/example_dags/example_branch_day_of_week_operator.py
[2025-02-01T00:10:37.101+0000] {processor.py:914} INFO - Processing file /home/airflow/.local/lib/python3.12/site-packages/airflow/example_dags/example_branch_day_of_week_operator.py for tasks to queue
[2025-02-01T00:10:37.102+0000] {logging_mixin.py:190} INFO - [2025-02-01T00:10:37.102+0000] {dagbag.py:587} INFO - Filling up the DagBag from /home/airflow/.local/lib/python3.12/site-packages/airflow/example_dags/example_branch_day_of_week_operator.py
[2025-02-01T00:10:37.110+0000] {processor.py:925} INFO - DAG(s) 'example_weekday_branch_operator' retrieved from /home/airflow/.local/lib/python3.12/site-packages/airflow/example_dags/example_branch_day_of_week_operator.py
[2025-02-01T00:10:37.128+0000] {logging_mixin.py:190} INFO - [2025-02-01T00:10:37.128+0000] {dag.py:3211} INFO - Sync 1 DAGs
[2025-02-01T00:10:37.149+0000] {logging_mixin.py:190} INFO - [2025-02-01T00:10:37.148+0000] {dag.py:4138} INFO - Setting next_dagrun for example_weekday_branch_operator to 2025-01-31 00:00:00+00:00, run_after=2025-02-01 00:00:00+00:00
[2025-02-01T00:10:37.168+0000] {processor.py:208} INFO - Processing /home/airflow/.local/lib/python3.12/site-packages/airflow/example_dags/example_branch_day_of_week_operator.py took 0.073 seconds
[2025-02-01T00:11:07.262+0000] {processor.py:186} INFO - Started process (PID=26447) to work on /home/airflow/.local/lib/python3.12/site-packages/airflow/example_dags/example_branch_day_of_week_operator.py
[2025-02-01T00:11:07.263+0000] {processor.py:914} INFO - Processing file /home/airflow/.local/lib/python3.12/site-packages/airflow/example_dags/example_branch_day_of_week_operator.py for tasks to queue
[2025-02-01T00:11:07.264+0000] {logging_mixin.py:190} INFO - [2025-02-01T00:11:07.264+0000] {dagbag.py:587} INFO - Filling up the DagBag from /home/airflow/.local/lib/python3.12/site-packages/airflow/example_dags/example_branch_day_of_week_operator.py
[2025-02-01T00:11:07.272+0000] {processor.py:925} INFO - DAG(s) 'example_weekday_branch_operator' retrieved from /home/airflow/.local/lib/python3.12/site-packages/airflow/example_dags/example_branch_day_of_week_operator.py
[2025-02-01T00:11:07.289+0000] {logging_mixin.py:190} INFO - [2025-02-01T00:11:07.289+0000] {dag.py:3211} INFO - Sync 1 DAGs
[2025-02-01T00:11:07.310+0000] {logging_mixin.py:190} INFO - [2025-02-01T00:11:07.309+0000] {dag.py:4138} INFO - Setting next_dagrun for example_weekday_branch_operator to 2025-01-31 00:00:00+00:00, run_after=2025-02-01 00:00:00+00:00
[2025-02-01T00:11:07.330+0000] {processor.py:208} INFO - Processing /home/airflow/.local/lib/python3.12/site-packages/airflow/example_dags/example_branch_day_of_week_operator.py took 0.072 seconds
[2025-02-01T00:11:37.544+0000] {processor.py:186} INFO - Started process (PID=26510) to work on /home/airflow/.local/lib/python3.12/site-packages/airflow/example_dags/example_branch_day_of_week_operator.py
[2025-02-01T00:11:37.545+0000] {processor.py:914} INFO - Processing file /home/airflow/.local/lib/python3.12/site-packages/airflow/example_dags/example_branch_day_of_week_operator.py for tasks to queue
[2025-02-01T00:11:37.546+0000] {logging_mixin.py:190} INFO - [2025-02-01T00:11:37.546+0000] {dagbag.py:587} INFO - Filling up the DagBag from /home/airflow/.local/lib/python3.12/site-packages/airflow/example_dags/example_branch_day_of_week_operator.py
[2025-02-01T00:11:37.554+0000] {processor.py:925} INFO - DAG(s) 'example_weekday_branch_operator' retrieved from /home/airflow/.local/lib/python3.12/site-packages/airflow/example_dags/example_branch_day_of_week_operator.py
[2025-02-01T00:11:37.571+0000] {logging_mixin.py:190} INFO - [2025-02-01T00:11:37.571+0000] {dag.py:3211} INFO - Sync 1 DAGs
[2025-02-01T00:11:37.591+0000] {logging_mixin.py:190} INFO - [2025-02-01T00:11:37.591+0000] {dag.py:4138} INFO - Setting next_dagrun for example_weekday_branch_operator to 2025-01-31 00:00:00+00:00, run_after=2025-02-01 00:00:00+00:00
[2025-02-01T00:11:37.610+0000] {processor.py:208} INFO - Processing /home/airflow/.local/lib/python3.12/site-packages/airflow/example_dags/example_branch_day_of_week_operator.py took 0.071 seconds
[2025-02-01T00:12:07.829+0000] {processor.py:186} INFO - Started process (PID=26573) to work on /home/airflow/.local/lib/python3.12/site-packages/airflow/example_dags/example_branch_day_of_week_operator.py
[2025-02-01T00:12:07.830+0000] {processor.py:914} INFO - Processing file /home/airflow/.local/lib/python3.12/site-packages/airflow/example_dags/example_branch_day_of_week_operator.py for tasks to queue
[2025-02-01T00:12:07.832+0000] {logging_mixin.py:190} INFO - [2025-02-01T00:12:07.831+0000] {dagbag.py:587} INFO - Filling up the DagBag from /home/airflow/.local/lib/python3.12/site-packages/airflow/example_dags/example_branch_day_of_week_operator.py
[2025-02-01T00:12:07.839+0000] {processor.py:925} INFO - DAG(s) 'example_weekday_branch_operator' retrieved from /home/airflow/.local/lib/python3.12/site-packages/airflow/example_dags/example_branch_day_of_week_operator.py
[2025-02-01T00:12:07.857+0000] {logging_mixin.py:190} INFO - [2025-02-01T00:12:07.857+0000] {dag.py:3211} INFO - Sync 1 DAGs
[2025-02-01T00:12:07.878+0000] {logging_mixin.py:190} INFO - [2025-02-01T00:12:07.878+0000] {dag.py:4138} INFO - Setting next_dagrun for example_weekday_branch_operator to 2025-01-31 00:00:00+00:00, run_after=2025-02-01 00:00:00+00:00
[2025-02-01T00:12:07.895+0000] {processor.py:208} INFO - Processing /home/airflow/.local/lib/python3.12/site-packages/airflow/example_dags/example_branch_day_of_week_operator.py took 0.071 seconds
[2025-02-01T00:12:38.170+0000] {processor.py:186} INFO - Started process (PID=26636) to work on /home/airflow/.local/lib/python3.12/site-packages/airflow/example_dags/example_branch_day_of_week_operator.py
[2025-02-01T00:12:38.171+0000] {processor.py:914} INFO - Processing file /home/airflow/.local/lib/python3.12/site-packages/airflow/example_dags/example_branch_day_of_week_operator.py for tasks to queue
[2025-02-01T00:12:38.172+0000] {logging_mixin.py:190} INFO - [2025-02-01T00:12:38.172+0000] {dagbag.py:587} INFO - Filling up the DagBag from /home/airflow/.local/lib/python3.12/site-packages/airflow/example_dags/example_branch_day_of_week_operator.py
[2025-02-01T00:12:38.180+0000] {processor.py:925} INFO - DAG(s) 'example_weekday_branch_operator' retrieved from /home/airflow/.local/lib/python3.12/site-packages/airflow/example_dags/example_branch_day_of_week_operator.py
[2025-02-01T00:12:38.198+0000] {logging_mixin.py:190} INFO - [2025-02-01T00:12:38.197+0000] {dag.py:3211} INFO - Sync 1 DAGs
[2025-02-01T00:12:38.218+0000] {logging_mixin.py:190} INFO - [2025-02-01T00:12:38.218+0000] {dag.py:4138} INFO - Setting next_dagrun for example_weekday_branch_operator to 2025-01-31 00:00:00+00:00, run_after=2025-02-01 00:00:00+00:00
[2025-02-01T00:12:38.236+0000] {processor.py:208} INFO - Processing /home/airflow/.local/lib/python3.12/site-packages/airflow/example_dags/example_branch_day_of_week_operator.py took 0.071 seconds
[2025-02-01T00:13:08.362+0000] {processor.py:186} INFO - Started process (PID=26699) to work on /home/airflow/.local/lib/python3.12/site-packages/airflow/example_dags/example_branch_day_of_week_operator.py
[2025-02-01T00:13:08.363+0000] {processor.py:914} INFO - Processing file /home/airflow/.local/lib/python3.12/site-packages/airflow/example_dags/example_branch_day_of_week_operator.py for tasks to queue
[2025-02-01T00:13:08.364+0000] {logging_mixin.py:190} INFO - [2025-02-01T00:13:08.363+0000] {dagbag.py:587} INFO - Filling up the DagBag from /home/airflow/.local/lib/python3.12/site-packages/airflow/example_dags/example_branch_day_of_week_operator.py
[2025-02-01T00:13:08.372+0000] {processor.py:925} INFO - DAG(s) 'example_weekday_branch_operator' retrieved from /home/airflow/.local/lib/python3.12/site-packages/airflow/example_dags/example_branch_day_of_week_operator.py
[2025-02-01T00:13:08.391+0000] {logging_mixin.py:190} INFO - [2025-02-01T00:13:08.391+0000] {dag.py:3211} INFO - Sync 1 DAGs
[2025-02-01T00:13:08.412+0000] {logging_mixin.py:190} INFO - [2025-02-01T00:13:08.412+0000] {dag.py:4138} INFO - Setting next_dagrun for example_weekday_branch_operator to 2025-01-31 00:00:00+00:00, run_after=2025-02-01 00:00:00+00:00
[2025-02-01T00:13:08.432+0000] {processor.py:208} INFO - Processing /home/airflow/.local/lib/python3.12/site-packages/airflow/example_dags/example_branch_day_of_week_operator.py took 0.076 seconds
[2025-02-01T00:13:38.648+0000] {processor.py:186} INFO - Started process (PID=26762) to work on /home/airflow/.local/lib/python3.12/site-packages/airflow/example_dags/example_branch_day_of_week_operator.py
[2025-02-01T00:13:38.649+0000] {processor.py:914} INFO - Processing file /home/airflow/.local/lib/python3.12/site-packages/airflow/example_dags/example_branch_day_of_week_operator.py for tasks to queue
[2025-02-01T00:13:38.650+0000] {logging_mixin.py:190} INFO - [2025-02-01T00:13:38.650+0000] {dagbag.py:587} INFO - Filling up the DagBag from /home/airflow/.local/lib/python3.12/site-packages/airflow/example_dags/example_branch_day_of_week_operator.py
[2025-02-01T00:13:38.658+0000] {processor.py:925} INFO - DAG(s) 'example_weekday_branch_operator' retrieved from /home/airflow/.local/lib/python3.12/site-packages/airflow/example_dags/example_branch_day_of_week_operator.py
[2025-02-01T00:13:38.678+0000] {logging_mixin.py:190} INFO - [2025-02-01T00:13:38.678+0000] {dag.py:3211} INFO - Sync 1 DAGs
[2025-02-01T00:13:38.706+0000] {logging_mixin.py:190} INFO - [2025-02-01T00:13:38.706+0000] {dag.py:4138} INFO - Setting next_dagrun for example_weekday_branch_operator to 2025-01-31 00:00:00+00:00, run_after=2025-02-01 00:00:00+00:00
[2025-02-01T00:13:38.723+0000] {processor.py:208} INFO - Processing /home/airflow/.local/lib/python3.12/site-packages/airflow/example_dags/example_branch_day_of_week_operator.py took 0.082 seconds
[2025-02-01T00:14:08.912+0000] {processor.py:186} INFO - Started process (PID=26825) to work on /home/airflow/.local/lib/python3.12/site-packages/airflow/example_dags/example_branch_day_of_week_operator.py
[2025-02-01T00:14:08.913+0000] {processor.py:914} INFO - Processing file /home/airflow/.local/lib/python3.12/site-packages/airflow/example_dags/example_branch_day_of_week_operator.py for tasks to queue
[2025-02-01T00:14:08.914+0000] {logging_mixin.py:190} INFO - [2025-02-01T00:14:08.914+0000] {dagbag.py:587} INFO - Filling up the DagBag from /home/airflow/.local/lib/python3.12/site-packages/airflow/example_dags/example_branch_day_of_week_operator.py
[2025-02-01T00:14:08.921+0000] {processor.py:925} INFO - DAG(s) 'example_weekday_branch_operator' retrieved from /home/airflow/.local/lib/python3.12/site-packages/airflow/example_dags/example_branch_day_of_week_operator.py
[2025-02-01T00:14:08.940+0000] {logging_mixin.py:190} INFO - [2025-02-01T00:14:08.940+0000] {dag.py:3211} INFO - Sync 1 DAGs
[2025-02-01T00:14:08.958+0000] {logging_mixin.py:190} INFO - [2025-02-01T00:14:08.958+0000] {dag.py:4138} INFO - Setting next_dagrun for example_weekday_branch_operator to 2025-01-31 00:00:00+00:00, run_after=2025-02-01 00:00:00+00:00
[2025-02-01T00:14:08.975+0000] {processor.py:208} INFO - Processing /home/airflow/.local/lib/python3.12/site-packages/airflow/example_dags/example_branch_day_of_week_operator.py took 0.067 seconds
[2025-02-01T00:14:39.232+0000] {processor.py:186} INFO - Started process (PID=26888) to work on /home/airflow/.local/lib/python3.12/site-packages/airflow/example_dags/example_branch_day_of_week_operator.py
[2025-02-01T00:14:39.233+0000] {processor.py:914} INFO - Processing file /home/airflow/.local/lib/python3.12/site-packages/airflow/example_dags/example_branch_day_of_week_operator.py for tasks to queue
[2025-02-01T00:14:39.235+0000] {logging_mixin.py:190} INFO - [2025-02-01T00:14:39.235+0000] {dagbag.py:587} INFO - Filling up the DagBag from /home/airflow/.local/lib/python3.12/site-packages/airflow/example_dags/example_branch_day_of_week_operator.py
[2025-02-01T00:14:39.242+0000] {processor.py:925} INFO - DAG(s) 'example_weekday_branch_operator' retrieved from /home/airflow/.local/lib/python3.12/site-packages/airflow/example_dags/example_branch_day_of_week_operator.py
[2025-02-01T00:14:39.260+0000] {logging_mixin.py:190} INFO - [2025-02-01T00:14:39.260+0000] {dag.py:3211} INFO - Sync 1 DAGs
[2025-02-01T00:14:39.279+0000] {logging_mixin.py:190} INFO - [2025-02-01T00:14:39.279+0000] {dag.py:4138} INFO - Setting next_dagrun for example_weekday_branch_operator to 2025-01-31 00:00:00+00:00, run_after=2025-02-01 00:00:00+00:00
[2025-02-01T00:14:39.297+0000] {processor.py:208} INFO - Processing /home/airflow/.local/lib/python3.12/site-packages/airflow/example_dags/example_branch_day_of_week_operator.py took 0.070 seconds
[2025-02-01T00:15:09.717+0000] {processor.py:186} INFO - Started process (PID=26951) to work on /home/airflow/.local/lib/python3.12/site-packages/airflow/example_dags/example_branch_day_of_week_operator.py
[2025-02-01T00:15:09.719+0000] {processor.py:914} INFO - Processing file /home/airflow/.local/lib/python3.12/site-packages/airflow/example_dags/example_branch_day_of_week_operator.py for tasks to queue
[2025-02-01T00:15:09.720+0000] {logging_mixin.py:190} INFO - [2025-02-01T00:15:09.719+0000] {dagbag.py:587} INFO - Filling up the DagBag from /home/airflow/.local/lib/python3.12/site-packages/airflow/example_dags/example_branch_day_of_week_operator.py
[2025-02-01T00:15:09.729+0000] {processor.py:925} INFO - DAG(s) 'example_weekday_branch_operator' retrieved from /home/airflow/.local/lib/python3.12/site-packages/airflow/example_dags/example_branch_day_of_week_operator.py
[2025-02-01T00:15:09.749+0000] {logging_mixin.py:190} INFO - [2025-02-01T00:15:09.749+0000] {dag.py:3211} INFO - Sync 1 DAGs
[2025-02-01T00:15:09.770+0000] {logging_mixin.py:190} INFO - [2025-02-01T00:15:09.769+0000] {dag.py:4138} INFO - Setting next_dagrun for example_weekday_branch_operator to 2025-01-31 00:00:00+00:00, run_after=2025-02-01 00:00:00+00:00
[2025-02-01T00:15:09.787+0000] {processor.py:208} INFO - Processing /home/airflow/.local/lib/python3.12/site-packages/airflow/example_dags/example_branch_day_of_week_operator.py took 0.076 seconds
[2025-02-01T00:15:40.097+0000] {processor.py:186} INFO - Started process (PID=27014) to work on /home/airflow/.local/lib/python3.12/site-packages/airflow/example_dags/example_branch_day_of_week_operator.py
[2025-02-01T00:15:40.098+0000] {processor.py:914} INFO - Processing file /home/airflow/.local/lib/python3.12/site-packages/airflow/example_dags/example_branch_day_of_week_operator.py for tasks to queue
[2025-02-01T00:15:40.099+0000] {logging_mixin.py:190} INFO - [2025-02-01T00:15:40.099+0000] {dagbag.py:587} INFO - Filling up the DagBag from /home/airflow/.local/lib/python3.12/site-packages/airflow/example_dags/example_branch_day_of_week_operator.py
[2025-02-01T00:15:40.106+0000] {processor.py:925} INFO - DAG(s) 'example_weekday_branch_operator' retrieved from /home/airflow/.local/lib/python3.12/site-packages/airflow/example_dags/example_branch_day_of_week_operator.py
[2025-02-01T00:15:40.125+0000] {logging_mixin.py:190} INFO - [2025-02-01T00:15:40.125+0000] {dag.py:3211} INFO - Sync 1 DAGs
[2025-02-01T00:15:40.145+0000] {logging_mixin.py:190} INFO - [2025-02-01T00:15:40.145+0000] {dag.py:4138} INFO - Setting next_dagrun for example_weekday_branch_operator to 2025-01-31 00:00:00+00:00, run_after=2025-02-01 00:00:00+00:00
[2025-02-01T00:15:40.167+0000] {processor.py:208} INFO - Processing /home/airflow/.local/lib/python3.12/site-packages/airflow/example_dags/example_branch_day_of_week_operator.py took 0.074 seconds
[2025-02-01T00:16:10.312+0000] {processor.py:186} INFO - Started process (PID=27077) to work on /home/airflow/.local/lib/python3.12/site-packages/airflow/example_dags/example_branch_day_of_week_operator.py
[2025-02-01T00:16:10.313+0000] {processor.py:914} INFO - Processing file /home/airflow/.local/lib/python3.12/site-packages/airflow/example_dags/example_branch_day_of_week_operator.py for tasks to queue
[2025-02-01T00:16:10.314+0000] {logging_mixin.py:190} INFO - [2025-02-01T00:16:10.314+0000] {dagbag.py:587} INFO - Filling up the DagBag from /home/airflow/.local/lib/python3.12/site-packages/airflow/example_dags/example_branch_day_of_week_operator.py
[2025-02-01T00:16:10.321+0000] {processor.py:925} INFO - DAG(s) 'example_weekday_branch_operator' retrieved from /home/airflow/.local/lib/python3.12/site-packages/airflow/example_dags/example_branch_day_of_week_operator.py
[2025-02-01T00:16:10.338+0000] {logging_mixin.py:190} INFO - [2025-02-01T00:16:10.338+0000] {dag.py:3211} INFO - Sync 1 DAGs
[2025-02-01T00:16:10.358+0000] {logging_mixin.py:190} INFO - [2025-02-01T00:16:10.357+0000] {dag.py:4138} INFO - Setting next_dagrun for example_weekday_branch_operator to 2025-01-31 00:00:00+00:00, run_after=2025-02-01 00:00:00+00:00
[2025-02-01T00:16:10.378+0000] {processor.py:208} INFO - Processing /home/airflow/.local/lib/python3.12/site-packages/airflow/example_dags/example_branch_day_of_week_operator.py took 0.071 seconds
