[2025-02-01T00:00:15.738+0000] {processor.py:186} INFO - Started process (PID=25086) to work on /home/airflow/.local/lib/python3.12/site-packages/airflow/example_dags/example_dataset_alias.py
[2025-02-01T00:00:15.739+0000] {processor.py:914} INFO - Processing file /home/airflow/.local/lib/python3.12/site-packages/airflow/example_dags/example_dataset_alias.py for tasks to queue
[2025-02-01T00:00:15.740+0000] {logging_mixin.py:190} INFO - [2025-02-01T00:00:15.740+0000] {dagbag.py:587} INFO - Filling up the DagBag from /home/airflow/.local/lib/python3.12/site-packages/airflow/example_dags/example_dataset_alias.py
[2025-02-01T00:00:15.886+0000] {processor.py:925} INFO - DAG(s) 'dataset_alias_example_alias_consumer', 'dataset_alias_example_alias_producer', 'dataset_s3_bucket_producer', 'dataset_s3_bucket_consumer' retrieved from /home/airflow/.local/lib/python3.12/site-packages/airflow/example_dags/example_dataset_alias.py
[2025-02-01T00:00:15.907+0000] {logging_mixin.py:190} INFO - [2025-02-01T00:00:15.907+0000] {dag.py:3211} INFO - Sync 4 DAGs
[2025-02-01T00:00:15.929+0000] {logging_mixin.py:190} INFO - [2025-02-01T00:00:15.929+0000] {dag.py:4138} INFO - Setting next_dagrun for dataset_alias_example_alias_consumer to None, run_after=None
[2025-02-01T00:00:15.931+0000] {logging_mixin.py:190} INFO - [2025-02-01T00:00:15.931+0000] {dag.py:4138} INFO - Setting next_dagrun for dataset_alias_example_alias_producer to None, run_after=None
[2025-02-01T00:00:15.933+0000] {logging_mixin.py:190} INFO - [2025-02-01T00:00:15.933+0000] {dag.py:4138} INFO - Setting next_dagrun for dataset_s3_bucket_consumer to None, run_after=None
[2025-02-01T00:00:15.934+0000] {logging_mixin.py:190} INFO - [2025-02-01T00:00:15.934+0000] {dag.py:4138} INFO - Setting next_dagrun for dataset_s3_bucket_producer to None, run_after=None
[2025-02-01T00:00:15.956+0000] {processor.py:208} INFO - Processing /home/airflow/.local/lib/python3.12/site-packages/airflow/example_dags/example_dataset_alias.py took 0.222 seconds
[2025-02-01T00:00:46.108+0000] {processor.py:186} INFO - Started process (PID=25149) to work on /home/airflow/.local/lib/python3.12/site-packages/airflow/example_dags/example_dataset_alias.py
[2025-02-01T00:00:46.109+0000] {processor.py:914} INFO - Processing file /home/airflow/.local/lib/python3.12/site-packages/airflow/example_dags/example_dataset_alias.py for tasks to queue
[2025-02-01T00:00:46.110+0000] {logging_mixin.py:190} INFO - [2025-02-01T00:00:46.109+0000] {dagbag.py:587} INFO - Filling up the DagBag from /home/airflow/.local/lib/python3.12/site-packages/airflow/example_dags/example_dataset_alias.py
[2025-02-01T00:00:46.245+0000] {processor.py:925} INFO - DAG(s) 'dataset_alias_example_alias_consumer', 'dataset_alias_example_alias_producer', 'dataset_s3_bucket_producer', 'dataset_s3_bucket_consumer' retrieved from /home/airflow/.local/lib/python3.12/site-packages/airflow/example_dags/example_dataset_alias.py
[2025-02-01T00:00:46.268+0000] {logging_mixin.py:190} INFO - [2025-02-01T00:00:46.267+0000] {dag.py:3211} INFO - Sync 4 DAGs
[2025-02-01T00:00:46.289+0000] {logging_mixin.py:190} INFO - [2025-02-01T00:00:46.289+0000] {dag.py:4138} INFO - Setting next_dagrun for dataset_alias_example_alias_consumer to None, run_after=None
[2025-02-01T00:00:46.292+0000] {logging_mixin.py:190} INFO - [2025-02-01T00:00:46.291+0000] {dag.py:4138} INFO - Setting next_dagrun for dataset_alias_example_alias_producer to None, run_after=None
[2025-02-01T00:00:46.293+0000] {logging_mixin.py:190} INFO - [2025-02-01T00:00:46.293+0000] {dag.py:4138} INFO - Setting next_dagrun for dataset_s3_bucket_consumer to None, run_after=None
[2025-02-01T00:00:46.294+0000] {logging_mixin.py:190} INFO - [2025-02-01T00:00:46.294+0000] {dag.py:4138} INFO - Setting next_dagrun for dataset_s3_bucket_producer to None, run_after=None
[2025-02-01T00:00:46.319+0000] {processor.py:208} INFO - Processing /home/airflow/.local/lib/python3.12/site-packages/airflow/example_dags/example_dataset_alias.py took 0.216 seconds
[2025-02-01T00:01:16.408+0000] {processor.py:186} INFO - Started process (PID=25212) to work on /home/airflow/.local/lib/python3.12/site-packages/airflow/example_dags/example_dataset_alias.py
[2025-02-01T00:01:16.409+0000] {processor.py:914} INFO - Processing file /home/airflow/.local/lib/python3.12/site-packages/airflow/example_dags/example_dataset_alias.py for tasks to queue
[2025-02-01T00:01:16.410+0000] {logging_mixin.py:190} INFO - [2025-02-01T00:01:16.410+0000] {dagbag.py:587} INFO - Filling up the DagBag from /home/airflow/.local/lib/python3.12/site-packages/airflow/example_dags/example_dataset_alias.py
[2025-02-01T00:01:16.541+0000] {processor.py:925} INFO - DAG(s) 'dataset_s3_bucket_consumer', 'dataset_alias_example_alias_producer', 'dataset_s3_bucket_producer', 'dataset_alias_example_alias_consumer' retrieved from /home/airflow/.local/lib/python3.12/site-packages/airflow/example_dags/example_dataset_alias.py
[2025-02-01T00:01:16.560+0000] {logging_mixin.py:190} INFO - [2025-02-01T00:01:16.560+0000] {dag.py:3211} INFO - Sync 4 DAGs
[2025-02-01T00:01:16.583+0000] {logging_mixin.py:190} INFO - [2025-02-01T00:01:16.583+0000] {dag.py:4138} INFO - Setting next_dagrun for dataset_alias_example_alias_consumer to None, run_after=None
[2025-02-01T00:01:16.585+0000] {logging_mixin.py:190} INFO - [2025-02-01T00:01:16.585+0000] {dag.py:4138} INFO - Setting next_dagrun for dataset_alias_example_alias_producer to None, run_after=None
[2025-02-01T00:01:16.587+0000] {logging_mixin.py:190} INFO - [2025-02-01T00:01:16.587+0000] {dag.py:4138} INFO - Setting next_dagrun for dataset_s3_bucket_consumer to None, run_after=None
[2025-02-01T00:01:16.588+0000] {logging_mixin.py:190} INFO - [2025-02-01T00:01:16.588+0000] {dag.py:4138} INFO - Setting next_dagrun for dataset_s3_bucket_producer to None, run_after=None
[2025-02-01T00:01:16.610+0000] {processor.py:208} INFO - Processing /home/airflow/.local/lib/python3.12/site-packages/airflow/example_dags/example_dataset_alias.py took 0.207 seconds
[2025-02-01T00:01:46.706+0000] {processor.py:186} INFO - Started process (PID=25275) to work on /home/airflow/.local/lib/python3.12/site-packages/airflow/example_dags/example_dataset_alias.py
[2025-02-01T00:01:46.707+0000] {processor.py:914} INFO - Processing file /home/airflow/.local/lib/python3.12/site-packages/airflow/example_dags/example_dataset_alias.py for tasks to queue
[2025-02-01T00:01:46.708+0000] {logging_mixin.py:190} INFO - [2025-02-01T00:01:46.708+0000] {dagbag.py:587} INFO - Filling up the DagBag from /home/airflow/.local/lib/python3.12/site-packages/airflow/example_dags/example_dataset_alias.py
[2025-02-01T00:01:46.846+0000] {processor.py:925} INFO - DAG(s) 'dataset_s3_bucket_producer', 'dataset_alias_example_alias_producer', 'dataset_s3_bucket_consumer', 'dataset_alias_example_alias_consumer' retrieved from /home/airflow/.local/lib/python3.12/site-packages/airflow/example_dags/example_dataset_alias.py
[2025-02-01T00:01:46.867+0000] {logging_mixin.py:190} INFO - [2025-02-01T00:01:46.866+0000] {dag.py:3211} INFO - Sync 4 DAGs
[2025-02-01T00:01:46.887+0000] {logging_mixin.py:190} INFO - [2025-02-01T00:01:46.887+0000] {dag.py:4138} INFO - Setting next_dagrun for dataset_alias_example_alias_consumer to None, run_after=None
[2025-02-01T00:01:46.889+0000] {logging_mixin.py:190} INFO - [2025-02-01T00:01:46.889+0000] {dag.py:4138} INFO - Setting next_dagrun for dataset_alias_example_alias_producer to None, run_after=None
[2025-02-01T00:01:46.891+0000] {logging_mixin.py:190} INFO - [2025-02-01T00:01:46.891+0000] {dag.py:4138} INFO - Setting next_dagrun for dataset_s3_bucket_consumer to None, run_after=None
[2025-02-01T00:01:46.892+0000] {logging_mixin.py:190} INFO - [2025-02-01T00:01:46.892+0000] {dag.py:4138} INFO - Setting next_dagrun for dataset_s3_bucket_producer to None, run_after=None
[2025-02-01T00:01:46.915+0000] {processor.py:208} INFO - Processing /home/airflow/.local/lib/python3.12/site-packages/airflow/example_dags/example_dataset_alias.py took 0.215 seconds
[2025-02-01T00:02:17.895+0000] {processor.py:186} INFO - Started process (PID=25338) to work on /home/airflow/.local/lib/python3.12/site-packages/airflow/example_dags/example_dataset_alias.py
[2025-02-01T00:02:17.896+0000] {processor.py:914} INFO - Processing file /home/airflow/.local/lib/python3.12/site-packages/airflow/example_dags/example_dataset_alias.py for tasks to queue
[2025-02-01T00:02:17.897+0000] {logging_mixin.py:190} INFO - [2025-02-01T00:02:17.897+0000] {dagbag.py:587} INFO - Filling up the DagBag from /home/airflow/.local/lib/python3.12/site-packages/airflow/example_dags/example_dataset_alias.py
[2025-02-01T00:02:18.035+0000] {processor.py:925} INFO - DAG(s) 'dataset_alias_example_alias_consumer', 'dataset_alias_example_alias_producer', 'dataset_s3_bucket_consumer', 'dataset_s3_bucket_producer' retrieved from /home/airflow/.local/lib/python3.12/site-packages/airflow/example_dags/example_dataset_alias.py
[2025-02-01T00:02:18.058+0000] {logging_mixin.py:190} INFO - [2025-02-01T00:02:18.058+0000] {dag.py:3211} INFO - Sync 4 DAGs
[2025-02-01T00:02:18.080+0000] {logging_mixin.py:190} INFO - [2025-02-01T00:02:18.079+0000] {dag.py:4138} INFO - Setting next_dagrun for dataset_alias_example_alias_consumer to None, run_after=None
[2025-02-01T00:02:18.082+0000] {logging_mixin.py:190} INFO - [2025-02-01T00:02:18.082+0000] {dag.py:4138} INFO - Setting next_dagrun for dataset_alias_example_alias_producer to None, run_after=None
[2025-02-01T00:02:18.084+0000] {logging_mixin.py:190} INFO - [2025-02-01T00:02:18.083+0000] {dag.py:4138} INFO - Setting next_dagrun for dataset_s3_bucket_consumer to None, run_after=None
[2025-02-01T00:02:18.085+0000] {logging_mixin.py:190} INFO - [2025-02-01T00:02:18.085+0000] {dag.py:4138} INFO - Setting next_dagrun for dataset_s3_bucket_producer to None, run_after=None
[2025-02-01T00:02:18.115+0000] {processor.py:208} INFO - Processing /home/airflow/.local/lib/python3.12/site-packages/airflow/example_dags/example_dataset_alias.py took 0.225 seconds
[2025-02-01T00:02:49.104+0000] {processor.py:186} INFO - Started process (PID=25401) to work on /home/airflow/.local/lib/python3.12/site-packages/airflow/example_dags/example_dataset_alias.py
[2025-02-01T00:02:49.105+0000] {processor.py:914} INFO - Processing file /home/airflow/.local/lib/python3.12/site-packages/airflow/example_dags/example_dataset_alias.py for tasks to queue
[2025-02-01T00:02:49.106+0000] {logging_mixin.py:190} INFO - [2025-02-01T00:02:49.106+0000] {dagbag.py:587} INFO - Filling up the DagBag from /home/airflow/.local/lib/python3.12/site-packages/airflow/example_dags/example_dataset_alias.py
[2025-02-01T00:02:49.264+0000] {processor.py:925} INFO - DAG(s) 'dataset_s3_bucket_consumer', 'dataset_s3_bucket_producer', 'dataset_alias_example_alias_consumer', 'dataset_alias_example_alias_producer' retrieved from /home/airflow/.local/lib/python3.12/site-packages/airflow/example_dags/example_dataset_alias.py
[2025-02-01T00:02:49.285+0000] {logging_mixin.py:190} INFO - [2025-02-01T00:02:49.284+0000] {dag.py:3211} INFO - Sync 4 DAGs
[2025-02-01T00:02:49.307+0000] {logging_mixin.py:190} INFO - [2025-02-01T00:02:49.307+0000] {dag.py:4138} INFO - Setting next_dagrun for dataset_alias_example_alias_consumer to None, run_after=None
[2025-02-01T00:02:49.310+0000] {logging_mixin.py:190} INFO - [2025-02-01T00:02:49.310+0000] {dag.py:4138} INFO - Setting next_dagrun for dataset_alias_example_alias_producer to None, run_after=None
[2025-02-01T00:02:49.312+0000] {logging_mixin.py:190} INFO - [2025-02-01T00:02:49.311+0000] {dag.py:4138} INFO - Setting next_dagrun for dataset_s3_bucket_consumer to None, run_after=None
[2025-02-01T00:02:49.313+0000] {logging_mixin.py:190} INFO - [2025-02-01T00:02:49.313+0000] {dag.py:4138} INFO - Setting next_dagrun for dataset_s3_bucket_producer to None, run_after=None
[2025-02-01T00:02:49.340+0000] {processor.py:208} INFO - Processing /home/airflow/.local/lib/python3.12/site-packages/airflow/example_dags/example_dataset_alias.py took 0.242 seconds
[2025-02-01T00:03:19.383+0000] {processor.py:186} INFO - Started process (PID=25465) to work on /home/airflow/.local/lib/python3.12/site-packages/airflow/example_dags/example_dataset_alias.py
[2025-02-01T00:03:19.384+0000] {processor.py:914} INFO - Processing file /home/airflow/.local/lib/python3.12/site-packages/airflow/example_dags/example_dataset_alias.py for tasks to queue
[2025-02-01T00:03:19.385+0000] {logging_mixin.py:190} INFO - [2025-02-01T00:03:19.385+0000] {dagbag.py:587} INFO - Filling up the DagBag from /home/airflow/.local/lib/python3.12/site-packages/airflow/example_dags/example_dataset_alias.py
[2025-02-01T00:03:19.516+0000] {processor.py:925} INFO - DAG(s) 'dataset_alias_example_alias_consumer', 'dataset_s3_bucket_consumer', 'dataset_s3_bucket_producer', 'dataset_alias_example_alias_producer' retrieved from /home/airflow/.local/lib/python3.12/site-packages/airflow/example_dags/example_dataset_alias.py
[2025-02-01T00:03:19.537+0000] {logging_mixin.py:190} INFO - [2025-02-01T00:03:19.537+0000] {dag.py:3211} INFO - Sync 4 DAGs
[2025-02-01T00:03:19.558+0000] {logging_mixin.py:190} INFO - [2025-02-01T00:03:19.557+0000] {dag.py:4138} INFO - Setting next_dagrun for dataset_alias_example_alias_consumer to None, run_after=None
[2025-02-01T00:03:19.560+0000] {logging_mixin.py:190} INFO - [2025-02-01T00:03:19.560+0000] {dag.py:4138} INFO - Setting next_dagrun for dataset_alias_example_alias_producer to None, run_after=None
[2025-02-01T00:03:19.562+0000] {logging_mixin.py:190} INFO - [2025-02-01T00:03:19.562+0000] {dag.py:4138} INFO - Setting next_dagrun for dataset_s3_bucket_consumer to None, run_after=None
[2025-02-01T00:03:19.563+0000] {logging_mixin.py:190} INFO - [2025-02-01T00:03:19.563+0000] {dag.py:4138} INFO - Setting next_dagrun for dataset_s3_bucket_producer to None, run_after=None
[2025-02-01T00:03:19.586+0000] {processor.py:208} INFO - Processing /home/airflow/.local/lib/python3.12/site-packages/airflow/example_dags/example_dataset_alias.py took 0.207 seconds
[2025-02-01T00:03:50.547+0000] {processor.py:186} INFO - Started process (PID=25527) to work on /home/airflow/.local/lib/python3.12/site-packages/airflow/example_dags/example_dataset_alias.py
[2025-02-01T00:03:50.548+0000] {processor.py:914} INFO - Processing file /home/airflow/.local/lib/python3.12/site-packages/airflow/example_dags/example_dataset_alias.py for tasks to queue
[2025-02-01T00:03:50.549+0000] {logging_mixin.py:190} INFO - [2025-02-01T00:03:50.549+0000] {dagbag.py:587} INFO - Filling up the DagBag from /home/airflow/.local/lib/python3.12/site-packages/airflow/example_dags/example_dataset_alias.py
[2025-02-01T00:03:50.674+0000] {processor.py:925} INFO - DAG(s) 'dataset_alias_example_alias_consumer', 'dataset_s3_bucket_producer', 'dataset_s3_bucket_consumer', 'dataset_alias_example_alias_producer' retrieved from /home/airflow/.local/lib/python3.12/site-packages/airflow/example_dags/example_dataset_alias.py
[2025-02-01T00:03:50.696+0000] {logging_mixin.py:190} INFO - [2025-02-01T00:03:50.696+0000] {dag.py:3211} INFO - Sync 4 DAGs
[2025-02-01T00:03:50.719+0000] {logging_mixin.py:190} INFO - [2025-02-01T00:03:50.718+0000] {dag.py:4138} INFO - Setting next_dagrun for dataset_alias_example_alias_consumer to None, run_after=None
[2025-02-01T00:03:50.721+0000] {logging_mixin.py:190} INFO - [2025-02-01T00:03:50.721+0000] {dag.py:4138} INFO - Setting next_dagrun for dataset_alias_example_alias_producer to None, run_after=None
[2025-02-01T00:03:50.722+0000] {logging_mixin.py:190} INFO - [2025-02-01T00:03:50.722+0000] {dag.py:4138} INFO - Setting next_dagrun for dataset_s3_bucket_consumer to None, run_after=None
[2025-02-01T00:03:50.723+0000] {logging_mixin.py:190} INFO - [2025-02-01T00:03:50.723+0000] {dag.py:4138} INFO - Setting next_dagrun for dataset_s3_bucket_producer to None, run_after=None
[2025-02-01T00:03:50.744+0000] {processor.py:208} INFO - Processing /home/airflow/.local/lib/python3.12/site-packages/airflow/example_dags/example_dataset_alias.py took 0.202 seconds
[2025-02-01T00:04:20.990+0000] {processor.py:186} INFO - Started process (PID=25591) to work on /home/airflow/.local/lib/python3.12/site-packages/airflow/example_dags/example_dataset_alias.py
[2025-02-01T00:04:20.991+0000] {processor.py:914} INFO - Processing file /home/airflow/.local/lib/python3.12/site-packages/airflow/example_dags/example_dataset_alias.py for tasks to queue
[2025-02-01T00:04:20.992+0000] {logging_mixin.py:190} INFO - [2025-02-01T00:04:20.992+0000] {dagbag.py:587} INFO - Filling up the DagBag from /home/airflow/.local/lib/python3.12/site-packages/airflow/example_dags/example_dataset_alias.py
[2025-02-01T00:04:21.118+0000] {processor.py:925} INFO - DAG(s) 'dataset_s3_bucket_consumer', 'dataset_alias_example_alias_producer', 'dataset_alias_example_alias_consumer', 'dataset_s3_bucket_producer' retrieved from /home/airflow/.local/lib/python3.12/site-packages/airflow/example_dags/example_dataset_alias.py
[2025-02-01T00:04:21.137+0000] {logging_mixin.py:190} INFO - [2025-02-01T00:04:21.137+0000] {dag.py:3211} INFO - Sync 4 DAGs
[2025-02-01T00:04:21.158+0000] {logging_mixin.py:190} INFO - [2025-02-01T00:04:21.157+0000] {dag.py:4138} INFO - Setting next_dagrun for dataset_alias_example_alias_consumer to None, run_after=None
[2025-02-01T00:04:21.160+0000] {logging_mixin.py:190} INFO - [2025-02-01T00:04:21.160+0000] {dag.py:4138} INFO - Setting next_dagrun for dataset_alias_example_alias_producer to None, run_after=None
[2025-02-01T00:04:21.161+0000] {logging_mixin.py:190} INFO - [2025-02-01T00:04:21.161+0000] {dag.py:4138} INFO - Setting next_dagrun for dataset_s3_bucket_consumer to None, run_after=None
[2025-02-01T00:04:21.162+0000] {logging_mixin.py:190} INFO - [2025-02-01T00:04:21.162+0000] {dag.py:4138} INFO - Setting next_dagrun for dataset_s3_bucket_producer to None, run_after=None
[2025-02-01T00:04:21.182+0000] {processor.py:208} INFO - Processing /home/airflow/.local/lib/python3.12/site-packages/airflow/example_dags/example_dataset_alias.py took 0.196 seconds
[2025-02-01T00:04:51.904+0000] {processor.py:186} INFO - Started process (PID=25653) to work on /home/airflow/.local/lib/python3.12/site-packages/airflow/example_dags/example_dataset_alias.py
[2025-02-01T00:04:51.905+0000] {processor.py:914} INFO - Processing file /home/airflow/.local/lib/python3.12/site-packages/airflow/example_dags/example_dataset_alias.py for tasks to queue
[2025-02-01T00:04:51.907+0000] {logging_mixin.py:190} INFO - [2025-02-01T00:04:51.906+0000] {dagbag.py:587} INFO - Filling up the DagBag from /home/airflow/.local/lib/python3.12/site-packages/airflow/example_dags/example_dataset_alias.py
[2025-02-01T00:04:52.037+0000] {processor.py:925} INFO - DAG(s) 'dataset_alias_example_alias_consumer', 'dataset_alias_example_alias_producer', 'dataset_s3_bucket_producer', 'dataset_s3_bucket_consumer' retrieved from /home/airflow/.local/lib/python3.12/site-packages/airflow/example_dags/example_dataset_alias.py
[2025-02-01T00:04:52.056+0000] {logging_mixin.py:190} INFO - [2025-02-01T00:04:52.055+0000] {dag.py:3211} INFO - Sync 4 DAGs
[2025-02-01T00:04:52.078+0000] {logging_mixin.py:190} INFO - [2025-02-01T00:04:52.078+0000] {dag.py:4138} INFO - Setting next_dagrun for dataset_alias_example_alias_consumer to None, run_after=None
[2025-02-01T00:04:52.081+0000] {logging_mixin.py:190} INFO - [2025-02-01T00:04:52.080+0000] {dag.py:4138} INFO - Setting next_dagrun for dataset_alias_example_alias_producer to None, run_after=None
[2025-02-01T00:04:52.082+0000] {logging_mixin.py:190} INFO - [2025-02-01T00:04:52.082+0000] {dag.py:4138} INFO - Setting next_dagrun for dataset_s3_bucket_consumer to None, run_after=None
[2025-02-01T00:04:52.083+0000] {logging_mixin.py:190} INFO - [2025-02-01T00:04:52.083+0000] {dag.py:4138} INFO - Setting next_dagrun for dataset_s3_bucket_producer to None, run_after=None
[2025-02-01T00:04:52.103+0000] {processor.py:208} INFO - Processing /home/airflow/.local/lib/python3.12/site-packages/airflow/example_dags/example_dataset_alias.py took 0.204 seconds
[2025-02-01T00:05:22.191+0000] {processor.py:186} INFO - Started process (PID=25716) to work on /home/airflow/.local/lib/python3.12/site-packages/airflow/example_dags/example_dataset_alias.py
[2025-02-01T00:05:22.192+0000] {processor.py:914} INFO - Processing file /home/airflow/.local/lib/python3.12/site-packages/airflow/example_dags/example_dataset_alias.py for tasks to queue
[2025-02-01T00:05:22.193+0000] {logging_mixin.py:190} INFO - [2025-02-01T00:05:22.192+0000] {dagbag.py:587} INFO - Filling up the DagBag from /home/airflow/.local/lib/python3.12/site-packages/airflow/example_dags/example_dataset_alias.py
[2025-02-01T00:05:22.325+0000] {processor.py:925} INFO - DAG(s) 'dataset_s3_bucket_producer', 'dataset_s3_bucket_consumer', 'dataset_alias_example_alias_consumer', 'dataset_alias_example_alias_producer' retrieved from /home/airflow/.local/lib/python3.12/site-packages/airflow/example_dags/example_dataset_alias.py
[2025-02-01T00:05:22.346+0000] {logging_mixin.py:190} INFO - [2025-02-01T00:05:22.346+0000] {dag.py:3211} INFO - Sync 4 DAGs
[2025-02-01T00:05:22.367+0000] {logging_mixin.py:190} INFO - [2025-02-01T00:05:22.367+0000] {dag.py:4138} INFO - Setting next_dagrun for dataset_alias_example_alias_consumer to None, run_after=None
[2025-02-01T00:05:22.371+0000] {logging_mixin.py:190} INFO - [2025-02-01T00:05:22.370+0000] {dag.py:4138} INFO - Setting next_dagrun for dataset_alias_example_alias_producer to None, run_after=None
[2025-02-01T00:05:22.372+0000] {logging_mixin.py:190} INFO - [2025-02-01T00:05:22.372+0000] {dag.py:4138} INFO - Setting next_dagrun for dataset_s3_bucket_consumer to None, run_after=None
[2025-02-01T00:05:22.373+0000] {logging_mixin.py:190} INFO - [2025-02-01T00:05:22.373+0000] {dag.py:4138} INFO - Setting next_dagrun for dataset_s3_bucket_producer to None, run_after=None
[2025-02-01T00:05:22.396+0000] {processor.py:208} INFO - Processing /home/airflow/.local/lib/python3.12/site-packages/airflow/example_dags/example_dataset_alias.py took 0.210 seconds
[2025-02-01T00:05:52.555+0000] {processor.py:186} INFO - Started process (PID=25779) to work on /home/airflow/.local/lib/python3.12/site-packages/airflow/example_dags/example_dataset_alias.py
[2025-02-01T00:05:52.555+0000] {processor.py:914} INFO - Processing file /home/airflow/.local/lib/python3.12/site-packages/airflow/example_dags/example_dataset_alias.py for tasks to queue
[2025-02-01T00:05:52.556+0000] {logging_mixin.py:190} INFO - [2025-02-01T00:05:52.556+0000] {dagbag.py:587} INFO - Filling up the DagBag from /home/airflow/.local/lib/python3.12/site-packages/airflow/example_dags/example_dataset_alias.py
[2025-02-01T00:05:52.688+0000] {processor.py:925} INFO - DAG(s) 'dataset_s3_bucket_producer', 'dataset_alias_example_alias_consumer', 'dataset_s3_bucket_consumer', 'dataset_alias_example_alias_producer' retrieved from /home/airflow/.local/lib/python3.12/site-packages/airflow/example_dags/example_dataset_alias.py
[2025-02-01T00:05:52.708+0000] {logging_mixin.py:190} INFO - [2025-02-01T00:05:52.708+0000] {dag.py:3211} INFO - Sync 4 DAGs
[2025-02-01T00:05:52.730+0000] {logging_mixin.py:190} INFO - [2025-02-01T00:05:52.730+0000] {dag.py:4138} INFO - Setting next_dagrun for dataset_alias_example_alias_consumer to None, run_after=None
[2025-02-01T00:05:52.733+0000] {logging_mixin.py:190} INFO - [2025-02-01T00:05:52.732+0000] {dag.py:4138} INFO - Setting next_dagrun for dataset_alias_example_alias_producer to None, run_after=None
[2025-02-01T00:05:52.734+0000] {logging_mixin.py:190} INFO - [2025-02-01T00:05:52.734+0000] {dag.py:4138} INFO - Setting next_dagrun for dataset_s3_bucket_consumer to None, run_after=None
[2025-02-01T00:05:52.735+0000] {logging_mixin.py:190} INFO - [2025-02-01T00:05:52.735+0000] {dag.py:4138} INFO - Setting next_dagrun for dataset_s3_bucket_producer to None, run_after=None
[2025-02-01T00:05:52.756+0000] {processor.py:208} INFO - Processing /home/airflow/.local/lib/python3.12/site-packages/airflow/example_dags/example_dataset_alias.py took 0.207 seconds
[2025-02-01T00:06:22.845+0000] {processor.py:186} INFO - Started process (PID=25842) to work on /home/airflow/.local/lib/python3.12/site-packages/airflow/example_dags/example_dataset_alias.py
[2025-02-01T00:06:22.845+0000] {processor.py:914} INFO - Processing file /home/airflow/.local/lib/python3.12/site-packages/airflow/example_dags/example_dataset_alias.py for tasks to queue
[2025-02-01T00:06:22.847+0000] {logging_mixin.py:190} INFO - [2025-02-01T00:06:22.846+0000] {dagbag.py:587} INFO - Filling up the DagBag from /home/airflow/.local/lib/python3.12/site-packages/airflow/example_dags/example_dataset_alias.py
[2025-02-01T00:06:22.977+0000] {processor.py:925} INFO - DAG(s) 'dataset_alias_example_alias_producer', 'dataset_alias_example_alias_consumer', 'dataset_s3_bucket_consumer', 'dataset_s3_bucket_producer' retrieved from /home/airflow/.local/lib/python3.12/site-packages/airflow/example_dags/example_dataset_alias.py
[2025-02-01T00:06:23.001+0000] {logging_mixin.py:190} INFO - [2025-02-01T00:06:23.001+0000] {dag.py:3211} INFO - Sync 4 DAGs
[2025-02-01T00:06:23.023+0000] {logging_mixin.py:190} INFO - [2025-02-01T00:06:23.023+0000] {dag.py:4138} INFO - Setting next_dagrun for dataset_alias_example_alias_consumer to None, run_after=None
[2025-02-01T00:06:23.026+0000] {logging_mixin.py:190} INFO - [2025-02-01T00:06:23.026+0000] {dag.py:4138} INFO - Setting next_dagrun for dataset_alias_example_alias_producer to None, run_after=None
[2025-02-01T00:06:23.027+0000] {logging_mixin.py:190} INFO - [2025-02-01T00:06:23.027+0000] {dag.py:4138} INFO - Setting next_dagrun for dataset_s3_bucket_consumer to None, run_after=None
[2025-02-01T00:06:23.028+0000] {logging_mixin.py:190} INFO - [2025-02-01T00:06:23.028+0000] {dag.py:4138} INFO - Setting next_dagrun for dataset_s3_bucket_producer to None, run_after=None
[2025-02-01T00:06:23.050+0000] {processor.py:208} INFO - Processing /home/airflow/.local/lib/python3.12/site-packages/airflow/example_dags/example_dataset_alias.py took 0.210 seconds
[2025-02-01T00:06:53.115+0000] {processor.py:186} INFO - Started process (PID=25905) to work on /home/airflow/.local/lib/python3.12/site-packages/airflow/example_dags/example_dataset_alias.py
[2025-02-01T00:06:53.116+0000] {processor.py:914} INFO - Processing file /home/airflow/.local/lib/python3.12/site-packages/airflow/example_dags/example_dataset_alias.py for tasks to queue
[2025-02-01T00:06:53.118+0000] {logging_mixin.py:190} INFO - [2025-02-01T00:06:53.117+0000] {dagbag.py:587} INFO - Filling up the DagBag from /home/airflow/.local/lib/python3.12/site-packages/airflow/example_dags/example_dataset_alias.py
[2025-02-01T00:06:53.250+0000] {processor.py:925} INFO - DAG(s) 'dataset_s3_bucket_consumer', 'dataset_alias_example_alias_consumer', 'dataset_alias_example_alias_producer', 'dataset_s3_bucket_producer' retrieved from /home/airflow/.local/lib/python3.12/site-packages/airflow/example_dags/example_dataset_alias.py
[2025-02-01T00:06:53.275+0000] {logging_mixin.py:190} INFO - [2025-02-01T00:06:53.275+0000] {dag.py:3211} INFO - Sync 4 DAGs
[2025-02-01T00:06:53.300+0000] {logging_mixin.py:190} INFO - [2025-02-01T00:06:53.300+0000] {dag.py:4138} INFO - Setting next_dagrun for dataset_alias_example_alias_consumer to None, run_after=None
[2025-02-01T00:06:53.303+0000] {logging_mixin.py:190} INFO - [2025-02-01T00:06:53.303+0000] {dag.py:4138} INFO - Setting next_dagrun for dataset_alias_example_alias_producer to None, run_after=None
[2025-02-01T00:06:53.305+0000] {logging_mixin.py:190} INFO - [2025-02-01T00:06:53.304+0000] {dag.py:4138} INFO - Setting next_dagrun for dataset_s3_bucket_consumer to None, run_after=None
[2025-02-01T00:06:53.306+0000] {logging_mixin.py:190} INFO - [2025-02-01T00:06:53.306+0000] {dag.py:4138} INFO - Setting next_dagrun for dataset_s3_bucket_producer to None, run_after=None
[2025-02-01T00:06:53.326+0000] {processor.py:208} INFO - Processing /home/airflow/.local/lib/python3.12/site-packages/airflow/example_dags/example_dataset_alias.py took 0.216 seconds
[2025-02-01T00:07:23.499+0000] {processor.py:186} INFO - Started process (PID=25968) to work on /home/airflow/.local/lib/python3.12/site-packages/airflow/example_dags/example_dataset_alias.py
[2025-02-01T00:07:23.500+0000] {processor.py:914} INFO - Processing file /home/airflow/.local/lib/python3.12/site-packages/airflow/example_dags/example_dataset_alias.py for tasks to queue
[2025-02-01T00:07:23.502+0000] {logging_mixin.py:190} INFO - [2025-02-01T00:07:23.501+0000] {dagbag.py:587} INFO - Filling up the DagBag from /home/airflow/.local/lib/python3.12/site-packages/airflow/example_dags/example_dataset_alias.py
[2025-02-01T00:07:23.632+0000] {processor.py:925} INFO - DAG(s) 'dataset_s3_bucket_consumer', 'dataset_s3_bucket_producer', 'dataset_alias_example_alias_producer', 'dataset_alias_example_alias_consumer' retrieved from /home/airflow/.local/lib/python3.12/site-packages/airflow/example_dags/example_dataset_alias.py
[2025-02-01T00:07:23.653+0000] {logging_mixin.py:190} INFO - [2025-02-01T00:07:23.653+0000] {dag.py:3211} INFO - Sync 4 DAGs
[2025-02-01T00:07:23.677+0000] {logging_mixin.py:190} INFO - [2025-02-01T00:07:23.677+0000] {dag.py:4138} INFO - Setting next_dagrun for dataset_alias_example_alias_consumer to None, run_after=None
[2025-02-01T00:07:23.679+0000] {logging_mixin.py:190} INFO - [2025-02-01T00:07:23.679+0000] {dag.py:4138} INFO - Setting next_dagrun for dataset_alias_example_alias_producer to None, run_after=None
[2025-02-01T00:07:23.680+0000] {logging_mixin.py:190} INFO - [2025-02-01T00:07:23.680+0000] {dag.py:4138} INFO - Setting next_dagrun for dataset_s3_bucket_consumer to None, run_after=None
[2025-02-01T00:07:23.681+0000] {logging_mixin.py:190} INFO - [2025-02-01T00:07:23.681+0000] {dag.py:4138} INFO - Setting next_dagrun for dataset_s3_bucket_producer to None, run_after=None
[2025-02-01T00:07:23.704+0000] {processor.py:208} INFO - Processing /home/airflow/.local/lib/python3.12/site-packages/airflow/example_dags/example_dataset_alias.py took 0.210 seconds
[2025-02-01T00:07:53.969+0000] {processor.py:186} INFO - Started process (PID=26032) to work on /home/airflow/.local/lib/python3.12/site-packages/airflow/example_dags/example_dataset_alias.py
[2025-02-01T00:07:53.969+0000] {processor.py:914} INFO - Processing file /home/airflow/.local/lib/python3.12/site-packages/airflow/example_dags/example_dataset_alias.py for tasks to queue
[2025-02-01T00:07:53.970+0000] {logging_mixin.py:190} INFO - [2025-02-01T00:07:53.970+0000] {dagbag.py:587} INFO - Filling up the DagBag from /home/airflow/.local/lib/python3.12/site-packages/airflow/example_dags/example_dataset_alias.py
[2025-02-01T00:07:54.107+0000] {processor.py:925} INFO - DAG(s) 'dataset_s3_bucket_producer', 'dataset_s3_bucket_consumer', 'dataset_alias_example_alias_producer', 'dataset_alias_example_alias_consumer' retrieved from /home/airflow/.local/lib/python3.12/site-packages/airflow/example_dags/example_dataset_alias.py
[2025-02-01T00:07:54.126+0000] {logging_mixin.py:190} INFO - [2025-02-01T00:07:54.125+0000] {dag.py:3211} INFO - Sync 4 DAGs
[2025-02-01T00:07:54.145+0000] {logging_mixin.py:190} INFO - [2025-02-01T00:07:54.145+0000] {dag.py:4138} INFO - Setting next_dagrun for dataset_alias_example_alias_consumer to None, run_after=None
[2025-02-01T00:07:54.148+0000] {logging_mixin.py:190} INFO - [2025-02-01T00:07:54.148+0000] {dag.py:4138} INFO - Setting next_dagrun for dataset_alias_example_alias_producer to None, run_after=None
[2025-02-01T00:07:54.149+0000] {logging_mixin.py:190} INFO - [2025-02-01T00:07:54.149+0000] {dag.py:4138} INFO - Setting next_dagrun for dataset_s3_bucket_consumer to None, run_after=None
[2025-02-01T00:07:54.150+0000] {logging_mixin.py:190} INFO - [2025-02-01T00:07:54.150+0000] {dag.py:4138} INFO - Setting next_dagrun for dataset_s3_bucket_producer to None, run_after=None
[2025-02-01T00:07:54.173+0000] {processor.py:208} INFO - Processing /home/airflow/.local/lib/python3.12/site-packages/airflow/example_dags/example_dataset_alias.py took 0.210 seconds
[2025-02-01T00:08:24.232+0000] {processor.py:186} INFO - Started process (PID=26096) to work on /home/airflow/.local/lib/python3.12/site-packages/airflow/example_dags/example_dataset_alias.py
[2025-02-01T00:08:24.233+0000] {processor.py:914} INFO - Processing file /home/airflow/.local/lib/python3.12/site-packages/airflow/example_dags/example_dataset_alias.py for tasks to queue
[2025-02-01T00:08:24.234+0000] {logging_mixin.py:190} INFO - [2025-02-01T00:08:24.234+0000] {dagbag.py:587} INFO - Filling up the DagBag from /home/airflow/.local/lib/python3.12/site-packages/airflow/example_dags/example_dataset_alias.py
[2025-02-01T00:08:24.369+0000] {processor.py:925} INFO - DAG(s) 'dataset_alias_example_alias_consumer', 'dataset_s3_bucket_consumer', 'dataset_alias_example_alias_producer', 'dataset_s3_bucket_producer' retrieved from /home/airflow/.local/lib/python3.12/site-packages/airflow/example_dags/example_dataset_alias.py
[2025-02-01T00:08:24.389+0000] {logging_mixin.py:190} INFO - [2025-02-01T00:08:24.389+0000] {dag.py:3211} INFO - Sync 4 DAGs
[2025-02-01T00:08:24.408+0000] {logging_mixin.py:190} INFO - [2025-02-01T00:08:24.408+0000] {dag.py:4138} INFO - Setting next_dagrun for dataset_alias_example_alias_consumer to None, run_after=None
[2025-02-01T00:08:24.411+0000] {logging_mixin.py:190} INFO - [2025-02-01T00:08:24.411+0000] {dag.py:4138} INFO - Setting next_dagrun for dataset_alias_example_alias_producer to None, run_after=None
[2025-02-01T00:08:24.412+0000] {logging_mixin.py:190} INFO - [2025-02-01T00:08:24.412+0000] {dag.py:4138} INFO - Setting next_dagrun for dataset_s3_bucket_consumer to None, run_after=None
[2025-02-01T00:08:24.413+0000] {logging_mixin.py:190} INFO - [2025-02-01T00:08:24.413+0000] {dag.py:4138} INFO - Setting next_dagrun for dataset_s3_bucket_producer to None, run_after=None
[2025-02-01T00:08:24.436+0000] {processor.py:208} INFO - Processing /home/airflow/.local/lib/python3.12/site-packages/airflow/example_dags/example_dataset_alias.py took 0.208 seconds
[2025-02-01T00:08:54.557+0000] {processor.py:186} INFO - Started process (PID=26160) to work on /home/airflow/.local/lib/python3.12/site-packages/airflow/example_dags/example_dataset_alias.py
[2025-02-01T00:08:54.558+0000] {processor.py:914} INFO - Processing file /home/airflow/.local/lib/python3.12/site-packages/airflow/example_dags/example_dataset_alias.py for tasks to queue
[2025-02-01T00:08:54.560+0000] {logging_mixin.py:190} INFO - [2025-02-01T00:08:54.559+0000] {dagbag.py:587} INFO - Filling up the DagBag from /home/airflow/.local/lib/python3.12/site-packages/airflow/example_dags/example_dataset_alias.py
[2025-02-01T00:08:54.691+0000] {processor.py:925} INFO - DAG(s) 'dataset_s3_bucket_producer', 'dataset_alias_example_alias_producer', 'dataset_s3_bucket_consumer', 'dataset_alias_example_alias_consumer' retrieved from /home/airflow/.local/lib/python3.12/site-packages/airflow/example_dags/example_dataset_alias.py
[2025-02-01T00:08:54.713+0000] {logging_mixin.py:190} INFO - [2025-02-01T00:08:54.712+0000] {dag.py:3211} INFO - Sync 4 DAGs
[2025-02-01T00:08:54.733+0000] {logging_mixin.py:190} INFO - [2025-02-01T00:08:54.733+0000] {dag.py:4138} INFO - Setting next_dagrun for dataset_alias_example_alias_consumer to None, run_after=None
[2025-02-01T00:08:54.736+0000] {logging_mixin.py:190} INFO - [2025-02-01T00:08:54.736+0000] {dag.py:4138} INFO - Setting next_dagrun for dataset_alias_example_alias_producer to None, run_after=None
[2025-02-01T00:08:54.737+0000] {logging_mixin.py:190} INFO - [2025-02-01T00:08:54.737+0000] {dag.py:4138} INFO - Setting next_dagrun for dataset_s3_bucket_consumer to None, run_after=None
[2025-02-01T00:08:54.738+0000] {logging_mixin.py:190} INFO - [2025-02-01T00:08:54.738+0000] {dag.py:4138} INFO - Setting next_dagrun for dataset_s3_bucket_producer to None, run_after=None
[2025-02-01T00:08:54.761+0000] {processor.py:208} INFO - Processing /home/airflow/.local/lib/python3.12/site-packages/airflow/example_dags/example_dataset_alias.py took 0.209 seconds
[2025-02-01T00:09:24.801+0000] {processor.py:186} INFO - Started process (PID=26223) to work on /home/airflow/.local/lib/python3.12/site-packages/airflow/example_dags/example_dataset_alias.py
[2025-02-01T00:09:24.802+0000] {processor.py:914} INFO - Processing file /home/airflow/.local/lib/python3.12/site-packages/airflow/example_dags/example_dataset_alias.py for tasks to queue
[2025-02-01T00:09:24.803+0000] {logging_mixin.py:190} INFO - [2025-02-01T00:09:24.803+0000] {dagbag.py:587} INFO - Filling up the DagBag from /home/airflow/.local/lib/python3.12/site-packages/airflow/example_dags/example_dataset_alias.py
[2025-02-01T00:09:24.943+0000] {processor.py:925} INFO - DAG(s) 'dataset_alias_example_alias_producer', 'dataset_s3_bucket_producer', 'dataset_alias_example_alias_consumer', 'dataset_s3_bucket_consumer' retrieved from /home/airflow/.local/lib/python3.12/site-packages/airflow/example_dags/example_dataset_alias.py
[2025-02-01T00:09:24.963+0000] {logging_mixin.py:190} INFO - [2025-02-01T00:09:24.963+0000] {dag.py:3211} INFO - Sync 4 DAGs
[2025-02-01T00:09:24.986+0000] {logging_mixin.py:190} INFO - [2025-02-01T00:09:24.986+0000] {dag.py:4138} INFO - Setting next_dagrun for dataset_alias_example_alias_consumer to None, run_after=None
[2025-02-01T00:09:24.989+0000] {logging_mixin.py:190} INFO - [2025-02-01T00:09:24.988+0000] {dag.py:4138} INFO - Setting next_dagrun for dataset_alias_example_alias_producer to None, run_after=None
[2025-02-01T00:09:24.990+0000] {logging_mixin.py:190} INFO - [2025-02-01T00:09:24.990+0000] {dag.py:4138} INFO - Setting next_dagrun for dataset_s3_bucket_consumer to None, run_after=None
[2025-02-01T00:09:24.992+0000] {logging_mixin.py:190} INFO - [2025-02-01T00:09:24.992+0000] {dag.py:4138} INFO - Setting next_dagrun for dataset_s3_bucket_producer to None, run_after=None
[2025-02-01T00:09:25.023+0000] {processor.py:208} INFO - Processing /home/airflow/.local/lib/python3.12/site-packages/airflow/example_dags/example_dataset_alias.py took 0.227 seconds
[2025-02-01T00:09:55.166+0000] {processor.py:186} INFO - Started process (PID=26286) to work on /home/airflow/.local/lib/python3.12/site-packages/airflow/example_dags/example_dataset_alias.py
[2025-02-01T00:09:55.167+0000] {processor.py:914} INFO - Processing file /home/airflow/.local/lib/python3.12/site-packages/airflow/example_dags/example_dataset_alias.py for tasks to queue
[2025-02-01T00:09:55.168+0000] {logging_mixin.py:190} INFO - [2025-02-01T00:09:55.168+0000] {dagbag.py:587} INFO - Filling up the DagBag from /home/airflow/.local/lib/python3.12/site-packages/airflow/example_dags/example_dataset_alias.py
[2025-02-01T00:09:55.309+0000] {processor.py:925} INFO - DAG(s) 'dataset_s3_bucket_producer', 'dataset_alias_example_alias_consumer', 'dataset_alias_example_alias_producer', 'dataset_s3_bucket_consumer' retrieved from /home/airflow/.local/lib/python3.12/site-packages/airflow/example_dags/example_dataset_alias.py
[2025-02-01T00:09:55.332+0000] {logging_mixin.py:190} INFO - [2025-02-01T00:09:55.332+0000] {dag.py:3211} INFO - Sync 4 DAGs
[2025-02-01T00:09:55.358+0000] {logging_mixin.py:190} INFO - [2025-02-01T00:09:55.358+0000] {dag.py:4138} INFO - Setting next_dagrun for dataset_alias_example_alias_consumer to None, run_after=None
[2025-02-01T00:09:55.361+0000] {logging_mixin.py:190} INFO - [2025-02-01T00:09:55.361+0000] {dag.py:4138} INFO - Setting next_dagrun for dataset_alias_example_alias_producer to None, run_after=None
[2025-02-01T00:09:55.363+0000] {logging_mixin.py:190} INFO - [2025-02-01T00:09:55.363+0000] {dag.py:4138} INFO - Setting next_dagrun for dataset_s3_bucket_consumer to None, run_after=None
[2025-02-01T00:09:55.364+0000] {logging_mixin.py:190} INFO - [2025-02-01T00:09:55.364+0000] {dag.py:4138} INFO - Setting next_dagrun for dataset_s3_bucket_producer to None, run_after=None
[2025-02-01T00:09:55.386+0000] {processor.py:208} INFO - Processing /home/airflow/.local/lib/python3.12/site-packages/airflow/example_dags/example_dataset_alias.py took 0.226 seconds
[2025-02-01T00:10:25.497+0000] {processor.py:186} INFO - Started process (PID=26351) to work on /home/airflow/.local/lib/python3.12/site-packages/airflow/example_dags/example_dataset_alias.py
[2025-02-01T00:10:25.498+0000] {processor.py:914} INFO - Processing file /home/airflow/.local/lib/python3.12/site-packages/airflow/example_dags/example_dataset_alias.py for tasks to queue
[2025-02-01T00:10:25.499+0000] {logging_mixin.py:190} INFO - [2025-02-01T00:10:25.499+0000] {dagbag.py:587} INFO - Filling up the DagBag from /home/airflow/.local/lib/python3.12/site-packages/airflow/example_dags/example_dataset_alias.py
[2025-02-01T00:10:25.639+0000] {processor.py:925} INFO - DAG(s) 'dataset_s3_bucket_producer', 'dataset_alias_example_alias_consumer', 'dataset_s3_bucket_consumer', 'dataset_alias_example_alias_producer' retrieved from /home/airflow/.local/lib/python3.12/site-packages/airflow/example_dags/example_dataset_alias.py
[2025-02-01T00:10:25.660+0000] {logging_mixin.py:190} INFO - [2025-02-01T00:10:25.659+0000] {dag.py:3211} INFO - Sync 4 DAGs
[2025-02-01T00:10:25.682+0000] {logging_mixin.py:190} INFO - [2025-02-01T00:10:25.682+0000] {dag.py:4138} INFO - Setting next_dagrun for dataset_alias_example_alias_consumer to None, run_after=None
[2025-02-01T00:10:25.684+0000] {logging_mixin.py:190} INFO - [2025-02-01T00:10:25.684+0000] {dag.py:4138} INFO - Setting next_dagrun for dataset_alias_example_alias_producer to None, run_after=None
[2025-02-01T00:10:25.685+0000] {logging_mixin.py:190} INFO - [2025-02-01T00:10:25.685+0000] {dag.py:4138} INFO - Setting next_dagrun for dataset_s3_bucket_consumer to None, run_after=None
[2025-02-01T00:10:25.687+0000] {logging_mixin.py:190} INFO - [2025-02-01T00:10:25.687+0000] {dag.py:4138} INFO - Setting next_dagrun for dataset_s3_bucket_producer to None, run_after=None
[2025-02-01T00:10:25.708+0000] {processor.py:208} INFO - Processing /home/airflow/.local/lib/python3.12/site-packages/airflow/example_dags/example_dataset_alias.py took 0.217 seconds
[2025-02-01T00:10:55.780+0000] {processor.py:186} INFO - Started process (PID=26414) to work on /home/airflow/.local/lib/python3.12/site-packages/airflow/example_dags/example_dataset_alias.py
[2025-02-01T00:10:55.781+0000] {processor.py:914} INFO - Processing file /home/airflow/.local/lib/python3.12/site-packages/airflow/example_dags/example_dataset_alias.py for tasks to queue
[2025-02-01T00:10:55.782+0000] {logging_mixin.py:190} INFO - [2025-02-01T00:10:55.782+0000] {dagbag.py:587} INFO - Filling up the DagBag from /home/airflow/.local/lib/python3.12/site-packages/airflow/example_dags/example_dataset_alias.py
[2025-02-01T00:10:55.917+0000] {processor.py:925} INFO - DAG(s) 'dataset_s3_bucket_consumer', 'dataset_s3_bucket_producer', 'dataset_alias_example_alias_consumer', 'dataset_alias_example_alias_producer' retrieved from /home/airflow/.local/lib/python3.12/site-packages/airflow/example_dags/example_dataset_alias.py
[2025-02-01T00:10:55.937+0000] {logging_mixin.py:190} INFO - [2025-02-01T00:10:55.937+0000] {dag.py:3211} INFO - Sync 4 DAGs
[2025-02-01T00:10:55.958+0000] {logging_mixin.py:190} INFO - [2025-02-01T00:10:55.958+0000] {dag.py:4138} INFO - Setting next_dagrun for dataset_alias_example_alias_consumer to None, run_after=None
[2025-02-01T00:10:55.961+0000] {logging_mixin.py:190} INFO - [2025-02-01T00:10:55.960+0000] {dag.py:4138} INFO - Setting next_dagrun for dataset_alias_example_alias_producer to None, run_after=None
[2025-02-01T00:10:55.962+0000] {logging_mixin.py:190} INFO - [2025-02-01T00:10:55.962+0000] {dag.py:4138} INFO - Setting next_dagrun for dataset_s3_bucket_consumer to None, run_after=None
[2025-02-01T00:10:55.963+0000] {logging_mixin.py:190} INFO - [2025-02-01T00:10:55.963+0000] {dag.py:4138} INFO - Setting next_dagrun for dataset_s3_bucket_producer to None, run_after=None
[2025-02-01T00:10:55.984+0000] {processor.py:208} INFO - Processing /home/airflow/.local/lib/python3.12/site-packages/airflow/example_dags/example_dataset_alias.py took 0.208 seconds
[2025-02-01T00:11:26.080+0000] {processor.py:186} INFO - Started process (PID=26477) to work on /home/airflow/.local/lib/python3.12/site-packages/airflow/example_dags/example_dataset_alias.py
[2025-02-01T00:11:26.081+0000] {processor.py:914} INFO - Processing file /home/airflow/.local/lib/python3.12/site-packages/airflow/example_dags/example_dataset_alias.py for tasks to queue
[2025-02-01T00:11:26.082+0000] {logging_mixin.py:190} INFO - [2025-02-01T00:11:26.082+0000] {dagbag.py:587} INFO - Filling up the DagBag from /home/airflow/.local/lib/python3.12/site-packages/airflow/example_dags/example_dataset_alias.py
[2025-02-01T00:11:26.211+0000] {processor.py:925} INFO - DAG(s) 'dataset_s3_bucket_producer', 'dataset_s3_bucket_consumer', 'dataset_alias_example_alias_producer', 'dataset_alias_example_alias_consumer' retrieved from /home/airflow/.local/lib/python3.12/site-packages/airflow/example_dags/example_dataset_alias.py
[2025-02-01T00:11:26.231+0000] {logging_mixin.py:190} INFO - [2025-02-01T00:11:26.230+0000] {dag.py:3211} INFO - Sync 4 DAGs
[2025-02-01T00:11:26.253+0000] {logging_mixin.py:190} INFO - [2025-02-01T00:11:26.253+0000] {dag.py:4138} INFO - Setting next_dagrun for dataset_alias_example_alias_consumer to None, run_after=None
[2025-02-01T00:11:26.256+0000] {logging_mixin.py:190} INFO - [2025-02-01T00:11:26.256+0000] {dag.py:4138} INFO - Setting next_dagrun for dataset_alias_example_alias_producer to None, run_after=None
[2025-02-01T00:11:26.257+0000] {logging_mixin.py:190} INFO - [2025-02-01T00:11:26.257+0000] {dag.py:4138} INFO - Setting next_dagrun for dataset_s3_bucket_consumer to None, run_after=None
[2025-02-01T00:11:26.258+0000] {logging_mixin.py:190} INFO - [2025-02-01T00:11:26.258+0000] {dag.py:4138} INFO - Setting next_dagrun for dataset_s3_bucket_producer to None, run_after=None
[2025-02-01T00:11:26.277+0000] {processor.py:208} INFO - Processing /home/airflow/.local/lib/python3.12/site-packages/airflow/example_dags/example_dataset_alias.py took 0.203 seconds
[2025-02-01T00:11:56.473+0000] {processor.py:186} INFO - Started process (PID=26540) to work on /home/airflow/.local/lib/python3.12/site-packages/airflow/example_dags/example_dataset_alias.py
[2025-02-01T00:11:56.474+0000] {processor.py:914} INFO - Processing file /home/airflow/.local/lib/python3.12/site-packages/airflow/example_dags/example_dataset_alias.py for tasks to queue
[2025-02-01T00:11:56.475+0000] {logging_mixin.py:190} INFO - [2025-02-01T00:11:56.475+0000] {dagbag.py:587} INFO - Filling up the DagBag from /home/airflow/.local/lib/python3.12/site-packages/airflow/example_dags/example_dataset_alias.py
[2025-02-01T00:11:56.614+0000] {processor.py:925} INFO - DAG(s) 'dataset_alias_example_alias_producer', 'dataset_alias_example_alias_consumer', 'dataset_s3_bucket_producer', 'dataset_s3_bucket_consumer' retrieved from /home/airflow/.local/lib/python3.12/site-packages/airflow/example_dags/example_dataset_alias.py
[2025-02-01T00:11:56.635+0000] {logging_mixin.py:190} INFO - [2025-02-01T00:11:56.635+0000] {dag.py:3211} INFO - Sync 4 DAGs
[2025-02-01T00:11:56.658+0000] {logging_mixin.py:190} INFO - [2025-02-01T00:11:56.658+0000] {dag.py:4138} INFO - Setting next_dagrun for dataset_alias_example_alias_consumer to None, run_after=None
[2025-02-01T00:11:56.661+0000] {logging_mixin.py:190} INFO - [2025-02-01T00:11:56.661+0000] {dag.py:4138} INFO - Setting next_dagrun for dataset_alias_example_alias_producer to None, run_after=None
[2025-02-01T00:11:56.662+0000] {logging_mixin.py:190} INFO - [2025-02-01T00:11:56.662+0000] {dag.py:4138} INFO - Setting next_dagrun for dataset_s3_bucket_consumer to None, run_after=None
[2025-02-01T00:11:56.663+0000] {logging_mixin.py:190} INFO - [2025-02-01T00:11:56.663+0000] {dag.py:4138} INFO - Setting next_dagrun for dataset_s3_bucket_producer to None, run_after=None
[2025-02-01T00:11:56.685+0000] {processor.py:208} INFO - Processing /home/airflow/.local/lib/python3.12/site-packages/airflow/example_dags/example_dataset_alias.py took 0.217 seconds
[2025-02-01T00:12:26.822+0000] {processor.py:186} INFO - Started process (PID=26603) to work on /home/airflow/.local/lib/python3.12/site-packages/airflow/example_dags/example_dataset_alias.py
[2025-02-01T00:12:26.823+0000] {processor.py:914} INFO - Processing file /home/airflow/.local/lib/python3.12/site-packages/airflow/example_dags/example_dataset_alias.py for tasks to queue
[2025-02-01T00:12:26.824+0000] {logging_mixin.py:190} INFO - [2025-02-01T00:12:26.824+0000] {dagbag.py:587} INFO - Filling up the DagBag from /home/airflow/.local/lib/python3.12/site-packages/airflow/example_dags/example_dataset_alias.py
[2025-02-01T00:12:26.963+0000] {processor.py:925} INFO - DAG(s) 'dataset_s3_bucket_producer', 'dataset_s3_bucket_consumer', 'dataset_alias_example_alias_producer', 'dataset_alias_example_alias_consumer' retrieved from /home/airflow/.local/lib/python3.12/site-packages/airflow/example_dags/example_dataset_alias.py
[2025-02-01T00:12:26.986+0000] {logging_mixin.py:190} INFO - [2025-02-01T00:12:26.986+0000] {dag.py:3211} INFO - Sync 4 DAGs
[2025-02-01T00:12:27.009+0000] {logging_mixin.py:190} INFO - [2025-02-01T00:12:27.009+0000] {dag.py:4138} INFO - Setting next_dagrun for dataset_alias_example_alias_consumer to None, run_after=None
[2025-02-01T00:12:27.013+0000] {logging_mixin.py:190} INFO - [2025-02-01T00:12:27.012+0000] {dag.py:4138} INFO - Setting next_dagrun for dataset_alias_example_alias_producer to None, run_after=None
[2025-02-01T00:12:27.014+0000] {logging_mixin.py:190} INFO - [2025-02-01T00:12:27.014+0000] {dag.py:4138} INFO - Setting next_dagrun for dataset_s3_bucket_consumer to None, run_after=None
[2025-02-01T00:12:27.015+0000] {logging_mixin.py:190} INFO - [2025-02-01T00:12:27.015+0000] {dag.py:4138} INFO - Setting next_dagrun for dataset_s3_bucket_producer to None, run_after=None
[2025-02-01T00:12:27.045+0000] {processor.py:208} INFO - Processing /home/airflow/.local/lib/python3.12/site-packages/airflow/example_dags/example_dataset_alias.py took 0.228 seconds
[2025-02-01T00:12:57.089+0000] {processor.py:186} INFO - Started process (PID=26667) to work on /home/airflow/.local/lib/python3.12/site-packages/airflow/example_dags/example_dataset_alias.py
[2025-02-01T00:12:57.090+0000] {processor.py:914} INFO - Processing file /home/airflow/.local/lib/python3.12/site-packages/airflow/example_dags/example_dataset_alias.py for tasks to queue
[2025-02-01T00:12:57.091+0000] {logging_mixin.py:190} INFO - [2025-02-01T00:12:57.091+0000] {dagbag.py:587} INFO - Filling up the DagBag from /home/airflow/.local/lib/python3.12/site-packages/airflow/example_dags/example_dataset_alias.py
[2025-02-01T00:12:57.223+0000] {processor.py:925} INFO - DAG(s) 'dataset_s3_bucket_consumer', 'dataset_s3_bucket_producer', 'dataset_alias_example_alias_consumer', 'dataset_alias_example_alias_producer' retrieved from /home/airflow/.local/lib/python3.12/site-packages/airflow/example_dags/example_dataset_alias.py
[2025-02-01T00:12:57.244+0000] {logging_mixin.py:190} INFO - [2025-02-01T00:12:57.243+0000] {dag.py:3211} INFO - Sync 4 DAGs
[2025-02-01T00:12:57.265+0000] {logging_mixin.py:190} INFO - [2025-02-01T00:12:57.264+0000] {dag.py:4138} INFO - Setting next_dagrun for dataset_alias_example_alias_consumer to None, run_after=None
[2025-02-01T00:12:57.267+0000] {logging_mixin.py:190} INFO - [2025-02-01T00:12:57.267+0000] {dag.py:4138} INFO - Setting next_dagrun for dataset_alias_example_alias_producer to None, run_after=None
[2025-02-01T00:12:57.268+0000] {logging_mixin.py:190} INFO - [2025-02-01T00:12:57.268+0000] {dag.py:4138} INFO - Setting next_dagrun for dataset_s3_bucket_consumer to None, run_after=None
[2025-02-01T00:12:57.269+0000] {logging_mixin.py:190} INFO - [2025-02-01T00:12:57.269+0000] {dag.py:4138} INFO - Setting next_dagrun for dataset_s3_bucket_producer to None, run_after=None
[2025-02-01T00:12:57.292+0000] {processor.py:208} INFO - Processing /home/airflow/.local/lib/python3.12/site-packages/airflow/example_dags/example_dataset_alias.py took 0.207 seconds
[2025-02-01T00:13:27.367+0000] {processor.py:186} INFO - Started process (PID=26731) to work on /home/airflow/.local/lib/python3.12/site-packages/airflow/example_dags/example_dataset_alias.py
[2025-02-01T00:13:27.368+0000] {processor.py:914} INFO - Processing file /home/airflow/.local/lib/python3.12/site-packages/airflow/example_dags/example_dataset_alias.py for tasks to queue
[2025-02-01T00:13:27.369+0000] {logging_mixin.py:190} INFO - [2025-02-01T00:13:27.369+0000] {dagbag.py:587} INFO - Filling up the DagBag from /home/airflow/.local/lib/python3.12/site-packages/airflow/example_dags/example_dataset_alias.py
[2025-02-01T00:13:27.514+0000] {processor.py:925} INFO - DAG(s) 'dataset_alias_example_alias_consumer', 'dataset_s3_bucket_producer', 'dataset_alias_example_alias_producer', 'dataset_s3_bucket_consumer' retrieved from /home/airflow/.local/lib/python3.12/site-packages/airflow/example_dags/example_dataset_alias.py
[2025-02-01T00:13:27.535+0000] {logging_mixin.py:190} INFO - [2025-02-01T00:13:27.535+0000] {dag.py:3211} INFO - Sync 4 DAGs
[2025-02-01T00:13:27.554+0000] {logging_mixin.py:190} INFO - [2025-02-01T00:13:27.554+0000] {dag.py:4138} INFO - Setting next_dagrun for dataset_alias_example_alias_consumer to None, run_after=None
[2025-02-01T00:13:27.557+0000] {logging_mixin.py:190} INFO - [2025-02-01T00:13:27.556+0000] {dag.py:4138} INFO - Setting next_dagrun for dataset_alias_example_alias_producer to None, run_after=None
[2025-02-01T00:13:27.558+0000] {logging_mixin.py:190} INFO - [2025-02-01T00:13:27.558+0000] {dag.py:4138} INFO - Setting next_dagrun for dataset_s3_bucket_consumer to None, run_after=None
[2025-02-01T00:13:27.559+0000] {logging_mixin.py:190} INFO - [2025-02-01T00:13:27.559+0000] {dag.py:4138} INFO - Setting next_dagrun for dataset_s3_bucket_producer to None, run_after=None
[2025-02-01T00:13:27.580+0000] {processor.py:208} INFO - Processing /home/airflow/.local/lib/python3.12/site-packages/airflow/example_dags/example_dataset_alias.py took 0.220 seconds
[2025-02-01T00:13:57.652+0000] {processor.py:186} INFO - Started process (PID=26796) to work on /home/airflow/.local/lib/python3.12/site-packages/airflow/example_dags/example_dataset_alias.py
[2025-02-01T00:13:57.653+0000] {processor.py:914} INFO - Processing file /home/airflow/.local/lib/python3.12/site-packages/airflow/example_dags/example_dataset_alias.py for tasks to queue
[2025-02-01T00:13:57.654+0000] {logging_mixin.py:190} INFO - [2025-02-01T00:13:57.654+0000] {dagbag.py:587} INFO - Filling up the DagBag from /home/airflow/.local/lib/python3.12/site-packages/airflow/example_dags/example_dataset_alias.py
[2025-02-01T00:13:57.782+0000] {processor.py:925} INFO - DAG(s) 'dataset_alias_example_alias_producer', 'dataset_alias_example_alias_consumer', 'dataset_s3_bucket_consumer', 'dataset_s3_bucket_producer' retrieved from /home/airflow/.local/lib/python3.12/site-packages/airflow/example_dags/example_dataset_alias.py
[2025-02-01T00:13:57.799+0000] {logging_mixin.py:190} INFO - [2025-02-01T00:13:57.799+0000] {dag.py:3211} INFO - Sync 4 DAGs
[2025-02-01T00:13:57.820+0000] {logging_mixin.py:190} INFO - [2025-02-01T00:13:57.820+0000] {dag.py:4138} INFO - Setting next_dagrun for dataset_alias_example_alias_consumer to None, run_after=None
[2025-02-01T00:13:57.822+0000] {logging_mixin.py:190} INFO - [2025-02-01T00:13:57.822+0000] {dag.py:4138} INFO - Setting next_dagrun for dataset_alias_example_alias_producer to None, run_after=None
[2025-02-01T00:13:57.823+0000] {logging_mixin.py:190} INFO - [2025-02-01T00:13:57.823+0000] {dag.py:4138} INFO - Setting next_dagrun for dataset_s3_bucket_consumer to None, run_after=None
[2025-02-01T00:13:57.824+0000] {logging_mixin.py:190} INFO - [2025-02-01T00:13:57.824+0000] {dag.py:4138} INFO - Setting next_dagrun for dataset_s3_bucket_producer to None, run_after=None
[2025-02-01T00:13:57.843+0000] {processor.py:208} INFO - Processing /home/airflow/.local/lib/python3.12/site-packages/airflow/example_dags/example_dataset_alias.py took 0.196 seconds
[2025-02-01T00:14:28.039+0000] {processor.py:186} INFO - Started process (PID=26859) to work on /home/airflow/.local/lib/python3.12/site-packages/airflow/example_dags/example_dataset_alias.py
[2025-02-01T00:14:28.040+0000] {processor.py:914} INFO - Processing file /home/airflow/.local/lib/python3.12/site-packages/airflow/example_dags/example_dataset_alias.py for tasks to queue
[2025-02-01T00:14:28.041+0000] {logging_mixin.py:190} INFO - [2025-02-01T00:14:28.041+0000] {dagbag.py:587} INFO - Filling up the DagBag from /home/airflow/.local/lib/python3.12/site-packages/airflow/example_dags/example_dataset_alias.py
[2025-02-01T00:14:28.196+0000] {processor.py:925} INFO - DAG(s) 'dataset_alias_example_alias_producer', 'dataset_s3_bucket_consumer', 'dataset_s3_bucket_producer', 'dataset_alias_example_alias_consumer' retrieved from /home/airflow/.local/lib/python3.12/site-packages/airflow/example_dags/example_dataset_alias.py
[2025-02-01T00:14:28.224+0000] {logging_mixin.py:190} INFO - [2025-02-01T00:14:28.224+0000] {dag.py:3211} INFO - Sync 4 DAGs
[2025-02-01T00:14:28.246+0000] {logging_mixin.py:190} INFO - [2025-02-01T00:14:28.246+0000] {dag.py:4138} INFO - Setting next_dagrun for dataset_alias_example_alias_consumer to None, run_after=None
[2025-02-01T00:14:28.248+0000] {logging_mixin.py:190} INFO - [2025-02-01T00:14:28.248+0000] {dag.py:4138} INFO - Setting next_dagrun for dataset_alias_example_alias_producer to None, run_after=None
[2025-02-01T00:14:28.250+0000] {logging_mixin.py:190} INFO - [2025-02-01T00:14:28.249+0000] {dag.py:4138} INFO - Setting next_dagrun for dataset_s3_bucket_consumer to None, run_after=None
[2025-02-01T00:14:28.251+0000] {logging_mixin.py:190} INFO - [2025-02-01T00:14:28.251+0000] {dag.py:4138} INFO - Setting next_dagrun for dataset_s3_bucket_producer to None, run_after=None
[2025-02-01T00:14:28.280+0000] {processor.py:208} INFO - Processing /home/airflow/.local/lib/python3.12/site-packages/airflow/example_dags/example_dataset_alias.py took 0.246 seconds
[2025-02-01T00:14:58.344+0000] {processor.py:186} INFO - Started process (PID=26923) to work on /home/airflow/.local/lib/python3.12/site-packages/airflow/example_dags/example_dataset_alias.py
[2025-02-01T00:14:58.345+0000] {processor.py:914} INFO - Processing file /home/airflow/.local/lib/python3.12/site-packages/airflow/example_dags/example_dataset_alias.py for tasks to queue
[2025-02-01T00:14:58.346+0000] {logging_mixin.py:190} INFO - [2025-02-01T00:14:58.346+0000] {dagbag.py:587} INFO - Filling up the DagBag from /home/airflow/.local/lib/python3.12/site-packages/airflow/example_dags/example_dataset_alias.py
[2025-02-01T00:14:58.485+0000] {processor.py:925} INFO - DAG(s) 'dataset_alias_example_alias_producer', 'dataset_alias_example_alias_consumer', 'dataset_s3_bucket_producer', 'dataset_s3_bucket_consumer' retrieved from /home/airflow/.local/lib/python3.12/site-packages/airflow/example_dags/example_dataset_alias.py
[2025-02-01T00:14:58.504+0000] {logging_mixin.py:190} INFO - [2025-02-01T00:14:58.504+0000] {dag.py:3211} INFO - Sync 4 DAGs
[2025-02-01T00:14:58.522+0000] {logging_mixin.py:190} INFO - [2025-02-01T00:14:58.522+0000] {dag.py:4138} INFO - Setting next_dagrun for dataset_alias_example_alias_consumer to None, run_after=None
[2025-02-01T00:14:58.526+0000] {logging_mixin.py:190} INFO - [2025-02-01T00:14:58.526+0000] {dag.py:4138} INFO - Setting next_dagrun for dataset_alias_example_alias_producer to None, run_after=None
[2025-02-01T00:14:58.527+0000] {logging_mixin.py:190} INFO - [2025-02-01T00:14:58.527+0000] {dag.py:4138} INFO - Setting next_dagrun for dataset_s3_bucket_consumer to None, run_after=None
[2025-02-01T00:14:58.528+0000] {logging_mixin.py:190} INFO - [2025-02-01T00:14:58.528+0000] {dag.py:4138} INFO - Setting next_dagrun for dataset_s3_bucket_producer to None, run_after=None
[2025-02-01T00:14:58.548+0000] {processor.py:208} INFO - Processing /home/airflow/.local/lib/python3.12/site-packages/airflow/example_dags/example_dataset_alias.py took 0.208 seconds
[2025-02-01T00:15:28.616+0000] {processor.py:186} INFO - Started process (PID=26982) to work on /home/airflow/.local/lib/python3.12/site-packages/airflow/example_dags/example_dataset_alias.py
[2025-02-01T00:15:28.617+0000] {processor.py:914} INFO - Processing file /home/airflow/.local/lib/python3.12/site-packages/airflow/example_dags/example_dataset_alias.py for tasks to queue
[2025-02-01T00:15:28.619+0000] {logging_mixin.py:190} INFO - [2025-02-01T00:15:28.618+0000] {dagbag.py:587} INFO - Filling up the DagBag from /home/airflow/.local/lib/python3.12/site-packages/airflow/example_dags/example_dataset_alias.py
[2025-02-01T00:15:28.770+0000] {processor.py:925} INFO - DAG(s) 'dataset_alias_example_alias_consumer', 'dataset_s3_bucket_producer', 'dataset_alias_example_alias_producer', 'dataset_s3_bucket_consumer' retrieved from /home/airflow/.local/lib/python3.12/site-packages/airflow/example_dags/example_dataset_alias.py
[2025-02-01T00:15:28.793+0000] {logging_mixin.py:190} INFO - [2025-02-01T00:15:28.792+0000] {dag.py:3211} INFO - Sync 4 DAGs
[2025-02-01T00:15:28.813+0000] {logging_mixin.py:190} INFO - [2025-02-01T00:15:28.812+0000] {dag.py:4138} INFO - Setting next_dagrun for dataset_alias_example_alias_consumer to None, run_after=None
[2025-02-01T00:15:28.816+0000] {logging_mixin.py:190} INFO - [2025-02-01T00:15:28.815+0000] {dag.py:4138} INFO - Setting next_dagrun for dataset_alias_example_alias_producer to None, run_after=None
[2025-02-01T00:15:28.817+0000] {logging_mixin.py:190} INFO - [2025-02-01T00:15:28.817+0000] {dag.py:4138} INFO - Setting next_dagrun for dataset_s3_bucket_consumer to None, run_after=None
[2025-02-01T00:15:28.818+0000] {logging_mixin.py:190} INFO - [2025-02-01T00:15:28.818+0000] {dag.py:4138} INFO - Setting next_dagrun for dataset_s3_bucket_producer to None, run_after=None
[2025-02-01T00:15:28.838+0000] {processor.py:208} INFO - Processing /home/airflow/.local/lib/python3.12/site-packages/airflow/example_dags/example_dataset_alias.py took 0.227 seconds
[2025-02-01T00:15:58.936+0000] {processor.py:186} INFO - Started process (PID=27044) to work on /home/airflow/.local/lib/python3.12/site-packages/airflow/example_dags/example_dataset_alias.py
[2025-02-01T00:15:58.937+0000] {processor.py:914} INFO - Processing file /home/airflow/.local/lib/python3.12/site-packages/airflow/example_dags/example_dataset_alias.py for tasks to queue
[2025-02-01T00:15:58.938+0000] {logging_mixin.py:190} INFO - [2025-02-01T00:15:58.938+0000] {dagbag.py:587} INFO - Filling up the DagBag from /home/airflow/.local/lib/python3.12/site-packages/airflow/example_dags/example_dataset_alias.py
[2025-02-01T00:15:59.067+0000] {processor.py:925} INFO - DAG(s) 'dataset_alias_example_alias_producer', 'dataset_s3_bucket_producer', 'dataset_s3_bucket_consumer', 'dataset_alias_example_alias_consumer' retrieved from /home/airflow/.local/lib/python3.12/site-packages/airflow/example_dags/example_dataset_alias.py
[2025-02-01T00:15:59.086+0000] {logging_mixin.py:190} INFO - [2025-02-01T00:15:59.085+0000] {dag.py:3211} INFO - Sync 4 DAGs
[2025-02-01T00:15:59.106+0000] {logging_mixin.py:190} INFO - [2025-02-01T00:15:59.105+0000] {dag.py:4138} INFO - Setting next_dagrun for dataset_alias_example_alias_consumer to None, run_after=None
[2025-02-01T00:15:59.108+0000] {logging_mixin.py:190} INFO - [2025-02-01T00:15:59.108+0000] {dag.py:4138} INFO - Setting next_dagrun for dataset_alias_example_alias_producer to None, run_after=None
[2025-02-01T00:15:59.109+0000] {logging_mixin.py:190} INFO - [2025-02-01T00:15:59.109+0000] {dag.py:4138} INFO - Setting next_dagrun for dataset_s3_bucket_consumer to None, run_after=None
[2025-02-01T00:15:59.110+0000] {logging_mixin.py:190} INFO - [2025-02-01T00:15:59.110+0000] {dag.py:4138} INFO - Setting next_dagrun for dataset_s3_bucket_producer to None, run_after=None
[2025-02-01T00:15:59.129+0000] {processor.py:208} INFO - Processing /home/airflow/.local/lib/python3.12/site-packages/airflow/example_dags/example_dataset_alias.py took 0.198 seconds
