[2025-02-01T00:00:16.612+0000] {processor.py:186} INFO - Started process (PID=25099) to work on /home/airflow/.local/lib/python3.12/site-packages/airflow/example_dags/example_sensors.py
[2025-02-01T00:00:16.613+0000] {processor.py:914} INFO - Processing file /home/airflow/.local/lib/python3.12/site-packages/airflow/example_dags/example_sensors.py for tasks to queue
[2025-02-01T00:00:16.614+0000] {logging_mixin.py:190} INFO - [2025-02-01T00:00:16.614+0000] {dagbag.py:587} INFO - Filling up the DagBag from /home/airflow/.local/lib/python3.12/site-packages/airflow/example_dags/example_sensors.py
[2025-02-01T00:00:16.623+0000] {processor.py:925} INFO - DAG(s) 'example_sensors' retrieved from /home/airflow/.local/lib/python3.12/site-packages/airflow/example_dags/example_sensors.py
[2025-02-01T00:00:16.644+0000] {logging_mixin.py:190} INFO - [2025-02-01T00:00:16.644+0000] {dag.py:3211} INFO - Sync 1 DAGs
[2025-02-01T00:00:16.656+0000] {logging_mixin.py:190} INFO - [2025-02-01T00:00:16.655+0000] {dag.py:4138} INFO - Setting next_dagrun for example_sensors to None, run_after=None
[2025-02-01T00:00:16.678+0000] {processor.py:208} INFO - Processing /home/airflow/.local/lib/python3.12/site-packages/airflow/example_dags/example_sensors.py took 0.071 seconds
[2025-02-01T00:00:46.961+0000] {processor.py:186} INFO - Started process (PID=25162) to work on /home/airflow/.local/lib/python3.12/site-packages/airflow/example_dags/example_sensors.py
[2025-02-01T00:00:46.962+0000] {processor.py:914} INFO - Processing file /home/airflow/.local/lib/python3.12/site-packages/airflow/example_dags/example_sensors.py for tasks to queue
[2025-02-01T00:00:46.963+0000] {logging_mixin.py:190} INFO - [2025-02-01T00:00:46.963+0000] {dagbag.py:587} INFO - Filling up the DagBag from /home/airflow/.local/lib/python3.12/site-packages/airflow/example_dags/example_sensors.py
[2025-02-01T00:00:46.972+0000] {processor.py:925} INFO - DAG(s) 'example_sensors' retrieved from /home/airflow/.local/lib/python3.12/site-packages/airflow/example_dags/example_sensors.py
[2025-02-01T00:00:46.994+0000] {logging_mixin.py:190} INFO - [2025-02-01T00:00:46.994+0000] {dag.py:3211} INFO - Sync 1 DAGs
[2025-02-01T00:00:47.007+0000] {logging_mixin.py:190} INFO - [2025-02-01T00:00:47.006+0000] {dag.py:4138} INFO - Setting next_dagrun for example_sensors to None, run_after=None
[2025-02-01T00:00:47.025+0000] {processor.py:208} INFO - Processing /home/airflow/.local/lib/python3.12/site-packages/airflow/example_dags/example_sensors.py took 0.069 seconds
[2025-02-01T00:01:17.272+0000] {processor.py:186} INFO - Started process (PID=25225) to work on /home/airflow/.local/lib/python3.12/site-packages/airflow/example_dags/example_sensors.py
[2025-02-01T00:01:17.273+0000] {processor.py:914} INFO - Processing file /home/airflow/.local/lib/python3.12/site-packages/airflow/example_dags/example_sensors.py for tasks to queue
[2025-02-01T00:01:17.274+0000] {logging_mixin.py:190} INFO - [2025-02-01T00:01:17.274+0000] {dagbag.py:587} INFO - Filling up the DagBag from /home/airflow/.local/lib/python3.12/site-packages/airflow/example_dags/example_sensors.py
[2025-02-01T00:01:17.283+0000] {processor.py:925} INFO - DAG(s) 'example_sensors' retrieved from /home/airflow/.local/lib/python3.12/site-packages/airflow/example_dags/example_sensors.py
[2025-02-01T00:01:17.305+0000] {logging_mixin.py:190} INFO - [2025-02-01T00:01:17.305+0000] {dag.py:3211} INFO - Sync 1 DAGs
[2025-02-01T00:01:17.321+0000] {logging_mixin.py:190} INFO - [2025-02-01T00:01:17.321+0000] {dag.py:4138} INFO - Setting next_dagrun for example_sensors to None, run_after=None
[2025-02-01T00:01:17.340+0000] {processor.py:208} INFO - Processing /home/airflow/.local/lib/python3.12/site-packages/airflow/example_dags/example_sensors.py took 0.072 seconds
[2025-02-01T00:01:47.456+0000] {processor.py:186} INFO - Started process (PID=25288) to work on /home/airflow/.local/lib/python3.12/site-packages/airflow/example_dags/example_sensors.py
[2025-02-01T00:01:47.457+0000] {processor.py:914} INFO - Processing file /home/airflow/.local/lib/python3.12/site-packages/airflow/example_dags/example_sensors.py for tasks to queue
[2025-02-01T00:01:47.458+0000] {logging_mixin.py:190} INFO - [2025-02-01T00:01:47.458+0000] {dagbag.py:587} INFO - Filling up the DagBag from /home/airflow/.local/lib/python3.12/site-packages/airflow/example_dags/example_sensors.py
[2025-02-01T00:01:47.467+0000] {processor.py:925} INFO - DAG(s) 'example_sensors' retrieved from /home/airflow/.local/lib/python3.12/site-packages/airflow/example_dags/example_sensors.py
[2025-02-01T00:01:47.490+0000] {logging_mixin.py:190} INFO - [2025-02-01T00:01:47.490+0000] {dag.py:3211} INFO - Sync 1 DAGs
[2025-02-01T00:01:47.503+0000] {logging_mixin.py:190} INFO - [2025-02-01T00:01:47.503+0000] {dag.py:4138} INFO - Setting next_dagrun for example_sensors to None, run_after=None
[2025-02-01T00:01:47.521+0000] {processor.py:208} INFO - Processing /home/airflow/.local/lib/python3.12/site-packages/airflow/example_dags/example_sensors.py took 0.070 seconds
[2025-02-01T00:02:18.662+0000] {processor.py:186} INFO - Started process (PID=25351) to work on /home/airflow/.local/lib/python3.12/site-packages/airflow/example_dags/example_sensors.py
[2025-02-01T00:02:18.663+0000] {processor.py:914} INFO - Processing file /home/airflow/.local/lib/python3.12/site-packages/airflow/example_dags/example_sensors.py for tasks to queue
[2025-02-01T00:02:18.664+0000] {logging_mixin.py:190} INFO - [2025-02-01T00:02:18.664+0000] {dagbag.py:587} INFO - Filling up the DagBag from /home/airflow/.local/lib/python3.12/site-packages/airflow/example_dags/example_sensors.py
[2025-02-01T00:02:18.673+0000] {processor.py:925} INFO - DAG(s) 'example_sensors' retrieved from /home/airflow/.local/lib/python3.12/site-packages/airflow/example_dags/example_sensors.py
[2025-02-01T00:02:18.696+0000] {logging_mixin.py:190} INFO - [2025-02-01T00:02:18.696+0000] {dag.py:3211} INFO - Sync 1 DAGs
[2025-02-01T00:02:18.710+0000] {logging_mixin.py:190} INFO - [2025-02-01T00:02:18.709+0000] {dag.py:4138} INFO - Setting next_dagrun for example_sensors to None, run_after=None
[2025-02-01T00:02:18.728+0000] {processor.py:208} INFO - Processing /home/airflow/.local/lib/python3.12/site-packages/airflow/example_dags/example_sensors.py took 0.071 seconds
[2025-02-01T00:02:49.902+0000] {processor.py:186} INFO - Started process (PID=25414) to work on /home/airflow/.local/lib/python3.12/site-packages/airflow/example_dags/example_sensors.py
[2025-02-01T00:02:49.903+0000] {processor.py:914} INFO - Processing file /home/airflow/.local/lib/python3.12/site-packages/airflow/example_dags/example_sensors.py for tasks to queue
[2025-02-01T00:02:49.904+0000] {logging_mixin.py:190} INFO - [2025-02-01T00:02:49.904+0000] {dagbag.py:587} INFO - Filling up the DagBag from /home/airflow/.local/lib/python3.12/site-packages/airflow/example_dags/example_sensors.py
[2025-02-01T00:02:49.914+0000] {processor.py:925} INFO - DAG(s) 'example_sensors' retrieved from /home/airflow/.local/lib/python3.12/site-packages/airflow/example_dags/example_sensors.py
[2025-02-01T00:02:49.943+0000] {logging_mixin.py:190} INFO - [2025-02-01T00:02:49.943+0000] {dag.py:3211} INFO - Sync 1 DAGs
[2025-02-01T00:02:49.958+0000] {logging_mixin.py:190} INFO - [2025-02-01T00:02:49.958+0000] {dag.py:4138} INFO - Setting next_dagrun for example_sensors to None, run_after=None
[2025-02-01T00:02:49.980+0000] {processor.py:208} INFO - Processing /home/airflow/.local/lib/python3.12/site-packages/airflow/example_dags/example_sensors.py took 0.083 seconds
[2025-02-01T00:03:20.232+0000] {processor.py:186} INFO - Started process (PID=25477) to work on /home/airflow/.local/lib/python3.12/site-packages/airflow/example_dags/example_sensors.py
[2025-02-01T00:03:20.233+0000] {processor.py:914} INFO - Processing file /home/airflow/.local/lib/python3.12/site-packages/airflow/example_dags/example_sensors.py for tasks to queue
[2025-02-01T00:03:20.234+0000] {logging_mixin.py:190} INFO - [2025-02-01T00:03:20.234+0000] {dagbag.py:587} INFO - Filling up the DagBag from /home/airflow/.local/lib/python3.12/site-packages/airflow/example_dags/example_sensors.py
[2025-02-01T00:03:20.243+0000] {processor.py:925} INFO - DAG(s) 'example_sensors' retrieved from /home/airflow/.local/lib/python3.12/site-packages/airflow/example_dags/example_sensors.py
[2025-02-01T00:03:20.265+0000] {logging_mixin.py:190} INFO - [2025-02-01T00:03:20.265+0000] {dag.py:3211} INFO - Sync 1 DAGs
[2025-02-01T00:03:20.277+0000] {logging_mixin.py:190} INFO - [2025-02-01T00:03:20.277+0000] {dag.py:4138} INFO - Setting next_dagrun for example_sensors to None, run_after=None
[2025-02-01T00:03:20.295+0000] {processor.py:208} INFO - Processing /home/airflow/.local/lib/python3.12/site-packages/airflow/example_dags/example_sensors.py took 0.068 seconds
[2025-02-01T00:03:51.332+0000] {processor.py:186} INFO - Started process (PID=25540) to work on /home/airflow/.local/lib/python3.12/site-packages/airflow/example_dags/example_sensors.py
[2025-02-01T00:03:51.334+0000] {processor.py:914} INFO - Processing file /home/airflow/.local/lib/python3.12/site-packages/airflow/example_dags/example_sensors.py for tasks to queue
[2025-02-01T00:03:51.335+0000] {logging_mixin.py:190} INFO - [2025-02-01T00:03:51.335+0000] {dagbag.py:587} INFO - Filling up the DagBag from /home/airflow/.local/lib/python3.12/site-packages/airflow/example_dags/example_sensors.py
[2025-02-01T00:03:51.347+0000] {processor.py:925} INFO - DAG(s) 'example_sensors' retrieved from /home/airflow/.local/lib/python3.12/site-packages/airflow/example_dags/example_sensors.py
[2025-02-01T00:03:51.374+0000] {logging_mixin.py:190} INFO - [2025-02-01T00:03:51.374+0000] {dag.py:3211} INFO - Sync 1 DAGs
[2025-02-01T00:03:51.389+0000] {logging_mixin.py:190} INFO - [2025-02-01T00:03:51.388+0000] {dag.py:4138} INFO - Setting next_dagrun for example_sensors to None, run_after=None
[2025-02-01T00:03:51.411+0000] {processor.py:208} INFO - Processing /home/airflow/.local/lib/python3.12/site-packages/airflow/example_dags/example_sensors.py took 0.085 seconds
[2025-02-01T00:04:21.593+0000] {processor.py:186} INFO - Started process (PID=25603) to work on /home/airflow/.local/lib/python3.12/site-packages/airflow/example_dags/example_sensors.py
[2025-02-01T00:04:21.594+0000] {processor.py:914} INFO - Processing file /home/airflow/.local/lib/python3.12/site-packages/airflow/example_dags/example_sensors.py for tasks to queue
[2025-02-01T00:04:21.595+0000] {logging_mixin.py:190} INFO - [2025-02-01T00:04:21.594+0000] {dagbag.py:587} INFO - Filling up the DagBag from /home/airflow/.local/lib/python3.12/site-packages/airflow/example_dags/example_sensors.py
[2025-02-01T00:04:21.603+0000] {processor.py:925} INFO - DAG(s) 'example_sensors' retrieved from /home/airflow/.local/lib/python3.12/site-packages/airflow/example_dags/example_sensors.py
[2025-02-01T00:04:21.626+0000] {logging_mixin.py:190} INFO - [2025-02-01T00:04:21.626+0000] {dag.py:3211} INFO - Sync 1 DAGs
[2025-02-01T00:04:21.638+0000] {logging_mixin.py:190} INFO - [2025-02-01T00:04:21.638+0000] {dag.py:4138} INFO - Setting next_dagrun for example_sensors to None, run_after=None
[2025-02-01T00:04:21.654+0000] {processor.py:208} INFO - Processing /home/airflow/.local/lib/python3.12/site-packages/airflow/example_dags/example_sensors.py took 0.066 seconds
[2025-02-01T00:04:52.721+0000] {processor.py:186} INFO - Started process (PID=25666) to work on /home/airflow/.local/lib/python3.12/site-packages/airflow/example_dags/example_sensors.py
[2025-02-01T00:04:52.721+0000] {processor.py:914} INFO - Processing file /home/airflow/.local/lib/python3.12/site-packages/airflow/example_dags/example_sensors.py for tasks to queue
[2025-02-01T00:04:52.722+0000] {logging_mixin.py:190} INFO - [2025-02-01T00:04:52.722+0000] {dagbag.py:587} INFO - Filling up the DagBag from /home/airflow/.local/lib/python3.12/site-packages/airflow/example_dags/example_sensors.py
[2025-02-01T00:04:52.730+0000] {processor.py:925} INFO - DAG(s) 'example_sensors' retrieved from /home/airflow/.local/lib/python3.12/site-packages/airflow/example_dags/example_sensors.py
[2025-02-01T00:04:52.751+0000] {logging_mixin.py:190} INFO - [2025-02-01T00:04:52.751+0000] {dag.py:3211} INFO - Sync 1 DAGs
[2025-02-01T00:04:52.762+0000] {logging_mixin.py:190} INFO - [2025-02-01T00:04:52.762+0000] {dag.py:4138} INFO - Setting next_dagrun for example_sensors to None, run_after=None
[2025-02-01T00:04:52.780+0000] {processor.py:208} INFO - Processing /home/airflow/.local/lib/python3.12/site-packages/airflow/example_dags/example_sensors.py took 0.063 seconds
[2025-02-01T00:05:23.056+0000] {processor.py:186} INFO - Started process (PID=25729) to work on /home/airflow/.local/lib/python3.12/site-packages/airflow/example_dags/example_sensors.py
[2025-02-01T00:05:23.057+0000] {processor.py:914} INFO - Processing file /home/airflow/.local/lib/python3.12/site-packages/airflow/example_dags/example_sensors.py for tasks to queue
[2025-02-01T00:05:23.058+0000] {logging_mixin.py:190} INFO - [2025-02-01T00:05:23.058+0000] {dagbag.py:587} INFO - Filling up the DagBag from /home/airflow/.local/lib/python3.12/site-packages/airflow/example_dags/example_sensors.py
[2025-02-01T00:05:23.069+0000] {processor.py:925} INFO - DAG(s) 'example_sensors' retrieved from /home/airflow/.local/lib/python3.12/site-packages/airflow/example_dags/example_sensors.py
[2025-02-01T00:05:23.092+0000] {logging_mixin.py:190} INFO - [2025-02-01T00:05:23.092+0000] {dag.py:3211} INFO - Sync 1 DAGs
[2025-02-01T00:05:23.105+0000] {logging_mixin.py:190} INFO - [2025-02-01T00:05:23.104+0000] {dag.py:4138} INFO - Setting next_dagrun for example_sensors to None, run_after=None
[2025-02-01T00:05:23.123+0000] {processor.py:208} INFO - Processing /home/airflow/.local/lib/python3.12/site-packages/airflow/example_dags/example_sensors.py took 0.073 seconds
[2025-02-01T00:05:53.388+0000] {processor.py:186} INFO - Started process (PID=25792) to work on /home/airflow/.local/lib/python3.12/site-packages/airflow/example_dags/example_sensors.py
[2025-02-01T00:05:53.389+0000] {processor.py:914} INFO - Processing file /home/airflow/.local/lib/python3.12/site-packages/airflow/example_dags/example_sensors.py for tasks to queue
[2025-02-01T00:05:53.390+0000] {logging_mixin.py:190} INFO - [2025-02-01T00:05:53.390+0000] {dagbag.py:587} INFO - Filling up the DagBag from /home/airflow/.local/lib/python3.12/site-packages/airflow/example_dags/example_sensors.py
[2025-02-01T00:05:53.399+0000] {processor.py:925} INFO - DAG(s) 'example_sensors' retrieved from /home/airflow/.local/lib/python3.12/site-packages/airflow/example_dags/example_sensors.py
[2025-02-01T00:05:53.421+0000] {logging_mixin.py:190} INFO - [2025-02-01T00:05:53.421+0000] {dag.py:3211} INFO - Sync 1 DAGs
[2025-02-01T00:05:53.435+0000] {logging_mixin.py:190} INFO - [2025-02-01T00:05:53.434+0000] {dag.py:4138} INFO - Setting next_dagrun for example_sensors to None, run_after=None
[2025-02-01T00:05:53.454+0000] {processor.py:208} INFO - Processing /home/airflow/.local/lib/python3.12/site-packages/airflow/example_dags/example_sensors.py took 0.071 seconds
[2025-02-01T00:06:23.590+0000] {processor.py:186} INFO - Started process (PID=25855) to work on /home/airflow/.local/lib/python3.12/site-packages/airflow/example_dags/example_sensors.py
[2025-02-01T00:06:23.591+0000] {processor.py:914} INFO - Processing file /home/airflow/.local/lib/python3.12/site-packages/airflow/example_dags/example_sensors.py for tasks to queue
[2025-02-01T00:06:23.593+0000] {logging_mixin.py:190} INFO - [2025-02-01T00:06:23.592+0000] {dagbag.py:587} INFO - Filling up the DagBag from /home/airflow/.local/lib/python3.12/site-packages/airflow/example_dags/example_sensors.py
[2025-02-01T00:06:23.602+0000] {processor.py:925} INFO - DAG(s) 'example_sensors' retrieved from /home/airflow/.local/lib/python3.12/site-packages/airflow/example_dags/example_sensors.py
[2025-02-01T00:06:23.624+0000] {logging_mixin.py:190} INFO - [2025-02-01T00:06:23.624+0000] {dag.py:3211} INFO - Sync 1 DAGs
[2025-02-01T00:06:23.637+0000] {logging_mixin.py:190} INFO - [2025-02-01T00:06:23.636+0000] {dag.py:4138} INFO - Setting next_dagrun for example_sensors to None, run_after=None
[2025-02-01T00:06:23.655+0000] {processor.py:208} INFO - Processing /home/airflow/.local/lib/python3.12/site-packages/airflow/example_dags/example_sensors.py took 0.070 seconds
[2025-02-01T00:06:53.863+0000] {processor.py:186} INFO - Started process (PID=25918) to work on /home/airflow/.local/lib/python3.12/site-packages/airflow/example_dags/example_sensors.py
[2025-02-01T00:06:53.864+0000] {processor.py:914} INFO - Processing file /home/airflow/.local/lib/python3.12/site-packages/airflow/example_dags/example_sensors.py for tasks to queue
[2025-02-01T00:06:53.865+0000] {logging_mixin.py:190} INFO - [2025-02-01T00:06:53.864+0000] {dagbag.py:587} INFO - Filling up the DagBag from /home/airflow/.local/lib/python3.12/site-packages/airflow/example_dags/example_sensors.py
[2025-02-01T00:06:53.874+0000] {processor.py:925} INFO - DAG(s) 'example_sensors' retrieved from /home/airflow/.local/lib/python3.12/site-packages/airflow/example_dags/example_sensors.py
[2025-02-01T00:06:53.896+0000] {logging_mixin.py:190} INFO - [2025-02-01T00:06:53.896+0000] {dag.py:3211} INFO - Sync 1 DAGs
[2025-02-01T00:06:53.909+0000] {logging_mixin.py:190} INFO - [2025-02-01T00:06:53.909+0000] {dag.py:4138} INFO - Setting next_dagrun for example_sensors to None, run_after=None
[2025-02-01T00:06:53.928+0000] {processor.py:208} INFO - Processing /home/airflow/.local/lib/python3.12/site-packages/airflow/example_dags/example_sensors.py took 0.071 seconds
[2025-02-01T00:07:24.343+0000] {processor.py:186} INFO - Started process (PID=25981) to work on /home/airflow/.local/lib/python3.12/site-packages/airflow/example_dags/example_sensors.py
[2025-02-01T00:07:24.344+0000] {processor.py:914} INFO - Processing file /home/airflow/.local/lib/python3.12/site-packages/airflow/example_dags/example_sensors.py for tasks to queue
[2025-02-01T00:07:24.345+0000] {logging_mixin.py:190} INFO - [2025-02-01T00:07:24.345+0000] {dagbag.py:587} INFO - Filling up the DagBag from /home/airflow/.local/lib/python3.12/site-packages/airflow/example_dags/example_sensors.py
[2025-02-01T00:07:24.354+0000] {processor.py:925} INFO - DAG(s) 'example_sensors' retrieved from /home/airflow/.local/lib/python3.12/site-packages/airflow/example_dags/example_sensors.py
[2025-02-01T00:07:24.379+0000] {logging_mixin.py:190} INFO - [2025-02-01T00:07:24.379+0000] {dag.py:3211} INFO - Sync 1 DAGs
[2025-02-01T00:07:24.391+0000] {logging_mixin.py:190} INFO - [2025-02-01T00:07:24.391+0000] {dag.py:4138} INFO - Setting next_dagrun for example_sensors to None, run_after=None
[2025-02-01T00:07:24.411+0000] {processor.py:208} INFO - Processing /home/airflow/.local/lib/python3.12/site-packages/airflow/example_dags/example_sensors.py took 0.074 seconds
[2025-02-01T00:07:54.618+0000] {processor.py:186} INFO - Started process (PID=26044) to work on /home/airflow/.local/lib/python3.12/site-packages/airflow/example_dags/example_sensors.py
[2025-02-01T00:07:54.619+0000] {processor.py:914} INFO - Processing file /home/airflow/.local/lib/python3.12/site-packages/airflow/example_dags/example_sensors.py for tasks to queue
[2025-02-01T00:07:54.620+0000] {logging_mixin.py:190} INFO - [2025-02-01T00:07:54.620+0000] {dagbag.py:587} INFO - Filling up the DagBag from /home/airflow/.local/lib/python3.12/site-packages/airflow/example_dags/example_sensors.py
[2025-02-01T00:07:54.630+0000] {processor.py:925} INFO - DAG(s) 'example_sensors' retrieved from /home/airflow/.local/lib/python3.12/site-packages/airflow/example_dags/example_sensors.py
[2025-02-01T00:07:54.653+0000] {logging_mixin.py:190} INFO - [2025-02-01T00:07:54.653+0000] {dag.py:3211} INFO - Sync 1 DAGs
[2025-02-01T00:07:54.665+0000] {logging_mixin.py:190} INFO - [2025-02-01T00:07:54.665+0000] {dag.py:4138} INFO - Setting next_dagrun for example_sensors to None, run_after=None
[2025-02-01T00:07:54.685+0000] {processor.py:208} INFO - Processing /home/airflow/.local/lib/python3.12/site-packages/airflow/example_dags/example_sensors.py took 0.071 seconds
[2025-02-01T00:08:24.995+0000] {processor.py:186} INFO - Started process (PID=26107) to work on /home/airflow/.local/lib/python3.12/site-packages/airflow/example_dags/example_sensors.py
[2025-02-01T00:08:24.996+0000] {processor.py:914} INFO - Processing file /home/airflow/.local/lib/python3.12/site-packages/airflow/example_dags/example_sensors.py for tasks to queue
[2025-02-01T00:08:24.997+0000] {logging_mixin.py:190} INFO - [2025-02-01T00:08:24.997+0000] {dagbag.py:587} INFO - Filling up the DagBag from /home/airflow/.local/lib/python3.12/site-packages/airflow/example_dags/example_sensors.py
[2025-02-01T00:08:25.006+0000] {processor.py:925} INFO - DAG(s) 'example_sensors' retrieved from /home/airflow/.local/lib/python3.12/site-packages/airflow/example_dags/example_sensors.py
[2025-02-01T00:08:25.027+0000] {logging_mixin.py:190} INFO - [2025-02-01T00:08:25.027+0000] {dag.py:3211} INFO - Sync 1 DAGs
[2025-02-01T00:08:25.040+0000] {logging_mixin.py:190} INFO - [2025-02-01T00:08:25.040+0000] {dag.py:4138} INFO - Setting next_dagrun for example_sensors to None, run_after=None
[2025-02-01T00:08:25.057+0000] {processor.py:208} INFO - Processing /home/airflow/.local/lib/python3.12/site-packages/airflow/example_dags/example_sensors.py took 0.066 seconds
[2025-02-01T00:08:55.209+0000] {processor.py:186} INFO - Started process (PID=26170) to work on /home/airflow/.local/lib/python3.12/site-packages/airflow/example_dags/example_sensors.py
[2025-02-01T00:08:55.210+0000] {processor.py:914} INFO - Processing file /home/airflow/.local/lib/python3.12/site-packages/airflow/example_dags/example_sensors.py for tasks to queue
[2025-02-01T00:08:55.212+0000] {logging_mixin.py:190} INFO - [2025-02-01T00:08:55.212+0000] {dagbag.py:587} INFO - Filling up the DagBag from /home/airflow/.local/lib/python3.12/site-packages/airflow/example_dags/example_sensors.py
[2025-02-01T00:08:55.221+0000] {processor.py:925} INFO - DAG(s) 'example_sensors' retrieved from /home/airflow/.local/lib/python3.12/site-packages/airflow/example_dags/example_sensors.py
[2025-02-01T00:08:55.243+0000] {logging_mixin.py:190} INFO - [2025-02-01T00:08:55.243+0000] {dag.py:3211} INFO - Sync 1 DAGs
[2025-02-01T00:08:55.255+0000] {logging_mixin.py:190} INFO - [2025-02-01T00:08:55.255+0000] {dag.py:4138} INFO - Setting next_dagrun for example_sensors to None, run_after=None
[2025-02-01T00:08:55.278+0000] {processor.py:208} INFO - Processing /home/airflow/.local/lib/python3.12/site-packages/airflow/example_dags/example_sensors.py took 0.074 seconds
[2025-02-01T00:09:25.431+0000] {processor.py:186} INFO - Started process (PID=26233) to work on /home/airflow/.local/lib/python3.12/site-packages/airflow/example_dags/example_sensors.py
[2025-02-01T00:09:25.432+0000] {processor.py:914} INFO - Processing file /home/airflow/.local/lib/python3.12/site-packages/airflow/example_dags/example_sensors.py for tasks to queue
[2025-02-01T00:09:25.433+0000] {logging_mixin.py:190} INFO - [2025-02-01T00:09:25.433+0000] {dagbag.py:587} INFO - Filling up the DagBag from /home/airflow/.local/lib/python3.12/site-packages/airflow/example_dags/example_sensors.py
[2025-02-01T00:09:25.442+0000] {processor.py:925} INFO - DAG(s) 'example_sensors' retrieved from /home/airflow/.local/lib/python3.12/site-packages/airflow/example_dags/example_sensors.py
[2025-02-01T00:09:25.465+0000] {logging_mixin.py:190} INFO - [2025-02-01T00:09:25.465+0000] {dag.py:3211} INFO - Sync 1 DAGs
[2025-02-01T00:09:25.478+0000] {logging_mixin.py:190} INFO - [2025-02-01T00:09:25.477+0000] {dag.py:4138} INFO - Setting next_dagrun for example_sensors to None, run_after=None
[2025-02-01T00:09:25.507+0000] {processor.py:208} INFO - Processing /home/airflow/.local/lib/python3.12/site-packages/airflow/example_dags/example_sensors.py took 0.081 seconds
[2025-02-01T00:09:55.738+0000] {processor.py:186} INFO - Started process (PID=26296) to work on /home/airflow/.local/lib/python3.12/site-packages/airflow/example_dags/example_sensors.py
[2025-02-01T00:09:55.739+0000] {processor.py:914} INFO - Processing file /home/airflow/.local/lib/python3.12/site-packages/airflow/example_dags/example_sensors.py for tasks to queue
[2025-02-01T00:09:55.740+0000] {logging_mixin.py:190} INFO - [2025-02-01T00:09:55.740+0000] {dagbag.py:587} INFO - Filling up the DagBag from /home/airflow/.local/lib/python3.12/site-packages/airflow/example_dags/example_sensors.py
[2025-02-01T00:09:55.751+0000] {processor.py:925} INFO - DAG(s) 'example_sensors' retrieved from /home/airflow/.local/lib/python3.12/site-packages/airflow/example_dags/example_sensors.py
[2025-02-01T00:09:55.776+0000] {logging_mixin.py:190} INFO - [2025-02-01T00:09:55.775+0000] {dag.py:3211} INFO - Sync 1 DAGs
[2025-02-01T00:09:55.790+0000] {logging_mixin.py:190} INFO - [2025-02-01T00:09:55.790+0000] {dag.py:4138} INFO - Setting next_dagrun for example_sensors to None, run_after=None
[2025-02-01T00:09:55.810+0000] {processor.py:208} INFO - Processing /home/airflow/.local/lib/python3.12/site-packages/airflow/example_dags/example_sensors.py took 0.077 seconds
[2025-02-01T00:10:26.181+0000] {processor.py:186} INFO - Started process (PID=26359) to work on /home/airflow/.local/lib/python3.12/site-packages/airflow/example_dags/example_sensors.py
[2025-02-01T00:10:26.182+0000] {processor.py:914} INFO - Processing file /home/airflow/.local/lib/python3.12/site-packages/airflow/example_dags/example_sensors.py for tasks to queue
[2025-02-01T00:10:26.184+0000] {logging_mixin.py:190} INFO - [2025-02-01T00:10:26.183+0000] {dagbag.py:587} INFO - Filling up the DagBag from /home/airflow/.local/lib/python3.12/site-packages/airflow/example_dags/example_sensors.py
[2025-02-01T00:10:26.193+0000] {processor.py:925} INFO - DAG(s) 'example_sensors' retrieved from /home/airflow/.local/lib/python3.12/site-packages/airflow/example_dags/example_sensors.py
[2025-02-01T00:10:26.217+0000] {logging_mixin.py:190} INFO - [2025-02-01T00:10:26.216+0000] {dag.py:3211} INFO - Sync 1 DAGs
[2025-02-01T00:10:26.229+0000] {logging_mixin.py:190} INFO - [2025-02-01T00:10:26.229+0000] {dag.py:4138} INFO - Setting next_dagrun for example_sensors to None, run_after=None
[2025-02-01T00:10:26.254+0000] {processor.py:208} INFO - Processing /home/airflow/.local/lib/python3.12/site-packages/airflow/example_dags/example_sensors.py took 0.077 seconds
[2025-02-01T00:10:56.355+0000] {processor.py:186} INFO - Started process (PID=26422) to work on /home/airflow/.local/lib/python3.12/site-packages/airflow/example_dags/example_sensors.py
[2025-02-01T00:10:56.355+0000] {processor.py:914} INFO - Processing file /home/airflow/.local/lib/python3.12/site-packages/airflow/example_dags/example_sensors.py for tasks to queue
[2025-02-01T00:10:56.357+0000] {logging_mixin.py:190} INFO - [2025-02-01T00:10:56.356+0000] {dagbag.py:587} INFO - Filling up the DagBag from /home/airflow/.local/lib/python3.12/site-packages/airflow/example_dags/example_sensors.py
[2025-02-01T00:10:56.366+0000] {processor.py:925} INFO - DAG(s) 'example_sensors' retrieved from /home/airflow/.local/lib/python3.12/site-packages/airflow/example_dags/example_sensors.py
[2025-02-01T00:10:56.389+0000] {logging_mixin.py:190} INFO - [2025-02-01T00:10:56.388+0000] {dag.py:3211} INFO - Sync 1 DAGs
[2025-02-01T00:10:56.402+0000] {logging_mixin.py:190} INFO - [2025-02-01T00:10:56.401+0000] {dag.py:4138} INFO - Setting next_dagrun for example_sensors to None, run_after=None
[2025-02-01T00:10:56.420+0000] {processor.py:208} INFO - Processing /home/airflow/.local/lib/python3.12/site-packages/airflow/example_dags/example_sensors.py took 0.071 seconds
[2025-02-01T00:11:26.649+0000] {processor.py:186} INFO - Started process (PID=26485) to work on /home/airflow/.local/lib/python3.12/site-packages/airflow/example_dags/example_sensors.py
[2025-02-01T00:11:26.650+0000] {processor.py:914} INFO - Processing file /home/airflow/.local/lib/python3.12/site-packages/airflow/example_dags/example_sensors.py for tasks to queue
[2025-02-01T00:11:26.651+0000] {logging_mixin.py:190} INFO - [2025-02-01T00:11:26.651+0000] {dagbag.py:587} INFO - Filling up the DagBag from /home/airflow/.local/lib/python3.12/site-packages/airflow/example_dags/example_sensors.py
[2025-02-01T00:11:26.661+0000] {processor.py:925} INFO - DAG(s) 'example_sensors' retrieved from /home/airflow/.local/lib/python3.12/site-packages/airflow/example_dags/example_sensors.py
[2025-02-01T00:11:26.685+0000] {logging_mixin.py:190} INFO - [2025-02-01T00:11:26.685+0000] {dag.py:3211} INFO - Sync 1 DAGs
[2025-02-01T00:11:26.699+0000] {logging_mixin.py:190} INFO - [2025-02-01T00:11:26.698+0000] {dag.py:4138} INFO - Setting next_dagrun for example_sensors to None, run_after=None
[2025-02-01T00:11:26.717+0000] {processor.py:208} INFO - Processing /home/airflow/.local/lib/python3.12/site-packages/airflow/example_dags/example_sensors.py took 0.072 seconds
[2025-02-01T00:11:56.938+0000] {processor.py:186} INFO - Started process (PID=26548) to work on /home/airflow/.local/lib/python3.12/site-packages/airflow/example_dags/example_sensors.py
[2025-02-01T00:11:56.939+0000] {processor.py:914} INFO - Processing file /home/airflow/.local/lib/python3.12/site-packages/airflow/example_dags/example_sensors.py for tasks to queue
[2025-02-01T00:11:56.940+0000] {logging_mixin.py:190} INFO - [2025-02-01T00:11:56.940+0000] {dagbag.py:587} INFO - Filling up the DagBag from /home/airflow/.local/lib/python3.12/site-packages/airflow/example_dags/example_sensors.py
[2025-02-01T00:11:56.949+0000] {processor.py:925} INFO - DAG(s) 'example_sensors' retrieved from /home/airflow/.local/lib/python3.12/site-packages/airflow/example_dags/example_sensors.py
[2025-02-01T00:11:56.972+0000] {logging_mixin.py:190} INFO - [2025-02-01T00:11:56.972+0000] {dag.py:3211} INFO - Sync 1 DAGs
[2025-02-01T00:11:56.986+0000] {logging_mixin.py:190} INFO - [2025-02-01T00:11:56.985+0000] {dag.py:4138} INFO - Setting next_dagrun for example_sensors to None, run_after=None
[2025-02-01T00:11:57.005+0000] {processor.py:208} INFO - Processing /home/airflow/.local/lib/python3.12/site-packages/airflow/example_dags/example_sensors.py took 0.072 seconds
[2025-02-01T00:12:27.309+0000] {processor.py:186} INFO - Started process (PID=26611) to work on /home/airflow/.local/lib/python3.12/site-packages/airflow/example_dags/example_sensors.py
[2025-02-01T00:12:27.310+0000] {processor.py:914} INFO - Processing file /home/airflow/.local/lib/python3.12/site-packages/airflow/example_dags/example_sensors.py for tasks to queue
[2025-02-01T00:12:27.312+0000] {logging_mixin.py:190} INFO - [2025-02-01T00:12:27.311+0000] {dagbag.py:587} INFO - Filling up the DagBag from /home/airflow/.local/lib/python3.12/site-packages/airflow/example_dags/example_sensors.py
[2025-02-01T00:12:27.323+0000] {processor.py:925} INFO - DAG(s) 'example_sensors' retrieved from /home/airflow/.local/lib/python3.12/site-packages/airflow/example_dags/example_sensors.py
[2025-02-01T00:12:27.349+0000] {logging_mixin.py:190} INFO - [2025-02-01T00:12:27.348+0000] {dag.py:3211} INFO - Sync 1 DAGs
[2025-02-01T00:12:27.364+0000] {logging_mixin.py:190} INFO - [2025-02-01T00:12:27.364+0000] {dag.py:4138} INFO - Setting next_dagrun for example_sensors to None, run_after=None
[2025-02-01T00:12:27.385+0000] {processor.py:208} INFO - Processing /home/airflow/.local/lib/python3.12/site-packages/airflow/example_dags/example_sensors.py took 0.081 seconds
[2025-02-01T00:12:57.474+0000] {processor.py:186} INFO - Started process (PID=26674) to work on /home/airflow/.local/lib/python3.12/site-packages/airflow/example_dags/example_sensors.py
[2025-02-01T00:12:57.475+0000] {processor.py:914} INFO - Processing file /home/airflow/.local/lib/python3.12/site-packages/airflow/example_dags/example_sensors.py for tasks to queue
[2025-02-01T00:12:57.477+0000] {logging_mixin.py:190} INFO - [2025-02-01T00:12:57.476+0000] {dagbag.py:587} INFO - Filling up the DagBag from /home/airflow/.local/lib/python3.12/site-packages/airflow/example_dags/example_sensors.py
[2025-02-01T00:12:57.486+0000] {processor.py:925} INFO - DAG(s) 'example_sensors' retrieved from /home/airflow/.local/lib/python3.12/site-packages/airflow/example_dags/example_sensors.py
[2025-02-01T00:12:57.508+0000] {logging_mixin.py:190} INFO - [2025-02-01T00:12:57.508+0000] {dag.py:3211} INFO - Sync 1 DAGs
[2025-02-01T00:12:57.520+0000] {logging_mixin.py:190} INFO - [2025-02-01T00:12:57.520+0000] {dag.py:4138} INFO - Setting next_dagrun for example_sensors to None, run_after=None
[2025-02-01T00:12:57.538+0000] {processor.py:208} INFO - Processing /home/airflow/.local/lib/python3.12/site-packages/airflow/example_dags/example_sensors.py took 0.069 seconds
[2025-02-01T00:13:27.723+0000] {processor.py:186} INFO - Started process (PID=26737) to work on /home/airflow/.local/lib/python3.12/site-packages/airflow/example_dags/example_sensors.py
[2025-02-01T00:13:27.724+0000] {processor.py:914} INFO - Processing file /home/airflow/.local/lib/python3.12/site-packages/airflow/example_dags/example_sensors.py for tasks to queue
[2025-02-01T00:13:27.726+0000] {logging_mixin.py:190} INFO - [2025-02-01T00:13:27.725+0000] {dagbag.py:587} INFO - Filling up the DagBag from /home/airflow/.local/lib/python3.12/site-packages/airflow/example_dags/example_sensors.py
[2025-02-01T00:13:27.735+0000] {processor.py:925} INFO - DAG(s) 'example_sensors' retrieved from /home/airflow/.local/lib/python3.12/site-packages/airflow/example_dags/example_sensors.py
[2025-02-01T00:13:27.757+0000] {logging_mixin.py:190} INFO - [2025-02-01T00:13:27.757+0000] {dag.py:3211} INFO - Sync 1 DAGs
[2025-02-01T00:13:27.772+0000] {logging_mixin.py:190} INFO - [2025-02-01T00:13:27.772+0000] {dag.py:4138} INFO - Setting next_dagrun for example_sensors to None, run_after=None
[2025-02-01T00:13:27.790+0000] {processor.py:208} INFO - Processing /home/airflow/.local/lib/python3.12/site-packages/airflow/example_dags/example_sensors.py took 0.071 seconds
[2025-02-01T00:13:57.948+0000] {processor.py:186} INFO - Started process (PID=26800) to work on /home/airflow/.local/lib/python3.12/site-packages/airflow/example_dags/example_sensors.py
[2025-02-01T00:13:57.949+0000] {processor.py:914} INFO - Processing file /home/airflow/.local/lib/python3.12/site-packages/airflow/example_dags/example_sensors.py for tasks to queue
[2025-02-01T00:13:57.950+0000] {logging_mixin.py:190} INFO - [2025-02-01T00:13:57.950+0000] {dagbag.py:587} INFO - Filling up the DagBag from /home/airflow/.local/lib/python3.12/site-packages/airflow/example_dags/example_sensors.py
[2025-02-01T00:13:57.960+0000] {processor.py:925} INFO - DAG(s) 'example_sensors' retrieved from /home/airflow/.local/lib/python3.12/site-packages/airflow/example_dags/example_sensors.py
[2025-02-01T00:13:57.993+0000] {logging_mixin.py:190} INFO - [2025-02-01T00:13:57.993+0000] {dag.py:3211} INFO - Sync 1 DAGs
[2025-02-01T00:13:58.006+0000] {logging_mixin.py:190} INFO - [2025-02-01T00:13:58.006+0000] {dag.py:4138} INFO - Setting next_dagrun for example_sensors to None, run_after=None
[2025-02-01T00:13:58.027+0000] {processor.py:208} INFO - Processing /home/airflow/.local/lib/python3.12/site-packages/airflow/example_dags/example_sensors.py took 0.083 seconds
[2025-02-01T00:14:28.315+0000] {processor.py:186} INFO - Started process (PID=26863) to work on /home/airflow/.local/lib/python3.12/site-packages/airflow/example_dags/example_sensors.py
[2025-02-01T00:14:28.316+0000] {processor.py:914} INFO - Processing file /home/airflow/.local/lib/python3.12/site-packages/airflow/example_dags/example_sensors.py for tasks to queue
[2025-02-01T00:14:28.317+0000] {logging_mixin.py:190} INFO - [2025-02-01T00:14:28.317+0000] {dagbag.py:587} INFO - Filling up the DagBag from /home/airflow/.local/lib/python3.12/site-packages/airflow/example_dags/example_sensors.py
[2025-02-01T00:14:28.326+0000] {processor.py:925} INFO - DAG(s) 'example_sensors' retrieved from /home/airflow/.local/lib/python3.12/site-packages/airflow/example_dags/example_sensors.py
[2025-02-01T00:14:28.348+0000] {logging_mixin.py:190} INFO - [2025-02-01T00:14:28.348+0000] {dag.py:3211} INFO - Sync 1 DAGs
[2025-02-01T00:14:28.360+0000] {logging_mixin.py:190} INFO - [2025-02-01T00:14:28.360+0000] {dag.py:4138} INFO - Setting next_dagrun for example_sensors to None, run_after=None
[2025-02-01T00:14:28.378+0000] {processor.py:208} INFO - Processing /home/airflow/.local/lib/python3.12/site-packages/airflow/example_dags/example_sensors.py took 0.068 seconds
[2025-02-01T00:14:58.583+0000] {processor.py:186} INFO - Started process (PID=26926) to work on /home/airflow/.local/lib/python3.12/site-packages/airflow/example_dags/example_sensors.py
[2025-02-01T00:14:58.584+0000] {processor.py:914} INFO - Processing file /home/airflow/.local/lib/python3.12/site-packages/airflow/example_dags/example_sensors.py for tasks to queue
[2025-02-01T00:14:58.585+0000] {logging_mixin.py:190} INFO - [2025-02-01T00:14:58.585+0000] {dagbag.py:587} INFO - Filling up the DagBag from /home/airflow/.local/lib/python3.12/site-packages/airflow/example_dags/example_sensors.py
[2025-02-01T00:14:58.598+0000] {processor.py:925} INFO - DAG(s) 'example_sensors' retrieved from /home/airflow/.local/lib/python3.12/site-packages/airflow/example_dags/example_sensors.py
[2025-02-01T00:14:58.630+0000] {logging_mixin.py:190} INFO - [2025-02-01T00:14:58.630+0000] {dag.py:3211} INFO - Sync 1 DAGs
[2025-02-01T00:14:58.645+0000] {logging_mixin.py:190} INFO - [2025-02-01T00:14:58.645+0000] {dag.py:4138} INFO - Setting next_dagrun for example_sensors to None, run_after=None
[2025-02-01T00:14:58.665+0000] {processor.py:208} INFO - Processing /home/airflow/.local/lib/python3.12/site-packages/airflow/example_dags/example_sensors.py took 0.088 seconds
[2025-02-01T00:15:29.194+0000] {processor.py:186} INFO - Started process (PID=26989) to work on /home/airflow/.local/lib/python3.12/site-packages/airflow/example_dags/example_sensors.py
[2025-02-01T00:15:29.195+0000] {processor.py:914} INFO - Processing file /home/airflow/.local/lib/python3.12/site-packages/airflow/example_dags/example_sensors.py for tasks to queue
[2025-02-01T00:15:29.196+0000] {logging_mixin.py:190} INFO - [2025-02-01T00:15:29.196+0000] {dagbag.py:587} INFO - Filling up the DagBag from /home/airflow/.local/lib/python3.12/site-packages/airflow/example_dags/example_sensors.py
[2025-02-01T00:15:29.206+0000] {processor.py:925} INFO - DAG(s) 'example_sensors' retrieved from /home/airflow/.local/lib/python3.12/site-packages/airflow/example_dags/example_sensors.py
[2025-02-01T00:15:29.228+0000] {logging_mixin.py:190} INFO - [2025-02-01T00:15:29.228+0000] {dag.py:3211} INFO - Sync 1 DAGs
[2025-02-01T00:15:29.241+0000] {logging_mixin.py:190} INFO - [2025-02-01T00:15:29.240+0000] {dag.py:4138} INFO - Setting next_dagrun for example_sensors to None, run_after=None
[2025-02-01T00:15:29.257+0000] {processor.py:208} INFO - Processing /home/airflow/.local/lib/python3.12/site-packages/airflow/example_dags/example_sensors.py took 0.068 seconds
[2025-02-01T00:15:59.397+0000] {processor.py:186} INFO - Started process (PID=27052) to work on /home/airflow/.local/lib/python3.12/site-packages/airflow/example_dags/example_sensors.py
[2025-02-01T00:15:59.398+0000] {processor.py:914} INFO - Processing file /home/airflow/.local/lib/python3.12/site-packages/airflow/example_dags/example_sensors.py for tasks to queue
[2025-02-01T00:15:59.399+0000] {logging_mixin.py:190} INFO - [2025-02-01T00:15:59.398+0000] {dagbag.py:587} INFO - Filling up the DagBag from /home/airflow/.local/lib/python3.12/site-packages/airflow/example_dags/example_sensors.py
[2025-02-01T00:15:59.408+0000] {processor.py:925} INFO - DAG(s) 'example_sensors' retrieved from /home/airflow/.local/lib/python3.12/site-packages/airflow/example_dags/example_sensors.py
[2025-02-01T00:15:59.429+0000] {logging_mixin.py:190} INFO - [2025-02-01T00:15:59.429+0000] {dag.py:3211} INFO - Sync 1 DAGs
[2025-02-01T00:15:59.442+0000] {logging_mixin.py:190} INFO - [2025-02-01T00:15:59.442+0000] {dag.py:4138} INFO - Setting next_dagrun for example_sensors to None, run_after=None
[2025-02-01T00:15:59.460+0000] {processor.py:208} INFO - Processing /home/airflow/.local/lib/python3.12/site-packages/airflow/example_dags/example_sensors.py took 0.068 seconds
