[2025-02-01T00:00:09.857+0000] {processor.py:186} INFO - Started process (PID=25077) to work on /home/airflow/.local/lib/python3.12/site-packages/airflow/example_dags/example_xcomargs.py
[2025-02-01T00:00:09.858+0000] {processor.py:914} INFO - Processing file /home/airflow/.local/lib/python3.12/site-packages/airflow/example_dags/example_xcomargs.py for tasks to queue
[2025-02-01T00:00:09.859+0000] {logging_mixin.py:190} INFO - [2025-02-01T00:00:09.859+0000] {dagbag.py:587} INFO - Filling up the DagBag from /home/airflow/.local/lib/python3.12/site-packages/airflow/example_dags/example_xcomargs.py
[2025-02-01T00:00:09.867+0000] {processor.py:925} INFO - DAG(s) 'example_xcom_args', 'example_xcom_args_with_operators' retrieved from /home/airflow/.local/lib/python3.12/site-packages/airflow/example_dags/example_xcomargs.py
[2025-02-01T00:00:09.889+0000] {logging_mixin.py:190} INFO - [2025-02-01T00:00:09.888+0000] {dag.py:3211} INFO - Sync 2 DAGs
[2025-02-01T00:00:09.901+0000] {logging_mixin.py:190} INFO - [2025-02-01T00:00:09.901+0000] {dag.py:4138} INFO - Setting next_dagrun for example_xcom_args to None, run_after=None
[2025-02-01T00:00:09.906+0000] {logging_mixin.py:190} INFO - [2025-02-01T00:00:09.905+0000] {dag.py:4138} INFO - Setting next_dagrun for example_xcom_args_with_operators to None, run_after=None
[2025-02-01T00:00:09.928+0000] {processor.py:208} INFO - Processing /home/airflow/.local/lib/python3.12/site-packages/airflow/example_dags/example_xcomargs.py took 0.076 seconds
[2025-02-01T00:00:40.487+0000] {processor.py:186} INFO - Started process (PID=25140) to work on /home/airflow/.local/lib/python3.12/site-packages/airflow/example_dags/example_xcomargs.py
[2025-02-01T00:00:40.487+0000] {processor.py:914} INFO - Processing file /home/airflow/.local/lib/python3.12/site-packages/airflow/example_dags/example_xcomargs.py for tasks to queue
[2025-02-01T00:00:40.488+0000] {logging_mixin.py:190} INFO - [2025-02-01T00:00:40.488+0000] {dagbag.py:587} INFO - Filling up the DagBag from /home/airflow/.local/lib/python3.12/site-packages/airflow/example_dags/example_xcomargs.py
[2025-02-01T00:00:40.497+0000] {processor.py:925} INFO - DAG(s) 'example_xcom_args', 'example_xcom_args_with_operators' retrieved from /home/airflow/.local/lib/python3.12/site-packages/airflow/example_dags/example_xcomargs.py
[2025-02-01T00:00:40.518+0000] {logging_mixin.py:190} INFO - [2025-02-01T00:00:40.518+0000] {dag.py:3211} INFO - Sync 2 DAGs
[2025-02-01T00:00:40.531+0000] {logging_mixin.py:190} INFO - [2025-02-01T00:00:40.531+0000] {dag.py:4138} INFO - Setting next_dagrun for example_xcom_args to None, run_after=None
[2025-02-01T00:00:40.535+0000] {logging_mixin.py:190} INFO - [2025-02-01T00:00:40.534+0000] {dag.py:4138} INFO - Setting next_dagrun for example_xcom_args_with_operators to None, run_after=None
[2025-02-01T00:00:40.551+0000] {processor.py:208} INFO - Processing /home/airflow/.local/lib/python3.12/site-packages/airflow/example_dags/example_xcomargs.py took 0.069 seconds
[2025-02-01T00:01:10.785+0000] {processor.py:186} INFO - Started process (PID=25203) to work on /home/airflow/.local/lib/python3.12/site-packages/airflow/example_dags/example_xcomargs.py
[2025-02-01T00:01:10.786+0000] {processor.py:914} INFO - Processing file /home/airflow/.local/lib/python3.12/site-packages/airflow/example_dags/example_xcomargs.py for tasks to queue
[2025-02-01T00:01:10.787+0000] {logging_mixin.py:190} INFO - [2025-02-01T00:01:10.787+0000] {dagbag.py:587} INFO - Filling up the DagBag from /home/airflow/.local/lib/python3.12/site-packages/airflow/example_dags/example_xcomargs.py
[2025-02-01T00:01:10.796+0000] {processor.py:925} INFO - DAG(s) 'example_xcom_args_with_operators', 'example_xcom_args' retrieved from /home/airflow/.local/lib/python3.12/site-packages/airflow/example_dags/example_xcomargs.py
[2025-02-01T00:01:10.818+0000] {logging_mixin.py:190} INFO - [2025-02-01T00:01:10.818+0000] {dag.py:3211} INFO - Sync 2 DAGs
[2025-02-01T00:01:10.832+0000] {logging_mixin.py:190} INFO - [2025-02-01T00:01:10.831+0000] {dag.py:4138} INFO - Setting next_dagrun for example_xcom_args to None, run_after=None
[2025-02-01T00:01:10.835+0000] {logging_mixin.py:190} INFO - [2025-02-01T00:01:10.835+0000] {dag.py:4138} INFO - Setting next_dagrun for example_xcom_args_with_operators to None, run_after=None
[2025-02-01T00:01:10.852+0000] {processor.py:208} INFO - Processing /home/airflow/.local/lib/python3.12/site-packages/airflow/example_dags/example_xcomargs.py took 0.073 seconds
[2025-02-01T00:01:40.947+0000] {processor.py:186} INFO - Started process (PID=25265) to work on /home/airflow/.local/lib/python3.12/site-packages/airflow/example_dags/example_xcomargs.py
[2025-02-01T00:01:40.948+0000] {processor.py:914} INFO - Processing file /home/airflow/.local/lib/python3.12/site-packages/airflow/example_dags/example_xcomargs.py for tasks to queue
[2025-02-01T00:01:40.950+0000] {logging_mixin.py:190} INFO - [2025-02-01T00:01:40.949+0000] {dagbag.py:587} INFO - Filling up the DagBag from /home/airflow/.local/lib/python3.12/site-packages/airflow/example_dags/example_xcomargs.py
[2025-02-01T00:01:40.958+0000] {processor.py:925} INFO - DAG(s) 'example_xcom_args_with_operators', 'example_xcom_args' retrieved from /home/airflow/.local/lib/python3.12/site-packages/airflow/example_dags/example_xcomargs.py
[2025-02-01T00:01:40.980+0000] {logging_mixin.py:190} INFO - [2025-02-01T00:01:40.980+0000] {dag.py:3211} INFO - Sync 2 DAGs
[2025-02-01T00:01:40.993+0000] {logging_mixin.py:190} INFO - [2025-02-01T00:01:40.993+0000] {dag.py:4138} INFO - Setting next_dagrun for example_xcom_args to None, run_after=None
[2025-02-01T00:01:40.996+0000] {logging_mixin.py:190} INFO - [2025-02-01T00:01:40.996+0000] {dag.py:4138} INFO - Setting next_dagrun for example_xcom_args_with_operators to None, run_after=None
[2025-02-01T00:01:41.025+0000] {processor.py:208} INFO - Processing /home/airflow/.local/lib/python3.12/site-packages/airflow/example_dags/example_xcomargs.py took 0.082 seconds
[2025-02-01T00:02:11.210+0000] {processor.py:186} INFO - Started process (PID=25328) to work on /home/airflow/.local/lib/python3.12/site-packages/airflow/example_dags/example_xcomargs.py
[2025-02-01T00:02:11.211+0000] {processor.py:914} INFO - Processing file /home/airflow/.local/lib/python3.12/site-packages/airflow/example_dags/example_xcomargs.py for tasks to queue
[2025-02-01T00:02:11.212+0000] {logging_mixin.py:190} INFO - [2025-02-01T00:02:11.212+0000] {dagbag.py:587} INFO - Filling up the DagBag from /home/airflow/.local/lib/python3.12/site-packages/airflow/example_dags/example_xcomargs.py
[2025-02-01T00:02:11.220+0000] {processor.py:925} INFO - DAG(s) 'example_xcom_args', 'example_xcom_args_with_operators' retrieved from /home/airflow/.local/lib/python3.12/site-packages/airflow/example_dags/example_xcomargs.py
[2025-02-01T00:02:11.241+0000] {logging_mixin.py:190} INFO - [2025-02-01T00:02:11.241+0000] {dag.py:3211} INFO - Sync 2 DAGs
[2025-02-01T00:02:11.255+0000] {logging_mixin.py:190} INFO - [2025-02-01T00:02:11.254+0000] {dag.py:4138} INFO - Setting next_dagrun for example_xcom_args to None, run_after=None
[2025-02-01T00:02:11.259+0000] {logging_mixin.py:190} INFO - [2025-02-01T00:02:11.258+0000] {dag.py:4138} INFO - Setting next_dagrun for example_xcom_args_with_operators to None, run_after=None
[2025-02-01T00:02:11.275+0000] {processor.py:208} INFO - Processing /home/airflow/.local/lib/python3.12/site-packages/airflow/example_dags/example_xcomargs.py took 0.069 seconds
[2025-02-01T00:02:41.435+0000] {processor.py:186} INFO - Started process (PID=25391) to work on /home/airflow/.local/lib/python3.12/site-packages/airflow/example_dags/example_xcomargs.py
[2025-02-01T00:02:41.436+0000] {processor.py:914} INFO - Processing file /home/airflow/.local/lib/python3.12/site-packages/airflow/example_dags/example_xcomargs.py for tasks to queue
[2025-02-01T00:02:41.437+0000] {logging_mixin.py:190} INFO - [2025-02-01T00:02:41.437+0000] {dagbag.py:587} INFO - Filling up the DagBag from /home/airflow/.local/lib/python3.12/site-packages/airflow/example_dags/example_xcomargs.py
[2025-02-01T00:02:41.445+0000] {processor.py:925} INFO - DAG(s) 'example_xcom_args', 'example_xcom_args_with_operators' retrieved from /home/airflow/.local/lib/python3.12/site-packages/airflow/example_dags/example_xcomargs.py
[2025-02-01T00:02:41.469+0000] {logging_mixin.py:190} INFO - [2025-02-01T00:02:41.469+0000] {dag.py:3211} INFO - Sync 2 DAGs
[2025-02-01T00:02:41.485+0000] {logging_mixin.py:190} INFO - [2025-02-01T00:02:41.485+0000] {dag.py:4138} INFO - Setting next_dagrun for example_xcom_args to None, run_after=None
[2025-02-01T00:02:41.489+0000] {logging_mixin.py:190} INFO - [2025-02-01T00:02:41.488+0000] {dag.py:4138} INFO - Setting next_dagrun for example_xcom_args_with_operators to None, run_after=None
[2025-02-01T00:02:41.506+0000] {processor.py:208} INFO - Processing /home/airflow/.local/lib/python3.12/site-packages/airflow/example_dags/example_xcomargs.py took 0.076 seconds
[2025-02-01T00:03:11.649+0000] {processor.py:186} INFO - Started process (PID=25454) to work on /home/airflow/.local/lib/python3.12/site-packages/airflow/example_dags/example_xcomargs.py
[2025-02-01T00:03:11.650+0000] {processor.py:914} INFO - Processing file /home/airflow/.local/lib/python3.12/site-packages/airflow/example_dags/example_xcomargs.py for tasks to queue
[2025-02-01T00:03:11.651+0000] {logging_mixin.py:190} INFO - [2025-02-01T00:03:11.651+0000] {dagbag.py:587} INFO - Filling up the DagBag from /home/airflow/.local/lib/python3.12/site-packages/airflow/example_dags/example_xcomargs.py
[2025-02-01T00:03:11.661+0000] {processor.py:925} INFO - DAG(s) 'example_xcom_args_with_operators', 'example_xcom_args' retrieved from /home/airflow/.local/lib/python3.12/site-packages/airflow/example_dags/example_xcomargs.py
[2025-02-01T00:03:11.683+0000] {logging_mixin.py:190} INFO - [2025-02-01T00:03:11.682+0000] {dag.py:3211} INFO - Sync 2 DAGs
[2025-02-01T00:03:11.697+0000] {logging_mixin.py:190} INFO - [2025-02-01T00:03:11.696+0000] {dag.py:4138} INFO - Setting next_dagrun for example_xcom_args to None, run_after=None
[2025-02-01T00:03:11.700+0000] {logging_mixin.py:190} INFO - [2025-02-01T00:03:11.700+0000] {dag.py:4138} INFO - Setting next_dagrun for example_xcom_args_with_operators to None, run_after=None
[2025-02-01T00:03:11.716+0000] {processor.py:208} INFO - Processing /home/airflow/.local/lib/python3.12/site-packages/airflow/example_dags/example_xcomargs.py took 0.072 seconds
[2025-02-01T00:03:41.907+0000] {processor.py:186} INFO - Started process (PID=25517) to work on /home/airflow/.local/lib/python3.12/site-packages/airflow/example_dags/example_xcomargs.py
[2025-02-01T00:03:41.908+0000] {processor.py:914} INFO - Processing file /home/airflow/.local/lib/python3.12/site-packages/airflow/example_dags/example_xcomargs.py for tasks to queue
[2025-02-01T00:03:41.909+0000] {logging_mixin.py:190} INFO - [2025-02-01T00:03:41.909+0000] {dagbag.py:587} INFO - Filling up the DagBag from /home/airflow/.local/lib/python3.12/site-packages/airflow/example_dags/example_xcomargs.py
[2025-02-01T00:03:41.918+0000] {processor.py:925} INFO - DAG(s) 'example_xcom_args', 'example_xcom_args_with_operators' retrieved from /home/airflow/.local/lib/python3.12/site-packages/airflow/example_dags/example_xcomargs.py
[2025-02-01T00:03:41.939+0000] {logging_mixin.py:190} INFO - [2025-02-01T00:03:41.939+0000] {dag.py:3211} INFO - Sync 2 DAGs
[2025-02-01T00:03:41.952+0000] {logging_mixin.py:190} INFO - [2025-02-01T00:03:41.952+0000] {dag.py:4138} INFO - Setting next_dagrun for example_xcom_args to None, run_after=None
[2025-02-01T00:03:41.956+0000] {logging_mixin.py:190} INFO - [2025-02-01T00:03:41.956+0000] {dag.py:4138} INFO - Setting next_dagrun for example_xcom_args_with_operators to None, run_after=None
[2025-02-01T00:03:41.972+0000] {processor.py:208} INFO - Processing /home/airflow/.local/lib/python3.12/site-packages/airflow/example_dags/example_xcomargs.py took 0.070 seconds
[2025-02-01T00:04:12.203+0000] {processor.py:186} INFO - Started process (PID=25580) to work on /home/airflow/.local/lib/python3.12/site-packages/airflow/example_dags/example_xcomargs.py
[2025-02-01T00:04:12.203+0000] {processor.py:914} INFO - Processing file /home/airflow/.local/lib/python3.12/site-packages/airflow/example_dags/example_xcomargs.py for tasks to queue
[2025-02-01T00:04:12.205+0000] {logging_mixin.py:190} INFO - [2025-02-01T00:04:12.204+0000] {dagbag.py:587} INFO - Filling up the DagBag from /home/airflow/.local/lib/python3.12/site-packages/airflow/example_dags/example_xcomargs.py
[2025-02-01T00:04:12.212+0000] {processor.py:925} INFO - DAG(s) 'example_xcom_args_with_operators', 'example_xcom_args' retrieved from /home/airflow/.local/lib/python3.12/site-packages/airflow/example_dags/example_xcomargs.py
[2025-02-01T00:04:12.231+0000] {logging_mixin.py:190} INFO - [2025-02-01T00:04:12.231+0000] {dag.py:3211} INFO - Sync 2 DAGs
[2025-02-01T00:04:12.242+0000] {logging_mixin.py:190} INFO - [2025-02-01T00:04:12.242+0000] {dag.py:4138} INFO - Setting next_dagrun for example_xcom_args to None, run_after=None
[2025-02-01T00:04:12.246+0000] {logging_mixin.py:190} INFO - [2025-02-01T00:04:12.245+0000] {dag.py:4138} INFO - Setting next_dagrun for example_xcom_args_with_operators to None, run_after=None
[2025-02-01T00:04:12.260+0000] {processor.py:208} INFO - Processing /home/airflow/.local/lib/python3.12/site-packages/airflow/example_dags/example_xcomargs.py took 0.062 seconds
[2025-02-01T00:04:42.344+0000] {processor.py:186} INFO - Started process (PID=25643) to work on /home/airflow/.local/lib/python3.12/site-packages/airflow/example_dags/example_xcomargs.py
[2025-02-01T00:04:42.345+0000] {processor.py:914} INFO - Processing file /home/airflow/.local/lib/python3.12/site-packages/airflow/example_dags/example_xcomargs.py for tasks to queue
[2025-02-01T00:04:42.346+0000] {logging_mixin.py:190} INFO - [2025-02-01T00:04:42.346+0000] {dagbag.py:587} INFO - Filling up the DagBag from /home/airflow/.local/lib/python3.12/site-packages/airflow/example_dags/example_xcomargs.py
[2025-02-01T00:04:42.354+0000] {processor.py:925} INFO - DAG(s) 'example_xcom_args', 'example_xcom_args_with_operators' retrieved from /home/airflow/.local/lib/python3.12/site-packages/airflow/example_dags/example_xcomargs.py
[2025-02-01T00:04:42.373+0000] {logging_mixin.py:190} INFO - [2025-02-01T00:04:42.373+0000] {dag.py:3211} INFO - Sync 2 DAGs
[2025-02-01T00:04:42.385+0000] {logging_mixin.py:190} INFO - [2025-02-01T00:04:42.384+0000] {dag.py:4138} INFO - Setting next_dagrun for example_xcom_args to None, run_after=None
[2025-02-01T00:04:42.388+0000] {logging_mixin.py:190} INFO - [2025-02-01T00:04:42.388+0000] {dag.py:4138} INFO - Setting next_dagrun for example_xcom_args_with_operators to None, run_after=None
[2025-02-01T00:04:42.402+0000] {processor.py:208} INFO - Processing /home/airflow/.local/lib/python3.12/site-packages/airflow/example_dags/example_xcomargs.py took 0.062 seconds
[2025-02-01T00:05:12.605+0000] {processor.py:186} INFO - Started process (PID=25706) to work on /home/airflow/.local/lib/python3.12/site-packages/airflow/example_dags/example_xcomargs.py
[2025-02-01T00:05:12.606+0000] {processor.py:914} INFO - Processing file /home/airflow/.local/lib/python3.12/site-packages/airflow/example_dags/example_xcomargs.py for tasks to queue
[2025-02-01T00:05:12.607+0000] {logging_mixin.py:190} INFO - [2025-02-01T00:05:12.607+0000] {dagbag.py:587} INFO - Filling up the DagBag from /home/airflow/.local/lib/python3.12/site-packages/airflow/example_dags/example_xcomargs.py
[2025-02-01T00:05:12.616+0000] {processor.py:925} INFO - DAG(s) 'example_xcom_args', 'example_xcom_args_with_operators' retrieved from /home/airflow/.local/lib/python3.12/site-packages/airflow/example_dags/example_xcomargs.py
[2025-02-01T00:05:12.637+0000] {logging_mixin.py:190} INFO - [2025-02-01T00:05:12.637+0000] {dag.py:3211} INFO - Sync 2 DAGs
[2025-02-01T00:05:12.650+0000] {logging_mixin.py:190} INFO - [2025-02-01T00:05:12.650+0000] {dag.py:4138} INFO - Setting next_dagrun for example_xcom_args to None, run_after=None
[2025-02-01T00:05:12.653+0000] {logging_mixin.py:190} INFO - [2025-02-01T00:05:12.653+0000] {dag.py:4138} INFO - Setting next_dagrun for example_xcom_args_with_operators to None, run_after=None
[2025-02-01T00:05:12.670+0000] {processor.py:208} INFO - Processing /home/airflow/.local/lib/python3.12/site-packages/airflow/example_dags/example_xcomargs.py took 0.071 seconds
[2025-02-01T00:05:42.880+0000] {processor.py:186} INFO - Started process (PID=25769) to work on /home/airflow/.local/lib/python3.12/site-packages/airflow/example_dags/example_xcomargs.py
[2025-02-01T00:05:42.881+0000] {processor.py:914} INFO - Processing file /home/airflow/.local/lib/python3.12/site-packages/airflow/example_dags/example_xcomargs.py for tasks to queue
[2025-02-01T00:05:42.882+0000] {logging_mixin.py:190} INFO - [2025-02-01T00:05:42.882+0000] {dagbag.py:587} INFO - Filling up the DagBag from /home/airflow/.local/lib/python3.12/site-packages/airflow/example_dags/example_xcomargs.py
[2025-02-01T00:05:42.890+0000] {processor.py:925} INFO - DAG(s) 'example_xcom_args', 'example_xcom_args_with_operators' retrieved from /home/airflow/.local/lib/python3.12/site-packages/airflow/example_dags/example_xcomargs.py
[2025-02-01T00:05:42.911+0000] {logging_mixin.py:190} INFO - [2025-02-01T00:05:42.911+0000] {dag.py:3211} INFO - Sync 2 DAGs
[2025-02-01T00:05:42.925+0000] {logging_mixin.py:190} INFO - [2025-02-01T00:05:42.925+0000] {dag.py:4138} INFO - Setting next_dagrun for example_xcom_args to None, run_after=None
[2025-02-01T00:05:42.928+0000] {logging_mixin.py:190} INFO - [2025-02-01T00:05:42.928+0000] {dag.py:4138} INFO - Setting next_dagrun for example_xcom_args_with_operators to None, run_after=None
[2025-02-01T00:05:42.950+0000] {processor.py:208} INFO - Processing /home/airflow/.local/lib/python3.12/site-packages/airflow/example_dags/example_xcomargs.py took 0.075 seconds
[2025-02-01T00:06:13.065+0000] {processor.py:186} INFO - Started process (PID=25832) to work on /home/airflow/.local/lib/python3.12/site-packages/airflow/example_dags/example_xcomargs.py
[2025-02-01T00:06:13.066+0000] {processor.py:914} INFO - Processing file /home/airflow/.local/lib/python3.12/site-packages/airflow/example_dags/example_xcomargs.py for tasks to queue
[2025-02-01T00:06:13.068+0000] {logging_mixin.py:190} INFO - [2025-02-01T00:06:13.067+0000] {dagbag.py:587} INFO - Filling up the DagBag from /home/airflow/.local/lib/python3.12/site-packages/airflow/example_dags/example_xcomargs.py
[2025-02-01T00:06:13.076+0000] {processor.py:925} INFO - DAG(s) 'example_xcom_args_with_operators', 'example_xcom_args' retrieved from /home/airflow/.local/lib/python3.12/site-packages/airflow/example_dags/example_xcomargs.py
[2025-02-01T00:06:13.097+0000] {logging_mixin.py:190} INFO - [2025-02-01T00:06:13.097+0000] {dag.py:3211} INFO - Sync 2 DAGs
[2025-02-01T00:06:13.109+0000] {logging_mixin.py:190} INFO - [2025-02-01T00:06:13.109+0000] {dag.py:4138} INFO - Setting next_dagrun for example_xcom_args to None, run_after=None
[2025-02-01T00:06:13.113+0000] {logging_mixin.py:190} INFO - [2025-02-01T00:06:13.112+0000] {dag.py:4138} INFO - Setting next_dagrun for example_xcom_args_with_operators to None, run_after=None
[2025-02-01T00:06:13.130+0000] {processor.py:208} INFO - Processing /home/airflow/.local/lib/python3.12/site-packages/airflow/example_dags/example_xcomargs.py took 0.069 seconds
[2025-02-01T00:06:43.231+0000] {processor.py:186} INFO - Started process (PID=25895) to work on /home/airflow/.local/lib/python3.12/site-packages/airflow/example_dags/example_xcomargs.py
[2025-02-01T00:06:43.232+0000] {processor.py:914} INFO - Processing file /home/airflow/.local/lib/python3.12/site-packages/airflow/example_dags/example_xcomargs.py for tasks to queue
[2025-02-01T00:06:43.233+0000] {logging_mixin.py:190} INFO - [2025-02-01T00:06:43.233+0000] {dagbag.py:587} INFO - Filling up the DagBag from /home/airflow/.local/lib/python3.12/site-packages/airflow/example_dags/example_xcomargs.py
[2025-02-01T00:06:43.241+0000] {processor.py:925} INFO - DAG(s) 'example_xcom_args', 'example_xcom_args_with_operators' retrieved from /home/airflow/.local/lib/python3.12/site-packages/airflow/example_dags/example_xcomargs.py
[2025-02-01T00:06:43.263+0000] {logging_mixin.py:190} INFO - [2025-02-01T00:06:43.263+0000] {dag.py:3211} INFO - Sync 2 DAGs
[2025-02-01T00:06:43.276+0000] {logging_mixin.py:190} INFO - [2025-02-01T00:06:43.276+0000] {dag.py:4138} INFO - Setting next_dagrun for example_xcom_args to None, run_after=None
[2025-02-01T00:06:43.280+0000] {logging_mixin.py:190} INFO - [2025-02-01T00:06:43.280+0000] {dag.py:4138} INFO - Setting next_dagrun for example_xcom_args_with_operators to None, run_after=None
[2025-02-01T00:06:43.296+0000] {processor.py:208} INFO - Processing /home/airflow/.local/lib/python3.12/site-packages/airflow/example_dags/example_xcomargs.py took 0.069 seconds
[2025-02-01T00:07:13.418+0000] {processor.py:186} INFO - Started process (PID=25957) to work on /home/airflow/.local/lib/python3.12/site-packages/airflow/example_dags/example_xcomargs.py
[2025-02-01T00:07:13.419+0000] {processor.py:914} INFO - Processing file /home/airflow/.local/lib/python3.12/site-packages/airflow/example_dags/example_xcomargs.py for tasks to queue
[2025-02-01T00:07:13.420+0000] {logging_mixin.py:190} INFO - [2025-02-01T00:07:13.420+0000] {dagbag.py:587} INFO - Filling up the DagBag from /home/airflow/.local/lib/python3.12/site-packages/airflow/example_dags/example_xcomargs.py
[2025-02-01T00:07:13.428+0000] {processor.py:925} INFO - DAG(s) 'example_xcom_args', 'example_xcom_args_with_operators' retrieved from /home/airflow/.local/lib/python3.12/site-packages/airflow/example_dags/example_xcomargs.py
[2025-02-01T00:07:13.449+0000] {logging_mixin.py:190} INFO - [2025-02-01T00:07:13.449+0000] {dag.py:3211} INFO - Sync 2 DAGs
[2025-02-01T00:07:13.463+0000] {logging_mixin.py:190} INFO - [2025-02-01T00:07:13.463+0000] {dag.py:4138} INFO - Setting next_dagrun for example_xcom_args to None, run_after=None
[2025-02-01T00:07:13.467+0000] {logging_mixin.py:190} INFO - [2025-02-01T00:07:13.467+0000] {dag.py:4138} INFO - Setting next_dagrun for example_xcom_args_with_operators to None, run_after=None
[2025-02-01T00:07:13.483+0000] {processor.py:208} INFO - Processing /home/airflow/.local/lib/python3.12/site-packages/airflow/example_dags/example_xcomargs.py took 0.070 seconds
[2025-02-01T00:07:43.829+0000] {processor.py:186} INFO - Started process (PID=26021) to work on /home/airflow/.local/lib/python3.12/site-packages/airflow/example_dags/example_xcomargs.py
[2025-02-01T00:07:43.830+0000] {processor.py:914} INFO - Processing file /home/airflow/.local/lib/python3.12/site-packages/airflow/example_dags/example_xcomargs.py for tasks to queue
[2025-02-01T00:07:43.831+0000] {logging_mixin.py:190} INFO - [2025-02-01T00:07:43.831+0000] {dagbag.py:587} INFO - Filling up the DagBag from /home/airflow/.local/lib/python3.12/site-packages/airflow/example_dags/example_xcomargs.py
[2025-02-01T00:07:43.840+0000] {processor.py:925} INFO - DAG(s) 'example_xcom_args_with_operators', 'example_xcom_args' retrieved from /home/airflow/.local/lib/python3.12/site-packages/airflow/example_dags/example_xcomargs.py
[2025-02-01T00:07:43.863+0000] {logging_mixin.py:190} INFO - [2025-02-01T00:07:43.862+0000] {dag.py:3211} INFO - Sync 2 DAGs
[2025-02-01T00:07:43.876+0000] {logging_mixin.py:190} INFO - [2025-02-01T00:07:43.875+0000] {dag.py:4138} INFO - Setting next_dagrun for example_xcom_args to None, run_after=None
[2025-02-01T00:07:43.880+0000] {logging_mixin.py:190} INFO - [2025-02-01T00:07:43.880+0000] {dag.py:4138} INFO - Setting next_dagrun for example_xcom_args_with_operators to None, run_after=None
[2025-02-01T00:07:43.900+0000] {processor.py:208} INFO - Processing /home/airflow/.local/lib/python3.12/site-packages/airflow/example_dags/example_xcomargs.py took 0.076 seconds
[2025-02-01T00:08:14.205+0000] {processor.py:186} INFO - Started process (PID=26084) to work on /home/airflow/.local/lib/python3.12/site-packages/airflow/example_dags/example_xcomargs.py
[2025-02-01T00:08:14.206+0000] {processor.py:914} INFO - Processing file /home/airflow/.local/lib/python3.12/site-packages/airflow/example_dags/example_xcomargs.py for tasks to queue
[2025-02-01T00:08:14.207+0000] {logging_mixin.py:190} INFO - [2025-02-01T00:08:14.207+0000] {dagbag.py:587} INFO - Filling up the DagBag from /home/airflow/.local/lib/python3.12/site-packages/airflow/example_dags/example_xcomargs.py
[2025-02-01T00:08:14.216+0000] {processor.py:925} INFO - DAG(s) 'example_xcom_args', 'example_xcom_args_with_operators' retrieved from /home/airflow/.local/lib/python3.12/site-packages/airflow/example_dags/example_xcomargs.py
[2025-02-01T00:08:14.238+0000] {logging_mixin.py:190} INFO - [2025-02-01T00:08:14.237+0000] {dag.py:3211} INFO - Sync 2 DAGs
[2025-02-01T00:08:14.251+0000] {logging_mixin.py:190} INFO - [2025-02-01T00:08:14.251+0000] {dag.py:4138} INFO - Setting next_dagrun for example_xcom_args to None, run_after=None
[2025-02-01T00:08:14.256+0000] {logging_mixin.py:190} INFO - [2025-02-01T00:08:14.255+0000] {dag.py:4138} INFO - Setting next_dagrun for example_xcom_args_with_operators to None, run_after=None
[2025-02-01T00:08:14.271+0000] {processor.py:208} INFO - Processing /home/airflow/.local/lib/python3.12/site-packages/airflow/example_dags/example_xcomargs.py took 0.071 seconds
[2025-02-01T00:08:44.530+0000] {processor.py:186} INFO - Started process (PID=26147) to work on /home/airflow/.local/lib/python3.12/site-packages/airflow/example_dags/example_xcomargs.py
[2025-02-01T00:08:44.531+0000] {processor.py:914} INFO - Processing file /home/airflow/.local/lib/python3.12/site-packages/airflow/example_dags/example_xcomargs.py for tasks to queue
[2025-02-01T00:08:44.532+0000] {logging_mixin.py:190} INFO - [2025-02-01T00:08:44.532+0000] {dagbag.py:587} INFO - Filling up the DagBag from /home/airflow/.local/lib/python3.12/site-packages/airflow/example_dags/example_xcomargs.py
[2025-02-01T00:08:44.540+0000] {processor.py:925} INFO - DAG(s) 'example_xcom_args_with_operators', 'example_xcom_args' retrieved from /home/airflow/.local/lib/python3.12/site-packages/airflow/example_dags/example_xcomargs.py
[2025-02-01T00:08:44.563+0000] {logging_mixin.py:190} INFO - [2025-02-01T00:08:44.562+0000] {dag.py:3211} INFO - Sync 2 DAGs
[2025-02-01T00:08:44.575+0000] {logging_mixin.py:190} INFO - [2025-02-01T00:08:44.575+0000] {dag.py:4138} INFO - Setting next_dagrun for example_xcom_args to None, run_after=None
[2025-02-01T00:08:44.579+0000] {logging_mixin.py:190} INFO - [2025-02-01T00:08:44.579+0000] {dag.py:4138} INFO - Setting next_dagrun for example_xcom_args_with_operators to None, run_after=None
[2025-02-01T00:08:44.596+0000] {processor.py:208} INFO - Processing /home/airflow/.local/lib/python3.12/site-packages/airflow/example_dags/example_xcomargs.py took 0.071 seconds
[2025-02-01T00:09:14.719+0000] {processor.py:186} INFO - Started process (PID=26209) to work on /home/airflow/.local/lib/python3.12/site-packages/airflow/example_dags/example_xcomargs.py
[2025-02-01T00:09:14.720+0000] {processor.py:914} INFO - Processing file /home/airflow/.local/lib/python3.12/site-packages/airflow/example_dags/example_xcomargs.py for tasks to queue
[2025-02-01T00:09:14.721+0000] {logging_mixin.py:190} INFO - [2025-02-01T00:09:14.721+0000] {dagbag.py:587} INFO - Filling up the DagBag from /home/airflow/.local/lib/python3.12/site-packages/airflow/example_dags/example_xcomargs.py
[2025-02-01T00:09:14.729+0000] {processor.py:925} INFO - DAG(s) 'example_xcom_args_with_operators', 'example_xcom_args' retrieved from /home/airflow/.local/lib/python3.12/site-packages/airflow/example_dags/example_xcomargs.py
[2025-02-01T00:09:14.750+0000] {logging_mixin.py:190} INFO - [2025-02-01T00:09:14.750+0000] {dag.py:3211} INFO - Sync 2 DAGs
[2025-02-01T00:09:14.764+0000] {logging_mixin.py:190} INFO - [2025-02-01T00:09:14.763+0000] {dag.py:4138} INFO - Setting next_dagrun for example_xcom_args to None, run_after=None
[2025-02-01T00:09:14.767+0000] {logging_mixin.py:190} INFO - [2025-02-01T00:09:14.767+0000] {dag.py:4138} INFO - Setting next_dagrun for example_xcom_args_with_operators to None, run_after=None
[2025-02-01T00:09:14.783+0000] {processor.py:208} INFO - Processing /home/airflow/.local/lib/python3.12/site-packages/airflow/example_dags/example_xcomargs.py took 0.069 seconds
[2025-02-01T00:09:44.895+0000] {processor.py:186} INFO - Started process (PID=26272) to work on /home/airflow/.local/lib/python3.12/site-packages/airflow/example_dags/example_xcomargs.py
[2025-02-01T00:09:44.896+0000] {processor.py:914} INFO - Processing file /home/airflow/.local/lib/python3.12/site-packages/airflow/example_dags/example_xcomargs.py for tasks to queue
[2025-02-01T00:09:44.897+0000] {logging_mixin.py:190} INFO - [2025-02-01T00:09:44.897+0000] {dagbag.py:587} INFO - Filling up the DagBag from /home/airflow/.local/lib/python3.12/site-packages/airflow/example_dags/example_xcomargs.py
[2025-02-01T00:09:44.906+0000] {processor.py:925} INFO - DAG(s) 'example_xcom_args', 'example_xcom_args_with_operators' retrieved from /home/airflow/.local/lib/python3.12/site-packages/airflow/example_dags/example_xcomargs.py
[2025-02-01T00:09:44.929+0000] {logging_mixin.py:190} INFO - [2025-02-01T00:09:44.929+0000] {dag.py:3211} INFO - Sync 2 DAGs
[2025-02-01T00:09:44.943+0000] {logging_mixin.py:190} INFO - [2025-02-01T00:09:44.943+0000] {dag.py:4138} INFO - Setting next_dagrun for example_xcom_args to None, run_after=None
[2025-02-01T00:09:44.947+0000] {logging_mixin.py:190} INFO - [2025-02-01T00:09:44.947+0000] {dag.py:4138} INFO - Setting next_dagrun for example_xcom_args_with_operators to None, run_after=None
[2025-02-01T00:09:44.963+0000] {processor.py:208} INFO - Processing /home/airflow/.local/lib/python3.12/site-packages/airflow/example_dags/example_xcomargs.py took 0.074 seconds
[2025-02-01T00:10:15.211+0000] {processor.py:186} INFO - Started process (PID=26335) to work on /home/airflow/.local/lib/python3.12/site-packages/airflow/example_dags/example_xcomargs.py
[2025-02-01T00:10:15.212+0000] {processor.py:914} INFO - Processing file /home/airflow/.local/lib/python3.12/site-packages/airflow/example_dags/example_xcomargs.py for tasks to queue
[2025-02-01T00:10:15.213+0000] {logging_mixin.py:190} INFO - [2025-02-01T00:10:15.213+0000] {dagbag.py:587} INFO - Filling up the DagBag from /home/airflow/.local/lib/python3.12/site-packages/airflow/example_dags/example_xcomargs.py
[2025-02-01T00:10:15.221+0000] {processor.py:925} INFO - DAG(s) 'example_xcom_args', 'example_xcom_args_with_operators' retrieved from /home/airflow/.local/lib/python3.12/site-packages/airflow/example_dags/example_xcomargs.py
[2025-02-01T00:10:15.242+0000] {logging_mixin.py:190} INFO - [2025-02-01T00:10:15.242+0000] {dag.py:3211} INFO - Sync 2 DAGs
[2025-02-01T00:10:15.257+0000] {logging_mixin.py:190} INFO - [2025-02-01T00:10:15.256+0000] {dag.py:4138} INFO - Setting next_dagrun for example_xcom_args to None, run_after=None
[2025-02-01T00:10:15.260+0000] {logging_mixin.py:190} INFO - [2025-02-01T00:10:15.260+0000] {dag.py:4138} INFO - Setting next_dagrun for example_xcom_args_with_operators to None, run_after=None
[2025-02-01T00:10:15.277+0000] {processor.py:208} INFO - Processing /home/airflow/.local/lib/python3.12/site-packages/airflow/example_dags/example_xcomargs.py took 0.071 seconds
[2025-02-01T00:10:45.805+0000] {processor.py:186} INFO - Started process (PID=26398) to work on /home/airflow/.local/lib/python3.12/site-packages/airflow/example_dags/example_xcomargs.py
[2025-02-01T00:10:45.806+0000] {processor.py:914} INFO - Processing file /home/airflow/.local/lib/python3.12/site-packages/airflow/example_dags/example_xcomargs.py for tasks to queue
[2025-02-01T00:10:45.807+0000] {logging_mixin.py:190} INFO - [2025-02-01T00:10:45.806+0000] {dagbag.py:587} INFO - Filling up the DagBag from /home/airflow/.local/lib/python3.12/site-packages/airflow/example_dags/example_xcomargs.py
[2025-02-01T00:10:45.815+0000] {processor.py:925} INFO - DAG(s) 'example_xcom_args', 'example_xcom_args_with_operators' retrieved from /home/airflow/.local/lib/python3.12/site-packages/airflow/example_dags/example_xcomargs.py
[2025-02-01T00:10:45.835+0000] {logging_mixin.py:190} INFO - [2025-02-01T00:10:45.835+0000] {dag.py:3211} INFO - Sync 2 DAGs
[2025-02-01T00:10:45.848+0000] {logging_mixin.py:190} INFO - [2025-02-01T00:10:45.848+0000] {dag.py:4138} INFO - Setting next_dagrun for example_xcom_args to None, run_after=None
[2025-02-01T00:10:45.853+0000] {logging_mixin.py:190} INFO - [2025-02-01T00:10:45.852+0000] {dag.py:4138} INFO - Setting next_dagrun for example_xcom_args_with_operators to None, run_after=None
[2025-02-01T00:10:45.869+0000] {processor.py:208} INFO - Processing /home/airflow/.local/lib/python3.12/site-packages/airflow/example_dags/example_xcomargs.py took 0.069 seconds
[2025-02-01T00:11:16.081+0000] {processor.py:186} INFO - Started process (PID=26461) to work on /home/airflow/.local/lib/python3.12/site-packages/airflow/example_dags/example_xcomargs.py
[2025-02-01T00:11:16.082+0000] {processor.py:914} INFO - Processing file /home/airflow/.local/lib/python3.12/site-packages/airflow/example_dags/example_xcomargs.py for tasks to queue
[2025-02-01T00:11:16.083+0000] {logging_mixin.py:190} INFO - [2025-02-01T00:11:16.083+0000] {dagbag.py:587} INFO - Filling up the DagBag from /home/airflow/.local/lib/python3.12/site-packages/airflow/example_dags/example_xcomargs.py
[2025-02-01T00:11:16.092+0000] {processor.py:925} INFO - DAG(s) 'example_xcom_args', 'example_xcom_args_with_operators' retrieved from /home/airflow/.local/lib/python3.12/site-packages/airflow/example_dags/example_xcomargs.py
[2025-02-01T00:11:16.114+0000] {logging_mixin.py:190} INFO - [2025-02-01T00:11:16.114+0000] {dag.py:3211} INFO - Sync 2 DAGs
[2025-02-01T00:11:16.128+0000] {logging_mixin.py:190} INFO - [2025-02-01T00:11:16.128+0000] {dag.py:4138} INFO - Setting next_dagrun for example_xcom_args to None, run_after=None
[2025-02-01T00:11:16.133+0000] {logging_mixin.py:190} INFO - [2025-02-01T00:11:16.133+0000] {dag.py:4138} INFO - Setting next_dagrun for example_xcom_args_with_operators to None, run_after=None
[2025-02-01T00:11:16.150+0000] {processor.py:208} INFO - Processing /home/airflow/.local/lib/python3.12/site-packages/airflow/example_dags/example_xcomargs.py took 0.073 seconds
[2025-02-01T00:11:46.257+0000] {processor.py:186} INFO - Started process (PID=26524) to work on /home/airflow/.local/lib/python3.12/site-packages/airflow/example_dags/example_xcomargs.py
[2025-02-01T00:11:46.258+0000] {processor.py:914} INFO - Processing file /home/airflow/.local/lib/python3.12/site-packages/airflow/example_dags/example_xcomargs.py for tasks to queue
[2025-02-01T00:11:46.259+0000] {logging_mixin.py:190} INFO - [2025-02-01T00:11:46.259+0000] {dagbag.py:587} INFO - Filling up the DagBag from /home/airflow/.local/lib/python3.12/site-packages/airflow/example_dags/example_xcomargs.py
[2025-02-01T00:11:46.268+0000] {processor.py:925} INFO - DAG(s) 'example_xcom_args_with_operators', 'example_xcom_args' retrieved from /home/airflow/.local/lib/python3.12/site-packages/airflow/example_dags/example_xcomargs.py
[2025-02-01T00:11:46.290+0000] {logging_mixin.py:190} INFO - [2025-02-01T00:11:46.290+0000] {dag.py:3211} INFO - Sync 2 DAGs
[2025-02-01T00:11:46.303+0000] {logging_mixin.py:190} INFO - [2025-02-01T00:11:46.303+0000] {dag.py:4138} INFO - Setting next_dagrun for example_xcom_args to None, run_after=None
[2025-02-01T00:11:46.306+0000] {logging_mixin.py:190} INFO - [2025-02-01T00:11:46.306+0000] {dag.py:4138} INFO - Setting next_dagrun for example_xcom_args_with_operators to None, run_after=None
[2025-02-01T00:11:46.323+0000] {processor.py:208} INFO - Processing /home/airflow/.local/lib/python3.12/site-packages/airflow/example_dags/example_xcomargs.py took 0.071 seconds
[2025-02-01T00:12:16.530+0000] {processor.py:186} INFO - Started process (PID=26587) to work on /home/airflow/.local/lib/python3.12/site-packages/airflow/example_dags/example_xcomargs.py
[2025-02-01T00:12:16.531+0000] {processor.py:914} INFO - Processing file /home/airflow/.local/lib/python3.12/site-packages/airflow/example_dags/example_xcomargs.py for tasks to queue
[2025-02-01T00:12:16.533+0000] {logging_mixin.py:190} INFO - [2025-02-01T00:12:16.532+0000] {dagbag.py:587} INFO - Filling up the DagBag from /home/airflow/.local/lib/python3.12/site-packages/airflow/example_dags/example_xcomargs.py
[2025-02-01T00:12:16.541+0000] {processor.py:925} INFO - DAG(s) 'example_xcom_args_with_operators', 'example_xcom_args' retrieved from /home/airflow/.local/lib/python3.12/site-packages/airflow/example_dags/example_xcomargs.py
[2025-02-01T00:12:16.563+0000] {logging_mixin.py:190} INFO - [2025-02-01T00:12:16.562+0000] {dag.py:3211} INFO - Sync 2 DAGs
[2025-02-01T00:12:16.576+0000] {logging_mixin.py:190} INFO - [2025-02-01T00:12:16.576+0000] {dag.py:4138} INFO - Setting next_dagrun for example_xcom_args to None, run_after=None
[2025-02-01T00:12:16.580+0000] {logging_mixin.py:190} INFO - [2025-02-01T00:12:16.579+0000] {dag.py:4138} INFO - Setting next_dagrun for example_xcom_args_with_operators to None, run_after=None
[2025-02-01T00:12:16.596+0000] {processor.py:208} INFO - Processing /home/airflow/.local/lib/python3.12/site-packages/airflow/example_dags/example_xcomargs.py took 0.070 seconds
[2025-02-01T00:12:46.901+0000] {processor.py:186} INFO - Started process (PID=26650) to work on /home/airflow/.local/lib/python3.12/site-packages/airflow/example_dags/example_xcomargs.py
[2025-02-01T00:12:46.902+0000] {processor.py:914} INFO - Processing file /home/airflow/.local/lib/python3.12/site-packages/airflow/example_dags/example_xcomargs.py for tasks to queue
[2025-02-01T00:12:46.904+0000] {logging_mixin.py:190} INFO - [2025-02-01T00:12:46.904+0000] {dagbag.py:587} INFO - Filling up the DagBag from /home/airflow/.local/lib/python3.12/site-packages/airflow/example_dags/example_xcomargs.py
[2025-02-01T00:12:46.913+0000] {processor.py:925} INFO - DAG(s) 'example_xcom_args_with_operators', 'example_xcom_args' retrieved from /home/airflow/.local/lib/python3.12/site-packages/airflow/example_dags/example_xcomargs.py
[2025-02-01T00:12:46.935+0000] {logging_mixin.py:190} INFO - [2025-02-01T00:12:46.935+0000] {dag.py:3211} INFO - Sync 2 DAGs
[2025-02-01T00:12:46.949+0000] {logging_mixin.py:190} INFO - [2025-02-01T00:12:46.949+0000] {dag.py:4138} INFO - Setting next_dagrun for example_xcom_args to None, run_after=None
[2025-02-01T00:12:46.953+0000] {logging_mixin.py:190} INFO - [2025-02-01T00:12:46.952+0000] {dag.py:4138} INFO - Setting next_dagrun for example_xcom_args_with_operators to None, run_after=None
[2025-02-01T00:12:46.970+0000] {processor.py:208} INFO - Processing /home/airflow/.local/lib/python3.12/site-packages/airflow/example_dags/example_xcomargs.py took 0.074 seconds
[2025-02-01T00:13:17.078+0000] {processor.py:186} INFO - Started process (PID=26713) to work on /home/airflow/.local/lib/python3.12/site-packages/airflow/example_dags/example_xcomargs.py
[2025-02-01T00:13:17.079+0000] {processor.py:914} INFO - Processing file /home/airflow/.local/lib/python3.12/site-packages/airflow/example_dags/example_xcomargs.py for tasks to queue
[2025-02-01T00:13:17.080+0000] {logging_mixin.py:190} INFO - [2025-02-01T00:13:17.080+0000] {dagbag.py:587} INFO - Filling up the DagBag from /home/airflow/.local/lib/python3.12/site-packages/airflow/example_dags/example_xcomargs.py
[2025-02-01T00:13:17.088+0000] {processor.py:925} INFO - DAG(s) 'example_xcom_args_with_operators', 'example_xcom_args' retrieved from /home/airflow/.local/lib/python3.12/site-packages/airflow/example_dags/example_xcomargs.py
[2025-02-01T00:13:17.108+0000] {logging_mixin.py:190} INFO - [2025-02-01T00:13:17.108+0000] {dag.py:3211} INFO - Sync 2 DAGs
[2025-02-01T00:13:17.121+0000] {logging_mixin.py:190} INFO - [2025-02-01T00:13:17.121+0000] {dag.py:4138} INFO - Setting next_dagrun for example_xcom_args to None, run_after=None
[2025-02-01T00:13:17.124+0000] {logging_mixin.py:190} INFO - [2025-02-01T00:13:17.124+0000] {dag.py:4138} INFO - Setting next_dagrun for example_xcom_args_with_operators to None, run_after=None
[2025-02-01T00:13:17.138+0000] {processor.py:208} INFO - Processing /home/airflow/.local/lib/python3.12/site-packages/airflow/example_dags/example_xcomargs.py took 0.065 seconds
[2025-02-01T00:13:47.353+0000] {processor.py:186} INFO - Started process (PID=26776) to work on /home/airflow/.local/lib/python3.12/site-packages/airflow/example_dags/example_xcomargs.py
[2025-02-01T00:13:47.354+0000] {processor.py:914} INFO - Processing file /home/airflow/.local/lib/python3.12/site-packages/airflow/example_dags/example_xcomargs.py for tasks to queue
[2025-02-01T00:13:47.355+0000] {logging_mixin.py:190} INFO - [2025-02-01T00:13:47.354+0000] {dagbag.py:587} INFO - Filling up the DagBag from /home/airflow/.local/lib/python3.12/site-packages/airflow/example_dags/example_xcomargs.py
[2025-02-01T00:13:47.362+0000] {processor.py:925} INFO - DAG(s) 'example_xcom_args', 'example_xcom_args_with_operators' retrieved from /home/airflow/.local/lib/python3.12/site-packages/airflow/example_dags/example_xcomargs.py
[2025-02-01T00:13:47.382+0000] {logging_mixin.py:190} INFO - [2025-02-01T00:13:47.382+0000] {dag.py:3211} INFO - Sync 2 DAGs
[2025-02-01T00:13:47.394+0000] {logging_mixin.py:190} INFO - [2025-02-01T00:13:47.394+0000] {dag.py:4138} INFO - Setting next_dagrun for example_xcom_args to None, run_after=None
[2025-02-01T00:13:47.398+0000] {logging_mixin.py:190} INFO - [2025-02-01T00:13:47.398+0000] {dag.py:4138} INFO - Setting next_dagrun for example_xcom_args_with_operators to None, run_after=None
[2025-02-01T00:13:47.414+0000] {processor.py:208} INFO - Processing /home/airflow/.local/lib/python3.12/site-packages/airflow/example_dags/example_xcomargs.py took 0.066 seconds
[2025-02-01T00:14:17.625+0000] {processor.py:186} INFO - Started process (PID=26839) to work on /home/airflow/.local/lib/python3.12/site-packages/airflow/example_dags/example_xcomargs.py
[2025-02-01T00:14:17.626+0000] {processor.py:914} INFO - Processing file /home/airflow/.local/lib/python3.12/site-packages/airflow/example_dags/example_xcomargs.py for tasks to queue
[2025-02-01T00:14:17.627+0000] {logging_mixin.py:190} INFO - [2025-02-01T00:14:17.627+0000] {dagbag.py:587} INFO - Filling up the DagBag from /home/airflow/.local/lib/python3.12/site-packages/airflow/example_dags/example_xcomargs.py
[2025-02-01T00:14:17.635+0000] {processor.py:925} INFO - DAG(s) 'example_xcom_args_with_operators', 'example_xcom_args' retrieved from /home/airflow/.local/lib/python3.12/site-packages/airflow/example_dags/example_xcomargs.py
[2025-02-01T00:14:17.656+0000] {logging_mixin.py:190} INFO - [2025-02-01T00:14:17.656+0000] {dag.py:3211} INFO - Sync 2 DAGs
[2025-02-01T00:14:17.671+0000] {logging_mixin.py:190} INFO - [2025-02-01T00:14:17.670+0000] {dag.py:4138} INFO - Setting next_dagrun for example_xcom_args to None, run_after=None
[2025-02-01T00:14:17.674+0000] {logging_mixin.py:190} INFO - [2025-02-01T00:14:17.674+0000] {dag.py:4138} INFO - Setting next_dagrun for example_xcom_args_with_operators to None, run_after=None
[2025-02-01T00:14:17.692+0000] {processor.py:208} INFO - Processing /home/airflow/.local/lib/python3.12/site-packages/airflow/example_dags/example_xcomargs.py took 0.071 seconds
[2025-02-01T00:14:47.968+0000] {processor.py:186} INFO - Started process (PID=26902) to work on /home/airflow/.local/lib/python3.12/site-packages/airflow/example_dags/example_xcomargs.py
[2025-02-01T00:14:47.970+0000] {processor.py:914} INFO - Processing file /home/airflow/.local/lib/python3.12/site-packages/airflow/example_dags/example_xcomargs.py for tasks to queue
[2025-02-01T00:14:47.971+0000] {logging_mixin.py:190} INFO - [2025-02-01T00:14:47.971+0000] {dagbag.py:587} INFO - Filling up the DagBag from /home/airflow/.local/lib/python3.12/site-packages/airflow/example_dags/example_xcomargs.py
[2025-02-01T00:14:47.979+0000] {processor.py:925} INFO - DAG(s) 'example_xcom_args_with_operators', 'example_xcom_args' retrieved from /home/airflow/.local/lib/python3.12/site-packages/airflow/example_dags/example_xcomargs.py
[2025-02-01T00:14:47.999+0000] {logging_mixin.py:190} INFO - [2025-02-01T00:14:47.999+0000] {dag.py:3211} INFO - Sync 2 DAGs
[2025-02-01T00:14:48.012+0000] {logging_mixin.py:190} INFO - [2025-02-01T00:14:48.012+0000] {dag.py:4138} INFO - Setting next_dagrun for example_xcom_args to None, run_after=None
[2025-02-01T00:14:48.016+0000] {logging_mixin.py:190} INFO - [2025-02-01T00:14:48.015+0000] {dag.py:4138} INFO - Setting next_dagrun for example_xcom_args_with_operators to None, run_after=None
[2025-02-01T00:14:48.032+0000] {processor.py:208} INFO - Processing /home/airflow/.local/lib/python3.12/site-packages/airflow/example_dags/example_xcomargs.py took 0.072 seconds
[2025-02-01T00:15:18.413+0000] {processor.py:186} INFO - Started process (PID=26965) to work on /home/airflow/.local/lib/python3.12/site-packages/airflow/example_dags/example_xcomargs.py
[2025-02-01T00:15:18.414+0000] {processor.py:914} INFO - Processing file /home/airflow/.local/lib/python3.12/site-packages/airflow/example_dags/example_xcomargs.py for tasks to queue
[2025-02-01T00:15:18.415+0000] {logging_mixin.py:190} INFO - [2025-02-01T00:15:18.414+0000] {dagbag.py:587} INFO - Filling up the DagBag from /home/airflow/.local/lib/python3.12/site-packages/airflow/example_dags/example_xcomargs.py
[2025-02-01T00:15:18.422+0000] {processor.py:925} INFO - DAG(s) 'example_xcom_args_with_operators', 'example_xcom_args' retrieved from /home/airflow/.local/lib/python3.12/site-packages/airflow/example_dags/example_xcomargs.py
[2025-02-01T00:15:18.445+0000] {logging_mixin.py:190} INFO - [2025-02-01T00:15:18.444+0000] {dag.py:3211} INFO - Sync 2 DAGs
[2025-02-01T00:15:18.457+0000] {logging_mixin.py:190} INFO - [2025-02-01T00:15:18.457+0000] {dag.py:4138} INFO - Setting next_dagrun for example_xcom_args to None, run_after=None
[2025-02-01T00:15:18.461+0000] {logging_mixin.py:190} INFO - [2025-02-01T00:15:18.461+0000] {dag.py:4138} INFO - Setting next_dagrun for example_xcom_args_with_operators to None, run_after=None
[2025-02-01T00:15:18.476+0000] {processor.py:208} INFO - Processing /home/airflow/.local/lib/python3.12/site-packages/airflow/example_dags/example_xcomargs.py took 0.068 seconds
[2025-02-01T00:15:48.836+0000] {processor.py:186} INFO - Started process (PID=27028) to work on /home/airflow/.local/lib/python3.12/site-packages/airflow/example_dags/example_xcomargs.py
[2025-02-01T00:15:48.837+0000] {processor.py:914} INFO - Processing file /home/airflow/.local/lib/python3.12/site-packages/airflow/example_dags/example_xcomargs.py for tasks to queue
[2025-02-01T00:15:48.838+0000] {logging_mixin.py:190} INFO - [2025-02-01T00:15:48.838+0000] {dagbag.py:587} INFO - Filling up the DagBag from /home/airflow/.local/lib/python3.12/site-packages/airflow/example_dags/example_xcomargs.py
[2025-02-01T00:15:48.846+0000] {processor.py:925} INFO - DAG(s) 'example_xcom_args_with_operators', 'example_xcom_args' retrieved from /home/airflow/.local/lib/python3.12/site-packages/airflow/example_dags/example_xcomargs.py
[2025-02-01T00:15:48.868+0000] {logging_mixin.py:190} INFO - [2025-02-01T00:15:48.868+0000] {dag.py:3211} INFO - Sync 2 DAGs
[2025-02-01T00:15:48.883+0000] {logging_mixin.py:190} INFO - [2025-02-01T00:15:48.883+0000] {dag.py:4138} INFO - Setting next_dagrun for example_xcom_args to None, run_after=None
[2025-02-01T00:15:48.888+0000] {logging_mixin.py:190} INFO - [2025-02-01T00:15:48.887+0000] {dag.py:4138} INFO - Setting next_dagrun for example_xcom_args_with_operators to None, run_after=None
[2025-02-01T00:15:48.905+0000] {processor.py:208} INFO - Processing /home/airflow/.local/lib/python3.12/site-packages/airflow/example_dags/example_xcomargs.py took 0.074 seconds
[2025-02-01T00:16:19.011+0000] {processor.py:186} INFO - Started process (PID=27091) to work on /home/airflow/.local/lib/python3.12/site-packages/airflow/example_dags/example_xcomargs.py
[2025-02-01T00:16:19.012+0000] {processor.py:914} INFO - Processing file /home/airflow/.local/lib/python3.12/site-packages/airflow/example_dags/example_xcomargs.py for tasks to queue
[2025-02-01T00:16:19.013+0000] {logging_mixin.py:190} INFO - [2025-02-01T00:16:19.012+0000] {dagbag.py:587} INFO - Filling up the DagBag from /home/airflow/.local/lib/python3.12/site-packages/airflow/example_dags/example_xcomargs.py
[2025-02-01T00:16:19.021+0000] {processor.py:925} INFO - DAG(s) 'example_xcom_args', 'example_xcom_args_with_operators' retrieved from /home/airflow/.local/lib/python3.12/site-packages/airflow/example_dags/example_xcomargs.py
[2025-02-01T00:16:19.041+0000] {logging_mixin.py:190} INFO - [2025-02-01T00:16:19.041+0000] {dag.py:3211} INFO - Sync 2 DAGs
[2025-02-01T00:16:19.054+0000] {logging_mixin.py:190} INFO - [2025-02-01T00:16:19.054+0000] {dag.py:4138} INFO - Setting next_dagrun for example_xcom_args to None, run_after=None
[2025-02-01T00:16:19.057+0000] {logging_mixin.py:190} INFO - [2025-02-01T00:16:19.057+0000] {dag.py:4138} INFO - Setting next_dagrun for example_xcom_args_with_operators to None, run_after=None
[2025-02-01T00:16:19.073+0000] {processor.py:208} INFO - Processing /home/airflow/.local/lib/python3.12/site-packages/airflow/example_dags/example_xcomargs.py took 0.067 seconds
