[2025-02-01T00:00:06.467+0000] {processor.py:186} INFO - Started process (PID=25068) to work on /home/airflow/.local/lib/python3.12/site-packages/airflow/example_dags/example_setup_teardown.py
[2025-02-01T00:00:06.468+0000] {processor.py:914} INFO - Processing file /home/airflow/.local/lib/python3.12/site-packages/airflow/example_dags/example_setup_teardown.py for tasks to queue
[2025-02-01T00:00:06.469+0000] {logging_mixin.py:190} INFO - [2025-02-01T00:00:06.469+0000] {dagbag.py:587} INFO - Filling up the DagBag from /home/airflow/.local/lib/python3.12/site-packages/airflow/example_dags/example_setup_teardown.py
[2025-02-01T00:00:06.478+0000] {processor.py:925} INFO - DAG(s) 'example_setup_teardown' retrieved from /home/airflow/.local/lib/python3.12/site-packages/airflow/example_dags/example_setup_teardown.py
[2025-02-01T00:00:06.499+0000] {logging_mixin.py:190} INFO - [2025-02-01T00:00:06.499+0000] {dag.py:3211} INFO - Sync 1 DAGs
[2025-02-01T00:00:06.521+0000] {logging_mixin.py:190} INFO - [2025-02-01T00:00:06.521+0000] {dag.py:4138} INFO - Setting next_dagrun for example_setup_teardown to 2025-01-31 00:00:00+00:00, run_after=2025-02-01 00:00:00+00:00
[2025-02-01T00:00:06.542+0000] {processor.py:208} INFO - Processing /home/airflow/.local/lib/python3.12/site-packages/airflow/example_dags/example_setup_teardown.py took 0.080 seconds
[2025-02-01T00:00:37.083+0000] {processor.py:186} INFO - Started process (PID=25131) to work on /home/airflow/.local/lib/python3.12/site-packages/airflow/example_dags/example_setup_teardown.py
[2025-02-01T00:00:37.084+0000] {processor.py:914} INFO - Processing file /home/airflow/.local/lib/python3.12/site-packages/airflow/example_dags/example_setup_teardown.py for tasks to queue
[2025-02-01T00:00:37.085+0000] {logging_mixin.py:190} INFO - [2025-02-01T00:00:37.085+0000] {dagbag.py:587} INFO - Filling up the DagBag from /home/airflow/.local/lib/python3.12/site-packages/airflow/example_dags/example_setup_teardown.py
[2025-02-01T00:00:37.093+0000] {processor.py:925} INFO - DAG(s) 'example_setup_teardown' retrieved from /home/airflow/.local/lib/python3.12/site-packages/airflow/example_dags/example_setup_teardown.py
[2025-02-01T00:00:37.111+0000] {logging_mixin.py:190} INFO - [2025-02-01T00:00:37.111+0000] {dag.py:3211} INFO - Sync 1 DAGs
[2025-02-01T00:00:37.131+0000] {logging_mixin.py:190} INFO - [2025-02-01T00:00:37.131+0000] {dag.py:4138} INFO - Setting next_dagrun for example_setup_teardown to 2025-01-31 00:00:00+00:00, run_after=2025-02-01 00:00:00+00:00
[2025-02-01T00:00:37.149+0000] {processor.py:208} INFO - Processing /home/airflow/.local/lib/python3.12/site-packages/airflow/example_dags/example_setup_teardown.py took 0.071 seconds
[2025-02-01T00:01:07.282+0000] {processor.py:186} INFO - Started process (PID=25194) to work on /home/airflow/.local/lib/python3.12/site-packages/airflow/example_dags/example_setup_teardown.py
[2025-02-01T00:01:07.283+0000] {processor.py:914} INFO - Processing file /home/airflow/.local/lib/python3.12/site-packages/airflow/example_dags/example_setup_teardown.py for tasks to queue
[2025-02-01T00:01:07.284+0000] {logging_mixin.py:190} INFO - [2025-02-01T00:01:07.284+0000] {dagbag.py:587} INFO - Filling up the DagBag from /home/airflow/.local/lib/python3.12/site-packages/airflow/example_dags/example_setup_teardown.py
[2025-02-01T00:01:07.292+0000] {processor.py:925} INFO - DAG(s) 'example_setup_teardown' retrieved from /home/airflow/.local/lib/python3.12/site-packages/airflow/example_dags/example_setup_teardown.py
[2025-02-01T00:01:07.311+0000] {logging_mixin.py:190} INFO - [2025-02-01T00:01:07.311+0000] {dag.py:3211} INFO - Sync 1 DAGs
[2025-02-01T00:01:07.332+0000] {logging_mixin.py:190} INFO - [2025-02-01T00:01:07.332+0000] {dag.py:4138} INFO - Setting next_dagrun for example_setup_teardown to 2025-01-31 00:00:00+00:00, run_after=2025-02-01 00:00:00+00:00
[2025-02-01T00:01:07.349+0000] {processor.py:208} INFO - Processing /home/airflow/.local/lib/python3.12/site-packages/airflow/example_dags/example_setup_teardown.py took 0.072 seconds
[2025-02-01T00:01:37.470+0000] {processor.py:186} INFO - Started process (PID=25257) to work on /home/airflow/.local/lib/python3.12/site-packages/airflow/example_dags/example_setup_teardown.py
[2025-02-01T00:01:37.471+0000] {processor.py:914} INFO - Processing file /home/airflow/.local/lib/python3.12/site-packages/airflow/example_dags/example_setup_teardown.py for tasks to queue
[2025-02-01T00:01:37.472+0000] {logging_mixin.py:190} INFO - [2025-02-01T00:01:37.472+0000] {dagbag.py:587} INFO - Filling up the DagBag from /home/airflow/.local/lib/python3.12/site-packages/airflow/example_dags/example_setup_teardown.py
[2025-02-01T00:01:37.480+0000] {processor.py:925} INFO - DAG(s) 'example_setup_teardown' retrieved from /home/airflow/.local/lib/python3.12/site-packages/airflow/example_dags/example_setup_teardown.py
[2025-02-01T00:01:37.498+0000] {logging_mixin.py:190} INFO - [2025-02-01T00:01:37.498+0000] {dag.py:3211} INFO - Sync 1 DAGs
[2025-02-01T00:01:37.519+0000] {logging_mixin.py:190} INFO - [2025-02-01T00:01:37.519+0000] {dag.py:4138} INFO - Setting next_dagrun for example_setup_teardown to 2025-01-31 00:00:00+00:00, run_after=2025-02-01 00:00:00+00:00
[2025-02-01T00:01:37.538+0000] {processor.py:208} INFO - Processing /home/airflow/.local/lib/python3.12/site-packages/airflow/example_dags/example_setup_teardown.py took 0.073 seconds
[2025-02-01T00:02:07.719+0000] {processor.py:186} INFO - Started process (PID=25320) to work on /home/airflow/.local/lib/python3.12/site-packages/airflow/example_dags/example_setup_teardown.py
[2025-02-01T00:02:07.720+0000] {processor.py:914} INFO - Processing file /home/airflow/.local/lib/python3.12/site-packages/airflow/example_dags/example_setup_teardown.py for tasks to queue
[2025-02-01T00:02:07.722+0000] {logging_mixin.py:190} INFO - [2025-02-01T00:02:07.721+0000] {dagbag.py:587} INFO - Filling up the DagBag from /home/airflow/.local/lib/python3.12/site-packages/airflow/example_dags/example_setup_teardown.py
[2025-02-01T00:02:07.729+0000] {processor.py:925} INFO - DAG(s) 'example_setup_teardown' retrieved from /home/airflow/.local/lib/python3.12/site-packages/airflow/example_dags/example_setup_teardown.py
[2025-02-01T00:02:07.747+0000] {logging_mixin.py:190} INFO - [2025-02-01T00:02:07.747+0000] {dag.py:3211} INFO - Sync 1 DAGs
[2025-02-01T00:02:07.768+0000] {logging_mixin.py:190} INFO - [2025-02-01T00:02:07.767+0000] {dag.py:4138} INFO - Setting next_dagrun for example_setup_teardown to 2025-01-31 00:00:00+00:00, run_after=2025-02-01 00:00:00+00:00
[2025-02-01T00:02:07.786+0000] {processor.py:208} INFO - Processing /home/airflow/.local/lib/python3.12/site-packages/airflow/example_dags/example_setup_teardown.py took 0.071 seconds
[2025-02-01T00:02:37.857+0000] {processor.py:186} INFO - Started process (PID=25383) to work on /home/airflow/.local/lib/python3.12/site-packages/airflow/example_dags/example_setup_teardown.py
[2025-02-01T00:02:37.858+0000] {processor.py:914} INFO - Processing file /home/airflow/.local/lib/python3.12/site-packages/airflow/example_dags/example_setup_teardown.py for tasks to queue
[2025-02-01T00:02:37.860+0000] {logging_mixin.py:190} INFO - [2025-02-01T00:02:37.859+0000] {dagbag.py:587} INFO - Filling up the DagBag from /home/airflow/.local/lib/python3.12/site-packages/airflow/example_dags/example_setup_teardown.py
[2025-02-01T00:02:37.867+0000] {processor.py:925} INFO - DAG(s) 'example_setup_teardown' retrieved from /home/airflow/.local/lib/python3.12/site-packages/airflow/example_dags/example_setup_teardown.py
[2025-02-01T00:02:37.887+0000] {logging_mixin.py:190} INFO - [2025-02-01T00:02:37.887+0000] {dag.py:3211} INFO - Sync 1 DAGs
[2025-02-01T00:02:37.909+0000] {logging_mixin.py:190} INFO - [2025-02-01T00:02:37.909+0000] {dag.py:4138} INFO - Setting next_dagrun for example_setup_teardown to 2025-01-31 00:00:00+00:00, run_after=2025-02-01 00:00:00+00:00
[2025-02-01T00:02:37.927+0000] {processor.py:208} INFO - Processing /home/airflow/.local/lib/python3.12/site-packages/airflow/example_dags/example_setup_teardown.py took 0.075 seconds
[2025-02-01T00:03:08.089+0000] {processor.py:186} INFO - Started process (PID=25446) to work on /home/airflow/.local/lib/python3.12/site-packages/airflow/example_dags/example_setup_teardown.py
[2025-02-01T00:03:08.090+0000] {processor.py:914} INFO - Processing file /home/airflow/.local/lib/python3.12/site-packages/airflow/example_dags/example_setup_teardown.py for tasks to queue
[2025-02-01T00:03:08.092+0000] {logging_mixin.py:190} INFO - [2025-02-01T00:03:08.091+0000] {dagbag.py:587} INFO - Filling up the DagBag from /home/airflow/.local/lib/python3.12/site-packages/airflow/example_dags/example_setup_teardown.py
[2025-02-01T00:03:08.100+0000] {processor.py:925} INFO - DAG(s) 'example_setup_teardown' retrieved from /home/airflow/.local/lib/python3.12/site-packages/airflow/example_dags/example_setup_teardown.py
[2025-02-01T00:03:08.121+0000] {logging_mixin.py:190} INFO - [2025-02-01T00:03:08.121+0000] {dag.py:3211} INFO - Sync 1 DAGs
[2025-02-01T00:03:08.142+0000] {logging_mixin.py:190} INFO - [2025-02-01T00:03:08.142+0000] {dag.py:4138} INFO - Setting next_dagrun for example_setup_teardown to 2025-01-31 00:00:00+00:00, run_after=2025-02-01 00:00:00+00:00
[2025-02-01T00:03:08.167+0000] {processor.py:208} INFO - Processing /home/airflow/.local/lib/python3.12/site-packages/airflow/example_dags/example_setup_teardown.py took 0.083 seconds
[2025-02-01T00:03:38.362+0000] {processor.py:186} INFO - Started process (PID=25509) to work on /home/airflow/.local/lib/python3.12/site-packages/airflow/example_dags/example_setup_teardown.py
[2025-02-01T00:03:38.363+0000] {processor.py:914} INFO - Processing file /home/airflow/.local/lib/python3.12/site-packages/airflow/example_dags/example_setup_teardown.py for tasks to queue
[2025-02-01T00:03:38.364+0000] {logging_mixin.py:190} INFO - [2025-02-01T00:03:38.364+0000] {dagbag.py:587} INFO - Filling up the DagBag from /home/airflow/.local/lib/python3.12/site-packages/airflow/example_dags/example_setup_teardown.py
[2025-02-01T00:03:38.372+0000] {processor.py:925} INFO - DAG(s) 'example_setup_teardown' retrieved from /home/airflow/.local/lib/python3.12/site-packages/airflow/example_dags/example_setup_teardown.py
[2025-02-01T00:03:38.389+0000] {logging_mixin.py:190} INFO - [2025-02-01T00:03:38.389+0000] {dag.py:3211} INFO - Sync 1 DAGs
[2025-02-01T00:03:38.407+0000] {logging_mixin.py:190} INFO - [2025-02-01T00:03:38.407+0000] {dag.py:4138} INFO - Setting next_dagrun for example_setup_teardown to 2025-01-31 00:00:00+00:00, run_after=2025-02-01 00:00:00+00:00
[2025-02-01T00:03:38.424+0000] {processor.py:208} INFO - Processing /home/airflow/.local/lib/python3.12/site-packages/airflow/example_dags/example_setup_teardown.py took 0.067 seconds
[2025-02-01T00:04:08.675+0000] {processor.py:186} INFO - Started process (PID=25572) to work on /home/airflow/.local/lib/python3.12/site-packages/airflow/example_dags/example_setup_teardown.py
[2025-02-01T00:04:08.676+0000] {processor.py:914} INFO - Processing file /home/airflow/.local/lib/python3.12/site-packages/airflow/example_dags/example_setup_teardown.py for tasks to queue
[2025-02-01T00:04:08.677+0000] {logging_mixin.py:190} INFO - [2025-02-01T00:04:08.677+0000] {dagbag.py:587} INFO - Filling up the DagBag from /home/airflow/.local/lib/python3.12/site-packages/airflow/example_dags/example_setup_teardown.py
[2025-02-01T00:04:08.684+0000] {processor.py:925} INFO - DAG(s) 'example_setup_teardown' retrieved from /home/airflow/.local/lib/python3.12/site-packages/airflow/example_dags/example_setup_teardown.py
[2025-02-01T00:04:08.701+0000] {logging_mixin.py:190} INFO - [2025-02-01T00:04:08.701+0000] {dag.py:3211} INFO - Sync 1 DAGs
[2025-02-01T00:04:08.719+0000] {logging_mixin.py:190} INFO - [2025-02-01T00:04:08.719+0000] {dag.py:4138} INFO - Setting next_dagrun for example_setup_teardown to 2025-01-31 00:00:00+00:00, run_after=2025-02-01 00:00:00+00:00
[2025-02-01T00:04:08.736+0000] {processor.py:208} INFO - Processing /home/airflow/.local/lib/python3.12/site-packages/airflow/example_dags/example_setup_teardown.py took 0.066 seconds
[2025-02-01T00:04:38.924+0000] {processor.py:186} INFO - Started process (PID=25635) to work on /home/airflow/.local/lib/python3.12/site-packages/airflow/example_dags/example_setup_teardown.py
[2025-02-01T00:04:38.925+0000] {processor.py:914} INFO - Processing file /home/airflow/.local/lib/python3.12/site-packages/airflow/example_dags/example_setup_teardown.py for tasks to queue
[2025-02-01T00:04:38.926+0000] {logging_mixin.py:190} INFO - [2025-02-01T00:04:38.926+0000] {dagbag.py:587} INFO - Filling up the DagBag from /home/airflow/.local/lib/python3.12/site-packages/airflow/example_dags/example_setup_teardown.py
[2025-02-01T00:04:38.934+0000] {processor.py:925} INFO - DAG(s) 'example_setup_teardown' retrieved from /home/airflow/.local/lib/python3.12/site-packages/airflow/example_dags/example_setup_teardown.py
[2025-02-01T00:04:38.952+0000] {logging_mixin.py:190} INFO - [2025-02-01T00:04:38.951+0000] {dag.py:3211} INFO - Sync 1 DAGs
[2025-02-01T00:04:38.971+0000] {logging_mixin.py:190} INFO - [2025-02-01T00:04:38.971+0000] {dag.py:4138} INFO - Setting next_dagrun for example_setup_teardown to 2025-01-31 00:00:00+00:00, run_after=2025-02-01 00:00:00+00:00
[2025-02-01T00:04:38.986+0000] {processor.py:208} INFO - Processing /home/airflow/.local/lib/python3.12/site-packages/airflow/example_dags/example_setup_teardown.py took 0.067 seconds
[2025-02-01T00:05:09.144+0000] {processor.py:186} INFO - Started process (PID=25698) to work on /home/airflow/.local/lib/python3.12/site-packages/airflow/example_dags/example_setup_teardown.py
[2025-02-01T00:05:09.144+0000] {processor.py:914} INFO - Processing file /home/airflow/.local/lib/python3.12/site-packages/airflow/example_dags/example_setup_teardown.py for tasks to queue
[2025-02-01T00:05:09.146+0000] {logging_mixin.py:190} INFO - [2025-02-01T00:05:09.145+0000] {dagbag.py:587} INFO - Filling up the DagBag from /home/airflow/.local/lib/python3.12/site-packages/airflow/example_dags/example_setup_teardown.py
[2025-02-01T00:05:09.154+0000] {processor.py:925} INFO - DAG(s) 'example_setup_teardown' retrieved from /home/airflow/.local/lib/python3.12/site-packages/airflow/example_dags/example_setup_teardown.py
[2025-02-01T00:05:09.172+0000] {logging_mixin.py:190} INFO - [2025-02-01T00:05:09.172+0000] {dag.py:3211} INFO - Sync 1 DAGs
[2025-02-01T00:05:09.192+0000] {logging_mixin.py:190} INFO - [2025-02-01T00:05:09.191+0000] {dag.py:4138} INFO - Setting next_dagrun for example_setup_teardown to 2025-01-31 00:00:00+00:00, run_after=2025-02-01 00:00:00+00:00
[2025-02-01T00:05:09.210+0000] {processor.py:208} INFO - Processing /home/airflow/.local/lib/python3.12/site-packages/airflow/example_dags/example_setup_teardown.py took 0.071 seconds
[2025-02-01T00:05:39.423+0000] {processor.py:186} INFO - Started process (PID=25761) to work on /home/airflow/.local/lib/python3.12/site-packages/airflow/example_dags/example_setup_teardown.py
[2025-02-01T00:05:39.424+0000] {processor.py:914} INFO - Processing file /home/airflow/.local/lib/python3.12/site-packages/airflow/example_dags/example_setup_teardown.py for tasks to queue
[2025-02-01T00:05:39.426+0000] {logging_mixin.py:190} INFO - [2025-02-01T00:05:39.425+0000] {dagbag.py:587} INFO - Filling up the DagBag from /home/airflow/.local/lib/python3.12/site-packages/airflow/example_dags/example_setup_teardown.py
[2025-02-01T00:05:39.435+0000] {processor.py:925} INFO - DAG(s) 'example_setup_teardown' retrieved from /home/airflow/.local/lib/python3.12/site-packages/airflow/example_dags/example_setup_teardown.py
[2025-02-01T00:05:39.454+0000] {logging_mixin.py:190} INFO - [2025-02-01T00:05:39.453+0000] {dag.py:3211} INFO - Sync 1 DAGs
[2025-02-01T00:05:39.475+0000] {logging_mixin.py:190} INFO - [2025-02-01T00:05:39.475+0000] {dag.py:4138} INFO - Setting next_dagrun for example_setup_teardown to 2025-01-31 00:00:00+00:00, run_after=2025-02-01 00:00:00+00:00
[2025-02-01T00:05:39.494+0000] {processor.py:208} INFO - Processing /home/airflow/.local/lib/python3.12/site-packages/airflow/example_dags/example_setup_teardown.py took 0.076 seconds
[2025-02-01T00:06:09.615+0000] {processor.py:186} INFO - Started process (PID=25824) to work on /home/airflow/.local/lib/python3.12/site-packages/airflow/example_dags/example_setup_teardown.py
[2025-02-01T00:06:09.616+0000] {processor.py:914} INFO - Processing file /home/airflow/.local/lib/python3.12/site-packages/airflow/example_dags/example_setup_teardown.py for tasks to queue
[2025-02-01T00:06:09.618+0000] {logging_mixin.py:190} INFO - [2025-02-01T00:06:09.617+0000] {dagbag.py:587} INFO - Filling up the DagBag from /home/airflow/.local/lib/python3.12/site-packages/airflow/example_dags/example_setup_teardown.py
[2025-02-01T00:06:09.625+0000] {processor.py:925} INFO - DAG(s) 'example_setup_teardown' retrieved from /home/airflow/.local/lib/python3.12/site-packages/airflow/example_dags/example_setup_teardown.py
[2025-02-01T00:06:09.644+0000] {logging_mixin.py:190} INFO - [2025-02-01T00:06:09.644+0000] {dag.py:3211} INFO - Sync 1 DAGs
[2025-02-01T00:06:09.665+0000] {logging_mixin.py:190} INFO - [2025-02-01T00:06:09.665+0000] {dag.py:4138} INFO - Setting next_dagrun for example_setup_teardown to 2025-01-31 00:00:00+00:00, run_after=2025-02-01 00:00:00+00:00
[2025-02-01T00:06:09.684+0000] {processor.py:208} INFO - Processing /home/airflow/.local/lib/python3.12/site-packages/airflow/example_dags/example_setup_teardown.py took 0.074 seconds
[2025-02-01T00:06:39.781+0000] {processor.py:186} INFO - Started process (PID=25887) to work on /home/airflow/.local/lib/python3.12/site-packages/airflow/example_dags/example_setup_teardown.py
[2025-02-01T00:06:39.782+0000] {processor.py:914} INFO - Processing file /home/airflow/.local/lib/python3.12/site-packages/airflow/example_dags/example_setup_teardown.py for tasks to queue
[2025-02-01T00:06:39.783+0000] {logging_mixin.py:190} INFO - [2025-02-01T00:06:39.782+0000] {dagbag.py:587} INFO - Filling up the DagBag from /home/airflow/.local/lib/python3.12/site-packages/airflow/example_dags/example_setup_teardown.py
[2025-02-01T00:06:39.791+0000] {processor.py:925} INFO - DAG(s) 'example_setup_teardown' retrieved from /home/airflow/.local/lib/python3.12/site-packages/airflow/example_dags/example_setup_teardown.py
[2025-02-01T00:06:39.808+0000] {logging_mixin.py:190} INFO - [2025-02-01T00:06:39.807+0000] {dag.py:3211} INFO - Sync 1 DAGs
[2025-02-01T00:06:39.828+0000] {logging_mixin.py:190} INFO - [2025-02-01T00:06:39.828+0000] {dag.py:4138} INFO - Setting next_dagrun for example_setup_teardown to 2025-01-31 00:00:00+00:00, run_after=2025-02-01 00:00:00+00:00
[2025-02-01T00:06:39.846+0000] {processor.py:208} INFO - Processing /home/airflow/.local/lib/python3.12/site-packages/airflow/example_dags/example_setup_teardown.py took 0.070 seconds
[2025-02-01T00:07:10.050+0000] {processor.py:186} INFO - Started process (PID=25950) to work on /home/airflow/.local/lib/python3.12/site-packages/airflow/example_dags/example_setup_teardown.py
[2025-02-01T00:07:10.051+0000] {processor.py:914} INFO - Processing file /home/airflow/.local/lib/python3.12/site-packages/airflow/example_dags/example_setup_teardown.py for tasks to queue
[2025-02-01T00:07:10.052+0000] {logging_mixin.py:190} INFO - [2025-02-01T00:07:10.052+0000] {dagbag.py:587} INFO - Filling up the DagBag from /home/airflow/.local/lib/python3.12/site-packages/airflow/example_dags/example_setup_teardown.py
[2025-02-01T00:07:10.060+0000] {processor.py:925} INFO - DAG(s) 'example_setup_teardown' retrieved from /home/airflow/.local/lib/python3.12/site-packages/airflow/example_dags/example_setup_teardown.py
[2025-02-01T00:07:10.078+0000] {logging_mixin.py:190} INFO - [2025-02-01T00:07:10.077+0000] {dag.py:3211} INFO - Sync 1 DAGs
[2025-02-01T00:07:10.098+0000] {logging_mixin.py:190} INFO - [2025-02-01T00:07:10.098+0000] {dag.py:4138} INFO - Setting next_dagrun for example_setup_teardown to 2025-01-31 00:00:00+00:00, run_after=2025-02-01 00:00:00+00:00
[2025-02-01T00:07:10.117+0000] {processor.py:208} INFO - Processing /home/airflow/.local/lib/python3.12/site-packages/airflow/example_dags/example_setup_teardown.py took 0.072 seconds
[2025-02-01T00:07:40.471+0000] {processor.py:186} INFO - Started process (PID=26013) to work on /home/airflow/.local/lib/python3.12/site-packages/airflow/example_dags/example_setup_teardown.py
[2025-02-01T00:07:40.472+0000] {processor.py:914} INFO - Processing file /home/airflow/.local/lib/python3.12/site-packages/airflow/example_dags/example_setup_teardown.py for tasks to queue
[2025-02-01T00:07:40.473+0000] {logging_mixin.py:190} INFO - [2025-02-01T00:07:40.473+0000] {dagbag.py:587} INFO - Filling up the DagBag from /home/airflow/.local/lib/python3.12/site-packages/airflow/example_dags/example_setup_teardown.py
[2025-02-01T00:07:40.481+0000] {processor.py:925} INFO - DAG(s) 'example_setup_teardown' retrieved from /home/airflow/.local/lib/python3.12/site-packages/airflow/example_dags/example_setup_teardown.py
[2025-02-01T00:07:40.499+0000] {logging_mixin.py:190} INFO - [2025-02-01T00:07:40.498+0000] {dag.py:3211} INFO - Sync 1 DAGs
[2025-02-01T00:07:40.519+0000] {logging_mixin.py:190} INFO - [2025-02-01T00:07:40.519+0000] {dag.py:4138} INFO - Setting next_dagrun for example_setup_teardown to 2025-01-31 00:00:00+00:00, run_after=2025-02-01 00:00:00+00:00
[2025-02-01T00:07:40.537+0000] {processor.py:208} INFO - Processing /home/airflow/.local/lib/python3.12/site-packages/airflow/example_dags/example_setup_teardown.py took 0.071 seconds
[2025-02-01T00:08:10.755+0000] {processor.py:186} INFO - Started process (PID=26076) to work on /home/airflow/.local/lib/python3.12/site-packages/airflow/example_dags/example_setup_teardown.py
[2025-02-01T00:08:10.756+0000] {processor.py:914} INFO - Processing file /home/airflow/.local/lib/python3.12/site-packages/airflow/example_dags/example_setup_teardown.py for tasks to queue
[2025-02-01T00:08:10.757+0000] {logging_mixin.py:190} INFO - [2025-02-01T00:08:10.757+0000] {dagbag.py:587} INFO - Filling up the DagBag from /home/airflow/.local/lib/python3.12/site-packages/airflow/example_dags/example_setup_teardown.py
[2025-02-01T00:08:10.766+0000] {processor.py:925} INFO - DAG(s) 'example_setup_teardown' retrieved from /home/airflow/.local/lib/python3.12/site-packages/airflow/example_dags/example_setup_teardown.py
[2025-02-01T00:08:10.784+0000] {logging_mixin.py:190} INFO - [2025-02-01T00:08:10.784+0000] {dag.py:3211} INFO - Sync 1 DAGs
[2025-02-01T00:08:10.804+0000] {logging_mixin.py:190} INFO - [2025-02-01T00:08:10.804+0000] {dag.py:4138} INFO - Setting next_dagrun for example_setup_teardown to 2025-01-31 00:00:00+00:00, run_after=2025-02-01 00:00:00+00:00
[2025-02-01T00:08:10.822+0000] {processor.py:208} INFO - Processing /home/airflow/.local/lib/python3.12/site-packages/airflow/example_dags/example_setup_teardown.py took 0.072 seconds
[2025-02-01T00:08:41.175+0000] {processor.py:186} INFO - Started process (PID=26139) to work on /home/airflow/.local/lib/python3.12/site-packages/airflow/example_dags/example_setup_teardown.py
[2025-02-01T00:08:41.176+0000] {processor.py:914} INFO - Processing file /home/airflow/.local/lib/python3.12/site-packages/airflow/example_dags/example_setup_teardown.py for tasks to queue
[2025-02-01T00:08:41.177+0000] {logging_mixin.py:190} INFO - [2025-02-01T00:08:41.176+0000] {dagbag.py:587} INFO - Filling up the DagBag from /home/airflow/.local/lib/python3.12/site-packages/airflow/example_dags/example_setup_teardown.py
[2025-02-01T00:08:41.185+0000] {processor.py:925} INFO - DAG(s) 'example_setup_teardown' retrieved from /home/airflow/.local/lib/python3.12/site-packages/airflow/example_dags/example_setup_teardown.py
[2025-02-01T00:08:41.203+0000] {logging_mixin.py:190} INFO - [2025-02-01T00:08:41.202+0000] {dag.py:3211} INFO - Sync 1 DAGs
[2025-02-01T00:08:41.224+0000] {logging_mixin.py:190} INFO - [2025-02-01T00:08:41.224+0000] {dag.py:4138} INFO - Setting next_dagrun for example_setup_teardown to 2025-01-31 00:00:00+00:00, run_after=2025-02-01 00:00:00+00:00
[2025-02-01T00:08:41.242+0000] {processor.py:208} INFO - Processing /home/airflow/.local/lib/python3.12/site-packages/airflow/example_dags/example_setup_teardown.py took 0.072 seconds
[2025-02-01T00:09:11.370+0000] {processor.py:186} INFO - Started process (PID=26202) to work on /home/airflow/.local/lib/python3.12/site-packages/airflow/example_dags/example_setup_teardown.py
[2025-02-01T00:09:11.371+0000] {processor.py:914} INFO - Processing file /home/airflow/.local/lib/python3.12/site-packages/airflow/example_dags/example_setup_teardown.py for tasks to queue
[2025-02-01T00:09:11.372+0000] {logging_mixin.py:190} INFO - [2025-02-01T00:09:11.372+0000] {dagbag.py:587} INFO - Filling up the DagBag from /home/airflow/.local/lib/python3.12/site-packages/airflow/example_dags/example_setup_teardown.py
[2025-02-01T00:09:11.380+0000] {processor.py:925} INFO - DAG(s) 'example_setup_teardown' retrieved from /home/airflow/.local/lib/python3.12/site-packages/airflow/example_dags/example_setup_teardown.py
[2025-02-01T00:09:11.398+0000] {logging_mixin.py:190} INFO - [2025-02-01T00:09:11.398+0000] {dag.py:3211} INFO - Sync 1 DAGs
[2025-02-01T00:09:11.419+0000] {logging_mixin.py:190} INFO - [2025-02-01T00:09:11.419+0000] {dag.py:4138} INFO - Setting next_dagrun for example_setup_teardown to 2025-01-31 00:00:00+00:00, run_after=2025-02-01 00:00:00+00:00
[2025-02-01T00:09:11.438+0000] {processor.py:208} INFO - Processing /home/airflow/.local/lib/python3.12/site-packages/airflow/example_dags/example_setup_teardown.py took 0.074 seconds
[2025-02-01T00:09:41.516+0000] {processor.py:186} INFO - Started process (PID=26265) to work on /home/airflow/.local/lib/python3.12/site-packages/airflow/example_dags/example_setup_teardown.py
[2025-02-01T00:09:41.517+0000] {processor.py:914} INFO - Processing file /home/airflow/.local/lib/python3.12/site-packages/airflow/example_dags/example_setup_teardown.py for tasks to queue
[2025-02-01T00:09:41.518+0000] {logging_mixin.py:190} INFO - [2025-02-01T00:09:41.518+0000] {dagbag.py:587} INFO - Filling up the DagBag from /home/airflow/.local/lib/python3.12/site-packages/airflow/example_dags/example_setup_teardown.py
[2025-02-01T00:09:41.525+0000] {processor.py:925} INFO - DAG(s) 'example_setup_teardown' retrieved from /home/airflow/.local/lib/python3.12/site-packages/airflow/example_dags/example_setup_teardown.py
[2025-02-01T00:09:41.544+0000] {logging_mixin.py:190} INFO - [2025-02-01T00:09:41.544+0000] {dag.py:3211} INFO - Sync 1 DAGs
[2025-02-01T00:09:41.564+0000] {logging_mixin.py:190} INFO - [2025-02-01T00:09:41.564+0000] {dag.py:4138} INFO - Setting next_dagrun for example_setup_teardown to 2025-01-31 00:00:00+00:00, run_after=2025-02-01 00:00:00+00:00
[2025-02-01T00:09:41.583+0000] {processor.py:208} INFO - Processing /home/airflow/.local/lib/python3.12/site-packages/airflow/example_dags/example_setup_teardown.py took 0.071 seconds
[2025-02-01T00:10:11.865+0000] {processor.py:186} INFO - Started process (PID=26328) to work on /home/airflow/.local/lib/python3.12/site-packages/airflow/example_dags/example_setup_teardown.py
[2025-02-01T00:10:11.866+0000] {processor.py:914} INFO - Processing file /home/airflow/.local/lib/python3.12/site-packages/airflow/example_dags/example_setup_teardown.py for tasks to queue
[2025-02-01T00:10:11.867+0000] {logging_mixin.py:190} INFO - [2025-02-01T00:10:11.867+0000] {dagbag.py:587} INFO - Filling up the DagBag from /home/airflow/.local/lib/python3.12/site-packages/airflow/example_dags/example_setup_teardown.py
[2025-02-01T00:10:11.875+0000] {processor.py:925} INFO - DAG(s) 'example_setup_teardown' retrieved from /home/airflow/.local/lib/python3.12/site-packages/airflow/example_dags/example_setup_teardown.py
[2025-02-01T00:10:11.894+0000] {logging_mixin.py:190} INFO - [2025-02-01T00:10:11.894+0000] {dag.py:3211} INFO - Sync 1 DAGs
[2025-02-01T00:10:11.915+0000] {logging_mixin.py:190} INFO - [2025-02-01T00:10:11.914+0000] {dag.py:4138} INFO - Setting next_dagrun for example_setup_teardown to 2025-01-31 00:00:00+00:00, run_after=2025-02-01 00:00:00+00:00
[2025-02-01T00:10:11.933+0000] {processor.py:208} INFO - Processing /home/airflow/.local/lib/python3.12/site-packages/airflow/example_dags/example_setup_teardown.py took 0.073 seconds
[2025-02-01T00:10:42.453+0000] {processor.py:186} INFO - Started process (PID=26391) to work on /home/airflow/.local/lib/python3.12/site-packages/airflow/example_dags/example_setup_teardown.py
[2025-02-01T00:10:42.454+0000] {processor.py:914} INFO - Processing file /home/airflow/.local/lib/python3.12/site-packages/airflow/example_dags/example_setup_teardown.py for tasks to queue
[2025-02-01T00:10:42.456+0000] {logging_mixin.py:190} INFO - [2025-02-01T00:10:42.455+0000] {dagbag.py:587} INFO - Filling up the DagBag from /home/airflow/.local/lib/python3.12/site-packages/airflow/example_dags/example_setup_teardown.py
[2025-02-01T00:10:42.463+0000] {processor.py:925} INFO - DAG(s) 'example_setup_teardown' retrieved from /home/airflow/.local/lib/python3.12/site-packages/airflow/example_dags/example_setup_teardown.py
[2025-02-01T00:10:42.482+0000] {logging_mixin.py:190} INFO - [2025-02-01T00:10:42.481+0000] {dag.py:3211} INFO - Sync 1 DAGs
[2025-02-01T00:10:42.503+0000] {logging_mixin.py:190} INFO - [2025-02-01T00:10:42.503+0000] {dag.py:4138} INFO - Setting next_dagrun for example_setup_teardown to 2025-01-31 00:00:00+00:00, run_after=2025-02-01 00:00:00+00:00
[2025-02-01T00:10:42.520+0000] {processor.py:208} INFO - Processing /home/airflow/.local/lib/python3.12/site-packages/airflow/example_dags/example_setup_teardown.py took 0.071 seconds
[2025-02-01T00:11:12.621+0000] {processor.py:186} INFO - Started process (PID=26454) to work on /home/airflow/.local/lib/python3.12/site-packages/airflow/example_dags/example_setup_teardown.py
[2025-02-01T00:11:12.622+0000] {processor.py:914} INFO - Processing file /home/airflow/.local/lib/python3.12/site-packages/airflow/example_dags/example_setup_teardown.py for tasks to queue
[2025-02-01T00:11:12.622+0000] {logging_mixin.py:190} INFO - [2025-02-01T00:11:12.622+0000] {dagbag.py:587} INFO - Filling up the DagBag from /home/airflow/.local/lib/python3.12/site-packages/airflow/example_dags/example_setup_teardown.py
[2025-02-01T00:11:12.630+0000] {processor.py:925} INFO - DAG(s) 'example_setup_teardown' retrieved from /home/airflow/.local/lib/python3.12/site-packages/airflow/example_dags/example_setup_teardown.py
[2025-02-01T00:11:12.648+0000] {logging_mixin.py:190} INFO - [2025-02-01T00:11:12.647+0000] {dag.py:3211} INFO - Sync 1 DAGs
[2025-02-01T00:11:12.669+0000] {logging_mixin.py:190} INFO - [2025-02-01T00:11:12.669+0000] {dag.py:4138} INFO - Setting next_dagrun for example_setup_teardown to 2025-01-31 00:00:00+00:00, run_after=2025-02-01 00:00:00+00:00
[2025-02-01T00:11:12.686+0000] {processor.py:208} INFO - Processing /home/airflow/.local/lib/python3.12/site-packages/airflow/example_dags/example_setup_teardown.py took 0.070 seconds
[2025-02-01T00:11:42.902+0000] {processor.py:186} INFO - Started process (PID=26517) to work on /home/airflow/.local/lib/python3.12/site-packages/airflow/example_dags/example_setup_teardown.py
[2025-02-01T00:11:42.903+0000] {processor.py:914} INFO - Processing file /home/airflow/.local/lib/python3.12/site-packages/airflow/example_dags/example_setup_teardown.py for tasks to queue
[2025-02-01T00:11:42.904+0000] {logging_mixin.py:190} INFO - [2025-02-01T00:11:42.904+0000] {dagbag.py:587} INFO - Filling up the DagBag from /home/airflow/.local/lib/python3.12/site-packages/airflow/example_dags/example_setup_teardown.py
[2025-02-01T00:11:42.912+0000] {processor.py:925} INFO - DAG(s) 'example_setup_teardown' retrieved from /home/airflow/.local/lib/python3.12/site-packages/airflow/example_dags/example_setup_teardown.py
[2025-02-01T00:11:42.930+0000] {logging_mixin.py:190} INFO - [2025-02-01T00:11:42.930+0000] {dag.py:3211} INFO - Sync 1 DAGs
[2025-02-01T00:11:42.950+0000] {logging_mixin.py:190} INFO - [2025-02-01T00:11:42.950+0000] {dag.py:4138} INFO - Setting next_dagrun for example_setup_teardown to 2025-01-31 00:00:00+00:00, run_after=2025-02-01 00:00:00+00:00
[2025-02-01T00:11:42.968+0000] {processor.py:208} INFO - Processing /home/airflow/.local/lib/python3.12/site-packages/airflow/example_dags/example_setup_teardown.py took 0.071 seconds
[2025-02-01T00:12:13.179+0000] {processor.py:186} INFO - Started process (PID=26580) to work on /home/airflow/.local/lib/python3.12/site-packages/airflow/example_dags/example_setup_teardown.py
[2025-02-01T00:12:13.180+0000] {processor.py:914} INFO - Processing file /home/airflow/.local/lib/python3.12/site-packages/airflow/example_dags/example_setup_teardown.py for tasks to queue
[2025-02-01T00:12:13.181+0000] {logging_mixin.py:190} INFO - [2025-02-01T00:12:13.181+0000] {dagbag.py:587} INFO - Filling up the DagBag from /home/airflow/.local/lib/python3.12/site-packages/airflow/example_dags/example_setup_teardown.py
[2025-02-01T00:12:13.189+0000] {processor.py:925} INFO - DAG(s) 'example_setup_teardown' retrieved from /home/airflow/.local/lib/python3.12/site-packages/airflow/example_dags/example_setup_teardown.py
[2025-02-01T00:12:13.207+0000] {logging_mixin.py:190} INFO - [2025-02-01T00:12:13.206+0000] {dag.py:3211} INFO - Sync 1 DAGs
[2025-02-01T00:12:13.227+0000] {logging_mixin.py:190} INFO - [2025-02-01T00:12:13.227+0000] {dag.py:4138} INFO - Setting next_dagrun for example_setup_teardown to 2025-01-31 00:00:00+00:00, run_after=2025-02-01 00:00:00+00:00
[2025-02-01T00:12:13.245+0000] {processor.py:208} INFO - Processing /home/airflow/.local/lib/python3.12/site-packages/airflow/example_dags/example_setup_teardown.py took 0.071 seconds
[2025-02-01T00:12:43.541+0000] {processor.py:186} INFO - Started process (PID=26643) to work on /home/airflow/.local/lib/python3.12/site-packages/airflow/example_dags/example_setup_teardown.py
[2025-02-01T00:12:43.542+0000] {processor.py:914} INFO - Processing file /home/airflow/.local/lib/python3.12/site-packages/airflow/example_dags/example_setup_teardown.py for tasks to queue
[2025-02-01T00:12:43.543+0000] {logging_mixin.py:190} INFO - [2025-02-01T00:12:43.543+0000] {dagbag.py:587} INFO - Filling up the DagBag from /home/airflow/.local/lib/python3.12/site-packages/airflow/example_dags/example_setup_teardown.py
[2025-02-01T00:12:43.553+0000] {processor.py:925} INFO - DAG(s) 'example_setup_teardown' retrieved from /home/airflow/.local/lib/python3.12/site-packages/airflow/example_dags/example_setup_teardown.py
[2025-02-01T00:12:43.572+0000] {logging_mixin.py:190} INFO - [2025-02-01T00:12:43.571+0000] {dag.py:3211} INFO - Sync 1 DAGs
[2025-02-01T00:12:43.593+0000] {logging_mixin.py:190} INFO - [2025-02-01T00:12:43.593+0000] {dag.py:4138} INFO - Setting next_dagrun for example_setup_teardown to 2025-01-31 00:00:00+00:00, run_after=2025-02-01 00:00:00+00:00
[2025-02-01T00:12:43.615+0000] {processor.py:208} INFO - Processing /home/airflow/.local/lib/python3.12/site-packages/airflow/example_dags/example_setup_teardown.py took 0.078 seconds
[2025-02-01T00:13:13.702+0000] {processor.py:186} INFO - Started process (PID=26706) to work on /home/airflow/.local/lib/python3.12/site-packages/airflow/example_dags/example_setup_teardown.py
[2025-02-01T00:13:13.703+0000] {processor.py:914} INFO - Processing file /home/airflow/.local/lib/python3.12/site-packages/airflow/example_dags/example_setup_teardown.py for tasks to queue
[2025-02-01T00:13:13.704+0000] {logging_mixin.py:190} INFO - [2025-02-01T00:13:13.703+0000] {dagbag.py:587} INFO - Filling up the DagBag from /home/airflow/.local/lib/python3.12/site-packages/airflow/example_dags/example_setup_teardown.py
[2025-02-01T00:13:13.711+0000] {processor.py:925} INFO - DAG(s) 'example_setup_teardown' retrieved from /home/airflow/.local/lib/python3.12/site-packages/airflow/example_dags/example_setup_teardown.py
[2025-02-01T00:13:13.728+0000] {logging_mixin.py:190} INFO - [2025-02-01T00:13:13.727+0000] {dag.py:3211} INFO - Sync 1 DAGs
[2025-02-01T00:13:13.746+0000] {logging_mixin.py:190} INFO - [2025-02-01T00:13:13.745+0000] {dag.py:4138} INFO - Setting next_dagrun for example_setup_teardown to 2025-01-31 00:00:00+00:00, run_after=2025-02-01 00:00:00+00:00
[2025-02-01T00:13:13.763+0000] {processor.py:208} INFO - Processing /home/airflow/.local/lib/python3.12/site-packages/airflow/example_dags/example_setup_teardown.py took 0.066 seconds
[2025-02-01T00:13:44.007+0000] {processor.py:186} INFO - Started process (PID=26769) to work on /home/airflow/.local/lib/python3.12/site-packages/airflow/example_dags/example_setup_teardown.py
[2025-02-01T00:13:44.008+0000] {processor.py:914} INFO - Processing file /home/airflow/.local/lib/python3.12/site-packages/airflow/example_dags/example_setup_teardown.py for tasks to queue
[2025-02-01T00:13:44.010+0000] {logging_mixin.py:190} INFO - [2025-02-01T00:13:44.009+0000] {dagbag.py:587} INFO - Filling up the DagBag from /home/airflow/.local/lib/python3.12/site-packages/airflow/example_dags/example_setup_teardown.py
[2025-02-01T00:13:44.017+0000] {processor.py:925} INFO - DAG(s) 'example_setup_teardown' retrieved from /home/airflow/.local/lib/python3.12/site-packages/airflow/example_dags/example_setup_teardown.py
[2025-02-01T00:13:44.034+0000] {logging_mixin.py:190} INFO - [2025-02-01T00:13:44.034+0000] {dag.py:3211} INFO - Sync 1 DAGs
[2025-02-01T00:13:44.055+0000] {logging_mixin.py:190} INFO - [2025-02-01T00:13:44.054+0000] {dag.py:4138} INFO - Setting next_dagrun for example_setup_teardown to 2025-01-31 00:00:00+00:00, run_after=2025-02-01 00:00:00+00:00
[2025-02-01T00:13:44.070+0000] {processor.py:208} INFO - Processing /home/airflow/.local/lib/python3.12/site-packages/airflow/example_dags/example_setup_teardown.py took 0.067 seconds
[2025-02-01T00:14:14.273+0000] {processor.py:186} INFO - Started process (PID=26832) to work on /home/airflow/.local/lib/python3.12/site-packages/airflow/example_dags/example_setup_teardown.py
[2025-02-01T00:14:14.273+0000] {processor.py:914} INFO - Processing file /home/airflow/.local/lib/python3.12/site-packages/airflow/example_dags/example_setup_teardown.py for tasks to queue
[2025-02-01T00:14:14.274+0000] {logging_mixin.py:190} INFO - [2025-02-01T00:14:14.274+0000] {dagbag.py:587} INFO - Filling up the DagBag from /home/airflow/.local/lib/python3.12/site-packages/airflow/example_dags/example_setup_teardown.py
[2025-02-01T00:14:14.282+0000] {processor.py:925} INFO - DAG(s) 'example_setup_teardown' retrieved from /home/airflow/.local/lib/python3.12/site-packages/airflow/example_dags/example_setup_teardown.py
[2025-02-01T00:14:14.300+0000] {logging_mixin.py:190} INFO - [2025-02-01T00:14:14.299+0000] {dag.py:3211} INFO - Sync 1 DAGs
[2025-02-01T00:14:14.319+0000] {logging_mixin.py:190} INFO - [2025-02-01T00:14:14.318+0000] {dag.py:4138} INFO - Setting next_dagrun for example_setup_teardown to 2025-01-31 00:00:00+00:00, run_after=2025-02-01 00:00:00+00:00
[2025-02-01T00:14:14.336+0000] {processor.py:208} INFO - Processing /home/airflow/.local/lib/python3.12/site-packages/airflow/example_dags/example_setup_teardown.py took 0.068 seconds
[2025-02-01T00:14:44.591+0000] {processor.py:186} INFO - Started process (PID=26895) to work on /home/airflow/.local/lib/python3.12/site-packages/airflow/example_dags/example_setup_teardown.py
[2025-02-01T00:14:44.592+0000] {processor.py:914} INFO - Processing file /home/airflow/.local/lib/python3.12/site-packages/airflow/example_dags/example_setup_teardown.py for tasks to queue
[2025-02-01T00:14:44.593+0000] {logging_mixin.py:190} INFO - [2025-02-01T00:14:44.593+0000] {dagbag.py:587} INFO - Filling up the DagBag from /home/airflow/.local/lib/python3.12/site-packages/airflow/example_dags/example_setup_teardown.py
[2025-02-01T00:14:44.601+0000] {processor.py:925} INFO - DAG(s) 'example_setup_teardown' retrieved from /home/airflow/.local/lib/python3.12/site-packages/airflow/example_dags/example_setup_teardown.py
[2025-02-01T00:14:44.618+0000] {logging_mixin.py:190} INFO - [2025-02-01T00:14:44.618+0000] {dag.py:3211} INFO - Sync 1 DAGs
[2025-02-01T00:14:44.637+0000] {logging_mixin.py:190} INFO - [2025-02-01T00:14:44.637+0000] {dag.py:4138} INFO - Setting next_dagrun for example_setup_teardown to 2025-01-31 00:00:00+00:00, run_after=2025-02-01 00:00:00+00:00
[2025-02-01T00:14:44.655+0000] {processor.py:208} INFO - Processing /home/airflow/.local/lib/python3.12/site-packages/airflow/example_dags/example_setup_teardown.py took 0.069 seconds
[2025-02-01T00:15:15.063+0000] {processor.py:186} INFO - Started process (PID=26958) to work on /home/airflow/.local/lib/python3.12/site-packages/airflow/example_dags/example_setup_teardown.py
[2025-02-01T00:15:15.064+0000] {processor.py:914} INFO - Processing file /home/airflow/.local/lib/python3.12/site-packages/airflow/example_dags/example_setup_teardown.py for tasks to queue
[2025-02-01T00:15:15.065+0000] {logging_mixin.py:190} INFO - [2025-02-01T00:15:15.065+0000] {dagbag.py:587} INFO - Filling up the DagBag from /home/airflow/.local/lib/python3.12/site-packages/airflow/example_dags/example_setup_teardown.py
[2025-02-01T00:15:15.073+0000] {processor.py:925} INFO - DAG(s) 'example_setup_teardown' retrieved from /home/airflow/.local/lib/python3.12/site-packages/airflow/example_dags/example_setup_teardown.py
[2025-02-01T00:15:15.092+0000] {logging_mixin.py:190} INFO - [2025-02-01T00:15:15.092+0000] {dag.py:3211} INFO - Sync 1 DAGs
[2025-02-01T00:15:15.112+0000] {logging_mixin.py:190} INFO - [2025-02-01T00:15:15.112+0000] {dag.py:4138} INFO - Setting next_dagrun for example_setup_teardown to 2025-01-31 00:00:00+00:00, run_after=2025-02-01 00:00:00+00:00
[2025-02-01T00:15:15.130+0000] {processor.py:208} INFO - Processing /home/airflow/.local/lib/python3.12/site-packages/airflow/example_dags/example_setup_teardown.py took 0.071 seconds
[2025-02-01T00:15:45.480+0000] {processor.py:186} INFO - Started process (PID=27021) to work on /home/airflow/.local/lib/python3.12/site-packages/airflow/example_dags/example_setup_teardown.py
[2025-02-01T00:15:45.481+0000] {processor.py:914} INFO - Processing file /home/airflow/.local/lib/python3.12/site-packages/airflow/example_dags/example_setup_teardown.py for tasks to queue
[2025-02-01T00:15:45.482+0000] {logging_mixin.py:190} INFO - [2025-02-01T00:15:45.482+0000] {dagbag.py:587} INFO - Filling up the DagBag from /home/airflow/.local/lib/python3.12/site-packages/airflow/example_dags/example_setup_teardown.py
[2025-02-01T00:15:45.490+0000] {processor.py:925} INFO - DAG(s) 'example_setup_teardown' retrieved from /home/airflow/.local/lib/python3.12/site-packages/airflow/example_dags/example_setup_teardown.py
[2025-02-01T00:15:45.509+0000] {logging_mixin.py:190} INFO - [2025-02-01T00:15:45.509+0000] {dag.py:3211} INFO - Sync 1 DAGs
[2025-02-01T00:15:45.530+0000] {logging_mixin.py:190} INFO - [2025-02-01T00:15:45.530+0000] {dag.py:4138} INFO - Setting next_dagrun for example_setup_teardown to 2025-01-31 00:00:00+00:00, run_after=2025-02-01 00:00:00+00:00
[2025-02-01T00:15:45.546+0000] {processor.py:208} INFO - Processing /home/airflow/.local/lib/python3.12/site-packages/airflow/example_dags/example_setup_teardown.py took 0.071 seconds
[2025-02-01T00:16:15.664+0000] {processor.py:186} INFO - Started process (PID=27084) to work on /home/airflow/.local/lib/python3.12/site-packages/airflow/example_dags/example_setup_teardown.py
[2025-02-01T00:16:15.665+0000] {processor.py:914} INFO - Processing file /home/airflow/.local/lib/python3.12/site-packages/airflow/example_dags/example_setup_teardown.py for tasks to queue
[2025-02-01T00:16:15.666+0000] {logging_mixin.py:190} INFO - [2025-02-01T00:16:15.666+0000] {dagbag.py:587} INFO - Filling up the DagBag from /home/airflow/.local/lib/python3.12/site-packages/airflow/example_dags/example_setup_teardown.py
[2025-02-01T00:16:15.674+0000] {processor.py:925} INFO - DAG(s) 'example_setup_teardown' retrieved from /home/airflow/.local/lib/python3.12/site-packages/airflow/example_dags/example_setup_teardown.py
[2025-02-01T00:16:15.692+0000] {logging_mixin.py:190} INFO - [2025-02-01T00:16:15.691+0000] {dag.py:3211} INFO - Sync 1 DAGs
[2025-02-01T00:16:15.711+0000] {logging_mixin.py:190} INFO - [2025-02-01T00:16:15.711+0000] {dag.py:4138} INFO - Setting next_dagrun for example_setup_teardown to 2025-01-31 00:00:00+00:00, run_after=2025-02-01 00:00:00+00:00
[2025-02-01T00:16:15.730+0000] {processor.py:208} INFO - Processing /home/airflow/.local/lib/python3.12/site-packages/airflow/example_dags/example_setup_teardown.py took 0.070 seconds
