[2025-02-01T00:00:07.485+0000] {processor.py:186} INFO - Started process (PID=25069) to work on /home/airflow/.local/lib/python3.12/site-packages/airflow/example_dags/example_params_trigger_ui.py
[2025-02-01T00:00:07.486+0000] {processor.py:914} INFO - Processing file /home/airflow/.local/lib/python3.12/site-packages/airflow/example_dags/example_params_trigger_ui.py for tasks to queue
[2025-02-01T00:00:07.487+0000] {logging_mixin.py:190} INFO - [2025-02-01T00:00:07.487+0000] {dagbag.py:587} INFO - Filling up the DagBag from /home/airflow/.local/lib/python3.12/site-packages/airflow/example_dags/example_params_trigger_ui.py
[2025-02-01T00:00:07.497+0000] {processor.py:925} INFO - DAG(s) 'example_params_trigger_ui' retrieved from /home/airflow/.local/lib/python3.12/site-packages/airflow/example_dags/example_params_trigger_ui.py
[2025-02-01T00:00:07.537+0000] {logging_mixin.py:190} INFO - [2025-02-01T00:00:07.536+0000] {dag.py:3211} INFO - Sync 1 DAGs
[2025-02-01T00:00:07.549+0000] {logging_mixin.py:190} INFO - [2025-02-01T00:00:07.549+0000] {dag.py:4138} INFO - Setting next_dagrun for example_params_trigger_ui to None, run_after=None
[2025-02-01T00:00:07.570+0000] {processor.py:208} INFO - Processing /home/airflow/.local/lib/python3.12/site-packages/airflow/example_dags/example_params_trigger_ui.py took 0.089 seconds
[2025-02-01T00:00:38.108+0000] {processor.py:186} INFO - Started process (PID=25133) to work on /home/airflow/.local/lib/python3.12/site-packages/airflow/example_dags/example_params_trigger_ui.py
[2025-02-01T00:00:38.109+0000] {processor.py:914} INFO - Processing file /home/airflow/.local/lib/python3.12/site-packages/airflow/example_dags/example_params_trigger_ui.py for tasks to queue
[2025-02-01T00:00:38.110+0000] {logging_mixin.py:190} INFO - [2025-02-01T00:00:38.110+0000] {dagbag.py:587} INFO - Filling up the DagBag from /home/airflow/.local/lib/python3.12/site-packages/airflow/example_dags/example_params_trigger_ui.py
[2025-02-01T00:00:38.122+0000] {processor.py:925} INFO - DAG(s) 'example_params_trigger_ui' retrieved from /home/airflow/.local/lib/python3.12/site-packages/airflow/example_dags/example_params_trigger_ui.py
[2025-02-01T00:00:38.162+0000] {logging_mixin.py:190} INFO - [2025-02-01T00:00:38.162+0000] {dag.py:3211} INFO - Sync 1 DAGs
[2025-02-01T00:00:38.177+0000] {logging_mixin.py:190} INFO - [2025-02-01T00:00:38.176+0000] {dag.py:4138} INFO - Setting next_dagrun for example_params_trigger_ui to None, run_after=None
[2025-02-01T00:00:38.196+0000] {processor.py:208} INFO - Processing /home/airflow/.local/lib/python3.12/site-packages/airflow/example_dags/example_params_trigger_ui.py took 0.095 seconds
[2025-02-01T00:01:08.296+0000] {processor.py:186} INFO - Started process (PID=25195) to work on /home/airflow/.local/lib/python3.12/site-packages/airflow/example_dags/example_params_trigger_ui.py
[2025-02-01T00:01:08.297+0000] {processor.py:914} INFO - Processing file /home/airflow/.local/lib/python3.12/site-packages/airflow/example_dags/example_params_trigger_ui.py for tasks to queue
[2025-02-01T00:01:08.298+0000] {logging_mixin.py:190} INFO - [2025-02-01T00:01:08.298+0000] {dagbag.py:587} INFO - Filling up the DagBag from /home/airflow/.local/lib/python3.12/site-packages/airflow/example_dags/example_params_trigger_ui.py
[2025-02-01T00:01:08.307+0000] {processor.py:925} INFO - DAG(s) 'example_params_trigger_ui' retrieved from /home/airflow/.local/lib/python3.12/site-packages/airflow/example_dags/example_params_trigger_ui.py
[2025-02-01T00:01:08.345+0000] {logging_mixin.py:190} INFO - [2025-02-01T00:01:08.345+0000] {dag.py:3211} INFO - Sync 1 DAGs
[2025-02-01T00:01:08.358+0000] {logging_mixin.py:190} INFO - [2025-02-01T00:01:08.358+0000] {dag.py:4138} INFO - Setting next_dagrun for example_params_trigger_ui to None, run_after=None
[2025-02-01T00:01:08.376+0000] {processor.py:208} INFO - Processing /home/airflow/.local/lib/python3.12/site-packages/airflow/example_dags/example_params_trigger_ui.py took 0.085 seconds
[2025-02-01T00:01:38.485+0000] {processor.py:186} INFO - Started process (PID=25258) to work on /home/airflow/.local/lib/python3.12/site-packages/airflow/example_dags/example_params_trigger_ui.py
[2025-02-01T00:01:38.486+0000] {processor.py:914} INFO - Processing file /home/airflow/.local/lib/python3.12/site-packages/airflow/example_dags/example_params_trigger_ui.py for tasks to queue
[2025-02-01T00:01:38.488+0000] {logging_mixin.py:190} INFO - [2025-02-01T00:01:38.487+0000] {dagbag.py:587} INFO - Filling up the DagBag from /home/airflow/.local/lib/python3.12/site-packages/airflow/example_dags/example_params_trigger_ui.py
[2025-02-01T00:01:38.497+0000] {processor.py:925} INFO - DAG(s) 'example_params_trigger_ui' retrieved from /home/airflow/.local/lib/python3.12/site-packages/airflow/example_dags/example_params_trigger_ui.py
[2025-02-01T00:01:38.536+0000] {logging_mixin.py:190} INFO - [2025-02-01T00:01:38.535+0000] {dag.py:3211} INFO - Sync 1 DAGs
[2025-02-01T00:01:38.548+0000] {logging_mixin.py:190} INFO - [2025-02-01T00:01:38.547+0000] {dag.py:4138} INFO - Setting next_dagrun for example_params_trigger_ui to None, run_after=None
[2025-02-01T00:01:38.566+0000] {processor.py:208} INFO - Processing /home/airflow/.local/lib/python3.12/site-packages/airflow/example_dags/example_params_trigger_ui.py took 0.085 seconds
[2025-02-01T00:02:08.734+0000] {processor.py:186} INFO - Started process (PID=25321) to work on /home/airflow/.local/lib/python3.12/site-packages/airflow/example_dags/example_params_trigger_ui.py
[2025-02-01T00:02:08.735+0000] {processor.py:914} INFO - Processing file /home/airflow/.local/lib/python3.12/site-packages/airflow/example_dags/example_params_trigger_ui.py for tasks to queue
[2025-02-01T00:02:08.736+0000] {logging_mixin.py:190} INFO - [2025-02-01T00:02:08.735+0000] {dagbag.py:587} INFO - Filling up the DagBag from /home/airflow/.local/lib/python3.12/site-packages/airflow/example_dags/example_params_trigger_ui.py
[2025-02-01T00:02:08.746+0000] {processor.py:925} INFO - DAG(s) 'example_params_trigger_ui' retrieved from /home/airflow/.local/lib/python3.12/site-packages/airflow/example_dags/example_params_trigger_ui.py
[2025-02-01T00:02:08.784+0000] {logging_mixin.py:190} INFO - [2025-02-01T00:02:08.784+0000] {dag.py:3211} INFO - Sync 1 DAGs
[2025-02-01T00:02:08.797+0000] {logging_mixin.py:190} INFO - [2025-02-01T00:02:08.796+0000] {dag.py:4138} INFO - Setting next_dagrun for example_params_trigger_ui to None, run_after=None
[2025-02-01T00:02:08.815+0000] {processor.py:208} INFO - Processing /home/airflow/.local/lib/python3.12/site-packages/airflow/example_dags/example_params_trigger_ui.py took 0.087 seconds
[2025-02-01T00:02:38.873+0000] {processor.py:186} INFO - Started process (PID=25384) to work on /home/airflow/.local/lib/python3.12/site-packages/airflow/example_dags/example_params_trigger_ui.py
[2025-02-01T00:02:38.874+0000] {processor.py:914} INFO - Processing file /home/airflow/.local/lib/python3.12/site-packages/airflow/example_dags/example_params_trigger_ui.py for tasks to queue
[2025-02-01T00:02:38.875+0000] {logging_mixin.py:190} INFO - [2025-02-01T00:02:38.875+0000] {dagbag.py:587} INFO - Filling up the DagBag from /home/airflow/.local/lib/python3.12/site-packages/airflow/example_dags/example_params_trigger_ui.py
[2025-02-01T00:02:38.884+0000] {processor.py:925} INFO - DAG(s) 'example_params_trigger_ui' retrieved from /home/airflow/.local/lib/python3.12/site-packages/airflow/example_dags/example_params_trigger_ui.py
[2025-02-01T00:02:38.922+0000] {logging_mixin.py:190} INFO - [2025-02-01T00:02:38.922+0000] {dag.py:3211} INFO - Sync 1 DAGs
[2025-02-01T00:02:38.934+0000] {logging_mixin.py:190} INFO - [2025-02-01T00:02:38.934+0000] {dag.py:4138} INFO - Setting next_dagrun for example_params_trigger_ui to None, run_after=None
[2025-02-01T00:02:38.953+0000] {processor.py:208} INFO - Processing /home/airflow/.local/lib/python3.12/site-packages/airflow/example_dags/example_params_trigger_ui.py took 0.085 seconds
[2025-02-01T00:03:09.104+0000] {processor.py:186} INFO - Started process (PID=25447) to work on /home/airflow/.local/lib/python3.12/site-packages/airflow/example_dags/example_params_trigger_ui.py
[2025-02-01T00:03:09.105+0000] {processor.py:914} INFO - Processing file /home/airflow/.local/lib/python3.12/site-packages/airflow/example_dags/example_params_trigger_ui.py for tasks to queue
[2025-02-01T00:03:09.106+0000] {logging_mixin.py:190} INFO - [2025-02-01T00:03:09.106+0000] {dagbag.py:587} INFO - Filling up the DagBag from /home/airflow/.local/lib/python3.12/site-packages/airflow/example_dags/example_params_trigger_ui.py
[2025-02-01T00:03:09.117+0000] {processor.py:925} INFO - DAG(s) 'example_params_trigger_ui' retrieved from /home/airflow/.local/lib/python3.12/site-packages/airflow/example_dags/example_params_trigger_ui.py
[2025-02-01T00:03:09.157+0000] {logging_mixin.py:190} INFO - [2025-02-01T00:03:09.157+0000] {dag.py:3211} INFO - Sync 1 DAGs
[2025-02-01T00:03:09.173+0000] {logging_mixin.py:190} INFO - [2025-02-01T00:03:09.172+0000] {dag.py:4138} INFO - Setting next_dagrun for example_params_trigger_ui to None, run_after=None
[2025-02-01T00:03:09.191+0000] {processor.py:208} INFO - Processing /home/airflow/.local/lib/python3.12/site-packages/airflow/example_dags/example_params_trigger_ui.py took 0.092 seconds
[2025-02-01T00:03:39.379+0000] {processor.py:186} INFO - Started process (PID=25510) to work on /home/airflow/.local/lib/python3.12/site-packages/airflow/example_dags/example_params_trigger_ui.py
[2025-02-01T00:03:39.380+0000] {processor.py:914} INFO - Processing file /home/airflow/.local/lib/python3.12/site-packages/airflow/example_dags/example_params_trigger_ui.py for tasks to queue
[2025-02-01T00:03:39.381+0000] {logging_mixin.py:190} INFO - [2025-02-01T00:03:39.381+0000] {dagbag.py:587} INFO - Filling up the DagBag from /home/airflow/.local/lib/python3.12/site-packages/airflow/example_dags/example_params_trigger_ui.py
[2025-02-01T00:03:39.390+0000] {processor.py:925} INFO - DAG(s) 'example_params_trigger_ui' retrieved from /home/airflow/.local/lib/python3.12/site-packages/airflow/example_dags/example_params_trigger_ui.py
[2025-02-01T00:03:39.426+0000] {logging_mixin.py:190} INFO - [2025-02-01T00:03:39.426+0000] {dag.py:3211} INFO - Sync 1 DAGs
[2025-02-01T00:03:39.439+0000] {logging_mixin.py:190} INFO - [2025-02-01T00:03:39.438+0000] {dag.py:4138} INFO - Setting next_dagrun for example_params_trigger_ui to None, run_after=None
[2025-02-01T00:03:39.457+0000] {processor.py:208} INFO - Processing /home/airflow/.local/lib/python3.12/site-packages/airflow/example_dags/example_params_trigger_ui.py took 0.082 seconds
[2025-02-01T00:04:09.690+0000] {processor.py:186} INFO - Started process (PID=25573) to work on /home/airflow/.local/lib/python3.12/site-packages/airflow/example_dags/example_params_trigger_ui.py
[2025-02-01T00:04:09.691+0000] {processor.py:914} INFO - Processing file /home/airflow/.local/lib/python3.12/site-packages/airflow/example_dags/example_params_trigger_ui.py for tasks to queue
[2025-02-01T00:04:09.692+0000] {logging_mixin.py:190} INFO - [2025-02-01T00:04:09.692+0000] {dagbag.py:587} INFO - Filling up the DagBag from /home/airflow/.local/lib/python3.12/site-packages/airflow/example_dags/example_params_trigger_ui.py
[2025-02-01T00:04:09.702+0000] {processor.py:925} INFO - DAG(s) 'example_params_trigger_ui' retrieved from /home/airflow/.local/lib/python3.12/site-packages/airflow/example_dags/example_params_trigger_ui.py
[2025-02-01T00:04:09.739+0000] {logging_mixin.py:190} INFO - [2025-02-01T00:04:09.739+0000] {dag.py:3211} INFO - Sync 1 DAGs
[2025-02-01T00:04:09.751+0000] {logging_mixin.py:190} INFO - [2025-02-01T00:04:09.751+0000] {dag.py:4138} INFO - Setting next_dagrun for example_params_trigger_ui to None, run_after=None
[2025-02-01T00:04:09.767+0000] {processor.py:208} INFO - Processing /home/airflow/.local/lib/python3.12/site-packages/airflow/example_dags/example_params_trigger_ui.py took 0.082 seconds
[2025-02-01T00:04:39.942+0000] {processor.py:186} INFO - Started process (PID=25636) to work on /home/airflow/.local/lib/python3.12/site-packages/airflow/example_dags/example_params_trigger_ui.py
[2025-02-01T00:04:39.943+0000] {processor.py:914} INFO - Processing file /home/airflow/.local/lib/python3.12/site-packages/airflow/example_dags/example_params_trigger_ui.py for tasks to queue
[2025-02-01T00:04:39.944+0000] {logging_mixin.py:190} INFO - [2025-02-01T00:04:39.943+0000] {dagbag.py:587} INFO - Filling up the DagBag from /home/airflow/.local/lib/python3.12/site-packages/airflow/example_dags/example_params_trigger_ui.py
[2025-02-01T00:04:39.953+0000] {processor.py:925} INFO - DAG(s) 'example_params_trigger_ui' retrieved from /home/airflow/.local/lib/python3.12/site-packages/airflow/example_dags/example_params_trigger_ui.py
[2025-02-01T00:04:39.991+0000] {logging_mixin.py:190} INFO - [2025-02-01T00:04:39.991+0000] {dag.py:3211} INFO - Sync 1 DAGs
[2025-02-01T00:04:40.003+0000] {logging_mixin.py:190} INFO - [2025-02-01T00:04:40.003+0000] {dag.py:4138} INFO - Setting next_dagrun for example_params_trigger_ui to None, run_after=None
[2025-02-01T00:04:40.022+0000] {processor.py:208} INFO - Processing /home/airflow/.local/lib/python3.12/site-packages/airflow/example_dags/example_params_trigger_ui.py took 0.085 seconds
[2025-02-01T00:05:10.156+0000] {processor.py:186} INFO - Started process (PID=25699) to work on /home/airflow/.local/lib/python3.12/site-packages/airflow/example_dags/example_params_trigger_ui.py
[2025-02-01T00:05:10.157+0000] {processor.py:914} INFO - Processing file /home/airflow/.local/lib/python3.12/site-packages/airflow/example_dags/example_params_trigger_ui.py for tasks to queue
[2025-02-01T00:05:10.159+0000] {logging_mixin.py:190} INFO - [2025-02-01T00:05:10.158+0000] {dagbag.py:587} INFO - Filling up the DagBag from /home/airflow/.local/lib/python3.12/site-packages/airflow/example_dags/example_params_trigger_ui.py
[2025-02-01T00:05:10.168+0000] {processor.py:925} INFO - DAG(s) 'example_params_trigger_ui' retrieved from /home/airflow/.local/lib/python3.12/site-packages/airflow/example_dags/example_params_trigger_ui.py
[2025-02-01T00:05:10.206+0000] {logging_mixin.py:190} INFO - [2025-02-01T00:05:10.206+0000] {dag.py:3211} INFO - Sync 1 DAGs
[2025-02-01T00:05:10.219+0000] {logging_mixin.py:190} INFO - [2025-02-01T00:05:10.219+0000] {dag.py:4138} INFO - Setting next_dagrun for example_params_trigger_ui to None, run_after=None
[2025-02-01T00:05:10.238+0000] {processor.py:208} INFO - Processing /home/airflow/.local/lib/python3.12/site-packages/airflow/example_dags/example_params_trigger_ui.py took 0.086 seconds
[2025-02-01T00:05:40.441+0000] {processor.py:186} INFO - Started process (PID=25762) to work on /home/airflow/.local/lib/python3.12/site-packages/airflow/example_dags/example_params_trigger_ui.py
[2025-02-01T00:05:40.442+0000] {processor.py:914} INFO - Processing file /home/airflow/.local/lib/python3.12/site-packages/airflow/example_dags/example_params_trigger_ui.py for tasks to queue
[2025-02-01T00:05:40.443+0000] {logging_mixin.py:190} INFO - [2025-02-01T00:05:40.443+0000] {dagbag.py:587} INFO - Filling up the DagBag from /home/airflow/.local/lib/python3.12/site-packages/airflow/example_dags/example_params_trigger_ui.py
[2025-02-01T00:05:40.454+0000] {processor.py:925} INFO - DAG(s) 'example_params_trigger_ui' retrieved from /home/airflow/.local/lib/python3.12/site-packages/airflow/example_dags/example_params_trigger_ui.py
[2025-02-01T00:05:40.496+0000] {logging_mixin.py:190} INFO - [2025-02-01T00:05:40.496+0000] {dag.py:3211} INFO - Sync 1 DAGs
[2025-02-01T00:05:40.510+0000] {logging_mixin.py:190} INFO - [2025-02-01T00:05:40.509+0000] {dag.py:4138} INFO - Setting next_dagrun for example_params_trigger_ui to None, run_after=None
[2025-02-01T00:05:40.529+0000] {processor.py:208} INFO - Processing /home/airflow/.local/lib/python3.12/site-packages/airflow/example_dags/example_params_trigger_ui.py took 0.094 seconds
[2025-02-01T00:06:10.630+0000] {processor.py:186} INFO - Started process (PID=25825) to work on /home/airflow/.local/lib/python3.12/site-packages/airflow/example_dags/example_params_trigger_ui.py
[2025-02-01T00:06:10.631+0000] {processor.py:914} INFO - Processing file /home/airflow/.local/lib/python3.12/site-packages/airflow/example_dags/example_params_trigger_ui.py for tasks to queue
[2025-02-01T00:06:10.632+0000] {logging_mixin.py:190} INFO - [2025-02-01T00:06:10.632+0000] {dagbag.py:587} INFO - Filling up the DagBag from /home/airflow/.local/lib/python3.12/site-packages/airflow/example_dags/example_params_trigger_ui.py
[2025-02-01T00:06:10.641+0000] {processor.py:925} INFO - DAG(s) 'example_params_trigger_ui' retrieved from /home/airflow/.local/lib/python3.12/site-packages/airflow/example_dags/example_params_trigger_ui.py
[2025-02-01T00:06:10.678+0000] {logging_mixin.py:190} INFO - [2025-02-01T00:06:10.678+0000] {dag.py:3211} INFO - Sync 1 DAGs
[2025-02-01T00:06:10.691+0000] {logging_mixin.py:190} INFO - [2025-02-01T00:06:10.690+0000] {dag.py:4138} INFO - Setting next_dagrun for example_params_trigger_ui to None, run_after=None
[2025-02-01T00:06:10.709+0000] {processor.py:208} INFO - Processing /home/airflow/.local/lib/python3.12/site-packages/airflow/example_dags/example_params_trigger_ui.py took 0.084 seconds
[2025-02-01T00:06:40.796+0000] {processor.py:186} INFO - Started process (PID=25888) to work on /home/airflow/.local/lib/python3.12/site-packages/airflow/example_dags/example_params_trigger_ui.py
[2025-02-01T00:06:40.797+0000] {processor.py:914} INFO - Processing file /home/airflow/.local/lib/python3.12/site-packages/airflow/example_dags/example_params_trigger_ui.py for tasks to queue
[2025-02-01T00:06:40.798+0000] {logging_mixin.py:190} INFO - [2025-02-01T00:06:40.798+0000] {dagbag.py:587} INFO - Filling up the DagBag from /home/airflow/.local/lib/python3.12/site-packages/airflow/example_dags/example_params_trigger_ui.py
[2025-02-01T00:06:40.807+0000] {processor.py:925} INFO - DAG(s) 'example_params_trigger_ui' retrieved from /home/airflow/.local/lib/python3.12/site-packages/airflow/example_dags/example_params_trigger_ui.py
[2025-02-01T00:06:40.849+0000] {logging_mixin.py:190} INFO - [2025-02-01T00:06:40.849+0000] {dag.py:3211} INFO - Sync 1 DAGs
[2025-02-01T00:06:40.862+0000] {logging_mixin.py:190} INFO - [2025-02-01T00:06:40.861+0000] {dag.py:4138} INFO - Setting next_dagrun for example_params_trigger_ui to None, run_after=None
[2025-02-01T00:06:40.895+0000] {processor.py:208} INFO - Processing /home/airflow/.local/lib/python3.12/site-packages/airflow/example_dags/example_params_trigger_ui.py took 0.103 seconds
[2025-02-01T00:07:11.065+0000] {processor.py:186} INFO - Started process (PID=25951) to work on /home/airflow/.local/lib/python3.12/site-packages/airflow/example_dags/example_params_trigger_ui.py
[2025-02-01T00:07:11.066+0000] {processor.py:914} INFO - Processing file /home/airflow/.local/lib/python3.12/site-packages/airflow/example_dags/example_params_trigger_ui.py for tasks to queue
[2025-02-01T00:07:11.068+0000] {logging_mixin.py:190} INFO - [2025-02-01T00:07:11.067+0000] {dagbag.py:587} INFO - Filling up the DagBag from /home/airflow/.local/lib/python3.12/site-packages/airflow/example_dags/example_params_trigger_ui.py
[2025-02-01T00:07:11.077+0000] {processor.py:925} INFO - DAG(s) 'example_params_trigger_ui' retrieved from /home/airflow/.local/lib/python3.12/site-packages/airflow/example_dags/example_params_trigger_ui.py
[2025-02-01T00:07:11.115+0000] {logging_mixin.py:190} INFO - [2025-02-01T00:07:11.115+0000] {dag.py:3211} INFO - Sync 1 DAGs
[2025-02-01T00:07:11.128+0000] {logging_mixin.py:190} INFO - [2025-02-01T00:07:11.128+0000] {dag.py:4138} INFO - Setting next_dagrun for example_params_trigger_ui to None, run_after=None
[2025-02-01T00:07:11.146+0000] {processor.py:208} INFO - Processing /home/airflow/.local/lib/python3.12/site-packages/airflow/example_dags/example_params_trigger_ui.py took 0.086 seconds
[2025-02-01T00:07:41.488+0000] {processor.py:186} INFO - Started process (PID=26014) to work on /home/airflow/.local/lib/python3.12/site-packages/airflow/example_dags/example_params_trigger_ui.py
[2025-02-01T00:07:41.489+0000] {processor.py:914} INFO - Processing file /home/airflow/.local/lib/python3.12/site-packages/airflow/example_dags/example_params_trigger_ui.py for tasks to queue
[2025-02-01T00:07:41.490+0000] {logging_mixin.py:190} INFO - [2025-02-01T00:07:41.490+0000] {dagbag.py:587} INFO - Filling up the DagBag from /home/airflow/.local/lib/python3.12/site-packages/airflow/example_dags/example_params_trigger_ui.py
[2025-02-01T00:07:41.500+0000] {processor.py:925} INFO - DAG(s) 'example_params_trigger_ui' retrieved from /home/airflow/.local/lib/python3.12/site-packages/airflow/example_dags/example_params_trigger_ui.py
[2025-02-01T00:07:41.540+0000] {logging_mixin.py:190} INFO - [2025-02-01T00:07:41.540+0000] {dag.py:3211} INFO - Sync 1 DAGs
[2025-02-01T00:07:41.553+0000] {logging_mixin.py:190} INFO - [2025-02-01T00:07:41.553+0000] {dag.py:4138} INFO - Setting next_dagrun for example_params_trigger_ui to None, run_after=None
[2025-02-01T00:07:41.573+0000] {processor.py:208} INFO - Processing /home/airflow/.local/lib/python3.12/site-packages/airflow/example_dags/example_params_trigger_ui.py took 0.090 seconds
[2025-02-01T00:08:11.771+0000] {processor.py:186} INFO - Started process (PID=26077) to work on /home/airflow/.local/lib/python3.12/site-packages/airflow/example_dags/example_params_trigger_ui.py
[2025-02-01T00:08:11.772+0000] {processor.py:914} INFO - Processing file /home/airflow/.local/lib/python3.12/site-packages/airflow/example_dags/example_params_trigger_ui.py for tasks to queue
[2025-02-01T00:08:11.773+0000] {logging_mixin.py:190} INFO - [2025-02-01T00:08:11.773+0000] {dagbag.py:587} INFO - Filling up the DagBag from /home/airflow/.local/lib/python3.12/site-packages/airflow/example_dags/example_params_trigger_ui.py
[2025-02-01T00:08:11.783+0000] {processor.py:925} INFO - DAG(s) 'example_params_trigger_ui' retrieved from /home/airflow/.local/lib/python3.12/site-packages/airflow/example_dags/example_params_trigger_ui.py
[2025-02-01T00:08:11.820+0000] {logging_mixin.py:190} INFO - [2025-02-01T00:08:11.820+0000] {dag.py:3211} INFO - Sync 1 DAGs
[2025-02-01T00:08:11.833+0000] {logging_mixin.py:190} INFO - [2025-02-01T00:08:11.833+0000] {dag.py:4138} INFO - Setting next_dagrun for example_params_trigger_ui to None, run_after=None
[2025-02-01T00:08:11.857+0000] {processor.py:208} INFO - Processing /home/airflow/.local/lib/python3.12/site-packages/airflow/example_dags/example_params_trigger_ui.py took 0.091 seconds
[2025-02-01T00:08:42.212+0000] {processor.py:186} INFO - Started process (PID=26140) to work on /home/airflow/.local/lib/python3.12/site-packages/airflow/example_dags/example_params_trigger_ui.py
[2025-02-01T00:08:42.212+0000] {processor.py:914} INFO - Processing file /home/airflow/.local/lib/python3.12/site-packages/airflow/example_dags/example_params_trigger_ui.py for tasks to queue
[2025-02-01T00:08:42.214+0000] {logging_mixin.py:190} INFO - [2025-02-01T00:08:42.214+0000] {dagbag.py:587} INFO - Filling up the DagBag from /home/airflow/.local/lib/python3.12/site-packages/airflow/example_dags/example_params_trigger_ui.py
[2025-02-01T00:08:42.223+0000] {processor.py:925} INFO - DAG(s) 'example_params_trigger_ui' retrieved from /home/airflow/.local/lib/python3.12/site-packages/airflow/example_dags/example_params_trigger_ui.py
[2025-02-01T00:08:42.262+0000] {logging_mixin.py:190} INFO - [2025-02-01T00:08:42.261+0000] {dag.py:3211} INFO - Sync 1 DAGs
[2025-02-01T00:08:42.274+0000] {logging_mixin.py:190} INFO - [2025-02-01T00:08:42.273+0000] {dag.py:4138} INFO - Setting next_dagrun for example_params_trigger_ui to None, run_after=None
[2025-02-01T00:08:42.293+0000] {processor.py:208} INFO - Processing /home/airflow/.local/lib/python3.12/site-packages/airflow/example_dags/example_params_trigger_ui.py took 0.086 seconds
[2025-02-01T00:09:12.384+0000] {processor.py:186} INFO - Started process (PID=26203) to work on /home/airflow/.local/lib/python3.12/site-packages/airflow/example_dags/example_params_trigger_ui.py
[2025-02-01T00:09:12.385+0000] {processor.py:914} INFO - Processing file /home/airflow/.local/lib/python3.12/site-packages/airflow/example_dags/example_params_trigger_ui.py for tasks to queue
[2025-02-01T00:09:12.386+0000] {logging_mixin.py:190} INFO - [2025-02-01T00:09:12.386+0000] {dagbag.py:587} INFO - Filling up the DagBag from /home/airflow/.local/lib/python3.12/site-packages/airflow/example_dags/example_params_trigger_ui.py
[2025-02-01T00:09:12.399+0000] {processor.py:925} INFO - DAG(s) 'example_params_trigger_ui' retrieved from /home/airflow/.local/lib/python3.12/site-packages/airflow/example_dags/example_params_trigger_ui.py
[2025-02-01T00:09:12.440+0000] {logging_mixin.py:190} INFO - [2025-02-01T00:09:12.440+0000] {dag.py:3211} INFO - Sync 1 DAGs
[2025-02-01T00:09:12.457+0000] {logging_mixin.py:190} INFO - [2025-02-01T00:09:12.456+0000] {dag.py:4138} INFO - Setting next_dagrun for example_params_trigger_ui to None, run_after=None
[2025-02-01T00:09:12.476+0000] {processor.py:208} INFO - Processing /home/airflow/.local/lib/python3.12/site-packages/airflow/example_dags/example_params_trigger_ui.py took 0.096 seconds
[2025-02-01T00:09:42.629+0000] {processor.py:186} INFO - Started process (PID=26266) to work on /home/airflow/.local/lib/python3.12/site-packages/airflow/example_dags/example_params_trigger_ui.py
[2025-02-01T00:09:42.630+0000] {processor.py:914} INFO - Processing file /home/airflow/.local/lib/python3.12/site-packages/airflow/example_dags/example_params_trigger_ui.py for tasks to queue
[2025-02-01T00:09:42.631+0000] {logging_mixin.py:190} INFO - [2025-02-01T00:09:42.631+0000] {dagbag.py:587} INFO - Filling up the DagBag from /home/airflow/.local/lib/python3.12/site-packages/airflow/example_dags/example_params_trigger_ui.py
[2025-02-01T00:09:42.641+0000] {processor.py:925} INFO - DAG(s) 'example_params_trigger_ui' retrieved from /home/airflow/.local/lib/python3.12/site-packages/airflow/example_dags/example_params_trigger_ui.py
[2025-02-01T00:09:42.678+0000] {logging_mixin.py:190} INFO - [2025-02-01T00:09:42.678+0000] {dag.py:3211} INFO - Sync 1 DAGs
[2025-02-01T00:09:42.691+0000] {logging_mixin.py:190} INFO - [2025-02-01T00:09:42.691+0000] {dag.py:4138} INFO - Setting next_dagrun for example_params_trigger_ui to None, run_after=None
[2025-02-01T00:09:42.709+0000] {processor.py:208} INFO - Processing /home/airflow/.local/lib/python3.12/site-packages/airflow/example_dags/example_params_trigger_ui.py took 0.084 seconds
[2025-02-01T00:10:12.882+0000] {processor.py:186} INFO - Started process (PID=26329) to work on /home/airflow/.local/lib/python3.12/site-packages/airflow/example_dags/example_params_trigger_ui.py
[2025-02-01T00:10:12.882+0000] {processor.py:914} INFO - Processing file /home/airflow/.local/lib/python3.12/site-packages/airflow/example_dags/example_params_trigger_ui.py for tasks to queue
[2025-02-01T00:10:12.884+0000] {logging_mixin.py:190} INFO - [2025-02-01T00:10:12.883+0000] {dagbag.py:587} INFO - Filling up the DagBag from /home/airflow/.local/lib/python3.12/site-packages/airflow/example_dags/example_params_trigger_ui.py
[2025-02-01T00:10:12.893+0000] {processor.py:925} INFO - DAG(s) 'example_params_trigger_ui' retrieved from /home/airflow/.local/lib/python3.12/site-packages/airflow/example_dags/example_params_trigger_ui.py
[2025-02-01T00:10:12.931+0000] {logging_mixin.py:190} INFO - [2025-02-01T00:10:12.931+0000] {dag.py:3211} INFO - Sync 1 DAGs
[2025-02-01T00:10:12.944+0000] {logging_mixin.py:190} INFO - [2025-02-01T00:10:12.944+0000] {dag.py:4138} INFO - Setting next_dagrun for example_params_trigger_ui to None, run_after=None
[2025-02-01T00:10:12.962+0000] {processor.py:208} INFO - Processing /home/airflow/.local/lib/python3.12/site-packages/airflow/example_dags/example_params_trigger_ui.py took 0.085 seconds
[2025-02-01T00:10:43.469+0000] {processor.py:186} INFO - Started process (PID=26392) to work on /home/airflow/.local/lib/python3.12/site-packages/airflow/example_dags/example_params_trigger_ui.py
[2025-02-01T00:10:43.470+0000] {processor.py:914} INFO - Processing file /home/airflow/.local/lib/python3.12/site-packages/airflow/example_dags/example_params_trigger_ui.py for tasks to queue
[2025-02-01T00:10:43.471+0000] {logging_mixin.py:190} INFO - [2025-02-01T00:10:43.470+0000] {dagbag.py:587} INFO - Filling up the DagBag from /home/airflow/.local/lib/python3.12/site-packages/airflow/example_dags/example_params_trigger_ui.py
[2025-02-01T00:10:43.480+0000] {processor.py:925} INFO - DAG(s) 'example_params_trigger_ui' retrieved from /home/airflow/.local/lib/python3.12/site-packages/airflow/example_dags/example_params_trigger_ui.py
[2025-02-01T00:10:43.517+0000] {logging_mixin.py:190} INFO - [2025-02-01T00:10:43.517+0000] {dag.py:3211} INFO - Sync 1 DAGs
[2025-02-01T00:10:43.529+0000] {logging_mixin.py:190} INFO - [2025-02-01T00:10:43.529+0000] {dag.py:4138} INFO - Setting next_dagrun for example_params_trigger_ui to None, run_after=None
[2025-02-01T00:10:43.555+0000] {processor.py:208} INFO - Processing /home/airflow/.local/lib/python3.12/site-packages/airflow/example_dags/example_params_trigger_ui.py took 0.091 seconds
[2025-02-01T00:11:13.638+0000] {processor.py:186} INFO - Started process (PID=26455) to work on /home/airflow/.local/lib/python3.12/site-packages/airflow/example_dags/example_params_trigger_ui.py
[2025-02-01T00:11:13.638+0000] {processor.py:914} INFO - Processing file /home/airflow/.local/lib/python3.12/site-packages/airflow/example_dags/example_params_trigger_ui.py for tasks to queue
[2025-02-01T00:11:13.639+0000] {logging_mixin.py:190} INFO - [2025-02-01T00:11:13.639+0000] {dagbag.py:587} INFO - Filling up the DagBag from /home/airflow/.local/lib/python3.12/site-packages/airflow/example_dags/example_params_trigger_ui.py
[2025-02-01T00:11:13.649+0000] {processor.py:925} INFO - DAG(s) 'example_params_trigger_ui' retrieved from /home/airflow/.local/lib/python3.12/site-packages/airflow/example_dags/example_params_trigger_ui.py
[2025-02-01T00:11:13.688+0000] {logging_mixin.py:190} INFO - [2025-02-01T00:11:13.688+0000] {dag.py:3211} INFO - Sync 1 DAGs
[2025-02-01T00:11:13.701+0000] {logging_mixin.py:190} INFO - [2025-02-01T00:11:13.700+0000] {dag.py:4138} INFO - Setting next_dagrun for example_params_trigger_ui to None, run_after=None
[2025-02-01T00:11:13.719+0000] {processor.py:208} INFO - Processing /home/airflow/.local/lib/python3.12/site-packages/airflow/example_dags/example_params_trigger_ui.py took 0.087 seconds
[2025-02-01T00:11:43.919+0000] {processor.py:186} INFO - Started process (PID=26518) to work on /home/airflow/.local/lib/python3.12/site-packages/airflow/example_dags/example_params_trigger_ui.py
[2025-02-01T00:11:43.920+0000] {processor.py:914} INFO - Processing file /home/airflow/.local/lib/python3.12/site-packages/airflow/example_dags/example_params_trigger_ui.py for tasks to queue
[2025-02-01T00:11:43.921+0000] {logging_mixin.py:190} INFO - [2025-02-01T00:11:43.921+0000] {dagbag.py:587} INFO - Filling up the DagBag from /home/airflow/.local/lib/python3.12/site-packages/airflow/example_dags/example_params_trigger_ui.py
[2025-02-01T00:11:43.930+0000] {processor.py:925} INFO - DAG(s) 'example_params_trigger_ui' retrieved from /home/airflow/.local/lib/python3.12/site-packages/airflow/example_dags/example_params_trigger_ui.py
[2025-02-01T00:11:43.971+0000] {logging_mixin.py:190} INFO - [2025-02-01T00:11:43.971+0000] {dag.py:3211} INFO - Sync 1 DAGs
[2025-02-01T00:11:43.985+0000] {logging_mixin.py:190} INFO - [2025-02-01T00:11:43.984+0000] {dag.py:4138} INFO - Setting next_dagrun for example_params_trigger_ui to None, run_after=None
[2025-02-01T00:11:44.004+0000] {processor.py:208} INFO - Processing /home/airflow/.local/lib/python3.12/site-packages/airflow/example_dags/example_params_trigger_ui.py took 0.091 seconds
[2025-02-01T00:12:14.196+0000] {processor.py:186} INFO - Started process (PID=26581) to work on /home/airflow/.local/lib/python3.12/site-packages/airflow/example_dags/example_params_trigger_ui.py
[2025-02-01T00:12:14.197+0000] {processor.py:914} INFO - Processing file /home/airflow/.local/lib/python3.12/site-packages/airflow/example_dags/example_params_trigger_ui.py for tasks to queue
[2025-02-01T00:12:14.198+0000] {logging_mixin.py:190} INFO - [2025-02-01T00:12:14.198+0000] {dagbag.py:587} INFO - Filling up the DagBag from /home/airflow/.local/lib/python3.12/site-packages/airflow/example_dags/example_params_trigger_ui.py
[2025-02-01T00:12:14.208+0000] {processor.py:925} INFO - DAG(s) 'example_params_trigger_ui' retrieved from /home/airflow/.local/lib/python3.12/site-packages/airflow/example_dags/example_params_trigger_ui.py
[2025-02-01T00:12:14.245+0000] {logging_mixin.py:190} INFO - [2025-02-01T00:12:14.244+0000] {dag.py:3211} INFO - Sync 1 DAGs
[2025-02-01T00:12:14.257+0000] {logging_mixin.py:190} INFO - [2025-02-01T00:12:14.256+0000] {dag.py:4138} INFO - Setting next_dagrun for example_params_trigger_ui to None, run_after=None
[2025-02-01T00:12:14.275+0000] {processor.py:208} INFO - Processing /home/airflow/.local/lib/python3.12/site-packages/airflow/example_dags/example_params_trigger_ui.py took 0.084 seconds
[2025-02-01T00:12:44.561+0000] {processor.py:186} INFO - Started process (PID=26644) to work on /home/airflow/.local/lib/python3.12/site-packages/airflow/example_dags/example_params_trigger_ui.py
[2025-02-01T00:12:44.562+0000] {processor.py:914} INFO - Processing file /home/airflow/.local/lib/python3.12/site-packages/airflow/example_dags/example_params_trigger_ui.py for tasks to queue
[2025-02-01T00:12:44.563+0000] {logging_mixin.py:190} INFO - [2025-02-01T00:12:44.563+0000] {dagbag.py:587} INFO - Filling up the DagBag from /home/airflow/.local/lib/python3.12/site-packages/airflow/example_dags/example_params_trigger_ui.py
[2025-02-01T00:12:44.573+0000] {processor.py:925} INFO - DAG(s) 'example_params_trigger_ui' retrieved from /home/airflow/.local/lib/python3.12/site-packages/airflow/example_dags/example_params_trigger_ui.py
[2025-02-01T00:12:44.614+0000] {logging_mixin.py:190} INFO - [2025-02-01T00:12:44.614+0000] {dag.py:3211} INFO - Sync 1 DAGs
[2025-02-01T00:12:44.627+0000] {logging_mixin.py:190} INFO - [2025-02-01T00:12:44.627+0000] {dag.py:4138} INFO - Setting next_dagrun for example_params_trigger_ui to None, run_after=None
[2025-02-01T00:12:44.650+0000] {processor.py:208} INFO - Processing /home/airflow/.local/lib/python3.12/site-packages/airflow/example_dags/example_params_trigger_ui.py took 0.095 seconds
[2025-02-01T00:13:14.718+0000] {processor.py:186} INFO - Started process (PID=26707) to work on /home/airflow/.local/lib/python3.12/site-packages/airflow/example_dags/example_params_trigger_ui.py
[2025-02-01T00:13:14.719+0000] {processor.py:914} INFO - Processing file /home/airflow/.local/lib/python3.12/site-packages/airflow/example_dags/example_params_trigger_ui.py for tasks to queue
[2025-02-01T00:13:14.720+0000] {logging_mixin.py:190} INFO - [2025-02-01T00:13:14.720+0000] {dagbag.py:587} INFO - Filling up the DagBag from /home/airflow/.local/lib/python3.12/site-packages/airflow/example_dags/example_params_trigger_ui.py
[2025-02-01T00:13:14.729+0000] {processor.py:925} INFO - DAG(s) 'example_params_trigger_ui' retrieved from /home/airflow/.local/lib/python3.12/site-packages/airflow/example_dags/example_params_trigger_ui.py
[2025-02-01T00:13:14.769+0000] {logging_mixin.py:190} INFO - [2025-02-01T00:13:14.768+0000] {dag.py:3211} INFO - Sync 1 DAGs
[2025-02-01T00:13:14.780+0000] {logging_mixin.py:190} INFO - [2025-02-01T00:13:14.780+0000] {dag.py:4138} INFO - Setting next_dagrun for example_params_trigger_ui to None, run_after=None
[2025-02-01T00:13:14.799+0000] {processor.py:208} INFO - Processing /home/airflow/.local/lib/python3.12/site-packages/airflow/example_dags/example_params_trigger_ui.py took 0.085 seconds
[2025-02-01T00:13:45.022+0000] {processor.py:186} INFO - Started process (PID=26770) to work on /home/airflow/.local/lib/python3.12/site-packages/airflow/example_dags/example_params_trigger_ui.py
[2025-02-01T00:13:45.023+0000] {processor.py:914} INFO - Processing file /home/airflow/.local/lib/python3.12/site-packages/airflow/example_dags/example_params_trigger_ui.py for tasks to queue
[2025-02-01T00:13:45.025+0000] {logging_mixin.py:190} INFO - [2025-02-01T00:13:45.024+0000] {dagbag.py:587} INFO - Filling up the DagBag from /home/airflow/.local/lib/python3.12/site-packages/airflow/example_dags/example_params_trigger_ui.py
[2025-02-01T00:13:45.034+0000] {processor.py:925} INFO - DAG(s) 'example_params_trigger_ui' retrieved from /home/airflow/.local/lib/python3.12/site-packages/airflow/example_dags/example_params_trigger_ui.py
[2025-02-01T00:13:45.073+0000] {logging_mixin.py:190} INFO - [2025-02-01T00:13:45.073+0000] {dag.py:3211} INFO - Sync 1 DAGs
[2025-02-01T00:13:45.087+0000] {logging_mixin.py:190} INFO - [2025-02-01T00:13:45.086+0000] {dag.py:4138} INFO - Setting next_dagrun for example_params_trigger_ui to None, run_after=None
[2025-02-01T00:13:45.102+0000] {processor.py:208} INFO - Processing /home/airflow/.local/lib/python3.12/site-packages/airflow/example_dags/example_params_trigger_ui.py took 0.085 seconds
[2025-02-01T00:14:15.288+0000] {processor.py:186} INFO - Started process (PID=26833) to work on /home/airflow/.local/lib/python3.12/site-packages/airflow/example_dags/example_params_trigger_ui.py
[2025-02-01T00:14:15.289+0000] {processor.py:914} INFO - Processing file /home/airflow/.local/lib/python3.12/site-packages/airflow/example_dags/example_params_trigger_ui.py for tasks to queue
[2025-02-01T00:14:15.290+0000] {logging_mixin.py:190} INFO - [2025-02-01T00:14:15.289+0000] {dagbag.py:587} INFO - Filling up the DagBag from /home/airflow/.local/lib/python3.12/site-packages/airflow/example_dags/example_params_trigger_ui.py
[2025-02-01T00:14:15.298+0000] {processor.py:925} INFO - DAG(s) 'example_params_trigger_ui' retrieved from /home/airflow/.local/lib/python3.12/site-packages/airflow/example_dags/example_params_trigger_ui.py
[2025-02-01T00:14:15.335+0000] {logging_mixin.py:190} INFO - [2025-02-01T00:14:15.334+0000] {dag.py:3211} INFO - Sync 1 DAGs
[2025-02-01T00:14:15.346+0000] {logging_mixin.py:190} INFO - [2025-02-01T00:14:15.346+0000] {dag.py:4138} INFO - Setting next_dagrun for example_params_trigger_ui to None, run_after=None
[2025-02-01T00:14:15.362+0000] {processor.py:208} INFO - Processing /home/airflow/.local/lib/python3.12/site-packages/airflow/example_dags/example_params_trigger_ui.py took 0.079 seconds
[2025-02-01T00:14:45.657+0000] {processor.py:186} INFO - Started process (PID=26896) to work on /home/airflow/.local/lib/python3.12/site-packages/airflow/example_dags/example_params_trigger_ui.py
[2025-02-01T00:14:45.658+0000] {processor.py:914} INFO - Processing file /home/airflow/.local/lib/python3.12/site-packages/airflow/example_dags/example_params_trigger_ui.py for tasks to queue
[2025-02-01T00:14:45.659+0000] {logging_mixin.py:190} INFO - [2025-02-01T00:14:45.659+0000] {dagbag.py:587} INFO - Filling up the DagBag from /home/airflow/.local/lib/python3.12/site-packages/airflow/example_dags/example_params_trigger_ui.py
[2025-02-01T00:14:45.669+0000] {processor.py:925} INFO - DAG(s) 'example_params_trigger_ui' retrieved from /home/airflow/.local/lib/python3.12/site-packages/airflow/example_dags/example_params_trigger_ui.py
[2025-02-01T00:14:45.705+0000] {logging_mixin.py:190} INFO - [2025-02-01T00:14:45.705+0000] {dag.py:3211} INFO - Sync 1 DAGs
[2025-02-01T00:14:45.718+0000] {logging_mixin.py:190} INFO - [2025-02-01T00:14:45.718+0000] {dag.py:4138} INFO - Setting next_dagrun for example_params_trigger_ui to None, run_after=None
[2025-02-01T00:14:45.737+0000] {processor.py:208} INFO - Processing /home/airflow/.local/lib/python3.12/site-packages/airflow/example_dags/example_params_trigger_ui.py took 0.085 seconds
[2025-02-01T00:15:16.159+0000] {processor.py:186} INFO - Started process (PID=26959) to work on /home/airflow/.local/lib/python3.12/site-packages/airflow/example_dags/example_params_trigger_ui.py
[2025-02-01T00:15:16.160+0000] {processor.py:914} INFO - Processing file /home/airflow/.local/lib/python3.12/site-packages/airflow/example_dags/example_params_trigger_ui.py for tasks to queue
[2025-02-01T00:15:16.161+0000] {logging_mixin.py:190} INFO - [2025-02-01T00:15:16.161+0000] {dagbag.py:587} INFO - Filling up the DagBag from /home/airflow/.local/lib/python3.12/site-packages/airflow/example_dags/example_params_trigger_ui.py
[2025-02-01T00:15:16.170+0000] {processor.py:925} INFO - DAG(s) 'example_params_trigger_ui' retrieved from /home/airflow/.local/lib/python3.12/site-packages/airflow/example_dags/example_params_trigger_ui.py
[2025-02-01T00:15:16.206+0000] {logging_mixin.py:190} INFO - [2025-02-01T00:15:16.206+0000] {dag.py:3211} INFO - Sync 1 DAGs
[2025-02-01T00:15:16.218+0000] {logging_mixin.py:190} INFO - [2025-02-01T00:15:16.218+0000] {dag.py:4138} INFO - Setting next_dagrun for example_params_trigger_ui to None, run_after=None
[2025-02-01T00:15:16.235+0000] {processor.py:208} INFO - Processing /home/airflow/.local/lib/python3.12/site-packages/airflow/example_dags/example_params_trigger_ui.py took 0.080 seconds
[2025-02-01T00:15:46.556+0000] {processor.py:186} INFO - Started process (PID=27022) to work on /home/airflow/.local/lib/python3.12/site-packages/airflow/example_dags/example_params_trigger_ui.py
[2025-02-01T00:15:46.557+0000] {processor.py:914} INFO - Processing file /home/airflow/.local/lib/python3.12/site-packages/airflow/example_dags/example_params_trigger_ui.py for tasks to queue
[2025-02-01T00:15:46.559+0000] {logging_mixin.py:190} INFO - [2025-02-01T00:15:46.559+0000] {dagbag.py:587} INFO - Filling up the DagBag from /home/airflow/.local/lib/python3.12/site-packages/airflow/example_dags/example_params_trigger_ui.py
[2025-02-01T00:15:46.569+0000] {processor.py:925} INFO - DAG(s) 'example_params_trigger_ui' retrieved from /home/airflow/.local/lib/python3.12/site-packages/airflow/example_dags/example_params_trigger_ui.py
[2025-02-01T00:15:46.637+0000] {logging_mixin.py:190} INFO - [2025-02-01T00:15:46.637+0000] {dag.py:3211} INFO - Sync 1 DAGs
[2025-02-01T00:15:46.659+0000] {logging_mixin.py:190} INFO - [2025-02-01T00:15:46.658+0000] {dag.py:4138} INFO - Setting next_dagrun for example_params_trigger_ui to None, run_after=None
[2025-02-01T00:15:46.682+0000] {processor.py:208} INFO - Processing /home/airflow/.local/lib/python3.12/site-packages/airflow/example_dags/example_params_trigger_ui.py took 0.130 seconds
[2025-02-01T00:16:16.777+0000] {processor.py:186} INFO - Started process (PID=27085) to work on /home/airflow/.local/lib/python3.12/site-packages/airflow/example_dags/example_params_trigger_ui.py
[2025-02-01T00:16:16.778+0000] {processor.py:914} INFO - Processing file /home/airflow/.local/lib/python3.12/site-packages/airflow/example_dags/example_params_trigger_ui.py for tasks to queue
[2025-02-01T00:16:16.779+0000] {logging_mixin.py:190} INFO - [2025-02-01T00:16:16.779+0000] {dagbag.py:587} INFO - Filling up the DagBag from /home/airflow/.local/lib/python3.12/site-packages/airflow/example_dags/example_params_trigger_ui.py
[2025-02-01T00:16:16.788+0000] {processor.py:925} INFO - DAG(s) 'example_params_trigger_ui' retrieved from /home/airflow/.local/lib/python3.12/site-packages/airflow/example_dags/example_params_trigger_ui.py
[2025-02-01T00:16:16.826+0000] {logging_mixin.py:190} INFO - [2025-02-01T00:16:16.826+0000] {dag.py:3211} INFO - Sync 1 DAGs
[2025-02-01T00:16:16.838+0000] {logging_mixin.py:190} INFO - [2025-02-01T00:16:16.838+0000] {dag.py:4138} INFO - Setting next_dagrun for example_params_trigger_ui to None, run_after=None
[2025-02-01T00:16:16.855+0000] {processor.py:208} INFO - Processing /home/airflow/.local/lib/python3.12/site-packages/airflow/example_dags/example_params_trigger_ui.py took 0.083 seconds
