[2025-02-01T00:00:12.434+0000] {processor.py:186} INFO - Started process (PID=25084) to work on /home/airflow/.local/lib/python3.12/site-packages/airflow/example_dags/example_dag_decorator.py
[2025-02-01T00:00:12.435+0000] {processor.py:914} INFO - Processing file /home/airflow/.local/lib/python3.12/site-packages/airflow/example_dags/example_dag_decorator.py for tasks to queue
[2025-02-01T00:00:12.436+0000] {logging_mixin.py:190} INFO - [2025-02-01T00:00:12.436+0000] {dagbag.py:587} INFO - Filling up the DagBag from /home/airflow/.local/lib/python3.12/site-packages/airflow/example_dags/example_dag_decorator.py
[2025-02-01T00:00:12.446+0000] {processor.py:925} INFO - DAG(s) 'example_dag_decorator' retrieved from /home/airflow/.local/lib/python3.12/site-packages/airflow/example_dags/example_dag_decorator.py
[2025-02-01T00:00:12.534+0000] {logging_mixin.py:190} INFO - [2025-02-01T00:00:12.533+0000] {dag.py:3211} INFO - Sync 1 DAGs
[2025-02-01T00:00:12.544+0000] {logging_mixin.py:190} INFO - [2025-02-01T00:00:12.544+0000] {dag.py:4138} INFO - Setting next_dagrun for example_dag_decorator to None, run_after=None
[2025-02-01T00:00:12.563+0000] {processor.py:208} INFO - Processing /home/airflow/.local/lib/python3.12/site-packages/airflow/example_dags/example_dag_decorator.py took 0.134 seconds
[2025-02-01T00:00:42.919+0000] {processor.py:186} INFO - Started process (PID=25146) to work on /home/airflow/.local/lib/python3.12/site-packages/airflow/example_dags/example_dag_decorator.py
[2025-02-01T00:00:42.920+0000] {processor.py:914} INFO - Processing file /home/airflow/.local/lib/python3.12/site-packages/airflow/example_dags/example_dag_decorator.py for tasks to queue
[2025-02-01T00:00:42.921+0000] {logging_mixin.py:190} INFO - [2025-02-01T00:00:42.921+0000] {dagbag.py:587} INFO - Filling up the DagBag from /home/airflow/.local/lib/python3.12/site-packages/airflow/example_dags/example_dag_decorator.py
[2025-02-01T00:00:42.930+0000] {processor.py:925} INFO - DAG(s) 'example_dag_decorator' retrieved from /home/airflow/.local/lib/python3.12/site-packages/airflow/example_dags/example_dag_decorator.py
[2025-02-01T00:00:43.020+0000] {logging_mixin.py:190} INFO - [2025-02-01T00:00:43.020+0000] {dag.py:3211} INFO - Sync 1 DAGs
[2025-02-01T00:00:43.031+0000] {logging_mixin.py:190} INFO - [2025-02-01T00:00:43.031+0000] {dag.py:4138} INFO - Setting next_dagrun for example_dag_decorator to None, run_after=None
[2025-02-01T00:00:43.049+0000] {processor.py:208} INFO - Processing /home/airflow/.local/lib/python3.12/site-packages/airflow/example_dags/example_dag_decorator.py took 0.134 seconds
[2025-02-01T00:01:13.221+0000] {processor.py:186} INFO - Started process (PID=25209) to work on /home/airflow/.local/lib/python3.12/site-packages/airflow/example_dags/example_dag_decorator.py
[2025-02-01T00:01:13.222+0000] {processor.py:914} INFO - Processing file /home/airflow/.local/lib/python3.12/site-packages/airflow/example_dags/example_dag_decorator.py for tasks to queue
[2025-02-01T00:01:13.223+0000] {logging_mixin.py:190} INFO - [2025-02-01T00:01:13.223+0000] {dagbag.py:587} INFO - Filling up the DagBag from /home/airflow/.local/lib/python3.12/site-packages/airflow/example_dags/example_dag_decorator.py
[2025-02-01T00:01:13.232+0000] {processor.py:925} INFO - DAG(s) 'example_dag_decorator' retrieved from /home/airflow/.local/lib/python3.12/site-packages/airflow/example_dags/example_dag_decorator.py
[2025-02-01T00:01:13.322+0000] {logging_mixin.py:190} INFO - [2025-02-01T00:01:13.321+0000] {dag.py:3211} INFO - Sync 1 DAGs
[2025-02-01T00:01:13.332+0000] {logging_mixin.py:190} INFO - [2025-02-01T00:01:13.332+0000] {dag.py:4138} INFO - Setting next_dagrun for example_dag_decorator to None, run_after=None
[2025-02-01T00:01:13.350+0000] {processor.py:208} INFO - Processing /home/airflow/.local/lib/python3.12/site-packages/airflow/example_dags/example_dag_decorator.py took 0.134 seconds
[2025-02-01T00:01:43.559+0000] {processor.py:186} INFO - Started process (PID=25272) to work on /home/airflow/.local/lib/python3.12/site-packages/airflow/example_dags/example_dag_decorator.py
[2025-02-01T00:01:43.560+0000] {processor.py:914} INFO - Processing file /home/airflow/.local/lib/python3.12/site-packages/airflow/example_dags/example_dag_decorator.py for tasks to queue
[2025-02-01T00:01:43.561+0000] {logging_mixin.py:190} INFO - [2025-02-01T00:01:43.561+0000] {dagbag.py:587} INFO - Filling up the DagBag from /home/airflow/.local/lib/python3.12/site-packages/airflow/example_dags/example_dag_decorator.py
[2025-02-01T00:01:43.571+0000] {processor.py:925} INFO - DAG(s) 'example_dag_decorator' retrieved from /home/airflow/.local/lib/python3.12/site-packages/airflow/example_dags/example_dag_decorator.py
[2025-02-01T00:01:43.593+0000] {logging_mixin.py:190} INFO - [2025-02-01T00:01:43.593+0000] {dag.py:3211} INFO - Sync 1 DAGs
[2025-02-01T00:01:43.607+0000] {logging_mixin.py:190} INFO - [2025-02-01T00:01:43.606+0000] {dag.py:4138} INFO - Setting next_dagrun for example_dag_decorator to None, run_after=None
[2025-02-01T00:01:43.625+0000] {processor.py:208} INFO - Processing /home/airflow/.local/lib/python3.12/site-packages/airflow/example_dags/example_dag_decorator.py took 0.073 seconds
[2025-02-01T00:02:13.669+0000] {processor.py:186} INFO - Started process (PID=25335) to work on /home/airflow/.local/lib/python3.12/site-packages/airflow/example_dags/example_dag_decorator.py
[2025-02-01T00:02:13.670+0000] {processor.py:914} INFO - Processing file /home/airflow/.local/lib/python3.12/site-packages/airflow/example_dags/example_dag_decorator.py for tasks to queue
[2025-02-01T00:02:13.671+0000] {logging_mixin.py:190} INFO - [2025-02-01T00:02:13.671+0000] {dagbag.py:587} INFO - Filling up the DagBag from /home/airflow/.local/lib/python3.12/site-packages/airflow/example_dags/example_dag_decorator.py
[2025-02-01T00:02:13.681+0000] {processor.py:925} INFO - DAG(s) 'example_dag_decorator' retrieved from /home/airflow/.local/lib/python3.12/site-packages/airflow/example_dags/example_dag_decorator.py
[2025-02-01T00:02:13.701+0000] {logging_mixin.py:190} INFO - [2025-02-01T00:02:13.701+0000] {dag.py:3211} INFO - Sync 1 DAGs
[2025-02-01T00:02:13.713+0000] {logging_mixin.py:190} INFO - [2025-02-01T00:02:13.713+0000] {dag.py:4138} INFO - Setting next_dagrun for example_dag_decorator to None, run_after=None
[2025-02-01T00:02:13.732+0000] {processor.py:208} INFO - Processing /home/airflow/.local/lib/python3.12/site-packages/airflow/example_dags/example_dag_decorator.py took 0.068 seconds
[2025-02-01T00:02:43.903+0000] {processor.py:186} INFO - Started process (PID=25398) to work on /home/airflow/.local/lib/python3.12/site-packages/airflow/example_dags/example_dag_decorator.py
[2025-02-01T00:02:43.904+0000] {processor.py:914} INFO - Processing file /home/airflow/.local/lib/python3.12/site-packages/airflow/example_dags/example_dag_decorator.py for tasks to queue
[2025-02-01T00:02:43.906+0000] {logging_mixin.py:190} INFO - [2025-02-01T00:02:43.905+0000] {dagbag.py:587} INFO - Filling up the DagBag from /home/airflow/.local/lib/python3.12/site-packages/airflow/example_dags/example_dag_decorator.py
[2025-02-01T00:02:43.915+0000] {processor.py:925} INFO - DAG(s) 'example_dag_decorator' retrieved from /home/airflow/.local/lib/python3.12/site-packages/airflow/example_dags/example_dag_decorator.py
[2025-02-01T00:02:44.004+0000] {logging_mixin.py:190} INFO - [2025-02-01T00:02:44.004+0000] {dag.py:3211} INFO - Sync 1 DAGs
[2025-02-01T00:02:44.015+0000] {logging_mixin.py:190} INFO - [2025-02-01T00:02:44.014+0000] {dag.py:4138} INFO - Setting next_dagrun for example_dag_decorator to None, run_after=None
[2025-02-01T00:02:44.033+0000] {processor.py:208} INFO - Processing /home/airflow/.local/lib/python3.12/site-packages/airflow/example_dags/example_dag_decorator.py took 0.136 seconds
[2025-02-01T00:03:14.120+0000] {processor.py:186} INFO - Started process (PID=25461) to work on /home/airflow/.local/lib/python3.12/site-packages/airflow/example_dags/example_dag_decorator.py
[2025-02-01T00:03:14.121+0000] {processor.py:914} INFO - Processing file /home/airflow/.local/lib/python3.12/site-packages/airflow/example_dags/example_dag_decorator.py for tasks to queue
[2025-02-01T00:03:14.122+0000] {logging_mixin.py:190} INFO - [2025-02-01T00:03:14.121+0000] {dagbag.py:587} INFO - Filling up the DagBag from /home/airflow/.local/lib/python3.12/site-packages/airflow/example_dags/example_dag_decorator.py
[2025-02-01T00:03:14.132+0000] {processor.py:925} INFO - DAG(s) 'example_dag_decorator' retrieved from /home/airflow/.local/lib/python3.12/site-packages/airflow/example_dags/example_dag_decorator.py
[2025-02-01T00:03:14.231+0000] {logging_mixin.py:190} INFO - [2025-02-01T00:03:14.231+0000] {dag.py:3211} INFO - Sync 1 DAGs
[2025-02-01T00:03:14.243+0000] {logging_mixin.py:190} INFO - [2025-02-01T00:03:14.242+0000] {dag.py:4138} INFO - Setting next_dagrun for example_dag_decorator to None, run_after=None
[2025-02-01T00:03:14.262+0000] {processor.py:208} INFO - Processing /home/airflow/.local/lib/python3.12/site-packages/airflow/example_dags/example_dag_decorator.py took 0.148 seconds
[2025-02-01T00:03:44.343+0000] {processor.py:186} INFO - Started process (PID=25524) to work on /home/airflow/.local/lib/python3.12/site-packages/airflow/example_dags/example_dag_decorator.py
[2025-02-01T00:03:44.344+0000] {processor.py:914} INFO - Processing file /home/airflow/.local/lib/python3.12/site-packages/airflow/example_dags/example_dag_decorator.py for tasks to queue
[2025-02-01T00:03:44.345+0000] {logging_mixin.py:190} INFO - [2025-02-01T00:03:44.345+0000] {dagbag.py:587} INFO - Filling up the DagBag from /home/airflow/.local/lib/python3.12/site-packages/airflow/example_dags/example_dag_decorator.py
[2025-02-01T00:03:44.355+0000] {processor.py:925} INFO - DAG(s) 'example_dag_decorator' retrieved from /home/airflow/.local/lib/python3.12/site-packages/airflow/example_dags/example_dag_decorator.py
[2025-02-01T00:03:44.445+0000] {logging_mixin.py:190} INFO - [2025-02-01T00:03:44.445+0000] {dag.py:3211} INFO - Sync 1 DAGs
[2025-02-01T00:03:44.455+0000] {logging_mixin.py:190} INFO - [2025-02-01T00:03:44.454+0000] {dag.py:4138} INFO - Setting next_dagrun for example_dag_decorator to None, run_after=None
[2025-02-01T00:03:44.470+0000] {processor.py:208} INFO - Processing /home/airflow/.local/lib/python3.12/site-packages/airflow/example_dags/example_dag_decorator.py took 0.132 seconds
[2025-02-01T00:04:14.544+0000] {processor.py:186} INFO - Started process (PID=25587) to work on /home/airflow/.local/lib/python3.12/site-packages/airflow/example_dags/example_dag_decorator.py
[2025-02-01T00:04:14.544+0000] {processor.py:914} INFO - Processing file /home/airflow/.local/lib/python3.12/site-packages/airflow/example_dags/example_dag_decorator.py for tasks to queue
[2025-02-01T00:04:14.546+0000] {logging_mixin.py:190} INFO - [2025-02-01T00:04:14.545+0000] {dagbag.py:587} INFO - Filling up the DagBag from /home/airflow/.local/lib/python3.12/site-packages/airflow/example_dags/example_dag_decorator.py
[2025-02-01T00:04:14.554+0000] {processor.py:925} INFO - DAG(s) 'example_dag_decorator' retrieved from /home/airflow/.local/lib/python3.12/site-packages/airflow/example_dags/example_dag_decorator.py
[2025-02-01T00:04:14.638+0000] {logging_mixin.py:190} INFO - [2025-02-01T00:04:14.637+0000] {dag.py:3211} INFO - Sync 1 DAGs
[2025-02-01T00:04:14.647+0000] {logging_mixin.py:190} INFO - [2025-02-01T00:04:14.647+0000] {dag.py:4138} INFO - Setting next_dagrun for example_dag_decorator to None, run_after=None
[2025-02-01T00:04:14.664+0000] {processor.py:208} INFO - Processing /home/airflow/.local/lib/python3.12/site-packages/airflow/example_dags/example_dag_decorator.py took 0.125 seconds
[2025-02-01T00:04:44.698+0000] {processor.py:186} INFO - Started process (PID=25650) to work on /home/airflow/.local/lib/python3.12/site-packages/airflow/example_dags/example_dag_decorator.py
[2025-02-01T00:04:44.699+0000] {processor.py:914} INFO - Processing file /home/airflow/.local/lib/python3.12/site-packages/airflow/example_dags/example_dag_decorator.py for tasks to queue
[2025-02-01T00:04:44.701+0000] {logging_mixin.py:190} INFO - [2025-02-01T00:04:44.700+0000] {dagbag.py:587} INFO - Filling up the DagBag from /home/airflow/.local/lib/python3.12/site-packages/airflow/example_dags/example_dag_decorator.py
[2025-02-01T00:04:44.709+0000] {processor.py:925} INFO - DAG(s) 'example_dag_decorator' retrieved from /home/airflow/.local/lib/python3.12/site-packages/airflow/example_dags/example_dag_decorator.py
[2025-02-01T00:04:44.790+0000] {logging_mixin.py:190} INFO - [2025-02-01T00:04:44.790+0000] {dag.py:3211} INFO - Sync 1 DAGs
[2025-02-01T00:04:44.800+0000] {logging_mixin.py:190} INFO - [2025-02-01T00:04:44.800+0000] {dag.py:4138} INFO - Setting next_dagrun for example_dag_decorator to None, run_after=None
[2025-02-01T00:04:44.818+0000] {processor.py:208} INFO - Processing /home/airflow/.local/lib/python3.12/site-packages/airflow/example_dags/example_dag_decorator.py took 0.124 seconds
[2025-02-01T00:05:14.977+0000] {processor.py:186} INFO - Started process (PID=25713) to work on /home/airflow/.local/lib/python3.12/site-packages/airflow/example_dags/example_dag_decorator.py
[2025-02-01T00:05:14.979+0000] {processor.py:914} INFO - Processing file /home/airflow/.local/lib/python3.12/site-packages/airflow/example_dags/example_dag_decorator.py for tasks to queue
[2025-02-01T00:05:14.980+0000] {logging_mixin.py:190} INFO - [2025-02-01T00:05:14.980+0000] {dagbag.py:587} INFO - Filling up the DagBag from /home/airflow/.local/lib/python3.12/site-packages/airflow/example_dags/example_dag_decorator.py
[2025-02-01T00:05:14.989+0000] {processor.py:925} INFO - DAG(s) 'example_dag_decorator' retrieved from /home/airflow/.local/lib/python3.12/site-packages/airflow/example_dags/example_dag_decorator.py
[2025-02-01T00:05:15.078+0000] {logging_mixin.py:190} INFO - [2025-02-01T00:05:15.078+0000] {dag.py:3211} INFO - Sync 1 DAGs
[2025-02-01T00:05:15.091+0000] {logging_mixin.py:190} INFO - [2025-02-01T00:05:15.090+0000] {dag.py:4138} INFO - Setting next_dagrun for example_dag_decorator to None, run_after=None
[2025-02-01T00:05:15.109+0000] {processor.py:208} INFO - Processing /home/airflow/.local/lib/python3.12/site-packages/airflow/example_dags/example_dag_decorator.py took 0.136 seconds
[2025-02-01T00:05:45.346+0000] {processor.py:186} INFO - Started process (PID=25776) to work on /home/airflow/.local/lib/python3.12/site-packages/airflow/example_dags/example_dag_decorator.py
[2025-02-01T00:05:45.346+0000] {processor.py:914} INFO - Processing file /home/airflow/.local/lib/python3.12/site-packages/airflow/example_dags/example_dag_decorator.py for tasks to queue
[2025-02-01T00:05:45.348+0000] {logging_mixin.py:190} INFO - [2025-02-01T00:05:45.347+0000] {dagbag.py:587} INFO - Filling up the DagBag from /home/airflow/.local/lib/python3.12/site-packages/airflow/example_dags/example_dag_decorator.py
[2025-02-01T00:05:45.357+0000] {processor.py:925} INFO - DAG(s) 'example_dag_decorator' retrieved from /home/airflow/.local/lib/python3.12/site-packages/airflow/example_dags/example_dag_decorator.py
[2025-02-01T00:05:45.443+0000] {logging_mixin.py:190} INFO - [2025-02-01T00:05:45.443+0000] {dag.py:3211} INFO - Sync 1 DAGs
[2025-02-01T00:05:45.454+0000] {logging_mixin.py:190} INFO - [2025-02-01T00:05:45.453+0000] {dag.py:4138} INFO - Setting next_dagrun for example_dag_decorator to None, run_after=None
[2025-02-01T00:05:45.471+0000] {processor.py:208} INFO - Processing /home/airflow/.local/lib/python3.12/site-packages/airflow/example_dags/example_dag_decorator.py took 0.130 seconds
[2025-02-01T00:06:15.568+0000] {processor.py:186} INFO - Started process (PID=25839) to work on /home/airflow/.local/lib/python3.12/site-packages/airflow/example_dags/example_dag_decorator.py
[2025-02-01T00:06:15.569+0000] {processor.py:914} INFO - Processing file /home/airflow/.local/lib/python3.12/site-packages/airflow/example_dags/example_dag_decorator.py for tasks to queue
[2025-02-01T00:06:15.571+0000] {logging_mixin.py:190} INFO - [2025-02-01T00:06:15.570+0000] {dagbag.py:587} INFO - Filling up the DagBag from /home/airflow/.local/lib/python3.12/site-packages/airflow/example_dags/example_dag_decorator.py
[2025-02-01T00:06:15.580+0000] {processor.py:925} INFO - DAG(s) 'example_dag_decorator' retrieved from /home/airflow/.local/lib/python3.12/site-packages/airflow/example_dags/example_dag_decorator.py
[2025-02-01T00:06:15.677+0000] {logging_mixin.py:190} INFO - [2025-02-01T00:06:15.677+0000] {dag.py:3211} INFO - Sync 1 DAGs
[2025-02-01T00:06:15.688+0000] {logging_mixin.py:190} INFO - [2025-02-01T00:06:15.687+0000] {dag.py:4138} INFO - Setting next_dagrun for example_dag_decorator to None, run_after=None
[2025-02-01T00:06:15.706+0000] {processor.py:208} INFO - Processing /home/airflow/.local/lib/python3.12/site-packages/airflow/example_dags/example_dag_decorator.py took 0.142 seconds
[2025-02-01T00:06:45.791+0000] {processor.py:186} INFO - Started process (PID=25902) to work on /home/airflow/.local/lib/python3.12/site-packages/airflow/example_dags/example_dag_decorator.py
[2025-02-01T00:06:45.791+0000] {processor.py:914} INFO - Processing file /home/airflow/.local/lib/python3.12/site-packages/airflow/example_dags/example_dag_decorator.py for tasks to queue
[2025-02-01T00:06:45.793+0000] {logging_mixin.py:190} INFO - [2025-02-01T00:06:45.793+0000] {dagbag.py:587} INFO - Filling up the DagBag from /home/airflow/.local/lib/python3.12/site-packages/airflow/example_dags/example_dag_decorator.py
[2025-02-01T00:06:45.802+0000] {processor.py:925} INFO - DAG(s) 'example_dag_decorator' retrieved from /home/airflow/.local/lib/python3.12/site-packages/airflow/example_dags/example_dag_decorator.py
[2025-02-01T00:06:45.892+0000] {logging_mixin.py:190} INFO - [2025-02-01T00:06:45.892+0000] {dag.py:3211} INFO - Sync 1 DAGs
[2025-02-01T00:06:45.903+0000] {logging_mixin.py:190} INFO - [2025-02-01T00:06:45.902+0000] {dag.py:4138} INFO - Setting next_dagrun for example_dag_decorator to None, run_after=None
[2025-02-01T00:06:45.922+0000] {processor.py:208} INFO - Processing /home/airflow/.local/lib/python3.12/site-packages/airflow/example_dags/example_dag_decorator.py took 0.136 seconds
[2025-02-01T00:07:16.004+0000] {processor.py:186} INFO - Started process (PID=25964) to work on /home/airflow/.local/lib/python3.12/site-packages/airflow/example_dags/example_dag_decorator.py
[2025-02-01T00:07:16.005+0000] {processor.py:914} INFO - Processing file /home/airflow/.local/lib/python3.12/site-packages/airflow/example_dags/example_dag_decorator.py for tasks to queue
[2025-02-01T00:07:16.006+0000] {logging_mixin.py:190} INFO - [2025-02-01T00:07:16.006+0000] {dagbag.py:587} INFO - Filling up the DagBag from /home/airflow/.local/lib/python3.12/site-packages/airflow/example_dags/example_dag_decorator.py
[2025-02-01T00:07:16.015+0000] {processor.py:925} INFO - DAG(s) 'example_dag_decorator' retrieved from /home/airflow/.local/lib/python3.12/site-packages/airflow/example_dags/example_dag_decorator.py
[2025-02-01T00:07:16.113+0000] {logging_mixin.py:190} INFO - [2025-02-01T00:07:16.113+0000] {dag.py:3211} INFO - Sync 1 DAGs
[2025-02-01T00:07:16.125+0000] {logging_mixin.py:190} INFO - [2025-02-01T00:07:16.125+0000] {dag.py:4138} INFO - Setting next_dagrun for example_dag_decorator to None, run_after=None
[2025-02-01T00:07:16.170+0000] {processor.py:208} INFO - Processing /home/airflow/.local/lib/python3.12/site-packages/airflow/example_dags/example_dag_decorator.py took 0.171 seconds
[2025-02-01T00:07:46.301+0000] {processor.py:186} INFO - Started process (PID=26027) to work on /home/airflow/.local/lib/python3.12/site-packages/airflow/example_dags/example_dag_decorator.py
[2025-02-01T00:07:46.302+0000] {processor.py:914} INFO - Processing file /home/airflow/.local/lib/python3.12/site-packages/airflow/example_dags/example_dag_decorator.py for tasks to queue
[2025-02-01T00:07:46.304+0000] {logging_mixin.py:190} INFO - [2025-02-01T00:07:46.303+0000] {dagbag.py:587} INFO - Filling up the DagBag from /home/airflow/.local/lib/python3.12/site-packages/airflow/example_dags/example_dag_decorator.py
[2025-02-01T00:07:46.313+0000] {processor.py:925} INFO - DAG(s) 'example_dag_decorator' retrieved from /home/airflow/.local/lib/python3.12/site-packages/airflow/example_dags/example_dag_decorator.py
[2025-02-01T00:07:46.401+0000] {logging_mixin.py:190} INFO - [2025-02-01T00:07:46.400+0000] {dag.py:3211} INFO - Sync 1 DAGs
[2025-02-01T00:07:46.412+0000] {logging_mixin.py:190} INFO - [2025-02-01T00:07:46.411+0000] {dag.py:4138} INFO - Setting next_dagrun for example_dag_decorator to None, run_after=None
[2025-02-01T00:07:46.432+0000] {processor.py:208} INFO - Processing /home/airflow/.local/lib/python3.12/site-packages/airflow/example_dags/example_dag_decorator.py took 0.135 seconds
[2025-02-01T00:08:16.683+0000] {processor.py:186} INFO - Started process (PID=26090) to work on /home/airflow/.local/lib/python3.12/site-packages/airflow/example_dags/example_dag_decorator.py
[2025-02-01T00:08:16.684+0000] {processor.py:914} INFO - Processing file /home/airflow/.local/lib/python3.12/site-packages/airflow/example_dags/example_dag_decorator.py for tasks to queue
[2025-02-01T00:08:16.685+0000] {logging_mixin.py:190} INFO - [2025-02-01T00:08:16.685+0000] {dagbag.py:587} INFO - Filling up the DagBag from /home/airflow/.local/lib/python3.12/site-packages/airflow/example_dags/example_dag_decorator.py
[2025-02-01T00:08:16.695+0000] {processor.py:925} INFO - DAG(s) 'example_dag_decorator' retrieved from /home/airflow/.local/lib/python3.12/site-packages/airflow/example_dags/example_dag_decorator.py
[2025-02-01T00:08:16.791+0000] {logging_mixin.py:190} INFO - [2025-02-01T00:08:16.791+0000] {dag.py:3211} INFO - Sync 1 DAGs
[2025-02-01T00:08:16.802+0000] {logging_mixin.py:190} INFO - [2025-02-01T00:08:16.802+0000] {dag.py:4138} INFO - Setting next_dagrun for example_dag_decorator to None, run_after=None
[2025-02-01T00:08:16.820+0000] {processor.py:208} INFO - Processing /home/airflow/.local/lib/python3.12/site-packages/airflow/example_dags/example_dag_decorator.py took 0.141 seconds
[2025-02-01T00:08:46.973+0000] {processor.py:186} INFO - Started process (PID=26153) to work on /home/airflow/.local/lib/python3.12/site-packages/airflow/example_dags/example_dag_decorator.py
[2025-02-01T00:08:46.974+0000] {processor.py:914} INFO - Processing file /home/airflow/.local/lib/python3.12/site-packages/airflow/example_dags/example_dag_decorator.py for tasks to queue
[2025-02-01T00:08:46.975+0000] {logging_mixin.py:190} INFO - [2025-02-01T00:08:46.975+0000] {dagbag.py:587} INFO - Filling up the DagBag from /home/airflow/.local/lib/python3.12/site-packages/airflow/example_dags/example_dag_decorator.py
[2025-02-01T00:08:46.984+0000] {processor.py:925} INFO - DAG(s) 'example_dag_decorator' retrieved from /home/airflow/.local/lib/python3.12/site-packages/airflow/example_dags/example_dag_decorator.py
[2025-02-01T00:08:47.005+0000] {logging_mixin.py:190} INFO - [2025-02-01T00:08:47.004+0000] {dag.py:3211} INFO - Sync 1 DAGs
[2025-02-01T00:08:47.017+0000] {logging_mixin.py:190} INFO - [2025-02-01T00:08:47.017+0000] {dag.py:4138} INFO - Setting next_dagrun for example_dag_decorator to None, run_after=None
[2025-02-01T00:08:47.041+0000] {processor.py:208} INFO - Processing /home/airflow/.local/lib/python3.12/site-packages/airflow/example_dags/example_dag_decorator.py took 0.073 seconds
[2025-02-01T00:09:17.292+0000] {processor.py:186} INFO - Started process (PID=26216) to work on /home/airflow/.local/lib/python3.12/site-packages/airflow/example_dags/example_dag_decorator.py
[2025-02-01T00:09:17.293+0000] {processor.py:914} INFO - Processing file /home/airflow/.local/lib/python3.12/site-packages/airflow/example_dags/example_dag_decorator.py for tasks to queue
[2025-02-01T00:09:17.294+0000] {logging_mixin.py:190} INFO - [2025-02-01T00:09:17.294+0000] {dagbag.py:587} INFO - Filling up the DagBag from /home/airflow/.local/lib/python3.12/site-packages/airflow/example_dags/example_dag_decorator.py
[2025-02-01T00:09:17.303+0000] {processor.py:925} INFO - DAG(s) 'example_dag_decorator' retrieved from /home/airflow/.local/lib/python3.12/site-packages/airflow/example_dags/example_dag_decorator.py
[2025-02-01T00:09:17.394+0000] {logging_mixin.py:190} INFO - [2025-02-01T00:09:17.393+0000] {dag.py:3211} INFO - Sync 1 DAGs
[2025-02-01T00:09:17.404+0000] {logging_mixin.py:190} INFO - [2025-02-01T00:09:17.404+0000] {dag.py:4138} INFO - Setting next_dagrun for example_dag_decorator to None, run_after=None
[2025-02-01T00:09:17.422+0000] {processor.py:208} INFO - Processing /home/airflow/.local/lib/python3.12/site-packages/airflow/example_dags/example_dag_decorator.py took 0.135 seconds
[2025-02-01T00:09:47.470+0000] {processor.py:186} INFO - Started process (PID=26279) to work on /home/airflow/.local/lib/python3.12/site-packages/airflow/example_dags/example_dag_decorator.py
[2025-02-01T00:09:47.471+0000] {processor.py:914} INFO - Processing file /home/airflow/.local/lib/python3.12/site-packages/airflow/example_dags/example_dag_decorator.py for tasks to queue
[2025-02-01T00:09:47.472+0000] {logging_mixin.py:190} INFO - [2025-02-01T00:09:47.472+0000] {dagbag.py:587} INFO - Filling up the DagBag from /home/airflow/.local/lib/python3.12/site-packages/airflow/example_dags/example_dag_decorator.py
[2025-02-01T00:09:47.482+0000] {processor.py:925} INFO - DAG(s) 'example_dag_decorator' retrieved from /home/airflow/.local/lib/python3.12/site-packages/airflow/example_dags/example_dag_decorator.py
[2025-02-01T00:09:47.571+0000] {logging_mixin.py:190} INFO - [2025-02-01T00:09:47.571+0000] {dag.py:3211} INFO - Sync 1 DAGs
[2025-02-01T00:09:47.583+0000] {logging_mixin.py:190} INFO - [2025-02-01T00:09:47.583+0000] {dag.py:4138} INFO - Setting next_dagrun for example_dag_decorator to None, run_after=None
[2025-02-01T00:09:47.602+0000] {processor.py:208} INFO - Processing /home/airflow/.local/lib/python3.12/site-packages/airflow/example_dags/example_dag_decorator.py took 0.138 seconds
[2025-02-01T00:10:17.806+0000] {processor.py:186} INFO - Started process (PID=26342) to work on /home/airflow/.local/lib/python3.12/site-packages/airflow/example_dags/example_dag_decorator.py
[2025-02-01T00:10:17.807+0000] {processor.py:914} INFO - Processing file /home/airflow/.local/lib/python3.12/site-packages/airflow/example_dags/example_dag_decorator.py for tasks to queue
[2025-02-01T00:10:17.809+0000] {logging_mixin.py:190} INFO - [2025-02-01T00:10:17.808+0000] {dagbag.py:587} INFO - Filling up the DagBag from /home/airflow/.local/lib/python3.12/site-packages/airflow/example_dags/example_dag_decorator.py
[2025-02-01T00:10:17.818+0000] {processor.py:925} INFO - DAG(s) 'example_dag_decorator' retrieved from /home/airflow/.local/lib/python3.12/site-packages/airflow/example_dags/example_dag_decorator.py
[2025-02-01T00:10:17.913+0000] {logging_mixin.py:190} INFO - [2025-02-01T00:10:17.913+0000] {dag.py:3211} INFO - Sync 1 DAGs
[2025-02-01T00:10:17.925+0000] {logging_mixin.py:190} INFO - [2025-02-01T00:10:17.925+0000] {dag.py:4138} INFO - Setting next_dagrun for example_dag_decorator to None, run_after=None
[2025-02-01T00:10:17.945+0000] {processor.py:208} INFO - Processing /home/airflow/.local/lib/python3.12/site-packages/airflow/example_dags/example_dag_decorator.py took 0.144 seconds
[2025-02-01T00:10:48.239+0000] {processor.py:186} INFO - Started process (PID=26405) to work on /home/airflow/.local/lib/python3.12/site-packages/airflow/example_dags/example_dag_decorator.py
[2025-02-01T00:10:48.240+0000] {processor.py:914} INFO - Processing file /home/airflow/.local/lib/python3.12/site-packages/airflow/example_dags/example_dag_decorator.py for tasks to queue
[2025-02-01T00:10:48.241+0000] {logging_mixin.py:190} INFO - [2025-02-01T00:10:48.241+0000] {dagbag.py:587} INFO - Filling up the DagBag from /home/airflow/.local/lib/python3.12/site-packages/airflow/example_dags/example_dag_decorator.py
[2025-02-01T00:10:48.251+0000] {processor.py:925} INFO - DAG(s) 'example_dag_decorator' retrieved from /home/airflow/.local/lib/python3.12/site-packages/airflow/example_dags/example_dag_decorator.py
[2025-02-01T00:10:48.360+0000] {logging_mixin.py:190} INFO - [2025-02-01T00:10:48.359+0000] {dag.py:3211} INFO - Sync 1 DAGs
[2025-02-01T00:10:48.370+0000] {logging_mixin.py:190} INFO - [2025-02-01T00:10:48.370+0000] {dag.py:4138} INFO - Setting next_dagrun for example_dag_decorator to None, run_after=None
[2025-02-01T00:10:48.389+0000] {processor.py:208} INFO - Processing /home/airflow/.local/lib/python3.12/site-packages/airflow/example_dags/example_dag_decorator.py took 0.155 seconds
[2025-02-01T00:11:18.525+0000] {processor.py:186} INFO - Started process (PID=26468) to work on /home/airflow/.local/lib/python3.12/site-packages/airflow/example_dags/example_dag_decorator.py
[2025-02-01T00:11:18.526+0000] {processor.py:914} INFO - Processing file /home/airflow/.local/lib/python3.12/site-packages/airflow/example_dags/example_dag_decorator.py for tasks to queue
[2025-02-01T00:11:18.527+0000] {logging_mixin.py:190} INFO - [2025-02-01T00:11:18.527+0000] {dagbag.py:587} INFO - Filling up the DagBag from /home/airflow/.local/lib/python3.12/site-packages/airflow/example_dags/example_dag_decorator.py
[2025-02-01T00:11:18.539+0000] {processor.py:925} INFO - DAG(s) 'example_dag_decorator' retrieved from /home/airflow/.local/lib/python3.12/site-packages/airflow/example_dags/example_dag_decorator.py
[2025-02-01T00:11:18.565+0000] {logging_mixin.py:190} INFO - [2025-02-01T00:11:18.565+0000] {dag.py:3211} INFO - Sync 1 DAGs
[2025-02-01T00:11:18.580+0000] {logging_mixin.py:190} INFO - [2025-02-01T00:11:18.579+0000] {dag.py:4138} INFO - Setting next_dagrun for example_dag_decorator to None, run_after=None
[2025-02-01T00:11:18.602+0000] {processor.py:208} INFO - Processing /home/airflow/.local/lib/python3.12/site-packages/airflow/example_dags/example_dag_decorator.py took 0.082 seconds
[2025-02-01T00:11:48.928+0000] {processor.py:186} INFO - Started process (PID=26531) to work on /home/airflow/.local/lib/python3.12/site-packages/airflow/example_dags/example_dag_decorator.py
[2025-02-01T00:11:48.929+0000] {processor.py:914} INFO - Processing file /home/airflow/.local/lib/python3.12/site-packages/airflow/example_dags/example_dag_decorator.py for tasks to queue
[2025-02-01T00:11:48.930+0000] {logging_mixin.py:190} INFO - [2025-02-01T00:11:48.930+0000] {dagbag.py:587} INFO - Filling up the DagBag from /home/airflow/.local/lib/python3.12/site-packages/airflow/example_dags/example_dag_decorator.py
[2025-02-01T00:11:48.939+0000] {processor.py:925} INFO - DAG(s) 'example_dag_decorator' retrieved from /home/airflow/.local/lib/python3.12/site-packages/airflow/example_dags/example_dag_decorator.py
[2025-02-01T00:11:49.031+0000] {logging_mixin.py:190} INFO - [2025-02-01T00:11:49.031+0000] {dag.py:3211} INFO - Sync 1 DAGs
[2025-02-01T00:11:49.044+0000] {logging_mixin.py:190} INFO - [2025-02-01T00:11:49.044+0000] {dag.py:4138} INFO - Setting next_dagrun for example_dag_decorator to None, run_after=None
[2025-02-01T00:11:49.063+0000] {processor.py:208} INFO - Processing /home/airflow/.local/lib/python3.12/site-packages/airflow/example_dags/example_dag_decorator.py took 0.139 seconds
[2025-02-01T00:12:19.211+0000] {processor.py:186} INFO - Started process (PID=26595) to work on /home/airflow/.local/lib/python3.12/site-packages/airflow/example_dags/example_dag_decorator.py
[2025-02-01T00:12:19.212+0000] {processor.py:914} INFO - Processing file /home/airflow/.local/lib/python3.12/site-packages/airflow/example_dags/example_dag_decorator.py for tasks to queue
[2025-02-01T00:12:19.214+0000] {logging_mixin.py:190} INFO - [2025-02-01T00:12:19.214+0000] {dagbag.py:587} INFO - Filling up the DagBag from /home/airflow/.local/lib/python3.12/site-packages/airflow/example_dags/example_dag_decorator.py
[2025-02-01T00:12:19.223+0000] {processor.py:925} INFO - DAG(s) 'example_dag_decorator' retrieved from /home/airflow/.local/lib/python3.12/site-packages/airflow/example_dags/example_dag_decorator.py
[2025-02-01T00:12:19.309+0000] {logging_mixin.py:190} INFO - [2025-02-01T00:12:19.309+0000] {dag.py:3211} INFO - Sync 1 DAGs
[2025-02-01T00:12:19.319+0000] {logging_mixin.py:190} INFO - [2025-02-01T00:12:19.319+0000] {dag.py:4138} INFO - Setting next_dagrun for example_dag_decorator to None, run_after=None
[2025-02-01T00:12:19.339+0000] {processor.py:208} INFO - Processing /home/airflow/.local/lib/python3.12/site-packages/airflow/example_dags/example_dag_decorator.py took 0.132 seconds
[2025-02-01T00:12:49.449+0000] {processor.py:186} INFO - Started process (PID=26658) to work on /home/airflow/.local/lib/python3.12/site-packages/airflow/example_dags/example_dag_decorator.py
[2025-02-01T00:12:49.450+0000] {processor.py:914} INFO - Processing file /home/airflow/.local/lib/python3.12/site-packages/airflow/example_dags/example_dag_decorator.py for tasks to queue
[2025-02-01T00:12:49.451+0000] {logging_mixin.py:190} INFO - [2025-02-01T00:12:49.450+0000] {dagbag.py:587} INFO - Filling up the DagBag from /home/airflow/.local/lib/python3.12/site-packages/airflow/example_dags/example_dag_decorator.py
[2025-02-01T00:12:49.461+0000] {processor.py:925} INFO - DAG(s) 'example_dag_decorator' retrieved from /home/airflow/.local/lib/python3.12/site-packages/airflow/example_dags/example_dag_decorator.py
[2025-02-01T00:12:49.550+0000] {logging_mixin.py:190} INFO - [2025-02-01T00:12:49.550+0000] {dag.py:3211} INFO - Sync 1 DAGs
[2025-02-01T00:12:49.561+0000] {logging_mixin.py:190} INFO - [2025-02-01T00:12:49.560+0000] {dag.py:4138} INFO - Setting next_dagrun for example_dag_decorator to None, run_after=None
[2025-02-01T00:12:49.581+0000] {processor.py:208} INFO - Processing /home/airflow/.local/lib/python3.12/site-packages/airflow/example_dags/example_dag_decorator.py took 0.137 seconds
[2025-02-01T00:13:19.674+0000] {processor.py:186} INFO - Started process (PID=26722) to work on /home/airflow/.local/lib/python3.12/site-packages/airflow/example_dags/example_dag_decorator.py
[2025-02-01T00:13:19.674+0000] {processor.py:914} INFO - Processing file /home/airflow/.local/lib/python3.12/site-packages/airflow/example_dags/example_dag_decorator.py for tasks to queue
[2025-02-01T00:13:19.675+0000] {logging_mixin.py:190} INFO - [2025-02-01T00:13:19.675+0000] {dagbag.py:587} INFO - Filling up the DagBag from /home/airflow/.local/lib/python3.12/site-packages/airflow/example_dags/example_dag_decorator.py
[2025-02-01T00:13:19.684+0000] {processor.py:925} INFO - DAG(s) 'example_dag_decorator' retrieved from /home/airflow/.local/lib/python3.12/site-packages/airflow/example_dags/example_dag_decorator.py
[2025-02-01T00:13:19.764+0000] {logging_mixin.py:190} INFO - [2025-02-01T00:13:19.764+0000] {dag.py:3211} INFO - Sync 1 DAGs
[2025-02-01T00:13:19.774+0000] {logging_mixin.py:190} INFO - [2025-02-01T00:13:19.774+0000] {dag.py:4138} INFO - Setting next_dagrun for example_dag_decorator to None, run_after=None
[2025-02-01T00:13:19.791+0000] {processor.py:208} INFO - Processing /home/airflow/.local/lib/python3.12/site-packages/airflow/example_dags/example_dag_decorator.py took 0.122 seconds
[2025-02-01T00:13:49.886+0000] {processor.py:186} INFO - Started process (PID=26783) to work on /home/airflow/.local/lib/python3.12/site-packages/airflow/example_dags/example_dag_decorator.py
[2025-02-01T00:13:49.887+0000] {processor.py:914} INFO - Processing file /home/airflow/.local/lib/python3.12/site-packages/airflow/example_dags/example_dag_decorator.py for tasks to queue
[2025-02-01T00:13:49.888+0000] {logging_mixin.py:190} INFO - [2025-02-01T00:13:49.888+0000] {dagbag.py:587} INFO - Filling up the DagBag from /home/airflow/.local/lib/python3.12/site-packages/airflow/example_dags/example_dag_decorator.py
[2025-02-01T00:13:49.898+0000] {processor.py:925} INFO - DAG(s) 'example_dag_decorator' retrieved from /home/airflow/.local/lib/python3.12/site-packages/airflow/example_dags/example_dag_decorator.py
[2025-02-01T00:13:49.986+0000] {logging_mixin.py:190} INFO - [2025-02-01T00:13:49.986+0000] {dag.py:3211} INFO - Sync 1 DAGs
[2025-02-01T00:13:49.997+0000] {logging_mixin.py:190} INFO - [2025-02-01T00:13:49.997+0000] {dag.py:4138} INFO - Setting next_dagrun for example_dag_decorator to None, run_after=None
[2025-02-01T00:13:50.014+0000] {processor.py:208} INFO - Processing /home/airflow/.local/lib/python3.12/site-packages/airflow/example_dags/example_dag_decorator.py took 0.132 seconds
[2025-02-01T00:14:20.172+0000] {processor.py:186} INFO - Started process (PID=26846) to work on /home/airflow/.local/lib/python3.12/site-packages/airflow/example_dags/example_dag_decorator.py
[2025-02-01T00:14:20.173+0000] {processor.py:914} INFO - Processing file /home/airflow/.local/lib/python3.12/site-packages/airflow/example_dags/example_dag_decorator.py for tasks to queue
[2025-02-01T00:14:20.174+0000] {logging_mixin.py:190} INFO - [2025-02-01T00:14:20.174+0000] {dagbag.py:587} INFO - Filling up the DagBag from /home/airflow/.local/lib/python3.12/site-packages/airflow/example_dags/example_dag_decorator.py
[2025-02-01T00:14:20.183+0000] {processor.py:925} INFO - DAG(s) 'example_dag_decorator' retrieved from /home/airflow/.local/lib/python3.12/site-packages/airflow/example_dags/example_dag_decorator.py
[2025-02-01T00:14:20.267+0000] {logging_mixin.py:190} INFO - [2025-02-01T00:14:20.266+0000] {dag.py:3211} INFO - Sync 1 DAGs
[2025-02-01T00:14:20.284+0000] {logging_mixin.py:190} INFO - [2025-02-01T00:14:20.284+0000] {dag.py:4138} INFO - Setting next_dagrun for example_dag_decorator to None, run_after=None
[2025-02-01T00:14:20.301+0000] {processor.py:208} INFO - Processing /home/airflow/.local/lib/python3.12/site-packages/airflow/example_dags/example_dag_decorator.py took 0.134 seconds
[2025-02-01T00:14:50.447+0000] {processor.py:186} INFO - Started process (PID=26909) to work on /home/airflow/.local/lib/python3.12/site-packages/airflow/example_dags/example_dag_decorator.py
[2025-02-01T00:14:50.448+0000] {processor.py:914} INFO - Processing file /home/airflow/.local/lib/python3.12/site-packages/airflow/example_dags/example_dag_decorator.py for tasks to queue
[2025-02-01T00:14:50.449+0000] {logging_mixin.py:190} INFO - [2025-02-01T00:14:50.449+0000] {dagbag.py:587} INFO - Filling up the DagBag from /home/airflow/.local/lib/python3.12/site-packages/airflow/example_dags/example_dag_decorator.py
[2025-02-01T00:14:50.459+0000] {processor.py:925} INFO - DAG(s) 'example_dag_decorator' retrieved from /home/airflow/.local/lib/python3.12/site-packages/airflow/example_dags/example_dag_decorator.py
[2025-02-01T00:14:50.559+0000] {logging_mixin.py:190} INFO - [2025-02-01T00:14:50.559+0000] {dag.py:3211} INFO - Sync 1 DAGs
[2025-02-01T00:14:50.571+0000] {logging_mixin.py:190} INFO - [2025-02-01T00:14:50.571+0000] {dag.py:4138} INFO - Setting next_dagrun for example_dag_decorator to None, run_after=None
[2025-02-01T00:14:50.589+0000] {processor.py:208} INFO - Processing /home/airflow/.local/lib/python3.12/site-packages/airflow/example_dags/example_dag_decorator.py took 0.147 seconds
[2025-02-01T00:15:20.898+0000] {processor.py:186} INFO - Started process (PID=26972) to work on /home/airflow/.local/lib/python3.12/site-packages/airflow/example_dags/example_dag_decorator.py
[2025-02-01T00:15:20.900+0000] {processor.py:914} INFO - Processing file /home/airflow/.local/lib/python3.12/site-packages/airflow/example_dags/example_dag_decorator.py for tasks to queue
[2025-02-01T00:15:20.901+0000] {logging_mixin.py:190} INFO - [2025-02-01T00:15:20.900+0000] {dagbag.py:587} INFO - Filling up the DagBag from /home/airflow/.local/lib/python3.12/site-packages/airflow/example_dags/example_dag_decorator.py
[2025-02-01T00:15:20.910+0000] {processor.py:925} INFO - DAG(s) 'example_dag_decorator' retrieved from /home/airflow/.local/lib/python3.12/site-packages/airflow/example_dags/example_dag_decorator.py
[2025-02-01T00:15:20.998+0000] {logging_mixin.py:190} INFO - [2025-02-01T00:15:20.998+0000] {dag.py:3211} INFO - Sync 1 DAGs
[2025-02-01T00:15:21.008+0000] {logging_mixin.py:190} INFO - [2025-02-01T00:15:21.008+0000] {dag.py:4138} INFO - Setting next_dagrun for example_dag_decorator to None, run_after=None
[2025-02-01T00:15:21.025+0000] {processor.py:208} INFO - Processing /home/airflow/.local/lib/python3.12/site-packages/airflow/example_dags/example_dag_decorator.py took 0.135 seconds
[2025-02-01T00:15:51.263+0000] {processor.py:186} INFO - Started process (PID=27035) to work on /home/airflow/.local/lib/python3.12/site-packages/airflow/example_dags/example_dag_decorator.py
[2025-02-01T00:15:51.264+0000] {processor.py:914} INFO - Processing file /home/airflow/.local/lib/python3.12/site-packages/airflow/example_dags/example_dag_decorator.py for tasks to queue
[2025-02-01T00:15:51.265+0000] {logging_mixin.py:190} INFO - [2025-02-01T00:15:51.265+0000] {dagbag.py:587} INFO - Filling up the DagBag from /home/airflow/.local/lib/python3.12/site-packages/airflow/example_dags/example_dag_decorator.py
[2025-02-01T00:15:51.274+0000] {processor.py:925} INFO - DAG(s) 'example_dag_decorator' retrieved from /home/airflow/.local/lib/python3.12/site-packages/airflow/example_dags/example_dag_decorator.py
[2025-02-01T00:15:51.393+0000] {logging_mixin.py:190} INFO - [2025-02-01T00:15:51.392+0000] {dag.py:3211} INFO - Sync 1 DAGs
[2025-02-01T00:15:51.408+0000] {logging_mixin.py:190} INFO - [2025-02-01T00:15:51.408+0000] {dag.py:4138} INFO - Setting next_dagrun for example_dag_decorator to None, run_after=None
[2025-02-01T00:15:51.436+0000] {processor.py:208} INFO - Processing /home/airflow/.local/lib/python3.12/site-packages/airflow/example_dags/example_dag_decorator.py took 0.178 seconds
[2025-02-01T00:16:21.565+0000] {processor.py:186} INFO - Started process (PID=27099) to work on /home/airflow/.local/lib/python3.12/site-packages/airflow/example_dags/example_dag_decorator.py
[2025-02-01T00:16:21.566+0000] {processor.py:914} INFO - Processing file /home/airflow/.local/lib/python3.12/site-packages/airflow/example_dags/example_dag_decorator.py for tasks to queue
[2025-02-01T00:16:21.568+0000] {logging_mixin.py:190} INFO - [2025-02-01T00:16:21.567+0000] {dagbag.py:587} INFO - Filling up the DagBag from /home/airflow/.local/lib/python3.12/site-packages/airflow/example_dags/example_dag_decorator.py
[2025-02-01T00:16:21.586+0000] {processor.py:925} INFO - DAG(s) 'example_dag_decorator' retrieved from /home/airflow/.local/lib/python3.12/site-packages/airflow/example_dags/example_dag_decorator.py
[2025-02-01T00:16:21.699+0000] {logging_mixin.py:190} INFO - [2025-02-01T00:16:21.698+0000] {dag.py:3211} INFO - Sync 1 DAGs
[2025-02-01T00:16:21.720+0000] {logging_mixin.py:190} INFO - [2025-02-01T00:16:21.719+0000] {dag.py:4138} INFO - Setting next_dagrun for example_dag_decorator to None, run_after=None
[2025-02-01T00:16:21.745+0000] {processor.py:208} INFO - Processing /home/airflow/.local/lib/python3.12/site-packages/airflow/example_dags/example_dag_decorator.py took 0.185 seconds
