[2025-02-01T00:00:09.967+0000] {processor.py:186} INFO - Started process (PID=25078) to work on /home/airflow/.local/lib/python3.12/site-packages/airflow/example_dags/example_short_circuit_operator.py
[2025-02-01T00:00:09.967+0000] {processor.py:914} INFO - Processing file /home/airflow/.local/lib/python3.12/site-packages/airflow/example_dags/example_short_circuit_operator.py for tasks to queue
[2025-02-01T00:00:09.969+0000] {logging_mixin.py:190} INFO - [2025-02-01T00:00:09.969+0000] {dagbag.py:587} INFO - Filling up the DagBag from /home/airflow/.local/lib/python3.12/site-packages/airflow/example_dags/example_short_circuit_operator.py
[2025-02-01T00:00:09.979+0000] {processor.py:925} INFO - DAG(s) 'example_short_circuit_operator' retrieved from /home/airflow/.local/lib/python3.12/site-packages/airflow/example_dags/example_short_circuit_operator.py
[2025-02-01T00:00:10.002+0000] {logging_mixin.py:190} INFO - [2025-02-01T00:00:10.001+0000] {dag.py:3211} INFO - Sync 1 DAGs
[2025-02-01T00:00:10.025+0000] {logging_mixin.py:190} INFO - [2025-02-01T00:00:10.024+0000] {dag.py:4138} INFO - Setting next_dagrun for example_short_circuit_operator to 2025-01-31 00:00:00+00:00, run_after=2025-02-01 00:00:00+00:00
[2025-02-01T00:00:10.045+0000] {processor.py:208} INFO - Processing /home/airflow/.local/lib/python3.12/site-packages/airflow/example_dags/example_short_circuit_operator.py took 0.084 seconds
[2025-02-01T00:00:40.585+0000] {processor.py:186} INFO - Started process (PID=25141) to work on /home/airflow/.local/lib/python3.12/site-packages/airflow/example_dags/example_short_circuit_operator.py
[2025-02-01T00:00:40.586+0000] {processor.py:914} INFO - Processing file /home/airflow/.local/lib/python3.12/site-packages/airflow/example_dags/example_short_circuit_operator.py for tasks to queue
[2025-02-01T00:00:40.588+0000] {logging_mixin.py:190} INFO - [2025-02-01T00:00:40.587+0000] {dagbag.py:587} INFO - Filling up the DagBag from /home/airflow/.local/lib/python3.12/site-packages/airflow/example_dags/example_short_circuit_operator.py
[2025-02-01T00:00:40.596+0000] {processor.py:925} INFO - DAG(s) 'example_short_circuit_operator' retrieved from /home/airflow/.local/lib/python3.12/site-packages/airflow/example_dags/example_short_circuit_operator.py
[2025-02-01T00:00:40.617+0000] {logging_mixin.py:190} INFO - [2025-02-01T00:00:40.617+0000] {dag.py:3211} INFO - Sync 1 DAGs
[2025-02-01T00:00:40.638+0000] {logging_mixin.py:190} INFO - [2025-02-01T00:00:40.637+0000] {dag.py:4138} INFO - Setting next_dagrun for example_short_circuit_operator to 2025-01-31 00:00:00+00:00, run_after=2025-02-01 00:00:00+00:00
[2025-02-01T00:00:40.664+0000] {processor.py:208} INFO - Processing /home/airflow/.local/lib/python3.12/site-packages/airflow/example_dags/example_short_circuit_operator.py took 0.084 seconds
[2025-02-01T00:01:10.884+0000] {processor.py:186} INFO - Started process (PID=25204) to work on /home/airflow/.local/lib/python3.12/site-packages/airflow/example_dags/example_short_circuit_operator.py
[2025-02-01T00:01:10.885+0000] {processor.py:914} INFO - Processing file /home/airflow/.local/lib/python3.12/site-packages/airflow/example_dags/example_short_circuit_operator.py for tasks to queue
[2025-02-01T00:01:10.886+0000] {logging_mixin.py:190} INFO - [2025-02-01T00:01:10.886+0000] {dagbag.py:587} INFO - Filling up the DagBag from /home/airflow/.local/lib/python3.12/site-packages/airflow/example_dags/example_short_circuit_operator.py
[2025-02-01T00:01:10.894+0000] {processor.py:925} INFO - DAG(s) 'example_short_circuit_operator' retrieved from /home/airflow/.local/lib/python3.12/site-packages/airflow/example_dags/example_short_circuit_operator.py
[2025-02-01T00:01:10.916+0000] {logging_mixin.py:190} INFO - [2025-02-01T00:01:10.916+0000] {dag.py:3211} INFO - Sync 1 DAGs
[2025-02-01T00:01:10.937+0000] {logging_mixin.py:190} INFO - [2025-02-01T00:01:10.937+0000] {dag.py:4138} INFO - Setting next_dagrun for example_short_circuit_operator to 2025-01-31 00:00:00+00:00, run_after=2025-02-01 00:00:00+00:00
[2025-02-01T00:01:10.961+0000] {processor.py:208} INFO - Processing /home/airflow/.local/lib/python3.12/site-packages/airflow/example_dags/example_short_circuit_operator.py took 0.082 seconds
[2025-02-01T00:01:41.007+0000] {processor.py:186} INFO - Started process (PID=25266) to work on /home/airflow/.local/lib/python3.12/site-packages/airflow/example_dags/example_short_circuit_operator.py
[2025-02-01T00:01:41.008+0000] {processor.py:914} INFO - Processing file /home/airflow/.local/lib/python3.12/site-packages/airflow/example_dags/example_short_circuit_operator.py for tasks to queue
[2025-02-01T00:01:41.009+0000] {logging_mixin.py:190} INFO - [2025-02-01T00:01:41.009+0000] {dagbag.py:587} INFO - Filling up the DagBag from /home/airflow/.local/lib/python3.12/site-packages/airflow/example_dags/example_short_circuit_operator.py
[2025-02-01T00:01:41.017+0000] {processor.py:925} INFO - DAG(s) 'example_short_circuit_operator' retrieved from /home/airflow/.local/lib/python3.12/site-packages/airflow/example_dags/example_short_circuit_operator.py
[2025-02-01T00:01:41.037+0000] {logging_mixin.py:190} INFO - [2025-02-01T00:01:41.037+0000] {dag.py:3211} INFO - Sync 1 DAGs
[2025-02-01T00:01:41.060+0000] {logging_mixin.py:190} INFO - [2025-02-01T00:01:41.060+0000] {dag.py:4138} INFO - Setting next_dagrun for example_short_circuit_operator to 2025-01-31 00:00:00+00:00, run_after=2025-02-01 00:00:00+00:00
[2025-02-01T00:01:41.138+0000] {processor.py:208} INFO - Processing /home/airflow/.local/lib/python3.12/site-packages/airflow/example_dags/example_short_circuit_operator.py took 0.136 seconds
[2025-02-01T00:02:11.214+0000] {processor.py:186} INFO - Started process (PID=25329) to work on /home/airflow/.local/lib/python3.12/site-packages/airflow/example_dags/example_short_circuit_operator.py
[2025-02-01T00:02:11.215+0000] {processor.py:914} INFO - Processing file /home/airflow/.local/lib/python3.12/site-packages/airflow/example_dags/example_short_circuit_operator.py for tasks to queue
[2025-02-01T00:02:11.216+0000] {logging_mixin.py:190} INFO - [2025-02-01T00:02:11.216+0000] {dagbag.py:587} INFO - Filling up the DagBag from /home/airflow/.local/lib/python3.12/site-packages/airflow/example_dags/example_short_circuit_operator.py
[2025-02-01T00:02:11.224+0000] {processor.py:925} INFO - DAG(s) 'example_short_circuit_operator' retrieved from /home/airflow/.local/lib/python3.12/site-packages/airflow/example_dags/example_short_circuit_operator.py
[2025-02-01T00:02:11.244+0000] {logging_mixin.py:190} INFO - [2025-02-01T00:02:11.244+0000] {dag.py:3211} INFO - Sync 1 DAGs
[2025-02-01T00:02:11.263+0000] {logging_mixin.py:190} INFO - [2025-02-01T00:02:11.263+0000] {dag.py:4138} INFO - Setting next_dagrun for example_short_circuit_operator to 2025-01-31 00:00:00+00:00, run_after=2025-02-01 00:00:00+00:00
[2025-02-01T00:02:11.281+0000] {processor.py:208} INFO - Processing /home/airflow/.local/lib/python3.12/site-packages/airflow/example_dags/example_short_circuit_operator.py took 0.072 seconds
[2025-02-01T00:02:41.438+0000] {processor.py:186} INFO - Started process (PID=25392) to work on /home/airflow/.local/lib/python3.12/site-packages/airflow/example_dags/example_short_circuit_operator.py
[2025-02-01T00:02:41.439+0000] {processor.py:914} INFO - Processing file /home/airflow/.local/lib/python3.12/site-packages/airflow/example_dags/example_short_circuit_operator.py for tasks to queue
[2025-02-01T00:02:41.440+0000] {logging_mixin.py:190} INFO - [2025-02-01T00:02:41.440+0000] {dagbag.py:587} INFO - Filling up the DagBag from /home/airflow/.local/lib/python3.12/site-packages/airflow/example_dags/example_short_circuit_operator.py
[2025-02-01T00:02:41.448+0000] {processor.py:925} INFO - DAG(s) 'example_short_circuit_operator' retrieved from /home/airflow/.local/lib/python3.12/site-packages/airflow/example_dags/example_short_circuit_operator.py
[2025-02-01T00:02:41.471+0000] {logging_mixin.py:190} INFO - [2025-02-01T00:02:41.471+0000] {dag.py:3211} INFO - Sync 1 DAGs
[2025-02-01T00:02:41.493+0000] {logging_mixin.py:190} INFO - [2025-02-01T00:02:41.493+0000] {dag.py:4138} INFO - Setting next_dagrun for example_short_circuit_operator to 2025-01-31 00:00:00+00:00, run_after=2025-02-01 00:00:00+00:00
[2025-02-01T00:02:41.513+0000] {processor.py:208} INFO - Processing /home/airflow/.local/lib/python3.12/site-packages/airflow/example_dags/example_short_circuit_operator.py took 0.079 seconds
[2025-02-01T00:03:11.653+0000] {processor.py:186} INFO - Started process (PID=25455) to work on /home/airflow/.local/lib/python3.12/site-packages/airflow/example_dags/example_short_circuit_operator.py
[2025-02-01T00:03:11.654+0000] {processor.py:914} INFO - Processing file /home/airflow/.local/lib/python3.12/site-packages/airflow/example_dags/example_short_circuit_operator.py for tasks to queue
[2025-02-01T00:03:11.655+0000] {logging_mixin.py:190} INFO - [2025-02-01T00:03:11.655+0000] {dagbag.py:587} INFO - Filling up the DagBag from /home/airflow/.local/lib/python3.12/site-packages/airflow/example_dags/example_short_circuit_operator.py
[2025-02-01T00:03:11.665+0000] {processor.py:925} INFO - DAG(s) 'example_short_circuit_operator' retrieved from /home/airflow/.local/lib/python3.12/site-packages/airflow/example_dags/example_short_circuit_operator.py
[2025-02-01T00:03:11.685+0000] {logging_mixin.py:190} INFO - [2025-02-01T00:03:11.685+0000] {dag.py:3211} INFO - Sync 1 DAGs
[2025-02-01T00:03:11.704+0000] {logging_mixin.py:190} INFO - [2025-02-01T00:03:11.704+0000] {dag.py:4138} INFO - Setting next_dagrun for example_short_circuit_operator to 2025-01-31 00:00:00+00:00, run_after=2025-02-01 00:00:00+00:00
[2025-02-01T00:03:11.723+0000] {processor.py:208} INFO - Processing /home/airflow/.local/lib/python3.12/site-packages/airflow/example_dags/example_short_circuit_operator.py took 0.074 seconds
[2025-02-01T00:03:41.909+0000] {processor.py:186} INFO - Started process (PID=25518) to work on /home/airflow/.local/lib/python3.12/site-packages/airflow/example_dags/example_short_circuit_operator.py
[2025-02-01T00:03:41.910+0000] {processor.py:914} INFO - Processing file /home/airflow/.local/lib/python3.12/site-packages/airflow/example_dags/example_short_circuit_operator.py for tasks to queue
[2025-02-01T00:03:41.911+0000] {logging_mixin.py:190} INFO - [2025-02-01T00:03:41.911+0000] {dagbag.py:587} INFO - Filling up the DagBag from /home/airflow/.local/lib/python3.12/site-packages/airflow/example_dags/example_short_circuit_operator.py
[2025-02-01T00:03:41.918+0000] {processor.py:925} INFO - DAG(s) 'example_short_circuit_operator' retrieved from /home/airflow/.local/lib/python3.12/site-packages/airflow/example_dags/example_short_circuit_operator.py
[2025-02-01T00:03:41.939+0000] {logging_mixin.py:190} INFO - [2025-02-01T00:03:41.938+0000] {dag.py:3211} INFO - Sync 1 DAGs
[2025-02-01T00:03:41.960+0000] {logging_mixin.py:190} INFO - [2025-02-01T00:03:41.959+0000] {dag.py:4138} INFO - Setting next_dagrun for example_short_circuit_operator to 2025-01-31 00:00:00+00:00, run_after=2025-02-01 00:00:00+00:00
[2025-02-01T00:03:41.977+0000] {processor.py:208} INFO - Processing /home/airflow/.local/lib/python3.12/site-packages/airflow/example_dags/example_short_circuit_operator.py took 0.072 seconds
[2025-02-01T00:04:12.204+0000] {processor.py:186} INFO - Started process (PID=25581) to work on /home/airflow/.local/lib/python3.12/site-packages/airflow/example_dags/example_short_circuit_operator.py
[2025-02-01T00:04:12.205+0000] {processor.py:914} INFO - Processing file /home/airflow/.local/lib/python3.12/site-packages/airflow/example_dags/example_short_circuit_operator.py for tasks to queue
[2025-02-01T00:04:12.206+0000] {logging_mixin.py:190} INFO - [2025-02-01T00:04:12.205+0000] {dagbag.py:587} INFO - Filling up the DagBag from /home/airflow/.local/lib/python3.12/site-packages/airflow/example_dags/example_short_circuit_operator.py
[2025-02-01T00:04:12.213+0000] {processor.py:925} INFO - DAG(s) 'example_short_circuit_operator' retrieved from /home/airflow/.local/lib/python3.12/site-packages/airflow/example_dags/example_short_circuit_operator.py
[2025-02-01T00:04:12.230+0000] {logging_mixin.py:190} INFO - [2025-02-01T00:04:12.230+0000] {dag.py:3211} INFO - Sync 1 DAGs
[2025-02-01T00:04:12.248+0000] {logging_mixin.py:190} INFO - [2025-02-01T00:04:12.248+0000] {dag.py:4138} INFO - Setting next_dagrun for example_short_circuit_operator to 2025-01-31 00:00:00+00:00, run_after=2025-02-01 00:00:00+00:00
[2025-02-01T00:04:12.263+0000] {processor.py:208} INFO - Processing /home/airflow/.local/lib/python3.12/site-packages/airflow/example_dags/example_short_circuit_operator.py took 0.063 seconds
[2025-02-01T00:04:42.347+0000] {processor.py:186} INFO - Started process (PID=25644) to work on /home/airflow/.local/lib/python3.12/site-packages/airflow/example_dags/example_short_circuit_operator.py
[2025-02-01T00:04:42.348+0000] {processor.py:914} INFO - Processing file /home/airflow/.local/lib/python3.12/site-packages/airflow/example_dags/example_short_circuit_operator.py for tasks to queue
[2025-02-01T00:04:42.349+0000] {logging_mixin.py:190} INFO - [2025-02-01T00:04:42.349+0000] {dagbag.py:587} INFO - Filling up the DagBag from /home/airflow/.local/lib/python3.12/site-packages/airflow/example_dags/example_short_circuit_operator.py
[2025-02-01T00:04:42.356+0000] {processor.py:925} INFO - DAG(s) 'example_short_circuit_operator' retrieved from /home/airflow/.local/lib/python3.12/site-packages/airflow/example_dags/example_short_circuit_operator.py
[2025-02-01T00:04:42.373+0000] {logging_mixin.py:190} INFO - [2025-02-01T00:04:42.372+0000] {dag.py:3211} INFO - Sync 1 DAGs
[2025-02-01T00:04:42.391+0000] {logging_mixin.py:190} INFO - [2025-02-01T00:04:42.391+0000] {dag.py:4138} INFO - Setting next_dagrun for example_short_circuit_operator to 2025-01-31 00:00:00+00:00, run_after=2025-02-01 00:00:00+00:00
[2025-02-01T00:04:42.406+0000] {processor.py:208} INFO - Processing /home/airflow/.local/lib/python3.12/site-packages/airflow/example_dags/example_short_circuit_operator.py took 0.063 seconds
[2025-02-01T00:05:12.607+0000] {processor.py:186} INFO - Started process (PID=25707) to work on /home/airflow/.local/lib/python3.12/site-packages/airflow/example_dags/example_short_circuit_operator.py
[2025-02-01T00:05:12.608+0000] {processor.py:914} INFO - Processing file /home/airflow/.local/lib/python3.12/site-packages/airflow/example_dags/example_short_circuit_operator.py for tasks to queue
[2025-02-01T00:05:12.609+0000] {logging_mixin.py:190} INFO - [2025-02-01T00:05:12.609+0000] {dagbag.py:587} INFO - Filling up the DagBag from /home/airflow/.local/lib/python3.12/site-packages/airflow/example_dags/example_short_circuit_operator.py
[2025-02-01T00:05:12.616+0000] {processor.py:925} INFO - DAG(s) 'example_short_circuit_operator' retrieved from /home/airflow/.local/lib/python3.12/site-packages/airflow/example_dags/example_short_circuit_operator.py
[2025-02-01T00:05:12.637+0000] {logging_mixin.py:190} INFO - [2025-02-01T00:05:12.636+0000] {dag.py:3211} INFO - Sync 1 DAGs
[2025-02-01T00:05:12.658+0000] {logging_mixin.py:190} INFO - [2025-02-01T00:05:12.658+0000] {dag.py:4138} INFO - Setting next_dagrun for example_short_circuit_operator to 2025-01-31 00:00:00+00:00, run_after=2025-02-01 00:00:00+00:00
[2025-02-01T00:05:12.676+0000] {processor.py:208} INFO - Processing /home/airflow/.local/lib/python3.12/site-packages/airflow/example_dags/example_short_circuit_operator.py took 0.073 seconds
[2025-02-01T00:05:42.884+0000] {processor.py:186} INFO - Started process (PID=25770) to work on /home/airflow/.local/lib/python3.12/site-packages/airflow/example_dags/example_short_circuit_operator.py
[2025-02-01T00:05:42.885+0000] {processor.py:914} INFO - Processing file /home/airflow/.local/lib/python3.12/site-packages/airflow/example_dags/example_short_circuit_operator.py for tasks to queue
[2025-02-01T00:05:42.886+0000] {logging_mixin.py:190} INFO - [2025-02-01T00:05:42.886+0000] {dagbag.py:587} INFO - Filling up the DagBag from /home/airflow/.local/lib/python3.12/site-packages/airflow/example_dags/example_short_circuit_operator.py
[2025-02-01T00:05:42.893+0000] {processor.py:925} INFO - DAG(s) 'example_short_circuit_operator' retrieved from /home/airflow/.local/lib/python3.12/site-packages/airflow/example_dags/example_short_circuit_operator.py
[2025-02-01T00:05:42.912+0000] {logging_mixin.py:190} INFO - [2025-02-01T00:05:42.912+0000] {dag.py:3211} INFO - Sync 1 DAGs
[2025-02-01T00:05:42.932+0000] {logging_mixin.py:190} INFO - [2025-02-01T00:05:42.932+0000] {dag.py:4138} INFO - Setting next_dagrun for example_short_circuit_operator to 2025-01-31 00:00:00+00:00, run_after=2025-02-01 00:00:00+00:00
[2025-02-01T00:05:42.959+0000] {processor.py:208} INFO - Processing /home/airflow/.local/lib/python3.12/site-packages/airflow/example_dags/example_short_circuit_operator.py took 0.079 seconds
[2025-02-01T00:06:13.162+0000] {processor.py:186} INFO - Started process (PID=25833) to work on /home/airflow/.local/lib/python3.12/site-packages/airflow/example_dags/example_short_circuit_operator.py
[2025-02-01T00:06:13.163+0000] {processor.py:914} INFO - Processing file /home/airflow/.local/lib/python3.12/site-packages/airflow/example_dags/example_short_circuit_operator.py for tasks to queue
[2025-02-01T00:06:13.165+0000] {logging_mixin.py:190} INFO - [2025-02-01T00:06:13.164+0000] {dagbag.py:587} INFO - Filling up the DagBag from /home/airflow/.local/lib/python3.12/site-packages/airflow/example_dags/example_short_circuit_operator.py
[2025-02-01T00:06:13.173+0000] {processor.py:925} INFO - DAG(s) 'example_short_circuit_operator' retrieved from /home/airflow/.local/lib/python3.12/site-packages/airflow/example_dags/example_short_circuit_operator.py
[2025-02-01T00:06:13.195+0000] {logging_mixin.py:190} INFO - [2025-02-01T00:06:13.194+0000] {dag.py:3211} INFO - Sync 1 DAGs
[2025-02-01T00:06:13.216+0000] {logging_mixin.py:190} INFO - [2025-02-01T00:06:13.215+0000] {dag.py:4138} INFO - Setting next_dagrun for example_short_circuit_operator to 2025-01-31 00:00:00+00:00, run_after=2025-02-01 00:00:00+00:00
[2025-02-01T00:06:13.234+0000] {processor.py:208} INFO - Processing /home/airflow/.local/lib/python3.12/site-packages/airflow/example_dags/example_short_circuit_operator.py took 0.076 seconds
[2025-02-01T00:06:43.331+0000] {processor.py:186} INFO - Started process (PID=25896) to work on /home/airflow/.local/lib/python3.12/site-packages/airflow/example_dags/example_short_circuit_operator.py
[2025-02-01T00:06:43.332+0000] {processor.py:914} INFO - Processing file /home/airflow/.local/lib/python3.12/site-packages/airflow/example_dags/example_short_circuit_operator.py for tasks to queue
[2025-02-01T00:06:43.334+0000] {logging_mixin.py:190} INFO - [2025-02-01T00:06:43.333+0000] {dagbag.py:587} INFO - Filling up the DagBag from /home/airflow/.local/lib/python3.12/site-packages/airflow/example_dags/example_short_circuit_operator.py
[2025-02-01T00:06:43.341+0000] {processor.py:925} INFO - DAG(s) 'example_short_circuit_operator' retrieved from /home/airflow/.local/lib/python3.12/site-packages/airflow/example_dags/example_short_circuit_operator.py
[2025-02-01T00:06:43.362+0000] {logging_mixin.py:190} INFO - [2025-02-01T00:06:43.361+0000] {dag.py:3211} INFO - Sync 1 DAGs
[2025-02-01T00:06:43.383+0000] {logging_mixin.py:190} INFO - [2025-02-01T00:06:43.383+0000] {dag.py:4138} INFO - Setting next_dagrun for example_short_circuit_operator to 2025-01-31 00:00:00+00:00, run_after=2025-02-01 00:00:00+00:00
[2025-02-01T00:06:43.404+0000] {processor.py:208} INFO - Processing /home/airflow/.local/lib/python3.12/site-packages/airflow/example_dags/example_short_circuit_operator.py took 0.077 seconds
[2025-02-01T00:07:13.753+0000] {processor.py:186} INFO - Started process (PID=25959) to work on /home/airflow/.local/lib/python3.12/site-packages/airflow/example_dags/example_short_circuit_operator.py
[2025-02-01T00:07:13.754+0000] {processor.py:914} INFO - Processing file /home/airflow/.local/lib/python3.12/site-packages/airflow/example_dags/example_short_circuit_operator.py for tasks to queue
[2025-02-01T00:07:13.755+0000] {logging_mixin.py:190} INFO - [2025-02-01T00:07:13.755+0000] {dagbag.py:587} INFO - Filling up the DagBag from /home/airflow/.local/lib/python3.12/site-packages/airflow/example_dags/example_short_circuit_operator.py
[2025-02-01T00:07:13.763+0000] {processor.py:925} INFO - DAG(s) 'example_short_circuit_operator' retrieved from /home/airflow/.local/lib/python3.12/site-packages/airflow/example_dags/example_short_circuit_operator.py
[2025-02-01T00:07:13.783+0000] {logging_mixin.py:190} INFO - [2025-02-01T00:07:13.783+0000] {dag.py:3211} INFO - Sync 1 DAGs
[2025-02-01T00:07:13.804+0000] {logging_mixin.py:190} INFO - [2025-02-01T00:07:13.804+0000] {dag.py:4138} INFO - Setting next_dagrun for example_short_circuit_operator to 2025-01-31 00:00:00+00:00, run_after=2025-02-01 00:00:00+00:00
[2025-02-01T00:07:13.821+0000] {processor.py:208} INFO - Processing /home/airflow/.local/lib/python3.12/site-packages/airflow/example_dags/example_short_circuit_operator.py took 0.073 seconds
[2025-02-01T00:07:43.932+0000] {processor.py:186} INFO - Started process (PID=26022) to work on /home/airflow/.local/lib/python3.12/site-packages/airflow/example_dags/example_short_circuit_operator.py
[2025-02-01T00:07:43.933+0000] {processor.py:914} INFO - Processing file /home/airflow/.local/lib/python3.12/site-packages/airflow/example_dags/example_short_circuit_operator.py for tasks to queue
[2025-02-01T00:07:43.934+0000] {logging_mixin.py:190} INFO - [2025-02-01T00:07:43.934+0000] {dagbag.py:587} INFO - Filling up the DagBag from /home/airflow/.local/lib/python3.12/site-packages/airflow/example_dags/example_short_circuit_operator.py
[2025-02-01T00:07:43.943+0000] {processor.py:925} INFO - DAG(s) 'example_short_circuit_operator' retrieved from /home/airflow/.local/lib/python3.12/site-packages/airflow/example_dags/example_short_circuit_operator.py
[2025-02-01T00:07:43.965+0000] {logging_mixin.py:190} INFO - [2025-02-01T00:07:43.965+0000] {dag.py:3211} INFO - Sync 1 DAGs
[2025-02-01T00:07:43.988+0000] {logging_mixin.py:190} INFO - [2025-02-01T00:07:43.988+0000] {dag.py:4138} INFO - Setting next_dagrun for example_short_circuit_operator to 2025-01-31 00:00:00+00:00, run_after=2025-02-01 00:00:00+00:00
[2025-02-01T00:07:44.013+0000] {processor.py:208} INFO - Processing /home/airflow/.local/lib/python3.12/site-packages/airflow/example_dags/example_short_circuit_operator.py took 0.087 seconds
[2025-02-01T00:08:14.302+0000] {processor.py:186} INFO - Started process (PID=26085) to work on /home/airflow/.local/lib/python3.12/site-packages/airflow/example_dags/example_short_circuit_operator.py
[2025-02-01T00:08:14.303+0000] {processor.py:914} INFO - Processing file /home/airflow/.local/lib/python3.12/site-packages/airflow/example_dags/example_short_circuit_operator.py for tasks to queue
[2025-02-01T00:08:14.304+0000] {logging_mixin.py:190} INFO - [2025-02-01T00:08:14.304+0000] {dagbag.py:587} INFO - Filling up the DagBag from /home/airflow/.local/lib/python3.12/site-packages/airflow/example_dags/example_short_circuit_operator.py
[2025-02-01T00:08:14.313+0000] {processor.py:925} INFO - DAG(s) 'example_short_circuit_operator' retrieved from /home/airflow/.local/lib/python3.12/site-packages/airflow/example_dags/example_short_circuit_operator.py
[2025-02-01T00:08:14.333+0000] {logging_mixin.py:190} INFO - [2025-02-01T00:08:14.333+0000] {dag.py:3211} INFO - Sync 1 DAGs
[2025-02-01T00:08:14.354+0000] {logging_mixin.py:190} INFO - [2025-02-01T00:08:14.354+0000] {dag.py:4138} INFO - Setting next_dagrun for example_short_circuit_operator to 2025-01-31 00:00:00+00:00, run_after=2025-02-01 00:00:00+00:00
[2025-02-01T00:08:14.374+0000] {processor.py:208} INFO - Processing /home/airflow/.local/lib/python3.12/site-packages/airflow/example_dags/example_short_circuit_operator.py took 0.078 seconds
[2025-02-01T00:08:44.628+0000] {processor.py:186} INFO - Started process (PID=26148) to work on /home/airflow/.local/lib/python3.12/site-packages/airflow/example_dags/example_short_circuit_operator.py
[2025-02-01T00:08:44.629+0000] {processor.py:914} INFO - Processing file /home/airflow/.local/lib/python3.12/site-packages/airflow/example_dags/example_short_circuit_operator.py for tasks to queue
[2025-02-01T00:08:44.630+0000] {logging_mixin.py:190} INFO - [2025-02-01T00:08:44.629+0000] {dagbag.py:587} INFO - Filling up the DagBag from /home/airflow/.local/lib/python3.12/site-packages/airflow/example_dags/example_short_circuit_operator.py
[2025-02-01T00:08:44.637+0000] {processor.py:925} INFO - DAG(s) 'example_short_circuit_operator' retrieved from /home/airflow/.local/lib/python3.12/site-packages/airflow/example_dags/example_short_circuit_operator.py
[2025-02-01T00:08:44.657+0000] {logging_mixin.py:190} INFO - [2025-02-01T00:08:44.657+0000] {dag.py:3211} INFO - Sync 1 DAGs
[2025-02-01T00:08:44.676+0000] {logging_mixin.py:190} INFO - [2025-02-01T00:08:44.676+0000] {dag.py:4138} INFO - Setting next_dagrun for example_short_circuit_operator to 2025-01-31 00:00:00+00:00, run_after=2025-02-01 00:00:00+00:00
[2025-02-01T00:08:44.696+0000] {processor.py:208} INFO - Processing /home/airflow/.local/lib/python3.12/site-packages/airflow/example_dags/example_short_circuit_operator.py took 0.073 seconds
[2025-02-01T00:09:15.055+0000] {processor.py:186} INFO - Started process (PID=26211) to work on /home/airflow/.local/lib/python3.12/site-packages/airflow/example_dags/example_short_circuit_operator.py
[2025-02-01T00:09:15.056+0000] {processor.py:914} INFO - Processing file /home/airflow/.local/lib/python3.12/site-packages/airflow/example_dags/example_short_circuit_operator.py for tasks to queue
[2025-02-01T00:09:15.057+0000] {logging_mixin.py:190} INFO - [2025-02-01T00:09:15.057+0000] {dagbag.py:587} INFO - Filling up the DagBag from /home/airflow/.local/lib/python3.12/site-packages/airflow/example_dags/example_short_circuit_operator.py
[2025-02-01T00:09:15.066+0000] {processor.py:925} INFO - DAG(s) 'example_short_circuit_operator' retrieved from /home/airflow/.local/lib/python3.12/site-packages/airflow/example_dags/example_short_circuit_operator.py
[2025-02-01T00:09:15.086+0000] {logging_mixin.py:190} INFO - [2025-02-01T00:09:15.086+0000] {dag.py:3211} INFO - Sync 1 DAGs
[2025-02-01T00:09:15.108+0000] {logging_mixin.py:190} INFO - [2025-02-01T00:09:15.108+0000] {dag.py:4138} INFO - Setting next_dagrun for example_short_circuit_operator to 2025-01-31 00:00:00+00:00, run_after=2025-02-01 00:00:00+00:00
[2025-02-01T00:09:15.126+0000] {processor.py:208} INFO - Processing /home/airflow/.local/lib/python3.12/site-packages/airflow/example_dags/example_short_circuit_operator.py took 0.076 seconds
[2025-02-01T00:09:46.002+0000] {processor.py:186} INFO - Started process (PID=26274) to work on /home/airflow/.local/lib/python3.12/site-packages/airflow/example_dags/example_short_circuit_operator.py
[2025-02-01T00:09:46.003+0000] {processor.py:914} INFO - Processing file /home/airflow/.local/lib/python3.12/site-packages/airflow/example_dags/example_short_circuit_operator.py for tasks to queue
[2025-02-01T00:09:46.004+0000] {logging_mixin.py:190} INFO - [2025-02-01T00:09:46.004+0000] {dagbag.py:587} INFO - Filling up the DagBag from /home/airflow/.local/lib/python3.12/site-packages/airflow/example_dags/example_short_circuit_operator.py
[2025-02-01T00:09:46.011+0000] {processor.py:925} INFO - DAG(s) 'example_short_circuit_operator' retrieved from /home/airflow/.local/lib/python3.12/site-packages/airflow/example_dags/example_short_circuit_operator.py
[2025-02-01T00:09:46.032+0000] {logging_mixin.py:190} INFO - [2025-02-01T00:09:46.031+0000] {dag.py:3211} INFO - Sync 1 DAGs
[2025-02-01T00:09:46.054+0000] {logging_mixin.py:190} INFO - [2025-02-01T00:09:46.054+0000] {dag.py:4138} INFO - Setting next_dagrun for example_short_circuit_operator to 2025-01-31 00:00:00+00:00, run_after=2025-02-01 00:00:00+00:00
[2025-02-01T00:09:46.072+0000] {processor.py:208} INFO - Processing /home/airflow/.local/lib/python3.12/site-packages/airflow/example_dags/example_short_circuit_operator.py took 0.075 seconds
[2025-02-01T00:10:16.226+0000] {processor.py:186} INFO - Started process (PID=26336) to work on /home/airflow/.local/lib/python3.12/site-packages/airflow/example_dags/example_short_circuit_operator.py
[2025-02-01T00:10:16.227+0000] {processor.py:914} INFO - Processing file /home/airflow/.local/lib/python3.12/site-packages/airflow/example_dags/example_short_circuit_operator.py for tasks to queue
[2025-02-01T00:10:16.228+0000] {logging_mixin.py:190} INFO - [2025-02-01T00:10:16.228+0000] {dagbag.py:587} INFO - Filling up the DagBag from /home/airflow/.local/lib/python3.12/site-packages/airflow/example_dags/example_short_circuit_operator.py
[2025-02-01T00:10:16.236+0000] {processor.py:925} INFO - DAG(s) 'example_short_circuit_operator' retrieved from /home/airflow/.local/lib/python3.12/site-packages/airflow/example_dags/example_short_circuit_operator.py
[2025-02-01T00:10:16.257+0000] {logging_mixin.py:190} INFO - [2025-02-01T00:10:16.256+0000] {dag.py:3211} INFO - Sync 1 DAGs
[2025-02-01T00:10:16.277+0000] {logging_mixin.py:190} INFO - [2025-02-01T00:10:16.277+0000] {dag.py:4138} INFO - Setting next_dagrun for example_short_circuit_operator to 2025-01-31 00:00:00+00:00, run_after=2025-02-01 00:00:00+00:00
[2025-02-01T00:10:16.295+0000] {processor.py:208} INFO - Processing /home/airflow/.local/lib/python3.12/site-packages/airflow/example_dags/example_short_circuit_operator.py took 0.074 seconds
[2025-02-01T00:10:46.905+0000] {processor.py:186} INFO - Started process (PID=26400) to work on /home/airflow/.local/lib/python3.12/site-packages/airflow/example_dags/example_short_circuit_operator.py
[2025-02-01T00:10:46.906+0000] {processor.py:914} INFO - Processing file /home/airflow/.local/lib/python3.12/site-packages/airflow/example_dags/example_short_circuit_operator.py for tasks to queue
[2025-02-01T00:10:46.907+0000] {logging_mixin.py:190} INFO - [2025-02-01T00:10:46.906+0000] {dagbag.py:587} INFO - Filling up the DagBag from /home/airflow/.local/lib/python3.12/site-packages/airflow/example_dags/example_short_circuit_operator.py
[2025-02-01T00:10:46.914+0000] {processor.py:925} INFO - DAG(s) 'example_short_circuit_operator' retrieved from /home/airflow/.local/lib/python3.12/site-packages/airflow/example_dags/example_short_circuit_operator.py
[2025-02-01T00:10:46.934+0000] {logging_mixin.py:190} INFO - [2025-02-01T00:10:46.934+0000] {dag.py:3211} INFO - Sync 1 DAGs
[2025-02-01T00:10:46.954+0000] {logging_mixin.py:190} INFO - [2025-02-01T00:10:46.954+0000] {dag.py:4138} INFO - Setting next_dagrun for example_short_circuit_operator to 2025-01-31 00:00:00+00:00, run_after=2025-02-01 00:00:00+00:00
[2025-02-01T00:10:46.972+0000] {processor.py:208} INFO - Processing /home/airflow/.local/lib/python3.12/site-packages/airflow/example_dags/example_short_circuit_operator.py took 0.071 seconds
[2025-02-01T00:11:17.103+0000] {processor.py:186} INFO - Started process (PID=26462) to work on /home/airflow/.local/lib/python3.12/site-packages/airflow/example_dags/example_short_circuit_operator.py
[2025-02-01T00:11:17.104+0000] {processor.py:914} INFO - Processing file /home/airflow/.local/lib/python3.12/site-packages/airflow/example_dags/example_short_circuit_operator.py for tasks to queue
[2025-02-01T00:11:17.105+0000] {logging_mixin.py:190} INFO - [2025-02-01T00:11:17.105+0000] {dagbag.py:587} INFO - Filling up the DagBag from /home/airflow/.local/lib/python3.12/site-packages/airflow/example_dags/example_short_circuit_operator.py
[2025-02-01T00:11:17.113+0000] {processor.py:925} INFO - DAG(s) 'example_short_circuit_operator' retrieved from /home/airflow/.local/lib/python3.12/site-packages/airflow/example_dags/example_short_circuit_operator.py
[2025-02-01T00:11:17.135+0000] {logging_mixin.py:190} INFO - [2025-02-01T00:11:17.135+0000] {dag.py:3211} INFO - Sync 1 DAGs
[2025-02-01T00:11:17.156+0000] {logging_mixin.py:190} INFO - [2025-02-01T00:11:17.156+0000] {dag.py:4138} INFO - Setting next_dagrun for example_short_circuit_operator to 2025-01-31 00:00:00+00:00, run_after=2025-02-01 00:00:00+00:00
[2025-02-01T00:11:17.173+0000] {processor.py:208} INFO - Processing /home/airflow/.local/lib/python3.12/site-packages/airflow/example_dags/example_short_circuit_operator.py took 0.076 seconds
[2025-02-01T00:11:47.355+0000] {processor.py:186} INFO - Started process (PID=26525) to work on /home/airflow/.local/lib/python3.12/site-packages/airflow/example_dags/example_short_circuit_operator.py
[2025-02-01T00:11:47.356+0000] {processor.py:914} INFO - Processing file /home/airflow/.local/lib/python3.12/site-packages/airflow/example_dags/example_short_circuit_operator.py for tasks to queue
[2025-02-01T00:11:47.357+0000] {logging_mixin.py:190} INFO - [2025-02-01T00:11:47.357+0000] {dagbag.py:587} INFO - Filling up the DagBag from /home/airflow/.local/lib/python3.12/site-packages/airflow/example_dags/example_short_circuit_operator.py
[2025-02-01T00:11:47.365+0000] {processor.py:925} INFO - DAG(s) 'example_short_circuit_operator' retrieved from /home/airflow/.local/lib/python3.12/site-packages/airflow/example_dags/example_short_circuit_operator.py
[2025-02-01T00:11:47.385+0000] {logging_mixin.py:190} INFO - [2025-02-01T00:11:47.385+0000] {dag.py:3211} INFO - Sync 1 DAGs
[2025-02-01T00:11:47.408+0000] {logging_mixin.py:190} INFO - [2025-02-01T00:11:47.408+0000] {dag.py:4138} INFO - Setting next_dagrun for example_short_circuit_operator to 2025-01-31 00:00:00+00:00, run_after=2025-02-01 00:00:00+00:00
[2025-02-01T00:11:47.426+0000] {processor.py:208} INFO - Processing /home/airflow/.local/lib/python3.12/site-packages/airflow/example_dags/example_short_circuit_operator.py took 0.076 seconds
[2025-02-01T00:12:17.627+0000] {processor.py:186} INFO - Started process (PID=26588) to work on /home/airflow/.local/lib/python3.12/site-packages/airflow/example_dags/example_short_circuit_operator.py
[2025-02-01T00:12:17.628+0000] {processor.py:914} INFO - Processing file /home/airflow/.local/lib/python3.12/site-packages/airflow/example_dags/example_short_circuit_operator.py for tasks to queue
[2025-02-01T00:12:17.629+0000] {logging_mixin.py:190} INFO - [2025-02-01T00:12:17.629+0000] {dagbag.py:587} INFO - Filling up the DagBag from /home/airflow/.local/lib/python3.12/site-packages/airflow/example_dags/example_short_circuit_operator.py
[2025-02-01T00:12:17.637+0000] {processor.py:925} INFO - DAG(s) 'example_short_circuit_operator' retrieved from /home/airflow/.local/lib/python3.12/site-packages/airflow/example_dags/example_short_circuit_operator.py
[2025-02-01T00:12:17.658+0000] {logging_mixin.py:190} INFO - [2025-02-01T00:12:17.658+0000] {dag.py:3211} INFO - Sync 1 DAGs
[2025-02-01T00:12:17.678+0000] {logging_mixin.py:190} INFO - [2025-02-01T00:12:17.678+0000] {dag.py:4138} INFO - Setting next_dagrun for example_short_circuit_operator to 2025-01-31 00:00:00+00:00, run_after=2025-02-01 00:00:00+00:00
[2025-02-01T00:12:17.697+0000] {processor.py:208} INFO - Processing /home/airflow/.local/lib/python3.12/site-packages/airflow/example_dags/example_short_circuit_operator.py took 0.075 seconds
[2025-02-01T00:12:48.004+0000] {processor.py:186} INFO - Started process (PID=26652) to work on /home/airflow/.local/lib/python3.12/site-packages/airflow/example_dags/example_short_circuit_operator.py
[2025-02-01T00:12:48.005+0000] {processor.py:914} INFO - Processing file /home/airflow/.local/lib/python3.12/site-packages/airflow/example_dags/example_short_circuit_operator.py for tasks to queue
[2025-02-01T00:12:48.006+0000] {logging_mixin.py:190} INFO - [2025-02-01T00:12:48.006+0000] {dagbag.py:587} INFO - Filling up the DagBag from /home/airflow/.local/lib/python3.12/site-packages/airflow/example_dags/example_short_circuit_operator.py
[2025-02-01T00:12:48.014+0000] {processor.py:925} INFO - DAG(s) 'example_short_circuit_operator' retrieved from /home/airflow/.local/lib/python3.12/site-packages/airflow/example_dags/example_short_circuit_operator.py
[2025-02-01T00:12:48.037+0000] {logging_mixin.py:190} INFO - [2025-02-01T00:12:48.037+0000] {dag.py:3211} INFO - Sync 1 DAGs
[2025-02-01T00:12:48.062+0000] {logging_mixin.py:190} INFO - [2025-02-01T00:12:48.062+0000] {dag.py:4138} INFO - Setting next_dagrun for example_short_circuit_operator to 2025-01-31 00:00:00+00:00, run_after=2025-02-01 00:00:00+00:00
[2025-02-01T00:12:48.080+0000] {processor.py:208} INFO - Processing /home/airflow/.local/lib/python3.12/site-packages/airflow/example_dags/example_short_circuit_operator.py took 0.081 seconds
[2025-02-01T00:13:18.146+0000] {processor.py:186} INFO - Started process (PID=26714) to work on /home/airflow/.local/lib/python3.12/site-packages/airflow/example_dags/example_short_circuit_operator.py
[2025-02-01T00:13:18.147+0000] {processor.py:914} INFO - Processing file /home/airflow/.local/lib/python3.12/site-packages/airflow/example_dags/example_short_circuit_operator.py for tasks to queue
[2025-02-01T00:13:18.148+0000] {logging_mixin.py:190} INFO - [2025-02-01T00:13:18.147+0000] {dagbag.py:587} INFO - Filling up the DagBag from /home/airflow/.local/lib/python3.12/site-packages/airflow/example_dags/example_short_circuit_operator.py
[2025-02-01T00:13:18.156+0000] {processor.py:925} INFO - DAG(s) 'example_short_circuit_operator' retrieved from /home/airflow/.local/lib/python3.12/site-packages/airflow/example_dags/example_short_circuit_operator.py
[2025-02-01T00:13:18.176+0000] {logging_mixin.py:190} INFO - [2025-02-01T00:13:18.176+0000] {dag.py:3211} INFO - Sync 1 DAGs
[2025-02-01T00:13:18.197+0000] {logging_mixin.py:190} INFO - [2025-02-01T00:13:18.197+0000] {dag.py:4138} INFO - Setting next_dagrun for example_short_circuit_operator to 2025-01-31 00:00:00+00:00, run_after=2025-02-01 00:00:00+00:00
[2025-02-01T00:13:18.214+0000] {processor.py:208} INFO - Processing /home/airflow/.local/lib/python3.12/site-packages/airflow/example_dags/example_short_circuit_operator.py took 0.074 seconds
[2025-02-01T00:13:48.443+0000] {processor.py:186} INFO - Started process (PID=26777) to work on /home/airflow/.local/lib/python3.12/site-packages/airflow/example_dags/example_short_circuit_operator.py
[2025-02-01T00:13:48.443+0000] {processor.py:914} INFO - Processing file /home/airflow/.local/lib/python3.12/site-packages/airflow/example_dags/example_short_circuit_operator.py for tasks to queue
[2025-02-01T00:13:48.445+0000] {logging_mixin.py:190} INFO - [2025-02-01T00:13:48.444+0000] {dagbag.py:587} INFO - Filling up the DagBag from /home/airflow/.local/lib/python3.12/site-packages/airflow/example_dags/example_short_circuit_operator.py
[2025-02-01T00:13:48.453+0000] {processor.py:925} INFO - DAG(s) 'example_short_circuit_operator' retrieved from /home/airflow/.local/lib/python3.12/site-packages/airflow/example_dags/example_short_circuit_operator.py
[2025-02-01T00:13:48.473+0000] {logging_mixin.py:190} INFO - [2025-02-01T00:13:48.473+0000] {dag.py:3211} INFO - Sync 1 DAGs
[2025-02-01T00:13:48.491+0000] {logging_mixin.py:190} INFO - [2025-02-01T00:13:48.491+0000] {dag.py:4138} INFO - Setting next_dagrun for example_short_circuit_operator to 2025-01-31 00:00:00+00:00, run_after=2025-02-01 00:00:00+00:00
[2025-02-01T00:13:48.508+0000] {processor.py:208} INFO - Processing /home/airflow/.local/lib/python3.12/site-packages/airflow/example_dags/example_short_circuit_operator.py took 0.070 seconds
[2025-02-01T00:14:18.722+0000] {processor.py:186} INFO - Started process (PID=26840) to work on /home/airflow/.local/lib/python3.12/site-packages/airflow/example_dags/example_short_circuit_operator.py
[2025-02-01T00:14:18.723+0000] {processor.py:914} INFO - Processing file /home/airflow/.local/lib/python3.12/site-packages/airflow/example_dags/example_short_circuit_operator.py for tasks to queue
[2025-02-01T00:14:18.724+0000] {logging_mixin.py:190} INFO - [2025-02-01T00:14:18.724+0000] {dagbag.py:587} INFO - Filling up the DagBag from /home/airflow/.local/lib/python3.12/site-packages/airflow/example_dags/example_short_circuit_operator.py
[2025-02-01T00:14:18.732+0000] {processor.py:925} INFO - DAG(s) 'example_short_circuit_operator' retrieved from /home/airflow/.local/lib/python3.12/site-packages/airflow/example_dags/example_short_circuit_operator.py
[2025-02-01T00:14:18.752+0000] {logging_mixin.py:190} INFO - [2025-02-01T00:14:18.751+0000] {dag.py:3211} INFO - Sync 1 DAGs
[2025-02-01T00:14:18.771+0000] {logging_mixin.py:190} INFO - [2025-02-01T00:14:18.771+0000] {dag.py:4138} INFO - Setting next_dagrun for example_short_circuit_operator to 2025-01-31 00:00:00+00:00, run_after=2025-02-01 00:00:00+00:00
[2025-02-01T00:14:18.791+0000] {processor.py:208} INFO - Processing /home/airflow/.local/lib/python3.12/site-packages/airflow/example_dags/example_short_circuit_operator.py took 0.074 seconds
[2025-02-01T00:14:49.036+0000] {processor.py:186} INFO - Started process (PID=26903) to work on /home/airflow/.local/lib/python3.12/site-packages/airflow/example_dags/example_short_circuit_operator.py
[2025-02-01T00:14:49.037+0000] {processor.py:914} INFO - Processing file /home/airflow/.local/lib/python3.12/site-packages/airflow/example_dags/example_short_circuit_operator.py for tasks to queue
[2025-02-01T00:14:49.038+0000] {logging_mixin.py:190} INFO - [2025-02-01T00:14:49.038+0000] {dagbag.py:587} INFO - Filling up the DagBag from /home/airflow/.local/lib/python3.12/site-packages/airflow/example_dags/example_short_circuit_operator.py
[2025-02-01T00:14:49.047+0000] {processor.py:925} INFO - DAG(s) 'example_short_circuit_operator' retrieved from /home/airflow/.local/lib/python3.12/site-packages/airflow/example_dags/example_short_circuit_operator.py
[2025-02-01T00:14:49.070+0000] {logging_mixin.py:190} INFO - [2025-02-01T00:14:49.070+0000] {dag.py:3211} INFO - Sync 1 DAGs
[2025-02-01T00:14:49.092+0000] {logging_mixin.py:190} INFO - [2025-02-01T00:14:49.092+0000] {dag.py:4138} INFO - Setting next_dagrun for example_short_circuit_operator to 2025-01-31 00:00:00+00:00, run_after=2025-02-01 00:00:00+00:00
[2025-02-01T00:14:49.111+0000] {processor.py:208} INFO - Processing /home/airflow/.local/lib/python3.12/site-packages/airflow/example_dags/example_short_circuit_operator.py took 0.080 seconds
[2025-02-01T00:15:19.428+0000] {processor.py:186} INFO - Started process (PID=26966) to work on /home/airflow/.local/lib/python3.12/site-packages/airflow/example_dags/example_short_circuit_operator.py
[2025-02-01T00:15:19.429+0000] {processor.py:914} INFO - Processing file /home/airflow/.local/lib/python3.12/site-packages/airflow/example_dags/example_short_circuit_operator.py for tasks to queue
[2025-02-01T00:15:19.430+0000] {logging_mixin.py:190} INFO - [2025-02-01T00:15:19.430+0000] {dagbag.py:587} INFO - Filling up the DagBag from /home/airflow/.local/lib/python3.12/site-packages/airflow/example_dags/example_short_circuit_operator.py
[2025-02-01T00:15:19.437+0000] {processor.py:925} INFO - DAG(s) 'example_short_circuit_operator' retrieved from /home/airflow/.local/lib/python3.12/site-packages/airflow/example_dags/example_short_circuit_operator.py
[2025-02-01T00:15:19.457+0000] {logging_mixin.py:190} INFO - [2025-02-01T00:15:19.457+0000] {dag.py:3211} INFO - Sync 1 DAGs
[2025-02-01T00:15:19.476+0000] {logging_mixin.py:190} INFO - [2025-02-01T00:15:19.476+0000] {dag.py:4138} INFO - Setting next_dagrun for example_short_circuit_operator to 2025-01-31 00:00:00+00:00, run_after=2025-02-01 00:00:00+00:00
[2025-02-01T00:15:19.493+0000] {processor.py:208} INFO - Processing /home/airflow/.local/lib/python3.12/site-packages/airflow/example_dags/example_short_circuit_operator.py took 0.069 seconds
[2025-02-01T00:15:49.926+0000] {processor.py:186} INFO - Started process (PID=27029) to work on /home/airflow/.local/lib/python3.12/site-packages/airflow/example_dags/example_short_circuit_operator.py
[2025-02-01T00:15:49.927+0000] {processor.py:914} INFO - Processing file /home/airflow/.local/lib/python3.12/site-packages/airflow/example_dags/example_short_circuit_operator.py for tasks to queue
[2025-02-01T00:15:49.928+0000] {logging_mixin.py:190} INFO - [2025-02-01T00:15:49.928+0000] {dagbag.py:587} INFO - Filling up the DagBag from /home/airflow/.local/lib/python3.12/site-packages/airflow/example_dags/example_short_circuit_operator.py
[2025-02-01T00:15:49.936+0000] {processor.py:925} INFO - DAG(s) 'example_short_circuit_operator' retrieved from /home/airflow/.local/lib/python3.12/site-packages/airflow/example_dags/example_short_circuit_operator.py
[2025-02-01T00:15:49.959+0000] {logging_mixin.py:190} INFO - [2025-02-01T00:15:49.958+0000] {dag.py:3211} INFO - Sync 1 DAGs
[2025-02-01T00:15:49.981+0000] {logging_mixin.py:190} INFO - [2025-02-01T00:15:49.980+0000] {dag.py:4138} INFO - Setting next_dagrun for example_short_circuit_operator to 2025-01-31 00:00:00+00:00, run_after=2025-02-01 00:00:00+00:00
[2025-02-01T00:15:49.998+0000] {processor.py:208} INFO - Processing /home/airflow/.local/lib/python3.12/site-packages/airflow/example_dags/example_short_circuit_operator.py took 0.077 seconds
[2025-02-01T00:16:20.112+0000] {processor.py:186} INFO - Started process (PID=27092) to work on /home/airflow/.local/lib/python3.12/site-packages/airflow/example_dags/example_short_circuit_operator.py
[2025-02-01T00:16:20.113+0000] {processor.py:914} INFO - Processing file /home/airflow/.local/lib/python3.12/site-packages/airflow/example_dags/example_short_circuit_operator.py for tasks to queue
[2025-02-01T00:16:20.114+0000] {logging_mixin.py:190} INFO - [2025-02-01T00:16:20.114+0000] {dagbag.py:587} INFO - Filling up the DagBag from /home/airflow/.local/lib/python3.12/site-packages/airflow/example_dags/example_short_circuit_operator.py
[2025-02-01T00:16:20.121+0000] {processor.py:925} INFO - DAG(s) 'example_short_circuit_operator' retrieved from /home/airflow/.local/lib/python3.12/site-packages/airflow/example_dags/example_short_circuit_operator.py
[2025-02-01T00:16:20.141+0000] {logging_mixin.py:190} INFO - [2025-02-01T00:16:20.140+0000] {dag.py:3211} INFO - Sync 1 DAGs
[2025-02-01T00:16:20.158+0000] {logging_mixin.py:190} INFO - [2025-02-01T00:16:20.158+0000] {dag.py:4138} INFO - Setting next_dagrun for example_short_circuit_operator to 2025-01-31 00:00:00+00:00, run_after=2025-02-01 00:00:00+00:00
[2025-02-01T00:16:20.175+0000] {processor.py:208} INFO - Processing /home/airflow/.local/lib/python3.12/site-packages/airflow/example_dags/example_short_circuit_operator.py took 0.068 seconds
