[2025-02-01T00:00:08.835+0000] {processor.py:186} INFO - Started process (PID=25075) to work on /home/airflow/.local/lib/python3.12/site-packages/airflow/example_dags/example_local_kubernetes_executor.py
[2025-02-01T00:00:08.836+0000] {processor.py:914} INFO - Processing file /home/airflow/.local/lib/python3.12/site-packages/airflow/example_dags/example_local_kubernetes_executor.py for tasks to queue
[2025-02-01T00:00:08.837+0000] {logging_mixin.py:190} INFO - [2025-02-01T00:00:08.837+0000] {dagbag.py:587} INFO - Filling up the DagBag from /home/airflow/.local/lib/python3.12/site-packages/airflow/example_dags/example_local_kubernetes_executor.py
[2025-02-01T00:00:08.845+0000] {processor.py:925} INFO - DAG(s) 'example_local_kubernetes_executor' retrieved from /home/airflow/.local/lib/python3.12/site-packages/airflow/example_dags/example_local_kubernetes_executor.py
[2025-02-01T00:00:08.873+0000] {logging_mixin.py:190} INFO - [2025-02-01T00:00:08.873+0000] {dag.py:3211} INFO - Sync 1 DAGs
[2025-02-01T00:00:08.886+0000] {logging_mixin.py:190} INFO - [2025-02-01T00:00:08.885+0000] {dag.py:4138} INFO - Setting next_dagrun for example_local_kubernetes_executor to None, run_after=None
[2025-02-01T00:00:08.905+0000] {processor.py:208} INFO - Processing /home/airflow/.local/lib/python3.12/site-packages/airflow/example_dags/example_local_kubernetes_executor.py took 0.074 seconds
[2025-02-01T00:00:39.458+0000] {processor.py:186} INFO - Started process (PID=25138) to work on /home/airflow/.local/lib/python3.12/site-packages/airflow/example_dags/example_local_kubernetes_executor.py
[2025-02-01T00:00:39.459+0000] {processor.py:914} INFO - Processing file /home/airflow/.local/lib/python3.12/site-packages/airflow/example_dags/example_local_kubernetes_executor.py for tasks to queue
[2025-02-01T00:00:39.460+0000] {logging_mixin.py:190} INFO - [2025-02-01T00:00:39.460+0000] {dagbag.py:587} INFO - Filling up the DagBag from /home/airflow/.local/lib/python3.12/site-packages/airflow/example_dags/example_local_kubernetes_executor.py
[2025-02-01T00:00:39.468+0000] {processor.py:925} INFO - DAG(s) 'example_local_kubernetes_executor' retrieved from /home/airflow/.local/lib/python3.12/site-packages/airflow/example_dags/example_local_kubernetes_executor.py
[2025-02-01T00:00:39.496+0000] {logging_mixin.py:190} INFO - [2025-02-01T00:00:39.496+0000] {dag.py:3211} INFO - Sync 1 DAGs
[2025-02-01T00:00:39.509+0000] {logging_mixin.py:190} INFO - [2025-02-01T00:00:39.509+0000] {dag.py:4138} INFO - Setting next_dagrun for example_local_kubernetes_executor to None, run_after=None
[2025-02-01T00:00:39.526+0000] {processor.py:208} INFO - Processing /home/airflow/.local/lib/python3.12/site-packages/airflow/example_dags/example_local_kubernetes_executor.py took 0.073 seconds
[2025-02-01T00:01:09.763+0000] {processor.py:186} INFO - Started process (PID=25201) to work on /home/airflow/.local/lib/python3.12/site-packages/airflow/example_dags/example_local_kubernetes_executor.py
[2025-02-01T00:01:09.764+0000] {processor.py:914} INFO - Processing file /home/airflow/.local/lib/python3.12/site-packages/airflow/example_dags/example_local_kubernetes_executor.py for tasks to queue
[2025-02-01T00:01:09.766+0000] {logging_mixin.py:190} INFO - [2025-02-01T00:01:09.765+0000] {dagbag.py:587} INFO - Filling up the DagBag from /home/airflow/.local/lib/python3.12/site-packages/airflow/example_dags/example_local_kubernetes_executor.py
[2025-02-01T00:01:09.774+0000] {processor.py:925} INFO - DAG(s) 'example_local_kubernetes_executor' retrieved from /home/airflow/.local/lib/python3.12/site-packages/airflow/example_dags/example_local_kubernetes_executor.py
[2025-02-01T00:01:09.805+0000] {logging_mixin.py:190} INFO - [2025-02-01T00:01:09.805+0000] {dag.py:3211} INFO - Sync 1 DAGs
[2025-02-01T00:01:09.818+0000] {logging_mixin.py:190} INFO - [2025-02-01T00:01:09.818+0000] {dag.py:4138} INFO - Setting next_dagrun for example_local_kubernetes_executor to None, run_after=None
[2025-02-01T00:01:09.836+0000] {processor.py:208} INFO - Processing /home/airflow/.local/lib/python3.12/site-packages/airflow/example_dags/example_local_kubernetes_executor.py took 0.078 seconds
[2025-02-01T00:01:39.900+0000] {processor.py:186} INFO - Started process (PID=25264) to work on /home/airflow/.local/lib/python3.12/site-packages/airflow/example_dags/example_local_kubernetes_executor.py
[2025-02-01T00:01:39.901+0000] {processor.py:914} INFO - Processing file /home/airflow/.local/lib/python3.12/site-packages/airflow/example_dags/example_local_kubernetes_executor.py for tasks to queue
[2025-02-01T00:01:39.902+0000] {logging_mixin.py:190} INFO - [2025-02-01T00:01:39.902+0000] {dagbag.py:587} INFO - Filling up the DagBag from /home/airflow/.local/lib/python3.12/site-packages/airflow/example_dags/example_local_kubernetes_executor.py
[2025-02-01T00:01:39.910+0000] {processor.py:925} INFO - DAG(s) 'example_local_kubernetes_executor' retrieved from /home/airflow/.local/lib/python3.12/site-packages/airflow/example_dags/example_local_kubernetes_executor.py
[2025-02-01T00:01:39.938+0000] {logging_mixin.py:190} INFO - [2025-02-01T00:01:39.938+0000] {dag.py:3211} INFO - Sync 1 DAGs
[2025-02-01T00:01:39.952+0000] {logging_mixin.py:190} INFO - [2025-02-01T00:01:39.952+0000] {dag.py:4138} INFO - Setting next_dagrun for example_local_kubernetes_executor to None, run_after=None
[2025-02-01T00:01:39.970+0000] {processor.py:208} INFO - Processing /home/airflow/.local/lib/python3.12/site-packages/airflow/example_dags/example_local_kubernetes_executor.py took 0.074 seconds
[2025-02-01T00:02:10.160+0000] {processor.py:186} INFO - Started process (PID=25327) to work on /home/airflow/.local/lib/python3.12/site-packages/airflow/example_dags/example_local_kubernetes_executor.py
[2025-02-01T00:02:10.161+0000] {processor.py:914} INFO - Processing file /home/airflow/.local/lib/python3.12/site-packages/airflow/example_dags/example_local_kubernetes_executor.py for tasks to queue
[2025-02-01T00:02:10.162+0000] {logging_mixin.py:190} INFO - [2025-02-01T00:02:10.162+0000] {dagbag.py:587} INFO - Filling up the DagBag from /home/airflow/.local/lib/python3.12/site-packages/airflow/example_dags/example_local_kubernetes_executor.py
[2025-02-01T00:02:10.171+0000] {processor.py:925} INFO - DAG(s) 'example_local_kubernetes_executor' retrieved from /home/airflow/.local/lib/python3.12/site-packages/airflow/example_dags/example_local_kubernetes_executor.py
[2025-02-01T00:02:10.203+0000] {logging_mixin.py:190} INFO - [2025-02-01T00:02:10.203+0000] {dag.py:3211} INFO - Sync 1 DAGs
[2025-02-01T00:02:10.217+0000] {logging_mixin.py:190} INFO - [2025-02-01T00:02:10.217+0000] {dag.py:4138} INFO - Setting next_dagrun for example_local_kubernetes_executor to None, run_after=None
[2025-02-01T00:02:10.238+0000] {processor.py:208} INFO - Processing /home/airflow/.local/lib/python3.12/site-packages/airflow/example_dags/example_local_kubernetes_executor.py took 0.082 seconds
[2025-02-01T00:02:40.395+0000] {processor.py:186} INFO - Started process (PID=25390) to work on /home/airflow/.local/lib/python3.12/site-packages/airflow/example_dags/example_local_kubernetes_executor.py
[2025-02-01T00:02:40.396+0000] {processor.py:914} INFO - Processing file /home/airflow/.local/lib/python3.12/site-packages/airflow/example_dags/example_local_kubernetes_executor.py for tasks to queue
[2025-02-01T00:02:40.398+0000] {logging_mixin.py:190} INFO - [2025-02-01T00:02:40.397+0000] {dagbag.py:587} INFO - Filling up the DagBag from /home/airflow/.local/lib/python3.12/site-packages/airflow/example_dags/example_local_kubernetes_executor.py
[2025-02-01T00:02:40.406+0000] {processor.py:925} INFO - DAG(s) 'example_local_kubernetes_executor' retrieved from /home/airflow/.local/lib/python3.12/site-packages/airflow/example_dags/example_local_kubernetes_executor.py
[2025-02-01T00:02:40.434+0000] {logging_mixin.py:190} INFO - [2025-02-01T00:02:40.434+0000] {dag.py:3211} INFO - Sync 1 DAGs
[2025-02-01T00:02:40.447+0000] {logging_mixin.py:190} INFO - [2025-02-01T00:02:40.446+0000] {dag.py:4138} INFO - Setting next_dagrun for example_local_kubernetes_executor to None, run_after=None
[2025-02-01T00:02:40.465+0000] {processor.py:208} INFO - Processing /home/airflow/.local/lib/python3.12/site-packages/airflow/example_dags/example_local_kubernetes_executor.py took 0.074 seconds
[2025-02-01T00:03:10.538+0000] {processor.py:186} INFO - Started process (PID=25453) to work on /home/airflow/.local/lib/python3.12/site-packages/airflow/example_dags/example_local_kubernetes_executor.py
[2025-02-01T00:03:10.539+0000] {processor.py:914} INFO - Processing file /home/airflow/.local/lib/python3.12/site-packages/airflow/example_dags/example_local_kubernetes_executor.py for tasks to queue
[2025-02-01T00:03:10.540+0000] {logging_mixin.py:190} INFO - [2025-02-01T00:03:10.539+0000] {dagbag.py:587} INFO - Filling up the DagBag from /home/airflow/.local/lib/python3.12/site-packages/airflow/example_dags/example_local_kubernetes_executor.py
[2025-02-01T00:03:10.547+0000] {processor.py:925} INFO - DAG(s) 'example_local_kubernetes_executor' retrieved from /home/airflow/.local/lib/python3.12/site-packages/airflow/example_dags/example_local_kubernetes_executor.py
[2025-02-01T00:03:10.575+0000] {logging_mixin.py:190} INFO - [2025-02-01T00:03:10.575+0000] {dag.py:3211} INFO - Sync 1 DAGs
[2025-02-01T00:03:10.587+0000] {logging_mixin.py:190} INFO - [2025-02-01T00:03:10.587+0000] {dag.py:4138} INFO - Setting next_dagrun for example_local_kubernetes_executor to None, run_after=None
[2025-02-01T00:03:10.606+0000] {processor.py:208} INFO - Processing /home/airflow/.local/lib/python3.12/site-packages/airflow/example_dags/example_local_kubernetes_executor.py took 0.073 seconds
[2025-02-01T00:03:40.783+0000] {processor.py:186} INFO - Started process (PID=25516) to work on /home/airflow/.local/lib/python3.12/site-packages/airflow/example_dags/example_local_kubernetes_executor.py
[2025-02-01T00:03:40.784+0000] {processor.py:914} INFO - Processing file /home/airflow/.local/lib/python3.12/site-packages/airflow/example_dags/example_local_kubernetes_executor.py for tasks to queue
[2025-02-01T00:03:40.785+0000] {logging_mixin.py:190} INFO - [2025-02-01T00:03:40.785+0000] {dagbag.py:587} INFO - Filling up the DagBag from /home/airflow/.local/lib/python3.12/site-packages/airflow/example_dags/example_local_kubernetes_executor.py
[2025-02-01T00:03:40.795+0000] {processor.py:925} INFO - DAG(s) 'example_local_kubernetes_executor' retrieved from /home/airflow/.local/lib/python3.12/site-packages/airflow/example_dags/example_local_kubernetes_executor.py
[2025-02-01T00:03:40.826+0000] {logging_mixin.py:190} INFO - [2025-02-01T00:03:40.826+0000] {dag.py:3211} INFO - Sync 1 DAGs
[2025-02-01T00:03:40.839+0000] {logging_mixin.py:190} INFO - [2025-02-01T00:03:40.839+0000] {dag.py:4138} INFO - Setting next_dagrun for example_local_kubernetes_executor to None, run_after=None
[2025-02-01T00:03:40.858+0000] {processor.py:208} INFO - Processing /home/airflow/.local/lib/python3.12/site-packages/airflow/example_dags/example_local_kubernetes_executor.py took 0.079 seconds
[2025-02-01T00:04:11.095+0000] {processor.py:186} INFO - Started process (PID=25579) to work on /home/airflow/.local/lib/python3.12/site-packages/airflow/example_dags/example_local_kubernetes_executor.py
[2025-02-01T00:04:11.096+0000] {processor.py:914} INFO - Processing file /home/airflow/.local/lib/python3.12/site-packages/airflow/example_dags/example_local_kubernetes_executor.py for tasks to queue
[2025-02-01T00:04:11.097+0000] {logging_mixin.py:190} INFO - [2025-02-01T00:04:11.097+0000] {dagbag.py:587} INFO - Filling up the DagBag from /home/airflow/.local/lib/python3.12/site-packages/airflow/example_dags/example_local_kubernetes_executor.py
[2025-02-01T00:04:11.104+0000] {processor.py:925} INFO - DAG(s) 'example_local_kubernetes_executor' retrieved from /home/airflow/.local/lib/python3.12/site-packages/airflow/example_dags/example_local_kubernetes_executor.py
[2025-02-01T00:04:11.131+0000] {logging_mixin.py:190} INFO - [2025-02-01T00:04:11.130+0000] {dag.py:3211} INFO - Sync 1 DAGs
[2025-02-01T00:04:11.143+0000] {logging_mixin.py:190} INFO - [2025-02-01T00:04:11.142+0000] {dag.py:4138} INFO - Setting next_dagrun for example_local_kubernetes_executor to None, run_after=None
[2025-02-01T00:04:11.159+0000] {processor.py:208} INFO - Processing /home/airflow/.local/lib/python3.12/site-packages/airflow/example_dags/example_local_kubernetes_executor.py took 0.068 seconds
[2025-02-01T00:04:41.229+0000] {processor.py:186} INFO - Started process (PID=25641) to work on /home/airflow/.local/lib/python3.12/site-packages/airflow/example_dags/example_local_kubernetes_executor.py
[2025-02-01T00:04:41.230+0000] {processor.py:914} INFO - Processing file /home/airflow/.local/lib/python3.12/site-packages/airflow/example_dags/example_local_kubernetes_executor.py for tasks to queue
[2025-02-01T00:04:41.231+0000] {logging_mixin.py:190} INFO - [2025-02-01T00:04:41.231+0000] {dagbag.py:587} INFO - Filling up the DagBag from /home/airflow/.local/lib/python3.12/site-packages/airflow/example_dags/example_local_kubernetes_executor.py
[2025-02-01T00:04:41.237+0000] {processor.py:925} INFO - DAG(s) 'example_local_kubernetes_executor' retrieved from /home/airflow/.local/lib/python3.12/site-packages/airflow/example_dags/example_local_kubernetes_executor.py
[2025-02-01T00:04:41.265+0000] {logging_mixin.py:190} INFO - [2025-02-01T00:04:41.265+0000] {dag.py:3211} INFO - Sync 1 DAGs
[2025-02-01T00:04:41.276+0000] {logging_mixin.py:190} INFO - [2025-02-01T00:04:41.276+0000] {dag.py:4138} INFO - Setting next_dagrun for example_local_kubernetes_executor to None, run_after=None
[2025-02-01T00:04:41.297+0000] {processor.py:208} INFO - Processing /home/airflow/.local/lib/python3.12/site-packages/airflow/example_dags/example_local_kubernetes_executor.py took 0.072 seconds
[2025-02-01T00:05:11.483+0000] {processor.py:186} INFO - Started process (PID=25704) to work on /home/airflow/.local/lib/python3.12/site-packages/airflow/example_dags/example_local_kubernetes_executor.py
[2025-02-01T00:05:11.484+0000] {processor.py:914} INFO - Processing file /home/airflow/.local/lib/python3.12/site-packages/airflow/example_dags/example_local_kubernetes_executor.py for tasks to queue
[2025-02-01T00:05:11.485+0000] {logging_mixin.py:190} INFO - [2025-02-01T00:05:11.485+0000] {dagbag.py:587} INFO - Filling up the DagBag from /home/airflow/.local/lib/python3.12/site-packages/airflow/example_dags/example_local_kubernetes_executor.py
[2025-02-01T00:05:11.492+0000] {processor.py:925} INFO - DAG(s) 'example_local_kubernetes_executor' retrieved from /home/airflow/.local/lib/python3.12/site-packages/airflow/example_dags/example_local_kubernetes_executor.py
[2025-02-01T00:05:11.519+0000] {logging_mixin.py:190} INFO - [2025-02-01T00:05:11.519+0000] {dag.py:3211} INFO - Sync 1 DAGs
[2025-02-01T00:05:11.532+0000] {logging_mixin.py:190} INFO - [2025-02-01T00:05:11.532+0000] {dag.py:4138} INFO - Setting next_dagrun for example_local_kubernetes_executor to None, run_after=None
[2025-02-01T00:05:11.549+0000] {processor.py:208} INFO - Processing /home/airflow/.local/lib/python3.12/site-packages/airflow/example_dags/example_local_kubernetes_executor.py took 0.071 seconds
[2025-02-01T00:05:41.759+0000] {processor.py:186} INFO - Started process (PID=25767) to work on /home/airflow/.local/lib/python3.12/site-packages/airflow/example_dags/example_local_kubernetes_executor.py
[2025-02-01T00:05:41.759+0000] {processor.py:914} INFO - Processing file /home/airflow/.local/lib/python3.12/site-packages/airflow/example_dags/example_local_kubernetes_executor.py for tasks to queue
[2025-02-01T00:05:41.760+0000] {logging_mixin.py:190} INFO - [2025-02-01T00:05:41.760+0000] {dagbag.py:587} INFO - Filling up the DagBag from /home/airflow/.local/lib/python3.12/site-packages/airflow/example_dags/example_local_kubernetes_executor.py
[2025-02-01T00:05:41.767+0000] {processor.py:925} INFO - DAG(s) 'example_local_kubernetes_executor' retrieved from /home/airflow/.local/lib/python3.12/site-packages/airflow/example_dags/example_local_kubernetes_executor.py
[2025-02-01T00:05:41.796+0000] {logging_mixin.py:190} INFO - [2025-02-01T00:05:41.795+0000] {dag.py:3211} INFO - Sync 1 DAGs
[2025-02-01T00:05:41.808+0000] {logging_mixin.py:190} INFO - [2025-02-01T00:05:41.808+0000] {dag.py:4138} INFO - Setting next_dagrun for example_local_kubernetes_executor to None, run_after=None
[2025-02-01T00:05:41.825+0000] {processor.py:208} INFO - Processing /home/airflow/.local/lib/python3.12/site-packages/airflow/example_dags/example_local_kubernetes_executor.py took 0.071 seconds
[2025-02-01T00:06:11.955+0000] {processor.py:186} INFO - Started process (PID=25830) to work on /home/airflow/.local/lib/python3.12/site-packages/airflow/example_dags/example_local_kubernetes_executor.py
[2025-02-01T00:06:11.955+0000] {processor.py:914} INFO - Processing file /home/airflow/.local/lib/python3.12/site-packages/airflow/example_dags/example_local_kubernetes_executor.py for tasks to queue
[2025-02-01T00:06:11.957+0000] {logging_mixin.py:190} INFO - [2025-02-01T00:06:11.956+0000] {dagbag.py:587} INFO - Filling up the DagBag from /home/airflow/.local/lib/python3.12/site-packages/airflow/example_dags/example_local_kubernetes_executor.py
[2025-02-01T00:06:11.965+0000] {processor.py:925} INFO - DAG(s) 'example_local_kubernetes_executor' retrieved from /home/airflow/.local/lib/python3.12/site-packages/airflow/example_dags/example_local_kubernetes_executor.py
[2025-02-01T00:06:11.992+0000] {logging_mixin.py:190} INFO - [2025-02-01T00:06:11.992+0000] {dag.py:3211} INFO - Sync 1 DAGs
[2025-02-01T00:06:12.005+0000] {logging_mixin.py:190} INFO - [2025-02-01T00:06:12.004+0000] {dag.py:4138} INFO - Setting next_dagrun for example_local_kubernetes_executor to None, run_after=None
[2025-02-01T00:06:12.022+0000] {processor.py:208} INFO - Processing /home/airflow/.local/lib/python3.12/site-packages/airflow/example_dags/example_local_kubernetes_executor.py took 0.073 seconds
[2025-02-01T00:06:42.117+0000] {processor.py:186} INFO - Started process (PID=25893) to work on /home/airflow/.local/lib/python3.12/site-packages/airflow/example_dags/example_local_kubernetes_executor.py
[2025-02-01T00:06:42.118+0000] {processor.py:914} INFO - Processing file /home/airflow/.local/lib/python3.12/site-packages/airflow/example_dags/example_local_kubernetes_executor.py for tasks to queue
[2025-02-01T00:06:42.119+0000] {logging_mixin.py:190} INFO - [2025-02-01T00:06:42.118+0000] {dagbag.py:587} INFO - Filling up the DagBag from /home/airflow/.local/lib/python3.12/site-packages/airflow/example_dags/example_local_kubernetes_executor.py
[2025-02-01T00:06:42.126+0000] {processor.py:925} INFO - DAG(s) 'example_local_kubernetes_executor' retrieved from /home/airflow/.local/lib/python3.12/site-packages/airflow/example_dags/example_local_kubernetes_executor.py
[2025-02-01T00:06:42.155+0000] {logging_mixin.py:190} INFO - [2025-02-01T00:06:42.155+0000] {dag.py:3211} INFO - Sync 1 DAGs
[2025-02-01T00:06:42.167+0000] {logging_mixin.py:190} INFO - [2025-02-01T00:06:42.167+0000] {dag.py:4138} INFO - Setting next_dagrun for example_local_kubernetes_executor to None, run_after=None
[2025-02-01T00:06:42.185+0000] {processor.py:208} INFO - Processing /home/airflow/.local/lib/python3.12/site-packages/airflow/example_dags/example_local_kubernetes_executor.py took 0.073 seconds
[2025-02-01T00:07:12.400+0000] {processor.py:186} INFO - Started process (PID=25956) to work on /home/airflow/.local/lib/python3.12/site-packages/airflow/example_dags/example_local_kubernetes_executor.py
[2025-02-01T00:07:12.401+0000] {processor.py:914} INFO - Processing file /home/airflow/.local/lib/python3.12/site-packages/airflow/example_dags/example_local_kubernetes_executor.py for tasks to queue
[2025-02-01T00:07:12.402+0000] {logging_mixin.py:190} INFO - [2025-02-01T00:07:12.402+0000] {dagbag.py:587} INFO - Filling up the DagBag from /home/airflow/.local/lib/python3.12/site-packages/airflow/example_dags/example_local_kubernetes_executor.py
[2025-02-01T00:07:12.411+0000] {processor.py:925} INFO - DAG(s) 'example_local_kubernetes_executor' retrieved from /home/airflow/.local/lib/python3.12/site-packages/airflow/example_dags/example_local_kubernetes_executor.py
[2025-02-01T00:07:12.440+0000] {logging_mixin.py:190} INFO - [2025-02-01T00:07:12.439+0000] {dag.py:3211} INFO - Sync 1 DAGs
[2025-02-01T00:07:12.452+0000] {logging_mixin.py:190} INFO - [2025-02-01T00:07:12.451+0000] {dag.py:4138} INFO - Setting next_dagrun for example_local_kubernetes_executor to None, run_after=None
[2025-02-01T00:07:12.473+0000] {processor.py:208} INFO - Processing /home/airflow/.local/lib/python3.12/site-packages/airflow/example_dags/example_local_kubernetes_executor.py took 0.079 seconds
[2025-02-01T00:07:42.805+0000] {processor.py:186} INFO - Started process (PID=26019) to work on /home/airflow/.local/lib/python3.12/site-packages/airflow/example_dags/example_local_kubernetes_executor.py
[2025-02-01T00:07:42.806+0000] {processor.py:914} INFO - Processing file /home/airflow/.local/lib/python3.12/site-packages/airflow/example_dags/example_local_kubernetes_executor.py for tasks to queue
[2025-02-01T00:07:42.807+0000] {logging_mixin.py:190} INFO - [2025-02-01T00:07:42.807+0000] {dagbag.py:587} INFO - Filling up the DagBag from /home/airflow/.local/lib/python3.12/site-packages/airflow/example_dags/example_local_kubernetes_executor.py
[2025-02-01T00:07:42.814+0000] {processor.py:925} INFO - DAG(s) 'example_local_kubernetes_executor' retrieved from /home/airflow/.local/lib/python3.12/site-packages/airflow/example_dags/example_local_kubernetes_executor.py
[2025-02-01T00:07:42.842+0000] {logging_mixin.py:190} INFO - [2025-02-01T00:07:42.842+0000] {dag.py:3211} INFO - Sync 1 DAGs
[2025-02-01T00:07:42.857+0000] {logging_mixin.py:190} INFO - [2025-02-01T00:07:42.857+0000] {dag.py:4138} INFO - Setting next_dagrun for example_local_kubernetes_executor to None, run_after=None
[2025-02-01T00:07:42.876+0000] {processor.py:208} INFO - Processing /home/airflow/.local/lib/python3.12/site-packages/airflow/example_dags/example_local_kubernetes_executor.py took 0.076 seconds
[2025-02-01T00:08:13.086+0000] {processor.py:186} INFO - Started process (PID=26082) to work on /home/airflow/.local/lib/python3.12/site-packages/airflow/example_dags/example_local_kubernetes_executor.py
[2025-02-01T00:08:13.087+0000] {processor.py:914} INFO - Processing file /home/airflow/.local/lib/python3.12/site-packages/airflow/example_dags/example_local_kubernetes_executor.py for tasks to queue
[2025-02-01T00:08:13.088+0000] {logging_mixin.py:190} INFO - [2025-02-01T00:08:13.088+0000] {dagbag.py:587} INFO - Filling up the DagBag from /home/airflow/.local/lib/python3.12/site-packages/airflow/example_dags/example_local_kubernetes_executor.py
[2025-02-01T00:08:13.095+0000] {processor.py:925} INFO - DAG(s) 'example_local_kubernetes_executor' retrieved from /home/airflow/.local/lib/python3.12/site-packages/airflow/example_dags/example_local_kubernetes_executor.py
[2025-02-01T00:08:13.122+0000] {logging_mixin.py:190} INFO - [2025-02-01T00:08:13.121+0000] {dag.py:3211} INFO - Sync 1 DAGs
[2025-02-01T00:08:13.133+0000] {logging_mixin.py:190} INFO - [2025-02-01T00:08:13.133+0000] {dag.py:4138} INFO - Setting next_dagrun for example_local_kubernetes_executor to None, run_after=None
[2025-02-01T00:08:13.157+0000] {processor.py:208} INFO - Processing /home/airflow/.local/lib/python3.12/site-packages/airflow/example_dags/example_local_kubernetes_executor.py took 0.076 seconds
[2025-02-01T00:08:43.505+0000] {processor.py:186} INFO - Started process (PID=26145) to work on /home/airflow/.local/lib/python3.12/site-packages/airflow/example_dags/example_local_kubernetes_executor.py
[2025-02-01T00:08:43.506+0000] {processor.py:914} INFO - Processing file /home/airflow/.local/lib/python3.12/site-packages/airflow/example_dags/example_local_kubernetes_executor.py for tasks to queue
[2025-02-01T00:08:43.507+0000] {logging_mixin.py:190} INFO - [2025-02-01T00:08:43.507+0000] {dagbag.py:587} INFO - Filling up the DagBag from /home/airflow/.local/lib/python3.12/site-packages/airflow/example_dags/example_local_kubernetes_executor.py
[2025-02-01T00:08:43.515+0000] {processor.py:925} INFO - DAG(s) 'example_local_kubernetes_executor' retrieved from /home/airflow/.local/lib/python3.12/site-packages/airflow/example_dags/example_local_kubernetes_executor.py
[2025-02-01T00:08:43.543+0000] {logging_mixin.py:190} INFO - [2025-02-01T00:08:43.542+0000] {dag.py:3211} INFO - Sync 1 DAGs
[2025-02-01T00:08:43.555+0000] {logging_mixin.py:190} INFO - [2025-02-01T00:08:43.555+0000] {dag.py:4138} INFO - Setting next_dagrun for example_local_kubernetes_executor to None, run_after=None
[2025-02-01T00:08:43.574+0000] {processor.py:208} INFO - Processing /home/airflow/.local/lib/python3.12/site-packages/airflow/example_dags/example_local_kubernetes_executor.py took 0.073 seconds
[2025-02-01T00:09:13.700+0000] {processor.py:186} INFO - Started process (PID=26208) to work on /home/airflow/.local/lib/python3.12/site-packages/airflow/example_dags/example_local_kubernetes_executor.py
[2025-02-01T00:09:13.701+0000] {processor.py:914} INFO - Processing file /home/airflow/.local/lib/python3.12/site-packages/airflow/example_dags/example_local_kubernetes_executor.py for tasks to queue
[2025-02-01T00:09:13.702+0000] {logging_mixin.py:190} INFO - [2025-02-01T00:09:13.702+0000] {dagbag.py:587} INFO - Filling up the DagBag from /home/airflow/.local/lib/python3.12/site-packages/airflow/example_dags/example_local_kubernetes_executor.py
[2025-02-01T00:09:13.709+0000] {processor.py:925} INFO - DAG(s) 'example_local_kubernetes_executor' retrieved from /home/airflow/.local/lib/python3.12/site-packages/airflow/example_dags/example_local_kubernetes_executor.py
[2025-02-01T00:09:13.737+0000] {logging_mixin.py:190} INFO - [2025-02-01T00:09:13.737+0000] {dag.py:3211} INFO - Sync 1 DAGs
[2025-02-01T00:09:13.749+0000] {logging_mixin.py:190} INFO - [2025-02-01T00:09:13.749+0000] {dag.py:4138} INFO - Setting next_dagrun for example_local_kubernetes_executor to None, run_after=None
[2025-02-01T00:09:13.768+0000] {processor.py:208} INFO - Processing /home/airflow/.local/lib/python3.12/site-packages/airflow/example_dags/example_local_kubernetes_executor.py took 0.072 seconds
[2025-02-01T00:09:43.872+0000] {processor.py:186} INFO - Started process (PID=26271) to work on /home/airflow/.local/lib/python3.12/site-packages/airflow/example_dags/example_local_kubernetes_executor.py
[2025-02-01T00:09:43.873+0000] {processor.py:914} INFO - Processing file /home/airflow/.local/lib/python3.12/site-packages/airflow/example_dags/example_local_kubernetes_executor.py for tasks to queue
[2025-02-01T00:09:43.875+0000] {logging_mixin.py:190} INFO - [2025-02-01T00:09:43.874+0000] {dagbag.py:587} INFO - Filling up the DagBag from /home/airflow/.local/lib/python3.12/site-packages/airflow/example_dags/example_local_kubernetes_executor.py
[2025-02-01T00:09:43.882+0000] {processor.py:925} INFO - DAG(s) 'example_local_kubernetes_executor' retrieved from /home/airflow/.local/lib/python3.12/site-packages/airflow/example_dags/example_local_kubernetes_executor.py
[2025-02-01T00:09:43.913+0000] {logging_mixin.py:190} INFO - [2025-02-01T00:09:43.912+0000] {dag.py:3211} INFO - Sync 1 DAGs
[2025-02-01T00:09:43.928+0000] {logging_mixin.py:190} INFO - [2025-02-01T00:09:43.928+0000] {dag.py:4138} INFO - Setting next_dagrun for example_local_kubernetes_executor to None, run_after=None
[2025-02-01T00:09:43.947+0000] {processor.py:208} INFO - Processing /home/airflow/.local/lib/python3.12/site-packages/airflow/example_dags/example_local_kubernetes_executor.py took 0.080 seconds
[2025-02-01T00:10:14.093+0000] {processor.py:186} INFO - Started process (PID=26333) to work on /home/airflow/.local/lib/python3.12/site-packages/airflow/example_dags/example_local_kubernetes_executor.py
[2025-02-01T00:10:14.094+0000] {processor.py:914} INFO - Processing file /home/airflow/.local/lib/python3.12/site-packages/airflow/example_dags/example_local_kubernetes_executor.py for tasks to queue
[2025-02-01T00:10:14.095+0000] {logging_mixin.py:190} INFO - [2025-02-01T00:10:14.095+0000] {dagbag.py:587} INFO - Filling up the DagBag from /home/airflow/.local/lib/python3.12/site-packages/airflow/example_dags/example_local_kubernetes_executor.py
[2025-02-01T00:10:14.103+0000] {processor.py:925} INFO - DAG(s) 'example_local_kubernetes_executor' retrieved from /home/airflow/.local/lib/python3.12/site-packages/airflow/example_dags/example_local_kubernetes_executor.py
[2025-02-01T00:10:14.130+0000] {logging_mixin.py:190} INFO - [2025-02-01T00:10:14.130+0000] {dag.py:3211} INFO - Sync 1 DAGs
[2025-02-01T00:10:14.142+0000] {logging_mixin.py:190} INFO - [2025-02-01T00:10:14.141+0000] {dag.py:4138} INFO - Setting next_dagrun for example_local_kubernetes_executor to None, run_after=None
[2025-02-01T00:10:14.159+0000] {processor.py:208} INFO - Processing /home/airflow/.local/lib/python3.12/site-packages/airflow/example_dags/example_local_kubernetes_executor.py took 0.071 seconds
[2025-02-01T00:10:44.785+0000] {processor.py:186} INFO - Started process (PID=26397) to work on /home/airflow/.local/lib/python3.12/site-packages/airflow/example_dags/example_local_kubernetes_executor.py
[2025-02-01T00:10:44.786+0000] {processor.py:914} INFO - Processing file /home/airflow/.local/lib/python3.12/site-packages/airflow/example_dags/example_local_kubernetes_executor.py for tasks to queue
[2025-02-01T00:10:44.787+0000] {logging_mixin.py:190} INFO - [2025-02-01T00:10:44.787+0000] {dagbag.py:587} INFO - Filling up the DagBag from /home/airflow/.local/lib/python3.12/site-packages/airflow/example_dags/example_local_kubernetes_executor.py
[2025-02-01T00:10:44.795+0000] {processor.py:925} INFO - DAG(s) 'example_local_kubernetes_executor' retrieved from /home/airflow/.local/lib/python3.12/site-packages/airflow/example_dags/example_local_kubernetes_executor.py
[2025-02-01T00:10:44.822+0000] {logging_mixin.py:190} INFO - [2025-02-01T00:10:44.822+0000] {dag.py:3211} INFO - Sync 1 DAGs
[2025-02-01T00:10:44.835+0000] {logging_mixin.py:190} INFO - [2025-02-01T00:10:44.835+0000] {dag.py:4138} INFO - Setting next_dagrun for example_local_kubernetes_executor to None, run_after=None
[2025-02-01T00:10:44.854+0000] {processor.py:208} INFO - Processing /home/airflow/.local/lib/python3.12/site-packages/airflow/example_dags/example_local_kubernetes_executor.py took 0.073 seconds
[2025-02-01T00:11:14.963+0000] {processor.py:186} INFO - Started process (PID=26460) to work on /home/airflow/.local/lib/python3.12/site-packages/airflow/example_dags/example_local_kubernetes_executor.py
[2025-02-01T00:11:14.964+0000] {processor.py:914} INFO - Processing file /home/airflow/.local/lib/python3.12/site-packages/airflow/example_dags/example_local_kubernetes_executor.py for tasks to queue
[2025-02-01T00:11:14.965+0000] {logging_mixin.py:190} INFO - [2025-02-01T00:11:14.965+0000] {dagbag.py:587} INFO - Filling up the DagBag from /home/airflow/.local/lib/python3.12/site-packages/airflow/example_dags/example_local_kubernetes_executor.py
[2025-02-01T00:11:14.973+0000] {processor.py:925} INFO - DAG(s) 'example_local_kubernetes_executor' retrieved from /home/airflow/.local/lib/python3.12/site-packages/airflow/example_dags/example_local_kubernetes_executor.py
[2025-02-01T00:11:15.000+0000] {logging_mixin.py:190} INFO - [2025-02-01T00:11:15.000+0000] {dag.py:3211} INFO - Sync 1 DAGs
[2025-02-01T00:11:15.014+0000] {logging_mixin.py:190} INFO - [2025-02-01T00:11:15.013+0000] {dag.py:4138} INFO - Setting next_dagrun for example_local_kubernetes_executor to None, run_after=None
[2025-02-01T00:11:15.036+0000] {processor.py:208} INFO - Processing /home/airflow/.local/lib/python3.12/site-packages/airflow/example_dags/example_local_kubernetes_executor.py took 0.079 seconds
[2025-02-01T00:11:45.235+0000] {processor.py:186} INFO - Started process (PID=26523) to work on /home/airflow/.local/lib/python3.12/site-packages/airflow/example_dags/example_local_kubernetes_executor.py
[2025-02-01T00:11:45.236+0000] {processor.py:914} INFO - Processing file /home/airflow/.local/lib/python3.12/site-packages/airflow/example_dags/example_local_kubernetes_executor.py for tasks to queue
[2025-02-01T00:11:45.237+0000] {logging_mixin.py:190} INFO - [2025-02-01T00:11:45.237+0000] {dagbag.py:587} INFO - Filling up the DagBag from /home/airflow/.local/lib/python3.12/site-packages/airflow/example_dags/example_local_kubernetes_executor.py
[2025-02-01T00:11:45.244+0000] {processor.py:925} INFO - DAG(s) 'example_local_kubernetes_executor' retrieved from /home/airflow/.local/lib/python3.12/site-packages/airflow/example_dags/example_local_kubernetes_executor.py
[2025-02-01T00:11:45.273+0000] {logging_mixin.py:190} INFO - [2025-02-01T00:11:45.272+0000] {dag.py:3211} INFO - Sync 1 DAGs
[2025-02-01T00:11:45.287+0000] {logging_mixin.py:190} INFO - [2025-02-01T00:11:45.287+0000] {dag.py:4138} INFO - Setting next_dagrun for example_local_kubernetes_executor to None, run_after=None
[2025-02-01T00:11:45.307+0000] {processor.py:208} INFO - Processing /home/airflow/.local/lib/python3.12/site-packages/airflow/example_dags/example_local_kubernetes_executor.py took 0.077 seconds
[2025-02-01T00:12:15.508+0000] {processor.py:186} INFO - Started process (PID=26586) to work on /home/airflow/.local/lib/python3.12/site-packages/airflow/example_dags/example_local_kubernetes_executor.py
[2025-02-01T00:12:15.509+0000] {processor.py:914} INFO - Processing file /home/airflow/.local/lib/python3.12/site-packages/airflow/example_dags/example_local_kubernetes_executor.py for tasks to queue
[2025-02-01T00:12:15.510+0000] {logging_mixin.py:190} INFO - [2025-02-01T00:12:15.510+0000] {dagbag.py:587} INFO - Filling up the DagBag from /home/airflow/.local/lib/python3.12/site-packages/airflow/example_dags/example_local_kubernetes_executor.py
[2025-02-01T00:12:15.518+0000] {processor.py:925} INFO - DAG(s) 'example_local_kubernetes_executor' retrieved from /home/airflow/.local/lib/python3.12/site-packages/airflow/example_dags/example_local_kubernetes_executor.py
[2025-02-01T00:12:15.546+0000] {logging_mixin.py:190} INFO - [2025-02-01T00:12:15.546+0000] {dag.py:3211} INFO - Sync 1 DAGs
[2025-02-01T00:12:15.558+0000] {logging_mixin.py:190} INFO - [2025-02-01T00:12:15.558+0000] {dag.py:4138} INFO - Setting next_dagrun for example_local_kubernetes_executor to None, run_after=None
[2025-02-01T00:12:15.575+0000] {processor.py:208} INFO - Processing /home/airflow/.local/lib/python3.12/site-packages/airflow/example_dags/example_local_kubernetes_executor.py took 0.072 seconds
[2025-02-01T00:12:45.878+0000] {processor.py:186} INFO - Started process (PID=26649) to work on /home/airflow/.local/lib/python3.12/site-packages/airflow/example_dags/example_local_kubernetes_executor.py
[2025-02-01T00:12:45.879+0000] {processor.py:914} INFO - Processing file /home/airflow/.local/lib/python3.12/site-packages/airflow/example_dags/example_local_kubernetes_executor.py for tasks to queue
[2025-02-01T00:12:45.880+0000] {logging_mixin.py:190} INFO - [2025-02-01T00:12:45.880+0000] {dagbag.py:587} INFO - Filling up the DagBag from /home/airflow/.local/lib/python3.12/site-packages/airflow/example_dags/example_local_kubernetes_executor.py
[2025-02-01T00:12:45.888+0000] {processor.py:925} INFO - DAG(s) 'example_local_kubernetes_executor' retrieved from /home/airflow/.local/lib/python3.12/site-packages/airflow/example_dags/example_local_kubernetes_executor.py
[2025-02-01T00:12:45.918+0000] {logging_mixin.py:190} INFO - [2025-02-01T00:12:45.917+0000] {dag.py:3211} INFO - Sync 1 DAGs
[2025-02-01T00:12:45.930+0000] {logging_mixin.py:190} INFO - [2025-02-01T00:12:45.930+0000] {dag.py:4138} INFO - Setting next_dagrun for example_local_kubernetes_executor to None, run_after=None
[2025-02-01T00:12:45.948+0000] {processor.py:208} INFO - Processing /home/airflow/.local/lib/python3.12/site-packages/airflow/example_dags/example_local_kubernetes_executor.py took 0.075 seconds
[2025-02-01T00:13:16.025+0000] {processor.py:186} INFO - Started process (PID=26712) to work on /home/airflow/.local/lib/python3.12/site-packages/airflow/example_dags/example_local_kubernetes_executor.py
[2025-02-01T00:13:16.026+0000] {processor.py:914} INFO - Processing file /home/airflow/.local/lib/python3.12/site-packages/airflow/example_dags/example_local_kubernetes_executor.py for tasks to queue
[2025-02-01T00:13:16.027+0000] {logging_mixin.py:190} INFO - [2025-02-01T00:13:16.027+0000] {dagbag.py:587} INFO - Filling up the DagBag from /home/airflow/.local/lib/python3.12/site-packages/airflow/example_dags/example_local_kubernetes_executor.py
[2025-02-01T00:13:16.035+0000] {processor.py:925} INFO - DAG(s) 'example_local_kubernetes_executor' retrieved from /home/airflow/.local/lib/python3.12/site-packages/airflow/example_dags/example_local_kubernetes_executor.py
[2025-02-01T00:13:16.063+0000] {logging_mixin.py:190} INFO - [2025-02-01T00:13:16.063+0000] {dag.py:3211} INFO - Sync 1 DAGs
[2025-02-01T00:13:16.075+0000] {logging_mixin.py:190} INFO - [2025-02-01T00:13:16.075+0000] {dag.py:4138} INFO - Setting next_dagrun for example_local_kubernetes_executor to None, run_after=None
[2025-02-01T00:13:16.091+0000] {processor.py:208} INFO - Processing /home/airflow/.local/lib/python3.12/site-packages/airflow/example_dags/example_local_kubernetes_executor.py took 0.070 seconds
[2025-02-01T00:13:46.330+0000] {processor.py:186} INFO - Started process (PID=26775) to work on /home/airflow/.local/lib/python3.12/site-packages/airflow/example_dags/example_local_kubernetes_executor.py
[2025-02-01T00:13:46.330+0000] {processor.py:914} INFO - Processing file /home/airflow/.local/lib/python3.12/site-packages/airflow/example_dags/example_local_kubernetes_executor.py for tasks to queue
[2025-02-01T00:13:46.331+0000] {logging_mixin.py:190} INFO - [2025-02-01T00:13:46.331+0000] {dagbag.py:587} INFO - Filling up the DagBag from /home/airflow/.local/lib/python3.12/site-packages/airflow/example_dags/example_local_kubernetes_executor.py
[2025-02-01T00:13:46.338+0000] {processor.py:925} INFO - DAG(s) 'example_local_kubernetes_executor' retrieved from /home/airflow/.local/lib/python3.12/site-packages/airflow/example_dags/example_local_kubernetes_executor.py
[2025-02-01T00:13:46.365+0000] {logging_mixin.py:190} INFO - [2025-02-01T00:13:46.365+0000] {dag.py:3211} INFO - Sync 1 DAGs
[2025-02-01T00:13:46.378+0000] {logging_mixin.py:190} INFO - [2025-02-01T00:13:46.378+0000] {dag.py:4138} INFO - Setting next_dagrun for example_local_kubernetes_executor to None, run_after=None
[2025-02-01T00:13:46.394+0000] {processor.py:208} INFO - Processing /home/airflow/.local/lib/python3.12/site-packages/airflow/example_dags/example_local_kubernetes_executor.py took 0.069 seconds
[2025-02-01T00:14:16.603+0000] {processor.py:186} INFO - Started process (PID=26838) to work on /home/airflow/.local/lib/python3.12/site-packages/airflow/example_dags/example_local_kubernetes_executor.py
[2025-02-01T00:14:16.604+0000] {processor.py:914} INFO - Processing file /home/airflow/.local/lib/python3.12/site-packages/airflow/example_dags/example_local_kubernetes_executor.py for tasks to queue
[2025-02-01T00:14:16.605+0000] {logging_mixin.py:190} INFO - [2025-02-01T00:14:16.604+0000] {dagbag.py:587} INFO - Filling up the DagBag from /home/airflow/.local/lib/python3.12/site-packages/airflow/example_dags/example_local_kubernetes_executor.py
[2025-02-01T00:14:16.612+0000] {processor.py:925} INFO - DAG(s) 'example_local_kubernetes_executor' retrieved from /home/airflow/.local/lib/python3.12/site-packages/airflow/example_dags/example_local_kubernetes_executor.py
[2025-02-01T00:14:16.641+0000] {logging_mixin.py:190} INFO - [2025-02-01T00:14:16.641+0000] {dag.py:3211} INFO - Sync 1 DAGs
[2025-02-01T00:14:16.655+0000] {logging_mixin.py:190} INFO - [2025-02-01T00:14:16.655+0000] {dag.py:4138} INFO - Setting next_dagrun for example_local_kubernetes_executor to None, run_after=None
[2025-02-01T00:14:16.674+0000] {processor.py:208} INFO - Processing /home/airflow/.local/lib/python3.12/site-packages/airflow/example_dags/example_local_kubernetes_executor.py took 0.075 seconds
[2025-02-01T00:14:46.920+0000] {processor.py:186} INFO - Started process (PID=26901) to work on /home/airflow/.local/lib/python3.12/site-packages/airflow/example_dags/example_local_kubernetes_executor.py
[2025-02-01T00:14:46.920+0000] {processor.py:914} INFO - Processing file /home/airflow/.local/lib/python3.12/site-packages/airflow/example_dags/example_local_kubernetes_executor.py for tasks to queue
[2025-02-01T00:14:46.921+0000] {logging_mixin.py:190} INFO - [2025-02-01T00:14:46.921+0000] {dagbag.py:587} INFO - Filling up the DagBag from /home/airflow/.local/lib/python3.12/site-packages/airflow/example_dags/example_local_kubernetes_executor.py
[2025-02-01T00:14:46.929+0000] {processor.py:925} INFO - DAG(s) 'example_local_kubernetes_executor' retrieved from /home/airflow/.local/lib/python3.12/site-packages/airflow/example_dags/example_local_kubernetes_executor.py
[2025-02-01T00:14:46.956+0000] {logging_mixin.py:190} INFO - [2025-02-01T00:14:46.956+0000] {dag.py:3211} INFO - Sync 1 DAGs
[2025-02-01T00:14:46.969+0000] {logging_mixin.py:190} INFO - [2025-02-01T00:14:46.968+0000] {dag.py:4138} INFO - Setting next_dagrun for example_local_kubernetes_executor to None, run_after=None
[2025-02-01T00:14:46.985+0000] {processor.py:208} INFO - Processing /home/airflow/.local/lib/python3.12/site-packages/airflow/example_dags/example_local_kubernetes_executor.py took 0.070 seconds
[2025-02-01T00:15:17.382+0000] {processor.py:186} INFO - Started process (PID=26964) to work on /home/airflow/.local/lib/python3.12/site-packages/airflow/example_dags/example_local_kubernetes_executor.py
[2025-02-01T00:15:17.383+0000] {processor.py:914} INFO - Processing file /home/airflow/.local/lib/python3.12/site-packages/airflow/example_dags/example_local_kubernetes_executor.py for tasks to queue
[2025-02-01T00:15:17.384+0000] {logging_mixin.py:190} INFO - [2025-02-01T00:15:17.384+0000] {dagbag.py:587} INFO - Filling up the DagBag from /home/airflow/.local/lib/python3.12/site-packages/airflow/example_dags/example_local_kubernetes_executor.py
[2025-02-01T00:15:17.391+0000] {processor.py:925} INFO - DAG(s) 'example_local_kubernetes_executor' retrieved from /home/airflow/.local/lib/python3.12/site-packages/airflow/example_dags/example_local_kubernetes_executor.py
[2025-02-01T00:15:17.432+0000] {logging_mixin.py:190} INFO - [2025-02-01T00:15:17.432+0000] {dag.py:3211} INFO - Sync 1 DAGs
[2025-02-01T00:15:17.449+0000] {logging_mixin.py:190} INFO - [2025-02-01T00:15:17.449+0000] {dag.py:4138} INFO - Setting next_dagrun for example_local_kubernetes_executor to None, run_after=None
[2025-02-01T00:15:17.470+0000] {processor.py:208} INFO - Processing /home/airflow/.local/lib/python3.12/site-packages/airflow/example_dags/example_local_kubernetes_executor.py took 0.093 seconds
[2025-02-01T00:15:47.806+0000] {processor.py:186} INFO - Started process (PID=27027) to work on /home/airflow/.local/lib/python3.12/site-packages/airflow/example_dags/example_local_kubernetes_executor.py
[2025-02-01T00:15:47.806+0000] {processor.py:914} INFO - Processing file /home/airflow/.local/lib/python3.12/site-packages/airflow/example_dags/example_local_kubernetes_executor.py for tasks to queue
[2025-02-01T00:15:47.807+0000] {logging_mixin.py:190} INFO - [2025-02-01T00:15:47.807+0000] {dagbag.py:587} INFO - Filling up the DagBag from /home/airflow/.local/lib/python3.12/site-packages/airflow/example_dags/example_local_kubernetes_executor.py
[2025-02-01T00:15:47.815+0000] {processor.py:925} INFO - DAG(s) 'example_local_kubernetes_executor' retrieved from /home/airflow/.local/lib/python3.12/site-packages/airflow/example_dags/example_local_kubernetes_executor.py
[2025-02-01T00:15:47.845+0000] {logging_mixin.py:190} INFO - [2025-02-01T00:15:47.844+0000] {dag.py:3211} INFO - Sync 1 DAGs
[2025-02-01T00:15:47.858+0000] {logging_mixin.py:190} INFO - [2025-02-01T00:15:47.858+0000] {dag.py:4138} INFO - Setting next_dagrun for example_local_kubernetes_executor to None, run_after=None
[2025-02-01T00:15:47.877+0000] {processor.py:208} INFO - Processing /home/airflow/.local/lib/python3.12/site-packages/airflow/example_dags/example_local_kubernetes_executor.py took 0.076 seconds
[2025-02-01T00:16:17.997+0000] {processor.py:186} INFO - Started process (PID=27090) to work on /home/airflow/.local/lib/python3.12/site-packages/airflow/example_dags/example_local_kubernetes_executor.py
[2025-02-01T00:16:17.998+0000] {processor.py:914} INFO - Processing file /home/airflow/.local/lib/python3.12/site-packages/airflow/example_dags/example_local_kubernetes_executor.py for tasks to queue
[2025-02-01T00:16:17.999+0000] {logging_mixin.py:190} INFO - [2025-02-01T00:16:17.999+0000] {dagbag.py:587} INFO - Filling up the DagBag from /home/airflow/.local/lib/python3.12/site-packages/airflow/example_dags/example_local_kubernetes_executor.py
[2025-02-01T00:16:18.006+0000] {processor.py:925} INFO - DAG(s) 'example_local_kubernetes_executor' retrieved from /home/airflow/.local/lib/python3.12/site-packages/airflow/example_dags/example_local_kubernetes_executor.py
[2025-02-01T00:16:18.034+0000] {logging_mixin.py:190} INFO - [2025-02-01T00:16:18.034+0000] {dag.py:3211} INFO - Sync 1 DAGs
[2025-02-01T00:16:18.047+0000] {logging_mixin.py:190} INFO - [2025-02-01T00:16:18.047+0000] {dag.py:4138} INFO - Setting next_dagrun for example_local_kubernetes_executor to None, run_after=None
[2025-02-01T00:16:18.063+0000] {processor.py:208} INFO - Processing /home/airflow/.local/lib/python3.12/site-packages/airflow/example_dags/example_local_kubernetes_executor.py took 0.071 seconds
