[2025-02-01T00:00:15.740+0000] {processor.py:186} INFO - Started process (PID=25087) to work on /home/airflow/.local/lib/python3.12/site-packages/airflow/example_dags/example_inlet_event_extra.py
[2025-02-01T00:00:15.741+0000] {processor.py:914} INFO - Processing file /home/airflow/.local/lib/python3.12/site-packages/airflow/example_dags/example_inlet_event_extra.py for tasks to queue
[2025-02-01T00:00:15.742+0000] {logging_mixin.py:190} INFO - [2025-02-01T00:00:15.742+0000] {dagbag.py:587} INFO - Filling up the DagBag from /home/airflow/.local/lib/python3.12/site-packages/airflow/example_dags/example_inlet_event_extra.py
[2025-02-01T00:00:15.870+0000] {processor.py:925} INFO - DAG(s) 'read_dataset_event', 'read_dataset_event_from_classic' retrieved from /home/airflow/.local/lib/python3.12/site-packages/airflow/example_dags/example_inlet_event_extra.py
[2025-02-01T00:00:15.893+0000] {logging_mixin.py:190} INFO - [2025-02-01T00:00:15.892+0000] {dag.py:3211} INFO - Sync 2 DAGs
[2025-02-01T00:00:15.916+0000] {logging_mixin.py:190} INFO - [2025-02-01T00:00:15.916+0000] {dag.py:4138} INFO - Setting next_dagrun for read_dataset_event to 2025-01-31 00:00:00+00:00, run_after=2025-02-01 00:00:00+00:00
[2025-02-01T00:00:15.921+0000] {logging_mixin.py:190} INFO - [2025-02-01T00:00:15.920+0000] {dag.py:4138} INFO - Setting next_dagrun for read_dataset_event_from_classic to 2025-01-31 00:00:00+00:00, run_after=2025-02-01 00:00:00+00:00
[2025-02-01T00:00:15.938+0000] {processor.py:208} INFO - Processing /home/airflow/.local/lib/python3.12/site-packages/airflow/example_dags/example_inlet_event_extra.py took 0.202 seconds
[2025-02-01T00:00:46.110+0000] {processor.py:186} INFO - Started process (PID=25150) to work on /home/airflow/.local/lib/python3.12/site-packages/airflow/example_dags/example_inlet_event_extra.py
[2025-02-01T00:00:46.111+0000] {processor.py:914} INFO - Processing file /home/airflow/.local/lib/python3.12/site-packages/airflow/example_dags/example_inlet_event_extra.py for tasks to queue
[2025-02-01T00:00:46.112+0000] {logging_mixin.py:190} INFO - [2025-02-01T00:00:46.111+0000] {dagbag.py:587} INFO - Filling up the DagBag from /home/airflow/.local/lib/python3.12/site-packages/airflow/example_dags/example_inlet_event_extra.py
[2025-02-01T00:00:46.228+0000] {processor.py:925} INFO - DAG(s) 'read_dataset_event_from_classic', 'read_dataset_event' retrieved from /home/airflow/.local/lib/python3.12/site-packages/airflow/example_dags/example_inlet_event_extra.py
[2025-02-01T00:00:46.251+0000] {logging_mixin.py:190} INFO - [2025-02-01T00:00:46.251+0000] {dag.py:3211} INFO - Sync 2 DAGs
[2025-02-01T00:00:46.274+0000] {logging_mixin.py:190} INFO - [2025-02-01T00:00:46.274+0000] {dag.py:4138} INFO - Setting next_dagrun for read_dataset_event to 2025-01-31 00:00:00+00:00, run_after=2025-02-01 00:00:00+00:00
[2025-02-01T00:00:46.279+0000] {logging_mixin.py:190} INFO - [2025-02-01T00:00:46.279+0000] {dag.py:4138} INFO - Setting next_dagrun for read_dataset_event_from_classic to 2025-01-31 00:00:00+00:00, run_after=2025-02-01 00:00:00+00:00
[2025-02-01T00:00:46.295+0000] {processor.py:208} INFO - Processing /home/airflow/.local/lib/python3.12/site-packages/airflow/example_dags/example_inlet_event_extra.py took 0.190 seconds
[2025-02-01T00:01:16.410+0000] {processor.py:186} INFO - Started process (PID=25213) to work on /home/airflow/.local/lib/python3.12/site-packages/airflow/example_dags/example_inlet_event_extra.py
[2025-02-01T00:01:16.411+0000] {processor.py:914} INFO - Processing file /home/airflow/.local/lib/python3.12/site-packages/airflow/example_dags/example_inlet_event_extra.py for tasks to queue
[2025-02-01T00:01:16.412+0000] {logging_mixin.py:190} INFO - [2025-02-01T00:01:16.412+0000] {dagbag.py:587} INFO - Filling up the DagBag from /home/airflow/.local/lib/python3.12/site-packages/airflow/example_dags/example_inlet_event_extra.py
[2025-02-01T00:01:16.530+0000] {processor.py:925} INFO - DAG(s) 'read_dataset_event', 'read_dataset_event_from_classic' retrieved from /home/airflow/.local/lib/python3.12/site-packages/airflow/example_dags/example_inlet_event_extra.py
[2025-02-01T00:01:16.553+0000] {logging_mixin.py:190} INFO - [2025-02-01T00:01:16.553+0000] {dag.py:3211} INFO - Sync 2 DAGs
[2025-02-01T00:01:16.580+0000] {logging_mixin.py:190} INFO - [2025-02-01T00:01:16.580+0000] {dag.py:4138} INFO - Setting next_dagrun for read_dataset_event to 2025-01-31 00:00:00+00:00, run_after=2025-02-01 00:00:00+00:00
[2025-02-01T00:01:16.584+0000] {logging_mixin.py:190} INFO - [2025-02-01T00:01:16.584+0000] {dag.py:4138} INFO - Setting next_dagrun for read_dataset_event_from_classic to 2025-01-31 00:00:00+00:00, run_after=2025-02-01 00:00:00+00:00
[2025-02-01T00:01:16.604+0000] {processor.py:208} INFO - Processing /home/airflow/.local/lib/python3.12/site-packages/airflow/example_dags/example_inlet_event_extra.py took 0.198 seconds
[2025-02-01T00:01:46.708+0000] {processor.py:186} INFO - Started process (PID=25276) to work on /home/airflow/.local/lib/python3.12/site-packages/airflow/example_dags/example_inlet_event_extra.py
[2025-02-01T00:01:46.709+0000] {processor.py:914} INFO - Processing file /home/airflow/.local/lib/python3.12/site-packages/airflow/example_dags/example_inlet_event_extra.py for tasks to queue
[2025-02-01T00:01:46.710+0000] {logging_mixin.py:190} INFO - [2025-02-01T00:01:46.710+0000] {dagbag.py:587} INFO - Filling up the DagBag from /home/airflow/.local/lib/python3.12/site-packages/airflow/example_dags/example_inlet_event_extra.py
[2025-02-01T00:01:46.832+0000] {processor.py:925} INFO - DAG(s) 'read_dataset_event_from_classic', 'read_dataset_event' retrieved from /home/airflow/.local/lib/python3.12/site-packages/airflow/example_dags/example_inlet_event_extra.py
[2025-02-01T00:01:46.851+0000] {logging_mixin.py:190} INFO - [2025-02-01T00:01:46.850+0000] {dag.py:3211} INFO - Sync 2 DAGs
[2025-02-01T00:01:46.872+0000] {logging_mixin.py:190} INFO - [2025-02-01T00:01:46.871+0000] {dag.py:4138} INFO - Setting next_dagrun for read_dataset_event to 2025-01-31 00:00:00+00:00, run_after=2025-02-01 00:00:00+00:00
[2025-02-01T00:01:46.876+0000] {logging_mixin.py:190} INFO - [2025-02-01T00:01:46.876+0000] {dag.py:4138} INFO - Setting next_dagrun for read_dataset_event_from_classic to 2025-01-31 00:00:00+00:00, run_after=2025-02-01 00:00:00+00:00
[2025-02-01T00:01:46.891+0000] {processor.py:208} INFO - Processing /home/airflow/.local/lib/python3.12/site-packages/airflow/example_dags/example_inlet_event_extra.py took 0.188 seconds
[2025-02-01T00:02:17.897+0000] {processor.py:186} INFO - Started process (PID=25339) to work on /home/airflow/.local/lib/python3.12/site-packages/airflow/example_dags/example_inlet_event_extra.py
[2025-02-01T00:02:17.898+0000] {processor.py:914} INFO - Processing file /home/airflow/.local/lib/python3.12/site-packages/airflow/example_dags/example_inlet_event_extra.py for tasks to queue
[2025-02-01T00:02:17.899+0000] {logging_mixin.py:190} INFO - [2025-02-01T00:02:17.899+0000] {dagbag.py:587} INFO - Filling up the DagBag from /home/airflow/.local/lib/python3.12/site-packages/airflow/example_dags/example_inlet_event_extra.py
[2025-02-01T00:02:18.020+0000] {processor.py:925} INFO - DAG(s) 'read_dataset_event_from_classic', 'read_dataset_event' retrieved from /home/airflow/.local/lib/python3.12/site-packages/airflow/example_dags/example_inlet_event_extra.py
[2025-02-01T00:02:18.042+0000] {logging_mixin.py:190} INFO - [2025-02-01T00:02:18.042+0000] {dag.py:3211} INFO - Sync 2 DAGs
[2025-02-01T00:02:18.066+0000] {logging_mixin.py:190} INFO - [2025-02-01T00:02:18.066+0000] {dag.py:4138} INFO - Setting next_dagrun for read_dataset_event to 2025-01-31 00:00:00+00:00, run_after=2025-02-01 00:00:00+00:00
[2025-02-01T00:02:18.072+0000] {logging_mixin.py:190} INFO - [2025-02-01T00:02:18.071+0000] {dag.py:4138} INFO - Setting next_dagrun for read_dataset_event_from_classic to 2025-01-31 00:00:00+00:00, run_after=2025-02-01 00:00:00+00:00
[2025-02-01T00:02:18.091+0000] {processor.py:208} INFO - Processing /home/airflow/.local/lib/python3.12/site-packages/airflow/example_dags/example_inlet_event_extra.py took 0.198 seconds
[2025-02-01T00:02:49.108+0000] {processor.py:186} INFO - Started process (PID=25402) to work on /home/airflow/.local/lib/python3.12/site-packages/airflow/example_dags/example_inlet_event_extra.py
[2025-02-01T00:02:49.109+0000] {processor.py:914} INFO - Processing file /home/airflow/.local/lib/python3.12/site-packages/airflow/example_dags/example_inlet_event_extra.py for tasks to queue
[2025-02-01T00:02:49.110+0000] {logging_mixin.py:190} INFO - [2025-02-01T00:02:49.110+0000] {dagbag.py:587} INFO - Filling up the DagBag from /home/airflow/.local/lib/python3.12/site-packages/airflow/example_dags/example_inlet_event_extra.py
[2025-02-01T00:02:49.249+0000] {processor.py:925} INFO - DAG(s) 'read_dataset_event', 'read_dataset_event_from_classic' retrieved from /home/airflow/.local/lib/python3.12/site-packages/airflow/example_dags/example_inlet_event_extra.py
[2025-02-01T00:02:49.270+0000] {logging_mixin.py:190} INFO - [2025-02-01T00:02:49.270+0000] {dag.py:3211} INFO - Sync 2 DAGs
[2025-02-01T00:02:49.293+0000] {logging_mixin.py:190} INFO - [2025-02-01T00:02:49.293+0000] {dag.py:4138} INFO - Setting next_dagrun for read_dataset_event to 2025-01-31 00:00:00+00:00, run_after=2025-02-01 00:00:00+00:00
[2025-02-01T00:02:49.299+0000] {logging_mixin.py:190} INFO - [2025-02-01T00:02:49.298+0000] {dag.py:4138} INFO - Setting next_dagrun for read_dataset_event_from_classic to 2025-01-31 00:00:00+00:00, run_after=2025-02-01 00:00:00+00:00
[2025-02-01T00:02:49.316+0000] {processor.py:208} INFO - Processing /home/airflow/.local/lib/python3.12/site-packages/airflow/example_dags/example_inlet_event_extra.py took 0.214 seconds
[2025-02-01T00:03:19.374+0000] {processor.py:186} INFO - Started process (PID=25464) to work on /home/airflow/.local/lib/python3.12/site-packages/airflow/example_dags/example_inlet_event_extra.py
[2025-02-01T00:03:19.375+0000] {processor.py:914} INFO - Processing file /home/airflow/.local/lib/python3.12/site-packages/airflow/example_dags/example_inlet_event_extra.py for tasks to queue
[2025-02-01T00:03:19.376+0000] {logging_mixin.py:190} INFO - [2025-02-01T00:03:19.375+0000] {dagbag.py:587} INFO - Filling up the DagBag from /home/airflow/.local/lib/python3.12/site-packages/airflow/example_dags/example_inlet_event_extra.py
[2025-02-01T00:03:19.491+0000] {processor.py:925} INFO - DAG(s) 'read_dataset_event_from_classic', 'read_dataset_event' retrieved from /home/airflow/.local/lib/python3.12/site-packages/airflow/example_dags/example_inlet_event_extra.py
[2025-02-01T00:03:19.515+0000] {logging_mixin.py:190} INFO - [2025-02-01T00:03:19.515+0000] {dag.py:3211} INFO - Sync 2 DAGs
[2025-02-01T00:03:19.537+0000] {logging_mixin.py:190} INFO - [2025-02-01T00:03:19.537+0000] {dag.py:4138} INFO - Setting next_dagrun for read_dataset_event to 2025-01-31 00:00:00+00:00, run_after=2025-02-01 00:00:00+00:00
[2025-02-01T00:03:19.543+0000] {logging_mixin.py:190} INFO - [2025-02-01T00:03:19.542+0000] {dag.py:4138} INFO - Setting next_dagrun for read_dataset_event_from_classic to 2025-01-31 00:00:00+00:00, run_after=2025-02-01 00:00:00+00:00
[2025-02-01T00:03:19.559+0000] {processor.py:208} INFO - Processing /home/airflow/.local/lib/python3.12/site-packages/airflow/example_dags/example_inlet_event_extra.py took 0.190 seconds
[2025-02-01T00:03:50.548+0000] {processor.py:186} INFO - Started process (PID=25528) to work on /home/airflow/.local/lib/python3.12/site-packages/airflow/example_dags/example_inlet_event_extra.py
[2025-02-01T00:03:50.549+0000] {processor.py:914} INFO - Processing file /home/airflow/.local/lib/python3.12/site-packages/airflow/example_dags/example_inlet_event_extra.py for tasks to queue
[2025-02-01T00:03:50.550+0000] {logging_mixin.py:190} INFO - [2025-02-01T00:03:50.550+0000] {dagbag.py:587} INFO - Filling up the DagBag from /home/airflow/.local/lib/python3.12/site-packages/airflow/example_dags/example_inlet_event_extra.py
[2025-02-01T00:03:50.662+0000] {processor.py:925} INFO - DAG(s) 'read_dataset_event', 'read_dataset_event_from_classic' retrieved from /home/airflow/.local/lib/python3.12/site-packages/airflow/example_dags/example_inlet_event_extra.py
[2025-02-01T00:03:50.683+0000] {logging_mixin.py:190} INFO - [2025-02-01T00:03:50.683+0000] {dag.py:3211} INFO - Sync 2 DAGs
[2025-02-01T00:03:50.706+0000] {logging_mixin.py:190} INFO - [2025-02-01T00:03:50.706+0000] {dag.py:4138} INFO - Setting next_dagrun for read_dataset_event to 2025-01-31 00:00:00+00:00, run_after=2025-02-01 00:00:00+00:00
[2025-02-01T00:03:50.712+0000] {logging_mixin.py:190} INFO - [2025-02-01T00:03:50.712+0000] {dag.py:4138} INFO - Setting next_dagrun for read_dataset_event_from_classic to 2025-01-31 00:00:00+00:00, run_after=2025-02-01 00:00:00+00:00
[2025-02-01T00:03:50.728+0000] {processor.py:208} INFO - Processing /home/airflow/.local/lib/python3.12/site-packages/airflow/example_dags/example_inlet_event_extra.py took 0.184 seconds
[2025-02-01T00:04:20.772+0000] {processor.py:186} INFO - Started process (PID=25590) to work on /home/airflow/.local/lib/python3.12/site-packages/airflow/example_dags/example_inlet_event_extra.py
[2025-02-01T00:04:20.773+0000] {processor.py:914} INFO - Processing file /home/airflow/.local/lib/python3.12/site-packages/airflow/example_dags/example_inlet_event_extra.py for tasks to queue
[2025-02-01T00:04:20.774+0000] {logging_mixin.py:190} INFO - [2025-02-01T00:04:20.774+0000] {dagbag.py:587} INFO - Filling up the DagBag from /home/airflow/.local/lib/python3.12/site-packages/airflow/example_dags/example_inlet_event_extra.py
[2025-02-01T00:04:20.892+0000] {processor.py:925} INFO - DAG(s) 'read_dataset_event_from_classic', 'read_dataset_event' retrieved from /home/airflow/.local/lib/python3.12/site-packages/airflow/example_dags/example_inlet_event_extra.py
[2025-02-01T00:04:20.912+0000] {logging_mixin.py:190} INFO - [2025-02-01T00:04:20.911+0000] {dag.py:3211} INFO - Sync 2 DAGs
[2025-02-01T00:04:20.934+0000] {logging_mixin.py:190} INFO - [2025-02-01T00:04:20.933+0000] {dag.py:4138} INFO - Setting next_dagrun for read_dataset_event to 2025-01-31 00:00:00+00:00, run_after=2025-02-01 00:00:00+00:00
[2025-02-01T00:04:20.937+0000] {logging_mixin.py:190} INFO - [2025-02-01T00:04:20.937+0000] {dag.py:4138} INFO - Setting next_dagrun for read_dataset_event_from_classic to 2025-01-31 00:00:00+00:00, run_after=2025-02-01 00:00:00+00:00
[2025-02-01T00:04:20.952+0000] {processor.py:208} INFO - Processing /home/airflow/.local/lib/python3.12/site-packages/airflow/example_dags/example_inlet_event_extra.py took 0.184 seconds
[2025-02-01T00:04:51.907+0000] {processor.py:186} INFO - Started process (PID=25654) to work on /home/airflow/.local/lib/python3.12/site-packages/airflow/example_dags/example_inlet_event_extra.py
[2025-02-01T00:04:51.908+0000] {processor.py:914} INFO - Processing file /home/airflow/.local/lib/python3.12/site-packages/airflow/example_dags/example_inlet_event_extra.py for tasks to queue
[2025-02-01T00:04:51.909+0000] {logging_mixin.py:190} INFO - [2025-02-01T00:04:51.909+0000] {dagbag.py:587} INFO - Filling up the DagBag from /home/airflow/.local/lib/python3.12/site-packages/airflow/example_dags/example_inlet_event_extra.py
[2025-02-01T00:04:52.024+0000] {processor.py:925} INFO - DAG(s) 'read_dataset_event_from_classic', 'read_dataset_event' retrieved from /home/airflow/.local/lib/python3.12/site-packages/airflow/example_dags/example_inlet_event_extra.py
[2025-02-01T00:04:52.044+0000] {logging_mixin.py:190} INFO - [2025-02-01T00:04:52.044+0000] {dag.py:3211} INFO - Sync 2 DAGs
[2025-02-01T00:04:52.069+0000] {logging_mixin.py:190} INFO - [2025-02-01T00:04:52.069+0000] {dag.py:4138} INFO - Setting next_dagrun for read_dataset_event to 2025-01-31 00:00:00+00:00, run_after=2025-02-01 00:00:00+00:00
[2025-02-01T00:04:52.074+0000] {logging_mixin.py:190} INFO - [2025-02-01T00:04:52.073+0000] {dag.py:4138} INFO - Setting next_dagrun for read_dataset_event_from_classic to 2025-01-31 00:00:00+00:00, run_after=2025-02-01 00:00:00+00:00
[2025-02-01T00:04:52.091+0000] {processor.py:208} INFO - Processing /home/airflow/.local/lib/python3.12/site-packages/airflow/example_dags/example_inlet_event_extra.py took 0.189 seconds
[2025-02-01T00:05:22.193+0000] {processor.py:186} INFO - Started process (PID=25717) to work on /home/airflow/.local/lib/python3.12/site-packages/airflow/example_dags/example_inlet_event_extra.py
[2025-02-01T00:05:22.194+0000] {processor.py:914} INFO - Processing file /home/airflow/.local/lib/python3.12/site-packages/airflow/example_dags/example_inlet_event_extra.py for tasks to queue
[2025-02-01T00:05:22.195+0000] {logging_mixin.py:190} INFO - [2025-02-01T00:05:22.195+0000] {dagbag.py:587} INFO - Filling up the DagBag from /home/airflow/.local/lib/python3.12/site-packages/airflow/example_dags/example_inlet_event_extra.py
[2025-02-01T00:05:22.312+0000] {processor.py:925} INFO - DAG(s) 'read_dataset_event_from_classic', 'read_dataset_event' retrieved from /home/airflow/.local/lib/python3.12/site-packages/airflow/example_dags/example_inlet_event_extra.py
[2025-02-01T00:05:22.332+0000] {logging_mixin.py:190} INFO - [2025-02-01T00:05:22.332+0000] {dag.py:3211} INFO - Sync 2 DAGs
[2025-02-01T00:05:22.357+0000] {logging_mixin.py:190} INFO - [2025-02-01T00:05:22.357+0000] {dag.py:4138} INFO - Setting next_dagrun for read_dataset_event to 2025-01-31 00:00:00+00:00, run_after=2025-02-01 00:00:00+00:00
[2025-02-01T00:05:22.361+0000] {logging_mixin.py:190} INFO - [2025-02-01T00:05:22.361+0000] {dag.py:4138} INFO - Setting next_dagrun for read_dataset_event_from_classic to 2025-01-31 00:00:00+00:00, run_after=2025-02-01 00:00:00+00:00
[2025-02-01T00:05:22.379+0000] {processor.py:208} INFO - Processing /home/airflow/.local/lib/python3.12/site-packages/airflow/example_dags/example_inlet_event_extra.py took 0.191 seconds
[2025-02-01T00:05:52.557+0000] {processor.py:186} INFO - Started process (PID=25780) to work on /home/airflow/.local/lib/python3.12/site-packages/airflow/example_dags/example_inlet_event_extra.py
[2025-02-01T00:05:52.558+0000] {processor.py:914} INFO - Processing file /home/airflow/.local/lib/python3.12/site-packages/airflow/example_dags/example_inlet_event_extra.py for tasks to queue
[2025-02-01T00:05:52.559+0000] {logging_mixin.py:190} INFO - [2025-02-01T00:05:52.559+0000] {dagbag.py:587} INFO - Filling up the DagBag from /home/airflow/.local/lib/python3.12/site-packages/airflow/example_dags/example_inlet_event_extra.py
[2025-02-01T00:05:52.673+0000] {processor.py:925} INFO - DAG(s) 'read_dataset_event', 'read_dataset_event_from_classic' retrieved from /home/airflow/.local/lib/python3.12/site-packages/airflow/example_dags/example_inlet_event_extra.py
[2025-02-01T00:05:52.695+0000] {logging_mixin.py:190} INFO - [2025-02-01T00:05:52.695+0000] {dag.py:3211} INFO - Sync 2 DAGs
[2025-02-01T00:05:52.720+0000] {logging_mixin.py:190} INFO - [2025-02-01T00:05:52.720+0000] {dag.py:4138} INFO - Setting next_dagrun for read_dataset_event to 2025-01-31 00:00:00+00:00, run_after=2025-02-01 00:00:00+00:00
[2025-02-01T00:05:52.725+0000] {logging_mixin.py:190} INFO - [2025-02-01T00:05:52.725+0000] {dag.py:4138} INFO - Setting next_dagrun for read_dataset_event_from_classic to 2025-01-31 00:00:00+00:00, run_after=2025-02-01 00:00:00+00:00
[2025-02-01T00:05:52.743+0000] {processor.py:208} INFO - Processing /home/airflow/.local/lib/python3.12/site-packages/airflow/example_dags/example_inlet_event_extra.py took 0.190 seconds
[2025-02-01T00:06:22.848+0000] {processor.py:186} INFO - Started process (PID=25843) to work on /home/airflow/.local/lib/python3.12/site-packages/airflow/example_dags/example_inlet_event_extra.py
[2025-02-01T00:06:22.849+0000] {processor.py:914} INFO - Processing file /home/airflow/.local/lib/python3.12/site-packages/airflow/example_dags/example_inlet_event_extra.py for tasks to queue
[2025-02-01T00:06:22.850+0000] {logging_mixin.py:190} INFO - [2025-02-01T00:06:22.850+0000] {dagbag.py:587} INFO - Filling up the DagBag from /home/airflow/.local/lib/python3.12/site-packages/airflow/example_dags/example_inlet_event_extra.py
[2025-02-01T00:06:22.963+0000] {processor.py:925} INFO - DAG(s) 'read_dataset_event_from_classic', 'read_dataset_event' retrieved from /home/airflow/.local/lib/python3.12/site-packages/airflow/example_dags/example_inlet_event_extra.py
[2025-02-01T00:06:22.985+0000] {logging_mixin.py:190} INFO - [2025-02-01T00:06:22.985+0000] {dag.py:3211} INFO - Sync 2 DAGs
[2025-02-01T00:06:23.011+0000] {logging_mixin.py:190} INFO - [2025-02-01T00:06:23.010+0000] {dag.py:4138} INFO - Setting next_dagrun for read_dataset_event to 2025-01-31 00:00:00+00:00, run_after=2025-02-01 00:00:00+00:00
[2025-02-01T00:06:23.015+0000] {logging_mixin.py:190} INFO - [2025-02-01T00:06:23.015+0000] {dag.py:4138} INFO - Setting next_dagrun for read_dataset_event_from_classic to 2025-01-31 00:00:00+00:00, run_after=2025-02-01 00:00:00+00:00
[2025-02-01T00:06:23.033+0000] {processor.py:208} INFO - Processing /home/airflow/.local/lib/python3.12/site-packages/airflow/example_dags/example_inlet_event_extra.py took 0.189 seconds
[2025-02-01T00:06:53.119+0000] {processor.py:186} INFO - Started process (PID=25906) to work on /home/airflow/.local/lib/python3.12/site-packages/airflow/example_dags/example_inlet_event_extra.py
[2025-02-01T00:06:53.119+0000] {processor.py:914} INFO - Processing file /home/airflow/.local/lib/python3.12/site-packages/airflow/example_dags/example_inlet_event_extra.py for tasks to queue
[2025-02-01T00:06:53.121+0000] {logging_mixin.py:190} INFO - [2025-02-01T00:06:53.120+0000] {dagbag.py:587} INFO - Filling up the DagBag from /home/airflow/.local/lib/python3.12/site-packages/airflow/example_dags/example_inlet_event_extra.py
[2025-02-01T00:06:53.236+0000] {processor.py:925} INFO - DAG(s) 'read_dataset_event_from_classic', 'read_dataset_event' retrieved from /home/airflow/.local/lib/python3.12/site-packages/airflow/example_dags/example_inlet_event_extra.py
[2025-02-01T00:06:53.259+0000] {logging_mixin.py:190} INFO - [2025-02-01T00:06:53.258+0000] {dag.py:3211} INFO - Sync 2 DAGs
[2025-02-01T00:06:53.285+0000] {logging_mixin.py:190} INFO - [2025-02-01T00:06:53.285+0000] {dag.py:4138} INFO - Setting next_dagrun for read_dataset_event to 2025-01-31 00:00:00+00:00, run_after=2025-02-01 00:00:00+00:00
[2025-02-01T00:06:53.290+0000] {logging_mixin.py:190} INFO - [2025-02-01T00:06:53.290+0000] {dag.py:4138} INFO - Setting next_dagrun for read_dataset_event_from_classic to 2025-01-31 00:00:00+00:00, run_after=2025-02-01 00:00:00+00:00
[2025-02-01T00:06:53.308+0000] {processor.py:208} INFO - Processing /home/airflow/.local/lib/python3.12/site-packages/airflow/example_dags/example_inlet_event_extra.py took 0.194 seconds
[2025-02-01T00:07:23.501+0000] {processor.py:186} INFO - Started process (PID=25969) to work on /home/airflow/.local/lib/python3.12/site-packages/airflow/example_dags/example_inlet_event_extra.py
[2025-02-01T00:07:23.501+0000] {processor.py:914} INFO - Processing file /home/airflow/.local/lib/python3.12/site-packages/airflow/example_dags/example_inlet_event_extra.py for tasks to queue
[2025-02-01T00:07:23.503+0000] {logging_mixin.py:190} INFO - [2025-02-01T00:07:23.502+0000] {dagbag.py:587} INFO - Filling up the DagBag from /home/airflow/.local/lib/python3.12/site-packages/airflow/example_dags/example_inlet_event_extra.py
[2025-02-01T00:07:23.615+0000] {processor.py:925} INFO - DAG(s) 'read_dataset_event', 'read_dataset_event_from_classic' retrieved from /home/airflow/.local/lib/python3.12/site-packages/airflow/example_dags/example_inlet_event_extra.py
[2025-02-01T00:07:23.636+0000] {logging_mixin.py:190} INFO - [2025-02-01T00:07:23.636+0000] {dag.py:3211} INFO - Sync 2 DAGs
[2025-02-01T00:07:23.663+0000] {logging_mixin.py:190} INFO - [2025-02-01T00:07:23.663+0000] {dag.py:4138} INFO - Setting next_dagrun for read_dataset_event to 2025-01-31 00:00:00+00:00, run_after=2025-02-01 00:00:00+00:00
[2025-02-01T00:07:23.668+0000] {logging_mixin.py:190} INFO - [2025-02-01T00:07:23.668+0000] {dag.py:4138} INFO - Setting next_dagrun for read_dataset_event_from_classic to 2025-01-31 00:00:00+00:00, run_after=2025-02-01 00:00:00+00:00
[2025-02-01T00:07:23.686+0000] {processor.py:208} INFO - Processing /home/airflow/.local/lib/python3.12/site-packages/airflow/example_dags/example_inlet_event_extra.py took 0.190 seconds
[2025-02-01T00:07:53.739+0000] {processor.py:186} INFO - Started process (PID=26031) to work on /home/airflow/.local/lib/python3.12/site-packages/airflow/example_dags/example_inlet_event_extra.py
[2025-02-01T00:07:53.740+0000] {processor.py:914} INFO - Processing file /home/airflow/.local/lib/python3.12/site-packages/airflow/example_dags/example_inlet_event_extra.py for tasks to queue
[2025-02-01T00:07:53.742+0000] {logging_mixin.py:190} INFO - [2025-02-01T00:07:53.742+0000] {dagbag.py:587} INFO - Filling up the DagBag from /home/airflow/.local/lib/python3.12/site-packages/airflow/example_dags/example_inlet_event_extra.py
[2025-02-01T00:07:53.868+0000] {processor.py:925} INFO - DAG(s) 'read_dataset_event', 'read_dataset_event_from_classic' retrieved from /home/airflow/.local/lib/python3.12/site-packages/airflow/example_dags/example_inlet_event_extra.py
[2025-02-01T00:07:53.888+0000] {logging_mixin.py:190} INFO - [2025-02-01T00:07:53.888+0000] {dag.py:3211} INFO - Sync 2 DAGs
[2025-02-01T00:07:53.909+0000] {logging_mixin.py:190} INFO - [2025-02-01T00:07:53.909+0000] {dag.py:4138} INFO - Setting next_dagrun for read_dataset_event to 2025-01-31 00:00:00+00:00, run_after=2025-02-01 00:00:00+00:00
[2025-02-01T00:07:53.913+0000] {logging_mixin.py:190} INFO - [2025-02-01T00:07:53.913+0000] {dag.py:4138} INFO - Setting next_dagrun for read_dataset_event_from_classic to 2025-01-31 00:00:00+00:00, run_after=2025-02-01 00:00:00+00:00
[2025-02-01T00:07:53.929+0000] {processor.py:208} INFO - Processing /home/airflow/.local/lib/python3.12/site-packages/airflow/example_dags/example_inlet_event_extra.py took 0.194 seconds
[2025-02-01T00:08:24.133+0000] {processor.py:186} INFO - Started process (PID=26094) to work on /home/airflow/.local/lib/python3.12/site-packages/airflow/example_dags/example_inlet_event_extra.py
[2025-02-01T00:08:24.134+0000] {processor.py:914} INFO - Processing file /home/airflow/.local/lib/python3.12/site-packages/airflow/example_dags/example_inlet_event_extra.py for tasks to queue
[2025-02-01T00:08:24.135+0000] {logging_mixin.py:190} INFO - [2025-02-01T00:08:24.135+0000] {dagbag.py:587} INFO - Filling up the DagBag from /home/airflow/.local/lib/python3.12/site-packages/airflow/example_dags/example_inlet_event_extra.py
[2025-02-01T00:08:24.254+0000] {processor.py:925} INFO - DAG(s) 'read_dataset_event', 'read_dataset_event_from_classic' retrieved from /home/airflow/.local/lib/python3.12/site-packages/airflow/example_dags/example_inlet_event_extra.py
[2025-02-01T00:08:24.275+0000] {logging_mixin.py:190} INFO - [2025-02-01T00:08:24.275+0000] {dag.py:3211} INFO - Sync 2 DAGs
[2025-02-01T00:08:24.299+0000] {logging_mixin.py:190} INFO - [2025-02-01T00:08:24.298+0000] {dag.py:4138} INFO - Setting next_dagrun for read_dataset_event to 2025-01-31 00:00:00+00:00, run_after=2025-02-01 00:00:00+00:00
[2025-02-01T00:08:24.303+0000] {logging_mixin.py:190} INFO - [2025-02-01T00:08:24.303+0000] {dag.py:4138} INFO - Setting next_dagrun for read_dataset_event_from_classic to 2025-01-31 00:00:00+00:00, run_after=2025-02-01 00:00:00+00:00
[2025-02-01T00:08:24.320+0000] {processor.py:208} INFO - Processing /home/airflow/.local/lib/python3.12/site-packages/airflow/example_dags/example_inlet_event_extra.py took 0.192 seconds
[2025-02-01T00:08:54.365+0000] {processor.py:186} INFO - Started process (PID=26157) to work on /home/airflow/.local/lib/python3.12/site-packages/airflow/example_dags/example_inlet_event_extra.py
[2025-02-01T00:08:54.366+0000] {processor.py:914} INFO - Processing file /home/airflow/.local/lib/python3.12/site-packages/airflow/example_dags/example_inlet_event_extra.py for tasks to queue
[2025-02-01T00:08:54.367+0000] {logging_mixin.py:190} INFO - [2025-02-01T00:08:54.367+0000] {dagbag.py:587} INFO - Filling up the DagBag from /home/airflow/.local/lib/python3.12/site-packages/airflow/example_dags/example_inlet_event_extra.py
[2025-02-01T00:08:54.485+0000] {processor.py:925} INFO - DAG(s) 'read_dataset_event', 'read_dataset_event_from_classic' retrieved from /home/airflow/.local/lib/python3.12/site-packages/airflow/example_dags/example_inlet_event_extra.py
[2025-02-01T00:08:54.505+0000] {logging_mixin.py:190} INFO - [2025-02-01T00:08:54.505+0000] {dag.py:3211} INFO - Sync 2 DAGs
[2025-02-01T00:08:54.527+0000] {logging_mixin.py:190} INFO - [2025-02-01T00:08:54.527+0000] {dag.py:4138} INFO - Setting next_dagrun for read_dataset_event to 2025-01-31 00:00:00+00:00, run_after=2025-02-01 00:00:00+00:00
[2025-02-01T00:08:54.532+0000] {logging_mixin.py:190} INFO - [2025-02-01T00:08:54.531+0000] {dag.py:4138} INFO - Setting next_dagrun for read_dataset_event_from_classic to 2025-01-31 00:00:00+00:00, run_after=2025-02-01 00:00:00+00:00
[2025-02-01T00:08:54.548+0000] {processor.py:208} INFO - Processing /home/airflow/.local/lib/python3.12/site-packages/airflow/example_dags/example_inlet_event_extra.py took 0.188 seconds
[2025-02-01T00:09:24.604+0000] {processor.py:186} INFO - Started process (PID=26220) to work on /home/airflow/.local/lib/python3.12/site-packages/airflow/example_dags/example_inlet_event_extra.py
[2025-02-01T00:09:24.605+0000] {processor.py:914} INFO - Processing file /home/airflow/.local/lib/python3.12/site-packages/airflow/example_dags/example_inlet_event_extra.py for tasks to queue
[2025-02-01T00:09:24.607+0000] {logging_mixin.py:190} INFO - [2025-02-01T00:09:24.606+0000] {dagbag.py:587} INFO - Filling up the DagBag from /home/airflow/.local/lib/python3.12/site-packages/airflow/example_dags/example_inlet_event_extra.py
[2025-02-01T00:09:24.736+0000] {processor.py:925} INFO - DAG(s) 'read_dataset_event_from_classic', 'read_dataset_event' retrieved from /home/airflow/.local/lib/python3.12/site-packages/airflow/example_dags/example_inlet_event_extra.py
[2025-02-01T00:09:24.756+0000] {logging_mixin.py:190} INFO - [2025-02-01T00:09:24.756+0000] {dag.py:3211} INFO - Sync 2 DAGs
[2025-02-01T00:09:24.780+0000] {logging_mixin.py:190} INFO - [2025-02-01T00:09:24.780+0000] {dag.py:4138} INFO - Setting next_dagrun for read_dataset_event to 2025-01-31 00:00:00+00:00, run_after=2025-02-01 00:00:00+00:00
[2025-02-01T00:09:24.785+0000] {logging_mixin.py:190} INFO - [2025-02-01T00:09:24.785+0000] {dag.py:4138} INFO - Setting next_dagrun for read_dataset_event_from_classic to 2025-01-31 00:00:00+00:00, run_after=2025-02-01 00:00:00+00:00
[2025-02-01T00:09:24.802+0000] {processor.py:208} INFO - Processing /home/airflow/.local/lib/python3.12/site-packages/airflow/example_dags/example_inlet_event_extra.py took 0.203 seconds
[2025-02-01T00:09:54.936+0000] {processor.py:186} INFO - Started process (PID=26285) to work on /home/airflow/.local/lib/python3.12/site-packages/airflow/example_dags/example_inlet_event_extra.py
[2025-02-01T00:09:54.937+0000] {processor.py:914} INFO - Processing file /home/airflow/.local/lib/python3.12/site-packages/airflow/example_dags/example_inlet_event_extra.py for tasks to queue
[2025-02-01T00:09:54.938+0000] {logging_mixin.py:190} INFO - [2025-02-01T00:09:54.938+0000] {dagbag.py:587} INFO - Filling up the DagBag from /home/airflow/.local/lib/python3.12/site-packages/airflow/example_dags/example_inlet_event_extra.py
[2025-02-01T00:09:55.059+0000] {processor.py:925} INFO - DAG(s) 'read_dataset_event_from_classic', 'read_dataset_event' retrieved from /home/airflow/.local/lib/python3.12/site-packages/airflow/example_dags/example_inlet_event_extra.py
[2025-02-01T00:09:55.081+0000] {logging_mixin.py:190} INFO - [2025-02-01T00:09:55.080+0000] {dag.py:3211} INFO - Sync 2 DAGs
[2025-02-01T00:09:55.104+0000] {logging_mixin.py:190} INFO - [2025-02-01T00:09:55.103+0000] {dag.py:4138} INFO - Setting next_dagrun for read_dataset_event to 2025-01-31 00:00:00+00:00, run_after=2025-02-01 00:00:00+00:00
[2025-02-01T00:09:55.108+0000] {logging_mixin.py:190} INFO - [2025-02-01T00:09:55.108+0000] {dag.py:4138} INFO - Setting next_dagrun for read_dataset_event_from_classic to 2025-01-31 00:00:00+00:00, run_after=2025-02-01 00:00:00+00:00
[2025-02-01T00:09:55.124+0000] {processor.py:208} INFO - Processing /home/airflow/.local/lib/python3.12/site-packages/airflow/example_dags/example_inlet_event_extra.py took 0.194 seconds
[2025-02-01T00:10:25.162+0000] {processor.py:186} INFO - Started process (PID=26348) to work on /home/airflow/.local/lib/python3.12/site-packages/airflow/example_dags/example_inlet_event_extra.py
[2025-02-01T00:10:25.164+0000] {processor.py:914} INFO - Processing file /home/airflow/.local/lib/python3.12/site-packages/airflow/example_dags/example_inlet_event_extra.py for tasks to queue
[2025-02-01T00:10:25.165+0000] {logging_mixin.py:190} INFO - [2025-02-01T00:10:25.165+0000] {dagbag.py:587} INFO - Filling up the DagBag from /home/airflow/.local/lib/python3.12/site-packages/airflow/example_dags/example_inlet_event_extra.py
[2025-02-01T00:10:25.292+0000] {processor.py:925} INFO - DAG(s) 'read_dataset_event', 'read_dataset_event_from_classic' retrieved from /home/airflow/.local/lib/python3.12/site-packages/airflow/example_dags/example_inlet_event_extra.py
[2025-02-01T00:10:25.312+0000] {logging_mixin.py:190} INFO - [2025-02-01T00:10:25.312+0000] {dag.py:3211} INFO - Sync 2 DAGs
[2025-02-01T00:10:25.334+0000] {logging_mixin.py:190} INFO - [2025-02-01T00:10:25.334+0000] {dag.py:4138} INFO - Setting next_dagrun for read_dataset_event to 2025-01-31 00:00:00+00:00, run_after=2025-02-01 00:00:00+00:00
[2025-02-01T00:10:25.338+0000] {logging_mixin.py:190} INFO - [2025-02-01T00:10:25.338+0000] {dag.py:4138} INFO - Setting next_dagrun for read_dataset_event_from_classic to 2025-01-31 00:00:00+00:00, run_after=2025-02-01 00:00:00+00:00
[2025-02-01T00:10:25.353+0000] {processor.py:208} INFO - Processing /home/airflow/.local/lib/python3.12/site-packages/airflow/example_dags/example_inlet_event_extra.py took 0.196 seconds
[2025-02-01T00:10:55.493+0000] {processor.py:186} INFO - Started process (PID=26409) to work on /home/airflow/.local/lib/python3.12/site-packages/airflow/example_dags/example_inlet_event_extra.py
[2025-02-01T00:10:55.493+0000] {processor.py:914} INFO - Processing file /home/airflow/.local/lib/python3.12/site-packages/airflow/example_dags/example_inlet_event_extra.py for tasks to queue
[2025-02-01T00:10:55.495+0000] {logging_mixin.py:190} INFO - [2025-02-01T00:10:55.495+0000] {dagbag.py:587} INFO - Filling up the DagBag from /home/airflow/.local/lib/python3.12/site-packages/airflow/example_dags/example_inlet_event_extra.py
[2025-02-01T00:10:55.613+0000] {processor.py:925} INFO - DAG(s) 'read_dataset_event', 'read_dataset_event_from_classic' retrieved from /home/airflow/.local/lib/python3.12/site-packages/airflow/example_dags/example_inlet_event_extra.py
[2025-02-01T00:10:55.634+0000] {logging_mixin.py:190} INFO - [2025-02-01T00:10:55.634+0000] {dag.py:3211} INFO - Sync 2 DAGs
[2025-02-01T00:10:55.655+0000] {logging_mixin.py:190} INFO - [2025-02-01T00:10:55.655+0000] {dag.py:4138} INFO - Setting next_dagrun for read_dataset_event to 2025-01-31 00:00:00+00:00, run_after=2025-02-01 00:00:00+00:00
[2025-02-01T00:10:55.660+0000] {logging_mixin.py:190} INFO - [2025-02-01T00:10:55.660+0000] {dag.py:4138} INFO - Setting next_dagrun for read_dataset_event_from_classic to 2025-01-31 00:00:00+00:00, run_after=2025-02-01 00:00:00+00:00
[2025-02-01T00:10:55.678+0000] {processor.py:208} INFO - Processing /home/airflow/.local/lib/python3.12/site-packages/airflow/example_dags/example_inlet_event_extra.py took 0.190 seconds
[2025-02-01T00:11:25.781+0000] {processor.py:186} INFO - Started process (PID=26472) to work on /home/airflow/.local/lib/python3.12/site-packages/airflow/example_dags/example_inlet_event_extra.py
[2025-02-01T00:11:25.782+0000] {processor.py:914} INFO - Processing file /home/airflow/.local/lib/python3.12/site-packages/airflow/example_dags/example_inlet_event_extra.py for tasks to queue
[2025-02-01T00:11:25.784+0000] {logging_mixin.py:190} INFO - [2025-02-01T00:11:25.784+0000] {dagbag.py:587} INFO - Filling up the DagBag from /home/airflow/.local/lib/python3.12/site-packages/airflow/example_dags/example_inlet_event_extra.py
[2025-02-01T00:11:25.900+0000] {processor.py:925} INFO - DAG(s) 'read_dataset_event_from_classic', 'read_dataset_event' retrieved from /home/airflow/.local/lib/python3.12/site-packages/airflow/example_dags/example_inlet_event_extra.py
[2025-02-01T00:11:25.919+0000] {logging_mixin.py:190} INFO - [2025-02-01T00:11:25.919+0000] {dag.py:3211} INFO - Sync 2 DAGs
[2025-02-01T00:11:25.941+0000] {logging_mixin.py:190} INFO - [2025-02-01T00:11:25.941+0000] {dag.py:4138} INFO - Setting next_dagrun for read_dataset_event to 2025-01-31 00:00:00+00:00, run_after=2025-02-01 00:00:00+00:00
[2025-02-01T00:11:25.946+0000] {logging_mixin.py:190} INFO - [2025-02-01T00:11:25.945+0000] {dag.py:4138} INFO - Setting next_dagrun for read_dataset_event_from_classic to 2025-01-31 00:00:00+00:00, run_after=2025-02-01 00:00:00+00:00
[2025-02-01T00:11:25.962+0000] {processor.py:208} INFO - Processing /home/airflow/.local/lib/python3.12/site-packages/airflow/example_dags/example_inlet_event_extra.py took 0.185 seconds
[2025-02-01T00:11:56.179+0000] {processor.py:186} INFO - Started process (PID=26535) to work on /home/airflow/.local/lib/python3.12/site-packages/airflow/example_dags/example_inlet_event_extra.py
[2025-02-01T00:11:56.180+0000] {processor.py:914} INFO - Processing file /home/airflow/.local/lib/python3.12/site-packages/airflow/example_dags/example_inlet_event_extra.py for tasks to queue
[2025-02-01T00:11:56.181+0000] {logging_mixin.py:190} INFO - [2025-02-01T00:11:56.181+0000] {dagbag.py:587} INFO - Filling up the DagBag from /home/airflow/.local/lib/python3.12/site-packages/airflow/example_dags/example_inlet_event_extra.py
[2025-02-01T00:11:56.301+0000] {processor.py:925} INFO - DAG(s) 'read_dataset_event', 'read_dataset_event_from_classic' retrieved from /home/airflow/.local/lib/python3.12/site-packages/airflow/example_dags/example_inlet_event_extra.py
[2025-02-01T00:11:56.324+0000] {logging_mixin.py:190} INFO - [2025-02-01T00:11:56.324+0000] {dag.py:3211} INFO - Sync 2 DAGs
[2025-02-01T00:11:56.345+0000] {logging_mixin.py:190} INFO - [2025-02-01T00:11:56.344+0000] {dag.py:4138} INFO - Setting next_dagrun for read_dataset_event to 2025-01-31 00:00:00+00:00, run_after=2025-02-01 00:00:00+00:00
[2025-02-01T00:11:56.349+0000] {logging_mixin.py:190} INFO - [2025-02-01T00:11:56.349+0000] {dag.py:4138} INFO - Setting next_dagrun for read_dataset_event_from_classic to 2025-01-31 00:00:00+00:00, run_after=2025-02-01 00:00:00+00:00
[2025-02-01T00:11:56.367+0000] {processor.py:208} INFO - Processing /home/airflow/.local/lib/python3.12/site-packages/airflow/example_dags/example_inlet_event_extra.py took 0.193 seconds
[2025-02-01T00:12:26.515+0000] {processor.py:186} INFO - Started process (PID=26598) to work on /home/airflow/.local/lib/python3.12/site-packages/airflow/example_dags/example_inlet_event_extra.py
[2025-02-01T00:12:26.516+0000] {processor.py:914} INFO - Processing file /home/airflow/.local/lib/python3.12/site-packages/airflow/example_dags/example_inlet_event_extra.py for tasks to queue
[2025-02-01T00:12:26.518+0000] {logging_mixin.py:190} INFO - [2025-02-01T00:12:26.518+0000] {dagbag.py:587} INFO - Filling up the DagBag from /home/airflow/.local/lib/python3.12/site-packages/airflow/example_dags/example_inlet_event_extra.py
[2025-02-01T00:12:26.646+0000] {processor.py:925} INFO - DAG(s) 'read_dataset_event', 'read_dataset_event_from_classic' retrieved from /home/airflow/.local/lib/python3.12/site-packages/airflow/example_dags/example_inlet_event_extra.py
[2025-02-01T00:12:26.666+0000] {logging_mixin.py:190} INFO - [2025-02-01T00:12:26.665+0000] {dag.py:3211} INFO - Sync 2 DAGs
[2025-02-01T00:12:26.687+0000] {logging_mixin.py:190} INFO - [2025-02-01T00:12:26.686+0000] {dag.py:4138} INFO - Setting next_dagrun for read_dataset_event to 2025-01-31 00:00:00+00:00, run_after=2025-02-01 00:00:00+00:00
[2025-02-01T00:12:26.691+0000] {logging_mixin.py:190} INFO - [2025-02-01T00:12:26.691+0000] {dag.py:4138} INFO - Setting next_dagrun for read_dataset_event_from_classic to 2025-01-31 00:00:00+00:00, run_after=2025-02-01 00:00:00+00:00
[2025-02-01T00:12:26.709+0000] {processor.py:208} INFO - Processing /home/airflow/.local/lib/python3.12/site-packages/airflow/example_dags/example_inlet_event_extra.py took 0.199 seconds
[2025-02-01T00:12:56.762+0000] {processor.py:186} INFO - Started process (PID=26662) to work on /home/airflow/.local/lib/python3.12/site-packages/airflow/example_dags/example_inlet_event_extra.py
[2025-02-01T00:12:56.763+0000] {processor.py:914} INFO - Processing file /home/airflow/.local/lib/python3.12/site-packages/airflow/example_dags/example_inlet_event_extra.py for tasks to queue
[2025-02-01T00:12:56.765+0000] {logging_mixin.py:190} INFO - [2025-02-01T00:12:56.764+0000] {dagbag.py:587} INFO - Filling up the DagBag from /home/airflow/.local/lib/python3.12/site-packages/airflow/example_dags/example_inlet_event_extra.py
[2025-02-01T00:12:56.883+0000] {processor.py:925} INFO - DAG(s) 'read_dataset_event_from_classic', 'read_dataset_event' retrieved from /home/airflow/.local/lib/python3.12/site-packages/airflow/example_dags/example_inlet_event_extra.py
[2025-02-01T00:12:56.905+0000] {logging_mixin.py:190} INFO - [2025-02-01T00:12:56.905+0000] {dag.py:3211} INFO - Sync 2 DAGs
[2025-02-01T00:12:56.928+0000] {logging_mixin.py:190} INFO - [2025-02-01T00:12:56.927+0000] {dag.py:4138} INFO - Setting next_dagrun for read_dataset_event to 2025-01-31 00:00:00+00:00, run_after=2025-02-01 00:00:00+00:00
[2025-02-01T00:12:56.932+0000] {logging_mixin.py:190} INFO - [2025-02-01T00:12:56.932+0000] {dag.py:4138} INFO - Setting next_dagrun for read_dataset_event_from_classic to 2025-01-31 00:00:00+00:00, run_after=2025-02-01 00:00:00+00:00
[2025-02-01T00:12:56.948+0000] {processor.py:208} INFO - Processing /home/airflow/.local/lib/python3.12/site-packages/airflow/example_dags/example_inlet_event_extra.py took 0.192 seconds
[2025-02-01T00:13:27.059+0000] {processor.py:186} INFO - Started process (PID=26727) to work on /home/airflow/.local/lib/python3.12/site-packages/airflow/example_dags/example_inlet_event_extra.py
[2025-02-01T00:13:27.060+0000] {processor.py:914} INFO - Processing file /home/airflow/.local/lib/python3.12/site-packages/airflow/example_dags/example_inlet_event_extra.py for tasks to queue
[2025-02-01T00:13:27.061+0000] {logging_mixin.py:190} INFO - [2025-02-01T00:13:27.061+0000] {dagbag.py:587} INFO - Filling up the DagBag from /home/airflow/.local/lib/python3.12/site-packages/airflow/example_dags/example_inlet_event_extra.py
[2025-02-01T00:13:27.178+0000] {processor.py:925} INFO - DAG(s) 'read_dataset_event', 'read_dataset_event_from_classic' retrieved from /home/airflow/.local/lib/python3.12/site-packages/airflow/example_dags/example_inlet_event_extra.py
[2025-02-01T00:13:27.196+0000] {logging_mixin.py:190} INFO - [2025-02-01T00:13:27.196+0000] {dag.py:3211} INFO - Sync 2 DAGs
[2025-02-01T00:13:27.218+0000] {logging_mixin.py:190} INFO - [2025-02-01T00:13:27.218+0000] {dag.py:4138} INFO - Setting next_dagrun for read_dataset_event to 2025-01-31 00:00:00+00:00, run_after=2025-02-01 00:00:00+00:00
[2025-02-01T00:13:27.222+0000] {logging_mixin.py:190} INFO - [2025-02-01T00:13:27.222+0000] {dag.py:4138} INFO - Setting next_dagrun for read_dataset_event_from_classic to 2025-01-31 00:00:00+00:00, run_after=2025-02-01 00:00:00+00:00
[2025-02-01T00:13:27.238+0000] {processor.py:208} INFO - Processing /home/airflow/.local/lib/python3.12/site-packages/airflow/example_dags/example_inlet_event_extra.py took 0.184 seconds
[2025-02-01T00:13:57.334+0000] {processor.py:186} INFO - Started process (PID=26790) to work on /home/airflow/.local/lib/python3.12/site-packages/airflow/example_dags/example_inlet_event_extra.py
[2025-02-01T00:13:57.335+0000] {processor.py:914} INFO - Processing file /home/airflow/.local/lib/python3.12/site-packages/airflow/example_dags/example_inlet_event_extra.py for tasks to queue
[2025-02-01T00:13:57.337+0000] {logging_mixin.py:190} INFO - [2025-02-01T00:13:57.337+0000] {dagbag.py:587} INFO - Filling up the DagBag from /home/airflow/.local/lib/python3.12/site-packages/airflow/example_dags/example_inlet_event_extra.py
[2025-02-01T00:13:57.455+0000] {processor.py:925} INFO - DAG(s) 'read_dataset_event_from_classic', 'read_dataset_event' retrieved from /home/airflow/.local/lib/python3.12/site-packages/airflow/example_dags/example_inlet_event_extra.py
[2025-02-01T00:13:57.475+0000] {logging_mixin.py:190} INFO - [2025-02-01T00:13:57.475+0000] {dag.py:3211} INFO - Sync 2 DAGs
[2025-02-01T00:13:57.497+0000] {logging_mixin.py:190} INFO - [2025-02-01T00:13:57.497+0000] {dag.py:4138} INFO - Setting next_dagrun for read_dataset_event to 2025-01-31 00:00:00+00:00, run_after=2025-02-01 00:00:00+00:00
[2025-02-01T00:13:57.502+0000] {logging_mixin.py:190} INFO - [2025-02-01T00:13:57.502+0000] {dag.py:4138} INFO - Setting next_dagrun for read_dataset_event_from_classic to 2025-01-31 00:00:00+00:00, run_after=2025-02-01 00:00:00+00:00
[2025-02-01T00:13:57.517+0000] {processor.py:208} INFO - Processing /home/airflow/.local/lib/python3.12/site-packages/airflow/example_dags/example_inlet_event_extra.py took 0.187 seconds
[2025-02-01T00:14:27.623+0000] {processor.py:186} INFO - Started process (PID=26853) to work on /home/airflow/.local/lib/python3.12/site-packages/airflow/example_dags/example_inlet_event_extra.py
[2025-02-01T00:14:27.624+0000] {processor.py:914} INFO - Processing file /home/airflow/.local/lib/python3.12/site-packages/airflow/example_dags/example_inlet_event_extra.py for tasks to queue
[2025-02-01T00:14:27.625+0000] {logging_mixin.py:190} INFO - [2025-02-01T00:14:27.625+0000] {dagbag.py:587} INFO - Filling up the DagBag from /home/airflow/.local/lib/python3.12/site-packages/airflow/example_dags/example_inlet_event_extra.py
[2025-02-01T00:14:27.739+0000] {processor.py:925} INFO - DAG(s) 'read_dataset_event', 'read_dataset_event_from_classic' retrieved from /home/airflow/.local/lib/python3.12/site-packages/airflow/example_dags/example_inlet_event_extra.py
[2025-02-01T00:14:27.758+0000] {logging_mixin.py:190} INFO - [2025-02-01T00:14:27.758+0000] {dag.py:3211} INFO - Sync 2 DAGs
[2025-02-01T00:14:27.781+0000] {logging_mixin.py:190} INFO - [2025-02-01T00:14:27.780+0000] {dag.py:4138} INFO - Setting next_dagrun for read_dataset_event to 2025-01-31 00:00:00+00:00, run_after=2025-02-01 00:00:00+00:00
[2025-02-01T00:14:27.785+0000] {logging_mixin.py:190} INFO - [2025-02-01T00:14:27.784+0000] {dag.py:4138} INFO - Setting next_dagrun for read_dataset_event_from_classic to 2025-01-31 00:00:00+00:00, run_after=2025-02-01 00:00:00+00:00
[2025-02-01T00:14:27.802+0000] {processor.py:208} INFO - Processing /home/airflow/.local/lib/python3.12/site-packages/airflow/example_dags/example_inlet_event_extra.py took 0.183 seconds
[2025-02-01T00:14:57.933+0000] {processor.py:186} INFO - Started process (PID=26916) to work on /home/airflow/.local/lib/python3.12/site-packages/airflow/example_dags/example_inlet_event_extra.py
[2025-02-01T00:14:57.934+0000] {processor.py:914} INFO - Processing file /home/airflow/.local/lib/python3.12/site-packages/airflow/example_dags/example_inlet_event_extra.py for tasks to queue
[2025-02-01T00:14:57.935+0000] {logging_mixin.py:190} INFO - [2025-02-01T00:14:57.935+0000] {dagbag.py:587} INFO - Filling up the DagBag from /home/airflow/.local/lib/python3.12/site-packages/airflow/example_dags/example_inlet_event_extra.py
[2025-02-01T00:14:58.053+0000] {processor.py:925} INFO - DAG(s) 'read_dataset_event_from_classic', 'read_dataset_event' retrieved from /home/airflow/.local/lib/python3.12/site-packages/airflow/example_dags/example_inlet_event_extra.py
[2025-02-01T00:14:58.073+0000] {logging_mixin.py:190} INFO - [2025-02-01T00:14:58.072+0000] {dag.py:3211} INFO - Sync 2 DAGs
[2025-02-01T00:14:58.093+0000] {logging_mixin.py:190} INFO - [2025-02-01T00:14:58.093+0000] {dag.py:4138} INFO - Setting next_dagrun for read_dataset_event to 2025-01-31 00:00:00+00:00, run_after=2025-02-01 00:00:00+00:00
[2025-02-01T00:14:58.097+0000] {logging_mixin.py:190} INFO - [2025-02-01T00:14:58.097+0000] {dag.py:4138} INFO - Setting next_dagrun for read_dataset_event_from_classic to 2025-01-31 00:00:00+00:00, run_after=2025-02-01 00:00:00+00:00
[2025-02-01T00:14:58.112+0000] {processor.py:208} INFO - Processing /home/airflow/.local/lib/python3.12/site-packages/airflow/example_dags/example_inlet_event_extra.py took 0.184 seconds
[2025-02-01T00:15:28.169+0000] {processor.py:186} INFO - Started process (PID=26976) to work on /home/airflow/.local/lib/python3.12/site-packages/airflow/example_dags/example_inlet_event_extra.py
[2025-02-01T00:15:28.170+0000] {processor.py:914} INFO - Processing file /home/airflow/.local/lib/python3.12/site-packages/airflow/example_dags/example_inlet_event_extra.py for tasks to queue
[2025-02-01T00:15:28.171+0000] {logging_mixin.py:190} INFO - [2025-02-01T00:15:28.171+0000] {dagbag.py:587} INFO - Filling up the DagBag from /home/airflow/.local/lib/python3.12/site-packages/airflow/example_dags/example_inlet_event_extra.py
[2025-02-01T00:15:28.301+0000] {processor.py:925} INFO - DAG(s) 'read_dataset_event_from_classic', 'read_dataset_event' retrieved from /home/airflow/.local/lib/python3.12/site-packages/airflow/example_dags/example_inlet_event_extra.py
[2025-02-01T00:15:28.321+0000] {logging_mixin.py:190} INFO - [2025-02-01T00:15:28.320+0000] {dag.py:3211} INFO - Sync 2 DAGs
[2025-02-01T00:15:28.343+0000] {logging_mixin.py:190} INFO - [2025-02-01T00:15:28.343+0000] {dag.py:4138} INFO - Setting next_dagrun for read_dataset_event to 2025-01-31 00:00:00+00:00, run_after=2025-02-01 00:00:00+00:00
[2025-02-01T00:15:28.347+0000] {logging_mixin.py:190} INFO - [2025-02-01T00:15:28.347+0000] {dag.py:4138} INFO - Setting next_dagrun for read_dataset_event_from_classic to 2025-01-31 00:00:00+00:00, run_after=2025-02-01 00:00:00+00:00
[2025-02-01T00:15:28.363+0000] {processor.py:208} INFO - Processing /home/airflow/.local/lib/python3.12/site-packages/airflow/example_dags/example_inlet_event_extra.py took 0.199 seconds
[2025-02-01T00:15:58.626+0000] {processor.py:186} INFO - Started process (PID=27039) to work on /home/airflow/.local/lib/python3.12/site-packages/airflow/example_dags/example_inlet_event_extra.py
[2025-02-01T00:15:58.627+0000] {processor.py:914} INFO - Processing file /home/airflow/.local/lib/python3.12/site-packages/airflow/example_dags/example_inlet_event_extra.py for tasks to queue
[2025-02-01T00:15:58.628+0000] {logging_mixin.py:190} INFO - [2025-02-01T00:15:58.627+0000] {dagbag.py:587} INFO - Filling up the DagBag from /home/airflow/.local/lib/python3.12/site-packages/airflow/example_dags/example_inlet_event_extra.py
[2025-02-01T00:15:58.747+0000] {processor.py:925} INFO - DAG(s) 'read_dataset_event', 'read_dataset_event_from_classic' retrieved from /home/airflow/.local/lib/python3.12/site-packages/airflow/example_dags/example_inlet_event_extra.py
[2025-02-01T00:15:58.772+0000] {logging_mixin.py:190} INFO - [2025-02-01T00:15:58.771+0000] {dag.py:3211} INFO - Sync 2 DAGs
[2025-02-01T00:15:58.801+0000] {logging_mixin.py:190} INFO - [2025-02-01T00:15:58.801+0000] {dag.py:4138} INFO - Setting next_dagrun for read_dataset_event to 2025-01-31 00:00:00+00:00, run_after=2025-02-01 00:00:00+00:00
[2025-02-01T00:15:58.807+0000] {logging_mixin.py:190} INFO - [2025-02-01T00:15:58.807+0000] {dag.py:4138} INFO - Setting next_dagrun for read_dataset_event_from_classic to 2025-01-31 00:00:00+00:00, run_after=2025-02-01 00:00:00+00:00
[2025-02-01T00:15:58.824+0000] {processor.py:208} INFO - Processing /home/airflow/.local/lib/python3.12/site-packages/airflow/example_dags/example_inlet_event_extra.py took 0.203 seconds
