[2025-02-01T00:00:00.041+0000] {processor.py:186} INFO - Started process (PID=25054) to work on /home/airflow/.local/lib/python3.12/site-packages/airflow/example_dags/tutorial_taskflow_api.py
[2025-02-01T00:00:00.042+0000] {processor.py:914} INFO - Processing file /home/airflow/.local/lib/python3.12/site-packages/airflow/example_dags/tutorial_taskflow_api.py for tasks to queue
[2025-02-01T00:00:00.044+0000] {logging_mixin.py:190} INFO - [2025-02-01T00:00:00.043+0000] {dagbag.py:587} INFO - Filling up the DagBag from /home/airflow/.local/lib/python3.12/site-packages/airflow/example_dags/tutorial_taskflow_api.py
[2025-02-01T00:00:00.052+0000] {processor.py:925} INFO - DAG(s) 'tutorial_taskflow_api' retrieved from /home/airflow/.local/lib/python3.12/site-packages/airflow/example_dags/tutorial_taskflow_api.py
[2025-02-01T00:00:00.073+0000] {logging_mixin.py:190} INFO - [2025-02-01T00:00:00.073+0000] {dag.py:3211} INFO - Sync 1 DAGs
[2025-02-01T00:00:00.093+0000] {logging_mixin.py:190} INFO - [2025-02-01T00:00:00.093+0000] {dag.py:4138} INFO - Setting next_dagrun for tutorial_taskflow_api to None, run_after=None
[2025-02-01T00:00:00.112+0000] {processor.py:208} INFO - Processing /home/airflow/.local/lib/python3.12/site-packages/airflow/example_dags/tutorial_taskflow_api.py took 0.075 seconds
[2025-02-01T00:00:30.666+0000] {processor.py:186} INFO - Started process (PID=25117) to work on /home/airflow/.local/lib/python3.12/site-packages/airflow/example_dags/tutorial_taskflow_api.py
[2025-02-01T00:00:30.667+0000] {processor.py:914} INFO - Processing file /home/airflow/.local/lib/python3.12/site-packages/airflow/example_dags/tutorial_taskflow_api.py for tasks to queue
[2025-02-01T00:00:30.668+0000] {logging_mixin.py:190} INFO - [2025-02-01T00:00:30.667+0000] {dagbag.py:587} INFO - Filling up the DagBag from /home/airflow/.local/lib/python3.12/site-packages/airflow/example_dags/tutorial_taskflow_api.py
[2025-02-01T00:00:30.674+0000] {processor.py:925} INFO - DAG(s) 'tutorial_taskflow_api' retrieved from /home/airflow/.local/lib/python3.12/site-packages/airflow/example_dags/tutorial_taskflow_api.py
[2025-02-01T00:00:30.692+0000] {logging_mixin.py:190} INFO - [2025-02-01T00:00:30.692+0000] {dag.py:3211} INFO - Sync 1 DAGs
[2025-02-01T00:00:30.707+0000] {logging_mixin.py:190} INFO - [2025-02-01T00:00:30.707+0000] {dag.py:4138} INFO - Setting next_dagrun for tutorial_taskflow_api to None, run_after=None
[2025-02-01T00:00:30.731+0000] {processor.py:208} INFO - Processing /home/airflow/.local/lib/python3.12/site-packages/airflow/example_dags/tutorial_taskflow_api.py took 0.069 seconds
[2025-02-01T00:01:00.875+0000] {processor.py:186} INFO - Started process (PID=25180) to work on /home/airflow/.local/lib/python3.12/site-packages/airflow/example_dags/tutorial_taskflow_api.py
[2025-02-01T00:01:00.876+0000] {processor.py:914} INFO - Processing file /home/airflow/.local/lib/python3.12/site-packages/airflow/example_dags/tutorial_taskflow_api.py for tasks to queue
[2025-02-01T00:01:00.877+0000] {logging_mixin.py:190} INFO - [2025-02-01T00:01:00.877+0000] {dagbag.py:587} INFO - Filling up the DagBag from /home/airflow/.local/lib/python3.12/site-packages/airflow/example_dags/tutorial_taskflow_api.py
[2025-02-01T00:01:00.884+0000] {processor.py:925} INFO - DAG(s) 'tutorial_taskflow_api' retrieved from /home/airflow/.local/lib/python3.12/site-packages/airflow/example_dags/tutorial_taskflow_api.py
[2025-02-01T00:01:00.901+0000] {logging_mixin.py:190} INFO - [2025-02-01T00:01:00.901+0000] {dag.py:3211} INFO - Sync 1 DAGs
[2025-02-01T00:01:00.913+0000] {logging_mixin.py:190} INFO - [2025-02-01T00:01:00.912+0000] {dag.py:4138} INFO - Setting next_dagrun for tutorial_taskflow_api to None, run_after=None
[2025-02-01T00:01:00.930+0000] {processor.py:208} INFO - Processing /home/airflow/.local/lib/python3.12/site-packages/airflow/example_dags/tutorial_taskflow_api.py took 0.059 seconds
[2025-02-01T00:01:31.056+0000] {processor.py:186} INFO - Started process (PID=25243) to work on /home/airflow/.local/lib/python3.12/site-packages/airflow/example_dags/tutorial_taskflow_api.py
[2025-02-01T00:01:31.057+0000] {processor.py:914} INFO - Processing file /home/airflow/.local/lib/python3.12/site-packages/airflow/example_dags/tutorial_taskflow_api.py for tasks to queue
[2025-02-01T00:01:31.058+0000] {logging_mixin.py:190} INFO - [2025-02-01T00:01:31.058+0000] {dagbag.py:587} INFO - Filling up the DagBag from /home/airflow/.local/lib/python3.12/site-packages/airflow/example_dags/tutorial_taskflow_api.py
[2025-02-01T00:01:31.064+0000] {processor.py:925} INFO - DAG(s) 'tutorial_taskflow_api' retrieved from /home/airflow/.local/lib/python3.12/site-packages/airflow/example_dags/tutorial_taskflow_api.py
[2025-02-01T00:01:31.081+0000] {logging_mixin.py:190} INFO - [2025-02-01T00:01:31.081+0000] {dag.py:3211} INFO - Sync 1 DAGs
[2025-02-01T00:01:31.094+0000] {logging_mixin.py:190} INFO - [2025-02-01T00:01:31.094+0000] {dag.py:4138} INFO - Setting next_dagrun for tutorial_taskflow_api to None, run_after=None
[2025-02-01T00:01:31.112+0000] {processor.py:208} INFO - Processing /home/airflow/.local/lib/python3.12/site-packages/airflow/example_dags/tutorial_taskflow_api.py took 0.061 seconds
[2025-02-01T00:02:01.312+0000] {processor.py:186} INFO - Started process (PID=25306) to work on /home/airflow/.local/lib/python3.12/site-packages/airflow/example_dags/tutorial_taskflow_api.py
[2025-02-01T00:02:01.313+0000] {processor.py:914} INFO - Processing file /home/airflow/.local/lib/python3.12/site-packages/airflow/example_dags/tutorial_taskflow_api.py for tasks to queue
[2025-02-01T00:02:01.314+0000] {logging_mixin.py:190} INFO - [2025-02-01T00:02:01.314+0000] {dagbag.py:587} INFO - Filling up the DagBag from /home/airflow/.local/lib/python3.12/site-packages/airflow/example_dags/tutorial_taskflow_api.py
[2025-02-01T00:02:01.320+0000] {processor.py:925} INFO - DAG(s) 'tutorial_taskflow_api' retrieved from /home/airflow/.local/lib/python3.12/site-packages/airflow/example_dags/tutorial_taskflow_api.py
[2025-02-01T00:02:01.335+0000] {logging_mixin.py:190} INFO - [2025-02-01T00:02:01.335+0000] {dag.py:3211} INFO - Sync 1 DAGs
[2025-02-01T00:02:01.347+0000] {logging_mixin.py:190} INFO - [2025-02-01T00:02:01.347+0000] {dag.py:4138} INFO - Setting next_dagrun for tutorial_taskflow_api to None, run_after=None
[2025-02-01T00:02:01.365+0000] {processor.py:208} INFO - Processing /home/airflow/.local/lib/python3.12/site-packages/airflow/example_dags/tutorial_taskflow_api.py took 0.057 seconds
[2025-02-01T00:02:31.477+0000] {processor.py:186} INFO - Started process (PID=25369) to work on /home/airflow/.local/lib/python3.12/site-packages/airflow/example_dags/tutorial_taskflow_api.py
[2025-02-01T00:02:31.478+0000] {processor.py:914} INFO - Processing file /home/airflow/.local/lib/python3.12/site-packages/airflow/example_dags/tutorial_taskflow_api.py for tasks to queue
[2025-02-01T00:02:31.479+0000] {logging_mixin.py:190} INFO - [2025-02-01T00:02:31.478+0000] {dagbag.py:587} INFO - Filling up the DagBag from /home/airflow/.local/lib/python3.12/site-packages/airflow/example_dags/tutorial_taskflow_api.py
[2025-02-01T00:02:31.484+0000] {processor.py:925} INFO - DAG(s) 'tutorial_taskflow_api' retrieved from /home/airflow/.local/lib/python3.12/site-packages/airflow/example_dags/tutorial_taskflow_api.py
[2025-02-01T00:02:31.502+0000] {logging_mixin.py:190} INFO - [2025-02-01T00:02:31.502+0000] {dag.py:3211} INFO - Sync 1 DAGs
[2025-02-01T00:02:31.514+0000] {logging_mixin.py:190} INFO - [2025-02-01T00:02:31.514+0000] {dag.py:4138} INFO - Setting next_dagrun for tutorial_taskflow_api to None, run_after=None
[2025-02-01T00:02:31.534+0000] {processor.py:208} INFO - Processing /home/airflow/.local/lib/python3.12/site-packages/airflow/example_dags/tutorial_taskflow_api.py took 0.061 seconds
[2025-02-01T00:03:01.681+0000] {processor.py:186} INFO - Started process (PID=25432) to work on /home/airflow/.local/lib/python3.12/site-packages/airflow/example_dags/tutorial_taskflow_api.py
[2025-02-01T00:03:01.682+0000] {processor.py:914} INFO - Processing file /home/airflow/.local/lib/python3.12/site-packages/airflow/example_dags/tutorial_taskflow_api.py for tasks to queue
[2025-02-01T00:03:01.683+0000] {logging_mixin.py:190} INFO - [2025-02-01T00:03:01.683+0000] {dagbag.py:587} INFO - Filling up the DagBag from /home/airflow/.local/lib/python3.12/site-packages/airflow/example_dags/tutorial_taskflow_api.py
[2025-02-01T00:03:01.689+0000] {processor.py:925} INFO - DAG(s) 'tutorial_taskflow_api' retrieved from /home/airflow/.local/lib/python3.12/site-packages/airflow/example_dags/tutorial_taskflow_api.py
[2025-02-01T00:03:01.706+0000] {logging_mixin.py:190} INFO - [2025-02-01T00:03:01.705+0000] {dag.py:3211} INFO - Sync 1 DAGs
[2025-02-01T00:03:01.719+0000] {logging_mixin.py:190} INFO - [2025-02-01T00:03:01.718+0000] {dag.py:4138} INFO - Setting next_dagrun for tutorial_taskflow_api to None, run_after=None
[2025-02-01T00:03:01.736+0000] {processor.py:208} INFO - Processing /home/airflow/.local/lib/python3.12/site-packages/airflow/example_dags/tutorial_taskflow_api.py took 0.059 seconds
[2025-02-01T00:03:31.958+0000] {processor.py:186} INFO - Started process (PID=25495) to work on /home/airflow/.local/lib/python3.12/site-packages/airflow/example_dags/tutorial_taskflow_api.py
[2025-02-01T00:03:31.958+0000] {processor.py:914} INFO - Processing file /home/airflow/.local/lib/python3.12/site-packages/airflow/example_dags/tutorial_taskflow_api.py for tasks to queue
[2025-02-01T00:03:31.959+0000] {logging_mixin.py:190} INFO - [2025-02-01T00:03:31.959+0000] {dagbag.py:587} INFO - Filling up the DagBag from /home/airflow/.local/lib/python3.12/site-packages/airflow/example_dags/tutorial_taskflow_api.py
[2025-02-01T00:03:31.965+0000] {processor.py:925} INFO - DAG(s) 'tutorial_taskflow_api' retrieved from /home/airflow/.local/lib/python3.12/site-packages/airflow/example_dags/tutorial_taskflow_api.py
[2025-02-01T00:03:31.982+0000] {logging_mixin.py:190} INFO - [2025-02-01T00:03:31.982+0000] {dag.py:3211} INFO - Sync 1 DAGs
[2025-02-01T00:03:31.995+0000] {logging_mixin.py:190} INFO - [2025-02-01T00:03:31.995+0000] {dag.py:4138} INFO - Setting next_dagrun for tutorial_taskflow_api to None, run_after=None
[2025-02-01T00:03:32.012+0000] {processor.py:208} INFO - Processing /home/airflow/.local/lib/python3.12/site-packages/airflow/example_dags/tutorial_taskflow_api.py took 0.059 seconds
[2025-02-01T00:04:02.281+0000] {processor.py:186} INFO - Started process (PID=25558) to work on /home/airflow/.local/lib/python3.12/site-packages/airflow/example_dags/tutorial_taskflow_api.py
[2025-02-01T00:04:02.281+0000] {processor.py:914} INFO - Processing file /home/airflow/.local/lib/python3.12/site-packages/airflow/example_dags/tutorial_taskflow_api.py for tasks to queue
[2025-02-01T00:04:02.282+0000] {logging_mixin.py:190} INFO - [2025-02-01T00:04:02.282+0000] {dagbag.py:587} INFO - Filling up the DagBag from /home/airflow/.local/lib/python3.12/site-packages/airflow/example_dags/tutorial_taskflow_api.py
[2025-02-01T00:04:02.288+0000] {processor.py:925} INFO - DAG(s) 'tutorial_taskflow_api' retrieved from /home/airflow/.local/lib/python3.12/site-packages/airflow/example_dags/tutorial_taskflow_api.py
[2025-02-01T00:04:02.303+0000] {logging_mixin.py:190} INFO - [2025-02-01T00:04:02.303+0000] {dag.py:3211} INFO - Sync 1 DAGs
[2025-02-01T00:04:02.315+0000] {logging_mixin.py:190} INFO - [2025-02-01T00:04:02.315+0000] {dag.py:4138} INFO - Setting next_dagrun for tutorial_taskflow_api to None, run_after=None
[2025-02-01T00:04:02.331+0000] {processor.py:208} INFO - Processing /home/airflow/.local/lib/python3.12/site-packages/airflow/example_dags/tutorial_taskflow_api.py took 0.055 seconds
[2025-02-01T00:04:32.530+0000] {processor.py:186} INFO - Started process (PID=25621) to work on /home/airflow/.local/lib/python3.12/site-packages/airflow/example_dags/tutorial_taskflow_api.py
[2025-02-01T00:04:32.531+0000] {processor.py:914} INFO - Processing file /home/airflow/.local/lib/python3.12/site-packages/airflow/example_dags/tutorial_taskflow_api.py for tasks to queue
[2025-02-01T00:04:32.531+0000] {logging_mixin.py:190} INFO - [2025-02-01T00:04:32.531+0000] {dagbag.py:587} INFO - Filling up the DagBag from /home/airflow/.local/lib/python3.12/site-packages/airflow/example_dags/tutorial_taskflow_api.py
[2025-02-01T00:04:32.537+0000] {processor.py:925} INFO - DAG(s) 'tutorial_taskflow_api' retrieved from /home/airflow/.local/lib/python3.12/site-packages/airflow/example_dags/tutorial_taskflow_api.py
[2025-02-01T00:04:32.552+0000] {logging_mixin.py:190} INFO - [2025-02-01T00:04:32.552+0000] {dag.py:3211} INFO - Sync 1 DAGs
[2025-02-01T00:04:32.563+0000] {logging_mixin.py:190} INFO - [2025-02-01T00:04:32.563+0000] {dag.py:4138} INFO - Setting next_dagrun for tutorial_taskflow_api to None, run_after=None
[2025-02-01T00:04:32.583+0000] {processor.py:208} INFO - Processing /home/airflow/.local/lib/python3.12/site-packages/airflow/example_dags/tutorial_taskflow_api.py took 0.057 seconds
[2025-02-01T00:05:02.728+0000] {processor.py:186} INFO - Started process (PID=25684) to work on /home/airflow/.local/lib/python3.12/site-packages/airflow/example_dags/tutorial_taskflow_api.py
[2025-02-01T00:05:02.728+0000] {processor.py:914} INFO - Processing file /home/airflow/.local/lib/python3.12/site-packages/airflow/example_dags/tutorial_taskflow_api.py for tasks to queue
[2025-02-01T00:05:02.729+0000] {logging_mixin.py:190} INFO - [2025-02-01T00:05:02.729+0000] {dagbag.py:587} INFO - Filling up the DagBag from /home/airflow/.local/lib/python3.12/site-packages/airflow/example_dags/tutorial_taskflow_api.py
[2025-02-01T00:05:02.735+0000] {processor.py:925} INFO - DAG(s) 'tutorial_taskflow_api' retrieved from /home/airflow/.local/lib/python3.12/site-packages/airflow/example_dags/tutorial_taskflow_api.py
[2025-02-01T00:05:02.751+0000] {logging_mixin.py:190} INFO - [2025-02-01T00:05:02.750+0000] {dag.py:3211} INFO - Sync 1 DAGs
[2025-02-01T00:05:02.761+0000] {logging_mixin.py:190} INFO - [2025-02-01T00:05:02.761+0000] {dag.py:4138} INFO - Setting next_dagrun for tutorial_taskflow_api to None, run_after=None
[2025-02-01T00:05:02.778+0000] {processor.py:208} INFO - Processing /home/airflow/.local/lib/python3.12/site-packages/airflow/example_dags/tutorial_taskflow_api.py took 0.054 seconds
[2025-02-01T00:05:33.002+0000] {processor.py:186} INFO - Started process (PID=25747) to work on /home/airflow/.local/lib/python3.12/site-packages/airflow/example_dags/tutorial_taskflow_api.py
[2025-02-01T00:05:33.003+0000] {processor.py:914} INFO - Processing file /home/airflow/.local/lib/python3.12/site-packages/airflow/example_dags/tutorial_taskflow_api.py for tasks to queue
[2025-02-01T00:05:33.004+0000] {logging_mixin.py:190} INFO - [2025-02-01T00:05:33.004+0000] {dagbag.py:587} INFO - Filling up the DagBag from /home/airflow/.local/lib/python3.12/site-packages/airflow/example_dags/tutorial_taskflow_api.py
[2025-02-01T00:05:33.010+0000] {processor.py:925} INFO - DAG(s) 'tutorial_taskflow_api' retrieved from /home/airflow/.local/lib/python3.12/site-packages/airflow/example_dags/tutorial_taskflow_api.py
[2025-02-01T00:05:33.027+0000] {logging_mixin.py:190} INFO - [2025-02-01T00:05:33.027+0000] {dag.py:3211} INFO - Sync 1 DAGs
[2025-02-01T00:05:33.039+0000] {logging_mixin.py:190} INFO - [2025-02-01T00:05:33.039+0000] {dag.py:4138} INFO - Setting next_dagrun for tutorial_taskflow_api to None, run_after=None
[2025-02-01T00:05:33.058+0000] {processor.py:208} INFO - Processing /home/airflow/.local/lib/python3.12/site-packages/airflow/example_dags/tutorial_taskflow_api.py took 0.061 seconds
[2025-02-01T00:06:03.195+0000] {processor.py:186} INFO - Started process (PID=25810) to work on /home/airflow/.local/lib/python3.12/site-packages/airflow/example_dags/tutorial_taskflow_api.py
[2025-02-01T00:06:03.196+0000] {processor.py:914} INFO - Processing file /home/airflow/.local/lib/python3.12/site-packages/airflow/example_dags/tutorial_taskflow_api.py for tasks to queue
[2025-02-01T00:06:03.197+0000] {logging_mixin.py:190} INFO - [2025-02-01T00:06:03.196+0000] {dagbag.py:587} INFO - Filling up the DagBag from /home/airflow/.local/lib/python3.12/site-packages/airflow/example_dags/tutorial_taskflow_api.py
[2025-02-01T00:06:03.203+0000] {processor.py:925} INFO - DAG(s) 'tutorial_taskflow_api' retrieved from /home/airflow/.local/lib/python3.12/site-packages/airflow/example_dags/tutorial_taskflow_api.py
[2025-02-01T00:06:03.218+0000] {logging_mixin.py:190} INFO - [2025-02-01T00:06:03.218+0000] {dag.py:3211} INFO - Sync 1 DAGs
[2025-02-01T00:06:03.231+0000] {logging_mixin.py:190} INFO - [2025-02-01T00:06:03.230+0000] {dag.py:4138} INFO - Setting next_dagrun for tutorial_taskflow_api to None, run_after=None
[2025-02-01T00:06:03.251+0000] {processor.py:208} INFO - Processing /home/airflow/.local/lib/python3.12/site-packages/airflow/example_dags/tutorial_taskflow_api.py took 0.061 seconds
[2025-02-01T00:06:33.370+0000] {processor.py:186} INFO - Started process (PID=25873) to work on /home/airflow/.local/lib/python3.12/site-packages/airflow/example_dags/tutorial_taskflow_api.py
[2025-02-01T00:06:33.370+0000] {processor.py:914} INFO - Processing file /home/airflow/.local/lib/python3.12/site-packages/airflow/example_dags/tutorial_taskflow_api.py for tasks to queue
[2025-02-01T00:06:33.371+0000] {logging_mixin.py:190} INFO - [2025-02-01T00:06:33.371+0000] {dagbag.py:587} INFO - Filling up the DagBag from /home/airflow/.local/lib/python3.12/site-packages/airflow/example_dags/tutorial_taskflow_api.py
[2025-02-01T00:06:33.377+0000] {processor.py:925} INFO - DAG(s) 'tutorial_taskflow_api' retrieved from /home/airflow/.local/lib/python3.12/site-packages/airflow/example_dags/tutorial_taskflow_api.py
[2025-02-01T00:06:33.394+0000] {logging_mixin.py:190} INFO - [2025-02-01T00:06:33.394+0000] {dag.py:3211} INFO - Sync 1 DAGs
[2025-02-01T00:06:33.406+0000] {logging_mixin.py:190} INFO - [2025-02-01T00:06:33.406+0000] {dag.py:4138} INFO - Setting next_dagrun for tutorial_taskflow_api to None, run_after=None
[2025-02-01T00:06:33.427+0000] {processor.py:208} INFO - Processing /home/airflow/.local/lib/python3.12/site-packages/airflow/example_dags/tutorial_taskflow_api.py took 0.062 seconds
[2025-02-01T00:07:03.648+0000] {processor.py:186} INFO - Started process (PID=25936) to work on /home/airflow/.local/lib/python3.12/site-packages/airflow/example_dags/tutorial_taskflow_api.py
[2025-02-01T00:07:03.648+0000] {processor.py:914} INFO - Processing file /home/airflow/.local/lib/python3.12/site-packages/airflow/example_dags/tutorial_taskflow_api.py for tasks to queue
[2025-02-01T00:07:03.649+0000] {logging_mixin.py:190} INFO - [2025-02-01T00:07:03.649+0000] {dagbag.py:587} INFO - Filling up the DagBag from /home/airflow/.local/lib/python3.12/site-packages/airflow/example_dags/tutorial_taskflow_api.py
[2025-02-01T00:07:03.656+0000] {processor.py:925} INFO - DAG(s) 'tutorial_taskflow_api' retrieved from /home/airflow/.local/lib/python3.12/site-packages/airflow/example_dags/tutorial_taskflow_api.py
[2025-02-01T00:07:03.675+0000] {logging_mixin.py:190} INFO - [2025-02-01T00:07:03.675+0000] {dag.py:3211} INFO - Sync 1 DAGs
[2025-02-01T00:07:03.688+0000] {logging_mixin.py:190} INFO - [2025-02-01T00:07:03.687+0000] {dag.py:4138} INFO - Setting next_dagrun for tutorial_taskflow_api to None, run_after=None
[2025-02-01T00:07:03.708+0000] {processor.py:208} INFO - Processing /home/airflow/.local/lib/python3.12/site-packages/airflow/example_dags/tutorial_taskflow_api.py took 0.066 seconds
[2025-02-01T00:07:34.082+0000] {processor.py:186} INFO - Started process (PID=26005) to work on /home/airflow/.local/lib/python3.12/site-packages/airflow/example_dags/tutorial_taskflow_api.py
[2025-02-01T00:07:34.084+0000] {processor.py:914} INFO - Processing file /home/airflow/.local/lib/python3.12/site-packages/airflow/example_dags/tutorial_taskflow_api.py for tasks to queue
[2025-02-01T00:07:34.085+0000] {logging_mixin.py:190} INFO - [2025-02-01T00:07:34.085+0000] {dagbag.py:587} INFO - Filling up the DagBag from /home/airflow/.local/lib/python3.12/site-packages/airflow/example_dags/tutorial_taskflow_api.py
[2025-02-01T00:07:34.091+0000] {processor.py:925} INFO - DAG(s) 'tutorial_taskflow_api' retrieved from /home/airflow/.local/lib/python3.12/site-packages/airflow/example_dags/tutorial_taskflow_api.py
[2025-02-01T00:07:34.109+0000] {logging_mixin.py:190} INFO - [2025-02-01T00:07:34.109+0000] {dag.py:3211} INFO - Sync 1 DAGs
[2025-02-01T00:07:34.122+0000] {logging_mixin.py:190} INFO - [2025-02-01T00:07:34.122+0000] {dag.py:4138} INFO - Setting next_dagrun for tutorial_taskflow_api to None, run_after=None
[2025-02-01T00:07:34.140+0000] {processor.py:208} INFO - Processing /home/airflow/.local/lib/python3.12/site-packages/airflow/example_dags/tutorial_taskflow_api.py took 0.064 seconds
[2025-02-01T00:08:04.367+0000] {processor.py:186} INFO - Started process (PID=26068) to work on /home/airflow/.local/lib/python3.12/site-packages/airflow/example_dags/tutorial_taskflow_api.py
[2025-02-01T00:08:04.367+0000] {processor.py:914} INFO - Processing file /home/airflow/.local/lib/python3.12/site-packages/airflow/example_dags/tutorial_taskflow_api.py for tasks to queue
[2025-02-01T00:08:04.369+0000] {logging_mixin.py:190} INFO - [2025-02-01T00:08:04.368+0000] {dagbag.py:587} INFO - Filling up the DagBag from /home/airflow/.local/lib/python3.12/site-packages/airflow/example_dags/tutorial_taskflow_api.py
[2025-02-01T00:08:04.375+0000] {processor.py:925} INFO - DAG(s) 'tutorial_taskflow_api' retrieved from /home/airflow/.local/lib/python3.12/site-packages/airflow/example_dags/tutorial_taskflow_api.py
[2025-02-01T00:08:04.392+0000] {logging_mixin.py:190} INFO - [2025-02-01T00:08:04.392+0000] {dag.py:3211} INFO - Sync 1 DAGs
[2025-02-01T00:08:04.405+0000] {logging_mixin.py:190} INFO - [2025-02-01T00:08:04.404+0000] {dag.py:4138} INFO - Setting next_dagrun for tutorial_taskflow_api to None, run_after=None
[2025-02-01T00:08:04.423+0000] {processor.py:208} INFO - Processing /home/airflow/.local/lib/python3.12/site-packages/airflow/example_dags/tutorial_taskflow_api.py took 0.061 seconds
[2025-02-01T00:08:34.784+0000] {processor.py:186} INFO - Started process (PID=26131) to work on /home/airflow/.local/lib/python3.12/site-packages/airflow/example_dags/tutorial_taskflow_api.py
[2025-02-01T00:08:34.785+0000] {processor.py:914} INFO - Processing file /home/airflow/.local/lib/python3.12/site-packages/airflow/example_dags/tutorial_taskflow_api.py for tasks to queue
[2025-02-01T00:08:34.786+0000] {logging_mixin.py:190} INFO - [2025-02-01T00:08:34.786+0000] {dagbag.py:587} INFO - Filling up the DagBag from /home/airflow/.local/lib/python3.12/site-packages/airflow/example_dags/tutorial_taskflow_api.py
[2025-02-01T00:08:34.792+0000] {processor.py:925} INFO - DAG(s) 'tutorial_taskflow_api' retrieved from /home/airflow/.local/lib/python3.12/site-packages/airflow/example_dags/tutorial_taskflow_api.py
[2025-02-01T00:08:34.808+0000] {logging_mixin.py:190} INFO - [2025-02-01T00:08:34.807+0000] {dag.py:3211} INFO - Sync 1 DAGs
[2025-02-01T00:08:34.820+0000] {logging_mixin.py:190} INFO - [2025-02-01T00:08:34.819+0000] {dag.py:4138} INFO - Setting next_dagrun for tutorial_taskflow_api to None, run_after=None
[2025-02-01T00:08:34.839+0000] {processor.py:208} INFO - Processing /home/airflow/.local/lib/python3.12/site-packages/airflow/example_dags/tutorial_taskflow_api.py took 0.059 seconds
[2025-02-01T00:09:04.977+0000] {processor.py:186} INFO - Started process (PID=26194) to work on /home/airflow/.local/lib/python3.12/site-packages/airflow/example_dags/tutorial_taskflow_api.py
[2025-02-01T00:09:04.978+0000] {processor.py:914} INFO - Processing file /home/airflow/.local/lib/python3.12/site-packages/airflow/example_dags/tutorial_taskflow_api.py for tasks to queue
[2025-02-01T00:09:04.979+0000] {logging_mixin.py:190} INFO - [2025-02-01T00:09:04.979+0000] {dagbag.py:587} INFO - Filling up the DagBag from /home/airflow/.local/lib/python3.12/site-packages/airflow/example_dags/tutorial_taskflow_api.py
[2025-02-01T00:09:04.985+0000] {processor.py:925} INFO - DAG(s) 'tutorial_taskflow_api' retrieved from /home/airflow/.local/lib/python3.12/site-packages/airflow/example_dags/tutorial_taskflow_api.py
[2025-02-01T00:09:05.002+0000] {logging_mixin.py:190} INFO - [2025-02-01T00:09:05.001+0000] {dag.py:3211} INFO - Sync 1 DAGs
[2025-02-01T00:09:05.013+0000] {logging_mixin.py:190} INFO - [2025-02-01T00:09:05.013+0000] {dag.py:4138} INFO - Setting next_dagrun for tutorial_taskflow_api to None, run_after=None
[2025-02-01T00:09:05.031+0000] {processor.py:208} INFO - Processing /home/airflow/.local/lib/python3.12/site-packages/airflow/example_dags/tutorial_taskflow_api.py took 0.058 seconds
[2025-02-01T00:09:35.129+0000] {processor.py:186} INFO - Started process (PID=26257) to work on /home/airflow/.local/lib/python3.12/site-packages/airflow/example_dags/tutorial_taskflow_api.py
[2025-02-01T00:09:35.130+0000] {processor.py:914} INFO - Processing file /home/airflow/.local/lib/python3.12/site-packages/airflow/example_dags/tutorial_taskflow_api.py for tasks to queue
[2025-02-01T00:09:35.131+0000] {logging_mixin.py:190} INFO - [2025-02-01T00:09:35.130+0000] {dagbag.py:587} INFO - Filling up the DagBag from /home/airflow/.local/lib/python3.12/site-packages/airflow/example_dags/tutorial_taskflow_api.py
[2025-02-01T00:09:35.137+0000] {processor.py:925} INFO - DAG(s) 'tutorial_taskflow_api' retrieved from /home/airflow/.local/lib/python3.12/site-packages/airflow/example_dags/tutorial_taskflow_api.py
[2025-02-01T00:09:35.153+0000] {logging_mixin.py:190} INFO - [2025-02-01T00:09:35.153+0000] {dag.py:3211} INFO - Sync 1 DAGs
[2025-02-01T00:09:35.165+0000] {logging_mixin.py:190} INFO - [2025-02-01T00:09:35.164+0000] {dag.py:4138} INFO - Setting next_dagrun for tutorial_taskflow_api to None, run_after=None
[2025-02-01T00:09:35.184+0000] {processor.py:208} INFO - Processing /home/airflow/.local/lib/python3.12/site-packages/airflow/example_dags/tutorial_taskflow_api.py took 0.060 seconds
[2025-02-01T00:10:05.494+0000] {processor.py:186} INFO - Started process (PID=26320) to work on /home/airflow/.local/lib/python3.12/site-packages/airflow/example_dags/tutorial_taskflow_api.py
[2025-02-01T00:10:05.495+0000] {processor.py:914} INFO - Processing file /home/airflow/.local/lib/python3.12/site-packages/airflow/example_dags/tutorial_taskflow_api.py for tasks to queue
[2025-02-01T00:10:05.495+0000] {logging_mixin.py:190} INFO - [2025-02-01T00:10:05.495+0000] {dagbag.py:587} INFO - Filling up the DagBag from /home/airflow/.local/lib/python3.12/site-packages/airflow/example_dags/tutorial_taskflow_api.py
[2025-02-01T00:10:05.502+0000] {processor.py:925} INFO - DAG(s) 'tutorial_taskflow_api' retrieved from /home/airflow/.local/lib/python3.12/site-packages/airflow/example_dags/tutorial_taskflow_api.py
[2025-02-01T00:10:05.518+0000] {logging_mixin.py:190} INFO - [2025-02-01T00:10:05.518+0000] {dag.py:3211} INFO - Sync 1 DAGs
[2025-02-01T00:10:05.530+0000] {logging_mixin.py:190} INFO - [2025-02-01T00:10:05.530+0000] {dag.py:4138} INFO - Setting next_dagrun for tutorial_taskflow_api to None, run_after=None
[2025-02-01T00:10:05.547+0000] {processor.py:208} INFO - Processing /home/airflow/.local/lib/python3.12/site-packages/airflow/example_dags/tutorial_taskflow_api.py took 0.058 seconds
[2025-02-01T00:10:36.078+0000] {processor.py:186} INFO - Started process (PID=26383) to work on /home/airflow/.local/lib/python3.12/site-packages/airflow/example_dags/tutorial_taskflow_api.py
[2025-02-01T00:10:36.079+0000] {processor.py:914} INFO - Processing file /home/airflow/.local/lib/python3.12/site-packages/airflow/example_dags/tutorial_taskflow_api.py for tasks to queue
[2025-02-01T00:10:36.080+0000] {logging_mixin.py:190} INFO - [2025-02-01T00:10:36.080+0000] {dagbag.py:587} INFO - Filling up the DagBag from /home/airflow/.local/lib/python3.12/site-packages/airflow/example_dags/tutorial_taskflow_api.py
[2025-02-01T00:10:36.086+0000] {processor.py:925} INFO - DAG(s) 'tutorial_taskflow_api' retrieved from /home/airflow/.local/lib/python3.12/site-packages/airflow/example_dags/tutorial_taskflow_api.py
[2025-02-01T00:10:36.103+0000] {logging_mixin.py:190} INFO - [2025-02-01T00:10:36.103+0000] {dag.py:3211} INFO - Sync 1 DAGs
[2025-02-01T00:10:36.116+0000] {logging_mixin.py:190} INFO - [2025-02-01T00:10:36.116+0000] {dag.py:4138} INFO - Setting next_dagrun for tutorial_taskflow_api to None, run_after=None
[2025-02-01T00:10:36.133+0000] {processor.py:208} INFO - Processing /home/airflow/.local/lib/python3.12/site-packages/airflow/example_dags/tutorial_taskflow_api.py took 0.060 seconds
[2025-02-01T00:11:06.242+0000] {processor.py:186} INFO - Started process (PID=26446) to work on /home/airflow/.local/lib/python3.12/site-packages/airflow/example_dags/tutorial_taskflow_api.py
[2025-02-01T00:11:06.243+0000] {processor.py:914} INFO - Processing file /home/airflow/.local/lib/python3.12/site-packages/airflow/example_dags/tutorial_taskflow_api.py for tasks to queue
[2025-02-01T00:11:06.244+0000] {logging_mixin.py:190} INFO - [2025-02-01T00:11:06.244+0000] {dagbag.py:587} INFO - Filling up the DagBag from /home/airflow/.local/lib/python3.12/site-packages/airflow/example_dags/tutorial_taskflow_api.py
[2025-02-01T00:11:06.250+0000] {processor.py:925} INFO - DAG(s) 'tutorial_taskflow_api' retrieved from /home/airflow/.local/lib/python3.12/site-packages/airflow/example_dags/tutorial_taskflow_api.py
[2025-02-01T00:11:06.266+0000] {logging_mixin.py:190} INFO - [2025-02-01T00:11:06.266+0000] {dag.py:3211} INFO - Sync 1 DAGs
[2025-02-01T00:11:06.278+0000] {logging_mixin.py:190} INFO - [2025-02-01T00:11:06.277+0000] {dag.py:4138} INFO - Setting next_dagrun for tutorial_taskflow_api to None, run_after=None
[2025-02-01T00:11:06.296+0000] {processor.py:208} INFO - Processing /home/airflow/.local/lib/python3.12/site-packages/airflow/example_dags/tutorial_taskflow_api.py took 0.058 seconds
[2025-02-01T00:11:36.525+0000] {processor.py:186} INFO - Started process (PID=26509) to work on /home/airflow/.local/lib/python3.12/site-packages/airflow/example_dags/tutorial_taskflow_api.py
[2025-02-01T00:11:36.526+0000] {processor.py:914} INFO - Processing file /home/airflow/.local/lib/python3.12/site-packages/airflow/example_dags/tutorial_taskflow_api.py for tasks to queue
[2025-02-01T00:11:36.527+0000] {logging_mixin.py:190} INFO - [2025-02-01T00:11:36.526+0000] {dagbag.py:587} INFO - Filling up the DagBag from /home/airflow/.local/lib/python3.12/site-packages/airflow/example_dags/tutorial_taskflow_api.py
[2025-02-01T00:11:36.535+0000] {processor.py:925} INFO - DAG(s) 'tutorial_taskflow_api' retrieved from /home/airflow/.local/lib/python3.12/site-packages/airflow/example_dags/tutorial_taskflow_api.py
[2025-02-01T00:11:36.552+0000] {logging_mixin.py:190} INFO - [2025-02-01T00:11:36.552+0000] {dag.py:3211} INFO - Sync 1 DAGs
[2025-02-01T00:11:36.564+0000] {logging_mixin.py:190} INFO - [2025-02-01T00:11:36.564+0000] {dag.py:4138} INFO - Setting next_dagrun for tutorial_taskflow_api to None, run_after=None
[2025-02-01T00:11:36.581+0000] {processor.py:208} INFO - Processing /home/airflow/.local/lib/python3.12/site-packages/airflow/example_dags/tutorial_taskflow_api.py took 0.062 seconds
[2025-02-01T00:12:06.808+0000] {processor.py:186} INFO - Started process (PID=26572) to work on /home/airflow/.local/lib/python3.12/site-packages/airflow/example_dags/tutorial_taskflow_api.py
[2025-02-01T00:12:06.809+0000] {processor.py:914} INFO - Processing file /home/airflow/.local/lib/python3.12/site-packages/airflow/example_dags/tutorial_taskflow_api.py for tasks to queue
[2025-02-01T00:12:06.810+0000] {logging_mixin.py:190} INFO - [2025-02-01T00:12:06.810+0000] {dagbag.py:587} INFO - Filling up the DagBag from /home/airflow/.local/lib/python3.12/site-packages/airflow/example_dags/tutorial_taskflow_api.py
[2025-02-01T00:12:06.816+0000] {processor.py:925} INFO - DAG(s) 'tutorial_taskflow_api' retrieved from /home/airflow/.local/lib/python3.12/site-packages/airflow/example_dags/tutorial_taskflow_api.py
[2025-02-01T00:12:06.833+0000] {logging_mixin.py:190} INFO - [2025-02-01T00:12:06.833+0000] {dag.py:3211} INFO - Sync 1 DAGs
[2025-02-01T00:12:06.846+0000] {logging_mixin.py:190} INFO - [2025-02-01T00:12:06.846+0000] {dag.py:4138} INFO - Setting next_dagrun for tutorial_taskflow_api to None, run_after=None
[2025-02-01T00:12:06.863+0000] {processor.py:208} INFO - Processing /home/airflow/.local/lib/python3.12/site-packages/airflow/example_dags/tutorial_taskflow_api.py took 0.060 seconds
[2025-02-01T00:12:37.148+0000] {processor.py:186} INFO - Started process (PID=26635) to work on /home/airflow/.local/lib/python3.12/site-packages/airflow/example_dags/tutorial_taskflow_api.py
[2025-02-01T00:12:37.149+0000] {processor.py:914} INFO - Processing file /home/airflow/.local/lib/python3.12/site-packages/airflow/example_dags/tutorial_taskflow_api.py for tasks to queue
[2025-02-01T00:12:37.150+0000] {logging_mixin.py:190} INFO - [2025-02-01T00:12:37.149+0000] {dagbag.py:587} INFO - Filling up the DagBag from /home/airflow/.local/lib/python3.12/site-packages/airflow/example_dags/tutorial_taskflow_api.py
[2025-02-01T00:12:37.156+0000] {processor.py:925} INFO - DAG(s) 'tutorial_taskflow_api' retrieved from /home/airflow/.local/lib/python3.12/site-packages/airflow/example_dags/tutorial_taskflow_api.py
[2025-02-01T00:12:37.172+0000] {logging_mixin.py:190} INFO - [2025-02-01T00:12:37.172+0000] {dag.py:3211} INFO - Sync 1 DAGs
[2025-02-01T00:12:37.184+0000] {logging_mixin.py:190} INFO - [2025-02-01T00:12:37.184+0000] {dag.py:4138} INFO - Setting next_dagrun for tutorial_taskflow_api to None, run_after=None
[2025-02-01T00:12:37.204+0000] {processor.py:208} INFO - Processing /home/airflow/.local/lib/python3.12/site-packages/airflow/example_dags/tutorial_taskflow_api.py took 0.061 seconds
[2025-02-01T00:13:07.339+0000] {processor.py:186} INFO - Started process (PID=26698) to work on /home/airflow/.local/lib/python3.12/site-packages/airflow/example_dags/tutorial_taskflow_api.py
[2025-02-01T00:13:07.340+0000] {processor.py:914} INFO - Processing file /home/airflow/.local/lib/python3.12/site-packages/airflow/example_dags/tutorial_taskflow_api.py for tasks to queue
[2025-02-01T00:13:07.341+0000] {logging_mixin.py:190} INFO - [2025-02-01T00:13:07.341+0000] {dagbag.py:587} INFO - Filling up the DagBag from /home/airflow/.local/lib/python3.12/site-packages/airflow/example_dags/tutorial_taskflow_api.py
[2025-02-01T00:13:07.348+0000] {processor.py:925} INFO - DAG(s) 'tutorial_taskflow_api' retrieved from /home/airflow/.local/lib/python3.12/site-packages/airflow/example_dags/tutorial_taskflow_api.py
[2025-02-01T00:13:07.367+0000] {logging_mixin.py:190} INFO - [2025-02-01T00:13:07.367+0000] {dag.py:3211} INFO - Sync 1 DAGs
[2025-02-01T00:13:07.379+0000] {logging_mixin.py:190} INFO - [2025-02-01T00:13:07.379+0000] {dag.py:4138} INFO - Setting next_dagrun for tutorial_taskflow_api to None, run_after=None
[2025-02-01T00:13:07.399+0000] {processor.py:208} INFO - Processing /home/airflow/.local/lib/python3.12/site-packages/airflow/example_dags/tutorial_taskflow_api.py took 0.064 seconds
[2025-02-01T00:13:37.549+0000] {processor.py:186} INFO - Started process (PID=26761) to work on /home/airflow/.local/lib/python3.12/site-packages/airflow/example_dags/tutorial_taskflow_api.py
[2025-02-01T00:13:37.550+0000] {processor.py:914} INFO - Processing file /home/airflow/.local/lib/python3.12/site-packages/airflow/example_dags/tutorial_taskflow_api.py for tasks to queue
[2025-02-01T00:13:37.551+0000] {logging_mixin.py:190} INFO - [2025-02-01T00:13:37.551+0000] {dagbag.py:587} INFO - Filling up the DagBag from /home/airflow/.local/lib/python3.12/site-packages/airflow/example_dags/tutorial_taskflow_api.py
[2025-02-01T00:13:37.561+0000] {processor.py:925} INFO - DAG(s) 'tutorial_taskflow_api' retrieved from /home/airflow/.local/lib/python3.12/site-packages/airflow/example_dags/tutorial_taskflow_api.py
[2025-02-01T00:13:37.583+0000] {logging_mixin.py:190} INFO - [2025-02-01T00:13:37.583+0000] {dag.py:3211} INFO - Sync 1 DAGs
[2025-02-01T00:13:37.596+0000] {logging_mixin.py:190} INFO - [2025-02-01T00:13:37.595+0000] {dag.py:4138} INFO - Setting next_dagrun for tutorial_taskflow_api to None, run_after=None
[2025-02-01T00:13:37.618+0000] {processor.py:208} INFO - Processing /home/airflow/.local/lib/python3.12/site-packages/airflow/example_dags/tutorial_taskflow_api.py took 0.076 seconds
[2025-02-01T00:14:07.817+0000] {processor.py:186} INFO - Started process (PID=26824) to work on /home/airflow/.local/lib/python3.12/site-packages/airflow/example_dags/tutorial_taskflow_api.py
[2025-02-01T00:14:07.818+0000] {processor.py:914} INFO - Processing file /home/airflow/.local/lib/python3.12/site-packages/airflow/example_dags/tutorial_taskflow_api.py for tasks to queue
[2025-02-01T00:14:07.819+0000] {logging_mixin.py:190} INFO - [2025-02-01T00:14:07.819+0000] {dagbag.py:587} INFO - Filling up the DagBag from /home/airflow/.local/lib/python3.12/site-packages/airflow/example_dags/tutorial_taskflow_api.py
[2025-02-01T00:14:07.828+0000] {processor.py:925} INFO - DAG(s) 'tutorial_taskflow_api' retrieved from /home/airflow/.local/lib/python3.12/site-packages/airflow/example_dags/tutorial_taskflow_api.py
[2025-02-01T00:14:07.846+0000] {logging_mixin.py:190} INFO - [2025-02-01T00:14:07.846+0000] {dag.py:3211} INFO - Sync 1 DAGs
[2025-02-01T00:14:07.859+0000] {logging_mixin.py:190} INFO - [2025-02-01T00:14:07.859+0000] {dag.py:4138} INFO - Setting next_dagrun for tutorial_taskflow_api to None, run_after=None
[2025-02-01T00:14:07.882+0000] {processor.py:208} INFO - Processing /home/airflow/.local/lib/python3.12/site-packages/airflow/example_dags/tutorial_taskflow_api.py took 0.069 seconds
[2025-02-01T00:14:38.214+0000] {processor.py:186} INFO - Started process (PID=26887) to work on /home/airflow/.local/lib/python3.12/site-packages/airflow/example_dags/tutorial_taskflow_api.py
[2025-02-01T00:14:38.215+0000] {processor.py:914} INFO - Processing file /home/airflow/.local/lib/python3.12/site-packages/airflow/example_dags/tutorial_taskflow_api.py for tasks to queue
[2025-02-01T00:14:38.216+0000] {logging_mixin.py:190} INFO - [2025-02-01T00:14:38.216+0000] {dagbag.py:587} INFO - Filling up the DagBag from /home/airflow/.local/lib/python3.12/site-packages/airflow/example_dags/tutorial_taskflow_api.py
[2025-02-01T00:14:38.224+0000] {processor.py:925} INFO - DAG(s) 'tutorial_taskflow_api' retrieved from /home/airflow/.local/lib/python3.12/site-packages/airflow/example_dags/tutorial_taskflow_api.py
[2025-02-01T00:14:38.241+0000] {logging_mixin.py:190} INFO - [2025-02-01T00:14:38.241+0000] {dag.py:3211} INFO - Sync 1 DAGs
[2025-02-01T00:14:38.256+0000] {logging_mixin.py:190} INFO - [2025-02-01T00:14:38.256+0000] {dag.py:4138} INFO - Setting next_dagrun for tutorial_taskflow_api to None, run_after=None
[2025-02-01T00:14:38.275+0000] {processor.py:208} INFO - Processing /home/airflow/.local/lib/python3.12/site-packages/airflow/example_dags/tutorial_taskflow_api.py took 0.068 seconds
[2025-02-01T00:15:08.617+0000] {processor.py:186} INFO - Started process (PID=26950) to work on /home/airflow/.local/lib/python3.12/site-packages/airflow/example_dags/tutorial_taskflow_api.py
[2025-02-01T00:15:08.618+0000] {processor.py:914} INFO - Processing file /home/airflow/.local/lib/python3.12/site-packages/airflow/example_dags/tutorial_taskflow_api.py for tasks to queue
[2025-02-01T00:15:08.619+0000] {logging_mixin.py:190} INFO - [2025-02-01T00:15:08.619+0000] {dagbag.py:587} INFO - Filling up the DagBag from /home/airflow/.local/lib/python3.12/site-packages/airflow/example_dags/tutorial_taskflow_api.py
[2025-02-01T00:15:08.626+0000] {processor.py:925} INFO - DAG(s) 'tutorial_taskflow_api' retrieved from /home/airflow/.local/lib/python3.12/site-packages/airflow/example_dags/tutorial_taskflow_api.py
[2025-02-01T00:15:08.644+0000] {logging_mixin.py:190} INFO - [2025-02-01T00:15:08.644+0000] {dag.py:3211} INFO - Sync 1 DAGs
[2025-02-01T00:15:08.657+0000] {logging_mixin.py:190} INFO - [2025-02-01T00:15:08.657+0000] {dag.py:4138} INFO - Setting next_dagrun for tutorial_taskflow_api to None, run_after=None
[2025-02-01T00:15:08.677+0000] {processor.py:208} INFO - Processing /home/airflow/.local/lib/python3.12/site-packages/airflow/example_dags/tutorial_taskflow_api.py took 0.069 seconds
[2025-02-01T00:15:39.079+0000] {processor.py:186} INFO - Started process (PID=27013) to work on /home/airflow/.local/lib/python3.12/site-packages/airflow/example_dags/tutorial_taskflow_api.py
[2025-02-01T00:15:39.079+0000] {processor.py:914} INFO - Processing file /home/airflow/.local/lib/python3.12/site-packages/airflow/example_dags/tutorial_taskflow_api.py for tasks to queue
[2025-02-01T00:15:39.081+0000] {logging_mixin.py:190} INFO - [2025-02-01T00:15:39.080+0000] {dagbag.py:587} INFO - Filling up the DagBag from /home/airflow/.local/lib/python3.12/site-packages/airflow/example_dags/tutorial_taskflow_api.py
[2025-02-01T00:15:39.087+0000] {processor.py:925} INFO - DAG(s) 'tutorial_taskflow_api' retrieved from /home/airflow/.local/lib/python3.12/site-packages/airflow/example_dags/tutorial_taskflow_api.py
[2025-02-01T00:15:39.103+0000] {logging_mixin.py:190} INFO - [2025-02-01T00:15:39.103+0000] {dag.py:3211} INFO - Sync 1 DAGs
[2025-02-01T00:15:39.114+0000] {logging_mixin.py:190} INFO - [2025-02-01T00:15:39.114+0000] {dag.py:4138} INFO - Setting next_dagrun for tutorial_taskflow_api to None, run_after=None
[2025-02-01T00:15:39.134+0000] {processor.py:208} INFO - Processing /home/airflow/.local/lib/python3.12/site-packages/airflow/example_dags/tutorial_taskflow_api.py took 0.060 seconds
[2025-02-01T00:16:09.294+0000] {processor.py:186} INFO - Started process (PID=27076) to work on /home/airflow/.local/lib/python3.12/site-packages/airflow/example_dags/tutorial_taskflow_api.py
[2025-02-01T00:16:09.295+0000] {processor.py:914} INFO - Processing file /home/airflow/.local/lib/python3.12/site-packages/airflow/example_dags/tutorial_taskflow_api.py for tasks to queue
[2025-02-01T00:16:09.296+0000] {logging_mixin.py:190} INFO - [2025-02-01T00:16:09.296+0000] {dagbag.py:587} INFO - Filling up the DagBag from /home/airflow/.local/lib/python3.12/site-packages/airflow/example_dags/tutorial_taskflow_api.py
[2025-02-01T00:16:09.302+0000] {processor.py:925} INFO - DAG(s) 'tutorial_taskflow_api' retrieved from /home/airflow/.local/lib/python3.12/site-packages/airflow/example_dags/tutorial_taskflow_api.py
[2025-02-01T00:16:09.319+0000] {logging_mixin.py:190} INFO - [2025-02-01T00:16:09.319+0000] {dag.py:3211} INFO - Sync 1 DAGs
[2025-02-01T00:16:09.330+0000] {logging_mixin.py:190} INFO - [2025-02-01T00:16:09.330+0000] {dag.py:4138} INFO - Setting next_dagrun for tutorial_taskflow_api to None, run_after=None
[2025-02-01T00:16:09.347+0000] {processor.py:208} INFO - Processing /home/airflow/.local/lib/python3.12/site-packages/airflow/example_dags/tutorial_taskflow_api.py took 0.058 seconds
