[2025-02-01T00:00:15.973+0000] {processor.py:186} INFO - Started process (PID=25088) to work on /home/airflow/.local/lib/python3.12/site-packages/airflow/example_dags/tutorial_taskflow_api_virtualenv.py
[2025-02-01T00:00:15.974+0000] {processor.py:914} INFO - Processing file /home/airflow/.local/lib/python3.12/site-packages/airflow/example_dags/tutorial_taskflow_api_virtualenv.py for tasks to queue
[2025-02-01T00:00:15.975+0000] {logging_mixin.py:190} INFO - [2025-02-01T00:00:15.975+0000] {dagbag.py:587} INFO - Filling up the DagBag from /home/airflow/.local/lib/python3.12/site-packages/airflow/example_dags/tutorial_taskflow_api_virtualenv.py
[2025-02-01T00:00:15.986+0000] {processor.py:925} INFO - DAG(s) 'tutorial_taskflow_api_virtualenv' retrieved from /home/airflow/.local/lib/python3.12/site-packages/airflow/example_dags/tutorial_taskflow_api_virtualenv.py
[2025-02-01T00:00:16.003+0000] {logging_mixin.py:190} INFO - [2025-02-01T00:00:16.003+0000] {dag.py:3211} INFO - Sync 1 DAGs
[2025-02-01T00:00:16.016+0000] {logging_mixin.py:190} INFO - [2025-02-01T00:00:16.015+0000] {dag.py:4138} INFO - Setting next_dagrun for tutorial_taskflow_api_virtualenv to None, run_after=None
[2025-02-01T00:00:16.033+0000] {processor.py:208} INFO - Processing /home/airflow/.local/lib/python3.12/site-packages/airflow/example_dags/tutorial_taskflow_api_virtualenv.py took 0.065 seconds
[2025-02-01T00:00:46.328+0000] {processor.py:186} INFO - Started process (PID=25151) to work on /home/airflow/.local/lib/python3.12/site-packages/airflow/example_dags/tutorial_taskflow_api_virtualenv.py
[2025-02-01T00:00:46.329+0000] {processor.py:914} INFO - Processing file /home/airflow/.local/lib/python3.12/site-packages/airflow/example_dags/tutorial_taskflow_api_virtualenv.py for tasks to queue
[2025-02-01T00:00:46.330+0000] {logging_mixin.py:190} INFO - [2025-02-01T00:00:46.329+0000] {dagbag.py:587} INFO - Filling up the DagBag from /home/airflow/.local/lib/python3.12/site-packages/airflow/example_dags/tutorial_taskflow_api_virtualenv.py
[2025-02-01T00:00:46.340+0000] {processor.py:925} INFO - DAG(s) 'tutorial_taskflow_api_virtualenv' retrieved from /home/airflow/.local/lib/python3.12/site-packages/airflow/example_dags/tutorial_taskflow_api_virtualenv.py
[2025-02-01T00:00:46.359+0000] {logging_mixin.py:190} INFO - [2025-02-01T00:00:46.358+0000] {dag.py:3211} INFO - Sync 1 DAGs
[2025-02-01T00:00:46.371+0000] {logging_mixin.py:190} INFO - [2025-02-01T00:00:46.371+0000] {dag.py:4138} INFO - Setting next_dagrun for tutorial_taskflow_api_virtualenv to None, run_after=None
[2025-02-01T00:00:46.394+0000] {processor.py:208} INFO - Processing /home/airflow/.local/lib/python3.12/site-packages/airflow/example_dags/tutorial_taskflow_api_virtualenv.py took 0.072 seconds
[2025-02-01T00:01:16.642+0000] {processor.py:186} INFO - Started process (PID=25214) to work on /home/airflow/.local/lib/python3.12/site-packages/airflow/example_dags/tutorial_taskflow_api_virtualenv.py
[2025-02-01T00:01:16.643+0000] {processor.py:914} INFO - Processing file /home/airflow/.local/lib/python3.12/site-packages/airflow/example_dags/tutorial_taskflow_api_virtualenv.py for tasks to queue
[2025-02-01T00:01:16.644+0000] {logging_mixin.py:190} INFO - [2025-02-01T00:01:16.644+0000] {dagbag.py:587} INFO - Filling up the DagBag from /home/airflow/.local/lib/python3.12/site-packages/airflow/example_dags/tutorial_taskflow_api_virtualenv.py
[2025-02-01T00:01:16.654+0000] {processor.py:925} INFO - DAG(s) 'tutorial_taskflow_api_virtualenv' retrieved from /home/airflow/.local/lib/python3.12/site-packages/airflow/example_dags/tutorial_taskflow_api_virtualenv.py
[2025-02-01T00:01:16.673+0000] {logging_mixin.py:190} INFO - [2025-02-01T00:01:16.672+0000] {dag.py:3211} INFO - Sync 1 DAGs
[2025-02-01T00:01:16.685+0000] {logging_mixin.py:190} INFO - [2025-02-01T00:01:16.685+0000] {dag.py:4138} INFO - Setting next_dagrun for tutorial_taskflow_api_virtualenv to None, run_after=None
[2025-02-01T00:01:16.704+0000] {processor.py:208} INFO - Processing /home/airflow/.local/lib/python3.12/site-packages/airflow/example_dags/tutorial_taskflow_api_virtualenv.py took 0.067 seconds
[2025-02-01T00:01:46.923+0000] {processor.py:186} INFO - Started process (PID=25277) to work on /home/airflow/.local/lib/python3.12/site-packages/airflow/example_dags/tutorial_taskflow_api_virtualenv.py
[2025-02-01T00:01:46.924+0000] {processor.py:914} INFO - Processing file /home/airflow/.local/lib/python3.12/site-packages/airflow/example_dags/tutorial_taskflow_api_virtualenv.py for tasks to queue
[2025-02-01T00:01:46.925+0000] {logging_mixin.py:190} INFO - [2025-02-01T00:01:46.925+0000] {dagbag.py:587} INFO - Filling up the DagBag from /home/airflow/.local/lib/python3.12/site-packages/airflow/example_dags/tutorial_taskflow_api_virtualenv.py
[2025-02-01T00:01:46.936+0000] {processor.py:925} INFO - DAG(s) 'tutorial_taskflow_api_virtualenv' retrieved from /home/airflow/.local/lib/python3.12/site-packages/airflow/example_dags/tutorial_taskflow_api_virtualenv.py
[2025-02-01T00:01:46.953+0000] {logging_mixin.py:190} INFO - [2025-02-01T00:01:46.953+0000] {dag.py:3211} INFO - Sync 1 DAGs
[2025-02-01T00:01:46.966+0000] {logging_mixin.py:190} INFO - [2025-02-01T00:01:46.966+0000] {dag.py:4138} INFO - Setting next_dagrun for tutorial_taskflow_api_virtualenv to None, run_after=None
[2025-02-01T00:01:46.984+0000] {processor.py:208} INFO - Processing /home/airflow/.local/lib/python3.12/site-packages/airflow/example_dags/tutorial_taskflow_api_virtualenv.py took 0.066 seconds
[2025-02-01T00:02:18.132+0000] {processor.py:186} INFO - Started process (PID=25340) to work on /home/airflow/.local/lib/python3.12/site-packages/airflow/example_dags/tutorial_taskflow_api_virtualenv.py
[2025-02-01T00:02:18.133+0000] {processor.py:914} INFO - Processing file /home/airflow/.local/lib/python3.12/site-packages/airflow/example_dags/tutorial_taskflow_api_virtualenv.py for tasks to queue
[2025-02-01T00:02:18.134+0000] {logging_mixin.py:190} INFO - [2025-02-01T00:02:18.134+0000] {dagbag.py:587} INFO - Filling up the DagBag from /home/airflow/.local/lib/python3.12/site-packages/airflow/example_dags/tutorial_taskflow_api_virtualenv.py
[2025-02-01T00:02:18.144+0000] {processor.py:925} INFO - DAG(s) 'tutorial_taskflow_api_virtualenv' retrieved from /home/airflow/.local/lib/python3.12/site-packages/airflow/example_dags/tutorial_taskflow_api_virtualenv.py
[2025-02-01T00:02:18.162+0000] {logging_mixin.py:190} INFO - [2025-02-01T00:02:18.161+0000] {dag.py:3211} INFO - Sync 1 DAGs
[2025-02-01T00:02:18.175+0000] {logging_mixin.py:190} INFO - [2025-02-01T00:02:18.175+0000] {dag.py:4138} INFO - Setting next_dagrun for tutorial_taskflow_api_virtualenv to None, run_after=None
[2025-02-01T00:02:18.195+0000] {processor.py:208} INFO - Processing /home/airflow/.local/lib/python3.12/site-packages/airflow/example_dags/tutorial_taskflow_api_virtualenv.py took 0.068 seconds
[2025-02-01T00:02:49.349+0000] {processor.py:186} INFO - Started process (PID=25403) to work on /home/airflow/.local/lib/python3.12/site-packages/airflow/example_dags/tutorial_taskflow_api_virtualenv.py
[2025-02-01T00:02:49.350+0000] {processor.py:914} INFO - Processing file /home/airflow/.local/lib/python3.12/site-packages/airflow/example_dags/tutorial_taskflow_api_virtualenv.py for tasks to queue
[2025-02-01T00:02:49.351+0000] {logging_mixin.py:190} INFO - [2025-02-01T00:02:49.351+0000] {dagbag.py:587} INFO - Filling up the DagBag from /home/airflow/.local/lib/python3.12/site-packages/airflow/example_dags/tutorial_taskflow_api_virtualenv.py
[2025-02-01T00:02:49.361+0000] {processor.py:925} INFO - DAG(s) 'tutorial_taskflow_api_virtualenv' retrieved from /home/airflow/.local/lib/python3.12/site-packages/airflow/example_dags/tutorial_taskflow_api_virtualenv.py
[2025-02-01T00:02:49.381+0000] {logging_mixin.py:190} INFO - [2025-02-01T00:02:49.380+0000] {dag.py:3211} INFO - Sync 1 DAGs
[2025-02-01T00:02:49.394+0000] {logging_mixin.py:190} INFO - [2025-02-01T00:02:49.394+0000] {dag.py:4138} INFO - Setting next_dagrun for tutorial_taskflow_api_virtualenv to None, run_after=None
[2025-02-01T00:02:49.413+0000] {processor.py:208} INFO - Processing /home/airflow/.local/lib/python3.12/site-packages/airflow/example_dags/tutorial_taskflow_api_virtualenv.py took 0.069 seconds
[2025-02-01T00:03:19.596+0000] {processor.py:186} INFO - Started process (PID=25466) to work on /home/airflow/.local/lib/python3.12/site-packages/airflow/example_dags/tutorial_taskflow_api_virtualenv.py
[2025-02-01T00:03:19.597+0000] {processor.py:914} INFO - Processing file /home/airflow/.local/lib/python3.12/site-packages/airflow/example_dags/tutorial_taskflow_api_virtualenv.py for tasks to queue
[2025-02-01T00:03:19.598+0000] {logging_mixin.py:190} INFO - [2025-02-01T00:03:19.598+0000] {dagbag.py:587} INFO - Filling up the DagBag from /home/airflow/.local/lib/python3.12/site-packages/airflow/example_dags/tutorial_taskflow_api_virtualenv.py
[2025-02-01T00:03:19.609+0000] {processor.py:925} INFO - DAG(s) 'tutorial_taskflow_api_virtualenv' retrieved from /home/airflow/.local/lib/python3.12/site-packages/airflow/example_dags/tutorial_taskflow_api_virtualenv.py
[2025-02-01T00:03:19.628+0000] {logging_mixin.py:190} INFO - [2025-02-01T00:03:19.628+0000] {dag.py:3211} INFO - Sync 1 DAGs
[2025-02-01T00:03:19.641+0000] {logging_mixin.py:190} INFO - [2025-02-01T00:03:19.641+0000] {dag.py:4138} INFO - Setting next_dagrun for tutorial_taskflow_api_virtualenv to None, run_after=None
[2025-02-01T00:03:19.660+0000] {processor.py:208} INFO - Processing /home/airflow/.local/lib/python3.12/site-packages/airflow/example_dags/tutorial_taskflow_api_virtualenv.py took 0.069 seconds
[2025-02-01T00:03:50.760+0000] {processor.py:186} INFO - Started process (PID=25529) to work on /home/airflow/.local/lib/python3.12/site-packages/airflow/example_dags/tutorial_taskflow_api_virtualenv.py
[2025-02-01T00:03:50.761+0000] {processor.py:914} INFO - Processing file /home/airflow/.local/lib/python3.12/site-packages/airflow/example_dags/tutorial_taskflow_api_virtualenv.py for tasks to queue
[2025-02-01T00:03:50.762+0000] {logging_mixin.py:190} INFO - [2025-02-01T00:03:50.762+0000] {dagbag.py:587} INFO - Filling up the DagBag from /home/airflow/.local/lib/python3.12/site-packages/airflow/example_dags/tutorial_taskflow_api_virtualenv.py
[2025-02-01T00:03:50.771+0000] {processor.py:925} INFO - DAG(s) 'tutorial_taskflow_api_virtualenv' retrieved from /home/airflow/.local/lib/python3.12/site-packages/airflow/example_dags/tutorial_taskflow_api_virtualenv.py
[2025-02-01T00:03:50.794+0000] {logging_mixin.py:190} INFO - [2025-02-01T00:03:50.793+0000] {dag.py:3211} INFO - Sync 1 DAGs
[2025-02-01T00:03:50.812+0000] {logging_mixin.py:190} INFO - [2025-02-01T00:03:50.812+0000] {dag.py:4138} INFO - Setting next_dagrun for tutorial_taskflow_api_virtualenv to None, run_after=None
[2025-02-01T00:03:50.841+0000] {processor.py:208} INFO - Processing /home/airflow/.local/lib/python3.12/site-packages/airflow/example_dags/tutorial_taskflow_api_virtualenv.py took 0.085 seconds
[2025-02-01T00:04:20.990+0000] {processor.py:186} INFO - Started process (PID=25592) to work on /home/airflow/.local/lib/python3.12/site-packages/airflow/example_dags/tutorial_taskflow_api_virtualenv.py
[2025-02-01T00:04:20.991+0000] {processor.py:914} INFO - Processing file /home/airflow/.local/lib/python3.12/site-packages/airflow/example_dags/tutorial_taskflow_api_virtualenv.py for tasks to queue
[2025-02-01T00:04:20.993+0000] {logging_mixin.py:190} INFO - [2025-02-01T00:04:20.992+0000] {dagbag.py:587} INFO - Filling up the DagBag from /home/airflow/.local/lib/python3.12/site-packages/airflow/example_dags/tutorial_taskflow_api_virtualenv.py
[2025-02-01T00:04:21.001+0000] {processor.py:925} INFO - DAG(s) 'tutorial_taskflow_api_virtualenv' retrieved from /home/airflow/.local/lib/python3.12/site-packages/airflow/example_dags/tutorial_taskflow_api_virtualenv.py
[2025-02-01T00:04:21.019+0000] {logging_mixin.py:190} INFO - [2025-02-01T00:04:21.019+0000] {dag.py:3211} INFO - Sync 1 DAGs
[2025-02-01T00:04:21.031+0000] {logging_mixin.py:190} INFO - [2025-02-01T00:04:21.030+0000] {dag.py:4138} INFO - Setting next_dagrun for tutorial_taskflow_api_virtualenv to None, run_after=None
[2025-02-01T00:04:21.047+0000] {processor.py:208} INFO - Processing /home/airflow/.local/lib/python3.12/site-packages/airflow/example_dags/tutorial_taskflow_api_virtualenv.py took 0.061 seconds
[2025-02-01T00:04:52.122+0000] {processor.py:186} INFO - Started process (PID=25655) to work on /home/airflow/.local/lib/python3.12/site-packages/airflow/example_dags/tutorial_taskflow_api_virtualenv.py
[2025-02-01T00:04:52.123+0000] {processor.py:914} INFO - Processing file /home/airflow/.local/lib/python3.12/site-packages/airflow/example_dags/tutorial_taskflow_api_virtualenv.py for tasks to queue
[2025-02-01T00:04:52.124+0000] {logging_mixin.py:190} INFO - [2025-02-01T00:04:52.124+0000] {dagbag.py:587} INFO - Filling up the DagBag from /home/airflow/.local/lib/python3.12/site-packages/airflow/example_dags/tutorial_taskflow_api_virtualenv.py
[2025-02-01T00:04:52.134+0000] {processor.py:925} INFO - DAG(s) 'tutorial_taskflow_api_virtualenv' retrieved from /home/airflow/.local/lib/python3.12/site-packages/airflow/example_dags/tutorial_taskflow_api_virtualenv.py
[2025-02-01T00:04:52.151+0000] {logging_mixin.py:190} INFO - [2025-02-01T00:04:52.150+0000] {dag.py:3211} INFO - Sync 1 DAGs
[2025-02-01T00:04:52.162+0000] {logging_mixin.py:190} INFO - [2025-02-01T00:04:52.162+0000] {dag.py:4138} INFO - Setting next_dagrun for tutorial_taskflow_api_virtualenv to None, run_after=None
[2025-02-01T00:04:52.179+0000] {processor.py:208} INFO - Processing /home/airflow/.local/lib/python3.12/site-packages/airflow/example_dags/tutorial_taskflow_api_virtualenv.py took 0.061 seconds
[2025-02-01T00:05:22.411+0000] {processor.py:186} INFO - Started process (PID=25718) to work on /home/airflow/.local/lib/python3.12/site-packages/airflow/example_dags/tutorial_taskflow_api_virtualenv.py
[2025-02-01T00:05:22.412+0000] {processor.py:914} INFO - Processing file /home/airflow/.local/lib/python3.12/site-packages/airflow/example_dags/tutorial_taskflow_api_virtualenv.py for tasks to queue
[2025-02-01T00:05:22.414+0000] {logging_mixin.py:190} INFO - [2025-02-01T00:05:22.413+0000] {dagbag.py:587} INFO - Filling up the DagBag from /home/airflow/.local/lib/python3.12/site-packages/airflow/example_dags/tutorial_taskflow_api_virtualenv.py
[2025-02-01T00:05:22.423+0000] {processor.py:925} INFO - DAG(s) 'tutorial_taskflow_api_virtualenv' retrieved from /home/airflow/.local/lib/python3.12/site-packages/airflow/example_dags/tutorial_taskflow_api_virtualenv.py
[2025-02-01T00:05:22.440+0000] {logging_mixin.py:190} INFO - [2025-02-01T00:05:22.440+0000] {dag.py:3211} INFO - Sync 1 DAGs
[2025-02-01T00:05:22.453+0000] {logging_mixin.py:190} INFO - [2025-02-01T00:05:22.453+0000] {dag.py:4138} INFO - Setting next_dagrun for tutorial_taskflow_api_virtualenv to None, run_after=None
[2025-02-01T00:05:22.472+0000] {processor.py:208} INFO - Processing /home/airflow/.local/lib/python3.12/site-packages/airflow/example_dags/tutorial_taskflow_api_virtualenv.py took 0.065 seconds
[2025-02-01T00:05:52.777+0000] {processor.py:186} INFO - Started process (PID=25781) to work on /home/airflow/.local/lib/python3.12/site-packages/airflow/example_dags/tutorial_taskflow_api_virtualenv.py
[2025-02-01T00:05:52.778+0000] {processor.py:914} INFO - Processing file /home/airflow/.local/lib/python3.12/site-packages/airflow/example_dags/tutorial_taskflow_api_virtualenv.py for tasks to queue
[2025-02-01T00:05:52.779+0000] {logging_mixin.py:190} INFO - [2025-02-01T00:05:52.779+0000] {dagbag.py:587} INFO - Filling up the DagBag from /home/airflow/.local/lib/python3.12/site-packages/airflow/example_dags/tutorial_taskflow_api_virtualenv.py
[2025-02-01T00:05:52.789+0000] {processor.py:925} INFO - DAG(s) 'tutorial_taskflow_api_virtualenv' retrieved from /home/airflow/.local/lib/python3.12/site-packages/airflow/example_dags/tutorial_taskflow_api_virtualenv.py
[2025-02-01T00:05:52.807+0000] {logging_mixin.py:190} INFO - [2025-02-01T00:05:52.806+0000] {dag.py:3211} INFO - Sync 1 DAGs
[2025-02-01T00:05:52.819+0000] {logging_mixin.py:190} INFO - [2025-02-01T00:05:52.819+0000] {dag.py:4138} INFO - Setting next_dagrun for tutorial_taskflow_api_virtualenv to None, run_after=None
[2025-02-01T00:05:52.838+0000] {processor.py:208} INFO - Processing /home/airflow/.local/lib/python3.12/site-packages/airflow/example_dags/tutorial_taskflow_api_virtualenv.py took 0.066 seconds
[2025-02-01T00:06:23.065+0000] {processor.py:186} INFO - Started process (PID=25844) to work on /home/airflow/.local/lib/python3.12/site-packages/airflow/example_dags/tutorial_taskflow_api_virtualenv.py
[2025-02-01T00:06:23.066+0000] {processor.py:914} INFO - Processing file /home/airflow/.local/lib/python3.12/site-packages/airflow/example_dags/tutorial_taskflow_api_virtualenv.py for tasks to queue
[2025-02-01T00:06:23.067+0000] {logging_mixin.py:190} INFO - [2025-02-01T00:06:23.067+0000] {dagbag.py:587} INFO - Filling up the DagBag from /home/airflow/.local/lib/python3.12/site-packages/airflow/example_dags/tutorial_taskflow_api_virtualenv.py
[2025-02-01T00:06:23.076+0000] {processor.py:925} INFO - DAG(s) 'tutorial_taskflow_api_virtualenv' retrieved from /home/airflow/.local/lib/python3.12/site-packages/airflow/example_dags/tutorial_taskflow_api_virtualenv.py
[2025-02-01T00:06:23.094+0000] {logging_mixin.py:190} INFO - [2025-02-01T00:06:23.094+0000] {dag.py:3211} INFO - Sync 1 DAGs
[2025-02-01T00:06:23.106+0000] {logging_mixin.py:190} INFO - [2025-02-01T00:06:23.106+0000] {dag.py:4138} INFO - Setting next_dagrun for tutorial_taskflow_api_virtualenv to None, run_after=None
[2025-02-01T00:06:23.124+0000] {processor.py:208} INFO - Processing /home/airflow/.local/lib/python3.12/site-packages/airflow/example_dags/tutorial_taskflow_api_virtualenv.py took 0.063 seconds
[2025-02-01T00:06:53.341+0000] {processor.py:186} INFO - Started process (PID=25907) to work on /home/airflow/.local/lib/python3.12/site-packages/airflow/example_dags/tutorial_taskflow_api_virtualenv.py
[2025-02-01T00:06:53.342+0000] {processor.py:914} INFO - Processing file /home/airflow/.local/lib/python3.12/site-packages/airflow/example_dags/tutorial_taskflow_api_virtualenv.py for tasks to queue
[2025-02-01T00:06:53.343+0000] {logging_mixin.py:190} INFO - [2025-02-01T00:06:53.343+0000] {dagbag.py:587} INFO - Filling up the DagBag from /home/airflow/.local/lib/python3.12/site-packages/airflow/example_dags/tutorial_taskflow_api_virtualenv.py
[2025-02-01T00:06:53.352+0000] {processor.py:925} INFO - DAG(s) 'tutorial_taskflow_api_virtualenv' retrieved from /home/airflow/.local/lib/python3.12/site-packages/airflow/example_dags/tutorial_taskflow_api_virtualenv.py
[2025-02-01T00:06:53.370+0000] {logging_mixin.py:190} INFO - [2025-02-01T00:06:53.370+0000] {dag.py:3211} INFO - Sync 1 DAGs
[2025-02-01T00:06:53.382+0000] {logging_mixin.py:190} INFO - [2025-02-01T00:06:53.382+0000] {dag.py:4138} INFO - Setting next_dagrun for tutorial_taskflow_api_virtualenv to None, run_after=None
[2025-02-01T00:06:53.399+0000] {processor.py:208} INFO - Processing /home/airflow/.local/lib/python3.12/site-packages/airflow/example_dags/tutorial_taskflow_api_virtualenv.py took 0.063 seconds
[2025-02-01T00:07:23.719+0000] {processor.py:186} INFO - Started process (PID=25970) to work on /home/airflow/.local/lib/python3.12/site-packages/airflow/example_dags/tutorial_taskflow_api_virtualenv.py
[2025-02-01T00:07:23.720+0000] {processor.py:914} INFO - Processing file /home/airflow/.local/lib/python3.12/site-packages/airflow/example_dags/tutorial_taskflow_api_virtualenv.py for tasks to queue
[2025-02-01T00:07:23.721+0000] {logging_mixin.py:190} INFO - [2025-02-01T00:07:23.721+0000] {dagbag.py:587} INFO - Filling up the DagBag from /home/airflow/.local/lib/python3.12/site-packages/airflow/example_dags/tutorial_taskflow_api_virtualenv.py
[2025-02-01T00:07:23.732+0000] {processor.py:925} INFO - DAG(s) 'tutorial_taskflow_api_virtualenv' retrieved from /home/airflow/.local/lib/python3.12/site-packages/airflow/example_dags/tutorial_taskflow_api_virtualenv.py
[2025-02-01T00:07:23.750+0000] {logging_mixin.py:190} INFO - [2025-02-01T00:07:23.749+0000] {dag.py:3211} INFO - Sync 1 DAGs
[2025-02-01T00:07:23.761+0000] {logging_mixin.py:190} INFO - [2025-02-01T00:07:23.761+0000] {dag.py:4138} INFO - Setting next_dagrun for tutorial_taskflow_api_virtualenv to None, run_after=None
[2025-02-01T00:07:23.779+0000] {processor.py:208} INFO - Processing /home/airflow/.local/lib/python3.12/site-packages/airflow/example_dags/tutorial_taskflow_api_virtualenv.py took 0.065 seconds
[2025-02-01T00:07:53.973+0000] {processor.py:186} INFO - Started process (PID=26033) to work on /home/airflow/.local/lib/python3.12/site-packages/airflow/example_dags/tutorial_taskflow_api_virtualenv.py
[2025-02-01T00:07:53.973+0000] {processor.py:914} INFO - Processing file /home/airflow/.local/lib/python3.12/site-packages/airflow/example_dags/tutorial_taskflow_api_virtualenv.py for tasks to queue
[2025-02-01T00:07:53.975+0000] {logging_mixin.py:190} INFO - [2025-02-01T00:07:53.974+0000] {dagbag.py:587} INFO - Filling up the DagBag from /home/airflow/.local/lib/python3.12/site-packages/airflow/example_dags/tutorial_taskflow_api_virtualenv.py
[2025-02-01T00:07:53.984+0000] {processor.py:925} INFO - DAG(s) 'tutorial_taskflow_api_virtualenv' retrieved from /home/airflow/.local/lib/python3.12/site-packages/airflow/example_dags/tutorial_taskflow_api_virtualenv.py
[2025-02-01T00:07:54.002+0000] {logging_mixin.py:190} INFO - [2025-02-01T00:07:54.002+0000] {dag.py:3211} INFO - Sync 1 DAGs
[2025-02-01T00:07:54.015+0000] {logging_mixin.py:190} INFO - [2025-02-01T00:07:54.015+0000] {dag.py:4138} INFO - Setting next_dagrun for tutorial_taskflow_api_virtualenv to None, run_after=None
[2025-02-01T00:07:54.034+0000] {processor.py:208} INFO - Processing /home/airflow/.local/lib/python3.12/site-packages/airflow/example_dags/tutorial_taskflow_api_virtualenv.py took 0.066 seconds
[2025-02-01T00:08:24.135+0000] {processor.py:186} INFO - Started process (PID=26095) to work on /home/airflow/.local/lib/python3.12/site-packages/airflow/example_dags/tutorial_taskflow_api_virtualenv.py
[2025-02-01T00:08:24.136+0000] {processor.py:914} INFO - Processing file /home/airflow/.local/lib/python3.12/site-packages/airflow/example_dags/tutorial_taskflow_api_virtualenv.py for tasks to queue
[2025-02-01T00:08:24.137+0000] {logging_mixin.py:190} INFO - [2025-02-01T00:08:24.137+0000] {dagbag.py:587} INFO - Filling up the DagBag from /home/airflow/.local/lib/python3.12/site-packages/airflow/example_dags/tutorial_taskflow_api_virtualenv.py
[2025-02-01T00:08:24.146+0000] {processor.py:925} INFO - DAG(s) 'tutorial_taskflow_api_virtualenv' retrieved from /home/airflow/.local/lib/python3.12/site-packages/airflow/example_dags/tutorial_taskflow_api_virtualenv.py
[2025-02-01T00:08:24.165+0000] {logging_mixin.py:190} INFO - [2025-02-01T00:08:24.165+0000] {dag.py:3211} INFO - Sync 1 DAGs
[2025-02-01T00:08:24.178+0000] {logging_mixin.py:190} INFO - [2025-02-01T00:08:24.178+0000] {dag.py:4138} INFO - Setting next_dagrun for tutorial_taskflow_api_virtualenv to None, run_after=None
[2025-02-01T00:08:24.198+0000] {processor.py:208} INFO - Processing /home/airflow/.local/lib/python3.12/site-packages/airflow/example_dags/tutorial_taskflow_api_virtualenv.py took 0.068 seconds
[2025-02-01T00:08:54.370+0000] {processor.py:186} INFO - Started process (PID=26158) to work on /home/airflow/.local/lib/python3.12/site-packages/airflow/example_dags/tutorial_taskflow_api_virtualenv.py
[2025-02-01T00:08:54.370+0000] {processor.py:914} INFO - Processing file /home/airflow/.local/lib/python3.12/site-packages/airflow/example_dags/tutorial_taskflow_api_virtualenv.py for tasks to queue
[2025-02-01T00:08:54.372+0000] {logging_mixin.py:190} INFO - [2025-02-01T00:08:54.371+0000] {dagbag.py:587} INFO - Filling up the DagBag from /home/airflow/.local/lib/python3.12/site-packages/airflow/example_dags/tutorial_taskflow_api_virtualenv.py
[2025-02-01T00:08:54.381+0000] {processor.py:925} INFO - DAG(s) 'tutorial_taskflow_api_virtualenv' retrieved from /home/airflow/.local/lib/python3.12/site-packages/airflow/example_dags/tutorial_taskflow_api_virtualenv.py
[2025-02-01T00:08:54.398+0000] {logging_mixin.py:190} INFO - [2025-02-01T00:08:54.398+0000] {dag.py:3211} INFO - Sync 1 DAGs
[2025-02-01T00:08:54.411+0000] {logging_mixin.py:190} INFO - [2025-02-01T00:08:54.411+0000] {dag.py:4138} INFO - Setting next_dagrun for tutorial_taskflow_api_virtualenv to None, run_after=None
[2025-02-01T00:08:54.429+0000] {processor.py:208} INFO - Processing /home/airflow/.local/lib/python3.12/site-packages/airflow/example_dags/tutorial_taskflow_api_virtualenv.py took 0.064 seconds
[2025-02-01T00:09:24.606+0000] {processor.py:186} INFO - Started process (PID=26221) to work on /home/airflow/.local/lib/python3.12/site-packages/airflow/example_dags/tutorial_taskflow_api_virtualenv.py
[2025-02-01T00:09:24.607+0000] {processor.py:914} INFO - Processing file /home/airflow/.local/lib/python3.12/site-packages/airflow/example_dags/tutorial_taskflow_api_virtualenv.py for tasks to queue
[2025-02-01T00:09:24.608+0000] {logging_mixin.py:190} INFO - [2025-02-01T00:09:24.608+0000] {dagbag.py:587} INFO - Filling up the DagBag from /home/airflow/.local/lib/python3.12/site-packages/airflow/example_dags/tutorial_taskflow_api_virtualenv.py
[2025-02-01T00:09:24.617+0000] {processor.py:925} INFO - DAG(s) 'tutorial_taskflow_api_virtualenv' retrieved from /home/airflow/.local/lib/python3.12/site-packages/airflow/example_dags/tutorial_taskflow_api_virtualenv.py
[2025-02-01T00:09:24.635+0000] {logging_mixin.py:190} INFO - [2025-02-01T00:09:24.635+0000] {dag.py:3211} INFO - Sync 1 DAGs
[2025-02-01T00:09:24.648+0000] {logging_mixin.py:190} INFO - [2025-02-01T00:09:24.648+0000] {dag.py:4138} INFO - Setting next_dagrun for tutorial_taskflow_api_virtualenv to None, run_after=None
[2025-02-01T00:09:24.670+0000] {processor.py:208} INFO - Processing /home/airflow/.local/lib/python3.12/site-packages/airflow/example_dags/tutorial_taskflow_api_virtualenv.py took 0.069 seconds
[2025-02-01T00:09:54.721+0000] {processor.py:186} INFO - Started process (PID=26283) to work on /home/airflow/.local/lib/python3.12/site-packages/airflow/example_dags/tutorial_taskflow_api_virtualenv.py
[2025-02-01T00:09:54.722+0000] {processor.py:914} INFO - Processing file /home/airflow/.local/lib/python3.12/site-packages/airflow/example_dags/tutorial_taskflow_api_virtualenv.py for tasks to queue
[2025-02-01T00:09:54.724+0000] {logging_mixin.py:190} INFO - [2025-02-01T00:09:54.724+0000] {dagbag.py:587} INFO - Filling up the DagBag from /home/airflow/.local/lib/python3.12/site-packages/airflow/example_dags/tutorial_taskflow_api_virtualenv.py
[2025-02-01T00:09:54.735+0000] {processor.py:925} INFO - DAG(s) 'tutorial_taskflow_api_virtualenv' retrieved from /home/airflow/.local/lib/python3.12/site-packages/airflow/example_dags/tutorial_taskflow_api_virtualenv.py
[2025-02-01T00:09:54.753+0000] {logging_mixin.py:190} INFO - [2025-02-01T00:09:54.753+0000] {dag.py:3211} INFO - Sync 1 DAGs
[2025-02-01T00:09:54.766+0000] {logging_mixin.py:190} INFO - [2025-02-01T00:09:54.765+0000] {dag.py:4138} INFO - Setting next_dagrun for tutorial_taskflow_api_virtualenv to None, run_after=None
[2025-02-01T00:09:54.785+0000] {processor.py:208} INFO - Processing /home/airflow/.local/lib/python3.12/site-packages/airflow/example_dags/tutorial_taskflow_api_virtualenv.py took 0.071 seconds
[2025-02-01T00:10:25.066+0000] {processor.py:186} INFO - Started process (PID=26346) to work on /home/airflow/.local/lib/python3.12/site-packages/airflow/example_dags/tutorial_taskflow_api_virtualenv.py
[2025-02-01T00:10:25.066+0000] {processor.py:914} INFO - Processing file /home/airflow/.local/lib/python3.12/site-packages/airflow/example_dags/tutorial_taskflow_api_virtualenv.py for tasks to queue
[2025-02-01T00:10:25.068+0000] {logging_mixin.py:190} INFO - [2025-02-01T00:10:25.068+0000] {dagbag.py:587} INFO - Filling up the DagBag from /home/airflow/.local/lib/python3.12/site-packages/airflow/example_dags/tutorial_taskflow_api_virtualenv.py
[2025-02-01T00:10:25.077+0000] {processor.py:925} INFO - DAG(s) 'tutorial_taskflow_api_virtualenv' retrieved from /home/airflow/.local/lib/python3.12/site-packages/airflow/example_dags/tutorial_taskflow_api_virtualenv.py
[2025-02-01T00:10:25.094+0000] {logging_mixin.py:190} INFO - [2025-02-01T00:10:25.094+0000] {dag.py:3211} INFO - Sync 1 DAGs
[2025-02-01T00:10:25.106+0000] {logging_mixin.py:190} INFO - [2025-02-01T00:10:25.106+0000] {dag.py:4138} INFO - Setting next_dagrun for tutorial_taskflow_api_virtualenv to None, run_after=None
[2025-02-01T00:10:25.124+0000] {processor.py:208} INFO - Processing /home/airflow/.local/lib/python3.12/site-packages/airflow/example_dags/tutorial_taskflow_api_virtualenv.py took 0.065 seconds
[2025-02-01T00:10:55.495+0000] {processor.py:186} INFO - Started process (PID=26410) to work on /home/airflow/.local/lib/python3.12/site-packages/airflow/example_dags/tutorial_taskflow_api_virtualenv.py
[2025-02-01T00:10:55.496+0000] {processor.py:914} INFO - Processing file /home/airflow/.local/lib/python3.12/site-packages/airflow/example_dags/tutorial_taskflow_api_virtualenv.py for tasks to queue
[2025-02-01T00:10:55.498+0000] {logging_mixin.py:190} INFO - [2025-02-01T00:10:55.498+0000] {dagbag.py:587} INFO - Filling up the DagBag from /home/airflow/.local/lib/python3.12/site-packages/airflow/example_dags/tutorial_taskflow_api_virtualenv.py
[2025-02-01T00:10:55.508+0000] {processor.py:925} INFO - DAG(s) 'tutorial_taskflow_api_virtualenv' retrieved from /home/airflow/.local/lib/python3.12/site-packages/airflow/example_dags/tutorial_taskflow_api_virtualenv.py
[2025-02-01T00:10:55.527+0000] {logging_mixin.py:190} INFO - [2025-02-01T00:10:55.526+0000] {dag.py:3211} INFO - Sync 1 DAGs
[2025-02-01T00:10:55.538+0000] {logging_mixin.py:190} INFO - [2025-02-01T00:10:55.538+0000] {dag.py:4138} INFO - Setting next_dagrun for tutorial_taskflow_api_virtualenv to None, run_after=None
[2025-02-01T00:10:55.556+0000] {processor.py:208} INFO - Processing /home/airflow/.local/lib/python3.12/site-packages/airflow/example_dags/tutorial_taskflow_api_virtualenv.py took 0.065 seconds
[2025-02-01T00:11:25.783+0000] {processor.py:186} INFO - Started process (PID=26473) to work on /home/airflow/.local/lib/python3.12/site-packages/airflow/example_dags/tutorial_taskflow_api_virtualenv.py
[2025-02-01T00:11:25.783+0000] {processor.py:914} INFO - Processing file /home/airflow/.local/lib/python3.12/site-packages/airflow/example_dags/tutorial_taskflow_api_virtualenv.py for tasks to queue
[2025-02-01T00:11:25.785+0000] {logging_mixin.py:190} INFO - [2025-02-01T00:11:25.784+0000] {dagbag.py:587} INFO - Filling up the DagBag from /home/airflow/.local/lib/python3.12/site-packages/airflow/example_dags/tutorial_taskflow_api_virtualenv.py
[2025-02-01T00:11:25.794+0000] {processor.py:925} INFO - DAG(s) 'tutorial_taskflow_api_virtualenv' retrieved from /home/airflow/.local/lib/python3.12/site-packages/airflow/example_dags/tutorial_taskflow_api_virtualenv.py
[2025-02-01T00:11:25.812+0000] {logging_mixin.py:190} INFO - [2025-02-01T00:11:25.812+0000] {dag.py:3211} INFO - Sync 1 DAGs
[2025-02-01T00:11:25.825+0000] {logging_mixin.py:190} INFO - [2025-02-01T00:11:25.825+0000] {dag.py:4138} INFO - Setting next_dagrun for tutorial_taskflow_api_virtualenv to None, run_after=None
[2025-02-01T00:11:25.848+0000] {processor.py:208} INFO - Processing /home/airflow/.local/lib/python3.12/site-packages/airflow/example_dags/tutorial_taskflow_api_virtualenv.py took 0.070 seconds
[2025-02-01T00:11:56.180+0000] {processor.py:186} INFO - Started process (PID=26536) to work on /home/airflow/.local/lib/python3.12/site-packages/airflow/example_dags/tutorial_taskflow_api_virtualenv.py
[2025-02-01T00:11:56.181+0000] {processor.py:914} INFO - Processing file /home/airflow/.local/lib/python3.12/site-packages/airflow/example_dags/tutorial_taskflow_api_virtualenv.py for tasks to queue
[2025-02-01T00:11:56.183+0000] {logging_mixin.py:190} INFO - [2025-02-01T00:11:56.182+0000] {dagbag.py:587} INFO - Filling up the DagBag from /home/airflow/.local/lib/python3.12/site-packages/airflow/example_dags/tutorial_taskflow_api_virtualenv.py
[2025-02-01T00:11:56.192+0000] {processor.py:925} INFO - DAG(s) 'tutorial_taskflow_api_virtualenv' retrieved from /home/airflow/.local/lib/python3.12/site-packages/airflow/example_dags/tutorial_taskflow_api_virtualenv.py
[2025-02-01T00:11:56.209+0000] {logging_mixin.py:190} INFO - [2025-02-01T00:11:56.209+0000] {dag.py:3211} INFO - Sync 1 DAGs
[2025-02-01T00:11:56.223+0000] {logging_mixin.py:190} INFO - [2025-02-01T00:11:56.222+0000] {dag.py:4138} INFO - Setting next_dagrun for tutorial_taskflow_api_virtualenv to None, run_after=None
[2025-02-01T00:11:56.243+0000] {processor.py:208} INFO - Processing /home/airflow/.local/lib/python3.12/site-packages/airflow/example_dags/tutorial_taskflow_api_virtualenv.py took 0.067 seconds
[2025-02-01T00:12:26.518+0000] {processor.py:186} INFO - Started process (PID=26599) to work on /home/airflow/.local/lib/python3.12/site-packages/airflow/example_dags/tutorial_taskflow_api_virtualenv.py
[2025-02-01T00:12:26.519+0000] {processor.py:914} INFO - Processing file /home/airflow/.local/lib/python3.12/site-packages/airflow/example_dags/tutorial_taskflow_api_virtualenv.py for tasks to queue
[2025-02-01T00:12:26.520+0000] {logging_mixin.py:190} INFO - [2025-02-01T00:12:26.520+0000] {dagbag.py:587} INFO - Filling up the DagBag from /home/airflow/.local/lib/python3.12/site-packages/airflow/example_dags/tutorial_taskflow_api_virtualenv.py
[2025-02-01T00:12:26.530+0000] {processor.py:925} INFO - DAG(s) 'tutorial_taskflow_api_virtualenv' retrieved from /home/airflow/.local/lib/python3.12/site-packages/airflow/example_dags/tutorial_taskflow_api_virtualenv.py
[2025-02-01T00:12:26.548+0000] {logging_mixin.py:190} INFO - [2025-02-01T00:12:26.548+0000] {dag.py:3211} INFO - Sync 1 DAGs
[2025-02-01T00:12:26.563+0000] {logging_mixin.py:190} INFO - [2025-02-01T00:12:26.562+0000] {dag.py:4138} INFO - Setting next_dagrun for tutorial_taskflow_api_virtualenv to None, run_after=None
[2025-02-01T00:12:26.584+0000] {processor.py:208} INFO - Processing /home/airflow/.local/lib/python3.12/site-packages/airflow/example_dags/tutorial_taskflow_api_virtualenv.py took 0.070 seconds
[2025-02-01T00:12:56.664+0000] {processor.py:186} INFO - Started process (PID=26661) to work on /home/airflow/.local/lib/python3.12/site-packages/airflow/example_dags/tutorial_taskflow_api_virtualenv.py
[2025-02-01T00:12:56.665+0000] {processor.py:914} INFO - Processing file /home/airflow/.local/lib/python3.12/site-packages/airflow/example_dags/tutorial_taskflow_api_virtualenv.py for tasks to queue
[2025-02-01T00:12:56.667+0000] {logging_mixin.py:190} INFO - [2025-02-01T00:12:56.666+0000] {dagbag.py:587} INFO - Filling up the DagBag from /home/airflow/.local/lib/python3.12/site-packages/airflow/example_dags/tutorial_taskflow_api_virtualenv.py
[2025-02-01T00:12:56.676+0000] {processor.py:925} INFO - DAG(s) 'tutorial_taskflow_api_virtualenv' retrieved from /home/airflow/.local/lib/python3.12/site-packages/airflow/example_dags/tutorial_taskflow_api_virtualenv.py
[2025-02-01T00:12:56.693+0000] {logging_mixin.py:190} INFO - [2025-02-01T00:12:56.693+0000] {dag.py:3211} INFO - Sync 1 DAGs
[2025-02-01T00:12:56.705+0000] {logging_mixin.py:190} INFO - [2025-02-01T00:12:56.705+0000] {dag.py:4138} INFO - Setting next_dagrun for tutorial_taskflow_api_virtualenv to None, run_after=None
[2025-02-01T00:12:56.722+0000] {processor.py:208} INFO - Processing /home/airflow/.local/lib/python3.12/site-packages/airflow/example_dags/tutorial_taskflow_api_virtualenv.py took 0.063 seconds
[2025-02-01T00:13:26.875+0000] {processor.py:186} INFO - Started process (PID=26724) to work on /home/airflow/.local/lib/python3.12/site-packages/airflow/example_dags/tutorial_taskflow_api_virtualenv.py
[2025-02-01T00:13:26.876+0000] {processor.py:914} INFO - Processing file /home/airflow/.local/lib/python3.12/site-packages/airflow/example_dags/tutorial_taskflow_api_virtualenv.py for tasks to queue
[2025-02-01T00:13:26.877+0000] {logging_mixin.py:190} INFO - [2025-02-01T00:13:26.877+0000] {dagbag.py:587} INFO - Filling up the DagBag from /home/airflow/.local/lib/python3.12/site-packages/airflow/example_dags/tutorial_taskflow_api_virtualenv.py
[2025-02-01T00:13:26.887+0000] {processor.py:925} INFO - DAG(s) 'tutorial_taskflow_api_virtualenv' retrieved from /home/airflow/.local/lib/python3.12/site-packages/airflow/example_dags/tutorial_taskflow_api_virtualenv.py
[2025-02-01T00:13:26.902+0000] {logging_mixin.py:190} INFO - [2025-02-01T00:13:26.902+0000] {dag.py:3211} INFO - Sync 1 DAGs
[2025-02-01T00:13:26.913+0000] {logging_mixin.py:190} INFO - [2025-02-01T00:13:26.913+0000] {dag.py:4138} INFO - Setting next_dagrun for tutorial_taskflow_api_virtualenv to None, run_after=None
[2025-02-01T00:13:26.930+0000] {processor.py:208} INFO - Processing /home/airflow/.local/lib/python3.12/site-packages/airflow/example_dags/tutorial_taskflow_api_virtualenv.py took 0.060 seconds
[2025-02-01T00:13:57.136+0000] {processor.py:186} INFO - Started process (PID=26787) to work on /home/airflow/.local/lib/python3.12/site-packages/airflow/example_dags/tutorial_taskflow_api_virtualenv.py
[2025-02-01T00:13:57.137+0000] {processor.py:914} INFO - Processing file /home/airflow/.local/lib/python3.12/site-packages/airflow/example_dags/tutorial_taskflow_api_virtualenv.py for tasks to queue
[2025-02-01T00:13:57.139+0000] {logging_mixin.py:190} INFO - [2025-02-01T00:13:57.139+0000] {dagbag.py:587} INFO - Filling up the DagBag from /home/airflow/.local/lib/python3.12/site-packages/airflow/example_dags/tutorial_taskflow_api_virtualenv.py
[2025-02-01T00:13:57.147+0000] {processor.py:925} INFO - DAG(s) 'tutorial_taskflow_api_virtualenv' retrieved from /home/airflow/.local/lib/python3.12/site-packages/airflow/example_dags/tutorial_taskflow_api_virtualenv.py
[2025-02-01T00:13:57.165+0000] {logging_mixin.py:190} INFO - [2025-02-01T00:13:57.164+0000] {dag.py:3211} INFO - Sync 1 DAGs
[2025-02-01T00:13:57.177+0000] {logging_mixin.py:190} INFO - [2025-02-01T00:13:57.177+0000] {dag.py:4138} INFO - Setting next_dagrun for tutorial_taskflow_api_virtualenv to None, run_after=None
[2025-02-01T00:13:57.193+0000] {processor.py:208} INFO - Processing /home/airflow/.local/lib/python3.12/site-packages/airflow/example_dags/tutorial_taskflow_api_virtualenv.py took 0.062 seconds
[2025-02-01T00:14:27.409+0000] {processor.py:186} INFO - Started process (PID=26850) to work on /home/airflow/.local/lib/python3.12/site-packages/airflow/example_dags/tutorial_taskflow_api_virtualenv.py
[2025-02-01T00:14:27.409+0000] {processor.py:914} INFO - Processing file /home/airflow/.local/lib/python3.12/site-packages/airflow/example_dags/tutorial_taskflow_api_virtualenv.py for tasks to queue
[2025-02-01T00:14:27.411+0000] {logging_mixin.py:190} INFO - [2025-02-01T00:14:27.411+0000] {dagbag.py:587} INFO - Filling up the DagBag from /home/airflow/.local/lib/python3.12/site-packages/airflow/example_dags/tutorial_taskflow_api_virtualenv.py
[2025-02-01T00:14:27.419+0000] {processor.py:925} INFO - DAG(s) 'tutorial_taskflow_api_virtualenv' retrieved from /home/airflow/.local/lib/python3.12/site-packages/airflow/example_dags/tutorial_taskflow_api_virtualenv.py
[2025-02-01T00:14:27.438+0000] {logging_mixin.py:190} INFO - [2025-02-01T00:14:27.438+0000] {dag.py:3211} INFO - Sync 1 DAGs
[2025-02-01T00:14:27.450+0000] {logging_mixin.py:190} INFO - [2025-02-01T00:14:27.450+0000] {dag.py:4138} INFO - Setting next_dagrun for tutorial_taskflow_api_virtualenv to None, run_after=None
[2025-02-01T00:14:27.470+0000] {processor.py:208} INFO - Processing /home/airflow/.local/lib/python3.12/site-packages/airflow/example_dags/tutorial_taskflow_api_virtualenv.py took 0.066 seconds
[2025-02-01T00:14:57.710+0000] {processor.py:186} INFO - Started process (PID=26913) to work on /home/airflow/.local/lib/python3.12/site-packages/airflow/example_dags/tutorial_taskflow_api_virtualenv.py
[2025-02-01T00:14:57.710+0000] {processor.py:914} INFO - Processing file /home/airflow/.local/lib/python3.12/site-packages/airflow/example_dags/tutorial_taskflow_api_virtualenv.py for tasks to queue
[2025-02-01T00:14:57.712+0000] {logging_mixin.py:190} INFO - [2025-02-01T00:14:57.712+0000] {dagbag.py:587} INFO - Filling up the DagBag from /home/airflow/.local/lib/python3.12/site-packages/airflow/example_dags/tutorial_taskflow_api_virtualenv.py
[2025-02-01T00:14:57.721+0000] {processor.py:925} INFO - DAG(s) 'tutorial_taskflow_api_virtualenv' retrieved from /home/airflow/.local/lib/python3.12/site-packages/airflow/example_dags/tutorial_taskflow_api_virtualenv.py
[2025-02-01T00:14:57.738+0000] {logging_mixin.py:190} INFO - [2025-02-01T00:14:57.737+0000] {dag.py:3211} INFO - Sync 1 DAGs
[2025-02-01T00:14:57.749+0000] {logging_mixin.py:190} INFO - [2025-02-01T00:14:57.749+0000] {dag.py:4138} INFO - Setting next_dagrun for tutorial_taskflow_api_virtualenv to None, run_after=None
[2025-02-01T00:14:57.765+0000] {processor.py:208} INFO - Processing /home/airflow/.local/lib/python3.12/site-packages/airflow/example_dags/tutorial_taskflow_api_virtualenv.py took 0.060 seconds
[2025-02-01T00:15:28.174+0000] {processor.py:186} INFO - Started process (PID=26977) to work on /home/airflow/.local/lib/python3.12/site-packages/airflow/example_dags/tutorial_taskflow_api_virtualenv.py
[2025-02-01T00:15:28.175+0000] {processor.py:914} INFO - Processing file /home/airflow/.local/lib/python3.12/site-packages/airflow/example_dags/tutorial_taskflow_api_virtualenv.py for tasks to queue
[2025-02-01T00:15:28.178+0000] {logging_mixin.py:190} INFO - [2025-02-01T00:15:28.177+0000] {dagbag.py:587} INFO - Filling up the DagBag from /home/airflow/.local/lib/python3.12/site-packages/airflow/example_dags/tutorial_taskflow_api_virtualenv.py
[2025-02-01T00:15:28.192+0000] {processor.py:925} INFO - DAG(s) 'tutorial_taskflow_api_virtualenv' retrieved from /home/airflow/.local/lib/python3.12/site-packages/airflow/example_dags/tutorial_taskflow_api_virtualenv.py
[2025-02-01T00:15:28.217+0000] {logging_mixin.py:190} INFO - [2025-02-01T00:15:28.216+0000] {dag.py:3211} INFO - Sync 1 DAGs
[2025-02-01T00:15:28.236+0000] {logging_mixin.py:190} INFO - [2025-02-01T00:15:28.236+0000] {dag.py:4138} INFO - Setting next_dagrun for tutorial_taskflow_api_virtualenv to None, run_after=None
[2025-02-01T00:15:28.259+0000] {processor.py:208} INFO - Processing /home/airflow/.local/lib/python3.12/site-packages/airflow/example_dags/tutorial_taskflow_api_virtualenv.py took 0.092 seconds
[2025-02-01T00:15:58.627+0000] {processor.py:186} INFO - Started process (PID=27040) to work on /home/airflow/.local/lib/python3.12/site-packages/airflow/example_dags/tutorial_taskflow_api_virtualenv.py
[2025-02-01T00:15:58.627+0000] {processor.py:914} INFO - Processing file /home/airflow/.local/lib/python3.12/site-packages/airflow/example_dags/tutorial_taskflow_api_virtualenv.py for tasks to queue
[2025-02-01T00:15:58.628+0000] {logging_mixin.py:190} INFO - [2025-02-01T00:15:58.628+0000] {dagbag.py:587} INFO - Filling up the DagBag from /home/airflow/.local/lib/python3.12/site-packages/airflow/example_dags/tutorial_taskflow_api_virtualenv.py
[2025-02-01T00:15:58.638+0000] {processor.py:925} INFO - DAG(s) 'tutorial_taskflow_api_virtualenv' retrieved from /home/airflow/.local/lib/python3.12/site-packages/airflow/example_dags/tutorial_taskflow_api_virtualenv.py
[2025-02-01T00:15:58.655+0000] {logging_mixin.py:190} INFO - [2025-02-01T00:15:58.655+0000] {dag.py:3211} INFO - Sync 1 DAGs
[2025-02-01T00:15:58.670+0000] {logging_mixin.py:190} INFO - [2025-02-01T00:15:58.670+0000] {dag.py:4138} INFO - Setting next_dagrun for tutorial_taskflow_api_virtualenv to None, run_after=None
[2025-02-01T00:15:58.687+0000] {processor.py:208} INFO - Processing /home/airflow/.local/lib/python3.12/site-packages/airflow/example_dags/tutorial_taskflow_api_virtualenv.py took 0.065 seconds
