[2025-02-01T00:00:16.721+0000] {processor.py:186} INFO - Started process (PID=25100) to work on /home/airflow/.local/lib/python3.12/site-packages/airflow/example_dags/tutorial_dag.py
[2025-02-01T00:00:16.722+0000] {processor.py:914} INFO - Processing file /home/airflow/.local/lib/python3.12/site-packages/airflow/example_dags/tutorial_dag.py for tasks to queue
[2025-02-01T00:00:16.723+0000] {logging_mixin.py:190} INFO - [2025-02-01T00:00:16.723+0000] {dagbag.py:587} INFO - Filling up the DagBag from /home/airflow/.local/lib/python3.12/site-packages/airflow/example_dags/tutorial_dag.py
[2025-02-01T00:00:16.729+0000] {processor.py:925} INFO - DAG(s) 'tutorial_dag' retrieved from /home/airflow/.local/lib/python3.12/site-packages/airflow/example_dags/tutorial_dag.py
[2025-02-01T00:00:16.748+0000] {logging_mixin.py:190} INFO - [2025-02-01T00:00:16.748+0000] {dag.py:3211} INFO - Sync 1 DAGs
[2025-02-01T00:00:16.760+0000] {logging_mixin.py:190} INFO - [2025-02-01T00:00:16.760+0000] {dag.py:4138} INFO - Setting next_dagrun for tutorial_dag to None, run_after=None
[2025-02-01T00:00:16.780+0000] {processor.py:208} INFO - Processing /home/airflow/.local/lib/python3.12/site-packages/airflow/example_dags/tutorial_dag.py took 0.064 seconds
[2025-02-01T00:00:47.062+0000] {processor.py:186} INFO - Started process (PID=25163) to work on /home/airflow/.local/lib/python3.12/site-packages/airflow/example_dags/tutorial_dag.py
[2025-02-01T00:00:47.063+0000] {processor.py:914} INFO - Processing file /home/airflow/.local/lib/python3.12/site-packages/airflow/example_dags/tutorial_dag.py for tasks to queue
[2025-02-01T00:00:47.064+0000] {logging_mixin.py:190} INFO - [2025-02-01T00:00:47.064+0000] {dagbag.py:587} INFO - Filling up the DagBag from /home/airflow/.local/lib/python3.12/site-packages/airflow/example_dags/tutorial_dag.py
[2025-02-01T00:00:47.071+0000] {processor.py:925} INFO - DAG(s) 'tutorial_dag' retrieved from /home/airflow/.local/lib/python3.12/site-packages/airflow/example_dags/tutorial_dag.py
[2025-02-01T00:00:47.089+0000] {logging_mixin.py:190} INFO - [2025-02-01T00:00:47.088+0000] {dag.py:3211} INFO - Sync 1 DAGs
[2025-02-01T00:00:47.101+0000] {logging_mixin.py:190} INFO - [2025-02-01T00:00:47.101+0000] {dag.py:4138} INFO - Setting next_dagrun for tutorial_dag to None, run_after=None
[2025-02-01T00:00:47.122+0000] {processor.py:208} INFO - Processing /home/airflow/.local/lib/python3.12/site-packages/airflow/example_dags/tutorial_dag.py took 0.064 seconds
[2025-02-01T00:01:17.327+0000] {processor.py:186} INFO - Started process (PID=25226) to work on /home/airflow/.local/lib/python3.12/site-packages/airflow/example_dags/tutorial_dag.py
[2025-02-01T00:01:17.328+0000] {processor.py:914} INFO - Processing file /home/airflow/.local/lib/python3.12/site-packages/airflow/example_dags/tutorial_dag.py for tasks to queue
[2025-02-01T00:01:17.329+0000] {logging_mixin.py:190} INFO - [2025-02-01T00:01:17.329+0000] {dagbag.py:587} INFO - Filling up the DagBag from /home/airflow/.local/lib/python3.12/site-packages/airflow/example_dags/tutorial_dag.py
[2025-02-01T00:01:17.335+0000] {processor.py:925} INFO - DAG(s) 'tutorial_dag' retrieved from /home/airflow/.local/lib/python3.12/site-packages/airflow/example_dags/tutorial_dag.py
[2025-02-01T00:01:17.354+0000] {logging_mixin.py:190} INFO - [2025-02-01T00:01:17.354+0000] {dag.py:3211} INFO - Sync 1 DAGs
[2025-02-01T00:01:17.368+0000] {logging_mixin.py:190} INFO - [2025-02-01T00:01:17.368+0000] {dag.py:4138} INFO - Setting next_dagrun for tutorial_dag to None, run_after=None
[2025-02-01T00:01:17.386+0000] {processor.py:208} INFO - Processing /home/airflow/.local/lib/python3.12/site-packages/airflow/example_dags/tutorial_dag.py took 0.065 seconds
[2025-02-01T00:01:47.514+0000] {processor.py:186} INFO - Started process (PID=25289) to work on /home/airflow/.local/lib/python3.12/site-packages/airflow/example_dags/tutorial_dag.py
[2025-02-01T00:01:47.515+0000] {processor.py:914} INFO - Processing file /home/airflow/.local/lib/python3.12/site-packages/airflow/example_dags/tutorial_dag.py for tasks to queue
[2025-02-01T00:01:47.517+0000] {logging_mixin.py:190} INFO - [2025-02-01T00:01:47.516+0000] {dagbag.py:587} INFO - Filling up the DagBag from /home/airflow/.local/lib/python3.12/site-packages/airflow/example_dags/tutorial_dag.py
[2025-02-01T00:01:47.522+0000] {processor.py:925} INFO - DAG(s) 'tutorial_dag' retrieved from /home/airflow/.local/lib/python3.12/site-packages/airflow/example_dags/tutorial_dag.py
[2025-02-01T00:01:47.541+0000] {logging_mixin.py:190} INFO - [2025-02-01T00:01:47.541+0000] {dag.py:3211} INFO - Sync 1 DAGs
[2025-02-01T00:01:47.553+0000] {logging_mixin.py:190} INFO - [2025-02-01T00:01:47.553+0000] {dag.py:4138} INFO - Setting next_dagrun for tutorial_dag to None, run_after=None
[2025-02-01T00:01:47.571+0000] {processor.py:208} INFO - Processing /home/airflow/.local/lib/python3.12/site-packages/airflow/example_dags/tutorial_dag.py took 0.062 seconds
[2025-02-01T00:02:18.723+0000] {processor.py:186} INFO - Started process (PID=25352) to work on /home/airflow/.local/lib/python3.12/site-packages/airflow/example_dags/tutorial_dag.py
[2025-02-01T00:02:18.724+0000] {processor.py:914} INFO - Processing file /home/airflow/.local/lib/python3.12/site-packages/airflow/example_dags/tutorial_dag.py for tasks to queue
[2025-02-01T00:02:18.725+0000] {logging_mixin.py:190} INFO - [2025-02-01T00:02:18.725+0000] {dagbag.py:587} INFO - Filling up the DagBag from /home/airflow/.local/lib/python3.12/site-packages/airflow/example_dags/tutorial_dag.py
[2025-02-01T00:02:18.731+0000] {processor.py:925} INFO - DAG(s) 'tutorial_dag' retrieved from /home/airflow/.local/lib/python3.12/site-packages/airflow/example_dags/tutorial_dag.py
[2025-02-01T00:02:18.750+0000] {logging_mixin.py:190} INFO - [2025-02-01T00:02:18.750+0000] {dag.py:3211} INFO - Sync 1 DAGs
[2025-02-01T00:02:18.764+0000] {logging_mixin.py:190} INFO - [2025-02-01T00:02:18.763+0000] {dag.py:4138} INFO - Setting next_dagrun for tutorial_dag to None, run_after=None
[2025-02-01T00:02:18.781+0000] {processor.py:208} INFO - Processing /home/airflow/.local/lib/python3.12/site-packages/airflow/example_dags/tutorial_dag.py took 0.064 seconds
[2025-02-01T00:02:49.963+0000] {processor.py:186} INFO - Started process (PID=25415) to work on /home/airflow/.local/lib/python3.12/site-packages/airflow/example_dags/tutorial_dag.py
[2025-02-01T00:02:49.964+0000] {processor.py:914} INFO - Processing file /home/airflow/.local/lib/python3.12/site-packages/airflow/example_dags/tutorial_dag.py for tasks to queue
[2025-02-01T00:02:49.965+0000] {logging_mixin.py:190} INFO - [2025-02-01T00:02:49.965+0000] {dagbag.py:587} INFO - Filling up the DagBag from /home/airflow/.local/lib/python3.12/site-packages/airflow/example_dags/tutorial_dag.py
[2025-02-01T00:02:49.971+0000] {processor.py:925} INFO - DAG(s) 'tutorial_dag' retrieved from /home/airflow/.local/lib/python3.12/site-packages/airflow/example_dags/tutorial_dag.py
[2025-02-01T00:02:49.990+0000] {logging_mixin.py:190} INFO - [2025-02-01T00:02:49.990+0000] {dag.py:3211} INFO - Sync 1 DAGs
[2025-02-01T00:02:50.004+0000] {logging_mixin.py:190} INFO - [2025-02-01T00:02:50.003+0000] {dag.py:4138} INFO - Setting next_dagrun for tutorial_dag to None, run_after=None
[2025-02-01T00:02:50.022+0000] {processor.py:208} INFO - Processing /home/airflow/.local/lib/python3.12/site-packages/airflow/example_dags/tutorial_dag.py took 0.064 seconds
[2025-02-01T00:03:20.309+0000] {processor.py:186} INFO - Started process (PID=25478) to work on /home/airflow/.local/lib/python3.12/site-packages/airflow/example_dags/tutorial_dag.py
[2025-02-01T00:03:20.310+0000] {processor.py:914} INFO - Processing file /home/airflow/.local/lib/python3.12/site-packages/airflow/example_dags/tutorial_dag.py for tasks to queue
[2025-02-01T00:03:20.311+0000] {logging_mixin.py:190} INFO - [2025-02-01T00:03:20.311+0000] {dagbag.py:587} INFO - Filling up the DagBag from /home/airflow/.local/lib/python3.12/site-packages/airflow/example_dags/tutorial_dag.py
[2025-02-01T00:03:20.317+0000] {processor.py:925} INFO - DAG(s) 'tutorial_dag' retrieved from /home/airflow/.local/lib/python3.12/site-packages/airflow/example_dags/tutorial_dag.py
[2025-02-01T00:03:20.335+0000] {logging_mixin.py:190} INFO - [2025-02-01T00:03:20.334+0000] {dag.py:3211} INFO - Sync 1 DAGs
[2025-02-01T00:03:20.348+0000] {logging_mixin.py:190} INFO - [2025-02-01T00:03:20.347+0000] {dag.py:4138} INFO - Setting next_dagrun for tutorial_dag to None, run_after=None
[2025-02-01T00:03:20.373+0000] {processor.py:208} INFO - Processing /home/airflow/.local/lib/python3.12/site-packages/airflow/example_dags/tutorial_dag.py took 0.068 seconds
[2025-02-01T00:03:51.410+0000] {processor.py:186} INFO - Started process (PID=25541) to work on /home/airflow/.local/lib/python3.12/site-packages/airflow/example_dags/tutorial_dag.py
[2025-02-01T00:03:51.411+0000] {processor.py:914} INFO - Processing file /home/airflow/.local/lib/python3.12/site-packages/airflow/example_dags/tutorial_dag.py for tasks to queue
[2025-02-01T00:03:51.412+0000] {logging_mixin.py:190} INFO - [2025-02-01T00:03:51.412+0000] {dagbag.py:587} INFO - Filling up the DagBag from /home/airflow/.local/lib/python3.12/site-packages/airflow/example_dags/tutorial_dag.py
[2025-02-01T00:03:51.419+0000] {processor.py:925} INFO - DAG(s) 'tutorial_dag' retrieved from /home/airflow/.local/lib/python3.12/site-packages/airflow/example_dags/tutorial_dag.py
[2025-02-01T00:03:51.441+0000] {logging_mixin.py:190} INFO - [2025-02-01T00:03:51.440+0000] {dag.py:3211} INFO - Sync 1 DAGs
[2025-02-01T00:03:51.455+0000] {logging_mixin.py:190} INFO - [2025-02-01T00:03:51.454+0000] {dag.py:4138} INFO - Setting next_dagrun for tutorial_dag to None, run_after=None
[2025-02-01T00:03:51.477+0000] {processor.py:208} INFO - Processing /home/airflow/.local/lib/python3.12/site-packages/airflow/example_dags/tutorial_dag.py took 0.074 seconds
[2025-02-01T00:04:21.635+0000] {processor.py:186} INFO - Started process (PID=25604) to work on /home/airflow/.local/lib/python3.12/site-packages/airflow/example_dags/tutorial_dag.py
[2025-02-01T00:04:21.635+0000] {processor.py:914} INFO - Processing file /home/airflow/.local/lib/python3.12/site-packages/airflow/example_dags/tutorial_dag.py for tasks to queue
[2025-02-01T00:04:21.636+0000] {logging_mixin.py:190} INFO - [2025-02-01T00:04:21.636+0000] {dagbag.py:587} INFO - Filling up the DagBag from /home/airflow/.local/lib/python3.12/site-packages/airflow/example_dags/tutorial_dag.py
[2025-02-01T00:04:21.642+0000] {processor.py:925} INFO - DAG(s) 'tutorial_dag' retrieved from /home/airflow/.local/lib/python3.12/site-packages/airflow/example_dags/tutorial_dag.py
[2025-02-01T00:04:21.658+0000] {logging_mixin.py:190} INFO - [2025-02-01T00:04:21.658+0000] {dag.py:3211} INFO - Sync 1 DAGs
[2025-02-01T00:04:21.670+0000] {logging_mixin.py:190} INFO - [2025-02-01T00:04:21.669+0000] {dag.py:4138} INFO - Setting next_dagrun for tutorial_dag to None, run_after=None
[2025-02-01T00:04:21.687+0000] {processor.py:208} INFO - Processing /home/airflow/.local/lib/python3.12/site-packages/airflow/example_dags/tutorial_dag.py took 0.057 seconds
[2025-02-01T00:04:52.815+0000] {processor.py:186} INFO - Started process (PID=25667) to work on /home/airflow/.local/lib/python3.12/site-packages/airflow/example_dags/tutorial_dag.py
[2025-02-01T00:04:52.816+0000] {processor.py:914} INFO - Processing file /home/airflow/.local/lib/python3.12/site-packages/airflow/example_dags/tutorial_dag.py for tasks to queue
[2025-02-01T00:04:52.817+0000] {logging_mixin.py:190} INFO - [2025-02-01T00:04:52.817+0000] {dagbag.py:587} INFO - Filling up the DagBag from /home/airflow/.local/lib/python3.12/site-packages/airflow/example_dags/tutorial_dag.py
[2025-02-01T00:04:52.823+0000] {processor.py:925} INFO - DAG(s) 'tutorial_dag' retrieved from /home/airflow/.local/lib/python3.12/site-packages/airflow/example_dags/tutorial_dag.py
[2025-02-01T00:04:52.839+0000] {logging_mixin.py:190} INFO - [2025-02-01T00:04:52.839+0000] {dag.py:3211} INFO - Sync 1 DAGs
[2025-02-01T00:04:52.851+0000] {logging_mixin.py:190} INFO - [2025-02-01T00:04:52.850+0000] {dag.py:4138} INFO - Setting next_dagrun for tutorial_dag to None, run_after=None
[2025-02-01T00:04:52.868+0000] {processor.py:208} INFO - Processing /home/airflow/.local/lib/python3.12/site-packages/airflow/example_dags/tutorial_dag.py took 0.057 seconds
[2025-02-01T00:05:23.160+0000] {processor.py:186} INFO - Started process (PID=25730) to work on /home/airflow/.local/lib/python3.12/site-packages/airflow/example_dags/tutorial_dag.py
[2025-02-01T00:05:23.161+0000] {processor.py:914} INFO - Processing file /home/airflow/.local/lib/python3.12/site-packages/airflow/example_dags/tutorial_dag.py for tasks to queue
[2025-02-01T00:05:23.162+0000] {logging_mixin.py:190} INFO - [2025-02-01T00:05:23.161+0000] {dagbag.py:587} INFO - Filling up the DagBag from /home/airflow/.local/lib/python3.12/site-packages/airflow/example_dags/tutorial_dag.py
[2025-02-01T00:05:23.168+0000] {processor.py:925} INFO - DAG(s) 'tutorial_dag' retrieved from /home/airflow/.local/lib/python3.12/site-packages/airflow/example_dags/tutorial_dag.py
[2025-02-01T00:05:23.187+0000] {logging_mixin.py:190} INFO - [2025-02-01T00:05:23.187+0000] {dag.py:3211} INFO - Sync 1 DAGs
[2025-02-01T00:05:23.201+0000] {logging_mixin.py:190} INFO - [2025-02-01T00:05:23.201+0000] {dag.py:4138} INFO - Setting next_dagrun for tutorial_dag to None, run_after=None
[2025-02-01T00:05:23.220+0000] {processor.py:208} INFO - Processing /home/airflow/.local/lib/python3.12/site-packages/airflow/example_dags/tutorial_dag.py took 0.066 seconds
[2025-02-01T00:05:53.493+0000] {processor.py:186} INFO - Started process (PID=25793) to work on /home/airflow/.local/lib/python3.12/site-packages/airflow/example_dags/tutorial_dag.py
[2025-02-01T00:05:53.493+0000] {processor.py:914} INFO - Processing file /home/airflow/.local/lib/python3.12/site-packages/airflow/example_dags/tutorial_dag.py for tasks to queue
[2025-02-01T00:05:53.495+0000] {logging_mixin.py:190} INFO - [2025-02-01T00:05:53.494+0000] {dagbag.py:587} INFO - Filling up the DagBag from /home/airflow/.local/lib/python3.12/site-packages/airflow/example_dags/tutorial_dag.py
[2025-02-01T00:05:53.500+0000] {processor.py:925} INFO - DAG(s) 'tutorial_dag' retrieved from /home/airflow/.local/lib/python3.12/site-packages/airflow/example_dags/tutorial_dag.py
[2025-02-01T00:05:53.519+0000] {logging_mixin.py:190} INFO - [2025-02-01T00:05:53.518+0000] {dag.py:3211} INFO - Sync 1 DAGs
[2025-02-01T00:05:53.531+0000] {logging_mixin.py:190} INFO - [2025-02-01T00:05:53.531+0000] {dag.py:4138} INFO - Setting next_dagrun for tutorial_dag to None, run_after=None
[2025-02-01T00:05:53.550+0000] {processor.py:208} INFO - Processing /home/airflow/.local/lib/python3.12/site-packages/airflow/example_dags/tutorial_dag.py took 0.063 seconds
[2025-02-01T00:06:23.653+0000] {processor.py:186} INFO - Started process (PID=25856) to work on /home/airflow/.local/lib/python3.12/site-packages/airflow/example_dags/tutorial_dag.py
[2025-02-01T00:06:23.654+0000] {processor.py:914} INFO - Processing file /home/airflow/.local/lib/python3.12/site-packages/airflow/example_dags/tutorial_dag.py for tasks to queue
[2025-02-01T00:06:23.655+0000] {logging_mixin.py:190} INFO - [2025-02-01T00:06:23.654+0000] {dagbag.py:587} INFO - Filling up the DagBag from /home/airflow/.local/lib/python3.12/site-packages/airflow/example_dags/tutorial_dag.py
[2025-02-01T00:06:23.660+0000] {processor.py:925} INFO - DAG(s) 'tutorial_dag' retrieved from /home/airflow/.local/lib/python3.12/site-packages/airflow/example_dags/tutorial_dag.py
[2025-02-01T00:06:23.679+0000] {logging_mixin.py:190} INFO - [2025-02-01T00:06:23.678+0000] {dag.py:3211} INFO - Sync 1 DAGs
[2025-02-01T00:06:23.692+0000] {logging_mixin.py:190} INFO - [2025-02-01T00:06:23.692+0000] {dag.py:4138} INFO - Setting next_dagrun for tutorial_dag to None, run_after=None
[2025-02-01T00:06:23.709+0000] {processor.py:208} INFO - Processing /home/airflow/.local/lib/python3.12/site-packages/airflow/example_dags/tutorial_dag.py took 0.062 seconds
[2025-02-01T00:06:53.923+0000] {processor.py:186} INFO - Started process (PID=25919) to work on /home/airflow/.local/lib/python3.12/site-packages/airflow/example_dags/tutorial_dag.py
[2025-02-01T00:06:53.925+0000] {processor.py:914} INFO - Processing file /home/airflow/.local/lib/python3.12/site-packages/airflow/example_dags/tutorial_dag.py for tasks to queue
[2025-02-01T00:06:53.926+0000] {logging_mixin.py:190} INFO - [2025-02-01T00:06:53.926+0000] {dagbag.py:587} INFO - Filling up the DagBag from /home/airflow/.local/lib/python3.12/site-packages/airflow/example_dags/tutorial_dag.py
[2025-02-01T00:06:53.932+0000] {processor.py:925} INFO - DAG(s) 'tutorial_dag' retrieved from /home/airflow/.local/lib/python3.12/site-packages/airflow/example_dags/tutorial_dag.py
[2025-02-01T00:06:53.951+0000] {logging_mixin.py:190} INFO - [2025-02-01T00:06:53.951+0000] {dag.py:3211} INFO - Sync 1 DAGs
[2025-02-01T00:06:53.964+0000] {logging_mixin.py:190} INFO - [2025-02-01T00:06:53.964+0000] {dag.py:4138} INFO - Setting next_dagrun for tutorial_dag to None, run_after=None
[2025-02-01T00:06:53.983+0000] {processor.py:208} INFO - Processing /home/airflow/.local/lib/python3.12/site-packages/airflow/example_dags/tutorial_dag.py took 0.064 seconds
[2025-02-01T00:07:24.427+0000] {processor.py:186} INFO - Started process (PID=25982) to work on /home/airflow/.local/lib/python3.12/site-packages/airflow/example_dags/tutorial_dag.py
[2025-02-01T00:07:24.428+0000] {processor.py:914} INFO - Processing file /home/airflow/.local/lib/python3.12/site-packages/airflow/example_dags/tutorial_dag.py for tasks to queue
[2025-02-01T00:07:24.429+0000] {logging_mixin.py:190} INFO - [2025-02-01T00:07:24.429+0000] {dagbag.py:587} INFO - Filling up the DagBag from /home/airflow/.local/lib/python3.12/site-packages/airflow/example_dags/tutorial_dag.py
[2025-02-01T00:07:24.435+0000] {processor.py:925} INFO - DAG(s) 'tutorial_dag' retrieved from /home/airflow/.local/lib/python3.12/site-packages/airflow/example_dags/tutorial_dag.py
[2025-02-01T00:07:24.453+0000] {logging_mixin.py:190} INFO - [2025-02-01T00:07:24.452+0000] {dag.py:3211} INFO - Sync 1 DAGs
[2025-02-01T00:07:24.465+0000] {logging_mixin.py:190} INFO - [2025-02-01T00:07:24.465+0000] {dag.py:4138} INFO - Setting next_dagrun for tutorial_dag to None, run_after=None
[2025-02-01T00:07:24.484+0000] {processor.py:208} INFO - Processing /home/airflow/.local/lib/python3.12/site-packages/airflow/example_dags/tutorial_dag.py took 0.062 seconds
[2025-02-01T00:07:54.694+0000] {processor.py:186} INFO - Started process (PID=26045) to work on /home/airflow/.local/lib/python3.12/site-packages/airflow/example_dags/tutorial_dag.py
[2025-02-01T00:07:54.695+0000] {processor.py:914} INFO - Processing file /home/airflow/.local/lib/python3.12/site-packages/airflow/example_dags/tutorial_dag.py for tasks to queue
[2025-02-01T00:07:54.696+0000] {logging_mixin.py:190} INFO - [2025-02-01T00:07:54.696+0000] {dagbag.py:587} INFO - Filling up the DagBag from /home/airflow/.local/lib/python3.12/site-packages/airflow/example_dags/tutorial_dag.py
[2025-02-01T00:07:54.702+0000] {processor.py:925} INFO - DAG(s) 'tutorial_dag' retrieved from /home/airflow/.local/lib/python3.12/site-packages/airflow/example_dags/tutorial_dag.py
[2025-02-01T00:07:54.720+0000] {logging_mixin.py:190} INFO - [2025-02-01T00:07:54.720+0000] {dag.py:3211} INFO - Sync 1 DAGs
[2025-02-01T00:07:54.733+0000] {logging_mixin.py:190} INFO - [2025-02-01T00:07:54.733+0000] {dag.py:4138} INFO - Setting next_dagrun for tutorial_dag to None, run_after=None
[2025-02-01T00:07:54.751+0000] {processor.py:208} INFO - Processing /home/airflow/.local/lib/python3.12/site-packages/airflow/example_dags/tutorial_dag.py took 0.062 seconds
[2025-02-01T00:08:25.093+0000] {processor.py:186} INFO - Started process (PID=26108) to work on /home/airflow/.local/lib/python3.12/site-packages/airflow/example_dags/tutorial_dag.py
[2025-02-01T00:08:25.094+0000] {processor.py:914} INFO - Processing file /home/airflow/.local/lib/python3.12/site-packages/airflow/example_dags/tutorial_dag.py for tasks to queue
[2025-02-01T00:08:25.095+0000] {logging_mixin.py:190} INFO - [2025-02-01T00:08:25.095+0000] {dagbag.py:587} INFO - Filling up the DagBag from /home/airflow/.local/lib/python3.12/site-packages/airflow/example_dags/tutorial_dag.py
[2025-02-01T00:08:25.101+0000] {processor.py:925} INFO - DAG(s) 'tutorial_dag' retrieved from /home/airflow/.local/lib/python3.12/site-packages/airflow/example_dags/tutorial_dag.py
[2025-02-01T00:08:25.119+0000] {logging_mixin.py:190} INFO - [2025-02-01T00:08:25.119+0000] {dag.py:3211} INFO - Sync 1 DAGs
[2025-02-01T00:08:25.132+0000] {logging_mixin.py:190} INFO - [2025-02-01T00:08:25.131+0000] {dag.py:4138} INFO - Setting next_dagrun for tutorial_dag to None, run_after=None
[2025-02-01T00:08:25.151+0000] {processor.py:208} INFO - Processing /home/airflow/.local/lib/python3.12/site-packages/airflow/example_dags/tutorial_dag.py took 0.063 seconds
[2025-02-01T00:08:55.313+0000] {processor.py:186} INFO - Started process (PID=26171) to work on /home/airflow/.local/lib/python3.12/site-packages/airflow/example_dags/tutorial_dag.py
[2025-02-01T00:08:55.314+0000] {processor.py:914} INFO - Processing file /home/airflow/.local/lib/python3.12/site-packages/airflow/example_dags/tutorial_dag.py for tasks to queue
[2025-02-01T00:08:55.315+0000] {logging_mixin.py:190} INFO - [2025-02-01T00:08:55.315+0000] {dagbag.py:587} INFO - Filling up the DagBag from /home/airflow/.local/lib/python3.12/site-packages/airflow/example_dags/tutorial_dag.py
[2025-02-01T00:08:55.321+0000] {processor.py:925} INFO - DAG(s) 'tutorial_dag' retrieved from /home/airflow/.local/lib/python3.12/site-packages/airflow/example_dags/tutorial_dag.py
[2025-02-01T00:08:55.339+0000] {logging_mixin.py:190} INFO - [2025-02-01T00:08:55.339+0000] {dag.py:3211} INFO - Sync 1 DAGs
[2025-02-01T00:08:55.352+0000] {logging_mixin.py:190} INFO - [2025-02-01T00:08:55.351+0000] {dag.py:4138} INFO - Setting next_dagrun for tutorial_dag to None, run_after=None
[2025-02-01T00:08:55.370+0000] {processor.py:208} INFO - Processing /home/airflow/.local/lib/python3.12/site-packages/airflow/example_dags/tutorial_dag.py took 0.062 seconds
[2025-02-01T00:09:25.502+0000] {processor.py:186} INFO - Started process (PID=26234) to work on /home/airflow/.local/lib/python3.12/site-packages/airflow/example_dags/tutorial_dag.py
[2025-02-01T00:09:25.502+0000] {processor.py:914} INFO - Processing file /home/airflow/.local/lib/python3.12/site-packages/airflow/example_dags/tutorial_dag.py for tasks to queue
[2025-02-01T00:09:25.504+0000] {logging_mixin.py:190} INFO - [2025-02-01T00:09:25.503+0000] {dagbag.py:587} INFO - Filling up the DagBag from /home/airflow/.local/lib/python3.12/site-packages/airflow/example_dags/tutorial_dag.py
[2025-02-01T00:09:25.510+0000] {processor.py:925} INFO - DAG(s) 'tutorial_dag' retrieved from /home/airflow/.local/lib/python3.12/site-packages/airflow/example_dags/tutorial_dag.py
[2025-02-01T00:09:25.529+0000] {logging_mixin.py:190} INFO - [2025-02-01T00:09:25.528+0000] {dag.py:3211} INFO - Sync 1 DAGs
[2025-02-01T00:09:25.541+0000] {logging_mixin.py:190} INFO - [2025-02-01T00:09:25.541+0000] {dag.py:4138} INFO - Setting next_dagrun for tutorial_dag to None, run_after=None
[2025-02-01T00:09:25.573+0000] {processor.py:208} INFO - Processing /home/airflow/.local/lib/python3.12/site-packages/airflow/example_dags/tutorial_dag.py took 0.076 seconds
[2025-02-01T00:09:55.800+0000] {processor.py:186} INFO - Started process (PID=26297) to work on /home/airflow/.local/lib/python3.12/site-packages/airflow/example_dags/tutorial_dag.py
[2025-02-01T00:09:55.801+0000] {processor.py:914} INFO - Processing file /home/airflow/.local/lib/python3.12/site-packages/airflow/example_dags/tutorial_dag.py for tasks to queue
[2025-02-01T00:09:55.803+0000] {logging_mixin.py:190} INFO - [2025-02-01T00:09:55.802+0000] {dagbag.py:587} INFO - Filling up the DagBag from /home/airflow/.local/lib/python3.12/site-packages/airflow/example_dags/tutorial_dag.py
[2025-02-01T00:09:55.810+0000] {processor.py:925} INFO - DAG(s) 'tutorial_dag' retrieved from /home/airflow/.local/lib/python3.12/site-packages/airflow/example_dags/tutorial_dag.py
[2025-02-01T00:09:55.829+0000] {logging_mixin.py:190} INFO - [2025-02-01T00:09:55.829+0000] {dag.py:3211} INFO - Sync 1 DAGs
[2025-02-01T00:09:55.842+0000] {logging_mixin.py:190} INFO - [2025-02-01T00:09:55.841+0000] {dag.py:4138} INFO - Setting next_dagrun for tutorial_dag to None, run_after=None
[2025-02-01T00:09:55.861+0000] {processor.py:208} INFO - Processing /home/airflow/.local/lib/python3.12/site-packages/airflow/example_dags/tutorial_dag.py took 0.065 seconds
[2025-02-01T00:10:26.272+0000] {processor.py:186} INFO - Started process (PID=26360) to work on /home/airflow/.local/lib/python3.12/site-packages/airflow/example_dags/tutorial_dag.py
[2025-02-01T00:10:26.273+0000] {processor.py:914} INFO - Processing file /home/airflow/.local/lib/python3.12/site-packages/airflow/example_dags/tutorial_dag.py for tasks to queue
[2025-02-01T00:10:26.274+0000] {logging_mixin.py:190} INFO - [2025-02-01T00:10:26.274+0000] {dagbag.py:587} INFO - Filling up the DagBag from /home/airflow/.local/lib/python3.12/site-packages/airflow/example_dags/tutorial_dag.py
[2025-02-01T00:10:26.281+0000] {processor.py:925} INFO - DAG(s) 'tutorial_dag' retrieved from /home/airflow/.local/lib/python3.12/site-packages/airflow/example_dags/tutorial_dag.py
[2025-02-01T00:10:26.298+0000] {logging_mixin.py:190} INFO - [2025-02-01T00:10:26.298+0000] {dag.py:3211} INFO - Sync 1 DAGs
[2025-02-01T00:10:26.311+0000] {logging_mixin.py:190} INFO - [2025-02-01T00:10:26.310+0000] {dag.py:4138} INFO - Setting next_dagrun for tutorial_dag to None, run_after=None
[2025-02-01T00:10:26.352+0000] {processor.py:208} INFO - Processing /home/airflow/.local/lib/python3.12/site-packages/airflow/example_dags/tutorial_dag.py took 0.084 seconds
[2025-02-01T00:10:56.424+0000] {processor.py:186} INFO - Started process (PID=26423) to work on /home/airflow/.local/lib/python3.12/site-packages/airflow/example_dags/tutorial_dag.py
[2025-02-01T00:10:56.425+0000] {processor.py:914} INFO - Processing file /home/airflow/.local/lib/python3.12/site-packages/airflow/example_dags/tutorial_dag.py for tasks to queue
[2025-02-01T00:10:56.426+0000] {logging_mixin.py:190} INFO - [2025-02-01T00:10:56.426+0000] {dagbag.py:587} INFO - Filling up the DagBag from /home/airflow/.local/lib/python3.12/site-packages/airflow/example_dags/tutorial_dag.py
[2025-02-01T00:10:56.433+0000] {processor.py:925} INFO - DAG(s) 'tutorial_dag' retrieved from /home/airflow/.local/lib/python3.12/site-packages/airflow/example_dags/tutorial_dag.py
[2025-02-01T00:10:56.451+0000] {logging_mixin.py:190} INFO - [2025-02-01T00:10:56.450+0000] {dag.py:3211} INFO - Sync 1 DAGs
[2025-02-01T00:10:56.464+0000] {logging_mixin.py:190} INFO - [2025-02-01T00:10:56.463+0000] {dag.py:4138} INFO - Setting next_dagrun for tutorial_dag to None, run_after=None
[2025-02-01T00:10:56.483+0000] {processor.py:208} INFO - Processing /home/airflow/.local/lib/python3.12/site-packages/airflow/example_dags/tutorial_dag.py took 0.064 seconds
[2025-02-01T00:11:26.700+0000] {processor.py:186} INFO - Started process (PID=26486) to work on /home/airflow/.local/lib/python3.12/site-packages/airflow/example_dags/tutorial_dag.py
[2025-02-01T00:11:26.701+0000] {processor.py:914} INFO - Processing file /home/airflow/.local/lib/python3.12/site-packages/airflow/example_dags/tutorial_dag.py for tasks to queue
[2025-02-01T00:11:26.702+0000] {logging_mixin.py:190} INFO - [2025-02-01T00:11:26.702+0000] {dagbag.py:587} INFO - Filling up the DagBag from /home/airflow/.local/lib/python3.12/site-packages/airflow/example_dags/tutorial_dag.py
[2025-02-01T00:11:26.708+0000] {processor.py:925} INFO - DAG(s) 'tutorial_dag' retrieved from /home/airflow/.local/lib/python3.12/site-packages/airflow/example_dags/tutorial_dag.py
[2025-02-01T00:11:26.728+0000] {logging_mixin.py:190} INFO - [2025-02-01T00:11:26.728+0000] {dag.py:3211} INFO - Sync 1 DAGs
[2025-02-01T00:11:26.742+0000] {logging_mixin.py:190} INFO - [2025-02-01T00:11:26.742+0000] {dag.py:4138} INFO - Setting next_dagrun for tutorial_dag to None, run_after=None
[2025-02-01T00:11:26.761+0000] {processor.py:208} INFO - Processing /home/airflow/.local/lib/python3.12/site-packages/airflow/example_dags/tutorial_dag.py took 0.066 seconds
[2025-02-01T00:11:56.996+0000] {processor.py:186} INFO - Started process (PID=26549) to work on /home/airflow/.local/lib/python3.12/site-packages/airflow/example_dags/tutorial_dag.py
[2025-02-01T00:11:56.997+0000] {processor.py:914} INFO - Processing file /home/airflow/.local/lib/python3.12/site-packages/airflow/example_dags/tutorial_dag.py for tasks to queue
[2025-02-01T00:11:56.999+0000] {logging_mixin.py:190} INFO - [2025-02-01T00:11:56.998+0000] {dagbag.py:587} INFO - Filling up the DagBag from /home/airflow/.local/lib/python3.12/site-packages/airflow/example_dags/tutorial_dag.py
[2025-02-01T00:11:57.005+0000] {processor.py:925} INFO - DAG(s) 'tutorial_dag' retrieved from /home/airflow/.local/lib/python3.12/site-packages/airflow/example_dags/tutorial_dag.py
[2025-02-01T00:11:57.024+0000] {logging_mixin.py:190} INFO - [2025-02-01T00:11:57.023+0000] {dag.py:3211} INFO - Sync 1 DAGs
[2025-02-01T00:11:57.037+0000] {logging_mixin.py:190} INFO - [2025-02-01T00:11:57.036+0000] {dag.py:4138} INFO - Setting next_dagrun for tutorial_dag to None, run_after=None
[2025-02-01T00:11:57.054+0000] {processor.py:208} INFO - Processing /home/airflow/.local/lib/python3.12/site-packages/airflow/example_dags/tutorial_dag.py took 0.064 seconds
[2025-02-01T00:12:27.365+0000] {processor.py:186} INFO - Started process (PID=26612) to work on /home/airflow/.local/lib/python3.12/site-packages/airflow/example_dags/tutorial_dag.py
[2025-02-01T00:12:27.366+0000] {processor.py:914} INFO - Processing file /home/airflow/.local/lib/python3.12/site-packages/airflow/example_dags/tutorial_dag.py for tasks to queue
[2025-02-01T00:12:27.367+0000] {logging_mixin.py:190} INFO - [2025-02-01T00:12:27.367+0000] {dagbag.py:587} INFO - Filling up the DagBag from /home/airflow/.local/lib/python3.12/site-packages/airflow/example_dags/tutorial_dag.py
[2025-02-01T00:12:27.374+0000] {processor.py:925} INFO - DAG(s) 'tutorial_dag' retrieved from /home/airflow/.local/lib/python3.12/site-packages/airflow/example_dags/tutorial_dag.py
[2025-02-01T00:12:27.392+0000] {logging_mixin.py:190} INFO - [2025-02-01T00:12:27.391+0000] {dag.py:3211} INFO - Sync 1 DAGs
[2025-02-01T00:12:27.405+0000] {logging_mixin.py:190} INFO - [2025-02-01T00:12:27.405+0000] {dag.py:4138} INFO - Setting next_dagrun for tutorial_dag to None, run_after=None
[2025-02-01T00:12:27.425+0000] {processor.py:208} INFO - Processing /home/airflow/.local/lib/python3.12/site-packages/airflow/example_dags/tutorial_dag.py took 0.065 seconds
[2025-02-01T00:12:57.525+0000] {processor.py:186} INFO - Started process (PID=26675) to work on /home/airflow/.local/lib/python3.12/site-packages/airflow/example_dags/tutorial_dag.py
[2025-02-01T00:12:57.526+0000] {processor.py:914} INFO - Processing file /home/airflow/.local/lib/python3.12/site-packages/airflow/example_dags/tutorial_dag.py for tasks to queue
[2025-02-01T00:12:57.527+0000] {logging_mixin.py:190} INFO - [2025-02-01T00:12:57.527+0000] {dagbag.py:587} INFO - Filling up the DagBag from /home/airflow/.local/lib/python3.12/site-packages/airflow/example_dags/tutorial_dag.py
[2025-02-01T00:12:57.534+0000] {processor.py:925} INFO - DAG(s) 'tutorial_dag' retrieved from /home/airflow/.local/lib/python3.12/site-packages/airflow/example_dags/tutorial_dag.py
[2025-02-01T00:12:57.553+0000] {logging_mixin.py:190} INFO - [2025-02-01T00:12:57.553+0000] {dag.py:3211} INFO - Sync 1 DAGs
[2025-02-01T00:12:57.566+0000] {logging_mixin.py:190} INFO - [2025-02-01T00:12:57.566+0000] {dag.py:4138} INFO - Setting next_dagrun for tutorial_dag to None, run_after=None
[2025-02-01T00:12:57.584+0000] {processor.py:208} INFO - Processing /home/airflow/.local/lib/python3.12/site-packages/airflow/example_dags/tutorial_dag.py took 0.064 seconds
[2025-02-01T00:13:27.742+0000] {processor.py:186} INFO - Started process (PID=26738) to work on /home/airflow/.local/lib/python3.12/site-packages/airflow/example_dags/tutorial_dag.py
[2025-02-01T00:13:27.743+0000] {processor.py:914} INFO - Processing file /home/airflow/.local/lib/python3.12/site-packages/airflow/example_dags/tutorial_dag.py for tasks to queue
[2025-02-01T00:13:27.744+0000] {logging_mixin.py:190} INFO - [2025-02-01T00:13:27.744+0000] {dagbag.py:587} INFO - Filling up the DagBag from /home/airflow/.local/lib/python3.12/site-packages/airflow/example_dags/tutorial_dag.py
[2025-02-01T00:13:27.750+0000] {processor.py:925} INFO - DAG(s) 'tutorial_dag' retrieved from /home/airflow/.local/lib/python3.12/site-packages/airflow/example_dags/tutorial_dag.py
[2025-02-01T00:13:27.771+0000] {logging_mixin.py:190} INFO - [2025-02-01T00:13:27.771+0000] {dag.py:3211} INFO - Sync 1 DAGs
[2025-02-01T00:13:27.784+0000] {logging_mixin.py:190} INFO - [2025-02-01T00:13:27.783+0000] {dag.py:4138} INFO - Setting next_dagrun for tutorial_dag to None, run_after=None
[2025-02-01T00:13:27.801+0000] {processor.py:208} INFO - Processing /home/airflow/.local/lib/python3.12/site-packages/airflow/example_dags/tutorial_dag.py took 0.064 seconds
[2025-02-01T00:13:57.973+0000] {processor.py:186} INFO - Started process (PID=26801) to work on /home/airflow/.local/lib/python3.12/site-packages/airflow/example_dags/tutorial_dag.py
[2025-02-01T00:13:57.974+0000] {processor.py:914} INFO - Processing file /home/airflow/.local/lib/python3.12/site-packages/airflow/example_dags/tutorial_dag.py for tasks to queue
[2025-02-01T00:13:57.975+0000] {logging_mixin.py:190} INFO - [2025-02-01T00:13:57.975+0000] {dagbag.py:587} INFO - Filling up the DagBag from /home/airflow/.local/lib/python3.12/site-packages/airflow/example_dags/tutorial_dag.py
[2025-02-01T00:13:57.980+0000] {processor.py:925} INFO - DAG(s) 'tutorial_dag' retrieved from /home/airflow/.local/lib/python3.12/site-packages/airflow/example_dags/tutorial_dag.py
[2025-02-01T00:13:57.999+0000] {logging_mixin.py:190} INFO - [2025-02-01T00:13:57.998+0000] {dag.py:3211} INFO - Sync 1 DAGs
[2025-02-01T00:13:58.010+0000] {logging_mixin.py:190} INFO - [2025-02-01T00:13:58.009+0000] {dag.py:4138} INFO - Setting next_dagrun for tutorial_dag to None, run_after=None
[2025-02-01T00:13:58.027+0000] {processor.py:208} INFO - Processing /home/airflow/.local/lib/python3.12/site-packages/airflow/example_dags/tutorial_dag.py took 0.059 seconds
[2025-02-01T00:14:28.349+0000] {processor.py:186} INFO - Started process (PID=26864) to work on /home/airflow/.local/lib/python3.12/site-packages/airflow/example_dags/tutorial_dag.py
[2025-02-01T00:14:28.350+0000] {processor.py:914} INFO - Processing file /home/airflow/.local/lib/python3.12/site-packages/airflow/example_dags/tutorial_dag.py for tasks to queue
[2025-02-01T00:14:28.351+0000] {logging_mixin.py:190} INFO - [2025-02-01T00:14:28.351+0000] {dagbag.py:587} INFO - Filling up the DagBag from /home/airflow/.local/lib/python3.12/site-packages/airflow/example_dags/tutorial_dag.py
[2025-02-01T00:14:28.356+0000] {processor.py:925} INFO - DAG(s) 'tutorial_dag' retrieved from /home/airflow/.local/lib/python3.12/site-packages/airflow/example_dags/tutorial_dag.py
[2025-02-01T00:14:28.374+0000] {logging_mixin.py:190} INFO - [2025-02-01T00:14:28.373+0000] {dag.py:3211} INFO - Sync 1 DAGs
[2025-02-01T00:14:28.386+0000] {logging_mixin.py:190} INFO - [2025-02-01T00:14:28.386+0000] {dag.py:4138} INFO - Setting next_dagrun for tutorial_dag to None, run_after=None
[2025-02-01T00:14:28.402+0000] {processor.py:208} INFO - Processing /home/airflow/.local/lib/python3.12/site-packages/airflow/example_dags/tutorial_dag.py took 0.058 seconds
[2025-02-01T00:14:58.599+0000] {processor.py:186} INFO - Started process (PID=26927) to work on /home/airflow/.local/lib/python3.12/site-packages/airflow/example_dags/tutorial_dag.py
[2025-02-01T00:14:58.600+0000] {processor.py:914} INFO - Processing file /home/airflow/.local/lib/python3.12/site-packages/airflow/example_dags/tutorial_dag.py for tasks to queue
[2025-02-01T00:14:58.602+0000] {logging_mixin.py:190} INFO - [2025-02-01T00:14:58.601+0000] {dagbag.py:587} INFO - Filling up the DagBag from /home/airflow/.local/lib/python3.12/site-packages/airflow/example_dags/tutorial_dag.py
[2025-02-01T00:14:58.608+0000] {processor.py:925} INFO - DAG(s) 'tutorial_dag' retrieved from /home/airflow/.local/lib/python3.12/site-packages/airflow/example_dags/tutorial_dag.py
[2025-02-01T00:14:58.626+0000] {logging_mixin.py:190} INFO - [2025-02-01T00:14:58.626+0000] {dag.py:3211} INFO - Sync 1 DAGs
[2025-02-01T00:14:58.639+0000] {logging_mixin.py:190} INFO - [2025-02-01T00:14:58.638+0000] {dag.py:4138} INFO - Setting next_dagrun for tutorial_dag to None, run_after=None
[2025-02-01T00:14:58.657+0000] {processor.py:208} INFO - Processing /home/airflow/.local/lib/python3.12/site-packages/airflow/example_dags/tutorial_dag.py took 0.068 seconds
[2025-02-01T00:15:29.272+0000] {processor.py:186} INFO - Started process (PID=26990) to work on /home/airflow/.local/lib/python3.12/site-packages/airflow/example_dags/tutorial_dag.py
[2025-02-01T00:15:29.273+0000] {processor.py:914} INFO - Processing file /home/airflow/.local/lib/python3.12/site-packages/airflow/example_dags/tutorial_dag.py for tasks to queue
[2025-02-01T00:15:29.274+0000] {logging_mixin.py:190} INFO - [2025-02-01T00:15:29.274+0000] {dagbag.py:587} INFO - Filling up the DagBag from /home/airflow/.local/lib/python3.12/site-packages/airflow/example_dags/tutorial_dag.py
[2025-02-01T00:15:29.280+0000] {processor.py:925} INFO - DAG(s) 'tutorial_dag' retrieved from /home/airflow/.local/lib/python3.12/site-packages/airflow/example_dags/tutorial_dag.py
[2025-02-01T00:15:29.298+0000] {logging_mixin.py:190} INFO - [2025-02-01T00:15:29.297+0000] {dag.py:3211} INFO - Sync 1 DAGs
[2025-02-01T00:15:29.310+0000] {logging_mixin.py:190} INFO - [2025-02-01T00:15:29.310+0000] {dag.py:4138} INFO - Setting next_dagrun for tutorial_dag to None, run_after=None
[2025-02-01T00:15:29.328+0000] {processor.py:208} INFO - Processing /home/airflow/.local/lib/python3.12/site-packages/airflow/example_dags/tutorial_dag.py took 0.061 seconds
[2025-02-01T00:15:59.457+0000] {processor.py:186} INFO - Started process (PID=27053) to work on /home/airflow/.local/lib/python3.12/site-packages/airflow/example_dags/tutorial_dag.py
[2025-02-01T00:15:59.458+0000] {processor.py:914} INFO - Processing file /home/airflow/.local/lib/python3.12/site-packages/airflow/example_dags/tutorial_dag.py for tasks to queue
[2025-02-01T00:15:59.459+0000] {logging_mixin.py:190} INFO - [2025-02-01T00:15:59.459+0000] {dagbag.py:587} INFO - Filling up the DagBag from /home/airflow/.local/lib/python3.12/site-packages/airflow/example_dags/tutorial_dag.py
[2025-02-01T00:15:59.465+0000] {processor.py:925} INFO - DAG(s) 'tutorial_dag' retrieved from /home/airflow/.local/lib/python3.12/site-packages/airflow/example_dags/tutorial_dag.py
[2025-02-01T00:15:59.483+0000] {logging_mixin.py:190} INFO - [2025-02-01T00:15:59.483+0000] {dag.py:3211} INFO - Sync 1 DAGs
[2025-02-01T00:15:59.498+0000] {logging_mixin.py:190} INFO - [2025-02-01T00:15:59.498+0000] {dag.py:4138} INFO - Setting next_dagrun for tutorial_dag to None, run_after=None
[2025-02-01T00:15:59.517+0000] {processor.py:208} INFO - Processing /home/airflow/.local/lib/python3.12/site-packages/airflow/example_dags/tutorial_dag.py took 0.065 seconds
