[2025-02-01T00:00:00.041+0000] {processor.py:186} INFO - Started process (PID=25053) to work on /home/airflow/.local/lib/python3.12/site-packages/airflow/example_dags/tutorial_objectstorage.py
[2025-02-01T00:00:00.042+0000] {processor.py:914} INFO - Processing file /home/airflow/.local/lib/python3.12/site-packages/airflow/example_dags/tutorial_objectstorage.py for tasks to queue
[2025-02-01T00:00:00.044+0000] {logging_mixin.py:190} INFO - [2025-02-01T00:00:00.043+0000] {dagbag.py:587} INFO - Filling up the DagBag from /home/airflow/.local/lib/python3.12/site-packages/airflow/example_dags/tutorial_objectstorage.py
[2025-02-01T00:00:00.053+0000] {processor.py:925} INFO - DAG(s) 'tutorial_objectstorage' retrieved from /home/airflow/.local/lib/python3.12/site-packages/airflow/example_dags/tutorial_objectstorage.py
[2025-02-01T00:00:00.072+0000] {logging_mixin.py:190} INFO - [2025-02-01T00:00:00.071+0000] {dag.py:3211} INFO - Sync 1 DAGs
[2025-02-01T00:00:00.091+0000] {logging_mixin.py:190} INFO - [2025-02-01T00:00:00.091+0000] {dag.py:4138} INFO - Setting next_dagrun for tutorial_objectstorage to None, run_after=None
[2025-02-01T00:00:00.110+0000] {processor.py:208} INFO - Processing /home/airflow/.local/lib/python3.12/site-packages/airflow/example_dags/tutorial_objectstorage.py took 0.074 seconds
[2025-02-01T00:00:30.663+0000] {processor.py:186} INFO - Started process (PID=25116) to work on /home/airflow/.local/lib/python3.12/site-packages/airflow/example_dags/tutorial_objectstorage.py
[2025-02-01T00:00:30.664+0000] {processor.py:914} INFO - Processing file /home/airflow/.local/lib/python3.12/site-packages/airflow/example_dags/tutorial_objectstorage.py for tasks to queue
[2025-02-01T00:00:30.665+0000] {logging_mixin.py:190} INFO - [2025-02-01T00:00:30.665+0000] {dagbag.py:587} INFO - Filling up the DagBag from /home/airflow/.local/lib/python3.12/site-packages/airflow/example_dags/tutorial_objectstorage.py
[2025-02-01T00:00:30.674+0000] {processor.py:925} INFO - DAG(s) 'tutorial_objectstorage' retrieved from /home/airflow/.local/lib/python3.12/site-packages/airflow/example_dags/tutorial_objectstorage.py
[2025-02-01T00:00:30.692+0000] {logging_mixin.py:190} INFO - [2025-02-01T00:00:30.692+0000] {dag.py:3211} INFO - Sync 1 DAGs
[2025-02-01T00:00:30.707+0000] {logging_mixin.py:190} INFO - [2025-02-01T00:00:30.707+0000] {dag.py:4138} INFO - Setting next_dagrun for tutorial_objectstorage to None, run_after=None
[2025-02-01T00:00:30.729+0000] {processor.py:208} INFO - Processing /home/airflow/.local/lib/python3.12/site-packages/airflow/example_dags/tutorial_objectstorage.py took 0.070 seconds
[2025-02-01T00:01:00.874+0000] {processor.py:186} INFO - Started process (PID=25179) to work on /home/airflow/.local/lib/python3.12/site-packages/airflow/example_dags/tutorial_objectstorage.py
[2025-02-01T00:01:00.875+0000] {processor.py:914} INFO - Processing file /home/airflow/.local/lib/python3.12/site-packages/airflow/example_dags/tutorial_objectstorage.py for tasks to queue
[2025-02-01T00:01:00.876+0000] {logging_mixin.py:190} INFO - [2025-02-01T00:01:00.876+0000] {dagbag.py:587} INFO - Filling up the DagBag from /home/airflow/.local/lib/python3.12/site-packages/airflow/example_dags/tutorial_objectstorage.py
[2025-02-01T00:01:00.884+0000] {processor.py:925} INFO - DAG(s) 'tutorial_objectstorage' retrieved from /home/airflow/.local/lib/python3.12/site-packages/airflow/example_dags/tutorial_objectstorage.py
[2025-02-01T00:01:00.901+0000] {logging_mixin.py:190} INFO - [2025-02-01T00:01:00.901+0000] {dag.py:3211} INFO - Sync 1 DAGs
[2025-02-01T00:01:00.913+0000] {logging_mixin.py:190} INFO - [2025-02-01T00:01:00.912+0000] {dag.py:4138} INFO - Setting next_dagrun for tutorial_objectstorage to None, run_after=None
[2025-02-01T00:01:00.933+0000] {processor.py:208} INFO - Processing /home/airflow/.local/lib/python3.12/site-packages/airflow/example_dags/tutorial_objectstorage.py took 0.064 seconds
[2025-02-01T00:01:31.053+0000] {processor.py:186} INFO - Started process (PID=25242) to work on /home/airflow/.local/lib/python3.12/site-packages/airflow/example_dags/tutorial_objectstorage.py
[2025-02-01T00:01:31.054+0000] {processor.py:914} INFO - Processing file /home/airflow/.local/lib/python3.12/site-packages/airflow/example_dags/tutorial_objectstorage.py for tasks to queue
[2025-02-01T00:01:31.056+0000] {logging_mixin.py:190} INFO - [2025-02-01T00:01:31.055+0000] {dagbag.py:587} INFO - Filling up the DagBag from /home/airflow/.local/lib/python3.12/site-packages/airflow/example_dags/tutorial_objectstorage.py
[2025-02-01T00:01:31.064+0000] {processor.py:925} INFO - DAG(s) 'tutorial_objectstorage' retrieved from /home/airflow/.local/lib/python3.12/site-packages/airflow/example_dags/tutorial_objectstorage.py
[2025-02-01T00:01:31.081+0000] {logging_mixin.py:190} INFO - [2025-02-01T00:01:31.081+0000] {dag.py:3211} INFO - Sync 1 DAGs
[2025-02-01T00:01:31.095+0000] {logging_mixin.py:190} INFO - [2025-02-01T00:01:31.095+0000] {dag.py:4138} INFO - Setting next_dagrun for tutorial_objectstorage to None, run_after=None
[2025-02-01T00:01:31.115+0000] {processor.py:208} INFO - Processing /home/airflow/.local/lib/python3.12/site-packages/airflow/example_dags/tutorial_objectstorage.py took 0.066 seconds
[2025-02-01T00:02:01.309+0000] {processor.py:186} INFO - Started process (PID=25305) to work on /home/airflow/.local/lib/python3.12/site-packages/airflow/example_dags/tutorial_objectstorage.py
[2025-02-01T00:02:01.310+0000] {processor.py:914} INFO - Processing file /home/airflow/.local/lib/python3.12/site-packages/airflow/example_dags/tutorial_objectstorage.py for tasks to queue
[2025-02-01T00:02:01.311+0000] {logging_mixin.py:190} INFO - [2025-02-01T00:02:01.311+0000] {dagbag.py:587} INFO - Filling up the DagBag from /home/airflow/.local/lib/python3.12/site-packages/airflow/example_dags/tutorial_objectstorage.py
[2025-02-01T00:02:01.319+0000] {processor.py:925} INFO - DAG(s) 'tutorial_objectstorage' retrieved from /home/airflow/.local/lib/python3.12/site-packages/airflow/example_dags/tutorial_objectstorage.py
[2025-02-01T00:02:01.335+0000] {logging_mixin.py:190} INFO - [2025-02-01T00:02:01.335+0000] {dag.py:3211} INFO - Sync 1 DAGs
[2025-02-01T00:02:01.347+0000] {logging_mixin.py:190} INFO - [2025-02-01T00:02:01.347+0000] {dag.py:4138} INFO - Setting next_dagrun for tutorial_objectstorage to None, run_after=None
[2025-02-01T00:02:01.368+0000] {processor.py:208} INFO - Processing /home/airflow/.local/lib/python3.12/site-packages/airflow/example_dags/tutorial_objectstorage.py took 0.064 seconds
[2025-02-01T00:02:31.474+0000] {processor.py:186} INFO - Started process (PID=25368) to work on /home/airflow/.local/lib/python3.12/site-packages/airflow/example_dags/tutorial_objectstorage.py
[2025-02-01T00:02:31.475+0000] {processor.py:914} INFO - Processing file /home/airflow/.local/lib/python3.12/site-packages/airflow/example_dags/tutorial_objectstorage.py for tasks to queue
[2025-02-01T00:02:31.477+0000] {logging_mixin.py:190} INFO - [2025-02-01T00:02:31.476+0000] {dagbag.py:587} INFO - Filling up the DagBag from /home/airflow/.local/lib/python3.12/site-packages/airflow/example_dags/tutorial_objectstorage.py
[2025-02-01T00:02:31.484+0000] {processor.py:925} INFO - DAG(s) 'tutorial_objectstorage' retrieved from /home/airflow/.local/lib/python3.12/site-packages/airflow/example_dags/tutorial_objectstorage.py
[2025-02-01T00:02:31.501+0000] {logging_mixin.py:190} INFO - [2025-02-01T00:02:31.501+0000] {dag.py:3211} INFO - Sync 1 DAGs
[2025-02-01T00:02:31.514+0000] {logging_mixin.py:190} INFO - [2025-02-01T00:02:31.514+0000] {dag.py:4138} INFO - Setting next_dagrun for tutorial_objectstorage to None, run_after=None
[2025-02-01T00:02:31.531+0000] {processor.py:208} INFO - Processing /home/airflow/.local/lib/python3.12/site-packages/airflow/example_dags/tutorial_objectstorage.py took 0.062 seconds
[2025-02-01T00:03:01.678+0000] {processor.py:186} INFO - Started process (PID=25431) to work on /home/airflow/.local/lib/python3.12/site-packages/airflow/example_dags/tutorial_objectstorage.py
[2025-02-01T00:03:01.679+0000] {processor.py:914} INFO - Processing file /home/airflow/.local/lib/python3.12/site-packages/airflow/example_dags/tutorial_objectstorage.py for tasks to queue
[2025-02-01T00:03:01.680+0000] {logging_mixin.py:190} INFO - [2025-02-01T00:03:01.680+0000] {dagbag.py:587} INFO - Filling up the DagBag from /home/airflow/.local/lib/python3.12/site-packages/airflow/example_dags/tutorial_objectstorage.py
[2025-02-01T00:03:01.689+0000] {processor.py:925} INFO - DAG(s) 'tutorial_objectstorage' retrieved from /home/airflow/.local/lib/python3.12/site-packages/airflow/example_dags/tutorial_objectstorage.py
[2025-02-01T00:03:01.706+0000] {logging_mixin.py:190} INFO - [2025-02-01T00:03:01.705+0000] {dag.py:3211} INFO - Sync 1 DAGs
[2025-02-01T00:03:01.718+0000] {logging_mixin.py:190} INFO - [2025-02-01T00:03:01.718+0000] {dag.py:4138} INFO - Setting next_dagrun for tutorial_objectstorage to None, run_after=None
[2025-02-01T00:03:01.737+0000] {processor.py:208} INFO - Processing /home/airflow/.local/lib/python3.12/site-packages/airflow/example_dags/tutorial_objectstorage.py took 0.064 seconds
[2025-02-01T00:03:31.956+0000] {processor.py:186} INFO - Started process (PID=25494) to work on /home/airflow/.local/lib/python3.12/site-packages/airflow/example_dags/tutorial_objectstorage.py
[2025-02-01T00:03:31.957+0000] {processor.py:914} INFO - Processing file /home/airflow/.local/lib/python3.12/site-packages/airflow/example_dags/tutorial_objectstorage.py for tasks to queue
[2025-02-01T00:03:31.958+0000] {logging_mixin.py:190} INFO - [2025-02-01T00:03:31.958+0000] {dagbag.py:587} INFO - Filling up the DagBag from /home/airflow/.local/lib/python3.12/site-packages/airflow/example_dags/tutorial_objectstorage.py
[2025-02-01T00:03:31.965+0000] {processor.py:925} INFO - DAG(s) 'tutorial_objectstorage' retrieved from /home/airflow/.local/lib/python3.12/site-packages/airflow/example_dags/tutorial_objectstorage.py
[2025-02-01T00:03:31.982+0000] {logging_mixin.py:190} INFO - [2025-02-01T00:03:31.982+0000] {dag.py:3211} INFO - Sync 1 DAGs
[2025-02-01T00:03:31.995+0000] {logging_mixin.py:190} INFO - [2025-02-01T00:03:31.995+0000] {dag.py:4138} INFO - Setting next_dagrun for tutorial_objectstorage to None, run_after=None
[2025-02-01T00:03:32.015+0000] {processor.py:208} INFO - Processing /home/airflow/.local/lib/python3.12/site-packages/airflow/example_dags/tutorial_objectstorage.py took 0.064 seconds
[2025-02-01T00:04:02.278+0000] {processor.py:186} INFO - Started process (PID=25557) to work on /home/airflow/.local/lib/python3.12/site-packages/airflow/example_dags/tutorial_objectstorage.py
[2025-02-01T00:04:02.279+0000] {processor.py:914} INFO - Processing file /home/airflow/.local/lib/python3.12/site-packages/airflow/example_dags/tutorial_objectstorage.py for tasks to queue
[2025-02-01T00:04:02.280+0000] {logging_mixin.py:190} INFO - [2025-02-01T00:04:02.280+0000] {dagbag.py:587} INFO - Filling up the DagBag from /home/airflow/.local/lib/python3.12/site-packages/airflow/example_dags/tutorial_objectstorage.py
[2025-02-01T00:04:02.287+0000] {processor.py:925} INFO - DAG(s) 'tutorial_objectstorage' retrieved from /home/airflow/.local/lib/python3.12/site-packages/airflow/example_dags/tutorial_objectstorage.py
[2025-02-01T00:04:02.303+0000] {logging_mixin.py:190} INFO - [2025-02-01T00:04:02.303+0000] {dag.py:3211} INFO - Sync 1 DAGs
[2025-02-01T00:04:02.315+0000] {logging_mixin.py:190} INFO - [2025-02-01T00:04:02.315+0000] {dag.py:4138} INFO - Setting next_dagrun for tutorial_objectstorage to None, run_after=None
[2025-02-01T00:04:02.334+0000] {processor.py:208} INFO - Processing /home/airflow/.local/lib/python3.12/site-packages/airflow/example_dags/tutorial_objectstorage.py took 0.060 seconds
[2025-02-01T00:04:32.528+0000] {processor.py:186} INFO - Started process (PID=25620) to work on /home/airflow/.local/lib/python3.12/site-packages/airflow/example_dags/tutorial_objectstorage.py
[2025-02-01T00:04:32.529+0000] {processor.py:914} INFO - Processing file /home/airflow/.local/lib/python3.12/site-packages/airflow/example_dags/tutorial_objectstorage.py for tasks to queue
[2025-02-01T00:04:32.531+0000] {logging_mixin.py:190} INFO - [2025-02-01T00:04:32.530+0000] {dagbag.py:587} INFO - Filling up the DagBag from /home/airflow/.local/lib/python3.12/site-packages/airflow/example_dags/tutorial_objectstorage.py
[2025-02-01T00:04:32.537+0000] {processor.py:925} INFO - DAG(s) 'tutorial_objectstorage' retrieved from /home/airflow/.local/lib/python3.12/site-packages/airflow/example_dags/tutorial_objectstorage.py
[2025-02-01T00:04:32.552+0000] {logging_mixin.py:190} INFO - [2025-02-01T00:04:32.552+0000] {dag.py:3211} INFO - Sync 1 DAGs
[2025-02-01T00:04:32.563+0000] {logging_mixin.py:190} INFO - [2025-02-01T00:04:32.563+0000] {dag.py:4138} INFO - Setting next_dagrun for tutorial_objectstorage to None, run_after=None
[2025-02-01T00:04:32.579+0000] {processor.py:208} INFO - Processing /home/airflow/.local/lib/python3.12/site-packages/airflow/example_dags/tutorial_objectstorage.py took 0.056 seconds
[2025-02-01T00:05:02.725+0000] {processor.py:186} INFO - Started process (PID=25683) to work on /home/airflow/.local/lib/python3.12/site-packages/airflow/example_dags/tutorial_objectstorage.py
[2025-02-01T00:05:02.726+0000] {processor.py:914} INFO - Processing file /home/airflow/.local/lib/python3.12/site-packages/airflow/example_dags/tutorial_objectstorage.py for tasks to queue
[2025-02-01T00:05:02.727+0000] {logging_mixin.py:190} INFO - [2025-02-01T00:05:02.727+0000] {dagbag.py:587} INFO - Filling up the DagBag from /home/airflow/.local/lib/python3.12/site-packages/airflow/example_dags/tutorial_objectstorage.py
[2025-02-01T00:05:02.734+0000] {processor.py:925} INFO - DAG(s) 'tutorial_objectstorage' retrieved from /home/airflow/.local/lib/python3.12/site-packages/airflow/example_dags/tutorial_objectstorage.py
[2025-02-01T00:05:02.750+0000] {logging_mixin.py:190} INFO - [2025-02-01T00:05:02.750+0000] {dag.py:3211} INFO - Sync 1 DAGs
[2025-02-01T00:05:02.761+0000] {logging_mixin.py:190} INFO - [2025-02-01T00:05:02.761+0000] {dag.py:4138} INFO - Setting next_dagrun for tutorial_objectstorage to None, run_after=None
[2025-02-01T00:05:02.780+0000] {processor.py:208} INFO - Processing /home/airflow/.local/lib/python3.12/site-packages/airflow/example_dags/tutorial_objectstorage.py took 0.059 seconds
[2025-02-01T00:05:32.999+0000] {processor.py:186} INFO - Started process (PID=25746) to work on /home/airflow/.local/lib/python3.12/site-packages/airflow/example_dags/tutorial_objectstorage.py
[2025-02-01T00:05:33.000+0000] {processor.py:914} INFO - Processing file /home/airflow/.local/lib/python3.12/site-packages/airflow/example_dags/tutorial_objectstorage.py for tasks to queue
[2025-02-01T00:05:33.001+0000] {logging_mixin.py:190} INFO - [2025-02-01T00:05:33.001+0000] {dagbag.py:587} INFO - Filling up the DagBag from /home/airflow/.local/lib/python3.12/site-packages/airflow/example_dags/tutorial_objectstorage.py
[2025-02-01T00:05:33.009+0000] {processor.py:925} INFO - DAG(s) 'tutorial_objectstorage' retrieved from /home/airflow/.local/lib/python3.12/site-packages/airflow/example_dags/tutorial_objectstorage.py
[2025-02-01T00:05:33.027+0000] {logging_mixin.py:190} INFO - [2025-02-01T00:05:33.027+0000] {dag.py:3211} INFO - Sync 1 DAGs
[2025-02-01T00:05:33.039+0000] {logging_mixin.py:190} INFO - [2025-02-01T00:05:33.039+0000] {dag.py:4138} INFO - Setting next_dagrun for tutorial_objectstorage to None, run_after=None
[2025-02-01T00:05:33.061+0000] {processor.py:208} INFO - Processing /home/airflow/.local/lib/python3.12/site-packages/airflow/example_dags/tutorial_objectstorage.py took 0.066 seconds
[2025-02-01T00:06:03.191+0000] {processor.py:186} INFO - Started process (PID=25809) to work on /home/airflow/.local/lib/python3.12/site-packages/airflow/example_dags/tutorial_objectstorage.py
[2025-02-01T00:06:03.192+0000] {processor.py:914} INFO - Processing file /home/airflow/.local/lib/python3.12/site-packages/airflow/example_dags/tutorial_objectstorage.py for tasks to queue
[2025-02-01T00:06:03.193+0000] {logging_mixin.py:190} INFO - [2025-02-01T00:06:03.193+0000] {dagbag.py:587} INFO - Filling up the DagBag from /home/airflow/.local/lib/python3.12/site-packages/airflow/example_dags/tutorial_objectstorage.py
[2025-02-01T00:06:03.201+0000] {processor.py:925} INFO - DAG(s) 'tutorial_objectstorage' retrieved from /home/airflow/.local/lib/python3.12/site-packages/airflow/example_dags/tutorial_objectstorage.py
[2025-02-01T00:06:03.218+0000] {logging_mixin.py:190} INFO - [2025-02-01T00:06:03.218+0000] {dag.py:3211} INFO - Sync 1 DAGs
[2025-02-01T00:06:03.231+0000] {logging_mixin.py:190} INFO - [2025-02-01T00:06:03.230+0000] {dag.py:4138} INFO - Setting next_dagrun for tutorial_objectstorage to None, run_after=None
[2025-02-01T00:06:03.249+0000] {processor.py:208} INFO - Processing /home/airflow/.local/lib/python3.12/site-packages/airflow/example_dags/tutorial_objectstorage.py took 0.062 seconds
[2025-02-01T00:06:33.368+0000] {processor.py:186} INFO - Started process (PID=25872) to work on /home/airflow/.local/lib/python3.12/site-packages/airflow/example_dags/tutorial_objectstorage.py
[2025-02-01T00:06:33.369+0000] {processor.py:914} INFO - Processing file /home/airflow/.local/lib/python3.12/site-packages/airflow/example_dags/tutorial_objectstorage.py for tasks to queue
[2025-02-01T00:06:33.370+0000] {logging_mixin.py:190} INFO - [2025-02-01T00:06:33.370+0000] {dagbag.py:587} INFO - Filling up the DagBag from /home/airflow/.local/lib/python3.12/site-packages/airflow/example_dags/tutorial_objectstorage.py
[2025-02-01T00:06:33.377+0000] {processor.py:925} INFO - DAG(s) 'tutorial_objectstorage' retrieved from /home/airflow/.local/lib/python3.12/site-packages/airflow/example_dags/tutorial_objectstorage.py
[2025-02-01T00:06:33.394+0000] {logging_mixin.py:190} INFO - [2025-02-01T00:06:33.393+0000] {dag.py:3211} INFO - Sync 1 DAGs
[2025-02-01T00:06:33.406+0000] {logging_mixin.py:190} INFO - [2025-02-01T00:06:33.406+0000] {dag.py:4138} INFO - Setting next_dagrun for tutorial_objectstorage to None, run_after=None
[2025-02-01T00:06:33.424+0000] {processor.py:208} INFO - Processing /home/airflow/.local/lib/python3.12/site-packages/airflow/example_dags/tutorial_objectstorage.py took 0.061 seconds
[2025-02-01T00:07:03.645+0000] {processor.py:186} INFO - Started process (PID=25935) to work on /home/airflow/.local/lib/python3.12/site-packages/airflow/example_dags/tutorial_objectstorage.py
[2025-02-01T00:07:03.647+0000] {processor.py:914} INFO - Processing file /home/airflow/.local/lib/python3.12/site-packages/airflow/example_dags/tutorial_objectstorage.py for tasks to queue
[2025-02-01T00:07:03.648+0000] {logging_mixin.py:190} INFO - [2025-02-01T00:07:03.648+0000] {dagbag.py:587} INFO - Filling up the DagBag from /home/airflow/.local/lib/python3.12/site-packages/airflow/example_dags/tutorial_objectstorage.py
[2025-02-01T00:07:03.657+0000] {processor.py:925} INFO - DAG(s) 'tutorial_objectstorage' retrieved from /home/airflow/.local/lib/python3.12/site-packages/airflow/example_dags/tutorial_objectstorage.py
[2025-02-01T00:07:03.675+0000] {logging_mixin.py:190} INFO - [2025-02-01T00:07:03.675+0000] {dag.py:3211} INFO - Sync 1 DAGs
[2025-02-01T00:07:03.688+0000] {logging_mixin.py:190} INFO - [2025-02-01T00:07:03.688+0000] {dag.py:4138} INFO - Setting next_dagrun for tutorial_objectstorage to None, run_after=None
[2025-02-01T00:07:03.706+0000] {processor.py:208} INFO - Processing /home/airflow/.local/lib/python3.12/site-packages/airflow/example_dags/tutorial_objectstorage.py took 0.066 seconds
[2025-02-01T00:07:34.078+0000] {processor.py:186} INFO - Started process (PID=26004) to work on /home/airflow/.local/lib/python3.12/site-packages/airflow/example_dags/tutorial_objectstorage.py
[2025-02-01T00:07:34.080+0000] {processor.py:914} INFO - Processing file /home/airflow/.local/lib/python3.12/site-packages/airflow/example_dags/tutorial_objectstorage.py for tasks to queue
[2025-02-01T00:07:34.081+0000] {logging_mixin.py:190} INFO - [2025-02-01T00:07:34.081+0000] {dagbag.py:587} INFO - Filling up the DagBag from /home/airflow/.local/lib/python3.12/site-packages/airflow/example_dags/tutorial_objectstorage.py
[2025-02-01T00:07:34.091+0000] {processor.py:925} INFO - DAG(s) 'tutorial_objectstorage' retrieved from /home/airflow/.local/lib/python3.12/site-packages/airflow/example_dags/tutorial_objectstorage.py
[2025-02-01T00:07:34.109+0000] {logging_mixin.py:190} INFO - [2025-02-01T00:07:34.108+0000] {dag.py:3211} INFO - Sync 1 DAGs
[2025-02-01T00:07:34.121+0000] {logging_mixin.py:190} INFO - [2025-02-01T00:07:34.121+0000] {dag.py:4138} INFO - Setting next_dagrun for tutorial_objectstorage to None, run_after=None
[2025-02-01T00:07:34.140+0000] {processor.py:208} INFO - Processing /home/airflow/.local/lib/python3.12/site-packages/airflow/example_dags/tutorial_objectstorage.py took 0.070 seconds
[2025-02-01T00:08:04.363+0000] {processor.py:186} INFO - Started process (PID=26067) to work on /home/airflow/.local/lib/python3.12/site-packages/airflow/example_dags/tutorial_objectstorage.py
[2025-02-01T00:08:04.364+0000] {processor.py:914} INFO - Processing file /home/airflow/.local/lib/python3.12/site-packages/airflow/example_dags/tutorial_objectstorage.py for tasks to queue
[2025-02-01T00:08:04.365+0000] {logging_mixin.py:190} INFO - [2025-02-01T00:08:04.364+0000] {dagbag.py:587} INFO - Filling up the DagBag from /home/airflow/.local/lib/python3.12/site-packages/airflow/example_dags/tutorial_objectstorage.py
[2025-02-01T00:08:04.373+0000] {processor.py:925} INFO - DAG(s) 'tutorial_objectstorage' retrieved from /home/airflow/.local/lib/python3.12/site-packages/airflow/example_dags/tutorial_objectstorage.py
[2025-02-01T00:08:04.390+0000] {logging_mixin.py:190} INFO - [2025-02-01T00:08:04.390+0000] {dag.py:3211} INFO - Sync 1 DAGs
[2025-02-01T00:08:04.402+0000] {logging_mixin.py:190} INFO - [2025-02-01T00:08:04.402+0000] {dag.py:4138} INFO - Setting next_dagrun for tutorial_objectstorage to None, run_after=None
[2025-02-01T00:08:04.419+0000] {processor.py:208} INFO - Processing /home/airflow/.local/lib/python3.12/site-packages/airflow/example_dags/tutorial_objectstorage.py took 0.061 seconds
[2025-02-01T00:08:34.781+0000] {processor.py:186} INFO - Started process (PID=26130) to work on /home/airflow/.local/lib/python3.12/site-packages/airflow/example_dags/tutorial_objectstorage.py
[2025-02-01T00:08:34.782+0000] {processor.py:914} INFO - Processing file /home/airflow/.local/lib/python3.12/site-packages/airflow/example_dags/tutorial_objectstorage.py for tasks to queue
[2025-02-01T00:08:34.783+0000] {logging_mixin.py:190} INFO - [2025-02-01T00:08:34.783+0000] {dagbag.py:587} INFO - Filling up the DagBag from /home/airflow/.local/lib/python3.12/site-packages/airflow/example_dags/tutorial_objectstorage.py
[2025-02-01T00:08:34.791+0000] {processor.py:925} INFO - DAG(s) 'tutorial_objectstorage' retrieved from /home/airflow/.local/lib/python3.12/site-packages/airflow/example_dags/tutorial_objectstorage.py
[2025-02-01T00:08:34.807+0000] {logging_mixin.py:190} INFO - [2025-02-01T00:08:34.807+0000] {dag.py:3211} INFO - Sync 1 DAGs
[2025-02-01T00:08:34.820+0000] {logging_mixin.py:190} INFO - [2025-02-01T00:08:34.819+0000] {dag.py:4138} INFO - Setting next_dagrun for tutorial_objectstorage to None, run_after=None
[2025-02-01T00:08:34.840+0000] {processor.py:208} INFO - Processing /home/airflow/.local/lib/python3.12/site-packages/airflow/example_dags/tutorial_objectstorage.py took 0.063 seconds
[2025-02-01T00:09:04.975+0000] {processor.py:186} INFO - Started process (PID=26193) to work on /home/airflow/.local/lib/python3.12/site-packages/airflow/example_dags/tutorial_objectstorage.py
[2025-02-01T00:09:04.976+0000] {processor.py:914} INFO - Processing file /home/airflow/.local/lib/python3.12/site-packages/airflow/example_dags/tutorial_objectstorage.py for tasks to queue
[2025-02-01T00:09:04.977+0000] {logging_mixin.py:190} INFO - [2025-02-01T00:09:04.977+0000] {dagbag.py:587} INFO - Filling up the DagBag from /home/airflow/.local/lib/python3.12/site-packages/airflow/example_dags/tutorial_objectstorage.py
[2025-02-01T00:09:04.985+0000] {processor.py:925} INFO - DAG(s) 'tutorial_objectstorage' retrieved from /home/airflow/.local/lib/python3.12/site-packages/airflow/example_dags/tutorial_objectstorage.py
[2025-02-01T00:09:05.001+0000] {logging_mixin.py:190} INFO - [2025-02-01T00:09:05.001+0000] {dag.py:3211} INFO - Sync 1 DAGs
[2025-02-01T00:09:05.013+0000] {logging_mixin.py:190} INFO - [2025-02-01T00:09:05.013+0000] {dag.py:4138} INFO - Setting next_dagrun for tutorial_objectstorage to None, run_after=None
[2025-02-01T00:09:05.034+0000] {processor.py:208} INFO - Processing /home/airflow/.local/lib/python3.12/site-packages/airflow/example_dags/tutorial_objectstorage.py took 0.064 seconds
[2025-02-01T00:09:35.127+0000] {processor.py:186} INFO - Started process (PID=26256) to work on /home/airflow/.local/lib/python3.12/site-packages/airflow/example_dags/tutorial_objectstorage.py
[2025-02-01T00:09:35.127+0000] {processor.py:914} INFO - Processing file /home/airflow/.local/lib/python3.12/site-packages/airflow/example_dags/tutorial_objectstorage.py for tasks to queue
[2025-02-01T00:09:35.128+0000] {logging_mixin.py:190} INFO - [2025-02-01T00:09:35.128+0000] {dagbag.py:587} INFO - Filling up the DagBag from /home/airflow/.local/lib/python3.12/site-packages/airflow/example_dags/tutorial_objectstorage.py
[2025-02-01T00:09:35.136+0000] {processor.py:925} INFO - DAG(s) 'tutorial_objectstorage' retrieved from /home/airflow/.local/lib/python3.12/site-packages/airflow/example_dags/tutorial_objectstorage.py
[2025-02-01T00:09:35.153+0000] {logging_mixin.py:190} INFO - [2025-02-01T00:09:35.153+0000] {dag.py:3211} INFO - Sync 1 DAGs
[2025-02-01T00:09:35.165+0000] {logging_mixin.py:190} INFO - [2025-02-01T00:09:35.164+0000] {dag.py:4138} INFO - Setting next_dagrun for tutorial_objectstorage to None, run_after=None
[2025-02-01T00:09:35.184+0000] {processor.py:208} INFO - Processing /home/airflow/.local/lib/python3.12/site-packages/airflow/example_dags/tutorial_objectstorage.py took 0.063 seconds
[2025-02-01T00:10:05.492+0000] {processor.py:186} INFO - Started process (PID=26319) to work on /home/airflow/.local/lib/python3.12/site-packages/airflow/example_dags/tutorial_objectstorage.py
[2025-02-01T00:10:05.493+0000] {processor.py:914} INFO - Processing file /home/airflow/.local/lib/python3.12/site-packages/airflow/example_dags/tutorial_objectstorage.py for tasks to queue
[2025-02-01T00:10:05.494+0000] {logging_mixin.py:190} INFO - [2025-02-01T00:10:05.494+0000] {dagbag.py:587} INFO - Filling up the DagBag from /home/airflow/.local/lib/python3.12/site-packages/airflow/example_dags/tutorial_objectstorage.py
[2025-02-01T00:10:05.502+0000] {processor.py:925} INFO - DAG(s) 'tutorial_objectstorage' retrieved from /home/airflow/.local/lib/python3.12/site-packages/airflow/example_dags/tutorial_objectstorage.py
[2025-02-01T00:10:05.518+0000] {logging_mixin.py:190} INFO - [2025-02-01T00:10:05.518+0000] {dag.py:3211} INFO - Sync 1 DAGs
[2025-02-01T00:10:05.530+0000] {logging_mixin.py:190} INFO - [2025-02-01T00:10:05.530+0000] {dag.py:4138} INFO - Setting next_dagrun for tutorial_objectstorage to None, run_after=None
[2025-02-01T00:10:05.550+0000] {processor.py:208} INFO - Processing /home/airflow/.local/lib/python3.12/site-packages/airflow/example_dags/tutorial_objectstorage.py took 0.063 seconds
[2025-02-01T00:10:36.077+0000] {processor.py:186} INFO - Started process (PID=26382) to work on /home/airflow/.local/lib/python3.12/site-packages/airflow/example_dags/tutorial_objectstorage.py
[2025-02-01T00:10:36.078+0000] {processor.py:914} INFO - Processing file /home/airflow/.local/lib/python3.12/site-packages/airflow/example_dags/tutorial_objectstorage.py for tasks to queue
[2025-02-01T00:10:36.079+0000] {logging_mixin.py:190} INFO - [2025-02-01T00:10:36.079+0000] {dagbag.py:587} INFO - Filling up the DagBag from /home/airflow/.local/lib/python3.12/site-packages/airflow/example_dags/tutorial_objectstorage.py
[2025-02-01T00:10:36.086+0000] {processor.py:925} INFO - DAG(s) 'tutorial_objectstorage' retrieved from /home/airflow/.local/lib/python3.12/site-packages/airflow/example_dags/tutorial_objectstorage.py
[2025-02-01T00:10:36.103+0000] {logging_mixin.py:190} INFO - [2025-02-01T00:10:36.103+0000] {dag.py:3211} INFO - Sync 1 DAGs
[2025-02-01T00:10:36.116+0000] {logging_mixin.py:190} INFO - [2025-02-01T00:10:36.116+0000] {dag.py:4138} INFO - Setting next_dagrun for tutorial_objectstorage to None, run_after=None
[2025-02-01T00:10:36.136+0000] {processor.py:208} INFO - Processing /home/airflow/.local/lib/python3.12/site-packages/airflow/example_dags/tutorial_objectstorage.py took 0.064 seconds
[2025-02-01T00:11:06.239+0000] {processor.py:186} INFO - Started process (PID=26445) to work on /home/airflow/.local/lib/python3.12/site-packages/airflow/example_dags/tutorial_objectstorage.py
[2025-02-01T00:11:06.240+0000] {processor.py:914} INFO - Processing file /home/airflow/.local/lib/python3.12/site-packages/airflow/example_dags/tutorial_objectstorage.py for tasks to queue
[2025-02-01T00:11:06.241+0000] {logging_mixin.py:190} INFO - [2025-02-01T00:11:06.241+0000] {dagbag.py:587} INFO - Filling up the DagBag from /home/airflow/.local/lib/python3.12/site-packages/airflow/example_dags/tutorial_objectstorage.py
[2025-02-01T00:11:06.249+0000] {processor.py:925} INFO - DAG(s) 'tutorial_objectstorage' retrieved from /home/airflow/.local/lib/python3.12/site-packages/airflow/example_dags/tutorial_objectstorage.py
[2025-02-01T00:11:06.266+0000] {logging_mixin.py:190} INFO - [2025-02-01T00:11:06.266+0000] {dag.py:3211} INFO - Sync 1 DAGs
[2025-02-01T00:11:06.278+0000] {logging_mixin.py:190} INFO - [2025-02-01T00:11:06.277+0000] {dag.py:4138} INFO - Setting next_dagrun for tutorial_objectstorage to None, run_after=None
[2025-02-01T00:11:06.299+0000] {processor.py:208} INFO - Processing /home/airflow/.local/lib/python3.12/site-packages/airflow/example_dags/tutorial_objectstorage.py took 0.064 seconds
[2025-02-01T00:11:36.521+0000] {processor.py:186} INFO - Started process (PID=26508) to work on /home/airflow/.local/lib/python3.12/site-packages/airflow/example_dags/tutorial_objectstorage.py
[2025-02-01T00:11:36.522+0000] {processor.py:914} INFO - Processing file /home/airflow/.local/lib/python3.12/site-packages/airflow/example_dags/tutorial_objectstorage.py for tasks to queue
[2025-02-01T00:11:36.523+0000] {logging_mixin.py:190} INFO - [2025-02-01T00:11:36.522+0000] {dagbag.py:587} INFO - Filling up the DagBag from /home/airflow/.local/lib/python3.12/site-packages/airflow/example_dags/tutorial_objectstorage.py
[2025-02-01T00:11:36.530+0000] {processor.py:925} INFO - DAG(s) 'tutorial_objectstorage' retrieved from /home/airflow/.local/lib/python3.12/site-packages/airflow/example_dags/tutorial_objectstorage.py
[2025-02-01T00:11:36.547+0000] {logging_mixin.py:190} INFO - [2025-02-01T00:11:36.547+0000] {dag.py:3211} INFO - Sync 1 DAGs
[2025-02-01T00:11:36.561+0000] {logging_mixin.py:190} INFO - [2025-02-01T00:11:36.560+0000] {dag.py:4138} INFO - Setting next_dagrun for tutorial_objectstorage to None, run_after=None
[2025-02-01T00:11:36.578+0000] {processor.py:208} INFO - Processing /home/airflow/.local/lib/python3.12/site-packages/airflow/example_dags/tutorial_objectstorage.py took 0.062 seconds
[2025-02-01T00:12:06.805+0000] {processor.py:186} INFO - Started process (PID=26571) to work on /home/airflow/.local/lib/python3.12/site-packages/airflow/example_dags/tutorial_objectstorage.py
[2025-02-01T00:12:06.806+0000] {processor.py:914} INFO - Processing file /home/airflow/.local/lib/python3.12/site-packages/airflow/example_dags/tutorial_objectstorage.py for tasks to queue
[2025-02-01T00:12:06.808+0000] {logging_mixin.py:190} INFO - [2025-02-01T00:12:06.807+0000] {dagbag.py:587} INFO - Filling up the DagBag from /home/airflow/.local/lib/python3.12/site-packages/airflow/example_dags/tutorial_objectstorage.py
[2025-02-01T00:12:06.816+0000] {processor.py:925} INFO - DAG(s) 'tutorial_objectstorage' retrieved from /home/airflow/.local/lib/python3.12/site-packages/airflow/example_dags/tutorial_objectstorage.py
[2025-02-01T00:12:06.833+0000] {logging_mixin.py:190} INFO - [2025-02-01T00:12:06.832+0000] {dag.py:3211} INFO - Sync 1 DAGs
[2025-02-01T00:12:06.846+0000] {logging_mixin.py:190} INFO - [2025-02-01T00:12:06.846+0000] {dag.py:4138} INFO - Setting next_dagrun for tutorial_objectstorage to None, run_after=None
[2025-02-01T00:12:06.866+0000] {processor.py:208} INFO - Processing /home/airflow/.local/lib/python3.12/site-packages/airflow/example_dags/tutorial_objectstorage.py took 0.066 seconds
[2025-02-01T00:12:37.145+0000] {processor.py:186} INFO - Started process (PID=26634) to work on /home/airflow/.local/lib/python3.12/site-packages/airflow/example_dags/tutorial_objectstorage.py
[2025-02-01T00:12:37.145+0000] {processor.py:914} INFO - Processing file /home/airflow/.local/lib/python3.12/site-packages/airflow/example_dags/tutorial_objectstorage.py for tasks to queue
[2025-02-01T00:12:37.147+0000] {logging_mixin.py:190} INFO - [2025-02-01T00:12:37.146+0000] {dagbag.py:587} INFO - Filling up the DagBag from /home/airflow/.local/lib/python3.12/site-packages/airflow/example_dags/tutorial_objectstorage.py
[2025-02-01T00:12:37.154+0000] {processor.py:925} INFO - DAG(s) 'tutorial_objectstorage' retrieved from /home/airflow/.local/lib/python3.12/site-packages/airflow/example_dags/tutorial_objectstorage.py
[2025-02-01T00:12:37.171+0000] {logging_mixin.py:190} INFO - [2025-02-01T00:12:37.171+0000] {dag.py:3211} INFO - Sync 1 DAGs
[2025-02-01T00:12:37.183+0000] {logging_mixin.py:190} INFO - [2025-02-01T00:12:37.183+0000] {dag.py:4138} INFO - Setting next_dagrun for tutorial_objectstorage to None, run_after=None
[2025-02-01T00:12:37.201+0000] {processor.py:208} INFO - Processing /home/airflow/.local/lib/python3.12/site-packages/airflow/example_dags/tutorial_objectstorage.py took 0.061 seconds
[2025-02-01T00:13:07.337+0000] {processor.py:186} INFO - Started process (PID=26697) to work on /home/airflow/.local/lib/python3.12/site-packages/airflow/example_dags/tutorial_objectstorage.py
[2025-02-01T00:13:07.338+0000] {processor.py:914} INFO - Processing file /home/airflow/.local/lib/python3.12/site-packages/airflow/example_dags/tutorial_objectstorage.py for tasks to queue
[2025-02-01T00:13:07.340+0000] {logging_mixin.py:190} INFO - [2025-02-01T00:13:07.339+0000] {dagbag.py:587} INFO - Filling up the DagBag from /home/airflow/.local/lib/python3.12/site-packages/airflow/example_dags/tutorial_objectstorage.py
[2025-02-01T00:13:07.348+0000] {processor.py:925} INFO - DAG(s) 'tutorial_objectstorage' retrieved from /home/airflow/.local/lib/python3.12/site-packages/airflow/example_dags/tutorial_objectstorage.py
[2025-02-01T00:13:07.366+0000] {logging_mixin.py:190} INFO - [2025-02-01T00:13:07.366+0000] {dag.py:3211} INFO - Sync 1 DAGs
[2025-02-01T00:13:07.379+0000] {logging_mixin.py:190} INFO - [2025-02-01T00:13:07.379+0000] {dag.py:4138} INFO - Setting next_dagrun for tutorial_objectstorage to None, run_after=None
[2025-02-01T00:13:07.401+0000] {processor.py:208} INFO - Processing /home/airflow/.local/lib/python3.12/site-packages/airflow/example_dags/tutorial_objectstorage.py took 0.069 seconds
[2025-02-01T00:13:37.545+0000] {processor.py:186} INFO - Started process (PID=26760) to work on /home/airflow/.local/lib/python3.12/site-packages/airflow/example_dags/tutorial_objectstorage.py
[2025-02-01T00:13:37.546+0000] {processor.py:914} INFO - Processing file /home/airflow/.local/lib/python3.12/site-packages/airflow/example_dags/tutorial_objectstorage.py for tasks to queue
[2025-02-01T00:13:37.547+0000] {logging_mixin.py:190} INFO - [2025-02-01T00:13:37.546+0000] {dagbag.py:587} INFO - Filling up the DagBag from /home/airflow/.local/lib/python3.12/site-packages/airflow/example_dags/tutorial_objectstorage.py
[2025-02-01T00:13:37.554+0000] {processor.py:925} INFO - DAG(s) 'tutorial_objectstorage' retrieved from /home/airflow/.local/lib/python3.12/site-packages/airflow/example_dags/tutorial_objectstorage.py
[2025-02-01T00:13:37.570+0000] {logging_mixin.py:190} INFO - [2025-02-01T00:13:37.570+0000] {dag.py:3211} INFO - Sync 1 DAGs
[2025-02-01T00:13:37.583+0000] {logging_mixin.py:190} INFO - [2025-02-01T00:13:37.583+0000] {dag.py:4138} INFO - Setting next_dagrun for tutorial_objectstorage to None, run_after=None
[2025-02-01T00:13:37.601+0000] {processor.py:208} INFO - Processing /home/airflow/.local/lib/python3.12/site-packages/airflow/example_dags/tutorial_objectstorage.py took 0.061 seconds
[2025-02-01T00:14:07.816+0000] {processor.py:186} INFO - Started process (PID=26823) to work on /home/airflow/.local/lib/python3.12/site-packages/airflow/example_dags/tutorial_objectstorage.py
[2025-02-01T00:14:07.817+0000] {processor.py:914} INFO - Processing file /home/airflow/.local/lib/python3.12/site-packages/airflow/example_dags/tutorial_objectstorage.py for tasks to queue
[2025-02-01T00:14:07.818+0000] {logging_mixin.py:190} INFO - [2025-02-01T00:14:07.818+0000] {dagbag.py:587} INFO - Filling up the DagBag from /home/airflow/.local/lib/python3.12/site-packages/airflow/example_dags/tutorial_objectstorage.py
[2025-02-01T00:14:07.825+0000] {processor.py:925} INFO - DAG(s) 'tutorial_objectstorage' retrieved from /home/airflow/.local/lib/python3.12/site-packages/airflow/example_dags/tutorial_objectstorage.py
[2025-02-01T00:14:07.841+0000] {logging_mixin.py:190} INFO - [2025-02-01T00:14:07.841+0000] {dag.py:3211} INFO - Sync 1 DAGs
[2025-02-01T00:14:07.853+0000] {logging_mixin.py:190} INFO - [2025-02-01T00:14:07.853+0000] {dag.py:4138} INFO - Setting next_dagrun for tutorial_objectstorage to None, run_after=None
[2025-02-01T00:14:07.869+0000] {processor.py:208} INFO - Processing /home/airflow/.local/lib/python3.12/site-packages/airflow/example_dags/tutorial_objectstorage.py took 0.058 seconds
[2025-02-01T00:14:38.210+0000] {processor.py:186} INFO - Started process (PID=26886) to work on /home/airflow/.local/lib/python3.12/site-packages/airflow/example_dags/tutorial_objectstorage.py
[2025-02-01T00:14:38.212+0000] {processor.py:914} INFO - Processing file /home/airflow/.local/lib/python3.12/site-packages/airflow/example_dags/tutorial_objectstorage.py for tasks to queue
[2025-02-01T00:14:38.213+0000] {logging_mixin.py:190} INFO - [2025-02-01T00:14:38.213+0000] {dagbag.py:587} INFO - Filling up the DagBag from /home/airflow/.local/lib/python3.12/site-packages/airflow/example_dags/tutorial_objectstorage.py
[2025-02-01T00:14:38.223+0000] {processor.py:925} INFO - DAG(s) 'tutorial_objectstorage' retrieved from /home/airflow/.local/lib/python3.12/site-packages/airflow/example_dags/tutorial_objectstorage.py
[2025-02-01T00:14:38.241+0000] {logging_mixin.py:190} INFO - [2025-02-01T00:14:38.241+0000] {dag.py:3211} INFO - Sync 1 DAGs
[2025-02-01T00:14:38.256+0000] {logging_mixin.py:190} INFO - [2025-02-01T00:14:38.256+0000] {dag.py:4138} INFO - Setting next_dagrun for tutorial_objectstorage to None, run_after=None
[2025-02-01T00:14:38.277+0000] {processor.py:208} INFO - Processing /home/airflow/.local/lib/python3.12/site-packages/airflow/example_dags/tutorial_objectstorage.py took 0.072 seconds
[2025-02-01T00:15:08.609+0000] {processor.py:186} INFO - Started process (PID=26949) to work on /home/airflow/.local/lib/python3.12/site-packages/airflow/example_dags/tutorial_objectstorage.py
[2025-02-01T00:15:08.610+0000] {processor.py:914} INFO - Processing file /home/airflow/.local/lib/python3.12/site-packages/airflow/example_dags/tutorial_objectstorage.py for tasks to queue
[2025-02-01T00:15:08.611+0000] {logging_mixin.py:190} INFO - [2025-02-01T00:15:08.611+0000] {dagbag.py:587} INFO - Filling up the DagBag from /home/airflow/.local/lib/python3.12/site-packages/airflow/example_dags/tutorial_objectstorage.py
[2025-02-01T00:15:08.620+0000] {processor.py:925} INFO - DAG(s) 'tutorial_objectstorage' retrieved from /home/airflow/.local/lib/python3.12/site-packages/airflow/example_dags/tutorial_objectstorage.py
[2025-02-01T00:15:08.637+0000] {logging_mixin.py:190} INFO - [2025-02-01T00:15:08.637+0000] {dag.py:3211} INFO - Sync 1 DAGs
[2025-02-01T00:15:08.650+0000] {logging_mixin.py:190} INFO - [2025-02-01T00:15:08.650+0000] {dag.py:4138} INFO - Setting next_dagrun for tutorial_objectstorage to None, run_after=None
[2025-02-01T00:15:08.668+0000] {processor.py:208} INFO - Processing /home/airflow/.local/lib/python3.12/site-packages/airflow/example_dags/tutorial_objectstorage.py took 0.063 seconds
[2025-02-01T00:15:39.076+0000] {processor.py:186} INFO - Started process (PID=27012) to work on /home/airflow/.local/lib/python3.12/site-packages/airflow/example_dags/tutorial_objectstorage.py
[2025-02-01T00:15:39.077+0000] {processor.py:914} INFO - Processing file /home/airflow/.local/lib/python3.12/site-packages/airflow/example_dags/tutorial_objectstorage.py for tasks to queue
[2025-02-01T00:15:39.078+0000] {logging_mixin.py:190} INFO - [2025-02-01T00:15:39.078+0000] {dagbag.py:587} INFO - Filling up the DagBag from /home/airflow/.local/lib/python3.12/site-packages/airflow/example_dags/tutorial_objectstorage.py
[2025-02-01T00:15:39.086+0000] {processor.py:925} INFO - DAG(s) 'tutorial_objectstorage' retrieved from /home/airflow/.local/lib/python3.12/site-packages/airflow/example_dags/tutorial_objectstorage.py
[2025-02-01T00:15:39.102+0000] {logging_mixin.py:190} INFO - [2025-02-01T00:15:39.102+0000] {dag.py:3211} INFO - Sync 1 DAGs
[2025-02-01T00:15:39.114+0000] {logging_mixin.py:190} INFO - [2025-02-01T00:15:39.114+0000] {dag.py:4138} INFO - Setting next_dagrun for tutorial_objectstorage to None, run_after=None
[2025-02-01T00:15:39.131+0000] {processor.py:208} INFO - Processing /home/airflow/.local/lib/python3.12/site-packages/airflow/example_dags/tutorial_objectstorage.py took 0.060 seconds
[2025-02-01T00:16:09.289+0000] {processor.py:186} INFO - Started process (PID=27075) to work on /home/airflow/.local/lib/python3.12/site-packages/airflow/example_dags/tutorial_objectstorage.py
[2025-02-01T00:16:09.290+0000] {processor.py:914} INFO - Processing file /home/airflow/.local/lib/python3.12/site-packages/airflow/example_dags/tutorial_objectstorage.py for tasks to queue
[2025-02-01T00:16:09.291+0000] {logging_mixin.py:190} INFO - [2025-02-01T00:16:09.291+0000] {dagbag.py:587} INFO - Filling up the DagBag from /home/airflow/.local/lib/python3.12/site-packages/airflow/example_dags/tutorial_objectstorage.py
[2025-02-01T00:16:09.299+0000] {processor.py:925} INFO - DAG(s) 'tutorial_objectstorage' retrieved from /home/airflow/.local/lib/python3.12/site-packages/airflow/example_dags/tutorial_objectstorage.py
[2025-02-01T00:16:09.316+0000] {logging_mixin.py:190} INFO - [2025-02-01T00:16:09.316+0000] {dag.py:3211} INFO - Sync 1 DAGs
[2025-02-01T00:16:09.328+0000] {logging_mixin.py:190} INFO - [2025-02-01T00:16:09.328+0000] {dag.py:4138} INFO - Setting next_dagrun for tutorial_objectstorage to None, run_after=None
[2025-02-01T00:16:09.345+0000] {processor.py:208} INFO - Processing /home/airflow/.local/lib/python3.12/site-packages/airflow/example_dags/tutorial_objectstorage.py took 0.060 seconds
