[2025-02-09T22:09:16.936+0000] {local_task_job_runner.py:123} INFO - ::group::Pre task execution logs
[2025-02-09T22:09:16.965+0000] {taskinstance.py:2603} INFO - Dependencies all met for dep_context=non-requeueable deps ti=<TaskInstance: ETL.extract_data manual__2025-02-09T22:09:10.018401+00:00 [queued]>
[2025-02-09T22:09:16.978+0000] {taskinstance.py:2603} INFO - Dependencies all met for dep_context=requeueable deps ti=<TaskInstance: ETL.extract_data manual__2025-02-09T22:09:10.018401+00:00 [queued]>
[2025-02-09T22:09:16.979+0000] {taskinstance.py:2856} INFO - Starting attempt 1 of 2
[2025-02-09T22:09:17.001+0000] {taskinstance.py:2879} INFO - Executing <Task(PythonOperator): extract_data> on 2025-02-09 22:09:10.018401+00:00
[2025-02-09T22:09:17.012+0000] {warnings.py:112} WARNING - /home/***/.local/lib/python3.12/site-packages/***/task/task_runner/standard_task_runner.py:70: DeprecationWarning: This process (pid=79) is multi-threaded, use of fork() may lead to deadlocks in the child.
  pid = os.fork()

[2025-02-09T22:09:17.014+0000] {standard_task_runner.py:72} INFO - Started process 81 to run task
[2025-02-09T22:09:17.014+0000] {standard_task_runner.py:104} INFO - Running: ['***', 'tasks', 'run', 'ETL', 'extract_data', 'manual__2025-02-09T22:09:10.018401+00:00', '--job-id', '17', '--raw', '--subdir', 'DAGS_FOLDER/etl.py', '--cfg-path', '/tmp/tmpivb4brrk']
[2025-02-09T22:09:17.016+0000] {standard_task_runner.py:105} INFO - Job 17: Subtask extract_data
[2025-02-09T22:09:17.103+0000] {task_command.py:467} INFO - Running <TaskInstance: ETL.extract_data manual__2025-02-09T22:09:10.018401+00:00 [running]> on host b33347fa3e64
[2025-02-09T22:09:17.241+0000] {taskinstance.py:3122} INFO - Exporting env vars: AIRFLOW_CTX_DAG_OWNER='***' AIRFLOW_CTX_DAG_ID='ETL' AIRFLOW_CTX_TASK_ID='extract_data' AIRFLOW_CTX_EXECUTION_DATE='2025-02-09T22:09:10.018401+00:00' AIRFLOW_CTX_TRY_NUMBER='1' AIRFLOW_CTX_DAG_RUN_ID='manual__2025-02-09T22:09:10.018401+00:00'
[2025-02-09T22:09:17.243+0000] {logging_mixin.py:190} INFO - Task instance is in running state
[2025-02-09T22:09:17.244+0000] {logging_mixin.py:190} INFO -  Previous state of the Task instance: queued
[2025-02-09T22:09:17.245+0000] {logging_mixin.py:190} INFO - Current task name:extract_data state:running start_date:2025-02-09 22:09:16.966028+00:00
[2025-02-09T22:09:17.245+0000] {logging_mixin.py:190} INFO - Dag name:ETL and current dag run status:running
[2025-02-09T22:09:17.246+0000] {taskinstance.py:731} INFO - ::endgroup::
[2025-02-09T22:09:17.310+0000] {python.py:240} INFO - Done. Returned value was:          car_name  ...                                               link
0       Chevrolet  ...  https://www.autoscout24.be/fr/offres/chevrolet...
1             BMW  ...  https://www.autoscout24.be/fr/offres/bmw-318-d...
2         Peugeot  ...  https://www.autoscout24.be/fr/offres/peugeot-5...
3         Peugeot  ...  https://www.autoscout24.be/fr/offres/peugeot-2...
4      Volkswagen  ...  https://www.autoscout24.be/fr/offres/volkswage...
5      Land Rover  ...  https://www.autoscout24.be/fr/offres/land-rove...
6           Volvo  ...  https://www.autoscout24.be/fr/offres/volvo-c30...
7         Peugeot  ...  https://www.autoscout24.be/fr/offres/peugeot-p...
8             BMW  ...  https://www.autoscout24.be/fr/offres/bmw-218-a...
9         Citroen  ...  https://www.autoscout24.be/fr/offres/citroen-c...
10           SEAT  ...  https://www.autoscout24.be/fr/offres/seat-ibiz...
11            BMW  ...  https://www.autoscout24.be/fr/offres/bmw-318-g...
12        Peugeot  ...  https://www.autoscout24.be/fr/offres/peugeot-5...
13            BMW  ...  https://www.autoscout24.be/fr/offres/bmw-216-g...
14        Hyundai  ...  https://www.autoscout24.be/fr/offres/hyundai-i...
15        Citroen  ...  https://www.autoscout24.be/fr/offres/citroen-c...
16     Volkswagen  ...  https://www.autoscout24.be/fr/offres/volkswage...
17            BMW  ...  https://www.autoscout24.be/fr/offres/bmw-525-d...
18         Toyota  ...  https://www.autoscout24.be/fr/offres/toyota-ya...
19            BMW  ...  https://www.autoscout24.be/fr/offres/bmw-318-d...
20           Opel  ...  https://www.autoscout24.be/fr/offres/opel-zafi...
21          Skoda  ...  https://www.autoscout24.be/fr/offres/skoda-sup...
22           Audi  ...  https://www.autoscout24.be/fr/offres/audi-tt-c...
23     Alfa Romeo  ...  https://www.autoscout24.be/fr/offres/alfa-rome...
24          Volvo  ...  https://www.autoscout24.be/fr/offres/volvo-v40...
25     Volkswagen  ...  https://www.autoscout24.be/fr/offres/volkswage...
26     Volkswagen  ...  https://www.autoscout24.be/fr/offres/volkswage...
27            Kia  ...  https://www.autoscout24.be/fr/offres/kia-venga...
28           Audi  ...  https://www.autoscout24.be/fr/offres/audi-q5-5...
29        Hyundai  ...  https://www.autoscout24.be/fr/offres/hyundai-k...
30            Kia  ...  https://www.autoscout24.be/fr/offres/kia-sport...
31        Hyundai  ...  https://www.autoscout24.be/fr/offres/hyundai-i...
32          Volvo  ...  https://www.autoscout24.be/fr/offres/volvo-v60...
33            BMW  ...  https://www.autoscout24.be/fr/offres/bmw-116-1...
34           Opel  ...  https://www.autoscout24.be/fr/offres/opel-adam...
35     Volkswagen  ...  https://www.autoscout24.be/fr/offres/volkswage...
36        Peugeot  ...  https://www.autoscout24.be/fr/offres/peugeot-3...
37        Peugeot  ...  https://www.autoscout24.be/fr/offres/peugeot-2...
38        Citroen  ...  https://www.autoscout24.be/fr/offres/citroen-c...
39        Peugeot  ...  https://www.autoscout24.be/fr/offres/peugeot-5...
40          Mazda  ...  https://www.autoscout24.be/fr/offres/mazda-2-1...
41      Chevrolet  ...  https://www.autoscout24.be/fr/offres/chevrolet...
42            BMW  ...  https://www.autoscout24.be/fr/offres/bmw-318-d...
43          Dacia  ...  https://www.autoscout24.be/fr/offres/dacia-san...
44        Peugeot  ...  https://www.autoscout24.be/fr/offres/peugeot-2...
45     Volkswagen  ...  https://www.autoscout24.be/fr/offres/volkswage...
46           Opel  ...  https://www.autoscout24.be/fr/offres/opel-insi...
47        Peugeot  ...  https://www.autoscout24.be/fr/offres/peugeot-p...
48        Citroen  ...  https://www.autoscout24.be/fr/offres/citroen-c...
49  Mercedes-Benz  ...  https://www.autoscout24.be/fr/offres/mercedes-...
50           Opel  ...  https://www.autoscout24.be/fr/offres/opel-insi...
51        Peugeot  ...  https://www.autoscout24.be/fr/offres/peugeot-2...
52          Skoda  ...  https://www.autoscout24.be/fr/offres/skoda-rap...
53          Mazda  ...  https://www.autoscout24.be/fr/offres/mazda-2-1...
54            BMW  ...  https://www.autoscout24.be/fr/offres/bmw-216-i...
55        Peugeot  ...  https://www.autoscout24.be/fr/offres/peugeot-3...

[56 rows x 14 columns]
[2025-02-09T22:09:17.543+0000] {taskinstance.py:340} INFO - ::group::Post task execution logs
[2025-02-09T22:09:17.544+0000] {taskinstance.py:352} INFO - Marking task as SUCCESS. dag_id=ETL, task_id=extract_data, run_id=manual__2025-02-09T22:09:10.018401+00:00, execution_date=20250209T220910, start_date=20250209T220916, end_date=20250209T220917
[2025-02-09T22:09:17.558+0000] {logging_mixin.py:190} INFO - Task instance in success state
[2025-02-09T22:09:17.559+0000] {logging_mixin.py:190} INFO -  Previous state of the Task instance: running
[2025-02-09T22:09:17.560+0000] {logging_mixin.py:190} INFO - Dag name:ETL queued_at:2025-02-09 22:09:10.055893+00:00
[2025-02-09T22:09:17.560+0000] {logging_mixin.py:190} INFO - Task hostname:b33347fa3e64 operator:PythonOperator
[2025-02-09T22:09:17.592+0000] {local_task_job_runner.py:261} INFO - Task exited with return code 0
[2025-02-09T22:09:17.631+0000] {taskinstance.py:3891} INFO - 1 downstream tasks scheduled from follow-on schedule check
[2025-02-09T22:09:17.634+0000] {local_task_job_runner.py:240} INFO - ::endgroup::
