[2025-01-31T20:48:03.195+0000] {local_task_job_runner.py:123} INFO - ::group::Pre task execution logs
[2025-01-31T20:48:03.213+0000] {taskinstance.py:2603} INFO - Dependencies all met for dep_context=non-requeueable deps ti=<TaskInstance: my_first_dag.hello_task manual__2025-01-31T20:47:59.635806+00:00 [queued]>
[2025-01-31T20:48:03.221+0000] {taskinstance.py:2603} INFO - Dependencies all met for dep_context=requeueable deps ti=<TaskInstance: my_first_dag.hello_task manual__2025-01-31T20:47:59.635806+00:00 [queued]>
[2025-01-31T20:48:03.222+0000] {taskinstance.py:2856} INFO - Starting attempt 1 of 2
[2025-01-31T20:48:03.235+0000] {taskinstance.py:2879} INFO - Executing <Task(PythonOperator): hello_task> on 2025-01-31 20:47:59.635806+00:00
[2025-01-31T20:48:03.242+0000] {warnings.py:112} WARNING - /home/***/.local/lib/python3.12/site-packages/***/task/task_runner/standard_task_runner.py:70: DeprecationWarning: This process (pid=198) is multi-threaded, use of fork() may lead to deadlocks in the child.
  pid = os.fork()

[2025-01-31T20:48:03.243+0000] {standard_task_runner.py:72} INFO - Started process 200 to run task
[2025-01-31T20:48:03.244+0000] {standard_task_runner.py:104} INFO - Running: ['***', 'tasks', 'run', 'my_first_dag', 'hello_task', 'manual__2025-01-31T20:47:59.635806+00:00', '--job-id', '7', '--raw', '--subdir', 'DAGS_FOLDER/test.py', '--cfg-path', '/tmp/tmp3cdhd34l']
[2025-01-31T20:48:03.244+0000] {standard_task_runner.py:105} INFO - Job 7: Subtask hello_task
[2025-01-31T20:48:03.296+0000] {task_command.py:467} INFO - Running <TaskInstance: my_first_dag.hello_task manual__2025-01-31T20:47:59.635806+00:00 [running]> on host 41a20b088d16
[2025-01-31T20:48:03.371+0000] {taskinstance.py:3122} INFO - Exporting env vars: AIRFLOW_CTX_DAG_OWNER='***' AIRFLOW_CTX_DAG_ID='my_first_dag' AIRFLOW_CTX_TASK_ID='hello_task' AIRFLOW_CTX_EXECUTION_DATE='2025-01-31T20:47:59.635806+00:00' AIRFLOW_CTX_TRY_NUMBER='1' AIRFLOW_CTX_DAG_RUN_ID='manual__2025-01-31T20:47:59.635806+00:00'
[2025-01-31T20:48:03.372+0000] {logging_mixin.py:190} INFO - Task instance is in running state
[2025-01-31T20:48:03.373+0000] {logging_mixin.py:190} INFO -  Previous state of the Task instance: queued
[2025-01-31T20:48:03.373+0000] {logging_mixin.py:190} INFO - Current task name:hello_task state:running start_date:2025-01-31 20:48:03.214239+00:00
[2025-01-31T20:48:03.374+0000] {logging_mixin.py:190} INFO - Dag name:my_first_dag and current dag run status:running
[2025-01-31T20:48:03.374+0000] {taskinstance.py:731} INFO - ::endgroup::
[2025-01-31T20:48:03.375+0000] {logging_mixin.py:190} INFO - Hello from Airflow!
[2025-01-31T20:48:03.376+0000] {python.py:240} INFO - Done. Returned value was: None
[2025-01-31T20:48:03.386+0000] {taskinstance.py:340} INFO - ::group::Post task execution logs
[2025-01-31T20:48:03.387+0000] {taskinstance.py:352} INFO - Marking task as SUCCESS. dag_id=my_first_dag, task_id=hello_task, run_id=manual__2025-01-31T20:47:59.635806+00:00, execution_date=20250131T204759, start_date=20250131T204803, end_date=20250131T204803
[2025-01-31T20:48:03.397+0000] {logging_mixin.py:190} INFO - Task instance in success state
[2025-01-31T20:48:03.397+0000] {logging_mixin.py:190} INFO -  Previous state of the Task instance: running
[2025-01-31T20:48:03.398+0000] {logging_mixin.py:190} INFO - Dag name:my_first_dag queued_at:2025-01-31 20:47:59.664459+00:00
[2025-01-31T20:48:03.398+0000] {logging_mixin.py:190} INFO - Task hostname:41a20b088d16 operator:PythonOperator
[2025-01-31T20:48:03.419+0000] {local_task_job_runner.py:261} INFO - Task exited with return code 0
[2025-01-31T20:48:03.435+0000] {taskinstance.py:3891} INFO - 0 downstream tasks scheduled from follow-on schedule check
[2025-01-31T20:48:03.439+0000] {local_task_job_runner.py:240} INFO - ::endgroup::
