[2025-01-31T20:49:56.277+0000] {local_task_job_runner.py:123} INFO - ::group::Pre task execution logs
[2025-01-31T20:49:56.293+0000] {taskinstance.py:2603} INFO - Dependencies all met for dep_context=non-requeueable deps ti=<TaskInstance: my_first_dag.hello_task manual__2025-01-31T20:49:54.820938+00:00 [queued]>
[2025-01-31T20:49:56.300+0000] {taskinstance.py:2603} INFO - Dependencies all met for dep_context=requeueable deps ti=<TaskInstance: my_first_dag.hello_task manual__2025-01-31T20:49:54.820938+00:00 [queued]>
[2025-01-31T20:49:56.301+0000] {taskinstance.py:2856} INFO - Starting attempt 1 of 2
[2025-01-31T20:49:56.316+0000] {taskinstance.py:2879} INFO - Executing <Task(PythonOperator): hello_task> on 2025-01-31 20:49:54.820938+00:00
[2025-01-31T20:49:56.324+0000] {warnings.py:112} WARNING - /home/***/.local/lib/python3.12/site-packages/***/task/task_runner/standard_task_runner.py:70: DeprecationWarning: This process (pid=223) is multi-threaded, use of fork() may lead to deadlocks in the child.
  pid = os.fork()

[2025-01-31T20:49:56.327+0000] {standard_task_runner.py:72} INFO - Started process 225 to run task
[2025-01-31T20:49:56.327+0000] {standard_task_runner.py:104} INFO - Running: ['***', 'tasks', 'run', 'my_first_dag', 'hello_task', 'manual__2025-01-31T20:49:54.820938+00:00', '--job-id', '8', '--raw', '--subdir', 'DAGS_FOLDER/test.py', '--cfg-path', '/tmp/tmpsh6ai1zl']
[2025-01-31T20:49:56.328+0000] {standard_task_runner.py:105} INFO - Job 8: Subtask hello_task
[2025-01-31T20:49:56.379+0000] {task_command.py:467} INFO - Running <TaskInstance: my_first_dag.hello_task manual__2025-01-31T20:49:54.820938+00:00 [running]> on host 41a20b088d16
[2025-01-31T20:49:56.462+0000] {taskinstance.py:3122} INFO - Exporting env vars: AIRFLOW_CTX_DAG_OWNER='***' AIRFLOW_CTX_DAG_ID='my_first_dag' AIRFLOW_CTX_TASK_ID='hello_task' AIRFLOW_CTX_EXECUTION_DATE='2025-01-31T20:49:54.820938+00:00' AIRFLOW_CTX_TRY_NUMBER='1' AIRFLOW_CTX_DAG_RUN_ID='manual__2025-01-31T20:49:54.820938+00:00'
[2025-01-31T20:49:56.464+0000] {logging_mixin.py:190} INFO - Task instance is in running state
[2025-01-31T20:49:56.464+0000] {logging_mixin.py:190} INFO -  Previous state of the Task instance: queued
[2025-01-31T20:49:56.465+0000] {logging_mixin.py:190} INFO - Current task name:hello_task state:running start_date:2025-01-31 20:49:56.294225+00:00
[2025-01-31T20:49:56.465+0000] {logging_mixin.py:190} INFO - Dag name:my_first_dag and current dag run status:running
[2025-01-31T20:49:56.465+0000] {taskinstance.py:731} INFO - ::endgroup::
[2025-01-31T20:49:56.466+0000] {logging_mixin.py:190} INFO - Hello from Airflow!
[2025-01-31T20:49:56.467+0000] {python.py:240} INFO - Done. Returned value was: None
[2025-01-31T20:49:56.476+0000] {taskinstance.py:340} INFO - ::group::Post task execution logs
[2025-01-31T20:49:56.476+0000] {taskinstance.py:352} INFO - Marking task as SUCCESS. dag_id=my_first_dag, task_id=hello_task, run_id=manual__2025-01-31T20:49:54.820938+00:00, execution_date=20250131T204954, start_date=20250131T204956, end_date=20250131T204956
[2025-01-31T20:49:56.487+0000] {logging_mixin.py:190} INFO - Task instance in success state
[2025-01-31T20:49:56.488+0000] {logging_mixin.py:190} INFO -  Previous state of the Task instance: running
[2025-01-31T20:49:56.488+0000] {logging_mixin.py:190} INFO - Dag name:my_first_dag queued_at:2025-01-31 20:49:54.831956+00:00
[2025-01-31T20:49:56.489+0000] {logging_mixin.py:190} INFO - Task hostname:41a20b088d16 operator:PythonOperator
[2025-01-31T20:49:56.502+0000] {local_task_job_runner.py:261} INFO - Task exited with return code 0
[2025-01-31T20:49:56.520+0000] {taskinstance.py:3891} INFO - 0 downstream tasks scheduled from follow-on schedule check
[2025-01-31T20:49:56.524+0000] {local_task_job_runner.py:240} INFO - ::endgroup::
